[2025-03-19T00:00:12.688+0000] {processor.py:186} INFO - Started process (PID=16832) to work on /home/airflow/.local/lib/python3.12/site-packages/airflow/example_dags/example_nested_branch_dag.py
[2025-03-19T00:00:12.688+0000] {processor.py:914} INFO - Processing file /home/airflow/.local/lib/python3.12/site-packages/airflow/example_dags/example_nested_branch_dag.py for tasks to queue
[2025-03-19T00:00:12.689+0000] {logging_mixin.py:190} INFO - [2025-03-19T00:00:12.689+0000] {dagbag.py:588} INFO - Filling up the DagBag from /home/airflow/.local/lib/python3.12/site-packages/airflow/example_dags/example_nested_branch_dag.py
[2025-03-19T00:00:12.694+0000] {processor.py:925} INFO - DAG(s) 'example_nested_branch_dag' retrieved from /home/airflow/.local/lib/python3.12/site-packages/airflow/example_dags/example_nested_branch_dag.py
[2025-03-19T00:00:12.703+0000] {logging_mixin.py:190} INFO - [2025-03-19T00:00:12.702+0000] {dag.py:3239} INFO - Sync 1 DAGs
[2025-03-19T00:00:12.711+0000] {logging_mixin.py:190} INFO - [2025-03-19T00:00:12.711+0000] {dag.py:4180} INFO - Setting next_dagrun for example_nested_branch_dag to 2025-03-18 00:00:00+00:00, run_after=2025-03-19 00:00:00+00:00
[2025-03-19T00:00:12.717+0000] {processor.py:208} INFO - Processing /home/airflow/.local/lib/python3.12/site-packages/airflow/example_dags/example_nested_branch_dag.py took 0.031 seconds
[2025-03-19T00:00:43.787+0000] {processor.py:186} INFO - Started process (PID=16894) to work on /home/airflow/.local/lib/python3.12/site-packages/airflow/example_dags/example_nested_branch_dag.py
[2025-03-19T00:00:43.788+0000] {processor.py:914} INFO - Processing file /home/airflow/.local/lib/python3.12/site-packages/airflow/example_dags/example_nested_branch_dag.py for tasks to queue
[2025-03-19T00:00:43.789+0000] {logging_mixin.py:190} INFO - [2025-03-19T00:00:43.789+0000] {dagbag.py:588} INFO - Filling up the DagBag from /home/airflow/.local/lib/python3.12/site-packages/airflow/example_dags/example_nested_branch_dag.py
[2025-03-19T00:00:43.795+0000] {processor.py:925} INFO - DAG(s) 'example_nested_branch_dag' retrieved from /home/airflow/.local/lib/python3.12/site-packages/airflow/example_dags/example_nested_branch_dag.py
[2025-03-19T00:00:43.804+0000] {logging_mixin.py:190} INFO - [2025-03-19T00:00:43.803+0000] {dag.py:3239} INFO - Sync 1 DAGs
[2025-03-19T00:00:43.817+0000] {logging_mixin.py:190} INFO - [2025-03-19T00:00:43.817+0000] {dag.py:4180} INFO - Setting next_dagrun for example_nested_branch_dag to 2025-03-18 00:00:00+00:00, run_after=2025-03-19 00:00:00+00:00
[2025-03-19T00:00:43.825+0000] {processor.py:208} INFO - Processing /home/airflow/.local/lib/python3.12/site-packages/airflow/example_dags/example_nested_branch_dag.py took 0.040 seconds
[2025-03-19T00:01:14.848+0000] {processor.py:186} INFO - Started process (PID=16957) to work on /home/airflow/.local/lib/python3.12/site-packages/airflow/example_dags/example_nested_branch_dag.py
[2025-03-19T00:01:14.848+0000] {processor.py:914} INFO - Processing file /home/airflow/.local/lib/python3.12/site-packages/airflow/example_dags/example_nested_branch_dag.py for tasks to queue
[2025-03-19T00:01:14.849+0000] {logging_mixin.py:190} INFO - [2025-03-19T00:01:14.849+0000] {dagbag.py:588} INFO - Filling up the DagBag from /home/airflow/.local/lib/python3.12/site-packages/airflow/example_dags/example_nested_branch_dag.py
[2025-03-19T00:01:14.854+0000] {processor.py:925} INFO - DAG(s) 'example_nested_branch_dag' retrieved from /home/airflow/.local/lib/python3.12/site-packages/airflow/example_dags/example_nested_branch_dag.py
[2025-03-19T00:01:14.861+0000] {logging_mixin.py:190} INFO - [2025-03-19T00:01:14.861+0000] {dag.py:3239} INFO - Sync 1 DAGs
[2025-03-19T00:01:14.869+0000] {logging_mixin.py:190} INFO - [2025-03-19T00:01:14.869+0000] {dag.py:4180} INFO - Setting next_dagrun for example_nested_branch_dag to 2025-03-18 00:00:00+00:00, run_after=2025-03-19 00:00:00+00:00
[2025-03-19T00:01:14.874+0000] {processor.py:208} INFO - Processing /home/airflow/.local/lib/python3.12/site-packages/airflow/example_dags/example_nested_branch_dag.py took 0.029 seconds
[2025-03-19T00:01:45.863+0000] {processor.py:186} INFO - Started process (PID=17020) to work on /home/airflow/.local/lib/python3.12/site-packages/airflow/example_dags/example_nested_branch_dag.py
[2025-03-19T00:01:45.863+0000] {processor.py:914} INFO - Processing file /home/airflow/.local/lib/python3.12/site-packages/airflow/example_dags/example_nested_branch_dag.py for tasks to queue
[2025-03-19T00:01:45.864+0000] {logging_mixin.py:190} INFO - [2025-03-19T00:01:45.864+0000] {dagbag.py:588} INFO - Filling up the DagBag from /home/airflow/.local/lib/python3.12/site-packages/airflow/example_dags/example_nested_branch_dag.py
[2025-03-19T00:01:45.871+0000] {processor.py:925} INFO - DAG(s) 'example_nested_branch_dag' retrieved from /home/airflow/.local/lib/python3.12/site-packages/airflow/example_dags/example_nested_branch_dag.py
[2025-03-19T00:01:45.880+0000] {logging_mixin.py:190} INFO - [2025-03-19T00:01:45.880+0000] {dag.py:3239} INFO - Sync 1 DAGs
[2025-03-19T00:01:45.888+0000] {logging_mixin.py:190} INFO - [2025-03-19T00:01:45.888+0000] {dag.py:4180} INFO - Setting next_dagrun for example_nested_branch_dag to 2025-03-18 00:00:00+00:00, run_after=2025-03-19 00:00:00+00:00
[2025-03-19T00:01:45.897+0000] {processor.py:208} INFO - Processing /home/airflow/.local/lib/python3.12/site-packages/airflow/example_dags/example_nested_branch_dag.py took 0.036 seconds
[2025-03-19T00:02:16.992+0000] {processor.py:186} INFO - Started process (PID=17083) to work on /home/airflow/.local/lib/python3.12/site-packages/airflow/example_dags/example_nested_branch_dag.py
[2025-03-19T00:02:16.993+0000] {processor.py:914} INFO - Processing file /home/airflow/.local/lib/python3.12/site-packages/airflow/example_dags/example_nested_branch_dag.py for tasks to queue
[2025-03-19T00:02:16.994+0000] {logging_mixin.py:190} INFO - [2025-03-19T00:02:16.994+0000] {dagbag.py:588} INFO - Filling up the DagBag from /home/airflow/.local/lib/python3.12/site-packages/airflow/example_dags/example_nested_branch_dag.py
[2025-03-19T00:02:17.001+0000] {processor.py:925} INFO - DAG(s) 'example_nested_branch_dag' retrieved from /home/airflow/.local/lib/python3.12/site-packages/airflow/example_dags/example_nested_branch_dag.py
[2025-03-19T00:02:17.016+0000] {logging_mixin.py:190} INFO - [2025-03-19T00:02:17.016+0000] {dag.py:3239} INFO - Sync 1 DAGs
[2025-03-19T00:02:17.028+0000] {logging_mixin.py:190} INFO - [2025-03-19T00:02:17.028+0000] {dag.py:4180} INFO - Setting next_dagrun for example_nested_branch_dag to 2025-03-18 00:00:00+00:00, run_after=2025-03-19 00:00:00+00:00
[2025-03-19T00:02:17.035+0000] {processor.py:208} INFO - Processing /home/airflow/.local/lib/python3.12/site-packages/airflow/example_dags/example_nested_branch_dag.py took 0.046 seconds
[2025-03-19T00:02:48.156+0000] {processor.py:186} INFO - Started process (PID=17146) to work on /home/airflow/.local/lib/python3.12/site-packages/airflow/example_dags/example_nested_branch_dag.py
[2025-03-19T00:02:48.156+0000] {processor.py:914} INFO - Processing file /home/airflow/.local/lib/python3.12/site-packages/airflow/example_dags/example_nested_branch_dag.py for tasks to queue
[2025-03-19T00:02:48.157+0000] {logging_mixin.py:190} INFO - [2025-03-19T00:02:48.157+0000] {dagbag.py:588} INFO - Filling up the DagBag from /home/airflow/.local/lib/python3.12/site-packages/airflow/example_dags/example_nested_branch_dag.py
[2025-03-19T00:02:48.162+0000] {processor.py:925} INFO - DAG(s) 'example_nested_branch_dag' retrieved from /home/airflow/.local/lib/python3.12/site-packages/airflow/example_dags/example_nested_branch_dag.py
[2025-03-19T00:02:48.174+0000] {logging_mixin.py:190} INFO - [2025-03-19T00:02:48.174+0000] {dag.py:3239} INFO - Sync 1 DAGs
[2025-03-19T00:02:48.182+0000] {logging_mixin.py:190} INFO - [2025-03-19T00:02:48.181+0000] {dag.py:4180} INFO - Setting next_dagrun for example_nested_branch_dag to 2025-03-18 00:00:00+00:00, run_after=2025-03-19 00:00:00+00:00
[2025-03-19T00:02:48.188+0000] {processor.py:208} INFO - Processing /home/airflow/.local/lib/python3.12/site-packages/airflow/example_dags/example_nested_branch_dag.py took 0.035 seconds
[2025-03-19T00:03:19.254+0000] {processor.py:186} INFO - Started process (PID=17209) to work on /home/airflow/.local/lib/python3.12/site-packages/airflow/example_dags/example_nested_branch_dag.py
[2025-03-19T00:03:19.256+0000] {processor.py:914} INFO - Processing file /home/airflow/.local/lib/python3.12/site-packages/airflow/example_dags/example_nested_branch_dag.py for tasks to queue
[2025-03-19T00:03:19.257+0000] {logging_mixin.py:190} INFO - [2025-03-19T00:03:19.257+0000] {dagbag.py:588} INFO - Filling up the DagBag from /home/airflow/.local/lib/python3.12/site-packages/airflow/example_dags/example_nested_branch_dag.py
[2025-03-19T00:03:19.261+0000] {processor.py:925} INFO - DAG(s) 'example_nested_branch_dag' retrieved from /home/airflow/.local/lib/python3.12/site-packages/airflow/example_dags/example_nested_branch_dag.py
[2025-03-19T00:03:19.269+0000] {logging_mixin.py:190} INFO - [2025-03-19T00:03:19.269+0000] {dag.py:3239} INFO - Sync 1 DAGs
[2025-03-19T00:03:19.277+0000] {logging_mixin.py:190} INFO - [2025-03-19T00:03:19.277+0000] {dag.py:4180} INFO - Setting next_dagrun for example_nested_branch_dag to 2025-03-18 00:00:00+00:00, run_after=2025-03-19 00:00:00+00:00
[2025-03-19T00:03:19.286+0000] {processor.py:208} INFO - Processing /home/airflow/.local/lib/python3.12/site-packages/airflow/example_dags/example_nested_branch_dag.py took 0.034 seconds
[2025-03-19T00:03:50.413+0000] {processor.py:186} INFO - Started process (PID=17272) to work on /home/airflow/.local/lib/python3.12/site-packages/airflow/example_dags/example_nested_branch_dag.py
[2025-03-19T00:03:50.414+0000] {processor.py:914} INFO - Processing file /home/airflow/.local/lib/python3.12/site-packages/airflow/example_dags/example_nested_branch_dag.py for tasks to queue
[2025-03-19T00:03:50.414+0000] {logging_mixin.py:190} INFO - [2025-03-19T00:03:50.414+0000] {dagbag.py:588} INFO - Filling up the DagBag from /home/airflow/.local/lib/python3.12/site-packages/airflow/example_dags/example_nested_branch_dag.py
[2025-03-19T00:03:50.419+0000] {processor.py:925} INFO - DAG(s) 'example_nested_branch_dag' retrieved from /home/airflow/.local/lib/python3.12/site-packages/airflow/example_dags/example_nested_branch_dag.py
[2025-03-19T00:03:50.431+0000] {logging_mixin.py:190} INFO - [2025-03-19T00:03:50.431+0000] {dag.py:3239} INFO - Sync 1 DAGs
[2025-03-19T00:03:50.439+0000] {logging_mixin.py:190} INFO - [2025-03-19T00:03:50.439+0000] {dag.py:4180} INFO - Setting next_dagrun for example_nested_branch_dag to 2025-03-18 00:00:00+00:00, run_after=2025-03-19 00:00:00+00:00
[2025-03-19T00:03:50.444+0000] {processor.py:208} INFO - Processing /home/airflow/.local/lib/python3.12/site-packages/airflow/example_dags/example_nested_branch_dag.py took 0.034 seconds
[2025-03-19T00:04:21.352+0000] {processor.py:186} INFO - Started process (PID=17335) to work on /home/airflow/.local/lib/python3.12/site-packages/airflow/example_dags/example_nested_branch_dag.py
[2025-03-19T00:04:21.353+0000] {processor.py:914} INFO - Processing file /home/airflow/.local/lib/python3.12/site-packages/airflow/example_dags/example_nested_branch_dag.py for tasks to queue
[2025-03-19T00:04:21.354+0000] {logging_mixin.py:190} INFO - [2025-03-19T00:04:21.354+0000] {dagbag.py:588} INFO - Filling up the DagBag from /home/airflow/.local/lib/python3.12/site-packages/airflow/example_dags/example_nested_branch_dag.py
[2025-03-19T00:04:21.360+0000] {processor.py:925} INFO - DAG(s) 'example_nested_branch_dag' retrieved from /home/airflow/.local/lib/python3.12/site-packages/airflow/example_dags/example_nested_branch_dag.py
[2025-03-19T00:04:21.372+0000] {logging_mixin.py:190} INFO - [2025-03-19T00:04:21.372+0000] {dag.py:3239} INFO - Sync 1 DAGs
[2025-03-19T00:04:21.380+0000] {logging_mixin.py:190} INFO - [2025-03-19T00:04:21.380+0000] {dag.py:4180} INFO - Setting next_dagrun for example_nested_branch_dag to 2025-03-18 00:00:00+00:00, run_after=2025-03-19 00:00:00+00:00
[2025-03-19T00:04:21.388+0000] {processor.py:208} INFO - Processing /home/airflow/.local/lib/python3.12/site-packages/airflow/example_dags/example_nested_branch_dag.py took 0.038 seconds
[2025-03-19T00:04:52.405+0000] {processor.py:186} INFO - Started process (PID=17398) to work on /home/airflow/.local/lib/python3.12/site-packages/airflow/example_dags/example_nested_branch_dag.py
[2025-03-19T00:04:52.408+0000] {processor.py:914} INFO - Processing file /home/airflow/.local/lib/python3.12/site-packages/airflow/example_dags/example_nested_branch_dag.py for tasks to queue
[2025-03-19T00:04:52.409+0000] {logging_mixin.py:190} INFO - [2025-03-19T00:04:52.408+0000] {dagbag.py:588} INFO - Filling up the DagBag from /home/airflow/.local/lib/python3.12/site-packages/airflow/example_dags/example_nested_branch_dag.py
[2025-03-19T00:04:52.413+0000] {processor.py:925} INFO - DAG(s) 'example_nested_branch_dag' retrieved from /home/airflow/.local/lib/python3.12/site-packages/airflow/example_dags/example_nested_branch_dag.py
[2025-03-19T00:04:52.421+0000] {logging_mixin.py:190} INFO - [2025-03-19T00:04:52.421+0000] {dag.py:3239} INFO - Sync 1 DAGs
[2025-03-19T00:04:52.429+0000] {logging_mixin.py:190} INFO - [2025-03-19T00:04:52.429+0000] {dag.py:4180} INFO - Setting next_dagrun for example_nested_branch_dag to 2025-03-18 00:00:00+00:00, run_after=2025-03-19 00:00:00+00:00
[2025-03-19T00:04:52.437+0000] {processor.py:208} INFO - Processing /home/airflow/.local/lib/python3.12/site-packages/airflow/example_dags/example_nested_branch_dag.py took 0.034 seconds
[2025-03-19T00:05:23.570+0000] {processor.py:186} INFO - Started process (PID=17461) to work on /home/airflow/.local/lib/python3.12/site-packages/airflow/example_dags/example_nested_branch_dag.py
[2025-03-19T00:05:23.571+0000] {processor.py:914} INFO - Processing file /home/airflow/.local/lib/python3.12/site-packages/airflow/example_dags/example_nested_branch_dag.py for tasks to queue
[2025-03-19T00:05:23.572+0000] {logging_mixin.py:190} INFO - [2025-03-19T00:05:23.571+0000] {dagbag.py:588} INFO - Filling up the DagBag from /home/airflow/.local/lib/python3.12/site-packages/airflow/example_dags/example_nested_branch_dag.py
[2025-03-19T00:05:23.577+0000] {processor.py:925} INFO - DAG(s) 'example_nested_branch_dag' retrieved from /home/airflow/.local/lib/python3.12/site-packages/airflow/example_dags/example_nested_branch_dag.py
[2025-03-19T00:05:23.588+0000] {logging_mixin.py:190} INFO - [2025-03-19T00:05:23.588+0000] {dag.py:3239} INFO - Sync 1 DAGs
[2025-03-19T00:05:23.597+0000] {logging_mixin.py:190} INFO - [2025-03-19T00:05:23.597+0000] {dag.py:4180} INFO - Setting next_dagrun for example_nested_branch_dag to 2025-03-18 00:00:00+00:00, run_after=2025-03-19 00:00:00+00:00
[2025-03-19T00:05:23.603+0000] {processor.py:208} INFO - Processing /home/airflow/.local/lib/python3.12/site-packages/airflow/example_dags/example_nested_branch_dag.py took 0.035 seconds
[2025-03-19T00:05:54.752+0000] {processor.py:186} INFO - Started process (PID=17524) to work on /home/airflow/.local/lib/python3.12/site-packages/airflow/example_dags/example_nested_branch_dag.py
[2025-03-19T00:05:54.752+0000] {processor.py:914} INFO - Processing file /home/airflow/.local/lib/python3.12/site-packages/airflow/example_dags/example_nested_branch_dag.py for tasks to queue
[2025-03-19T00:05:54.754+0000] {logging_mixin.py:190} INFO - [2025-03-19T00:05:54.754+0000] {dagbag.py:588} INFO - Filling up the DagBag from /home/airflow/.local/lib/python3.12/site-packages/airflow/example_dags/example_nested_branch_dag.py
[2025-03-19T00:05:54.770+0000] {processor.py:925} INFO - DAG(s) 'example_nested_branch_dag' retrieved from /home/airflow/.local/lib/python3.12/site-packages/airflow/example_dags/example_nested_branch_dag.py
[2025-03-19T00:05:54.779+0000] {logging_mixin.py:190} INFO - [2025-03-19T00:05:54.779+0000] {dag.py:3239} INFO - Sync 1 DAGs
[2025-03-19T00:05:54.788+0000] {logging_mixin.py:190} INFO - [2025-03-19T00:05:54.788+0000] {dag.py:4180} INFO - Setting next_dagrun for example_nested_branch_dag to 2025-03-18 00:00:00+00:00, run_after=2025-03-19 00:00:00+00:00
[2025-03-19T00:05:54.793+0000] {processor.py:208} INFO - Processing /home/airflow/.local/lib/python3.12/site-packages/airflow/example_dags/example_nested_branch_dag.py took 0.045 seconds
[2025-03-19T00:06:25.915+0000] {processor.py:186} INFO - Started process (PID=17587) to work on /home/airflow/.local/lib/python3.12/site-packages/airflow/example_dags/example_nested_branch_dag.py
[2025-03-19T00:06:25.916+0000] {processor.py:914} INFO - Processing file /home/airflow/.local/lib/python3.12/site-packages/airflow/example_dags/example_nested_branch_dag.py for tasks to queue
[2025-03-19T00:06:25.917+0000] {logging_mixin.py:190} INFO - [2025-03-19T00:06:25.917+0000] {dagbag.py:588} INFO - Filling up the DagBag from /home/airflow/.local/lib/python3.12/site-packages/airflow/example_dags/example_nested_branch_dag.py
[2025-03-19T00:06:25.921+0000] {processor.py:925} INFO - DAG(s) 'example_nested_branch_dag' retrieved from /home/airflow/.local/lib/python3.12/site-packages/airflow/example_dags/example_nested_branch_dag.py
[2025-03-19T00:06:25.929+0000] {logging_mixin.py:190} INFO - [2025-03-19T00:06:25.929+0000] {dag.py:3239} INFO - Sync 1 DAGs
[2025-03-19T00:06:25.937+0000] {logging_mixin.py:190} INFO - [2025-03-19T00:06:25.937+0000] {dag.py:4180} INFO - Setting next_dagrun for example_nested_branch_dag to 2025-03-18 00:00:00+00:00, run_after=2025-03-19 00:00:00+00:00
[2025-03-19T00:06:25.946+0000] {processor.py:208} INFO - Processing /home/airflow/.local/lib/python3.12/site-packages/airflow/example_dags/example_nested_branch_dag.py took 0.033 seconds
[2025-03-19T00:06:56.996+0000] {processor.py:186} INFO - Started process (PID=17650) to work on /home/airflow/.local/lib/python3.12/site-packages/airflow/example_dags/example_nested_branch_dag.py
[2025-03-19T00:06:56.997+0000] {processor.py:914} INFO - Processing file /home/airflow/.local/lib/python3.12/site-packages/airflow/example_dags/example_nested_branch_dag.py for tasks to queue
[2025-03-19T00:06:56.999+0000] {logging_mixin.py:190} INFO - [2025-03-19T00:06:56.999+0000] {dagbag.py:588} INFO - Filling up the DagBag from /home/airflow/.local/lib/python3.12/site-packages/airflow/example_dags/example_nested_branch_dag.py
[2025-03-19T00:06:57.003+0000] {processor.py:925} INFO - DAG(s) 'example_nested_branch_dag' retrieved from /home/airflow/.local/lib/python3.12/site-packages/airflow/example_dags/example_nested_branch_dag.py
[2025-03-19T00:06:57.014+0000] {logging_mixin.py:190} INFO - [2025-03-19T00:06:57.014+0000] {dag.py:3239} INFO - Sync 1 DAGs
[2025-03-19T00:06:57.024+0000] {logging_mixin.py:190} INFO - [2025-03-19T00:06:57.024+0000] {dag.py:4180} INFO - Setting next_dagrun for example_nested_branch_dag to 2025-03-18 00:00:00+00:00, run_after=2025-03-19 00:00:00+00:00
[2025-03-19T00:06:57.033+0000] {processor.py:208} INFO - Processing /home/airflow/.local/lib/python3.12/site-packages/airflow/example_dags/example_nested_branch_dag.py took 0.040 seconds
[2025-03-19T00:07:28.269+0000] {processor.py:186} INFO - Started process (PID=17713) to work on /home/airflow/.local/lib/python3.12/site-packages/airflow/example_dags/example_nested_branch_dag.py
[2025-03-19T00:07:28.269+0000] {processor.py:914} INFO - Processing file /home/airflow/.local/lib/python3.12/site-packages/airflow/example_dags/example_nested_branch_dag.py for tasks to queue
[2025-03-19T00:07:28.270+0000] {logging_mixin.py:190} INFO - [2025-03-19T00:07:28.270+0000] {dagbag.py:588} INFO - Filling up the DagBag from /home/airflow/.local/lib/python3.12/site-packages/airflow/example_dags/example_nested_branch_dag.py
[2025-03-19T00:07:28.276+0000] {processor.py:925} INFO - DAG(s) 'example_nested_branch_dag' retrieved from /home/airflow/.local/lib/python3.12/site-packages/airflow/example_dags/example_nested_branch_dag.py
[2025-03-19T00:07:28.283+0000] {logging_mixin.py:190} INFO - [2025-03-19T00:07:28.283+0000] {dag.py:3239} INFO - Sync 1 DAGs
[2025-03-19T00:07:28.293+0000] {logging_mixin.py:190} INFO - [2025-03-19T00:07:28.293+0000] {dag.py:4180} INFO - Setting next_dagrun for example_nested_branch_dag to 2025-03-18 00:00:00+00:00, run_after=2025-03-19 00:00:00+00:00
[2025-03-19T00:07:28.299+0000] {processor.py:208} INFO - Processing /home/airflow/.local/lib/python3.12/site-packages/airflow/example_dags/example_nested_branch_dag.py took 0.033 seconds
[2025-03-19T00:07:59.549+0000] {processor.py:186} INFO - Started process (PID=17776) to work on /home/airflow/.local/lib/python3.12/site-packages/airflow/example_dags/example_nested_branch_dag.py
[2025-03-19T00:07:59.551+0000] {processor.py:914} INFO - Processing file /home/airflow/.local/lib/python3.12/site-packages/airflow/example_dags/example_nested_branch_dag.py for tasks to queue
[2025-03-19T00:07:59.553+0000] {logging_mixin.py:190} INFO - [2025-03-19T00:07:59.553+0000] {dagbag.py:588} INFO - Filling up the DagBag from /home/airflow/.local/lib/python3.12/site-packages/airflow/example_dags/example_nested_branch_dag.py
[2025-03-19T00:07:59.558+0000] {processor.py:925} INFO - DAG(s) 'example_nested_branch_dag' retrieved from /home/airflow/.local/lib/python3.12/site-packages/airflow/example_dags/example_nested_branch_dag.py
[2025-03-19T00:07:59.569+0000] {logging_mixin.py:190} INFO - [2025-03-19T00:07:59.569+0000] {dag.py:3239} INFO - Sync 1 DAGs
[2025-03-19T00:07:59.579+0000] {logging_mixin.py:190} INFO - [2025-03-19T00:07:59.579+0000] {dag.py:4180} INFO - Setting next_dagrun for example_nested_branch_dag to 2025-03-18 00:00:00+00:00, run_after=2025-03-19 00:00:00+00:00
[2025-03-19T00:07:59.585+0000] {processor.py:208} INFO - Processing /home/airflow/.local/lib/python3.12/site-packages/airflow/example_dags/example_nested_branch_dag.py took 0.038 seconds
