[2025-03-19T00:00:12.980+0000] {processor.py:186} INFO - Started process (PID=16841) to work on /home/airflow/.local/lib/python3.12/site-packages/airflow/example_dags/example_latest_only_with_trigger.py
[2025-03-19T00:00:12.980+0000] {processor.py:914} INFO - Processing file /home/airflow/.local/lib/python3.12/site-packages/airflow/example_dags/example_latest_only_with_trigger.py for tasks to queue
[2025-03-19T00:00:12.981+0000] {logging_mixin.py:190} INFO - [2025-03-19T00:00:12.981+0000] {dagbag.py:588} INFO - Filling up the DagBag from /home/airflow/.local/lib/python3.12/site-packages/airflow/example_dags/example_latest_only_with_trigger.py
[2025-03-19T00:00:12.984+0000] {processor.py:925} INFO - DAG(s) 'latest_only_with_trigger' retrieved from /home/airflow/.local/lib/python3.12/site-packages/airflow/example_dags/example_latest_only_with_trigger.py
[2025-03-19T00:00:12.993+0000] {logging_mixin.py:190} INFO - [2025-03-19T00:00:12.993+0000] {dag.py:3239} INFO - Sync 1 DAGs
[2025-03-19T00:00:13.001+0000] {logging_mixin.py:190} INFO - [2025-03-19T00:00:13.001+0000] {dag.py:4180} INFO - Setting next_dagrun for latest_only_with_trigger to 2025-03-18 20:00:00+00:00, run_after=2025-03-19 00:00:00+00:00
[2025-03-19T00:00:13.011+0000] {processor.py:208} INFO - Processing /home/airflow/.local/lib/python3.12/site-packages/airflow/example_dags/example_latest_only_with_trigger.py took 0.034 seconds
[2025-03-19T00:00:44.105+0000] {processor.py:186} INFO - Started process (PID=16904) to work on /home/airflow/.local/lib/python3.12/site-packages/airflow/example_dags/example_latest_only_with_trigger.py
[2025-03-19T00:00:44.106+0000] {processor.py:914} INFO - Processing file /home/airflow/.local/lib/python3.12/site-packages/airflow/example_dags/example_latest_only_with_trigger.py for tasks to queue
[2025-03-19T00:00:44.107+0000] {logging_mixin.py:190} INFO - [2025-03-19T00:00:44.107+0000] {dagbag.py:588} INFO - Filling up the DagBag from /home/airflow/.local/lib/python3.12/site-packages/airflow/example_dags/example_latest_only_with_trigger.py
[2025-03-19T00:00:44.111+0000] {processor.py:925} INFO - DAG(s) 'latest_only_with_trigger' retrieved from /home/airflow/.local/lib/python3.12/site-packages/airflow/example_dags/example_latest_only_with_trigger.py
[2025-03-19T00:00:44.122+0000] {logging_mixin.py:190} INFO - [2025-03-19T00:00:44.122+0000] {dag.py:3239} INFO - Sync 1 DAGs
[2025-03-19T00:00:44.130+0000] {logging_mixin.py:190} INFO - [2025-03-19T00:00:44.130+0000] {dag.py:4180} INFO - Setting next_dagrun for latest_only_with_trigger to 2025-03-18 20:00:00+00:00, run_after=2025-03-19 00:00:00+00:00
[2025-03-19T00:00:44.136+0000] {processor.py:208} INFO - Processing /home/airflow/.local/lib/python3.12/site-packages/airflow/example_dags/example_latest_only_with_trigger.py took 0.034 seconds
[2025-03-19T00:01:15.154+0000] {processor.py:186} INFO - Started process (PID=16967) to work on /home/airflow/.local/lib/python3.12/site-packages/airflow/example_dags/example_latest_only_with_trigger.py
[2025-03-19T00:01:15.155+0000] {processor.py:914} INFO - Processing file /home/airflow/.local/lib/python3.12/site-packages/airflow/example_dags/example_latest_only_with_trigger.py for tasks to queue
[2025-03-19T00:01:15.156+0000] {logging_mixin.py:190} INFO - [2025-03-19T00:01:15.155+0000] {dagbag.py:588} INFO - Filling up the DagBag from /home/airflow/.local/lib/python3.12/site-packages/airflow/example_dags/example_latest_only_with_trigger.py
[2025-03-19T00:01:15.159+0000] {processor.py:925} INFO - DAG(s) 'latest_only_with_trigger' retrieved from /home/airflow/.local/lib/python3.12/site-packages/airflow/example_dags/example_latest_only_with_trigger.py
[2025-03-19T00:01:15.166+0000] {logging_mixin.py:190} INFO - [2025-03-19T00:01:15.166+0000] {dag.py:3239} INFO - Sync 1 DAGs
[2025-03-19T00:01:15.176+0000] {logging_mixin.py:190} INFO - [2025-03-19T00:01:15.175+0000] {dag.py:4180} INFO - Setting next_dagrun for latest_only_with_trigger to 2025-03-18 20:00:00+00:00, run_after=2025-03-19 00:00:00+00:00
[2025-03-19T00:01:15.183+0000] {processor.py:208} INFO - Processing /home/airflow/.local/lib/python3.12/site-packages/airflow/example_dags/example_latest_only_with_trigger.py took 0.031 seconds
[2025-03-19T00:01:46.173+0000] {processor.py:186} INFO - Started process (PID=17030) to work on /home/airflow/.local/lib/python3.12/site-packages/airflow/example_dags/example_latest_only_with_trigger.py
[2025-03-19T00:01:46.173+0000] {processor.py:914} INFO - Processing file /home/airflow/.local/lib/python3.12/site-packages/airflow/example_dags/example_latest_only_with_trigger.py for tasks to queue
[2025-03-19T00:01:46.174+0000] {logging_mixin.py:190} INFO - [2025-03-19T00:01:46.174+0000] {dagbag.py:588} INFO - Filling up the DagBag from /home/airflow/.local/lib/python3.12/site-packages/airflow/example_dags/example_latest_only_with_trigger.py
[2025-03-19T00:01:46.177+0000] {processor.py:925} INFO - DAG(s) 'latest_only_with_trigger' retrieved from /home/airflow/.local/lib/python3.12/site-packages/airflow/example_dags/example_latest_only_with_trigger.py
[2025-03-19T00:01:46.184+0000] {logging_mixin.py:190} INFO - [2025-03-19T00:01:46.184+0000] {dag.py:3239} INFO - Sync 1 DAGs
[2025-03-19T00:01:46.192+0000] {logging_mixin.py:190} INFO - [2025-03-19T00:01:46.192+0000] {dag.py:4180} INFO - Setting next_dagrun for latest_only_with_trigger to 2025-03-18 20:00:00+00:00, run_after=2025-03-19 00:00:00+00:00
[2025-03-19T00:01:46.197+0000] {processor.py:208} INFO - Processing /home/airflow/.local/lib/python3.12/site-packages/airflow/example_dags/example_latest_only_with_trigger.py took 0.026 seconds
[2025-03-19T00:02:17.329+0000] {processor.py:186} INFO - Started process (PID=17093) to work on /home/airflow/.local/lib/python3.12/site-packages/airflow/example_dags/example_latest_only_with_trigger.py
[2025-03-19T00:02:17.329+0000] {processor.py:914} INFO - Processing file /home/airflow/.local/lib/python3.12/site-packages/airflow/example_dags/example_latest_only_with_trigger.py for tasks to queue
[2025-03-19T00:02:17.331+0000] {logging_mixin.py:190} INFO - [2025-03-19T00:02:17.331+0000] {dagbag.py:588} INFO - Filling up the DagBag from /home/airflow/.local/lib/python3.12/site-packages/airflow/example_dags/example_latest_only_with_trigger.py
[2025-03-19T00:02:17.335+0000] {processor.py:925} INFO - DAG(s) 'latest_only_with_trigger' retrieved from /home/airflow/.local/lib/python3.12/site-packages/airflow/example_dags/example_latest_only_with_trigger.py
[2025-03-19T00:02:17.345+0000] {logging_mixin.py:190} INFO - [2025-03-19T00:02:17.345+0000] {dag.py:3239} INFO - Sync 1 DAGs
[2025-03-19T00:02:17.354+0000] {logging_mixin.py:190} INFO - [2025-03-19T00:02:17.354+0000] {dag.py:4180} INFO - Setting next_dagrun for latest_only_with_trigger to 2025-03-18 20:00:00+00:00, run_after=2025-03-19 00:00:00+00:00
[2025-03-19T00:02:17.365+0000] {processor.py:208} INFO - Processing /home/airflow/.local/lib/python3.12/site-packages/airflow/example_dags/example_latest_only_with_trigger.py took 0.039 seconds
[2025-03-19T00:02:48.487+0000] {processor.py:186} INFO - Started process (PID=17156) to work on /home/airflow/.local/lib/python3.12/site-packages/airflow/example_dags/example_latest_only_with_trigger.py
[2025-03-19T00:02:48.487+0000] {processor.py:914} INFO - Processing file /home/airflow/.local/lib/python3.12/site-packages/airflow/example_dags/example_latest_only_with_trigger.py for tasks to queue
[2025-03-19T00:02:48.488+0000] {logging_mixin.py:190} INFO - [2025-03-19T00:02:48.488+0000] {dagbag.py:588} INFO - Filling up the DagBag from /home/airflow/.local/lib/python3.12/site-packages/airflow/example_dags/example_latest_only_with_trigger.py
[2025-03-19T00:02:48.492+0000] {processor.py:925} INFO - DAG(s) 'latest_only_with_trigger' retrieved from /home/airflow/.local/lib/python3.12/site-packages/airflow/example_dags/example_latest_only_with_trigger.py
[2025-03-19T00:02:48.502+0000] {logging_mixin.py:190} INFO - [2025-03-19T00:02:48.502+0000] {dag.py:3239} INFO - Sync 1 DAGs
[2025-03-19T00:02:48.513+0000] {logging_mixin.py:190} INFO - [2025-03-19T00:02:48.513+0000] {dag.py:4180} INFO - Setting next_dagrun for latest_only_with_trigger to 2025-03-18 20:00:00+00:00, run_after=2025-03-19 00:00:00+00:00
[2025-03-19T00:02:48.521+0000] {processor.py:208} INFO - Processing /home/airflow/.local/lib/python3.12/site-packages/airflow/example_dags/example_latest_only_with_trigger.py took 0.036 seconds
[2025-03-19T00:03:19.622+0000] {processor.py:186} INFO - Started process (PID=17219) to work on /home/airflow/.local/lib/python3.12/site-packages/airflow/example_dags/example_latest_only_with_trigger.py
[2025-03-19T00:03:19.623+0000] {processor.py:914} INFO - Processing file /home/airflow/.local/lib/python3.12/site-packages/airflow/example_dags/example_latest_only_with_trigger.py for tasks to queue
[2025-03-19T00:03:19.623+0000] {logging_mixin.py:190} INFO - [2025-03-19T00:03:19.623+0000] {dagbag.py:588} INFO - Filling up the DagBag from /home/airflow/.local/lib/python3.12/site-packages/airflow/example_dags/example_latest_only_with_trigger.py
[2025-03-19T00:03:19.626+0000] {processor.py:925} INFO - DAG(s) 'latest_only_with_trigger' retrieved from /home/airflow/.local/lib/python3.12/site-packages/airflow/example_dags/example_latest_only_with_trigger.py
[2025-03-19T00:03:19.634+0000] {logging_mixin.py:190} INFO - [2025-03-19T00:03:19.634+0000] {dag.py:3239} INFO - Sync 1 DAGs
[2025-03-19T00:03:19.641+0000] {logging_mixin.py:190} INFO - [2025-03-19T00:03:19.641+0000] {dag.py:4180} INFO - Setting next_dagrun for latest_only_with_trigger to 2025-03-18 20:00:00+00:00, run_after=2025-03-19 00:00:00+00:00
[2025-03-19T00:03:19.647+0000] {processor.py:208} INFO - Processing /home/airflow/.local/lib/python3.12/site-packages/airflow/example_dags/example_latest_only_with_trigger.py took 0.027 seconds
[2025-03-19T00:03:50.691+0000] {processor.py:186} INFO - Started process (PID=17282) to work on /home/airflow/.local/lib/python3.12/site-packages/airflow/example_dags/example_latest_only_with_trigger.py
[2025-03-19T00:03:50.691+0000] {processor.py:914} INFO - Processing file /home/airflow/.local/lib/python3.12/site-packages/airflow/example_dags/example_latest_only_with_trigger.py for tasks to queue
[2025-03-19T00:03:50.692+0000] {logging_mixin.py:190} INFO - [2025-03-19T00:03:50.692+0000] {dagbag.py:588} INFO - Filling up the DagBag from /home/airflow/.local/lib/python3.12/site-packages/airflow/example_dags/example_latest_only_with_trigger.py
[2025-03-19T00:03:50.695+0000] {processor.py:925} INFO - DAG(s) 'latest_only_with_trigger' retrieved from /home/airflow/.local/lib/python3.12/site-packages/airflow/example_dags/example_latest_only_with_trigger.py
[2025-03-19T00:03:50.708+0000] {logging_mixin.py:190} INFO - [2025-03-19T00:03:50.708+0000] {dag.py:3239} INFO - Sync 1 DAGs
[2025-03-19T00:03:50.716+0000] {logging_mixin.py:190} INFO - [2025-03-19T00:03:50.716+0000] {dag.py:4180} INFO - Setting next_dagrun for latest_only_with_trigger to 2025-03-18 20:00:00+00:00, run_after=2025-03-19 00:00:00+00:00
[2025-03-19T00:03:50.722+0000] {processor.py:208} INFO - Processing /home/airflow/.local/lib/python3.12/site-packages/airflow/example_dags/example_latest_only_with_trigger.py took 0.033 seconds
[2025-03-19T00:04:21.691+0000] {processor.py:186} INFO - Started process (PID=17345) to work on /home/airflow/.local/lib/python3.12/site-packages/airflow/example_dags/example_latest_only_with_trigger.py
[2025-03-19T00:04:21.691+0000] {processor.py:914} INFO - Processing file /home/airflow/.local/lib/python3.12/site-packages/airflow/example_dags/example_latest_only_with_trigger.py for tasks to queue
[2025-03-19T00:04:21.692+0000] {logging_mixin.py:190} INFO - [2025-03-19T00:04:21.692+0000] {dagbag.py:588} INFO - Filling up the DagBag from /home/airflow/.local/lib/python3.12/site-packages/airflow/example_dags/example_latest_only_with_trigger.py
[2025-03-19T00:04:21.696+0000] {processor.py:925} INFO - DAG(s) 'latest_only_with_trigger' retrieved from /home/airflow/.local/lib/python3.12/site-packages/airflow/example_dags/example_latest_only_with_trigger.py
[2025-03-19T00:04:21.707+0000] {logging_mixin.py:190} INFO - [2025-03-19T00:04:21.707+0000] {dag.py:3239} INFO - Sync 1 DAGs
[2025-03-19T00:04:21.715+0000] {logging_mixin.py:190} INFO - [2025-03-19T00:04:21.715+0000] {dag.py:4180} INFO - Setting next_dagrun for latest_only_with_trigger to 2025-03-18 20:00:00+00:00, run_after=2025-03-19 00:00:00+00:00
[2025-03-19T00:04:21.727+0000] {processor.py:208} INFO - Processing /home/airflow/.local/lib/python3.12/site-packages/airflow/example_dags/example_latest_only_with_trigger.py took 0.039 seconds
[2025-03-19T00:04:52.725+0000] {processor.py:186} INFO - Started process (PID=17408) to work on /home/airflow/.local/lib/python3.12/site-packages/airflow/example_dags/example_latest_only_with_trigger.py
[2025-03-19T00:04:52.727+0000] {processor.py:914} INFO - Processing file /home/airflow/.local/lib/python3.12/site-packages/airflow/example_dags/example_latest_only_with_trigger.py for tasks to queue
[2025-03-19T00:04:52.728+0000] {logging_mixin.py:190} INFO - [2025-03-19T00:04:52.728+0000] {dagbag.py:588} INFO - Filling up the DagBag from /home/airflow/.local/lib/python3.12/site-packages/airflow/example_dags/example_latest_only_with_trigger.py
[2025-03-19T00:04:52.731+0000] {processor.py:925} INFO - DAG(s) 'latest_only_with_trigger' retrieved from /home/airflow/.local/lib/python3.12/site-packages/airflow/example_dags/example_latest_only_with_trigger.py
[2025-03-19T00:04:52.739+0000] {logging_mixin.py:190} INFO - [2025-03-19T00:04:52.739+0000] {dag.py:3239} INFO - Sync 1 DAGs
[2025-03-19T00:04:52.747+0000] {logging_mixin.py:190} INFO - [2025-03-19T00:04:52.747+0000] {dag.py:4180} INFO - Setting next_dagrun for latest_only_with_trigger to 2025-03-18 20:00:00+00:00, run_after=2025-03-19 00:00:00+00:00
[2025-03-19T00:04:52.753+0000] {processor.py:208} INFO - Processing /home/airflow/.local/lib/python3.12/site-packages/airflow/example_dags/example_latest_only_with_trigger.py took 0.031 seconds
[2025-03-19T00:05:23.890+0000] {processor.py:186} INFO - Started process (PID=17471) to work on /home/airflow/.local/lib/python3.12/site-packages/airflow/example_dags/example_latest_only_with_trigger.py
[2025-03-19T00:05:23.891+0000] {processor.py:914} INFO - Processing file /home/airflow/.local/lib/python3.12/site-packages/airflow/example_dags/example_latest_only_with_trigger.py for tasks to queue
[2025-03-19T00:05:23.892+0000] {logging_mixin.py:190} INFO - [2025-03-19T00:05:23.892+0000] {dagbag.py:588} INFO - Filling up the DagBag from /home/airflow/.local/lib/python3.12/site-packages/airflow/example_dags/example_latest_only_with_trigger.py
[2025-03-19T00:05:23.896+0000] {processor.py:925} INFO - DAG(s) 'latest_only_with_trigger' retrieved from /home/airflow/.local/lib/python3.12/site-packages/airflow/example_dags/example_latest_only_with_trigger.py
[2025-03-19T00:05:23.904+0000] {logging_mixin.py:190} INFO - [2025-03-19T00:05:23.904+0000] {dag.py:3239} INFO - Sync 1 DAGs
[2025-03-19T00:05:23.912+0000] {logging_mixin.py:190} INFO - [2025-03-19T00:05:23.912+0000] {dag.py:4180} INFO - Setting next_dagrun for latest_only_with_trigger to 2025-03-18 20:00:00+00:00, run_after=2025-03-19 00:00:00+00:00
[2025-03-19T00:05:23.920+0000] {processor.py:208} INFO - Processing /home/airflow/.local/lib/python3.12/site-packages/airflow/example_dags/example_latest_only_with_trigger.py took 0.032 seconds
[2025-03-19T00:05:55.077+0000] {processor.py:186} INFO - Started process (PID=17534) to work on /home/airflow/.local/lib/python3.12/site-packages/airflow/example_dags/example_latest_only_with_trigger.py
[2025-03-19T00:05:55.078+0000] {processor.py:914} INFO - Processing file /home/airflow/.local/lib/python3.12/site-packages/airflow/example_dags/example_latest_only_with_trigger.py for tasks to queue
[2025-03-19T00:05:55.079+0000] {logging_mixin.py:190} INFO - [2025-03-19T00:05:55.079+0000] {dagbag.py:588} INFO - Filling up the DagBag from /home/airflow/.local/lib/python3.12/site-packages/airflow/example_dags/example_latest_only_with_trigger.py
[2025-03-19T00:05:55.083+0000] {processor.py:925} INFO - DAG(s) 'latest_only_with_trigger' retrieved from /home/airflow/.local/lib/python3.12/site-packages/airflow/example_dags/example_latest_only_with_trigger.py
[2025-03-19T00:05:55.093+0000] {logging_mixin.py:190} INFO - [2025-03-19T00:05:55.093+0000] {dag.py:3239} INFO - Sync 1 DAGs
[2025-03-19T00:05:55.103+0000] {logging_mixin.py:190} INFO - [2025-03-19T00:05:55.103+0000] {dag.py:4180} INFO - Setting next_dagrun for latest_only_with_trigger to 2025-03-18 20:00:00+00:00, run_after=2025-03-19 00:00:00+00:00
[2025-03-19T00:05:55.111+0000] {processor.py:208} INFO - Processing /home/airflow/.local/lib/python3.12/site-packages/airflow/example_dags/example_latest_only_with_trigger.py took 0.036 seconds
[2025-03-19T00:06:26.209+0000] {processor.py:186} INFO - Started process (PID=17597) to work on /home/airflow/.local/lib/python3.12/site-packages/airflow/example_dags/example_latest_only_with_trigger.py
[2025-03-19T00:06:26.209+0000] {processor.py:914} INFO - Processing file /home/airflow/.local/lib/python3.12/site-packages/airflow/example_dags/example_latest_only_with_trigger.py for tasks to queue
[2025-03-19T00:06:26.210+0000] {logging_mixin.py:190} INFO - [2025-03-19T00:06:26.210+0000] {dagbag.py:588} INFO - Filling up the DagBag from /home/airflow/.local/lib/python3.12/site-packages/airflow/example_dags/example_latest_only_with_trigger.py
[2025-03-19T00:06:26.213+0000] {processor.py:925} INFO - DAG(s) 'latest_only_with_trigger' retrieved from /home/airflow/.local/lib/python3.12/site-packages/airflow/example_dags/example_latest_only_with_trigger.py
[2025-03-19T00:06:26.221+0000] {logging_mixin.py:190} INFO - [2025-03-19T00:06:26.221+0000] {dag.py:3239} INFO - Sync 1 DAGs
[2025-03-19T00:06:26.228+0000] {logging_mixin.py:190} INFO - [2025-03-19T00:06:26.228+0000] {dag.py:4180} INFO - Setting next_dagrun for latest_only_with_trigger to 2025-03-18 20:00:00+00:00, run_after=2025-03-19 00:00:00+00:00
[2025-03-19T00:06:26.234+0000] {processor.py:208} INFO - Processing /home/airflow/.local/lib/python3.12/site-packages/airflow/example_dags/example_latest_only_with_trigger.py took 0.028 seconds
[2025-03-19T00:06:57.343+0000] {processor.py:186} INFO - Started process (PID=17660) to work on /home/airflow/.local/lib/python3.12/site-packages/airflow/example_dags/example_latest_only_with_trigger.py
[2025-03-19T00:06:57.343+0000] {processor.py:914} INFO - Processing file /home/airflow/.local/lib/python3.12/site-packages/airflow/example_dags/example_latest_only_with_trigger.py for tasks to queue
[2025-03-19T00:06:57.344+0000] {logging_mixin.py:190} INFO - [2025-03-19T00:06:57.344+0000] {dagbag.py:588} INFO - Filling up the DagBag from /home/airflow/.local/lib/python3.12/site-packages/airflow/example_dags/example_latest_only_with_trigger.py
[2025-03-19T00:06:57.350+0000] {processor.py:925} INFO - DAG(s) 'latest_only_with_trigger' retrieved from /home/airflow/.local/lib/python3.12/site-packages/airflow/example_dags/example_latest_only_with_trigger.py
[2025-03-19T00:06:57.358+0000] {logging_mixin.py:190} INFO - [2025-03-19T00:06:57.358+0000] {dag.py:3239} INFO - Sync 1 DAGs
[2025-03-19T00:06:57.366+0000] {logging_mixin.py:190} INFO - [2025-03-19T00:06:57.366+0000] {dag.py:4180} INFO - Setting next_dagrun for latest_only_with_trigger to 2025-03-18 20:00:00+00:00, run_after=2025-03-19 00:00:00+00:00
[2025-03-19T00:06:57.372+0000] {processor.py:208} INFO - Processing /home/airflow/.local/lib/python3.12/site-packages/airflow/example_dags/example_latest_only_with_trigger.py took 0.031 seconds
[2025-03-19T00:07:28.556+0000] {processor.py:186} INFO - Started process (PID=17723) to work on /home/airflow/.local/lib/python3.12/site-packages/airflow/example_dags/example_latest_only_with_trigger.py
[2025-03-19T00:07:28.556+0000] {processor.py:914} INFO - Processing file /home/airflow/.local/lib/python3.12/site-packages/airflow/example_dags/example_latest_only_with_trigger.py for tasks to queue
[2025-03-19T00:07:28.557+0000] {logging_mixin.py:190} INFO - [2025-03-19T00:07:28.557+0000] {dagbag.py:588} INFO - Filling up the DagBag from /home/airflow/.local/lib/python3.12/site-packages/airflow/example_dags/example_latest_only_with_trigger.py
[2025-03-19T00:07:28.560+0000] {processor.py:925} INFO - DAG(s) 'latest_only_with_trigger' retrieved from /home/airflow/.local/lib/python3.12/site-packages/airflow/example_dags/example_latest_only_with_trigger.py
[2025-03-19T00:07:28.568+0000] {logging_mixin.py:190} INFO - [2025-03-19T00:07:28.568+0000] {dag.py:3239} INFO - Sync 1 DAGs
[2025-03-19T00:07:28.576+0000] {logging_mixin.py:190} INFO - [2025-03-19T00:07:28.576+0000] {dag.py:4180} INFO - Setting next_dagrun for latest_only_with_trigger to 2025-03-18 20:00:00+00:00, run_after=2025-03-19 00:00:00+00:00
[2025-03-19T00:07:28.582+0000] {processor.py:208} INFO - Processing /home/airflow/.local/lib/python3.12/site-packages/airflow/example_dags/example_latest_only_with_trigger.py took 0.028 seconds
[2025-03-19T00:07:59.883+0000] {processor.py:186} INFO - Started process (PID=17786) to work on /home/airflow/.local/lib/python3.12/site-packages/airflow/example_dags/example_latest_only_with_trigger.py
[2025-03-19T00:07:59.883+0000] {processor.py:914} INFO - Processing file /home/airflow/.local/lib/python3.12/site-packages/airflow/example_dags/example_latest_only_with_trigger.py for tasks to queue
[2025-03-19T00:07:59.884+0000] {logging_mixin.py:190} INFO - [2025-03-19T00:07:59.884+0000] {dagbag.py:588} INFO - Filling up the DagBag from /home/airflow/.local/lib/python3.12/site-packages/airflow/example_dags/example_latest_only_with_trigger.py
[2025-03-19T00:07:59.888+0000] {processor.py:925} INFO - DAG(s) 'latest_only_with_trigger' retrieved from /home/airflow/.local/lib/python3.12/site-packages/airflow/example_dags/example_latest_only_with_trigger.py
[2025-03-19T00:07:59.901+0000] {logging_mixin.py:190} INFO - [2025-03-19T00:07:59.901+0000] {dag.py:3239} INFO - Sync 1 DAGs
[2025-03-19T00:07:59.909+0000] {logging_mixin.py:190} INFO - [2025-03-19T00:07:59.909+0000] {dag.py:4180} INFO - Setting next_dagrun for latest_only_with_trigger to 2025-03-18 20:00:00+00:00, run_after=2025-03-19 00:00:00+00:00
[2025-03-19T00:07:59.921+0000] {processor.py:208} INFO - Processing /home/airflow/.local/lib/python3.12/site-packages/airflow/example_dags/example_latest_only_with_trigger.py took 0.040 seconds
