[2025-03-19T00:00:12.795+0000] {processor.py:186} INFO - Started process (PID=16834) to work on /home/airflow/.local/lib/python3.12/site-packages/airflow/example_dags/example_setup_teardown_taskflow.py
[2025-03-19T00:00:12.795+0000] {processor.py:914} INFO - Processing file /home/airflow/.local/lib/python3.12/site-packages/airflow/example_dags/example_setup_teardown_taskflow.py for tasks to queue
[2025-03-19T00:00:12.796+0000] {logging_mixin.py:190} INFO - [2025-03-19T00:00:12.796+0000] {dagbag.py:588} INFO - Filling up the DagBag from /home/airflow/.local/lib/python3.12/site-packages/airflow/example_dags/example_setup_teardown_taskflow.py
[2025-03-19T00:00:12.801+0000] {processor.py:925} INFO - DAG(s) 'example_setup_teardown_taskflow' retrieved from /home/airflow/.local/lib/python3.12/site-packages/airflow/example_dags/example_setup_teardown_taskflow.py
[2025-03-19T00:00:12.810+0000] {logging_mixin.py:190} INFO - [2025-03-19T00:00:12.810+0000] {dag.py:3239} INFO - Sync 1 DAGs
[2025-03-19T00:00:12.815+0000] {logging_mixin.py:190} INFO - [2025-03-19T00:00:12.815+0000] {dag.py:4180} INFO - Setting next_dagrun for example_setup_teardown_taskflow to None, run_after=None
[2025-03-19T00:00:12.825+0000] {processor.py:208} INFO - Processing /home/airflow/.local/lib/python3.12/site-packages/airflow/example_dags/example_setup_teardown_taskflow.py took 0.033 seconds
[2025-03-19T00:00:43.888+0000] {processor.py:186} INFO - Started process (PID=16897) to work on /home/airflow/.local/lib/python3.12/site-packages/airflow/example_dags/example_setup_teardown_taskflow.py
[2025-03-19T00:00:43.888+0000] {processor.py:914} INFO - Processing file /home/airflow/.local/lib/python3.12/site-packages/airflow/example_dags/example_setup_teardown_taskflow.py for tasks to queue
[2025-03-19T00:00:43.889+0000] {logging_mixin.py:190} INFO - [2025-03-19T00:00:43.889+0000] {dagbag.py:588} INFO - Filling up the DagBag from /home/airflow/.local/lib/python3.12/site-packages/airflow/example_dags/example_setup_teardown_taskflow.py
[2025-03-19T00:00:43.893+0000] {processor.py:925} INFO - DAG(s) 'example_setup_teardown_taskflow' retrieved from /home/airflow/.local/lib/python3.12/site-packages/airflow/example_dags/example_setup_teardown_taskflow.py
[2025-03-19T00:00:43.902+0000] {logging_mixin.py:190} INFO - [2025-03-19T00:00:43.902+0000] {dag.py:3239} INFO - Sync 1 DAGs
[2025-03-19T00:00:43.907+0000] {logging_mixin.py:190} INFO - [2025-03-19T00:00:43.907+0000] {dag.py:4180} INFO - Setting next_dagrun for example_setup_teardown_taskflow to None, run_after=None
[2025-03-19T00:00:43.913+0000] {processor.py:208} INFO - Processing /home/airflow/.local/lib/python3.12/site-packages/airflow/example_dags/example_setup_teardown_taskflow.py took 0.028 seconds
[2025-03-19T00:01:14.886+0000] {processor.py:186} INFO - Started process (PID=16959) to work on /home/airflow/.local/lib/python3.12/site-packages/airflow/example_dags/example_setup_teardown_taskflow.py
[2025-03-19T00:01:14.888+0000] {processor.py:914} INFO - Processing file /home/airflow/.local/lib/python3.12/site-packages/airflow/example_dags/example_setup_teardown_taskflow.py for tasks to queue
[2025-03-19T00:01:14.889+0000] {logging_mixin.py:190} INFO - [2025-03-19T00:01:14.889+0000] {dagbag.py:588} INFO - Filling up the DagBag from /home/airflow/.local/lib/python3.12/site-packages/airflow/example_dags/example_setup_teardown_taskflow.py
[2025-03-19T00:01:14.893+0000] {processor.py:925} INFO - DAG(s) 'example_setup_teardown_taskflow' retrieved from /home/airflow/.local/lib/python3.12/site-packages/airflow/example_dags/example_setup_teardown_taskflow.py
[2025-03-19T00:01:14.902+0000] {logging_mixin.py:190} INFO - [2025-03-19T00:01:14.901+0000] {dag.py:3239} INFO - Sync 1 DAGs
[2025-03-19T00:01:14.907+0000] {logging_mixin.py:190} INFO - [2025-03-19T00:01:14.907+0000] {dag.py:4180} INFO - Setting next_dagrun for example_setup_teardown_taskflow to None, run_after=None
[2025-03-19T00:01:14.913+0000] {processor.py:208} INFO - Processing /home/airflow/.local/lib/python3.12/site-packages/airflow/example_dags/example_setup_teardown_taskflow.py took 0.029 seconds
[2025-03-19T00:01:45.908+0000] {processor.py:186} INFO - Started process (PID=17022) to work on /home/airflow/.local/lib/python3.12/site-packages/airflow/example_dags/example_setup_teardown_taskflow.py
[2025-03-19T00:01:45.908+0000] {processor.py:914} INFO - Processing file /home/airflow/.local/lib/python3.12/site-packages/airflow/example_dags/example_setup_teardown_taskflow.py for tasks to queue
[2025-03-19T00:01:45.909+0000] {logging_mixin.py:190} INFO - [2025-03-19T00:01:45.909+0000] {dagbag.py:588} INFO - Filling up the DagBag from /home/airflow/.local/lib/python3.12/site-packages/airflow/example_dags/example_setup_teardown_taskflow.py
[2025-03-19T00:01:45.913+0000] {processor.py:925} INFO - DAG(s) 'example_setup_teardown_taskflow' retrieved from /home/airflow/.local/lib/python3.12/site-packages/airflow/example_dags/example_setup_teardown_taskflow.py
[2025-03-19T00:01:45.921+0000] {logging_mixin.py:190} INFO - [2025-03-19T00:01:45.921+0000] {dag.py:3239} INFO - Sync 1 DAGs
[2025-03-19T00:01:45.926+0000] {logging_mixin.py:190} INFO - [2025-03-19T00:01:45.926+0000] {dag.py:4180} INFO - Setting next_dagrun for example_setup_teardown_taskflow to None, run_after=None
[2025-03-19T00:01:45.933+0000] {processor.py:208} INFO - Processing /home/airflow/.local/lib/python3.12/site-packages/airflow/example_dags/example_setup_teardown_taskflow.py took 0.027 seconds
[2025-03-19T00:02:17.047+0000] {processor.py:186} INFO - Started process (PID=17085) to work on /home/airflow/.local/lib/python3.12/site-packages/airflow/example_dags/example_setup_teardown_taskflow.py
[2025-03-19T00:02:17.047+0000] {processor.py:914} INFO - Processing file /home/airflow/.local/lib/python3.12/site-packages/airflow/example_dags/example_setup_teardown_taskflow.py for tasks to queue
[2025-03-19T00:02:17.048+0000] {logging_mixin.py:190} INFO - [2025-03-19T00:02:17.048+0000] {dagbag.py:588} INFO - Filling up the DagBag from /home/airflow/.local/lib/python3.12/site-packages/airflow/example_dags/example_setup_teardown_taskflow.py
[2025-03-19T00:02:17.054+0000] {processor.py:925} INFO - DAG(s) 'example_setup_teardown_taskflow' retrieved from /home/airflow/.local/lib/python3.12/site-packages/airflow/example_dags/example_setup_teardown_taskflow.py
[2025-03-19T00:02:17.067+0000] {logging_mixin.py:190} INFO - [2025-03-19T00:02:17.066+0000] {dag.py:3239} INFO - Sync 1 DAGs
[2025-03-19T00:02:17.072+0000] {logging_mixin.py:190} INFO - [2025-03-19T00:02:17.072+0000] {dag.py:4180} INFO - Setting next_dagrun for example_setup_teardown_taskflow to None, run_after=None
[2025-03-19T00:02:17.078+0000] {processor.py:208} INFO - Processing /home/airflow/.local/lib/python3.12/site-packages/airflow/example_dags/example_setup_teardown_taskflow.py took 0.034 seconds
[2025-03-19T00:02:48.199+0000] {processor.py:186} INFO - Started process (PID=17148) to work on /home/airflow/.local/lib/python3.12/site-packages/airflow/example_dags/example_setup_teardown_taskflow.py
[2025-03-19T00:02:48.199+0000] {processor.py:914} INFO - Processing file /home/airflow/.local/lib/python3.12/site-packages/airflow/example_dags/example_setup_teardown_taskflow.py for tasks to queue
[2025-03-19T00:02:48.201+0000] {logging_mixin.py:190} INFO - [2025-03-19T00:02:48.200+0000] {dagbag.py:588} INFO - Filling up the DagBag from /home/airflow/.local/lib/python3.12/site-packages/airflow/example_dags/example_setup_teardown_taskflow.py
[2025-03-19T00:02:48.206+0000] {processor.py:925} INFO - DAG(s) 'example_setup_teardown_taskflow' retrieved from /home/airflow/.local/lib/python3.12/site-packages/airflow/example_dags/example_setup_teardown_taskflow.py
[2025-03-19T00:02:48.218+0000] {logging_mixin.py:190} INFO - [2025-03-19T00:02:48.218+0000] {dag.py:3239} INFO - Sync 1 DAGs
[2025-03-19T00:02:48.224+0000] {logging_mixin.py:190} INFO - [2025-03-19T00:02:48.224+0000] {dag.py:4180} INFO - Setting next_dagrun for example_setup_teardown_taskflow to None, run_after=None
[2025-03-19T00:02:48.230+0000] {processor.py:208} INFO - Processing /home/airflow/.local/lib/python3.12/site-packages/airflow/example_dags/example_setup_teardown_taskflow.py took 0.034 seconds
[2025-03-19T00:03:19.302+0000] {processor.py:186} INFO - Started process (PID=17211) to work on /home/airflow/.local/lib/python3.12/site-packages/airflow/example_dags/example_setup_teardown_taskflow.py
[2025-03-19T00:03:19.306+0000] {processor.py:914} INFO - Processing file /home/airflow/.local/lib/python3.12/site-packages/airflow/example_dags/example_setup_teardown_taskflow.py for tasks to queue
[2025-03-19T00:03:19.307+0000] {logging_mixin.py:190} INFO - [2025-03-19T00:03:19.307+0000] {dagbag.py:588} INFO - Filling up the DagBag from /home/airflow/.local/lib/python3.12/site-packages/airflow/example_dags/example_setup_teardown_taskflow.py
[2025-03-19T00:03:19.311+0000] {processor.py:925} INFO - DAG(s) 'example_setup_teardown_taskflow' retrieved from /home/airflow/.local/lib/python3.12/site-packages/airflow/example_dags/example_setup_teardown_taskflow.py
[2025-03-19T00:03:19.319+0000] {logging_mixin.py:190} INFO - [2025-03-19T00:03:19.319+0000] {dag.py:3239} INFO - Sync 1 DAGs
[2025-03-19T00:03:19.324+0000] {logging_mixin.py:190} INFO - [2025-03-19T00:03:19.324+0000] {dag.py:4180} INFO - Setting next_dagrun for example_setup_teardown_taskflow to None, run_after=None
[2025-03-19T00:03:19.330+0000] {processor.py:208} INFO - Processing /home/airflow/.local/lib/python3.12/site-packages/airflow/example_dags/example_setup_teardown_taskflow.py took 0.030 seconds
[2025-03-19T00:03:50.455+0000] {processor.py:186} INFO - Started process (PID=17274) to work on /home/airflow/.local/lib/python3.12/site-packages/airflow/example_dags/example_setup_teardown_taskflow.py
[2025-03-19T00:03:50.455+0000] {processor.py:914} INFO - Processing file /home/airflow/.local/lib/python3.12/site-packages/airflow/example_dags/example_setup_teardown_taskflow.py for tasks to queue
[2025-03-19T00:03:50.456+0000] {logging_mixin.py:190} INFO - [2025-03-19T00:03:50.456+0000] {dagbag.py:588} INFO - Filling up the DagBag from /home/airflow/.local/lib/python3.12/site-packages/airflow/example_dags/example_setup_teardown_taskflow.py
[2025-03-19T00:03:50.460+0000] {processor.py:925} INFO - DAG(s) 'example_setup_teardown_taskflow' retrieved from /home/airflow/.local/lib/python3.12/site-packages/airflow/example_dags/example_setup_teardown_taskflow.py
[2025-03-19T00:03:50.472+0000] {logging_mixin.py:190} INFO - [2025-03-19T00:03:50.471+0000] {dag.py:3239} INFO - Sync 1 DAGs
[2025-03-19T00:03:50.476+0000] {logging_mixin.py:190} INFO - [2025-03-19T00:03:50.476+0000] {dag.py:4180} INFO - Setting next_dagrun for example_setup_teardown_taskflow to None, run_after=None
[2025-03-19T00:03:50.482+0000] {processor.py:208} INFO - Processing /home/airflow/.local/lib/python3.12/site-packages/airflow/example_dags/example_setup_teardown_taskflow.py took 0.029 seconds
[2025-03-19T00:04:21.394+0000] {processor.py:186} INFO - Started process (PID=17336) to work on /home/airflow/.local/lib/python3.12/site-packages/airflow/example_dags/example_setup_teardown_taskflow.py
[2025-03-19T00:04:21.394+0000] {processor.py:914} INFO - Processing file /home/airflow/.local/lib/python3.12/site-packages/airflow/example_dags/example_setup_teardown_taskflow.py for tasks to queue
[2025-03-19T00:04:21.395+0000] {logging_mixin.py:190} INFO - [2025-03-19T00:04:21.395+0000] {dagbag.py:588} INFO - Filling up the DagBag from /home/airflow/.local/lib/python3.12/site-packages/airflow/example_dags/example_setup_teardown_taskflow.py
[2025-03-19T00:04:21.400+0000] {processor.py:925} INFO - DAG(s) 'example_setup_teardown_taskflow' retrieved from /home/airflow/.local/lib/python3.12/site-packages/airflow/example_dags/example_setup_teardown_taskflow.py
[2025-03-19T00:04:21.411+0000] {logging_mixin.py:190} INFO - [2025-03-19T00:04:21.411+0000] {dag.py:3239} INFO - Sync 1 DAGs
[2025-03-19T00:04:21.415+0000] {logging_mixin.py:190} INFO - [2025-03-19T00:04:21.415+0000] {dag.py:4180} INFO - Setting next_dagrun for example_setup_teardown_taskflow to None, run_after=None
[2025-03-19T00:04:21.421+0000] {processor.py:208} INFO - Processing /home/airflow/.local/lib/python3.12/site-packages/airflow/example_dags/example_setup_teardown_taskflow.py took 0.030 seconds
[2025-03-19T00:04:52.449+0000] {processor.py:186} INFO - Started process (PID=17400) to work on /home/airflow/.local/lib/python3.12/site-packages/airflow/example_dags/example_setup_teardown_taskflow.py
[2025-03-19T00:04:52.450+0000] {processor.py:914} INFO - Processing file /home/airflow/.local/lib/python3.12/site-packages/airflow/example_dags/example_setup_teardown_taskflow.py for tasks to queue
[2025-03-19T00:04:52.451+0000] {logging_mixin.py:190} INFO - [2025-03-19T00:04:52.451+0000] {dagbag.py:588} INFO - Filling up the DagBag from /home/airflow/.local/lib/python3.12/site-packages/airflow/example_dags/example_setup_teardown_taskflow.py
[2025-03-19T00:04:52.457+0000] {processor.py:925} INFO - DAG(s) 'example_setup_teardown_taskflow' retrieved from /home/airflow/.local/lib/python3.12/site-packages/airflow/example_dags/example_setup_teardown_taskflow.py
[2025-03-19T00:04:52.465+0000] {logging_mixin.py:190} INFO - [2025-03-19T00:04:52.464+0000] {dag.py:3239} INFO - Sync 1 DAGs
[2025-03-19T00:04:52.469+0000] {logging_mixin.py:190} INFO - [2025-03-19T00:04:52.469+0000] {dag.py:4180} INFO - Setting next_dagrun for example_setup_teardown_taskflow to None, run_after=None
[2025-03-19T00:04:52.475+0000] {processor.py:208} INFO - Processing /home/airflow/.local/lib/python3.12/site-packages/airflow/example_dags/example_setup_teardown_taskflow.py took 0.029 seconds
[2025-03-19T00:05:23.614+0000] {processor.py:186} INFO - Started process (PID=17463) to work on /home/airflow/.local/lib/python3.12/site-packages/airflow/example_dags/example_setup_teardown_taskflow.py
[2025-03-19T00:05:23.614+0000] {processor.py:914} INFO - Processing file /home/airflow/.local/lib/python3.12/site-packages/airflow/example_dags/example_setup_teardown_taskflow.py for tasks to queue
[2025-03-19T00:05:23.615+0000] {logging_mixin.py:190} INFO - [2025-03-19T00:05:23.615+0000] {dagbag.py:588} INFO - Filling up the DagBag from /home/airflow/.local/lib/python3.12/site-packages/airflow/example_dags/example_setup_teardown_taskflow.py
[2025-03-19T00:05:23.620+0000] {processor.py:925} INFO - DAG(s) 'example_setup_teardown_taskflow' retrieved from /home/airflow/.local/lib/python3.12/site-packages/airflow/example_dags/example_setup_teardown_taskflow.py
[2025-03-19T00:05:23.631+0000] {logging_mixin.py:190} INFO - [2025-03-19T00:05:23.631+0000] {dag.py:3239} INFO - Sync 1 DAGs
[2025-03-19T00:05:23.636+0000] {logging_mixin.py:190} INFO - [2025-03-19T00:05:23.635+0000] {dag.py:4180} INFO - Setting next_dagrun for example_setup_teardown_taskflow to None, run_after=None
[2025-03-19T00:05:23.641+0000] {processor.py:208} INFO - Processing /home/airflow/.local/lib/python3.12/site-packages/airflow/example_dags/example_setup_teardown_taskflow.py took 0.030 seconds
[2025-03-19T00:05:54.805+0000] {processor.py:186} INFO - Started process (PID=17526) to work on /home/airflow/.local/lib/python3.12/site-packages/airflow/example_dags/example_setup_teardown_taskflow.py
[2025-03-19T00:05:54.805+0000] {processor.py:914} INFO - Processing file /home/airflow/.local/lib/python3.12/site-packages/airflow/example_dags/example_setup_teardown_taskflow.py for tasks to queue
[2025-03-19T00:05:54.806+0000] {logging_mixin.py:190} INFO - [2025-03-19T00:05:54.806+0000] {dagbag.py:588} INFO - Filling up the DagBag from /home/airflow/.local/lib/python3.12/site-packages/airflow/example_dags/example_setup_teardown_taskflow.py
[2025-03-19T00:05:54.810+0000] {processor.py:925} INFO - DAG(s) 'example_setup_teardown_taskflow' retrieved from /home/airflow/.local/lib/python3.12/site-packages/airflow/example_dags/example_setup_teardown_taskflow.py
[2025-03-19T00:05:54.819+0000] {logging_mixin.py:190} INFO - [2025-03-19T00:05:54.819+0000] {dag.py:3239} INFO - Sync 1 DAGs
[2025-03-19T00:05:54.825+0000] {logging_mixin.py:190} INFO - [2025-03-19T00:05:54.825+0000] {dag.py:4180} INFO - Setting next_dagrun for example_setup_teardown_taskflow to None, run_after=None
[2025-03-19T00:05:54.831+0000] {processor.py:208} INFO - Processing /home/airflow/.local/lib/python3.12/site-packages/airflow/example_dags/example_setup_teardown_taskflow.py took 0.029 seconds
[2025-03-19T00:06:25.957+0000] {processor.py:186} INFO - Started process (PID=17589) to work on /home/airflow/.local/lib/python3.12/site-packages/airflow/example_dags/example_setup_teardown_taskflow.py
[2025-03-19T00:06:25.957+0000] {processor.py:914} INFO - Processing file /home/airflow/.local/lib/python3.12/site-packages/airflow/example_dags/example_setup_teardown_taskflow.py for tasks to queue
[2025-03-19T00:06:25.958+0000] {logging_mixin.py:190} INFO - [2025-03-19T00:06:25.958+0000] {dagbag.py:588} INFO - Filling up the DagBag from /home/airflow/.local/lib/python3.12/site-packages/airflow/example_dags/example_setup_teardown_taskflow.py
[2025-03-19T00:06:25.963+0000] {processor.py:925} INFO - DAG(s) 'example_setup_teardown_taskflow' retrieved from /home/airflow/.local/lib/python3.12/site-packages/airflow/example_dags/example_setup_teardown_taskflow.py
[2025-03-19T00:06:25.973+0000] {logging_mixin.py:190} INFO - [2025-03-19T00:06:25.973+0000] {dag.py:3239} INFO - Sync 1 DAGs
[2025-03-19T00:06:25.978+0000] {logging_mixin.py:190} INFO - [2025-03-19T00:06:25.978+0000] {dag.py:4180} INFO - Setting next_dagrun for example_setup_teardown_taskflow to None, run_after=None
[2025-03-19T00:06:25.984+0000] {processor.py:208} INFO - Processing /home/airflow/.local/lib/python3.12/site-packages/airflow/example_dags/example_setup_teardown_taskflow.py took 0.029 seconds
[2025-03-19T00:06:57.128+0000] {processor.py:186} INFO - Started process (PID=17652) to work on /home/airflow/.local/lib/python3.12/site-packages/airflow/example_dags/example_setup_teardown_taskflow.py
[2025-03-19T00:06:57.128+0000] {processor.py:914} INFO - Processing file /home/airflow/.local/lib/python3.12/site-packages/airflow/example_dags/example_setup_teardown_taskflow.py for tasks to queue
[2025-03-19T00:06:57.129+0000] {logging_mixin.py:190} INFO - [2025-03-19T00:06:57.129+0000] {dagbag.py:588} INFO - Filling up the DagBag from /home/airflow/.local/lib/python3.12/site-packages/airflow/example_dags/example_setup_teardown_taskflow.py
[2025-03-19T00:06:57.134+0000] {processor.py:925} INFO - DAG(s) 'example_setup_teardown_taskflow' retrieved from /home/airflow/.local/lib/python3.12/site-packages/airflow/example_dags/example_setup_teardown_taskflow.py
[2025-03-19T00:06:57.144+0000] {logging_mixin.py:190} INFO - [2025-03-19T00:06:57.143+0000] {dag.py:3239} INFO - Sync 1 DAGs
[2025-03-19T00:06:57.149+0000] {logging_mixin.py:190} INFO - [2025-03-19T00:06:57.149+0000] {dag.py:4180} INFO - Setting next_dagrun for example_setup_teardown_taskflow to None, run_after=None
[2025-03-19T00:06:57.156+0000] {processor.py:208} INFO - Processing /home/airflow/.local/lib/python3.12/site-packages/airflow/example_dags/example_setup_teardown_taskflow.py took 0.031 seconds
[2025-03-19T00:07:28.310+0000] {processor.py:186} INFO - Started process (PID=17715) to work on /home/airflow/.local/lib/python3.12/site-packages/airflow/example_dags/example_setup_teardown_taskflow.py
[2025-03-19T00:07:28.311+0000] {processor.py:914} INFO - Processing file /home/airflow/.local/lib/python3.12/site-packages/airflow/example_dags/example_setup_teardown_taskflow.py for tasks to queue
[2025-03-19T00:07:28.312+0000] {logging_mixin.py:190} INFO - [2025-03-19T00:07:28.311+0000] {dagbag.py:588} INFO - Filling up the DagBag from /home/airflow/.local/lib/python3.12/site-packages/airflow/example_dags/example_setup_teardown_taskflow.py
[2025-03-19T00:07:28.316+0000] {processor.py:925} INFO - DAG(s) 'example_setup_teardown_taskflow' retrieved from /home/airflow/.local/lib/python3.12/site-packages/airflow/example_dags/example_setup_teardown_taskflow.py
[2025-03-19T00:07:28.325+0000] {logging_mixin.py:190} INFO - [2025-03-19T00:07:28.325+0000] {dag.py:3239} INFO - Sync 1 DAGs
[2025-03-19T00:07:28.333+0000] {logging_mixin.py:190} INFO - [2025-03-19T00:07:28.333+0000] {dag.py:4180} INFO - Setting next_dagrun for example_setup_teardown_taskflow to None, run_after=None
[2025-03-19T00:07:28.343+0000] {processor.py:208} INFO - Processing /home/airflow/.local/lib/python3.12/site-packages/airflow/example_dags/example_setup_teardown_taskflow.py took 0.035 seconds
[2025-03-19T00:07:59.602+0000] {processor.py:186} INFO - Started process (PID=17778) to work on /home/airflow/.local/lib/python3.12/site-packages/airflow/example_dags/example_setup_teardown_taskflow.py
[2025-03-19T00:07:59.603+0000] {processor.py:914} INFO - Processing file /home/airflow/.local/lib/python3.12/site-packages/airflow/example_dags/example_setup_teardown_taskflow.py for tasks to queue
[2025-03-19T00:07:59.605+0000] {logging_mixin.py:190} INFO - [2025-03-19T00:07:59.605+0000] {dagbag.py:588} INFO - Filling up the DagBag from /home/airflow/.local/lib/python3.12/site-packages/airflow/example_dags/example_setup_teardown_taskflow.py
[2025-03-19T00:07:59.611+0000] {processor.py:925} INFO - DAG(s) 'example_setup_teardown_taskflow' retrieved from /home/airflow/.local/lib/python3.12/site-packages/airflow/example_dags/example_setup_teardown_taskflow.py
[2025-03-19T00:07:59.622+0000] {logging_mixin.py:190} INFO - [2025-03-19T00:07:59.622+0000] {dag.py:3239} INFO - Sync 1 DAGs
[2025-03-19T00:07:59.627+0000] {logging_mixin.py:190} INFO - [2025-03-19T00:07:59.627+0000] {dag.py:4180} INFO - Setting next_dagrun for example_setup_teardown_taskflow to None, run_after=None
[2025-03-19T00:07:59.636+0000] {processor.py:208} INFO - Processing /home/airflow/.local/lib/python3.12/site-packages/airflow/example_dags/example_setup_teardown_taskflow.py took 0.037 seconds
