[2025-03-19T00:00:12.618+0000] {processor.py:186} INFO - Started process (PID=16829) to work on /home/airflow/.local/lib/python3.12/site-packages/airflow/example_dags/example_xcom.py
[2025-03-19T00:00:12.618+0000] {processor.py:914} INFO - Processing file /home/airflow/.local/lib/python3.12/site-packages/airflow/example_dags/example_xcom.py for tasks to queue
[2025-03-19T00:00:12.619+0000] {logging_mixin.py:190} INFO - [2025-03-19T00:00:12.619+0000] {dagbag.py:588} INFO - Filling up the DagBag from /home/airflow/.local/lib/python3.12/site-packages/airflow/example_dags/example_xcom.py
[2025-03-19T00:00:12.623+0000] {processor.py:925} INFO - DAG(s) 'example_xcom' retrieved from /home/airflow/.local/lib/python3.12/site-packages/airflow/example_dags/example_xcom.py
[2025-03-19T00:00:12.631+0000] {logging_mixin.py:190} INFO - [2025-03-19T00:00:12.631+0000] {dag.py:3239} INFO - Sync 1 DAGs
[2025-03-19T00:00:12.639+0000] {logging_mixin.py:190} INFO - [2025-03-19T00:00:12.639+0000] {dag.py:4180} INFO - Setting next_dagrun for example_xcom to 2021-01-01 00:00:00+00:00, run_after=2021-01-01 00:00:00+00:00
[2025-03-19T00:00:12.645+0000] {processor.py:208} INFO - Processing /home/airflow/.local/lib/python3.12/site-packages/airflow/example_dags/example_xcom.py took 0.029 seconds
[2025-03-19T00:00:43.743+0000] {processor.py:186} INFO - Started process (PID=16892) to work on /home/airflow/.local/lib/python3.12/site-packages/airflow/example_dags/example_xcom.py
[2025-03-19T00:00:43.743+0000] {processor.py:914} INFO - Processing file /home/airflow/.local/lib/python3.12/site-packages/airflow/example_dags/example_xcom.py for tasks to queue
[2025-03-19T00:00:43.744+0000] {logging_mixin.py:190} INFO - [2025-03-19T00:00:43.744+0000] {dagbag.py:588} INFO - Filling up the DagBag from /home/airflow/.local/lib/python3.12/site-packages/airflow/example_dags/example_xcom.py
[2025-03-19T00:00:43.749+0000] {processor.py:925} INFO - DAG(s) 'example_xcom' retrieved from /home/airflow/.local/lib/python3.12/site-packages/airflow/example_dags/example_xcom.py
[2025-03-19T00:00:43.757+0000] {logging_mixin.py:190} INFO - [2025-03-19T00:00:43.757+0000] {dag.py:3239} INFO - Sync 1 DAGs
[2025-03-19T00:00:43.766+0000] {logging_mixin.py:190} INFO - [2025-03-19T00:00:43.766+0000] {dag.py:4180} INFO - Setting next_dagrun for example_xcom to 2021-01-01 00:00:00+00:00, run_after=2021-01-01 00:00:00+00:00
[2025-03-19T00:00:43.775+0000] {processor.py:208} INFO - Processing /home/airflow/.local/lib/python3.12/site-packages/airflow/example_dags/example_xcom.py took 0.035 seconds
[2025-03-19T00:01:14.802+0000] {processor.py:186} INFO - Started process (PID=16955) to work on /home/airflow/.local/lib/python3.12/site-packages/airflow/example_dags/example_xcom.py
[2025-03-19T00:01:14.803+0000] {processor.py:914} INFO - Processing file /home/airflow/.local/lib/python3.12/site-packages/airflow/example_dags/example_xcom.py for tasks to queue
[2025-03-19T00:01:14.804+0000] {logging_mixin.py:190} INFO - [2025-03-19T00:01:14.804+0000] {dagbag.py:588} INFO - Filling up the DagBag from /home/airflow/.local/lib/python3.12/site-packages/airflow/example_dags/example_xcom.py
[2025-03-19T00:01:14.810+0000] {processor.py:925} INFO - DAG(s) 'example_xcom' retrieved from /home/airflow/.local/lib/python3.12/site-packages/airflow/example_dags/example_xcom.py
[2025-03-19T00:01:14.819+0000] {logging_mixin.py:190} INFO - [2025-03-19T00:01:14.819+0000] {dag.py:3239} INFO - Sync 1 DAGs
[2025-03-19T00:01:14.828+0000] {logging_mixin.py:190} INFO - [2025-03-19T00:01:14.828+0000] {dag.py:4180} INFO - Setting next_dagrun for example_xcom to 2021-01-01 00:00:00+00:00, run_after=2021-01-01 00:00:00+00:00
[2025-03-19T00:01:14.837+0000] {processor.py:208} INFO - Processing /home/airflow/.local/lib/python3.12/site-packages/airflow/example_dags/example_xcom.py took 0.037 seconds
[2025-03-19T00:01:45.820+0000] {processor.py:186} INFO - Started process (PID=17018) to work on /home/airflow/.local/lib/python3.12/site-packages/airflow/example_dags/example_xcom.py
[2025-03-19T00:01:45.821+0000] {processor.py:914} INFO - Processing file /home/airflow/.local/lib/python3.12/site-packages/airflow/example_dags/example_xcom.py for tasks to queue
[2025-03-19T00:01:45.822+0000] {logging_mixin.py:190} INFO - [2025-03-19T00:01:45.821+0000] {dagbag.py:588} INFO - Filling up the DagBag from /home/airflow/.local/lib/python3.12/site-packages/airflow/example_dags/example_xcom.py
[2025-03-19T00:01:45.827+0000] {processor.py:925} INFO - DAG(s) 'example_xcom' retrieved from /home/airflow/.local/lib/python3.12/site-packages/airflow/example_dags/example_xcom.py
[2025-03-19T00:01:45.834+0000] {logging_mixin.py:190} INFO - [2025-03-19T00:01:45.834+0000] {dag.py:3239} INFO - Sync 1 DAGs
[2025-03-19T00:01:45.844+0000] {logging_mixin.py:190} INFO - [2025-03-19T00:01:45.844+0000] {dag.py:4180} INFO - Setting next_dagrun for example_xcom to 2021-01-01 00:00:00+00:00, run_after=2021-01-01 00:00:00+00:00
[2025-03-19T00:01:45.852+0000] {processor.py:208} INFO - Processing /home/airflow/.local/lib/python3.12/site-packages/airflow/example_dags/example_xcom.py took 0.035 seconds
[2025-03-19T00:02:16.947+0000] {processor.py:186} INFO - Started process (PID=17081) to work on /home/airflow/.local/lib/python3.12/site-packages/airflow/example_dags/example_xcom.py
[2025-03-19T00:02:16.949+0000] {processor.py:914} INFO - Processing file /home/airflow/.local/lib/python3.12/site-packages/airflow/example_dags/example_xcom.py for tasks to queue
[2025-03-19T00:02:16.951+0000] {logging_mixin.py:190} INFO - [2025-03-19T00:02:16.951+0000] {dagbag.py:588} INFO - Filling up the DagBag from /home/airflow/.local/lib/python3.12/site-packages/airflow/example_dags/example_xcom.py
[2025-03-19T00:02:16.955+0000] {processor.py:925} INFO - DAG(s) 'example_xcom' retrieved from /home/airflow/.local/lib/python3.12/site-packages/airflow/example_dags/example_xcom.py
[2025-03-19T00:02:16.966+0000] {logging_mixin.py:190} INFO - [2025-03-19T00:02:16.966+0000] {dag.py:3239} INFO - Sync 1 DAGs
[2025-03-19T00:02:16.974+0000] {logging_mixin.py:190} INFO - [2025-03-19T00:02:16.974+0000] {dag.py:4180} INFO - Setting next_dagrun for example_xcom to 2021-01-01 00:00:00+00:00, run_after=2021-01-01 00:00:00+00:00
[2025-03-19T00:02:16.981+0000] {processor.py:208} INFO - Processing /home/airflow/.local/lib/python3.12/site-packages/airflow/example_dags/example_xcom.py took 0.036 seconds
[2025-03-19T00:02:48.071+0000] {processor.py:186} INFO - Started process (PID=17144) to work on /home/airflow/.local/lib/python3.12/site-packages/airflow/example_dags/example_xcom.py
[2025-03-19T00:02:48.071+0000] {processor.py:914} INFO - Processing file /home/airflow/.local/lib/python3.12/site-packages/airflow/example_dags/example_xcom.py for tasks to queue
[2025-03-19T00:02:48.073+0000] {logging_mixin.py:190} INFO - [2025-03-19T00:02:48.073+0000] {dagbag.py:588} INFO - Filling up the DagBag from /home/airflow/.local/lib/python3.12/site-packages/airflow/example_dags/example_xcom.py
[2025-03-19T00:02:48.077+0000] {processor.py:925} INFO - DAG(s) 'example_xcom' retrieved from /home/airflow/.local/lib/python3.12/site-packages/airflow/example_dags/example_xcom.py
[2025-03-19T00:02:48.090+0000] {logging_mixin.py:190} INFO - [2025-03-19T00:02:48.089+0000] {dag.py:3239} INFO - Sync 1 DAGs
[2025-03-19T00:02:48.100+0000] {logging_mixin.py:190} INFO - [2025-03-19T00:02:48.100+0000] {dag.py:4180} INFO - Setting next_dagrun for example_xcom to 2021-01-01 00:00:00+00:00, run_after=2021-01-01 00:00:00+00:00
[2025-03-19T00:02:48.108+0000] {processor.py:208} INFO - Processing /home/airflow/.local/lib/python3.12/site-packages/airflow/example_dags/example_xcom.py took 0.040 seconds
[2025-03-19T00:03:19.206+0000] {processor.py:186} INFO - Started process (PID=17207) to work on /home/airflow/.local/lib/python3.12/site-packages/airflow/example_dags/example_xcom.py
[2025-03-19T00:03:19.210+0000] {processor.py:914} INFO - Processing file /home/airflow/.local/lib/python3.12/site-packages/airflow/example_dags/example_xcom.py for tasks to queue
[2025-03-19T00:03:19.211+0000] {logging_mixin.py:190} INFO - [2025-03-19T00:03:19.211+0000] {dagbag.py:588} INFO - Filling up the DagBag from /home/airflow/.local/lib/python3.12/site-packages/airflow/example_dags/example_xcom.py
[2025-03-19T00:03:19.214+0000] {processor.py:925} INFO - DAG(s) 'example_xcom' retrieved from /home/airflow/.local/lib/python3.12/site-packages/airflow/example_dags/example_xcom.py
[2025-03-19T00:03:19.224+0000] {logging_mixin.py:190} INFO - [2025-03-19T00:03:19.224+0000] {dag.py:3239} INFO - Sync 1 DAGs
[2025-03-19T00:03:19.233+0000] {logging_mixin.py:190} INFO - [2025-03-19T00:03:19.233+0000] {dag.py:4180} INFO - Setting next_dagrun for example_xcom to 2021-01-01 00:00:00+00:00, run_after=2021-01-01 00:00:00+00:00
[2025-03-19T00:03:19.241+0000] {processor.py:208} INFO - Processing /home/airflow/.local/lib/python3.12/site-packages/airflow/example_dags/example_xcom.py took 0.038 seconds
[2025-03-19T00:03:50.368+0000] {processor.py:186} INFO - Started process (PID=17270) to work on /home/airflow/.local/lib/python3.12/site-packages/airflow/example_dags/example_xcom.py
[2025-03-19T00:03:50.368+0000] {processor.py:914} INFO - Processing file /home/airflow/.local/lib/python3.12/site-packages/airflow/example_dags/example_xcom.py for tasks to queue
[2025-03-19T00:03:50.369+0000] {logging_mixin.py:190} INFO - [2025-03-19T00:03:50.369+0000] {dagbag.py:588} INFO - Filling up the DagBag from /home/airflow/.local/lib/python3.12/site-packages/airflow/example_dags/example_xcom.py
[2025-03-19T00:03:50.373+0000] {processor.py:925} INFO - DAG(s) 'example_xcom' retrieved from /home/airflow/.local/lib/python3.12/site-packages/airflow/example_dags/example_xcom.py
[2025-03-19T00:03:50.382+0000] {logging_mixin.py:190} INFO - [2025-03-19T00:03:50.382+0000] {dag.py:3239} INFO - Sync 1 DAGs
[2025-03-19T00:03:50.393+0000] {logging_mixin.py:190} INFO - [2025-03-19T00:03:50.393+0000] {dag.py:4180} INFO - Setting next_dagrun for example_xcom to 2021-01-01 00:00:00+00:00, run_after=2021-01-01 00:00:00+00:00
[2025-03-19T00:03:50.402+0000] {processor.py:208} INFO - Processing /home/airflow/.local/lib/python3.12/site-packages/airflow/example_dags/example_xcom.py took 0.037 seconds
[2025-03-19T00:04:21.302+0000] {processor.py:186} INFO - Started process (PID=17333) to work on /home/airflow/.local/lib/python3.12/site-packages/airflow/example_dags/example_xcom.py
[2025-03-19T00:04:21.303+0000] {processor.py:914} INFO - Processing file /home/airflow/.local/lib/python3.12/site-packages/airflow/example_dags/example_xcom.py for tasks to queue
[2025-03-19T00:04:21.304+0000] {logging_mixin.py:190} INFO - [2025-03-19T00:04:21.304+0000] {dagbag.py:588} INFO - Filling up the DagBag from /home/airflow/.local/lib/python3.12/site-packages/airflow/example_dags/example_xcom.py
[2025-03-19T00:04:21.307+0000] {processor.py:925} INFO - DAG(s) 'example_xcom' retrieved from /home/airflow/.local/lib/python3.12/site-packages/airflow/example_dags/example_xcom.py
[2025-03-19T00:04:21.315+0000] {logging_mixin.py:190} INFO - [2025-03-19T00:04:21.315+0000] {dag.py:3239} INFO - Sync 1 DAGs
[2025-03-19T00:04:21.325+0000] {logging_mixin.py:190} INFO - [2025-03-19T00:04:21.325+0000] {dag.py:4180} INFO - Setting next_dagrun for example_xcom to 2021-01-01 00:00:00+00:00, run_after=2021-01-01 00:00:00+00:00
[2025-03-19T00:04:21.333+0000] {processor.py:208} INFO - Processing /home/airflow/.local/lib/python3.12/site-packages/airflow/example_dags/example_xcom.py took 0.033 seconds
[2025-03-19T00:04:52.364+0000] {processor.py:186} INFO - Started process (PID=17396) to work on /home/airflow/.local/lib/python3.12/site-packages/airflow/example_dags/example_xcom.py
[2025-03-19T00:04:52.365+0000] {processor.py:914} INFO - Processing file /home/airflow/.local/lib/python3.12/site-packages/airflow/example_dags/example_xcom.py for tasks to queue
[2025-03-19T00:04:52.366+0000] {logging_mixin.py:190} INFO - [2025-03-19T00:04:52.366+0000] {dagbag.py:588} INFO - Filling up the DagBag from /home/airflow/.local/lib/python3.12/site-packages/airflow/example_dags/example_xcom.py
[2025-03-19T00:04:52.370+0000] {processor.py:925} INFO - DAG(s) 'example_xcom' retrieved from /home/airflow/.local/lib/python3.12/site-packages/airflow/example_dags/example_xcom.py
[2025-03-19T00:04:52.378+0000] {logging_mixin.py:190} INFO - [2025-03-19T00:04:52.378+0000] {dag.py:3239} INFO - Sync 1 DAGs
[2025-03-19T00:04:52.387+0000] {logging_mixin.py:190} INFO - [2025-03-19T00:04:52.387+0000] {dag.py:4180} INFO - Setting next_dagrun for example_xcom to 2021-01-01 00:00:00+00:00, run_after=2021-01-01 00:00:00+00:00
[2025-03-19T00:04:52.392+0000] {processor.py:208} INFO - Processing /home/airflow/.local/lib/python3.12/site-packages/airflow/example_dags/example_xcom.py took 0.032 seconds
[2025-03-19T00:05:23.526+0000] {processor.py:186} INFO - Started process (PID=17459) to work on /home/airflow/.local/lib/python3.12/site-packages/airflow/example_dags/example_xcom.py
[2025-03-19T00:05:23.527+0000] {processor.py:914} INFO - Processing file /home/airflow/.local/lib/python3.12/site-packages/airflow/example_dags/example_xcom.py for tasks to queue
[2025-03-19T00:05:23.528+0000] {logging_mixin.py:190} INFO - [2025-03-19T00:05:23.528+0000] {dagbag.py:588} INFO - Filling up the DagBag from /home/airflow/.local/lib/python3.12/site-packages/airflow/example_dags/example_xcom.py
[2025-03-19T00:05:23.532+0000] {processor.py:925} INFO - DAG(s) 'example_xcom' retrieved from /home/airflow/.local/lib/python3.12/site-packages/airflow/example_dags/example_xcom.py
[2025-03-19T00:05:23.542+0000] {logging_mixin.py:190} INFO - [2025-03-19T00:05:23.541+0000] {dag.py:3239} INFO - Sync 1 DAGs
[2025-03-19T00:05:23.549+0000] {logging_mixin.py:190} INFO - [2025-03-19T00:05:23.549+0000] {dag.py:4180} INFO - Setting next_dagrun for example_xcom to 2021-01-01 00:00:00+00:00, run_after=2021-01-01 00:00:00+00:00
[2025-03-19T00:05:23.559+0000] {processor.py:208} INFO - Processing /home/airflow/.local/lib/python3.12/site-packages/airflow/example_dags/example_xcom.py took 0.035 seconds
[2025-03-19T00:05:54.704+0000] {processor.py:186} INFO - Started process (PID=17522) to work on /home/airflow/.local/lib/python3.12/site-packages/airflow/example_dags/example_xcom.py
[2025-03-19T00:05:54.704+0000] {processor.py:914} INFO - Processing file /home/airflow/.local/lib/python3.12/site-packages/airflow/example_dags/example_xcom.py for tasks to queue
[2025-03-19T00:05:54.705+0000] {logging_mixin.py:190} INFO - [2025-03-19T00:05:54.705+0000] {dagbag.py:588} INFO - Filling up the DagBag from /home/airflow/.local/lib/python3.12/site-packages/airflow/example_dags/example_xcom.py
[2025-03-19T00:05:54.709+0000] {processor.py:925} INFO - DAG(s) 'example_xcom' retrieved from /home/airflow/.local/lib/python3.12/site-packages/airflow/example_dags/example_xcom.py
[2025-03-19T00:05:54.719+0000] {logging_mixin.py:190} INFO - [2025-03-19T00:05:54.719+0000] {dag.py:3239} INFO - Sync 1 DAGs
[2025-03-19T00:05:54.728+0000] {logging_mixin.py:190} INFO - [2025-03-19T00:05:54.728+0000] {dag.py:4180} INFO - Setting next_dagrun for example_xcom to 2021-01-01 00:00:00+00:00, run_after=2021-01-01 00:00:00+00:00
[2025-03-19T00:05:54.739+0000] {processor.py:208} INFO - Processing /home/airflow/.local/lib/python3.12/site-packages/airflow/example_dags/example_xcom.py took 0.038 seconds
[2025-03-19T00:06:25.872+0000] {processor.py:186} INFO - Started process (PID=17585) to work on /home/airflow/.local/lib/python3.12/site-packages/airflow/example_dags/example_xcom.py
[2025-03-19T00:06:25.875+0000] {processor.py:914} INFO - Processing file /home/airflow/.local/lib/python3.12/site-packages/airflow/example_dags/example_xcom.py for tasks to queue
[2025-03-19T00:06:25.876+0000] {logging_mixin.py:190} INFO - [2025-03-19T00:06:25.876+0000] {dagbag.py:588} INFO - Filling up the DagBag from /home/airflow/.local/lib/python3.12/site-packages/airflow/example_dags/example_xcom.py
[2025-03-19T00:06:25.880+0000] {processor.py:925} INFO - DAG(s) 'example_xcom' retrieved from /home/airflow/.local/lib/python3.12/site-packages/airflow/example_dags/example_xcom.py
[2025-03-19T00:06:25.890+0000] {logging_mixin.py:190} INFO - [2025-03-19T00:06:25.890+0000] {dag.py:3239} INFO - Sync 1 DAGs
[2025-03-19T00:06:25.898+0000] {logging_mixin.py:190} INFO - [2025-03-19T00:06:25.898+0000] {dag.py:4180} INFO - Setting next_dagrun for example_xcom to 2021-01-01 00:00:00+00:00, run_after=2021-01-01 00:00:00+00:00
[2025-03-19T00:06:25.904+0000] {processor.py:208} INFO - Processing /home/airflow/.local/lib/python3.12/site-packages/airflow/example_dags/example_xcom.py took 0.034 seconds
[2025-03-19T00:06:56.954+0000] {processor.py:186} INFO - Started process (PID=17648) to work on /home/airflow/.local/lib/python3.12/site-packages/airflow/example_dags/example_xcom.py
[2025-03-19T00:06:56.954+0000] {processor.py:914} INFO - Processing file /home/airflow/.local/lib/python3.12/site-packages/airflow/example_dags/example_xcom.py for tasks to queue
[2025-03-19T00:06:56.956+0000] {logging_mixin.py:190} INFO - [2025-03-19T00:06:56.956+0000] {dagbag.py:588} INFO - Filling up the DagBag from /home/airflow/.local/lib/python3.12/site-packages/airflow/example_dags/example_xcom.py
[2025-03-19T00:06:56.961+0000] {processor.py:925} INFO - DAG(s) 'example_xcom' retrieved from /home/airflow/.local/lib/python3.12/site-packages/airflow/example_dags/example_xcom.py
[2025-03-19T00:06:56.970+0000] {logging_mixin.py:190} INFO - [2025-03-19T00:06:56.969+0000] {dag.py:3239} INFO - Sync 1 DAGs
[2025-03-19T00:06:56.978+0000] {logging_mixin.py:190} INFO - [2025-03-19T00:06:56.978+0000] {dag.py:4180} INFO - Setting next_dagrun for example_xcom to 2021-01-01 00:00:00+00:00, run_after=2021-01-01 00:00:00+00:00
[2025-03-19T00:06:56.985+0000] {processor.py:208} INFO - Processing /home/airflow/.local/lib/python3.12/site-packages/airflow/example_dags/example_xcom.py took 0.033 seconds
[2025-03-19T00:07:28.215+0000] {processor.py:186} INFO - Started process (PID=17711) to work on /home/airflow/.local/lib/python3.12/site-packages/airflow/example_dags/example_xcom.py
[2025-03-19T00:07:28.215+0000] {processor.py:914} INFO - Processing file /home/airflow/.local/lib/python3.12/site-packages/airflow/example_dags/example_xcom.py for tasks to queue
[2025-03-19T00:07:28.217+0000] {logging_mixin.py:190} INFO - [2025-03-19T00:07:28.217+0000] {dagbag.py:588} INFO - Filling up the DagBag from /home/airflow/.local/lib/python3.12/site-packages/airflow/example_dags/example_xcom.py
[2025-03-19T00:07:28.221+0000] {processor.py:925} INFO - DAG(s) 'example_xcom' retrieved from /home/airflow/.local/lib/python3.12/site-packages/airflow/example_dags/example_xcom.py
[2025-03-19T00:07:28.229+0000] {logging_mixin.py:190} INFO - [2025-03-19T00:07:28.228+0000] {dag.py:3239} INFO - Sync 1 DAGs
[2025-03-19T00:07:28.238+0000] {logging_mixin.py:190} INFO - [2025-03-19T00:07:28.238+0000] {dag.py:4180} INFO - Setting next_dagrun for example_xcom to 2021-01-01 00:00:00+00:00, run_after=2021-01-01 00:00:00+00:00
[2025-03-19T00:07:28.257+0000] {processor.py:208} INFO - Processing /home/airflow/.local/lib/python3.12/site-packages/airflow/example_dags/example_xcom.py took 0.045 seconds
[2025-03-19T00:07:59.507+0000] {processor.py:186} INFO - Started process (PID=17774) to work on /home/airflow/.local/lib/python3.12/site-packages/airflow/example_dags/example_xcom.py
[2025-03-19T00:07:59.507+0000] {processor.py:914} INFO - Processing file /home/airflow/.local/lib/python3.12/site-packages/airflow/example_dags/example_xcom.py for tasks to queue
[2025-03-19T00:07:59.508+0000] {logging_mixin.py:190} INFO - [2025-03-19T00:07:59.508+0000] {dagbag.py:588} INFO - Filling up the DagBag from /home/airflow/.local/lib/python3.12/site-packages/airflow/example_dags/example_xcom.py
[2025-03-19T00:07:59.513+0000] {processor.py:925} INFO - DAG(s) 'example_xcom' retrieved from /home/airflow/.local/lib/python3.12/site-packages/airflow/example_dags/example_xcom.py
[2025-03-19T00:07:59.522+0000] {logging_mixin.py:190} INFO - [2025-03-19T00:07:59.522+0000] {dag.py:3239} INFO - Sync 1 DAGs
[2025-03-19T00:07:59.530+0000] {logging_mixin.py:190} INFO - [2025-03-19T00:07:59.530+0000] {dag.py:4180} INFO - Setting next_dagrun for example_xcom to 2021-01-01 00:00:00+00:00, run_after=2021-01-01 00:00:00+00:00
[2025-03-19T00:07:59.538+0000] {processor.py:208} INFO - Processing /home/airflow/.local/lib/python3.12/site-packages/airflow/example_dags/example_xcom.py took 0.033 seconds
