[2025-03-19T00:00:03.438+0000] {processor.py:186} INFO - Started process (PID=16793) to work on /home/airflow/.local/lib/python3.12/site-packages/airflow/example_dags/example_branch_day_of_week_operator.py
[2025-03-19T00:00:03.439+0000] {processor.py:914} INFO - Processing file /home/airflow/.local/lib/python3.12/site-packages/airflow/example_dags/example_branch_day_of_week_operator.py for tasks to queue
[2025-03-19T00:00:03.440+0000] {logging_mixin.py:190} INFO - [2025-03-19T00:00:03.440+0000] {dagbag.py:588} INFO - Filling up the DagBag from /home/airflow/.local/lib/python3.12/site-packages/airflow/example_dags/example_branch_day_of_week_operator.py
[2025-03-19T00:00:03.446+0000] {processor.py:925} INFO - DAG(s) 'example_weekday_branch_operator' retrieved from /home/airflow/.local/lib/python3.12/site-packages/airflow/example_dags/example_branch_day_of_week_operator.py
[2025-03-19T00:00:03.456+0000] {logging_mixin.py:190} INFO - [2025-03-19T00:00:03.456+0000] {dag.py:3239} INFO - Sync 1 DAGs
[2025-03-19T00:00:03.465+0000] {logging_mixin.py:190} INFO - [2025-03-19T00:00:03.465+0000] {dag.py:4180} INFO - Setting next_dagrun for example_weekday_branch_operator to 2025-03-18 00:00:00+00:00, run_after=2025-03-19 00:00:00+00:00
[2025-03-19T00:00:03.474+0000] {processor.py:208} INFO - Processing /home/airflow/.local/lib/python3.12/site-packages/airflow/example_dags/example_branch_day_of_week_operator.py took 0.038 seconds
[2025-03-19T00:00:33.525+0000] {processor.py:186} INFO - Started process (PID=16856) to work on /home/airflow/.local/lib/python3.12/site-packages/airflow/example_dags/example_branch_day_of_week_operator.py
[2025-03-19T00:00:33.526+0000] {processor.py:914} INFO - Processing file /home/airflow/.local/lib/python3.12/site-packages/airflow/example_dags/example_branch_day_of_week_operator.py for tasks to queue
[2025-03-19T00:00:33.528+0000] {logging_mixin.py:190} INFO - [2025-03-19T00:00:33.528+0000] {dagbag.py:588} INFO - Filling up the DagBag from /home/airflow/.local/lib/python3.12/site-packages/airflow/example_dags/example_branch_day_of_week_operator.py
[2025-03-19T00:00:33.535+0000] {processor.py:925} INFO - DAG(s) 'example_weekday_branch_operator' retrieved from /home/airflow/.local/lib/python3.12/site-packages/airflow/example_dags/example_branch_day_of_week_operator.py
[2025-03-19T00:00:33.545+0000] {logging_mixin.py:190} INFO - [2025-03-19T00:00:33.545+0000] {dag.py:3239} INFO - Sync 1 DAGs
[2025-03-19T00:00:33.554+0000] {logging_mixin.py:190} INFO - [2025-03-19T00:00:33.554+0000] {dag.py:4180} INFO - Setting next_dagrun for example_weekday_branch_operator to 2025-03-18 00:00:00+00:00, run_after=2025-03-19 00:00:00+00:00
[2025-03-19T00:00:33.560+0000] {processor.py:208} INFO - Processing /home/airflow/.local/lib/python3.12/site-packages/airflow/example_dags/example_branch_day_of_week_operator.py took 0.038 seconds
[2025-03-19T00:01:03.622+0000] {processor.py:186} INFO - Started process (PID=16918) to work on /home/airflow/.local/lib/python3.12/site-packages/airflow/example_dags/example_branch_day_of_week_operator.py
[2025-03-19T00:01:03.622+0000] {processor.py:914} INFO - Processing file /home/airflow/.local/lib/python3.12/site-packages/airflow/example_dags/example_branch_day_of_week_operator.py for tasks to queue
[2025-03-19T00:01:03.623+0000] {logging_mixin.py:190} INFO - [2025-03-19T00:01:03.623+0000] {dagbag.py:588} INFO - Filling up the DagBag from /home/airflow/.local/lib/python3.12/site-packages/airflow/example_dags/example_branch_day_of_week_operator.py
[2025-03-19T00:01:03.628+0000] {processor.py:925} INFO - DAG(s) 'example_weekday_branch_operator' retrieved from /home/airflow/.local/lib/python3.12/site-packages/airflow/example_dags/example_branch_day_of_week_operator.py
[2025-03-19T00:01:03.636+0000] {logging_mixin.py:190} INFO - [2025-03-19T00:01:03.635+0000] {dag.py:3239} INFO - Sync 1 DAGs
[2025-03-19T00:01:03.644+0000] {logging_mixin.py:190} INFO - [2025-03-19T00:01:03.644+0000] {dag.py:4180} INFO - Setting next_dagrun for example_weekday_branch_operator to 2025-03-18 00:00:00+00:00, run_after=2025-03-19 00:00:00+00:00
[2025-03-19T00:01:03.656+0000] {processor.py:208} INFO - Processing /home/airflow/.local/lib/python3.12/site-packages/airflow/example_dags/example_branch_day_of_week_operator.py took 0.036 seconds
[2025-03-19T00:01:34.654+0000] {processor.py:186} INFO - Started process (PID=16981) to work on /home/airflow/.local/lib/python3.12/site-packages/airflow/example_dags/example_branch_day_of_week_operator.py
[2025-03-19T00:01:34.655+0000] {processor.py:914} INFO - Processing file /home/airflow/.local/lib/python3.12/site-packages/airflow/example_dags/example_branch_day_of_week_operator.py for tasks to queue
[2025-03-19T00:01:34.656+0000] {logging_mixin.py:190} INFO - [2025-03-19T00:01:34.656+0000] {dagbag.py:588} INFO - Filling up the DagBag from /home/airflow/.local/lib/python3.12/site-packages/airflow/example_dags/example_branch_day_of_week_operator.py
[2025-03-19T00:01:34.660+0000] {processor.py:925} INFO - DAG(s) 'example_weekday_branch_operator' retrieved from /home/airflow/.local/lib/python3.12/site-packages/airflow/example_dags/example_branch_day_of_week_operator.py
[2025-03-19T00:01:34.670+0000] {logging_mixin.py:190} INFO - [2025-03-19T00:01:34.669+0000] {dag.py:3239} INFO - Sync 1 DAGs
[2025-03-19T00:01:34.679+0000] {logging_mixin.py:190} INFO - [2025-03-19T00:01:34.679+0000] {dag.py:4180} INFO - Setting next_dagrun for example_weekday_branch_operator to 2025-03-18 00:00:00+00:00, run_after=2025-03-19 00:00:00+00:00
[2025-03-19T00:01:34.688+0000] {processor.py:208} INFO - Processing /home/airflow/.local/lib/python3.12/site-packages/airflow/example_dags/example_branch_day_of_week_operator.py took 0.036 seconds
[2025-03-19T00:02:05.686+0000] {processor.py:186} INFO - Started process (PID=17044) to work on /home/airflow/.local/lib/python3.12/site-packages/airflow/example_dags/example_branch_day_of_week_operator.py
[2025-03-19T00:02:05.686+0000] {processor.py:914} INFO - Processing file /home/airflow/.local/lib/python3.12/site-packages/airflow/example_dags/example_branch_day_of_week_operator.py for tasks to queue
[2025-03-19T00:02:05.687+0000] {logging_mixin.py:190} INFO - [2025-03-19T00:02:05.687+0000] {dagbag.py:588} INFO - Filling up the DagBag from /home/airflow/.local/lib/python3.12/site-packages/airflow/example_dags/example_branch_day_of_week_operator.py
[2025-03-19T00:02:05.692+0000] {processor.py:925} INFO - DAG(s) 'example_weekday_branch_operator' retrieved from /home/airflow/.local/lib/python3.12/site-packages/airflow/example_dags/example_branch_day_of_week_operator.py
[2025-03-19T00:02:05.702+0000] {logging_mixin.py:190} INFO - [2025-03-19T00:02:05.702+0000] {dag.py:3239} INFO - Sync 1 DAGs
[2025-03-19T00:02:05.712+0000] {logging_mixin.py:190} INFO - [2025-03-19T00:02:05.712+0000] {dag.py:4180} INFO - Setting next_dagrun for example_weekday_branch_operator to 2025-03-18 00:00:00+00:00, run_after=2025-03-19 00:00:00+00:00
[2025-03-19T00:02:05.722+0000] {processor.py:208} INFO - Processing /home/airflow/.local/lib/python3.12/site-packages/airflow/example_dags/example_branch_day_of_week_operator.py took 0.039 seconds
[2025-03-19T00:02:35.845+0000] {processor.py:186} INFO - Started process (PID=17107) to work on /home/airflow/.local/lib/python3.12/site-packages/airflow/example_dags/example_branch_day_of_week_operator.py
[2025-03-19T00:02:35.846+0000] {processor.py:914} INFO - Processing file /home/airflow/.local/lib/python3.12/site-packages/airflow/example_dags/example_branch_day_of_week_operator.py for tasks to queue
[2025-03-19T00:02:35.846+0000] {logging_mixin.py:190} INFO - [2025-03-19T00:02:35.846+0000] {dagbag.py:588} INFO - Filling up the DagBag from /home/airflow/.local/lib/python3.12/site-packages/airflow/example_dags/example_branch_day_of_week_operator.py
[2025-03-19T00:02:35.851+0000] {processor.py:925} INFO - DAG(s) 'example_weekday_branch_operator' retrieved from /home/airflow/.local/lib/python3.12/site-packages/airflow/example_dags/example_branch_day_of_week_operator.py
[2025-03-19T00:02:35.862+0000] {logging_mixin.py:190} INFO - [2025-03-19T00:02:35.862+0000] {dag.py:3239} INFO - Sync 1 DAGs
[2025-03-19T00:02:35.872+0000] {logging_mixin.py:190} INFO - [2025-03-19T00:02:35.872+0000] {dag.py:4180} INFO - Setting next_dagrun for example_weekday_branch_operator to 2025-03-18 00:00:00+00:00, run_after=2025-03-19 00:00:00+00:00
[2025-03-19T00:02:35.882+0000] {processor.py:208} INFO - Processing /home/airflow/.local/lib/python3.12/site-packages/airflow/example_dags/example_branch_day_of_week_operator.py took 0.040 seconds
[2025-03-19T00:03:06.002+0000] {processor.py:186} INFO - Started process (PID=17170) to work on /home/airflow/.local/lib/python3.12/site-packages/airflow/example_dags/example_branch_day_of_week_operator.py
[2025-03-19T00:03:06.003+0000] {processor.py:914} INFO - Processing file /home/airflow/.local/lib/python3.12/site-packages/airflow/example_dags/example_branch_day_of_week_operator.py for tasks to queue
[2025-03-19T00:03:06.004+0000] {logging_mixin.py:190} INFO - [2025-03-19T00:03:06.004+0000] {dagbag.py:588} INFO - Filling up the DagBag from /home/airflow/.local/lib/python3.12/site-packages/airflow/example_dags/example_branch_day_of_week_operator.py
[2025-03-19T00:03:06.008+0000] {processor.py:925} INFO - DAG(s) 'example_weekday_branch_operator' retrieved from /home/airflow/.local/lib/python3.12/site-packages/airflow/example_dags/example_branch_day_of_week_operator.py
[2025-03-19T00:03:06.018+0000] {logging_mixin.py:190} INFO - [2025-03-19T00:03:06.018+0000] {dag.py:3239} INFO - Sync 1 DAGs
[2025-03-19T00:03:06.029+0000] {logging_mixin.py:190} INFO - [2025-03-19T00:03:06.029+0000] {dag.py:4180} INFO - Setting next_dagrun for example_weekday_branch_operator to 2025-03-18 00:00:00+00:00, run_after=2025-03-19 00:00:00+00:00
[2025-03-19T00:03:06.039+0000] {processor.py:208} INFO - Processing /home/airflow/.local/lib/python3.12/site-packages/airflow/example_dags/example_branch_day_of_week_operator.py took 0.039 seconds
[2025-03-19T00:03:36.156+0000] {processor.py:186} INFO - Started process (PID=17233) to work on /home/airflow/.local/lib/python3.12/site-packages/airflow/example_dags/example_branch_day_of_week_operator.py
[2025-03-19T00:03:36.158+0000] {processor.py:914} INFO - Processing file /home/airflow/.local/lib/python3.12/site-packages/airflow/example_dags/example_branch_day_of_week_operator.py for tasks to queue
[2025-03-19T00:03:36.160+0000] {logging_mixin.py:190} INFO - [2025-03-19T00:03:36.160+0000] {dagbag.py:588} INFO - Filling up the DagBag from /home/airflow/.local/lib/python3.12/site-packages/airflow/example_dags/example_branch_day_of_week_operator.py
[2025-03-19T00:03:36.165+0000] {processor.py:925} INFO - DAG(s) 'example_weekday_branch_operator' retrieved from /home/airflow/.local/lib/python3.12/site-packages/airflow/example_dags/example_branch_day_of_week_operator.py
[2025-03-19T00:03:36.176+0000] {logging_mixin.py:190} INFO - [2025-03-19T00:03:36.176+0000] {dag.py:3239} INFO - Sync 1 DAGs
[2025-03-19T00:03:36.189+0000] {logging_mixin.py:190} INFO - [2025-03-19T00:03:36.188+0000] {dag.py:4180} INFO - Setting next_dagrun for example_weekday_branch_operator to 2025-03-18 00:00:00+00:00, run_after=2025-03-19 00:00:00+00:00
[2025-03-19T00:03:36.200+0000] {processor.py:208} INFO - Processing /home/airflow/.local/lib/python3.12/site-packages/airflow/example_dags/example_branch_day_of_week_operator.py took 0.046 seconds
[2025-03-19T00:04:07.188+0000] {processor.py:186} INFO - Started process (PID=17302) to work on /home/airflow/.local/lib/python3.12/site-packages/airflow/example_dags/example_branch_day_of_week_operator.py
[2025-03-19T00:04:07.189+0000] {processor.py:914} INFO - Processing file /home/airflow/.local/lib/python3.12/site-packages/airflow/example_dags/example_branch_day_of_week_operator.py for tasks to queue
[2025-03-19T00:04:07.190+0000] {logging_mixin.py:190} INFO - [2025-03-19T00:04:07.189+0000] {dagbag.py:588} INFO - Filling up the DagBag from /home/airflow/.local/lib/python3.12/site-packages/airflow/example_dags/example_branch_day_of_week_operator.py
[2025-03-19T00:04:07.194+0000] {processor.py:925} INFO - DAG(s) 'example_weekday_branch_operator' retrieved from /home/airflow/.local/lib/python3.12/site-packages/airflow/example_dags/example_branch_day_of_week_operator.py
[2025-03-19T00:04:07.201+0000] {logging_mixin.py:190} INFO - [2025-03-19T00:04:07.201+0000] {dag.py:3239} INFO - Sync 1 DAGs
[2025-03-19T00:04:07.211+0000] {logging_mixin.py:190} INFO - [2025-03-19T00:04:07.210+0000] {dag.py:4180} INFO - Setting next_dagrun for example_weekday_branch_operator to 2025-03-18 00:00:00+00:00, run_after=2025-03-19 00:00:00+00:00
[2025-03-19T00:04:07.222+0000] {processor.py:208} INFO - Processing /home/airflow/.local/lib/python3.12/site-packages/airflow/example_dags/example_branch_day_of_week_operator.py took 0.036 seconds
[2025-03-19T00:04:38.196+0000] {processor.py:186} INFO - Started process (PID=17365) to work on /home/airflow/.local/lib/python3.12/site-packages/airflow/example_dags/example_branch_day_of_week_operator.py
[2025-03-19T00:04:38.197+0000] {processor.py:914} INFO - Processing file /home/airflow/.local/lib/python3.12/site-packages/airflow/example_dags/example_branch_day_of_week_operator.py for tasks to queue
[2025-03-19T00:04:38.197+0000] {logging_mixin.py:190} INFO - [2025-03-19T00:04:38.197+0000] {dagbag.py:588} INFO - Filling up the DagBag from /home/airflow/.local/lib/python3.12/site-packages/airflow/example_dags/example_branch_day_of_week_operator.py
[2025-03-19T00:04:38.202+0000] {processor.py:925} INFO - DAG(s) 'example_weekday_branch_operator' retrieved from /home/airflow/.local/lib/python3.12/site-packages/airflow/example_dags/example_branch_day_of_week_operator.py
[2025-03-19T00:04:38.211+0000] {logging_mixin.py:190} INFO - [2025-03-19T00:04:38.211+0000] {dag.py:3239} INFO - Sync 1 DAGs
[2025-03-19T00:04:38.221+0000] {logging_mixin.py:190} INFO - [2025-03-19T00:04:38.221+0000] {dag.py:4180} INFO - Setting next_dagrun for example_weekday_branch_operator to 2025-03-18 00:00:00+00:00, run_after=2025-03-19 00:00:00+00:00
[2025-03-19T00:04:38.231+0000] {processor.py:208} INFO - Processing /home/airflow/.local/lib/python3.12/site-packages/airflow/example_dags/example_branch_day_of_week_operator.py took 0.037 seconds
[2025-03-19T00:05:09.226+0000] {processor.py:186} INFO - Started process (PID=17428) to work on /home/airflow/.local/lib/python3.12/site-packages/airflow/example_dags/example_branch_day_of_week_operator.py
[2025-03-19T00:05:09.227+0000] {processor.py:914} INFO - Processing file /home/airflow/.local/lib/python3.12/site-packages/airflow/example_dags/example_branch_day_of_week_operator.py for tasks to queue
[2025-03-19T00:05:09.228+0000] {logging_mixin.py:190} INFO - [2025-03-19T00:05:09.228+0000] {dagbag.py:588} INFO - Filling up the DagBag from /home/airflow/.local/lib/python3.12/site-packages/airflow/example_dags/example_branch_day_of_week_operator.py
[2025-03-19T00:05:09.232+0000] {processor.py:925} INFO - DAG(s) 'example_weekday_branch_operator' retrieved from /home/airflow/.local/lib/python3.12/site-packages/airflow/example_dags/example_branch_day_of_week_operator.py
[2025-03-19T00:05:09.242+0000] {logging_mixin.py:190} INFO - [2025-03-19T00:05:09.242+0000] {dag.py:3239} INFO - Sync 1 DAGs
[2025-03-19T00:05:09.254+0000] {logging_mixin.py:190} INFO - [2025-03-19T00:05:09.254+0000] {dag.py:4180} INFO - Setting next_dagrun for example_weekday_branch_operator to 2025-03-18 00:00:00+00:00, run_after=2025-03-19 00:00:00+00:00
[2025-03-19T00:05:09.263+0000] {processor.py:208} INFO - Processing /home/airflow/.local/lib/python3.12/site-packages/airflow/example_dags/example_branch_day_of_week_operator.py took 0.039 seconds
[2025-03-19T00:05:39.400+0000] {processor.py:186} INFO - Started process (PID=17492) to work on /home/airflow/.local/lib/python3.12/site-packages/airflow/example_dags/example_branch_day_of_week_operator.py
[2025-03-19T00:05:39.400+0000] {processor.py:914} INFO - Processing file /home/airflow/.local/lib/python3.12/site-packages/airflow/example_dags/example_branch_day_of_week_operator.py for tasks to queue
[2025-03-19T00:05:39.401+0000] {logging_mixin.py:190} INFO - [2025-03-19T00:05:39.401+0000] {dagbag.py:588} INFO - Filling up the DagBag from /home/airflow/.local/lib/python3.12/site-packages/airflow/example_dags/example_branch_day_of_week_operator.py
[2025-03-19T00:05:39.407+0000] {processor.py:925} INFO - DAG(s) 'example_weekday_branch_operator' retrieved from /home/airflow/.local/lib/python3.12/site-packages/airflow/example_dags/example_branch_day_of_week_operator.py
[2025-03-19T00:05:39.415+0000] {logging_mixin.py:190} INFO - [2025-03-19T00:05:39.415+0000] {dag.py:3239} INFO - Sync 1 DAGs
[2025-03-19T00:05:39.424+0000] {logging_mixin.py:190} INFO - [2025-03-19T00:05:39.424+0000] {dag.py:4180} INFO - Setting next_dagrun for example_weekday_branch_operator to 2025-03-18 00:00:00+00:00, run_after=2025-03-19 00:00:00+00:00
[2025-03-19T00:05:39.432+0000] {processor.py:208} INFO - Processing /home/airflow/.local/lib/python3.12/site-packages/airflow/example_dags/example_branch_day_of_week_operator.py took 0.035 seconds
[2025-03-19T00:06:09.599+0000] {processor.py:186} INFO - Started process (PID=17554) to work on /home/airflow/.local/lib/python3.12/site-packages/airflow/example_dags/example_branch_day_of_week_operator.py
[2025-03-19T00:06:09.600+0000] {processor.py:914} INFO - Processing file /home/airflow/.local/lib/python3.12/site-packages/airflow/example_dags/example_branch_day_of_week_operator.py for tasks to queue
[2025-03-19T00:06:09.601+0000] {logging_mixin.py:190} INFO - [2025-03-19T00:06:09.601+0000] {dagbag.py:588} INFO - Filling up the DagBag from /home/airflow/.local/lib/python3.12/site-packages/airflow/example_dags/example_branch_day_of_week_operator.py
[2025-03-19T00:06:09.608+0000] {processor.py:925} INFO - DAG(s) 'example_weekday_branch_operator' retrieved from /home/airflow/.local/lib/python3.12/site-packages/airflow/example_dags/example_branch_day_of_week_operator.py
[2025-03-19T00:06:09.625+0000] {logging_mixin.py:190} INFO - [2025-03-19T00:06:09.625+0000] {dag.py:3239} INFO - Sync 1 DAGs
[2025-03-19T00:06:09.637+0000] {logging_mixin.py:190} INFO - [2025-03-19T00:06:09.637+0000] {dag.py:4180} INFO - Setting next_dagrun for example_weekday_branch_operator to 2025-03-18 00:00:00+00:00, run_after=2025-03-19 00:00:00+00:00
[2025-03-19T00:06:09.652+0000] {processor.py:208} INFO - Processing /home/airflow/.local/lib/python3.12/site-packages/airflow/example_dags/example_branch_day_of_week_operator.py took 0.056 seconds
[2025-03-19T00:06:39.748+0000] {processor.py:186} INFO - Started process (PID=17617) to work on /home/airflow/.local/lib/python3.12/site-packages/airflow/example_dags/example_branch_day_of_week_operator.py
[2025-03-19T00:06:39.748+0000] {processor.py:914} INFO - Processing file /home/airflow/.local/lib/python3.12/site-packages/airflow/example_dags/example_branch_day_of_week_operator.py for tasks to queue
[2025-03-19T00:06:39.750+0000] {logging_mixin.py:190} INFO - [2025-03-19T00:06:39.750+0000] {dagbag.py:588} INFO - Filling up the DagBag from /home/airflow/.local/lib/python3.12/site-packages/airflow/example_dags/example_branch_day_of_week_operator.py
[2025-03-19T00:06:39.755+0000] {processor.py:925} INFO - DAG(s) 'example_weekday_branch_operator' retrieved from /home/airflow/.local/lib/python3.12/site-packages/airflow/example_dags/example_branch_day_of_week_operator.py
[2025-03-19T00:06:39.764+0000] {logging_mixin.py:190} INFO - [2025-03-19T00:06:39.764+0000] {dag.py:3239} INFO - Sync 1 DAGs
[2025-03-19T00:06:39.774+0000] {logging_mixin.py:190} INFO - [2025-03-19T00:06:39.774+0000] {dag.py:4180} INFO - Setting next_dagrun for example_weekday_branch_operator to 2025-03-18 00:00:00+00:00, run_after=2025-03-19 00:00:00+00:00
[2025-03-19T00:06:39.784+0000] {processor.py:208} INFO - Processing /home/airflow/.local/lib/python3.12/site-packages/airflow/example_dags/example_branch_day_of_week_operator.py took 0.038 seconds
[2025-03-19T00:07:09.873+0000] {processor.py:186} INFO - Started process (PID=17680) to work on /home/airflow/.local/lib/python3.12/site-packages/airflow/example_dags/example_branch_day_of_week_operator.py
[2025-03-19T00:07:09.874+0000] {processor.py:914} INFO - Processing file /home/airflow/.local/lib/python3.12/site-packages/airflow/example_dags/example_branch_day_of_week_operator.py for tasks to queue
[2025-03-19T00:07:09.875+0000] {logging_mixin.py:190} INFO - [2025-03-19T00:07:09.875+0000] {dagbag.py:588} INFO - Filling up the DagBag from /home/airflow/.local/lib/python3.12/site-packages/airflow/example_dags/example_branch_day_of_week_operator.py
[2025-03-19T00:07:09.879+0000] {processor.py:925} INFO - DAG(s) 'example_weekday_branch_operator' retrieved from /home/airflow/.local/lib/python3.12/site-packages/airflow/example_dags/example_branch_day_of_week_operator.py
[2025-03-19T00:07:09.889+0000] {logging_mixin.py:190} INFO - [2025-03-19T00:07:09.889+0000] {dag.py:3239} INFO - Sync 1 DAGs
[2025-03-19T00:07:09.897+0000] {logging_mixin.py:190} INFO - [2025-03-19T00:07:09.897+0000] {dag.py:4180} INFO - Setting next_dagrun for example_weekday_branch_operator to 2025-03-18 00:00:00+00:00, run_after=2025-03-19 00:00:00+00:00
[2025-03-19T00:07:09.906+0000] {processor.py:208} INFO - Processing /home/airflow/.local/lib/python3.12/site-packages/airflow/example_dags/example_branch_day_of_week_operator.py took 0.035 seconds
[2025-03-19T00:07:40.014+0000] {processor.py:186} INFO - Started process (PID=17743) to work on /home/airflow/.local/lib/python3.12/site-packages/airflow/example_dags/example_branch_day_of_week_operator.py
[2025-03-19T00:07:40.014+0000] {processor.py:914} INFO - Processing file /home/airflow/.local/lib/python3.12/site-packages/airflow/example_dags/example_branch_day_of_week_operator.py for tasks to queue
[2025-03-19T00:07:40.015+0000] {logging_mixin.py:190} INFO - [2025-03-19T00:07:40.015+0000] {dagbag.py:588} INFO - Filling up the DagBag from /home/airflow/.local/lib/python3.12/site-packages/airflow/example_dags/example_branch_day_of_week_operator.py
[2025-03-19T00:07:40.020+0000] {processor.py:925} INFO - DAG(s) 'example_weekday_branch_operator' retrieved from /home/airflow/.local/lib/python3.12/site-packages/airflow/example_dags/example_branch_day_of_week_operator.py
[2025-03-19T00:07:40.032+0000] {logging_mixin.py:190} INFO - [2025-03-19T00:07:40.031+0000] {dag.py:3239} INFO - Sync 1 DAGs
[2025-03-19T00:07:40.041+0000] {logging_mixin.py:190} INFO - [2025-03-19T00:07:40.041+0000] {dag.py:4180} INFO - Setting next_dagrun for example_weekday_branch_operator to 2025-03-18 00:00:00+00:00, run_after=2025-03-19 00:00:00+00:00
[2025-03-19T00:07:40.050+0000] {processor.py:208} INFO - Processing /home/airflow/.local/lib/python3.12/site-packages/airflow/example_dags/example_branch_day_of_week_operator.py took 0.038 seconds
