[2025-03-19T00:00:03.486+0000] {processor.py:186} INFO - Started process (PID=16795) to work on /home/airflow/.local/lib/python3.12/site-packages/airflow/example_dags/example_task_group_decorator.py
[2025-03-19T00:00:03.486+0000] {processor.py:914} INFO - Processing file /home/airflow/.local/lib/python3.12/site-packages/airflow/example_dags/example_task_group_decorator.py for tasks to queue
[2025-03-19T00:00:03.487+0000] {logging_mixin.py:190} INFO - [2025-03-19T00:00:03.487+0000] {dagbag.py:588} INFO - Filling up the DagBag from /home/airflow/.local/lib/python3.12/site-packages/airflow/example_dags/example_task_group_decorator.py
[2025-03-19T00:00:03.493+0000] {processor.py:925} INFO - DAG(s) 'example_task_group_decorator' retrieved from /home/airflow/.local/lib/python3.12/site-packages/airflow/example_dags/example_task_group_decorator.py
[2025-03-19T00:00:03.501+0000] {logging_mixin.py:190} INFO - [2025-03-19T00:00:03.501+0000] {dag.py:3239} INFO - Sync 1 DAGs
[2025-03-19T00:00:03.506+0000] {logging_mixin.py:190} INFO - [2025-03-19T00:00:03.506+0000] {dag.py:4180} INFO - Setting next_dagrun for example_task_group_decorator to None, run_after=None
[2025-03-19T00:00:03.511+0000] {processor.py:208} INFO - Processing /home/airflow/.local/lib/python3.12/site-packages/airflow/example_dags/example_task_group_decorator.py took 0.027 seconds
[2025-03-19T00:00:33.572+0000] {processor.py:186} INFO - Started process (PID=16858) to work on /home/airflow/.local/lib/python3.12/site-packages/airflow/example_dags/example_task_group_decorator.py
[2025-03-19T00:00:33.573+0000] {processor.py:914} INFO - Processing file /home/airflow/.local/lib/python3.12/site-packages/airflow/example_dags/example_task_group_decorator.py for tasks to queue
[2025-03-19T00:00:33.575+0000] {logging_mixin.py:190} INFO - [2025-03-19T00:00:33.574+0000] {dagbag.py:588} INFO - Filling up the DagBag from /home/airflow/.local/lib/python3.12/site-packages/airflow/example_dags/example_task_group_decorator.py
[2025-03-19T00:00:33.583+0000] {processor.py:925} INFO - DAG(s) 'example_task_group_decorator' retrieved from /home/airflow/.local/lib/python3.12/site-packages/airflow/example_dags/example_task_group_decorator.py
[2025-03-19T00:00:33.598+0000] {logging_mixin.py:190} INFO - [2025-03-19T00:00:33.598+0000] {dag.py:3239} INFO - Sync 1 DAGs
[2025-03-19T00:00:33.603+0000] {logging_mixin.py:190} INFO - [2025-03-19T00:00:33.603+0000] {dag.py:4180} INFO - Setting next_dagrun for example_task_group_decorator to None, run_after=None
[2025-03-19T00:00:33.610+0000] {processor.py:208} INFO - Processing /home/airflow/.local/lib/python3.12/site-packages/airflow/example_dags/example_task_group_decorator.py took 0.040 seconds
[2025-03-19T00:01:03.684+0000] {processor.py:186} INFO - Started process (PID=16921) to work on /home/airflow/.local/lib/python3.12/site-packages/airflow/example_dags/example_task_group_decorator.py
[2025-03-19T00:01:03.687+0000] {processor.py:914} INFO - Processing file /home/airflow/.local/lib/python3.12/site-packages/airflow/example_dags/example_task_group_decorator.py for tasks to queue
[2025-03-19T00:01:03.688+0000] {logging_mixin.py:190} INFO - [2025-03-19T00:01:03.687+0000] {dagbag.py:588} INFO - Filling up the DagBag from /home/airflow/.local/lib/python3.12/site-packages/airflow/example_dags/example_task_group_decorator.py
[2025-03-19T00:01:03.694+0000] {processor.py:925} INFO - DAG(s) 'example_task_group_decorator' retrieved from /home/airflow/.local/lib/python3.12/site-packages/airflow/example_dags/example_task_group_decorator.py
[2025-03-19T00:01:03.709+0000] {logging_mixin.py:190} INFO - [2025-03-19T00:01:03.709+0000] {dag.py:3239} INFO - Sync 1 DAGs
[2025-03-19T00:01:03.718+0000] {logging_mixin.py:190} INFO - [2025-03-19T00:01:03.718+0000] {dag.py:4180} INFO - Setting next_dagrun for example_task_group_decorator to None, run_after=None
[2025-03-19T00:01:03.725+0000] {processor.py:208} INFO - Processing /home/airflow/.local/lib/python3.12/site-packages/airflow/example_dags/example_task_group_decorator.py took 0.043 seconds
[2025-03-19T00:01:34.732+0000] {processor.py:186} INFO - Started process (PID=16984) to work on /home/airflow/.local/lib/python3.12/site-packages/airflow/example_dags/example_task_group_decorator.py
[2025-03-19T00:01:34.732+0000] {processor.py:914} INFO - Processing file /home/airflow/.local/lib/python3.12/site-packages/airflow/example_dags/example_task_group_decorator.py for tasks to queue
[2025-03-19T00:01:34.733+0000] {logging_mixin.py:190} INFO - [2025-03-19T00:01:34.733+0000] {dagbag.py:588} INFO - Filling up the DagBag from /home/airflow/.local/lib/python3.12/site-packages/airflow/example_dags/example_task_group_decorator.py
[2025-03-19T00:01:34.740+0000] {processor.py:925} INFO - DAG(s) 'example_task_group_decorator' retrieved from /home/airflow/.local/lib/python3.12/site-packages/airflow/example_dags/example_task_group_decorator.py
[2025-03-19T00:01:34.754+0000] {logging_mixin.py:190} INFO - [2025-03-19T00:01:34.754+0000] {dag.py:3239} INFO - Sync 1 DAGs
[2025-03-19T00:01:34.758+0000] {logging_mixin.py:190} INFO - [2025-03-19T00:01:34.758+0000] {dag.py:4180} INFO - Setting next_dagrun for example_task_group_decorator to None, run_after=None
[2025-03-19T00:01:34.767+0000] {processor.py:208} INFO - Processing /home/airflow/.local/lib/python3.12/site-packages/airflow/example_dags/example_task_group_decorator.py took 0.037 seconds
[2025-03-19T00:02:05.749+0000] {processor.py:186} INFO - Started process (PID=17047) to work on /home/airflow/.local/lib/python3.12/site-packages/airflow/example_dags/example_task_group_decorator.py
[2025-03-19T00:02:05.751+0000] {processor.py:914} INFO - Processing file /home/airflow/.local/lib/python3.12/site-packages/airflow/example_dags/example_task_group_decorator.py for tasks to queue
[2025-03-19T00:02:05.752+0000] {logging_mixin.py:190} INFO - [2025-03-19T00:02:05.751+0000] {dagbag.py:588} INFO - Filling up the DagBag from /home/airflow/.local/lib/python3.12/site-packages/airflow/example_dags/example_task_group_decorator.py
[2025-03-19T00:02:05.760+0000] {processor.py:925} INFO - DAG(s) 'example_task_group_decorator' retrieved from /home/airflow/.local/lib/python3.12/site-packages/airflow/example_dags/example_task_group_decorator.py
[2025-03-19T00:02:05.776+0000] {logging_mixin.py:190} INFO - [2025-03-19T00:02:05.775+0000] {dag.py:3239} INFO - Sync 1 DAGs
[2025-03-19T00:02:05.781+0000] {logging_mixin.py:190} INFO - [2025-03-19T00:02:05.781+0000] {dag.py:4180} INFO - Setting next_dagrun for example_task_group_decorator to None, run_after=None
[2025-03-19T00:02:05.788+0000] {processor.py:208} INFO - Processing /home/airflow/.local/lib/python3.12/site-packages/airflow/example_dags/example_task_group_decorator.py took 0.041 seconds
[2025-03-19T00:02:35.905+0000] {processor.py:186} INFO - Started process (PID=17110) to work on /home/airflow/.local/lib/python3.12/site-packages/airflow/example_dags/example_task_group_decorator.py
[2025-03-19T00:02:35.908+0000] {processor.py:914} INFO - Processing file /home/airflow/.local/lib/python3.12/site-packages/airflow/example_dags/example_task_group_decorator.py for tasks to queue
[2025-03-19T00:02:35.910+0000] {logging_mixin.py:190} INFO - [2025-03-19T00:02:35.909+0000] {dagbag.py:588} INFO - Filling up the DagBag from /home/airflow/.local/lib/python3.12/site-packages/airflow/example_dags/example_task_group_decorator.py
[2025-03-19T00:02:35.920+0000] {processor.py:925} INFO - DAG(s) 'example_task_group_decorator' retrieved from /home/airflow/.local/lib/python3.12/site-packages/airflow/example_dags/example_task_group_decorator.py
[2025-03-19T00:02:35.935+0000] {logging_mixin.py:190} INFO - [2025-03-19T00:02:35.935+0000] {dag.py:3239} INFO - Sync 1 DAGs
[2025-03-19T00:02:35.941+0000] {logging_mixin.py:190} INFO - [2025-03-19T00:02:35.941+0000] {dag.py:4180} INFO - Setting next_dagrun for example_task_group_decorator to None, run_after=None
[2025-03-19T00:02:35.952+0000] {processor.py:208} INFO - Processing /home/airflow/.local/lib/python3.12/site-packages/airflow/example_dags/example_task_group_decorator.py took 0.049 seconds
[2025-03-19T00:03:06.055+0000] {processor.py:186} INFO - Started process (PID=17173) to work on /home/airflow/.local/lib/python3.12/site-packages/airflow/example_dags/example_task_group_decorator.py
[2025-03-19T00:03:06.055+0000] {processor.py:914} INFO - Processing file /home/airflow/.local/lib/python3.12/site-packages/airflow/example_dags/example_task_group_decorator.py for tasks to queue
[2025-03-19T00:03:06.057+0000] {logging_mixin.py:190} INFO - [2025-03-19T00:03:06.057+0000] {dagbag.py:588} INFO - Filling up the DagBag from /home/airflow/.local/lib/python3.12/site-packages/airflow/example_dags/example_task_group_decorator.py
[2025-03-19T00:03:06.064+0000] {processor.py:925} INFO - DAG(s) 'example_task_group_decorator' retrieved from /home/airflow/.local/lib/python3.12/site-packages/airflow/example_dags/example_task_group_decorator.py
[2025-03-19T00:03:06.079+0000] {logging_mixin.py:190} INFO - [2025-03-19T00:03:06.079+0000] {dag.py:3239} INFO - Sync 1 DAGs
[2025-03-19T00:03:06.085+0000] {logging_mixin.py:190} INFO - [2025-03-19T00:03:06.084+0000] {dag.py:4180} INFO - Setting next_dagrun for example_task_group_decorator to None, run_after=None
[2025-03-19T00:03:06.091+0000] {processor.py:208} INFO - Processing /home/airflow/.local/lib/python3.12/site-packages/airflow/example_dags/example_task_group_decorator.py took 0.039 seconds
[2025-03-19T00:03:36.245+0000] {processor.py:186} INFO - Started process (PID=17236) to work on /home/airflow/.local/lib/python3.12/site-packages/airflow/example_dags/example_task_group_decorator.py
[2025-03-19T00:03:36.246+0000] {processor.py:914} INFO - Processing file /home/airflow/.local/lib/python3.12/site-packages/airflow/example_dags/example_task_group_decorator.py for tasks to queue
[2025-03-19T00:03:36.247+0000] {logging_mixin.py:190} INFO - [2025-03-19T00:03:36.247+0000] {dagbag.py:588} INFO - Filling up the DagBag from /home/airflow/.local/lib/python3.12/site-packages/airflow/example_dags/example_task_group_decorator.py
[2025-03-19T00:03:36.257+0000] {processor.py:925} INFO - DAG(s) 'example_task_group_decorator' retrieved from /home/airflow/.local/lib/python3.12/site-packages/airflow/example_dags/example_task_group_decorator.py
[2025-03-19T00:03:36.274+0000] {logging_mixin.py:190} INFO - [2025-03-19T00:03:36.274+0000] {dag.py:3239} INFO - Sync 1 DAGs
[2025-03-19T00:03:36.280+0000] {logging_mixin.py:190} INFO - [2025-03-19T00:03:36.279+0000] {dag.py:4180} INFO - Setting next_dagrun for example_task_group_decorator to None, run_after=None
[2025-03-19T00:03:36.289+0000] {processor.py:208} INFO - Processing /home/airflow/.local/lib/python3.12/site-packages/airflow/example_dags/example_task_group_decorator.py took 0.046 seconds
[2025-03-19T00:04:07.239+0000] {processor.py:186} INFO - Started process (PID=17305) to work on /home/airflow/.local/lib/python3.12/site-packages/airflow/example_dags/example_task_group_decorator.py
[2025-03-19T00:04:07.240+0000] {processor.py:914} INFO - Processing file /home/airflow/.local/lib/python3.12/site-packages/airflow/example_dags/example_task_group_decorator.py for tasks to queue
[2025-03-19T00:04:07.241+0000] {logging_mixin.py:190} INFO - [2025-03-19T00:04:07.240+0000] {dagbag.py:588} INFO - Filling up the DagBag from /home/airflow/.local/lib/python3.12/site-packages/airflow/example_dags/example_task_group_decorator.py
[2025-03-19T00:04:07.247+0000] {processor.py:925} INFO - DAG(s) 'example_task_group_decorator' retrieved from /home/airflow/.local/lib/python3.12/site-packages/airflow/example_dags/example_task_group_decorator.py
[2025-03-19T00:04:07.260+0000] {logging_mixin.py:190} INFO - [2025-03-19T00:04:07.260+0000] {dag.py:3239} INFO - Sync 1 DAGs
[2025-03-19T00:04:07.264+0000] {logging_mixin.py:190} INFO - [2025-03-19T00:04:07.264+0000] {dag.py:4180} INFO - Setting next_dagrun for example_task_group_decorator to None, run_after=None
[2025-03-19T00:04:07.273+0000] {processor.py:208} INFO - Processing /home/airflow/.local/lib/python3.12/site-packages/airflow/example_dags/example_task_group_decorator.py took 0.036 seconds
[2025-03-19T00:04:38.277+0000] {processor.py:186} INFO - Started process (PID=17368) to work on /home/airflow/.local/lib/python3.12/site-packages/airflow/example_dags/example_task_group_decorator.py
[2025-03-19T00:04:38.278+0000] {processor.py:914} INFO - Processing file /home/airflow/.local/lib/python3.12/site-packages/airflow/example_dags/example_task_group_decorator.py for tasks to queue
[2025-03-19T00:04:38.279+0000] {logging_mixin.py:190} INFO - [2025-03-19T00:04:38.279+0000] {dagbag.py:588} INFO - Filling up the DagBag from /home/airflow/.local/lib/python3.12/site-packages/airflow/example_dags/example_task_group_decorator.py
[2025-03-19T00:04:38.285+0000] {processor.py:925} INFO - DAG(s) 'example_task_group_decorator' retrieved from /home/airflow/.local/lib/python3.12/site-packages/airflow/example_dags/example_task_group_decorator.py
[2025-03-19T00:04:38.294+0000] {logging_mixin.py:190} INFO - [2025-03-19T00:04:38.294+0000] {dag.py:3239} INFO - Sync 1 DAGs
[2025-03-19T00:04:38.300+0000] {logging_mixin.py:190} INFO - [2025-03-19T00:04:38.300+0000] {dag.py:4180} INFO - Setting next_dagrun for example_task_group_decorator to None, run_after=None
[2025-03-19T00:04:38.308+0000] {processor.py:208} INFO - Processing /home/airflow/.local/lib/python3.12/site-packages/airflow/example_dags/example_task_group_decorator.py took 0.034 seconds
[2025-03-19T00:05:09.304+0000] {processor.py:186} INFO - Started process (PID=17431) to work on /home/airflow/.local/lib/python3.12/site-packages/airflow/example_dags/example_task_group_decorator.py
[2025-03-19T00:05:09.305+0000] {processor.py:914} INFO - Processing file /home/airflow/.local/lib/python3.12/site-packages/airflow/example_dags/example_task_group_decorator.py for tasks to queue
[2025-03-19T00:05:09.306+0000] {logging_mixin.py:190} INFO - [2025-03-19T00:05:09.306+0000] {dagbag.py:588} INFO - Filling up the DagBag from /home/airflow/.local/lib/python3.12/site-packages/airflow/example_dags/example_task_group_decorator.py
[2025-03-19T00:05:09.312+0000] {processor.py:925} INFO - DAG(s) 'example_task_group_decorator' retrieved from /home/airflow/.local/lib/python3.12/site-packages/airflow/example_dags/example_task_group_decorator.py
[2025-03-19T00:05:09.321+0000] {logging_mixin.py:190} INFO - [2025-03-19T00:05:09.320+0000] {dag.py:3239} INFO - Sync 1 DAGs
[2025-03-19T00:05:09.326+0000] {logging_mixin.py:190} INFO - [2025-03-19T00:05:09.326+0000] {dag.py:4180} INFO - Setting next_dagrun for example_task_group_decorator to None, run_after=None
[2025-03-19T00:05:09.334+0000] {processor.py:208} INFO - Processing /home/airflow/.local/lib/python3.12/site-packages/airflow/example_dags/example_task_group_decorator.py took 0.032 seconds
[2025-03-19T00:05:39.444+0000] {processor.py:186} INFO - Started process (PID=17494) to work on /home/airflow/.local/lib/python3.12/site-packages/airflow/example_dags/example_task_group_decorator.py
[2025-03-19T00:05:39.444+0000] {processor.py:914} INFO - Processing file /home/airflow/.local/lib/python3.12/site-packages/airflow/example_dags/example_task_group_decorator.py for tasks to queue
[2025-03-19T00:05:39.445+0000] {logging_mixin.py:190} INFO - [2025-03-19T00:05:39.445+0000] {dagbag.py:588} INFO - Filling up the DagBag from /home/airflow/.local/lib/python3.12/site-packages/airflow/example_dags/example_task_group_decorator.py
[2025-03-19T00:05:39.451+0000] {processor.py:925} INFO - DAG(s) 'example_task_group_decorator' retrieved from /home/airflow/.local/lib/python3.12/site-packages/airflow/example_dags/example_task_group_decorator.py
[2025-03-19T00:05:39.459+0000] {logging_mixin.py:190} INFO - [2025-03-19T00:05:39.459+0000] {dag.py:3239} INFO - Sync 1 DAGs
[2025-03-19T00:05:39.463+0000] {logging_mixin.py:190} INFO - [2025-03-19T00:05:39.463+0000] {dag.py:4180} INFO - Setting next_dagrun for example_task_group_decorator to None, run_after=None
[2025-03-19T00:05:39.468+0000] {processor.py:208} INFO - Processing /home/airflow/.local/lib/python3.12/site-packages/airflow/example_dags/example_task_group_decorator.py took 0.027 seconds
[2025-03-19T00:06:09.665+0000] {processor.py:186} INFO - Started process (PID=17557) to work on /home/airflow/.local/lib/python3.12/site-packages/airflow/example_dags/example_task_group_decorator.py
[2025-03-19T00:06:09.665+0000] {processor.py:914} INFO - Processing file /home/airflow/.local/lib/python3.12/site-packages/airflow/example_dags/example_task_group_decorator.py for tasks to queue
[2025-03-19T00:06:09.666+0000] {logging_mixin.py:190} INFO - [2025-03-19T00:06:09.666+0000] {dagbag.py:588} INFO - Filling up the DagBag from /home/airflow/.local/lib/python3.12/site-packages/airflow/example_dags/example_task_group_decorator.py
[2025-03-19T00:06:09.673+0000] {processor.py:925} INFO - DAG(s) 'example_task_group_decorator' retrieved from /home/airflow/.local/lib/python3.12/site-packages/airflow/example_dags/example_task_group_decorator.py
[2025-03-19T00:06:09.685+0000] {logging_mixin.py:190} INFO - [2025-03-19T00:06:09.685+0000] {dag.py:3239} INFO - Sync 1 DAGs
[2025-03-19T00:06:09.691+0000] {logging_mixin.py:190} INFO - [2025-03-19T00:06:09.691+0000] {dag.py:4180} INFO - Setting next_dagrun for example_task_group_decorator to None, run_after=None
[2025-03-19T00:06:09.699+0000] {processor.py:208} INFO - Processing /home/airflow/.local/lib/python3.12/site-packages/airflow/example_dags/example_task_group_decorator.py took 0.037 seconds
[2025-03-19T00:06:39.804+0000] {processor.py:186} INFO - Started process (PID=17620) to work on /home/airflow/.local/lib/python3.12/site-packages/airflow/example_dags/example_task_group_decorator.py
[2025-03-19T00:06:39.805+0000] {processor.py:914} INFO - Processing file /home/airflow/.local/lib/python3.12/site-packages/airflow/example_dags/example_task_group_decorator.py for tasks to queue
[2025-03-19T00:06:39.807+0000] {logging_mixin.py:190} INFO - [2025-03-19T00:06:39.807+0000] {dagbag.py:588} INFO - Filling up the DagBag from /home/airflow/.local/lib/python3.12/site-packages/airflow/example_dags/example_task_group_decorator.py
[2025-03-19T00:06:39.814+0000] {processor.py:925} INFO - DAG(s) 'example_task_group_decorator' retrieved from /home/airflow/.local/lib/python3.12/site-packages/airflow/example_dags/example_task_group_decorator.py
[2025-03-19T00:06:39.827+0000] {logging_mixin.py:190} INFO - [2025-03-19T00:06:39.827+0000] {dag.py:3239} INFO - Sync 1 DAGs
[2025-03-19T00:06:39.832+0000] {logging_mixin.py:190} INFO - [2025-03-19T00:06:39.832+0000] {dag.py:4180} INFO - Setting next_dagrun for example_task_group_decorator to None, run_after=None
[2025-03-19T00:06:39.840+0000] {processor.py:208} INFO - Processing /home/airflow/.local/lib/python3.12/site-packages/airflow/example_dags/example_task_group_decorator.py took 0.038 seconds
[2025-03-19T00:07:09.921+0000] {processor.py:186} INFO - Started process (PID=17683) to work on /home/airflow/.local/lib/python3.12/site-packages/airflow/example_dags/example_task_group_decorator.py
[2025-03-19T00:07:09.922+0000] {processor.py:914} INFO - Processing file /home/airflow/.local/lib/python3.12/site-packages/airflow/example_dags/example_task_group_decorator.py for tasks to queue
[2025-03-19T00:07:09.923+0000] {logging_mixin.py:190} INFO - [2025-03-19T00:07:09.923+0000] {dagbag.py:588} INFO - Filling up the DagBag from /home/airflow/.local/lib/python3.12/site-packages/airflow/example_dags/example_task_group_decorator.py
[2025-03-19T00:07:09.931+0000] {processor.py:925} INFO - DAG(s) 'example_task_group_decorator' retrieved from /home/airflow/.local/lib/python3.12/site-packages/airflow/example_dags/example_task_group_decorator.py
[2025-03-19T00:07:09.944+0000] {logging_mixin.py:190} INFO - [2025-03-19T00:07:09.944+0000] {dag.py:3239} INFO - Sync 1 DAGs
[2025-03-19T00:07:09.949+0000] {logging_mixin.py:190} INFO - [2025-03-19T00:07:09.949+0000] {dag.py:4180} INFO - Setting next_dagrun for example_task_group_decorator to None, run_after=None
[2025-03-19T00:07:09.958+0000] {processor.py:208} INFO - Processing /home/airflow/.local/lib/python3.12/site-packages/airflow/example_dags/example_task_group_decorator.py took 0.039 seconds
[2025-03-19T00:07:40.093+0000] {processor.py:186} INFO - Started process (PID=17746) to work on /home/airflow/.local/lib/python3.12/site-packages/airflow/example_dags/example_task_group_decorator.py
[2025-03-19T00:07:40.094+0000] {processor.py:914} INFO - Processing file /home/airflow/.local/lib/python3.12/site-packages/airflow/example_dags/example_task_group_decorator.py for tasks to queue
[2025-03-19T00:07:40.095+0000] {logging_mixin.py:190} INFO - [2025-03-19T00:07:40.095+0000] {dagbag.py:588} INFO - Filling up the DagBag from /home/airflow/.local/lib/python3.12/site-packages/airflow/example_dags/example_task_group_decorator.py
[2025-03-19T00:07:40.101+0000] {processor.py:925} INFO - DAG(s) 'example_task_group_decorator' retrieved from /home/airflow/.local/lib/python3.12/site-packages/airflow/example_dags/example_task_group_decorator.py
[2025-03-19T00:07:40.110+0000] {logging_mixin.py:190} INFO - [2025-03-19T00:07:40.110+0000] {dag.py:3239} INFO - Sync 1 DAGs
[2025-03-19T00:07:40.114+0000] {logging_mixin.py:190} INFO - [2025-03-19T00:07:40.114+0000] {dag.py:4180} INFO - Setting next_dagrun for example_task_group_decorator to None, run_after=None
[2025-03-19T00:07:40.123+0000] {processor.py:208} INFO - Processing /home/airflow/.local/lib/python3.12/site-packages/airflow/example_dags/example_task_group_decorator.py took 0.032 seconds
