[2025-03-19T00:00:12.642+0000] {processor.py:186} INFO - Started process (PID=16830) to work on /home/airflow/.local/lib/python3.12/site-packages/airflow/example_dags/example_params_trigger_ui.py
[2025-03-19T00:00:12.642+0000] {processor.py:914} INFO - Processing file /home/airflow/.local/lib/python3.12/site-packages/airflow/example_dags/example_params_trigger_ui.py for tasks to queue
[2025-03-19T00:00:12.643+0000] {logging_mixin.py:190} INFO - [2025-03-19T00:00:12.643+0000] {dagbag.py:588} INFO - Filling up the DagBag from /home/airflow/.local/lib/python3.12/site-packages/airflow/example_dags/example_params_trigger_ui.py
[2025-03-19T00:00:12.649+0000] {processor.py:925} INFO - DAG(s) 'example_params_trigger_ui' retrieved from /home/airflow/.local/lib/python3.12/site-packages/airflow/example_dags/example_params_trigger_ui.py
[2025-03-19T00:00:12.665+0000] {logging_mixin.py:190} INFO - [2025-03-19T00:00:12.665+0000] {dag.py:3239} INFO - Sync 1 DAGs
[2025-03-19T00:00:12.670+0000] {logging_mixin.py:190} INFO - [2025-03-19T00:00:12.670+0000] {dag.py:4180} INFO - Setting next_dagrun for example_params_trigger_ui to None, run_after=None
[2025-03-19T00:00:12.676+0000] {processor.py:208} INFO - Processing /home/airflow/.local/lib/python3.12/site-packages/airflow/example_dags/example_params_trigger_ui.py took 0.037 seconds
[2025-03-19T00:00:43.759+0000] {processor.py:186} INFO - Started process (PID=16893) to work on /home/airflow/.local/lib/python3.12/site-packages/airflow/example_dags/example_params_trigger_ui.py
[2025-03-19T00:00:43.759+0000] {processor.py:914} INFO - Processing file /home/airflow/.local/lib/python3.12/site-packages/airflow/example_dags/example_params_trigger_ui.py for tasks to queue
[2025-03-19T00:00:43.760+0000] {logging_mixin.py:190} INFO - [2025-03-19T00:00:43.760+0000] {dagbag.py:588} INFO - Filling up the DagBag from /home/airflow/.local/lib/python3.12/site-packages/airflow/example_dags/example_params_trigger_ui.py
[2025-03-19T00:00:43.767+0000] {processor.py:925} INFO - DAG(s) 'example_params_trigger_ui' retrieved from /home/airflow/.local/lib/python3.12/site-packages/airflow/example_dags/example_params_trigger_ui.py
[2025-03-19T00:00:43.783+0000] {logging_mixin.py:190} INFO - [2025-03-19T00:00:43.782+0000] {dag.py:3239} INFO - Sync 1 DAGs
[2025-03-19T00:00:43.788+0000] {logging_mixin.py:190} INFO - [2025-03-19T00:00:43.788+0000] {dag.py:4180} INFO - Setting next_dagrun for example_params_trigger_ui to None, run_after=None
[2025-03-19T00:00:43.795+0000] {processor.py:208} INFO - Processing /home/airflow/.local/lib/python3.12/site-packages/airflow/example_dags/example_params_trigger_ui.py took 0.039 seconds
[2025-03-19T00:01:14.804+0000] {processor.py:186} INFO - Started process (PID=16956) to work on /home/airflow/.local/lib/python3.12/site-packages/airflow/example_dags/example_params_trigger_ui.py
[2025-03-19T00:01:14.804+0000] {processor.py:914} INFO - Processing file /home/airflow/.local/lib/python3.12/site-packages/airflow/example_dags/example_params_trigger_ui.py for tasks to queue
[2025-03-19T00:01:14.806+0000] {logging_mixin.py:190} INFO - [2025-03-19T00:01:14.805+0000] {dagbag.py:588} INFO - Filling up the DagBag from /home/airflow/.local/lib/python3.12/site-packages/airflow/example_dags/example_params_trigger_ui.py
[2025-03-19T00:01:14.810+0000] {processor.py:925} INFO - DAG(s) 'example_params_trigger_ui' retrieved from /home/airflow/.local/lib/python3.12/site-packages/airflow/example_dags/example_params_trigger_ui.py
[2025-03-19T00:01:14.825+0000] {logging_mixin.py:190} INFO - [2025-03-19T00:01:14.825+0000] {dag.py:3239} INFO - Sync 1 DAGs
[2025-03-19T00:01:14.831+0000] {logging_mixin.py:190} INFO - [2025-03-19T00:01:14.831+0000] {dag.py:4180} INFO - Setting next_dagrun for example_params_trigger_ui to None, run_after=None
[2025-03-19T00:01:14.841+0000] {processor.py:208} INFO - Processing /home/airflow/.local/lib/python3.12/site-packages/airflow/example_dags/example_params_trigger_ui.py took 0.039 seconds
[2025-03-19T00:01:45.837+0000] {processor.py:186} INFO - Started process (PID=17019) to work on /home/airflow/.local/lib/python3.12/site-packages/airflow/example_dags/example_params_trigger_ui.py
[2025-03-19T00:01:45.838+0000] {processor.py:914} INFO - Processing file /home/airflow/.local/lib/python3.12/site-packages/airflow/example_dags/example_params_trigger_ui.py for tasks to queue
[2025-03-19T00:01:45.841+0000] {logging_mixin.py:190} INFO - [2025-03-19T00:01:45.841+0000] {dagbag.py:588} INFO - Filling up the DagBag from /home/airflow/.local/lib/python3.12/site-packages/airflow/example_dags/example_params_trigger_ui.py
[2025-03-19T00:01:45.847+0000] {processor.py:925} INFO - DAG(s) 'example_params_trigger_ui' retrieved from /home/airflow/.local/lib/python3.12/site-packages/airflow/example_dags/example_params_trigger_ui.py
[2025-03-19T00:01:45.864+0000] {logging_mixin.py:190} INFO - [2025-03-19T00:01:45.864+0000] {dag.py:3239} INFO - Sync 1 DAGs
[2025-03-19T00:01:45.870+0000] {logging_mixin.py:190} INFO - [2025-03-19T00:01:45.870+0000] {dag.py:4180} INFO - Setting next_dagrun for example_params_trigger_ui to None, run_after=None
[2025-03-19T00:01:45.878+0000] {processor.py:208} INFO - Processing /home/airflow/.local/lib/python3.12/site-packages/airflow/example_dags/example_params_trigger_ui.py took 0.044 seconds
[2025-03-19T00:02:16.985+0000] {processor.py:186} INFO - Started process (PID=17082) to work on /home/airflow/.local/lib/python3.12/site-packages/airflow/example_dags/example_params_trigger_ui.py
[2025-03-19T00:02:16.985+0000] {processor.py:914} INFO - Processing file /home/airflow/.local/lib/python3.12/site-packages/airflow/example_dags/example_params_trigger_ui.py for tasks to queue
[2025-03-19T00:02:16.986+0000] {logging_mixin.py:190} INFO - [2025-03-19T00:02:16.986+0000] {dagbag.py:588} INFO - Filling up the DagBag from /home/airflow/.local/lib/python3.12/site-packages/airflow/example_dags/example_params_trigger_ui.py
[2025-03-19T00:02:16.991+0000] {processor.py:925} INFO - DAG(s) 'example_params_trigger_ui' retrieved from /home/airflow/.local/lib/python3.12/site-packages/airflow/example_dags/example_params_trigger_ui.py
[2025-03-19T00:02:17.012+0000] {logging_mixin.py:190} INFO - [2025-03-19T00:02:17.012+0000] {dag.py:3239} INFO - Sync 1 DAGs
[2025-03-19T00:02:17.018+0000] {logging_mixin.py:190} INFO - [2025-03-19T00:02:17.018+0000] {dag.py:4180} INFO - Setting next_dagrun for example_params_trigger_ui to None, run_after=None
[2025-03-19T00:02:17.030+0000] {processor.py:208} INFO - Processing /home/airflow/.local/lib/python3.12/site-packages/airflow/example_dags/example_params_trigger_ui.py took 0.047 seconds
[2025-03-19T00:02:48.117+0000] {processor.py:186} INFO - Started process (PID=17145) to work on /home/airflow/.local/lib/python3.12/site-packages/airflow/example_dags/example_params_trigger_ui.py
[2025-03-19T00:02:48.117+0000] {processor.py:914} INFO - Processing file /home/airflow/.local/lib/python3.12/site-packages/airflow/example_dags/example_params_trigger_ui.py for tasks to queue
[2025-03-19T00:02:48.118+0000] {logging_mixin.py:190} INFO - [2025-03-19T00:02:48.118+0000] {dagbag.py:588} INFO - Filling up the DagBag from /home/airflow/.local/lib/python3.12/site-packages/airflow/example_dags/example_params_trigger_ui.py
[2025-03-19T00:02:48.122+0000] {processor.py:925} INFO - DAG(s) 'example_params_trigger_ui' retrieved from /home/airflow/.local/lib/python3.12/site-packages/airflow/example_dags/example_params_trigger_ui.py
[2025-03-19T00:02:48.135+0000] {logging_mixin.py:190} INFO - [2025-03-19T00:02:48.135+0000] {dag.py:3239} INFO - Sync 1 DAGs
[2025-03-19T00:02:48.140+0000] {logging_mixin.py:190} INFO - [2025-03-19T00:02:48.140+0000] {dag.py:4180} INFO - Setting next_dagrun for example_params_trigger_ui to None, run_after=None
[2025-03-19T00:02:48.146+0000] {processor.py:208} INFO - Processing /home/airflow/.local/lib/python3.12/site-packages/airflow/example_dags/example_params_trigger_ui.py took 0.031 seconds
[2025-03-19T00:03:19.252+0000] {processor.py:186} INFO - Started process (PID=17208) to work on /home/airflow/.local/lib/python3.12/site-packages/airflow/example_dags/example_params_trigger_ui.py
[2025-03-19T00:03:19.252+0000] {processor.py:914} INFO - Processing file /home/airflow/.local/lib/python3.12/site-packages/airflow/example_dags/example_params_trigger_ui.py for tasks to queue
[2025-03-19T00:03:19.253+0000] {logging_mixin.py:190} INFO - [2025-03-19T00:03:19.253+0000] {dagbag.py:588} INFO - Filling up the DagBag from /home/airflow/.local/lib/python3.12/site-packages/airflow/example_dags/example_params_trigger_ui.py
[2025-03-19T00:03:19.260+0000] {processor.py:925} INFO - DAG(s) 'example_params_trigger_ui' retrieved from /home/airflow/.local/lib/python3.12/site-packages/airflow/example_dags/example_params_trigger_ui.py
[2025-03-19T00:03:19.276+0000] {logging_mixin.py:190} INFO - [2025-03-19T00:03:19.276+0000] {dag.py:3239} INFO - Sync 1 DAGs
[2025-03-19T00:03:19.281+0000] {logging_mixin.py:190} INFO - [2025-03-19T00:03:19.281+0000] {dag.py:4180} INFO - Setting next_dagrun for example_params_trigger_ui to None, run_after=None
[2025-03-19T00:03:19.291+0000] {processor.py:208} INFO - Processing /home/airflow/.local/lib/python3.12/site-packages/airflow/example_dags/example_params_trigger_ui.py took 0.042 seconds
[2025-03-19T00:03:50.369+0000] {processor.py:186} INFO - Started process (PID=17271) to work on /home/airflow/.local/lib/python3.12/site-packages/airflow/example_dags/example_params_trigger_ui.py
[2025-03-19T00:03:50.371+0000] {processor.py:914} INFO - Processing file /home/airflow/.local/lib/python3.12/site-packages/airflow/example_dags/example_params_trigger_ui.py for tasks to queue
[2025-03-19T00:03:50.372+0000] {logging_mixin.py:190} INFO - [2025-03-19T00:03:50.372+0000] {dagbag.py:588} INFO - Filling up the DagBag from /home/airflow/.local/lib/python3.12/site-packages/airflow/example_dags/example_params_trigger_ui.py
[2025-03-19T00:03:50.376+0000] {processor.py:925} INFO - DAG(s) 'example_params_trigger_ui' retrieved from /home/airflow/.local/lib/python3.12/site-packages/airflow/example_dags/example_params_trigger_ui.py
[2025-03-19T00:03:50.391+0000] {logging_mixin.py:190} INFO - [2025-03-19T00:03:50.391+0000] {dag.py:3239} INFO - Sync 1 DAGs
[2025-03-19T00:03:50.398+0000] {logging_mixin.py:190} INFO - [2025-03-19T00:03:50.398+0000] {dag.py:4180} INFO - Setting next_dagrun for example_params_trigger_ui to None, run_after=None
[2025-03-19T00:03:50.407+0000] {processor.py:208} INFO - Processing /home/airflow/.local/lib/python3.12/site-packages/airflow/example_dags/example_params_trigger_ui.py took 0.039 seconds
[2025-03-19T00:04:21.345+0000] {processor.py:186} INFO - Started process (PID=17334) to work on /home/airflow/.local/lib/python3.12/site-packages/airflow/example_dags/example_params_trigger_ui.py
[2025-03-19T00:04:21.345+0000] {processor.py:914} INFO - Processing file /home/airflow/.local/lib/python3.12/site-packages/airflow/example_dags/example_params_trigger_ui.py for tasks to queue
[2025-03-19T00:04:21.346+0000] {logging_mixin.py:190} INFO - [2025-03-19T00:04:21.346+0000] {dagbag.py:588} INFO - Filling up the DagBag from /home/airflow/.local/lib/python3.12/site-packages/airflow/example_dags/example_params_trigger_ui.py
[2025-03-19T00:04:21.351+0000] {processor.py:925} INFO - DAG(s) 'example_params_trigger_ui' retrieved from /home/airflow/.local/lib/python3.12/site-packages/airflow/example_dags/example_params_trigger_ui.py
[2025-03-19T00:04:21.370+0000] {logging_mixin.py:190} INFO - [2025-03-19T00:04:21.370+0000] {dag.py:3239} INFO - Sync 1 DAGs
[2025-03-19T00:04:21.375+0000] {logging_mixin.py:190} INFO - [2025-03-19T00:04:21.375+0000] {dag.py:4180} INFO - Setting next_dagrun for example_params_trigger_ui to None, run_after=None
[2025-03-19T00:04:21.382+0000] {processor.py:208} INFO - Processing /home/airflow/.local/lib/python3.12/site-packages/airflow/example_dags/example_params_trigger_ui.py took 0.040 seconds
[2025-03-19T00:04:52.389+0000] {processor.py:186} INFO - Started process (PID=17397) to work on /home/airflow/.local/lib/python3.12/site-packages/airflow/example_dags/example_params_trigger_ui.py
[2025-03-19T00:04:52.390+0000] {processor.py:914} INFO - Processing file /home/airflow/.local/lib/python3.12/site-packages/airflow/example_dags/example_params_trigger_ui.py for tasks to queue
[2025-03-19T00:04:52.391+0000] {logging_mixin.py:190} INFO - [2025-03-19T00:04:52.390+0000] {dagbag.py:588} INFO - Filling up the DagBag from /home/airflow/.local/lib/python3.12/site-packages/airflow/example_dags/example_params_trigger_ui.py
[2025-03-19T00:04:52.395+0000] {processor.py:925} INFO - DAG(s) 'example_params_trigger_ui' retrieved from /home/airflow/.local/lib/python3.12/site-packages/airflow/example_dags/example_params_trigger_ui.py
[2025-03-19T00:04:52.412+0000] {logging_mixin.py:190} INFO - [2025-03-19T00:04:52.412+0000] {dag.py:3239} INFO - Sync 1 DAGs
[2025-03-19T00:04:52.418+0000] {logging_mixin.py:190} INFO - [2025-03-19T00:04:52.418+0000] {dag.py:4180} INFO - Setting next_dagrun for example_params_trigger_ui to None, run_after=None
[2025-03-19T00:04:52.429+0000] {processor.py:208} INFO - Processing /home/airflow/.local/lib/python3.12/site-packages/airflow/example_dags/example_params_trigger_ui.py took 0.042 seconds
[2025-03-19T00:05:23.528+0000] {processor.py:186} INFO - Started process (PID=17460) to work on /home/airflow/.local/lib/python3.12/site-packages/airflow/example_dags/example_params_trigger_ui.py
[2025-03-19T00:05:23.531+0000] {processor.py:914} INFO - Processing file /home/airflow/.local/lib/python3.12/site-packages/airflow/example_dags/example_params_trigger_ui.py for tasks to queue
[2025-03-19T00:05:23.532+0000] {logging_mixin.py:190} INFO - [2025-03-19T00:05:23.531+0000] {dagbag.py:588} INFO - Filling up the DagBag from /home/airflow/.local/lib/python3.12/site-packages/airflow/example_dags/example_params_trigger_ui.py
[2025-03-19T00:05:23.536+0000] {processor.py:925} INFO - DAG(s) 'example_params_trigger_ui' retrieved from /home/airflow/.local/lib/python3.12/site-packages/airflow/example_dags/example_params_trigger_ui.py
[2025-03-19T00:05:23.553+0000] {logging_mixin.py:190} INFO - [2025-03-19T00:05:23.553+0000] {dag.py:3239} INFO - Sync 1 DAGs
[2025-03-19T00:05:23.558+0000] {logging_mixin.py:190} INFO - [2025-03-19T00:05:23.558+0000] {dag.py:4180} INFO - Setting next_dagrun for example_params_trigger_ui to None, run_after=None
[2025-03-19T00:05:23.565+0000] {processor.py:208} INFO - Processing /home/airflow/.local/lib/python3.12/site-packages/airflow/example_dags/example_params_trigger_ui.py took 0.039 seconds
[2025-03-19T00:05:54.711+0000] {processor.py:186} INFO - Started process (PID=17523) to work on /home/airflow/.local/lib/python3.12/site-packages/airflow/example_dags/example_params_trigger_ui.py
[2025-03-19T00:05:54.712+0000] {processor.py:914} INFO - Processing file /home/airflow/.local/lib/python3.12/site-packages/airflow/example_dags/example_params_trigger_ui.py for tasks to queue
[2025-03-19T00:05:54.714+0000] {logging_mixin.py:190} INFO - [2025-03-19T00:05:54.714+0000] {dagbag.py:588} INFO - Filling up the DagBag from /home/airflow/.local/lib/python3.12/site-packages/airflow/example_dags/example_params_trigger_ui.py
[2025-03-19T00:05:54.719+0000] {processor.py:925} INFO - DAG(s) 'example_params_trigger_ui' retrieved from /home/airflow/.local/lib/python3.12/site-packages/airflow/example_dags/example_params_trigger_ui.py
[2025-03-19T00:05:54.736+0000] {logging_mixin.py:190} INFO - [2025-03-19T00:05:54.736+0000] {dag.py:3239} INFO - Sync 1 DAGs
[2025-03-19T00:05:54.741+0000] {logging_mixin.py:190} INFO - [2025-03-19T00:05:54.741+0000] {dag.py:4180} INFO - Setting next_dagrun for example_params_trigger_ui to None, run_after=None
[2025-03-19T00:05:54.748+0000] {processor.py:208} INFO - Processing /home/airflow/.local/lib/python3.12/site-packages/airflow/example_dags/example_params_trigger_ui.py took 0.039 seconds
[2025-03-19T00:06:25.905+0000] {processor.py:186} INFO - Started process (PID=17586) to work on /home/airflow/.local/lib/python3.12/site-packages/airflow/example_dags/example_params_trigger_ui.py
[2025-03-19T00:06:25.906+0000] {processor.py:914} INFO - Processing file /home/airflow/.local/lib/python3.12/site-packages/airflow/example_dags/example_params_trigger_ui.py for tasks to queue
[2025-03-19T00:06:25.907+0000] {logging_mixin.py:190} INFO - [2025-03-19T00:06:25.907+0000] {dagbag.py:588} INFO - Filling up the DagBag from /home/airflow/.local/lib/python3.12/site-packages/airflow/example_dags/example_params_trigger_ui.py
[2025-03-19T00:06:25.912+0000] {processor.py:925} INFO - DAG(s) 'example_params_trigger_ui' retrieved from /home/airflow/.local/lib/python3.12/site-packages/airflow/example_dags/example_params_trigger_ui.py
[2025-03-19T00:06:25.927+0000] {logging_mixin.py:190} INFO - [2025-03-19T00:06:25.927+0000] {dag.py:3239} INFO - Sync 1 DAGs
[2025-03-19T00:06:25.933+0000] {logging_mixin.py:190} INFO - [2025-03-19T00:06:25.933+0000] {dag.py:4180} INFO - Setting next_dagrun for example_params_trigger_ui to None, run_after=None
[2025-03-19T00:06:25.942+0000] {processor.py:208} INFO - Processing /home/airflow/.local/lib/python3.12/site-packages/airflow/example_dags/example_params_trigger_ui.py took 0.039 seconds
[2025-03-19T00:06:56.991+0000] {processor.py:186} INFO - Started process (PID=17649) to work on /home/airflow/.local/lib/python3.12/site-packages/airflow/example_dags/example_params_trigger_ui.py
[2025-03-19T00:06:56.991+0000] {processor.py:914} INFO - Processing file /home/airflow/.local/lib/python3.12/site-packages/airflow/example_dags/example_params_trigger_ui.py for tasks to queue
[2025-03-19T00:06:56.992+0000] {logging_mixin.py:190} INFO - [2025-03-19T00:06:56.992+0000] {dagbag.py:588} INFO - Filling up the DagBag from /home/airflow/.local/lib/python3.12/site-packages/airflow/example_dags/example_params_trigger_ui.py
[2025-03-19T00:06:56.997+0000] {processor.py:925} INFO - DAG(s) 'example_params_trigger_ui' retrieved from /home/airflow/.local/lib/python3.12/site-packages/airflow/example_dags/example_params_trigger_ui.py
[2025-03-19T00:06:57.016+0000] {logging_mixin.py:190} INFO - [2025-03-19T00:06:57.016+0000] {dag.py:3239} INFO - Sync 1 DAGs
[2025-03-19T00:06:57.022+0000] {logging_mixin.py:190} INFO - [2025-03-19T00:06:57.022+0000] {dag.py:4180} INFO - Setting next_dagrun for example_params_trigger_ui to None, run_after=None
[2025-03-19T00:06:57.030+0000] {processor.py:208} INFO - Processing /home/airflow/.local/lib/python3.12/site-packages/airflow/example_dags/example_params_trigger_ui.py took 0.042 seconds
[2025-03-19T00:07:28.228+0000] {processor.py:186} INFO - Started process (PID=17712) to work on /home/airflow/.local/lib/python3.12/site-packages/airflow/example_dags/example_params_trigger_ui.py
[2025-03-19T00:07:28.229+0000] {processor.py:914} INFO - Processing file /home/airflow/.local/lib/python3.12/site-packages/airflow/example_dags/example_params_trigger_ui.py for tasks to queue
[2025-03-19T00:07:28.231+0000] {logging_mixin.py:190} INFO - [2025-03-19T00:07:28.230+0000] {dagbag.py:588} INFO - Filling up the DagBag from /home/airflow/.local/lib/python3.12/site-packages/airflow/example_dags/example_params_trigger_ui.py
[2025-03-19T00:07:28.236+0000] {processor.py:925} INFO - DAG(s) 'example_params_trigger_ui' retrieved from /home/airflow/.local/lib/python3.12/site-packages/airflow/example_dags/example_params_trigger_ui.py
[2025-03-19T00:07:28.254+0000] {logging_mixin.py:190} INFO - [2025-03-19T00:07:28.254+0000] {dag.py:3239} INFO - Sync 1 DAGs
[2025-03-19T00:07:28.259+0000] {logging_mixin.py:190} INFO - [2025-03-19T00:07:28.259+0000] {dag.py:4180} INFO - Setting next_dagrun for example_params_trigger_ui to None, run_after=None
[2025-03-19T00:07:28.266+0000] {processor.py:208} INFO - Processing /home/airflow/.local/lib/python3.12/site-packages/airflow/example_dags/example_params_trigger_ui.py took 0.040 seconds
[2025-03-19T00:07:59.530+0000] {processor.py:186} INFO - Started process (PID=17775) to work on /home/airflow/.local/lib/python3.12/site-packages/airflow/example_dags/example_params_trigger_ui.py
[2025-03-19T00:07:59.531+0000] {processor.py:914} INFO - Processing file /home/airflow/.local/lib/python3.12/site-packages/airflow/example_dags/example_params_trigger_ui.py for tasks to queue
[2025-03-19T00:07:59.533+0000] {logging_mixin.py:190} INFO - [2025-03-19T00:07:59.533+0000] {dagbag.py:588} INFO - Filling up the DagBag from /home/airflow/.local/lib/python3.12/site-packages/airflow/example_dags/example_params_trigger_ui.py
[2025-03-19T00:07:59.538+0000] {processor.py:925} INFO - DAG(s) 'example_params_trigger_ui' retrieved from /home/airflow/.local/lib/python3.12/site-packages/airflow/example_dags/example_params_trigger_ui.py
[2025-03-19T00:07:59.554+0000] {logging_mixin.py:190} INFO - [2025-03-19T00:07:59.554+0000] {dag.py:3239} INFO - Sync 1 DAGs
[2025-03-19T00:07:59.559+0000] {logging_mixin.py:190} INFO - [2025-03-19T00:07:59.559+0000] {dag.py:4180} INFO - Setting next_dagrun for example_params_trigger_ui to None, run_after=None
[2025-03-19T00:07:59.574+0000] {processor.py:208} INFO - Processing /home/airflow/.local/lib/python3.12/site-packages/airflow/example_dags/example_params_trigger_ui.py took 0.046 seconds
