[2025-03-19T00:00:12.288+0000] {processor.py:186} INFO - Started process (PID=16815) to work on /home/airflow/.local/lib/python3.12/site-packages/airflow/example_dags/example_short_circuit_decorator.py
[2025-03-19T00:00:12.288+0000] {processor.py:914} INFO - Processing file /home/airflow/.local/lib/python3.12/site-packages/airflow/example_dags/example_short_circuit_decorator.py for tasks to queue
[2025-03-19T00:00:12.289+0000] {logging_mixin.py:190} INFO - [2025-03-19T00:00:12.289+0000] {dagbag.py:588} INFO - Filling up the DagBag from /home/airflow/.local/lib/python3.12/site-packages/airflow/example_dags/example_short_circuit_decorator.py
[2025-03-19T00:00:12.293+0000] {processor.py:925} INFO - DAG(s) 'example_short_circuit_decorator' retrieved from /home/airflow/.local/lib/python3.12/site-packages/airflow/example_dags/example_short_circuit_decorator.py
[2025-03-19T00:00:12.301+0000] {logging_mixin.py:190} INFO - [2025-03-19T00:00:12.300+0000] {dag.py:3239} INFO - Sync 1 DAGs
[2025-03-19T00:00:12.305+0000] {logging_mixin.py:190} INFO - [2025-03-19T00:00:12.305+0000] {dag.py:4180} INFO - Setting next_dagrun for example_short_circuit_decorator to None, run_after=None
[2025-03-19T00:00:12.310+0000] {processor.py:208} INFO - Processing /home/airflow/.local/lib/python3.12/site-packages/airflow/example_dags/example_short_circuit_decorator.py took 0.025 seconds
[2025-03-19T00:00:43.406+0000] {processor.py:186} INFO - Started process (PID=16878) to work on /home/airflow/.local/lib/python3.12/site-packages/airflow/example_dags/example_short_circuit_decorator.py
[2025-03-19T00:00:43.406+0000] {processor.py:914} INFO - Processing file /home/airflow/.local/lib/python3.12/site-packages/airflow/example_dags/example_short_circuit_decorator.py for tasks to queue
[2025-03-19T00:00:43.407+0000] {logging_mixin.py:190} INFO - [2025-03-19T00:00:43.407+0000] {dagbag.py:588} INFO - Filling up the DagBag from /home/airflow/.local/lib/python3.12/site-packages/airflow/example_dags/example_short_circuit_decorator.py
[2025-03-19T00:00:43.412+0000] {processor.py:925} INFO - DAG(s) 'example_short_circuit_decorator' retrieved from /home/airflow/.local/lib/python3.12/site-packages/airflow/example_dags/example_short_circuit_decorator.py
[2025-03-19T00:00:43.425+0000] {logging_mixin.py:190} INFO - [2025-03-19T00:00:43.425+0000] {dag.py:3239} INFO - Sync 1 DAGs
[2025-03-19T00:00:43.430+0000] {logging_mixin.py:190} INFO - [2025-03-19T00:00:43.430+0000] {dag.py:4180} INFO - Setting next_dagrun for example_short_circuit_decorator to None, run_after=None
[2025-03-19T00:00:43.440+0000] {processor.py:208} INFO - Processing /home/airflow/.local/lib/python3.12/site-packages/airflow/example_dags/example_short_circuit_decorator.py took 0.037 seconds
[2025-03-19T00:01:14.450+0000] {processor.py:186} INFO - Started process (PID=16941) to work on /home/airflow/.local/lib/python3.12/site-packages/airflow/example_dags/example_short_circuit_decorator.py
[2025-03-19T00:01:14.452+0000] {processor.py:914} INFO - Processing file /home/airflow/.local/lib/python3.12/site-packages/airflow/example_dags/example_short_circuit_decorator.py for tasks to queue
[2025-03-19T00:01:14.454+0000] {logging_mixin.py:190} INFO - [2025-03-19T00:01:14.454+0000] {dagbag.py:588} INFO - Filling up the DagBag from /home/airflow/.local/lib/python3.12/site-packages/airflow/example_dags/example_short_circuit_decorator.py
[2025-03-19T00:01:14.459+0000] {processor.py:925} INFO - DAG(s) 'example_short_circuit_decorator' retrieved from /home/airflow/.local/lib/python3.12/site-packages/airflow/example_dags/example_short_circuit_decorator.py
[2025-03-19T00:01:14.468+0000] {logging_mixin.py:190} INFO - [2025-03-19T00:01:14.468+0000] {dag.py:3239} INFO - Sync 1 DAGs
[2025-03-19T00:01:14.473+0000] {logging_mixin.py:190} INFO - [2025-03-19T00:01:14.473+0000] {dag.py:4180} INFO - Setting next_dagrun for example_short_circuit_decorator to None, run_after=None
[2025-03-19T00:01:14.480+0000] {processor.py:208} INFO - Processing /home/airflow/.local/lib/python3.12/site-packages/airflow/example_dags/example_short_circuit_decorator.py took 0.033 seconds
[2025-03-19T00:01:45.501+0000] {processor.py:186} INFO - Started process (PID=17004) to work on /home/airflow/.local/lib/python3.12/site-packages/airflow/example_dags/example_short_circuit_decorator.py
[2025-03-19T00:01:45.502+0000] {processor.py:914} INFO - Processing file /home/airflow/.local/lib/python3.12/site-packages/airflow/example_dags/example_short_circuit_decorator.py for tasks to queue
[2025-03-19T00:01:45.503+0000] {logging_mixin.py:190} INFO - [2025-03-19T00:01:45.503+0000] {dagbag.py:588} INFO - Filling up the DagBag from /home/airflow/.local/lib/python3.12/site-packages/airflow/example_dags/example_short_circuit_decorator.py
[2025-03-19T00:01:45.507+0000] {processor.py:925} INFO - DAG(s) 'example_short_circuit_decorator' retrieved from /home/airflow/.local/lib/python3.12/site-packages/airflow/example_dags/example_short_circuit_decorator.py
[2025-03-19T00:01:45.517+0000] {logging_mixin.py:190} INFO - [2025-03-19T00:01:45.517+0000] {dag.py:3239} INFO - Sync 1 DAGs
[2025-03-19T00:01:45.524+0000] {logging_mixin.py:190} INFO - [2025-03-19T00:01:45.524+0000] {dag.py:4180} INFO - Setting next_dagrun for example_short_circuit_decorator to None, run_after=None
[2025-03-19T00:01:45.533+0000] {processor.py:208} INFO - Processing /home/airflow/.local/lib/python3.12/site-packages/airflow/example_dags/example_short_circuit_decorator.py took 0.034 seconds
[2025-03-19T00:02:16.587+0000] {processor.py:186} INFO - Started process (PID=17067) to work on /home/airflow/.local/lib/python3.12/site-packages/airflow/example_dags/example_short_circuit_decorator.py
[2025-03-19T00:02:16.588+0000] {processor.py:914} INFO - Processing file /home/airflow/.local/lib/python3.12/site-packages/airflow/example_dags/example_short_circuit_decorator.py for tasks to queue
[2025-03-19T00:02:16.589+0000] {logging_mixin.py:190} INFO - [2025-03-19T00:02:16.589+0000] {dagbag.py:588} INFO - Filling up the DagBag from /home/airflow/.local/lib/python3.12/site-packages/airflow/example_dags/example_short_circuit_decorator.py
[2025-03-19T00:02:16.596+0000] {processor.py:925} INFO - DAG(s) 'example_short_circuit_decorator' retrieved from /home/airflow/.local/lib/python3.12/site-packages/airflow/example_dags/example_short_circuit_decorator.py
[2025-03-19T00:02:16.609+0000] {logging_mixin.py:190} INFO - [2025-03-19T00:02:16.609+0000] {dag.py:3239} INFO - Sync 1 DAGs
[2025-03-19T00:02:16.615+0000] {logging_mixin.py:190} INFO - [2025-03-19T00:02:16.615+0000] {dag.py:4180} INFO - Setting next_dagrun for example_short_circuit_decorator to None, run_after=None
[2025-03-19T00:02:16.627+0000] {processor.py:208} INFO - Processing /home/airflow/.local/lib/python3.12/site-packages/airflow/example_dags/example_short_circuit_decorator.py took 0.043 seconds
[2025-03-19T00:02:47.732+0000] {processor.py:186} INFO - Started process (PID=17130) to work on /home/airflow/.local/lib/python3.12/site-packages/airflow/example_dags/example_short_circuit_decorator.py
[2025-03-19T00:02:47.733+0000] {processor.py:914} INFO - Processing file /home/airflow/.local/lib/python3.12/site-packages/airflow/example_dags/example_short_circuit_decorator.py for tasks to queue
[2025-03-19T00:02:47.734+0000] {logging_mixin.py:190} INFO - [2025-03-19T00:02:47.734+0000] {dagbag.py:588} INFO - Filling up the DagBag from /home/airflow/.local/lib/python3.12/site-packages/airflow/example_dags/example_short_circuit_decorator.py
[2025-03-19T00:02:47.738+0000] {processor.py:925} INFO - DAG(s) 'example_short_circuit_decorator' retrieved from /home/airflow/.local/lib/python3.12/site-packages/airflow/example_dags/example_short_circuit_decorator.py
[2025-03-19T00:02:47.753+0000] {logging_mixin.py:190} INFO - [2025-03-19T00:02:47.753+0000] {dag.py:3239} INFO - Sync 1 DAGs
[2025-03-19T00:02:47.758+0000] {logging_mixin.py:190} INFO - [2025-03-19T00:02:47.758+0000] {dag.py:4180} INFO - Setting next_dagrun for example_short_circuit_decorator to None, run_after=None
[2025-03-19T00:02:47.766+0000] {processor.py:208} INFO - Processing /home/airflow/.local/lib/python3.12/site-packages/airflow/example_dags/example_short_circuit_decorator.py took 0.036 seconds
[2025-03-19T00:03:18.884+0000] {processor.py:186} INFO - Started process (PID=17193) to work on /home/airflow/.local/lib/python3.12/site-packages/airflow/example_dags/example_short_circuit_decorator.py
[2025-03-19T00:03:18.885+0000] {processor.py:914} INFO - Processing file /home/airflow/.local/lib/python3.12/site-packages/airflow/example_dags/example_short_circuit_decorator.py for tasks to queue
[2025-03-19T00:03:18.886+0000] {logging_mixin.py:190} INFO - [2025-03-19T00:03:18.886+0000] {dagbag.py:588} INFO - Filling up the DagBag from /home/airflow/.local/lib/python3.12/site-packages/airflow/example_dags/example_short_circuit_decorator.py
[2025-03-19T00:03:18.890+0000] {processor.py:925} INFO - DAG(s) 'example_short_circuit_decorator' retrieved from /home/airflow/.local/lib/python3.12/site-packages/airflow/example_dags/example_short_circuit_decorator.py
[2025-03-19T00:03:18.899+0000] {logging_mixin.py:190} INFO - [2025-03-19T00:03:18.899+0000] {dag.py:3239} INFO - Sync 1 DAGs
[2025-03-19T00:03:18.904+0000] {logging_mixin.py:190} INFO - [2025-03-19T00:03:18.903+0000] {dag.py:4180} INFO - Setting next_dagrun for example_short_circuit_decorator to None, run_after=None
[2025-03-19T00:03:18.909+0000] {processor.py:208} INFO - Processing /home/airflow/.local/lib/python3.12/site-packages/airflow/example_dags/example_short_circuit_decorator.py took 0.028 seconds
[2025-03-19T00:03:50.003+0000] {processor.py:186} INFO - Started process (PID=17256) to work on /home/airflow/.local/lib/python3.12/site-packages/airflow/example_dags/example_short_circuit_decorator.py
[2025-03-19T00:03:50.004+0000] {processor.py:914} INFO - Processing file /home/airflow/.local/lib/python3.12/site-packages/airflow/example_dags/example_short_circuit_decorator.py for tasks to queue
[2025-03-19T00:03:50.005+0000] {logging_mixin.py:190} INFO - [2025-03-19T00:03:50.005+0000] {dagbag.py:588} INFO - Filling up the DagBag from /home/airflow/.local/lib/python3.12/site-packages/airflow/example_dags/example_short_circuit_decorator.py
[2025-03-19T00:03:50.010+0000] {processor.py:925} INFO - DAG(s) 'example_short_circuit_decorator' retrieved from /home/airflow/.local/lib/python3.12/site-packages/airflow/example_dags/example_short_circuit_decorator.py
[2025-03-19T00:03:50.025+0000] {logging_mixin.py:190} INFO - [2025-03-19T00:03:50.025+0000] {dag.py:3239} INFO - Sync 1 DAGs
[2025-03-19T00:03:50.029+0000] {logging_mixin.py:190} INFO - [2025-03-19T00:03:50.029+0000] {dag.py:4180} INFO - Setting next_dagrun for example_short_circuit_decorator to None, run_after=None
[2025-03-19T00:03:50.038+0000] {processor.py:208} INFO - Processing /home/airflow/.local/lib/python3.12/site-packages/airflow/example_dags/example_short_circuit_decorator.py took 0.037 seconds
[2025-03-19T00:04:20.985+0000] {processor.py:186} INFO - Started process (PID=17319) to work on /home/airflow/.local/lib/python3.12/site-packages/airflow/example_dags/example_short_circuit_decorator.py
[2025-03-19T00:04:20.985+0000] {processor.py:914} INFO - Processing file /home/airflow/.local/lib/python3.12/site-packages/airflow/example_dags/example_short_circuit_decorator.py for tasks to queue
[2025-03-19T00:04:20.988+0000] {logging_mixin.py:190} INFO - [2025-03-19T00:04:20.987+0000] {dagbag.py:588} INFO - Filling up the DagBag from /home/airflow/.local/lib/python3.12/site-packages/airflow/example_dags/example_short_circuit_decorator.py
[2025-03-19T00:04:20.992+0000] {processor.py:925} INFO - DAG(s) 'example_short_circuit_decorator' retrieved from /home/airflow/.local/lib/python3.12/site-packages/airflow/example_dags/example_short_circuit_decorator.py
[2025-03-19T00:04:21.001+0000] {logging_mixin.py:190} INFO - [2025-03-19T00:04:21.001+0000] {dag.py:3239} INFO - Sync 1 DAGs
[2025-03-19T00:04:21.006+0000] {logging_mixin.py:190} INFO - [2025-03-19T00:04:21.006+0000] {dag.py:4180} INFO - Setting next_dagrun for example_short_circuit_decorator to None, run_after=None
[2025-03-19T00:04:21.014+0000] {processor.py:208} INFO - Processing /home/airflow/.local/lib/python3.12/site-packages/airflow/example_dags/example_short_circuit_decorator.py took 0.032 seconds
[2025-03-19T00:04:52.010+0000] {processor.py:186} INFO - Started process (PID=17382) to work on /home/airflow/.local/lib/python3.12/site-packages/airflow/example_dags/example_short_circuit_decorator.py
[2025-03-19T00:04:52.010+0000] {processor.py:914} INFO - Processing file /home/airflow/.local/lib/python3.12/site-packages/airflow/example_dags/example_short_circuit_decorator.py for tasks to queue
[2025-03-19T00:04:52.012+0000] {logging_mixin.py:190} INFO - [2025-03-19T00:04:52.012+0000] {dagbag.py:588} INFO - Filling up the DagBag from /home/airflow/.local/lib/python3.12/site-packages/airflow/example_dags/example_short_circuit_decorator.py
[2025-03-19T00:04:52.019+0000] {processor.py:925} INFO - DAG(s) 'example_short_circuit_decorator' retrieved from /home/airflow/.local/lib/python3.12/site-packages/airflow/example_dags/example_short_circuit_decorator.py
[2025-03-19T00:04:52.031+0000] {logging_mixin.py:190} INFO - [2025-03-19T00:04:52.031+0000] {dag.py:3239} INFO - Sync 1 DAGs
[2025-03-19T00:04:52.036+0000] {logging_mixin.py:190} INFO - [2025-03-19T00:04:52.036+0000] {dag.py:4180} INFO - Setting next_dagrun for example_short_circuit_decorator to None, run_after=None
[2025-03-19T00:04:52.047+0000] {processor.py:208} INFO - Processing /home/airflow/.local/lib/python3.12/site-packages/airflow/example_dags/example_short_circuit_decorator.py took 0.039 seconds
[2025-03-19T00:05:23.195+0000] {processor.py:186} INFO - Started process (PID=17445) to work on /home/airflow/.local/lib/python3.12/site-packages/airflow/example_dags/example_short_circuit_decorator.py
[2025-03-19T00:05:23.195+0000] {processor.py:914} INFO - Processing file /home/airflow/.local/lib/python3.12/site-packages/airflow/example_dags/example_short_circuit_decorator.py for tasks to queue
[2025-03-19T00:05:23.196+0000] {logging_mixin.py:190} INFO - [2025-03-19T00:05:23.196+0000] {dagbag.py:588} INFO - Filling up the DagBag from /home/airflow/.local/lib/python3.12/site-packages/airflow/example_dags/example_short_circuit_decorator.py
[2025-03-19T00:05:23.201+0000] {processor.py:925} INFO - DAG(s) 'example_short_circuit_decorator' retrieved from /home/airflow/.local/lib/python3.12/site-packages/airflow/example_dags/example_short_circuit_decorator.py
[2025-03-19T00:05:23.210+0000] {logging_mixin.py:190} INFO - [2025-03-19T00:05:23.210+0000] {dag.py:3239} INFO - Sync 1 DAGs
[2025-03-19T00:05:23.215+0000] {logging_mixin.py:190} INFO - [2025-03-19T00:05:23.215+0000] {dag.py:4180} INFO - Setting next_dagrun for example_short_circuit_decorator to None, run_after=None
[2025-03-19T00:05:23.227+0000] {processor.py:208} INFO - Processing /home/airflow/.local/lib/python3.12/site-packages/airflow/example_dags/example_short_circuit_decorator.py took 0.035 seconds
[2025-03-19T00:05:54.372+0000] {processor.py:186} INFO - Started process (PID=17508) to work on /home/airflow/.local/lib/python3.12/site-packages/airflow/example_dags/example_short_circuit_decorator.py
[2025-03-19T00:05:54.373+0000] {processor.py:914} INFO - Processing file /home/airflow/.local/lib/python3.12/site-packages/airflow/example_dags/example_short_circuit_decorator.py for tasks to queue
[2025-03-19T00:05:54.373+0000] {logging_mixin.py:190} INFO - [2025-03-19T00:05:54.373+0000] {dagbag.py:588} INFO - Filling up the DagBag from /home/airflow/.local/lib/python3.12/site-packages/airflow/example_dags/example_short_circuit_decorator.py
[2025-03-19T00:05:54.377+0000] {processor.py:925} INFO - DAG(s) 'example_short_circuit_decorator' retrieved from /home/airflow/.local/lib/python3.12/site-packages/airflow/example_dags/example_short_circuit_decorator.py
[2025-03-19T00:05:54.385+0000] {logging_mixin.py:190} INFO - [2025-03-19T00:05:54.385+0000] {dag.py:3239} INFO - Sync 1 DAGs
[2025-03-19T00:05:54.392+0000] {logging_mixin.py:190} INFO - [2025-03-19T00:05:54.392+0000] {dag.py:4180} INFO - Setting next_dagrun for example_short_circuit_decorator to None, run_after=None
[2025-03-19T00:05:54.402+0000] {processor.py:208} INFO - Processing /home/airflow/.local/lib/python3.12/site-packages/airflow/example_dags/example_short_circuit_decorator.py took 0.032 seconds
[2025-03-19T00:06:25.551+0000] {processor.py:186} INFO - Started process (PID=17571) to work on /home/airflow/.local/lib/python3.12/site-packages/airflow/example_dags/example_short_circuit_decorator.py
[2025-03-19T00:06:25.552+0000] {processor.py:914} INFO - Processing file /home/airflow/.local/lib/python3.12/site-packages/airflow/example_dags/example_short_circuit_decorator.py for tasks to queue
[2025-03-19T00:06:25.553+0000] {logging_mixin.py:190} INFO - [2025-03-19T00:06:25.553+0000] {dagbag.py:588} INFO - Filling up the DagBag from /home/airflow/.local/lib/python3.12/site-packages/airflow/example_dags/example_short_circuit_decorator.py
[2025-03-19T00:06:25.560+0000] {processor.py:925} INFO - DAG(s) 'example_short_circuit_decorator' retrieved from /home/airflow/.local/lib/python3.12/site-packages/airflow/example_dags/example_short_circuit_decorator.py
[2025-03-19T00:06:25.569+0000] {logging_mixin.py:190} INFO - [2025-03-19T00:06:25.569+0000] {dag.py:3239} INFO - Sync 1 DAGs
[2025-03-19T00:06:25.575+0000] {logging_mixin.py:190} INFO - [2025-03-19T00:06:25.575+0000] {dag.py:4180} INFO - Setting next_dagrun for example_short_circuit_decorator to None, run_after=None
[2025-03-19T00:06:25.584+0000] {processor.py:208} INFO - Processing /home/airflow/.local/lib/python3.12/site-packages/airflow/example_dags/example_short_circuit_decorator.py took 0.035 seconds
[2025-03-19T00:06:56.619+0000] {processor.py:186} INFO - Started process (PID=17634) to work on /home/airflow/.local/lib/python3.12/site-packages/airflow/example_dags/example_short_circuit_decorator.py
[2025-03-19T00:06:56.620+0000] {processor.py:914} INFO - Processing file /home/airflow/.local/lib/python3.12/site-packages/airflow/example_dags/example_short_circuit_decorator.py for tasks to queue
[2025-03-19T00:06:56.621+0000] {logging_mixin.py:190} INFO - [2025-03-19T00:06:56.621+0000] {dagbag.py:588} INFO - Filling up the DagBag from /home/airflow/.local/lib/python3.12/site-packages/airflow/example_dags/example_short_circuit_decorator.py
[2025-03-19T00:06:56.626+0000] {processor.py:925} INFO - DAG(s) 'example_short_circuit_decorator' retrieved from /home/airflow/.local/lib/python3.12/site-packages/airflow/example_dags/example_short_circuit_decorator.py
[2025-03-19T00:06:56.638+0000] {logging_mixin.py:190} INFO - [2025-03-19T00:06:56.638+0000] {dag.py:3239} INFO - Sync 1 DAGs
[2025-03-19T00:06:56.644+0000] {logging_mixin.py:190} INFO - [2025-03-19T00:06:56.644+0000] {dag.py:4180} INFO - Setting next_dagrun for example_short_circuit_decorator to None, run_after=None
[2025-03-19T00:06:56.652+0000] {processor.py:208} INFO - Processing /home/airflow/.local/lib/python3.12/site-packages/airflow/example_dags/example_short_circuit_decorator.py took 0.035 seconds
[2025-03-19T00:07:27.883+0000] {processor.py:186} INFO - Started process (PID=17697) to work on /home/airflow/.local/lib/python3.12/site-packages/airflow/example_dags/example_short_circuit_decorator.py
[2025-03-19T00:07:27.885+0000] {processor.py:914} INFO - Processing file /home/airflow/.local/lib/python3.12/site-packages/airflow/example_dags/example_short_circuit_decorator.py for tasks to queue
[2025-03-19T00:07:27.887+0000] {logging_mixin.py:190} INFO - [2025-03-19T00:07:27.887+0000] {dagbag.py:588} INFO - Filling up the DagBag from /home/airflow/.local/lib/python3.12/site-packages/airflow/example_dags/example_short_circuit_decorator.py
[2025-03-19T00:07:27.891+0000] {processor.py:925} INFO - DAG(s) 'example_short_circuit_decorator' retrieved from /home/airflow/.local/lib/python3.12/site-packages/airflow/example_dags/example_short_circuit_decorator.py
[2025-03-19T00:07:27.901+0000] {logging_mixin.py:190} INFO - [2025-03-19T00:07:27.901+0000] {dag.py:3239} INFO - Sync 1 DAGs
[2025-03-19T00:07:27.907+0000] {logging_mixin.py:190} INFO - [2025-03-19T00:07:27.907+0000] {dag.py:4180} INFO - Setting next_dagrun for example_short_circuit_decorator to None, run_after=None
[2025-03-19T00:07:27.915+0000] {processor.py:208} INFO - Processing /home/airflow/.local/lib/python3.12/site-packages/airflow/example_dags/example_short_circuit_decorator.py took 0.035 seconds
[2025-03-19T00:07:59.164+0000] {processor.py:186} INFO - Started process (PID=17760) to work on /home/airflow/.local/lib/python3.12/site-packages/airflow/example_dags/example_short_circuit_decorator.py
[2025-03-19T00:07:59.165+0000] {processor.py:914} INFO - Processing file /home/airflow/.local/lib/python3.12/site-packages/airflow/example_dags/example_short_circuit_decorator.py for tasks to queue
[2025-03-19T00:07:59.169+0000] {logging_mixin.py:190} INFO - [2025-03-19T00:07:59.168+0000] {dagbag.py:588} INFO - Filling up the DagBag from /home/airflow/.local/lib/python3.12/site-packages/airflow/example_dags/example_short_circuit_decorator.py
[2025-03-19T00:07:59.173+0000] {processor.py:925} INFO - DAG(s) 'example_short_circuit_decorator' retrieved from /home/airflow/.local/lib/python3.12/site-packages/airflow/example_dags/example_short_circuit_decorator.py
[2025-03-19T00:07:59.182+0000] {logging_mixin.py:190} INFO - [2025-03-19T00:07:59.182+0000] {dag.py:3239} INFO - Sync 1 DAGs
[2025-03-19T00:07:59.187+0000] {logging_mixin.py:190} INFO - [2025-03-19T00:07:59.187+0000] {dag.py:4180} INFO - Setting next_dagrun for example_short_circuit_decorator to None, run_after=None
[2025-03-19T00:07:59.194+0000] {processor.py:208} INFO - Processing /home/airflow/.local/lib/python3.12/site-packages/airflow/example_dags/example_short_circuit_decorator.py took 0.032 seconds
