[2025-03-19T00:00:11.968+0000] {processor.py:186} INFO - Started process (PID=16809) to work on /home/airflow/.local/lib/python3.12/site-packages/airflow/example_dags/example_inlet_event_extra.py
[2025-03-19T00:00:11.969+0000] {processor.py:914} INFO - Processing file /home/airflow/.local/lib/python3.12/site-packages/airflow/example_dags/example_inlet_event_extra.py for tasks to queue
[2025-03-19T00:00:11.970+0000] {logging_mixin.py:190} INFO - [2025-03-19T00:00:11.969+0000] {dagbag.py:588} INFO - Filling up the DagBag from /home/airflow/.local/lib/python3.12/site-packages/airflow/example_dags/example_inlet_event_extra.py
[2025-03-19T00:00:12.098+0000] {processor.py:925} INFO - DAG(s) 'read_dataset_event_from_classic', 'read_dataset_event' retrieved from /home/airflow/.local/lib/python3.12/site-packages/airflow/example_dags/example_inlet_event_extra.py
[2025-03-19T00:00:12.110+0000] {logging_mixin.py:190} INFO - [2025-03-19T00:00:12.110+0000] {dag.py:3239} INFO - Sync 2 DAGs
[2025-03-19T00:00:12.120+0000] {logging_mixin.py:190} INFO - [2025-03-19T00:00:12.120+0000] {dag.py:4180} INFO - Setting next_dagrun for read_dataset_event to 2025-03-18 00:00:00+00:00, run_after=2025-03-19 00:00:00+00:00
[2025-03-19T00:00:12.123+0000] {logging_mixin.py:190} INFO - [2025-03-19T00:00:12.123+0000] {dag.py:4180} INFO - Setting next_dagrun for read_dataset_event_from_classic to 2025-03-18 00:00:00+00:00, run_after=2025-03-19 00:00:00+00:00
[2025-03-19T00:00:12.131+0000] {processor.py:208} INFO - Processing /home/airflow/.local/lib/python3.12/site-packages/airflow/example_dags/example_inlet_event_extra.py took 0.165 seconds
[2025-03-19T00:00:43.070+0000] {processor.py:186} INFO - Started process (PID=16872) to work on /home/airflow/.local/lib/python3.12/site-packages/airflow/example_dags/example_inlet_event_extra.py
[2025-03-19T00:00:43.070+0000] {processor.py:914} INFO - Processing file /home/airflow/.local/lib/python3.12/site-packages/airflow/example_dags/example_inlet_event_extra.py for tasks to queue
[2025-03-19T00:00:43.071+0000] {logging_mixin.py:190} INFO - [2025-03-19T00:00:43.071+0000] {dagbag.py:588} INFO - Filling up the DagBag from /home/airflow/.local/lib/python3.12/site-packages/airflow/example_dags/example_inlet_event_extra.py
[2025-03-19T00:00:43.204+0000] {processor.py:925} INFO - DAG(s) 'read_dataset_event', 'read_dataset_event_from_classic' retrieved from /home/airflow/.local/lib/python3.12/site-packages/airflow/example_dags/example_inlet_event_extra.py
[2025-03-19T00:00:43.211+0000] {logging_mixin.py:190} INFO - [2025-03-19T00:00:43.211+0000] {dag.py:3239} INFO - Sync 2 DAGs
[2025-03-19T00:00:43.219+0000] {logging_mixin.py:190} INFO - [2025-03-19T00:00:43.219+0000] {dag.py:4180} INFO - Setting next_dagrun for read_dataset_event to 2025-03-18 00:00:00+00:00, run_after=2025-03-19 00:00:00+00:00
[2025-03-19T00:00:43.221+0000] {logging_mixin.py:190} INFO - [2025-03-19T00:00:43.220+0000] {dag.py:4180} INFO - Setting next_dagrun for read_dataset_event_from_classic to 2025-03-18 00:00:00+00:00, run_after=2025-03-19 00:00:00+00:00
[2025-03-19T00:00:43.226+0000] {processor.py:208} INFO - Processing /home/airflow/.local/lib/python3.12/site-packages/airflow/example_dags/example_inlet_event_extra.py took 0.158 seconds
[2025-03-19T00:01:14.163+0000] {processor.py:186} INFO - Started process (PID=16935) to work on /home/airflow/.local/lib/python3.12/site-packages/airflow/example_dags/example_inlet_event_extra.py
[2025-03-19T00:01:14.164+0000] {processor.py:914} INFO - Processing file /home/airflow/.local/lib/python3.12/site-packages/airflow/example_dags/example_inlet_event_extra.py for tasks to queue
[2025-03-19T00:01:14.165+0000] {logging_mixin.py:190} INFO - [2025-03-19T00:01:14.165+0000] {dagbag.py:588} INFO - Filling up the DagBag from /home/airflow/.local/lib/python3.12/site-packages/airflow/example_dags/example_inlet_event_extra.py
[2025-03-19T00:01:14.302+0000] {processor.py:925} INFO - DAG(s) 'read_dataset_event', 'read_dataset_event_from_classic' retrieved from /home/airflow/.local/lib/python3.12/site-packages/airflow/example_dags/example_inlet_event_extra.py
[2025-03-19T00:01:14.312+0000] {logging_mixin.py:190} INFO - [2025-03-19T00:01:14.312+0000] {dag.py:3239} INFO - Sync 2 DAGs
[2025-03-19T00:01:14.322+0000] {logging_mixin.py:190} INFO - [2025-03-19T00:01:14.322+0000] {dag.py:4180} INFO - Setting next_dagrun for read_dataset_event to 2025-03-18 00:00:00+00:00, run_after=2025-03-19 00:00:00+00:00
[2025-03-19T00:01:14.324+0000] {logging_mixin.py:190} INFO - [2025-03-19T00:01:14.324+0000] {dag.py:4180} INFO - Setting next_dagrun for read_dataset_event_from_classic to 2025-03-18 00:00:00+00:00, run_after=2025-03-19 00:00:00+00:00
[2025-03-19T00:01:14.333+0000] {processor.py:208} INFO - Processing /home/airflow/.local/lib/python3.12/site-packages/airflow/example_dags/example_inlet_event_extra.py took 0.172 seconds
[2025-03-19T00:01:45.242+0000] {processor.py:186} INFO - Started process (PID=16998) to work on /home/airflow/.local/lib/python3.12/site-packages/airflow/example_dags/example_inlet_event_extra.py
[2025-03-19T00:01:45.243+0000] {processor.py:914} INFO - Processing file /home/airflow/.local/lib/python3.12/site-packages/airflow/example_dags/example_inlet_event_extra.py for tasks to queue
[2025-03-19T00:01:45.244+0000] {logging_mixin.py:190} INFO - [2025-03-19T00:01:45.244+0000] {dagbag.py:588} INFO - Filling up the DagBag from /home/airflow/.local/lib/python3.12/site-packages/airflow/example_dags/example_inlet_event_extra.py
[2025-03-19T00:01:45.372+0000] {processor.py:925} INFO - DAG(s) 'read_dataset_event_from_classic', 'read_dataset_event' retrieved from /home/airflow/.local/lib/python3.12/site-packages/airflow/example_dags/example_inlet_event_extra.py
[2025-03-19T00:01:45.382+0000] {logging_mixin.py:190} INFO - [2025-03-19T00:01:45.382+0000] {dag.py:3239} INFO - Sync 2 DAGs
[2025-03-19T00:01:45.391+0000] {logging_mixin.py:190} INFO - [2025-03-19T00:01:45.391+0000] {dag.py:4180} INFO - Setting next_dagrun for read_dataset_event to 2025-03-18 00:00:00+00:00, run_after=2025-03-19 00:00:00+00:00
[2025-03-19T00:01:45.395+0000] {logging_mixin.py:190} INFO - [2025-03-19T00:01:45.395+0000] {dag.py:4180} INFO - Setting next_dagrun for read_dataset_event_from_classic to 2025-03-18 00:00:00+00:00, run_after=2025-03-19 00:00:00+00:00
[2025-03-19T00:01:45.403+0000] {processor.py:208} INFO - Processing /home/airflow/.local/lib/python3.12/site-packages/airflow/example_dags/example_inlet_event_extra.py took 0.163 seconds
[2025-03-19T00:02:16.248+0000] {processor.py:186} INFO - Started process (PID=17061) to work on /home/airflow/.local/lib/python3.12/site-packages/airflow/example_dags/example_inlet_event_extra.py
[2025-03-19T00:02:16.248+0000] {processor.py:914} INFO - Processing file /home/airflow/.local/lib/python3.12/site-packages/airflow/example_dags/example_inlet_event_extra.py for tasks to queue
[2025-03-19T00:02:16.249+0000] {logging_mixin.py:190} INFO - [2025-03-19T00:02:16.249+0000] {dagbag.py:588} INFO - Filling up the DagBag from /home/airflow/.local/lib/python3.12/site-packages/airflow/example_dags/example_inlet_event_extra.py
[2025-03-19T00:02:16.369+0000] {processor.py:925} INFO - DAG(s) 'read_dataset_event_from_classic', 'read_dataset_event' retrieved from /home/airflow/.local/lib/python3.12/site-packages/airflow/example_dags/example_inlet_event_extra.py
[2025-03-19T00:02:16.376+0000] {logging_mixin.py:190} INFO - [2025-03-19T00:02:16.376+0000] {dag.py:3239} INFO - Sync 2 DAGs
[2025-03-19T00:02:16.384+0000] {logging_mixin.py:190} INFO - [2025-03-19T00:02:16.384+0000] {dag.py:4180} INFO - Setting next_dagrun for read_dataset_event to 2025-03-18 00:00:00+00:00, run_after=2025-03-19 00:00:00+00:00
[2025-03-19T00:02:16.385+0000] {logging_mixin.py:190} INFO - [2025-03-19T00:02:16.385+0000] {dag.py:4180} INFO - Setting next_dagrun for read_dataset_event_from_classic to 2025-03-18 00:00:00+00:00, run_after=2025-03-19 00:00:00+00:00
[2025-03-19T00:02:16.390+0000] {processor.py:208} INFO - Processing /home/airflow/.local/lib/python3.12/site-packages/airflow/example_dags/example_inlet_event_extra.py took 0.145 seconds
[2025-03-19T00:02:47.419+0000] {processor.py:186} INFO - Started process (PID=17124) to work on /home/airflow/.local/lib/python3.12/site-packages/airflow/example_dags/example_inlet_event_extra.py
[2025-03-19T00:02:47.419+0000] {processor.py:914} INFO - Processing file /home/airflow/.local/lib/python3.12/site-packages/airflow/example_dags/example_inlet_event_extra.py for tasks to queue
[2025-03-19T00:02:47.420+0000] {logging_mixin.py:190} INFO - [2025-03-19T00:02:47.420+0000] {dagbag.py:588} INFO - Filling up the DagBag from /home/airflow/.local/lib/python3.12/site-packages/airflow/example_dags/example_inlet_event_extra.py
[2025-03-19T00:02:47.540+0000] {processor.py:925} INFO - DAG(s) 'read_dataset_event', 'read_dataset_event_from_classic' retrieved from /home/airflow/.local/lib/python3.12/site-packages/airflow/example_dags/example_inlet_event_extra.py
[2025-03-19T00:02:47.548+0000] {logging_mixin.py:190} INFO - [2025-03-19T00:02:47.548+0000] {dag.py:3239} INFO - Sync 2 DAGs
[2025-03-19T00:02:47.555+0000] {logging_mixin.py:190} INFO - [2025-03-19T00:02:47.555+0000] {dag.py:4180} INFO - Setting next_dagrun for read_dataset_event to 2025-03-18 00:00:00+00:00, run_after=2025-03-19 00:00:00+00:00
[2025-03-19T00:02:47.556+0000] {logging_mixin.py:190} INFO - [2025-03-19T00:02:47.556+0000] {dag.py:4180} INFO - Setting next_dagrun for read_dataset_event_from_classic to 2025-03-18 00:00:00+00:00, run_after=2025-03-19 00:00:00+00:00
[2025-03-19T00:02:47.561+0000] {processor.py:208} INFO - Processing /home/airflow/.local/lib/python3.12/site-packages/airflow/example_dags/example_inlet_event_extra.py took 0.144 seconds
[2025-03-19T00:03:18.575+0000] {processor.py:186} INFO - Started process (PID=17187) to work on /home/airflow/.local/lib/python3.12/site-packages/airflow/example_dags/example_inlet_event_extra.py
[2025-03-19T00:03:18.575+0000] {processor.py:914} INFO - Processing file /home/airflow/.local/lib/python3.12/site-packages/airflow/example_dags/example_inlet_event_extra.py for tasks to queue
[2025-03-19T00:03:18.576+0000] {logging_mixin.py:190} INFO - [2025-03-19T00:03:18.576+0000] {dagbag.py:588} INFO - Filling up the DagBag from /home/airflow/.local/lib/python3.12/site-packages/airflow/example_dags/example_inlet_event_extra.py
[2025-03-19T00:03:18.692+0000] {processor.py:925} INFO - DAG(s) 'read_dataset_event', 'read_dataset_event_from_classic' retrieved from /home/airflow/.local/lib/python3.12/site-packages/airflow/example_dags/example_inlet_event_extra.py
[2025-03-19T00:03:18.700+0000] {logging_mixin.py:190} INFO - [2025-03-19T00:03:18.699+0000] {dag.py:3239} INFO - Sync 2 DAGs
[2025-03-19T00:03:18.708+0000] {logging_mixin.py:190} INFO - [2025-03-19T00:03:18.707+0000] {dag.py:4180} INFO - Setting next_dagrun for read_dataset_event to 2025-03-18 00:00:00+00:00, run_after=2025-03-19 00:00:00+00:00
[2025-03-19T00:03:18.709+0000] {logging_mixin.py:190} INFO - [2025-03-19T00:03:18.709+0000] {dag.py:4180} INFO - Setting next_dagrun for read_dataset_event_from_classic to 2025-03-18 00:00:00+00:00, run_after=2025-03-19 00:00:00+00:00
[2025-03-19T00:03:18.714+0000] {processor.py:208} INFO - Processing /home/airflow/.local/lib/python3.12/site-packages/airflow/example_dags/example_inlet_event_extra.py took 0.141 seconds
[2025-03-19T00:03:49.744+0000] {processor.py:186} INFO - Started process (PID=17250) to work on /home/airflow/.local/lib/python3.12/site-packages/airflow/example_dags/example_inlet_event_extra.py
[2025-03-19T00:03:49.744+0000] {processor.py:914} INFO - Processing file /home/airflow/.local/lib/python3.12/site-packages/airflow/example_dags/example_inlet_event_extra.py for tasks to queue
[2025-03-19T00:03:49.745+0000] {logging_mixin.py:190} INFO - [2025-03-19T00:03:49.745+0000] {dagbag.py:588} INFO - Filling up the DagBag from /home/airflow/.local/lib/python3.12/site-packages/airflow/example_dags/example_inlet_event_extra.py
[2025-03-19T00:03:49.871+0000] {processor.py:925} INFO - DAG(s) 'read_dataset_event_from_classic', 'read_dataset_event' retrieved from /home/airflow/.local/lib/python3.12/site-packages/airflow/example_dags/example_inlet_event_extra.py
[2025-03-19T00:03:49.882+0000] {logging_mixin.py:190} INFO - [2025-03-19T00:03:49.882+0000] {dag.py:3239} INFO - Sync 2 DAGs
[2025-03-19T00:03:49.891+0000] {logging_mixin.py:190} INFO - [2025-03-19T00:03:49.891+0000] {dag.py:4180} INFO - Setting next_dagrun for read_dataset_event to 2025-03-18 00:00:00+00:00, run_after=2025-03-19 00:00:00+00:00
[2025-03-19T00:03:49.894+0000] {logging_mixin.py:190} INFO - [2025-03-19T00:03:49.894+0000] {dag.py:4180} INFO - Setting next_dagrun for read_dataset_event_from_classic to 2025-03-18 00:00:00+00:00, run_after=2025-03-19 00:00:00+00:00
[2025-03-19T00:03:49.903+0000] {processor.py:208} INFO - Processing /home/airflow/.local/lib/python3.12/site-packages/airflow/example_dags/example_inlet_event_extra.py took 0.162 seconds
[2025-03-19T00:04:20.720+0000] {processor.py:186} INFO - Started process (PID=17313) to work on /home/airflow/.local/lib/python3.12/site-packages/airflow/example_dags/example_inlet_event_extra.py
[2025-03-19T00:04:20.720+0000] {processor.py:914} INFO - Processing file /home/airflow/.local/lib/python3.12/site-packages/airflow/example_dags/example_inlet_event_extra.py for tasks to queue
[2025-03-19T00:04:20.721+0000] {logging_mixin.py:190} INFO - [2025-03-19T00:04:20.721+0000] {dagbag.py:588} INFO - Filling up the DagBag from /home/airflow/.local/lib/python3.12/site-packages/airflow/example_dags/example_inlet_event_extra.py
[2025-03-19T00:04:20.850+0000] {processor.py:925} INFO - DAG(s) 'read_dataset_event', 'read_dataset_event_from_classic' retrieved from /home/airflow/.local/lib/python3.12/site-packages/airflow/example_dags/example_inlet_event_extra.py
[2025-03-19T00:04:20.859+0000] {logging_mixin.py:190} INFO - [2025-03-19T00:04:20.859+0000] {dag.py:3239} INFO - Sync 2 DAGs
[2025-03-19T00:04:20.869+0000] {logging_mixin.py:190} INFO - [2025-03-19T00:04:20.869+0000] {dag.py:4180} INFO - Setting next_dagrun for read_dataset_event to 2025-03-18 00:00:00+00:00, run_after=2025-03-19 00:00:00+00:00
[2025-03-19T00:04:20.874+0000] {logging_mixin.py:190} INFO - [2025-03-19T00:04:20.874+0000] {dag.py:4180} INFO - Setting next_dagrun for read_dataset_event_from_classic to 2025-03-18 00:00:00+00:00, run_after=2025-03-19 00:00:00+00:00
[2025-03-19T00:04:20.880+0000] {processor.py:208} INFO - Processing /home/airflow/.local/lib/python3.12/site-packages/airflow/example_dags/example_inlet_event_extra.py took 0.162 seconds
[2025-03-19T00:04:51.752+0000] {processor.py:186} INFO - Started process (PID=17376) to work on /home/airflow/.local/lib/python3.12/site-packages/airflow/example_dags/example_inlet_event_extra.py
[2025-03-19T00:04:51.752+0000] {processor.py:914} INFO - Processing file /home/airflow/.local/lib/python3.12/site-packages/airflow/example_dags/example_inlet_event_extra.py for tasks to queue
[2025-03-19T00:04:51.753+0000] {logging_mixin.py:190} INFO - [2025-03-19T00:04:51.753+0000] {dagbag.py:588} INFO - Filling up the DagBag from /home/airflow/.local/lib/python3.12/site-packages/airflow/example_dags/example_inlet_event_extra.py
[2025-03-19T00:04:51.879+0000] {processor.py:925} INFO - DAG(s) 'read_dataset_event', 'read_dataset_event_from_classic' retrieved from /home/airflow/.local/lib/python3.12/site-packages/airflow/example_dags/example_inlet_event_extra.py
[2025-03-19T00:04:51.889+0000] {logging_mixin.py:190} INFO - [2025-03-19T00:04:51.889+0000] {dag.py:3239} INFO - Sync 2 DAGs
[2025-03-19T00:04:51.899+0000] {logging_mixin.py:190} INFO - [2025-03-19T00:04:51.899+0000] {dag.py:4180} INFO - Setting next_dagrun for read_dataset_event to 2025-03-18 00:00:00+00:00, run_after=2025-03-19 00:00:00+00:00
[2025-03-19T00:04:51.901+0000] {logging_mixin.py:190} INFO - [2025-03-19T00:04:51.901+0000] {dag.py:4180} INFO - Setting next_dagrun for read_dataset_event_from_classic to 2025-03-18 00:00:00+00:00, run_after=2025-03-19 00:00:00+00:00
[2025-03-19T00:04:51.908+0000] {processor.py:208} INFO - Processing /home/airflow/.local/lib/python3.12/site-packages/airflow/example_dags/example_inlet_event_extra.py took 0.159 seconds
[2025-03-19T00:05:22.907+0000] {processor.py:186} INFO - Started process (PID=17439) to work on /home/airflow/.local/lib/python3.12/site-packages/airflow/example_dags/example_inlet_event_extra.py
[2025-03-19T00:05:22.908+0000] {processor.py:914} INFO - Processing file /home/airflow/.local/lib/python3.12/site-packages/airflow/example_dags/example_inlet_event_extra.py for tasks to queue
[2025-03-19T00:05:22.908+0000] {logging_mixin.py:190} INFO - [2025-03-19T00:05:22.908+0000] {dagbag.py:588} INFO - Filling up the DagBag from /home/airflow/.local/lib/python3.12/site-packages/airflow/example_dags/example_inlet_event_extra.py
[2025-03-19T00:05:23.037+0000] {processor.py:925} INFO - DAG(s) 'read_dataset_event_from_classic', 'read_dataset_event' retrieved from /home/airflow/.local/lib/python3.12/site-packages/airflow/example_dags/example_inlet_event_extra.py
[2025-03-19T00:05:23.045+0000] {logging_mixin.py:190} INFO - [2025-03-19T00:05:23.045+0000] {dag.py:3239} INFO - Sync 2 DAGs
[2025-03-19T00:05:23.054+0000] {logging_mixin.py:190} INFO - [2025-03-19T00:05:23.054+0000] {dag.py:4180} INFO - Setting next_dagrun for read_dataset_event to 2025-03-18 00:00:00+00:00, run_after=2025-03-19 00:00:00+00:00
[2025-03-19T00:05:23.057+0000] {logging_mixin.py:190} INFO - [2025-03-19T00:05:23.057+0000] {dag.py:4180} INFO - Setting next_dagrun for read_dataset_event_from_classic to 2025-03-18 00:00:00+00:00, run_after=2025-03-19 00:00:00+00:00
[2025-03-19T00:05:23.067+0000] {processor.py:208} INFO - Processing /home/airflow/.local/lib/python3.12/site-packages/airflow/example_dags/example_inlet_event_extra.py took 0.162 seconds
[2025-03-19T00:05:54.065+0000] {processor.py:186} INFO - Started process (PID=17502) to work on /home/airflow/.local/lib/python3.12/site-packages/airflow/example_dags/example_inlet_event_extra.py
[2025-03-19T00:05:54.066+0000] {processor.py:914} INFO - Processing file /home/airflow/.local/lib/python3.12/site-packages/airflow/example_dags/example_inlet_event_extra.py for tasks to queue
[2025-03-19T00:05:54.067+0000] {logging_mixin.py:190} INFO - [2025-03-19T00:05:54.067+0000] {dagbag.py:588} INFO - Filling up the DagBag from /home/airflow/.local/lib/python3.12/site-packages/airflow/example_dags/example_inlet_event_extra.py
[2025-03-19T00:05:54.194+0000] {processor.py:925} INFO - DAG(s) 'read_dataset_event_from_classic', 'read_dataset_event' retrieved from /home/airflow/.local/lib/python3.12/site-packages/airflow/example_dags/example_inlet_event_extra.py
[2025-03-19T00:05:54.206+0000] {logging_mixin.py:190} INFO - [2025-03-19T00:05:54.206+0000] {dag.py:3239} INFO - Sync 2 DAGs
[2025-03-19T00:05:54.214+0000] {logging_mixin.py:190} INFO - [2025-03-19T00:05:54.214+0000] {dag.py:4180} INFO - Setting next_dagrun for read_dataset_event to 2025-03-18 00:00:00+00:00, run_after=2025-03-19 00:00:00+00:00
[2025-03-19T00:05:54.216+0000] {logging_mixin.py:190} INFO - [2025-03-19T00:05:54.216+0000] {dag.py:4180} INFO - Setting next_dagrun for read_dataset_event_from_classic to 2025-03-18 00:00:00+00:00, run_after=2025-03-19 00:00:00+00:00
[2025-03-19T00:05:54.225+0000] {processor.py:208} INFO - Processing /home/airflow/.local/lib/python3.12/site-packages/airflow/example_dags/example_inlet_event_extra.py took 0.162 seconds
[2025-03-19T00:06:25.222+0000] {processor.py:186} INFO - Started process (PID=17565) to work on /home/airflow/.local/lib/python3.12/site-packages/airflow/example_dags/example_inlet_event_extra.py
[2025-03-19T00:06:25.223+0000] {processor.py:914} INFO - Processing file /home/airflow/.local/lib/python3.12/site-packages/airflow/example_dags/example_inlet_event_extra.py for tasks to queue
[2025-03-19T00:06:25.224+0000] {logging_mixin.py:190} INFO - [2025-03-19T00:06:25.224+0000] {dagbag.py:588} INFO - Filling up the DagBag from /home/airflow/.local/lib/python3.12/site-packages/airflow/example_dags/example_inlet_event_extra.py
[2025-03-19T00:06:25.353+0000] {processor.py:925} INFO - DAG(s) 'read_dataset_event_from_classic', 'read_dataset_event' retrieved from /home/airflow/.local/lib/python3.12/site-packages/airflow/example_dags/example_inlet_event_extra.py
[2025-03-19T00:06:25.365+0000] {logging_mixin.py:190} INFO - [2025-03-19T00:06:25.363+0000] {dag.py:3239} INFO - Sync 2 DAGs
[2025-03-19T00:06:25.374+0000] {logging_mixin.py:190} INFO - [2025-03-19T00:06:25.374+0000] {dag.py:4180} INFO - Setting next_dagrun for read_dataset_event to 2025-03-18 00:00:00+00:00, run_after=2025-03-19 00:00:00+00:00
[2025-03-19T00:06:25.376+0000] {logging_mixin.py:190} INFO - [2025-03-19T00:06:25.376+0000] {dag.py:4180} INFO - Setting next_dagrun for read_dataset_event_from_classic to 2025-03-18 00:00:00+00:00, run_after=2025-03-19 00:00:00+00:00
[2025-03-19T00:06:25.387+0000] {processor.py:208} INFO - Processing /home/airflow/.local/lib/python3.12/site-packages/airflow/example_dags/example_inlet_event_extra.py took 0.167 seconds
[2025-03-19T00:06:56.358+0000] {processor.py:186} INFO - Started process (PID=17628) to work on /home/airflow/.local/lib/python3.12/site-packages/airflow/example_dags/example_inlet_event_extra.py
[2025-03-19T00:06:56.359+0000] {processor.py:914} INFO - Processing file /home/airflow/.local/lib/python3.12/site-packages/airflow/example_dags/example_inlet_event_extra.py for tasks to queue
[2025-03-19T00:06:56.360+0000] {logging_mixin.py:190} INFO - [2025-03-19T00:06:56.360+0000] {dagbag.py:588} INFO - Filling up the DagBag from /home/airflow/.local/lib/python3.12/site-packages/airflow/example_dags/example_inlet_event_extra.py
[2025-03-19T00:06:56.497+0000] {processor.py:925} INFO - DAG(s) 'read_dataset_event', 'read_dataset_event_from_classic' retrieved from /home/airflow/.local/lib/python3.12/site-packages/airflow/example_dags/example_inlet_event_extra.py
[2025-03-19T00:06:56.506+0000] {logging_mixin.py:190} INFO - [2025-03-19T00:06:56.506+0000] {dag.py:3239} INFO - Sync 2 DAGs
[2025-03-19T00:06:56.517+0000] {logging_mixin.py:190} INFO - [2025-03-19T00:06:56.516+0000] {dag.py:4180} INFO - Setting next_dagrun for read_dataset_event to 2025-03-18 00:00:00+00:00, run_after=2025-03-19 00:00:00+00:00
[2025-03-19T00:06:56.518+0000] {logging_mixin.py:190} INFO - [2025-03-19T00:06:56.518+0000] {dag.py:4180} INFO - Setting next_dagrun for read_dataset_event_from_classic to 2025-03-18 00:00:00+00:00, run_after=2025-03-19 00:00:00+00:00
[2025-03-19T00:06:56.525+0000] {processor.py:208} INFO - Processing /home/airflow/.local/lib/python3.12/site-packages/airflow/example_dags/example_inlet_event_extra.py took 0.169 seconds
[2025-03-19T00:07:27.526+0000] {processor.py:186} INFO - Started process (PID=17691) to work on /home/airflow/.local/lib/python3.12/site-packages/airflow/example_dags/example_inlet_event_extra.py
[2025-03-19T00:07:27.526+0000] {processor.py:914} INFO - Processing file /home/airflow/.local/lib/python3.12/site-packages/airflow/example_dags/example_inlet_event_extra.py for tasks to queue
[2025-03-19T00:07:27.527+0000] {logging_mixin.py:190} INFO - [2025-03-19T00:07:27.527+0000] {dagbag.py:588} INFO - Filling up the DagBag from /home/airflow/.local/lib/python3.12/site-packages/airflow/example_dags/example_inlet_event_extra.py
[2025-03-19T00:07:27.660+0000] {processor.py:925} INFO - DAG(s) 'read_dataset_event', 'read_dataset_event_from_classic' retrieved from /home/airflow/.local/lib/python3.12/site-packages/airflow/example_dags/example_inlet_event_extra.py
[2025-03-19T00:07:27.673+0000] {logging_mixin.py:190} INFO - [2025-03-19T00:07:27.673+0000] {dag.py:3239} INFO - Sync 2 DAGs
[2025-03-19T00:07:27.769+0000] {logging_mixin.py:190} INFO - [2025-03-19T00:07:27.768+0000] {dag.py:4180} INFO - Setting next_dagrun for read_dataset_event to 2025-03-18 00:00:00+00:00, run_after=2025-03-19 00:00:00+00:00
[2025-03-19T00:07:27.771+0000] {logging_mixin.py:190} INFO - [2025-03-19T00:07:27.771+0000] {dag.py:4180} INFO - Setting next_dagrun for read_dataset_event_from_classic to 2025-03-18 00:00:00+00:00, run_after=2025-03-19 00:00:00+00:00
[2025-03-19T00:07:27.781+0000] {processor.py:208} INFO - Processing /home/airflow/.local/lib/python3.12/site-packages/airflow/example_dags/example_inlet_event_extra.py took 0.257 seconds
[2025-03-19T00:07:58.760+0000] {processor.py:186} INFO - Started process (PID=17754) to work on /home/airflow/.local/lib/python3.12/site-packages/airflow/example_dags/example_inlet_event_extra.py
[2025-03-19T00:07:58.761+0000] {processor.py:914} INFO - Processing file /home/airflow/.local/lib/python3.12/site-packages/airflow/example_dags/example_inlet_event_extra.py for tasks to queue
[2025-03-19T00:07:58.762+0000] {logging_mixin.py:190} INFO - [2025-03-19T00:07:58.762+0000] {dagbag.py:588} INFO - Filling up the DagBag from /home/airflow/.local/lib/python3.12/site-packages/airflow/example_dags/example_inlet_event_extra.py
[2025-03-19T00:07:58.881+0000] {processor.py:925} INFO - DAG(s) 'read_dataset_event_from_classic', 'read_dataset_event' retrieved from /home/airflow/.local/lib/python3.12/site-packages/airflow/example_dags/example_inlet_event_extra.py
[2025-03-19T00:07:58.888+0000] {logging_mixin.py:190} INFO - [2025-03-19T00:07:58.888+0000] {dag.py:3239} INFO - Sync 2 DAGs
[2025-03-19T00:07:58.974+0000] {logging_mixin.py:190} INFO - [2025-03-19T00:07:58.974+0000] {dag.py:4180} INFO - Setting next_dagrun for read_dataset_event to 2025-03-18 00:00:00+00:00, run_after=2025-03-19 00:00:00+00:00
[2025-03-19T00:07:58.976+0000] {logging_mixin.py:190} INFO - [2025-03-19T00:07:58.976+0000] {dag.py:4180} INFO - Setting next_dagrun for read_dataset_event_from_classic to 2025-03-18 00:00:00+00:00, run_after=2025-03-19 00:00:00+00:00
[2025-03-19T00:07:58.981+0000] {processor.py:208} INFO - Processing /home/airflow/.local/lib/python3.12/site-packages/airflow/example_dags/example_inlet_event_extra.py took 0.222 seconds
