[2025-03-19T00:00:03.570+0000] {processor.py:186} INFO - Started process (PID=16799) to work on /home/airflow/.local/lib/python3.12/site-packages/airflow/example_dags/example_dynamic_task_mapping.py
[2025-03-19T00:00:03.572+0000] {processor.py:914} INFO - Processing file /home/airflow/.local/lib/python3.12/site-packages/airflow/example_dags/example_dynamic_task_mapping.py for tasks to queue
[2025-03-19T00:00:03.573+0000] {logging_mixin.py:190} INFO - [2025-03-19T00:00:03.573+0000] {dagbag.py:588} INFO - Filling up the DagBag from /home/airflow/.local/lib/python3.12/site-packages/airflow/example_dags/example_dynamic_task_mapping.py
[2025-03-19T00:00:03.577+0000] {processor.py:925} INFO - DAG(s) 'example_dynamic_task_mapping' retrieved from /home/airflow/.local/lib/python3.12/site-packages/airflow/example_dags/example_dynamic_task_mapping.py
[2025-03-19T00:00:03.595+0000] {logging_mixin.py:190} INFO - [2025-03-19T00:00:03.595+0000] {dag.py:3239} INFO - Sync 1 DAGs
[2025-03-19T00:00:03.600+0000] {logging_mixin.py:190} INFO - [2025-03-19T00:00:03.600+0000] {dag.py:4180} INFO - Setting next_dagrun for example_dynamic_task_mapping to None, run_after=None
[2025-03-19T00:00:03.608+0000] {processor.py:208} INFO - Processing /home/airflow/.local/lib/python3.12/site-packages/airflow/example_dags/example_dynamic_task_mapping.py took 0.041 seconds
[2025-03-19T00:00:33.670+0000] {processor.py:186} INFO - Started process (PID=16862) to work on /home/airflow/.local/lib/python3.12/site-packages/airflow/example_dags/example_dynamic_task_mapping.py
[2025-03-19T00:00:33.671+0000] {processor.py:914} INFO - Processing file /home/airflow/.local/lib/python3.12/site-packages/airflow/example_dags/example_dynamic_task_mapping.py for tasks to queue
[2025-03-19T00:00:33.672+0000] {logging_mixin.py:190} INFO - [2025-03-19T00:00:33.672+0000] {dagbag.py:588} INFO - Filling up the DagBag from /home/airflow/.local/lib/python3.12/site-packages/airflow/example_dags/example_dynamic_task_mapping.py
[2025-03-19T00:00:33.676+0000] {processor.py:925} INFO - DAG(s) 'example_dynamic_task_mapping' retrieved from /home/airflow/.local/lib/python3.12/site-packages/airflow/example_dags/example_dynamic_task_mapping.py
[2025-03-19T00:00:33.690+0000] {logging_mixin.py:190} INFO - [2025-03-19T00:00:33.690+0000] {dag.py:3239} INFO - Sync 1 DAGs
[2025-03-19T00:00:33.696+0000] {logging_mixin.py:190} INFO - [2025-03-19T00:00:33.696+0000] {dag.py:4180} INFO - Setting next_dagrun for example_dynamic_task_mapping to None, run_after=None
[2025-03-19T00:00:33.703+0000] {processor.py:208} INFO - Processing /home/airflow/.local/lib/python3.12/site-packages/airflow/example_dags/example_dynamic_task_mapping.py took 0.036 seconds
[2025-03-19T00:01:03.797+0000] {processor.py:186} INFO - Started process (PID=16925) to work on /home/airflow/.local/lib/python3.12/site-packages/airflow/example_dags/example_dynamic_task_mapping.py
[2025-03-19T00:01:03.797+0000] {processor.py:914} INFO - Processing file /home/airflow/.local/lib/python3.12/site-packages/airflow/example_dags/example_dynamic_task_mapping.py for tasks to queue
[2025-03-19T00:01:03.799+0000] {logging_mixin.py:190} INFO - [2025-03-19T00:01:03.799+0000] {dagbag.py:588} INFO - Filling up the DagBag from /home/airflow/.local/lib/python3.12/site-packages/airflow/example_dags/example_dynamic_task_mapping.py
[2025-03-19T00:01:03.806+0000] {processor.py:925} INFO - DAG(s) 'example_dynamic_task_mapping' retrieved from /home/airflow/.local/lib/python3.12/site-packages/airflow/example_dags/example_dynamic_task_mapping.py
[2025-03-19T00:01:03.819+0000] {logging_mixin.py:190} INFO - [2025-03-19T00:01:03.819+0000] {dag.py:3239} INFO - Sync 1 DAGs
[2025-03-19T00:01:03.826+0000] {logging_mixin.py:190} INFO - [2025-03-19T00:01:03.826+0000] {dag.py:4180} INFO - Setting next_dagrun for example_dynamic_task_mapping to None, run_after=None
[2025-03-19T00:01:03.834+0000] {processor.py:208} INFO - Processing /home/airflow/.local/lib/python3.12/site-packages/airflow/example_dags/example_dynamic_task_mapping.py took 0.041 seconds
[2025-03-19T00:01:34.850+0000] {processor.py:186} INFO - Started process (PID=16988) to work on /home/airflow/.local/lib/python3.12/site-packages/airflow/example_dags/example_dynamic_task_mapping.py
[2025-03-19T00:01:34.850+0000] {processor.py:914} INFO - Processing file /home/airflow/.local/lib/python3.12/site-packages/airflow/example_dags/example_dynamic_task_mapping.py for tasks to queue
[2025-03-19T00:01:34.852+0000] {logging_mixin.py:190} INFO - [2025-03-19T00:01:34.852+0000] {dagbag.py:588} INFO - Filling up the DagBag from /home/airflow/.local/lib/python3.12/site-packages/airflow/example_dags/example_dynamic_task_mapping.py
[2025-03-19T00:01:34.858+0000] {processor.py:925} INFO - DAG(s) 'example_dynamic_task_mapping' retrieved from /home/airflow/.local/lib/python3.12/site-packages/airflow/example_dags/example_dynamic_task_mapping.py
[2025-03-19T00:01:34.865+0000] {logging_mixin.py:190} INFO - [2025-03-19T00:01:34.865+0000] {dag.py:3239} INFO - Sync 1 DAGs
[2025-03-19T00:01:34.872+0000] {logging_mixin.py:190} INFO - [2025-03-19T00:01:34.872+0000] {dag.py:4180} INFO - Setting next_dagrun for example_dynamic_task_mapping to None, run_after=None
[2025-03-19T00:01:34.883+0000] {processor.py:208} INFO - Processing /home/airflow/.local/lib/python3.12/site-packages/airflow/example_dags/example_dynamic_task_mapping.py took 0.036 seconds
[2025-03-19T00:02:05.845+0000] {processor.py:186} INFO - Started process (PID=17051) to work on /home/airflow/.local/lib/python3.12/site-packages/airflow/example_dags/example_dynamic_task_mapping.py
[2025-03-19T00:02:05.846+0000] {processor.py:914} INFO - Processing file /home/airflow/.local/lib/python3.12/site-packages/airflow/example_dags/example_dynamic_task_mapping.py for tasks to queue
[2025-03-19T00:02:05.847+0000] {logging_mixin.py:190} INFO - [2025-03-19T00:02:05.846+0000] {dagbag.py:588} INFO - Filling up the DagBag from /home/airflow/.local/lib/python3.12/site-packages/airflow/example_dags/example_dynamic_task_mapping.py
[2025-03-19T00:02:05.851+0000] {processor.py:925} INFO - DAG(s) 'example_dynamic_task_mapping' retrieved from /home/airflow/.local/lib/python3.12/site-packages/airflow/example_dags/example_dynamic_task_mapping.py
[2025-03-19T00:02:05.862+0000] {logging_mixin.py:190} INFO - [2025-03-19T00:02:05.862+0000] {dag.py:3239} INFO - Sync 1 DAGs
[2025-03-19T00:02:05.867+0000] {logging_mixin.py:190} INFO - [2025-03-19T00:02:05.866+0000] {dag.py:4180} INFO - Setting next_dagrun for example_dynamic_task_mapping to None, run_after=None
[2025-03-19T00:02:05.875+0000] {processor.py:208} INFO - Processing /home/airflow/.local/lib/python3.12/site-packages/airflow/example_dags/example_dynamic_task_mapping.py took 0.032 seconds
[2025-03-19T00:02:36.020+0000] {processor.py:186} INFO - Started process (PID=17114) to work on /home/airflow/.local/lib/python3.12/site-packages/airflow/example_dags/example_dynamic_task_mapping.py
[2025-03-19T00:02:36.021+0000] {processor.py:914} INFO - Processing file /home/airflow/.local/lib/python3.12/site-packages/airflow/example_dags/example_dynamic_task_mapping.py for tasks to queue
[2025-03-19T00:02:36.024+0000] {logging_mixin.py:190} INFO - [2025-03-19T00:02:36.024+0000] {dagbag.py:588} INFO - Filling up the DagBag from /home/airflow/.local/lib/python3.12/site-packages/airflow/example_dags/example_dynamic_task_mapping.py
[2025-03-19T00:02:36.028+0000] {processor.py:925} INFO - DAG(s) 'example_dynamic_task_mapping' retrieved from /home/airflow/.local/lib/python3.12/site-packages/airflow/example_dags/example_dynamic_task_mapping.py
[2025-03-19T00:02:36.038+0000] {logging_mixin.py:190} INFO - [2025-03-19T00:02:36.038+0000] {dag.py:3239} INFO - Sync 1 DAGs
[2025-03-19T00:02:36.044+0000] {logging_mixin.py:190} INFO - [2025-03-19T00:02:36.044+0000] {dag.py:4180} INFO - Setting next_dagrun for example_dynamic_task_mapping to None, run_after=None
[2025-03-19T00:02:36.053+0000] {processor.py:208} INFO - Processing /home/airflow/.local/lib/python3.12/site-packages/airflow/example_dags/example_dynamic_task_mapping.py took 0.035 seconds
[2025-03-19T00:03:06.148+0000] {processor.py:186} INFO - Started process (PID=17177) to work on /home/airflow/.local/lib/python3.12/site-packages/airflow/example_dags/example_dynamic_task_mapping.py
[2025-03-19T00:03:06.150+0000] {processor.py:914} INFO - Processing file /home/airflow/.local/lib/python3.12/site-packages/airflow/example_dags/example_dynamic_task_mapping.py for tasks to queue
[2025-03-19T00:03:06.151+0000] {logging_mixin.py:190} INFO - [2025-03-19T00:03:06.151+0000] {dagbag.py:588} INFO - Filling up the DagBag from /home/airflow/.local/lib/python3.12/site-packages/airflow/example_dags/example_dynamic_task_mapping.py
[2025-03-19T00:03:06.154+0000] {processor.py:925} INFO - DAG(s) 'example_dynamic_task_mapping' retrieved from /home/airflow/.local/lib/python3.12/site-packages/airflow/example_dags/example_dynamic_task_mapping.py
[2025-03-19T00:03:06.166+0000] {logging_mixin.py:190} INFO - [2025-03-19T00:03:06.166+0000] {dag.py:3239} INFO - Sync 1 DAGs
[2025-03-19T00:03:06.171+0000] {logging_mixin.py:190} INFO - [2025-03-19T00:03:06.171+0000] {dag.py:4180} INFO - Setting next_dagrun for example_dynamic_task_mapping to None, run_after=None
[2025-03-19T00:03:06.180+0000] {processor.py:208} INFO - Processing /home/airflow/.local/lib/python3.12/site-packages/airflow/example_dags/example_dynamic_task_mapping.py took 0.034 seconds
[2025-03-19T00:03:36.344+0000] {processor.py:186} INFO - Started process (PID=17240) to work on /home/airflow/.local/lib/python3.12/site-packages/airflow/example_dags/example_dynamic_task_mapping.py
[2025-03-19T00:03:36.345+0000] {processor.py:914} INFO - Processing file /home/airflow/.local/lib/python3.12/site-packages/airflow/example_dags/example_dynamic_task_mapping.py for tasks to queue
[2025-03-19T00:03:36.346+0000] {logging_mixin.py:190} INFO - [2025-03-19T00:03:36.346+0000] {dagbag.py:588} INFO - Filling up the DagBag from /home/airflow/.local/lib/python3.12/site-packages/airflow/example_dags/example_dynamic_task_mapping.py
[2025-03-19T00:03:36.351+0000] {processor.py:925} INFO - DAG(s) 'example_dynamic_task_mapping' retrieved from /home/airflow/.local/lib/python3.12/site-packages/airflow/example_dags/example_dynamic_task_mapping.py
[2025-03-19T00:03:36.360+0000] {logging_mixin.py:190} INFO - [2025-03-19T00:03:36.359+0000] {dag.py:3239} INFO - Sync 1 DAGs
[2025-03-19T00:03:36.366+0000] {logging_mixin.py:190} INFO - [2025-03-19T00:03:36.365+0000] {dag.py:4180} INFO - Setting next_dagrun for example_dynamic_task_mapping to None, run_after=None
[2025-03-19T00:03:36.373+0000] {processor.py:208} INFO - Processing /home/airflow/.local/lib/python3.12/site-packages/airflow/example_dags/example_dynamic_task_mapping.py took 0.032 seconds
[2025-03-19T00:04:07.326+0000] {processor.py:186} INFO - Started process (PID=17309) to work on /home/airflow/.local/lib/python3.12/site-packages/airflow/example_dags/example_dynamic_task_mapping.py
[2025-03-19T00:04:07.326+0000] {processor.py:914} INFO - Processing file /home/airflow/.local/lib/python3.12/site-packages/airflow/example_dags/example_dynamic_task_mapping.py for tasks to queue
[2025-03-19T00:04:07.327+0000] {logging_mixin.py:190} INFO - [2025-03-19T00:04:07.327+0000] {dagbag.py:588} INFO - Filling up the DagBag from /home/airflow/.local/lib/python3.12/site-packages/airflow/example_dags/example_dynamic_task_mapping.py
[2025-03-19T00:04:07.332+0000] {processor.py:925} INFO - DAG(s) 'example_dynamic_task_mapping' retrieved from /home/airflow/.local/lib/python3.12/site-packages/airflow/example_dags/example_dynamic_task_mapping.py
[2025-03-19T00:04:07.341+0000] {logging_mixin.py:190} INFO - [2025-03-19T00:04:07.341+0000] {dag.py:3239} INFO - Sync 1 DAGs
[2025-03-19T00:04:07.345+0000] {logging_mixin.py:190} INFO - [2025-03-19T00:04:07.345+0000] {dag.py:4180} INFO - Setting next_dagrun for example_dynamic_task_mapping to None, run_after=None
[2025-03-19T00:04:07.351+0000] {processor.py:208} INFO - Processing /home/airflow/.local/lib/python3.12/site-packages/airflow/example_dags/example_dynamic_task_mapping.py took 0.028 seconds
[2025-03-19T00:04:38.355+0000] {processor.py:186} INFO - Started process (PID=17372) to work on /home/airflow/.local/lib/python3.12/site-packages/airflow/example_dags/example_dynamic_task_mapping.py
[2025-03-19T00:04:38.355+0000] {processor.py:914} INFO - Processing file /home/airflow/.local/lib/python3.12/site-packages/airflow/example_dags/example_dynamic_task_mapping.py for tasks to queue
[2025-03-19T00:04:38.356+0000] {logging_mixin.py:190} INFO - [2025-03-19T00:04:38.356+0000] {dagbag.py:588} INFO - Filling up the DagBag from /home/airflow/.local/lib/python3.12/site-packages/airflow/example_dags/example_dynamic_task_mapping.py
[2025-03-19T00:04:38.361+0000] {processor.py:925} INFO - DAG(s) 'example_dynamic_task_mapping' retrieved from /home/airflow/.local/lib/python3.12/site-packages/airflow/example_dags/example_dynamic_task_mapping.py
[2025-03-19T00:04:38.370+0000] {logging_mixin.py:190} INFO - [2025-03-19T00:04:38.369+0000] {dag.py:3239} INFO - Sync 1 DAGs
[2025-03-19T00:04:38.377+0000] {logging_mixin.py:190} INFO - [2025-03-19T00:04:38.377+0000] {dag.py:4180} INFO - Setting next_dagrun for example_dynamic_task_mapping to None, run_after=None
[2025-03-19T00:04:38.387+0000] {processor.py:208} INFO - Processing /home/airflow/.local/lib/python3.12/site-packages/airflow/example_dags/example_dynamic_task_mapping.py took 0.035 seconds
[2025-03-19T00:05:09.381+0000] {processor.py:186} INFO - Started process (PID=17435) to work on /home/airflow/.local/lib/python3.12/site-packages/airflow/example_dags/example_dynamic_task_mapping.py
[2025-03-19T00:05:09.383+0000] {processor.py:914} INFO - Processing file /home/airflow/.local/lib/python3.12/site-packages/airflow/example_dags/example_dynamic_task_mapping.py for tasks to queue
[2025-03-19T00:05:09.384+0000] {logging_mixin.py:190} INFO - [2025-03-19T00:05:09.383+0000] {dagbag.py:588} INFO - Filling up the DagBag from /home/airflow/.local/lib/python3.12/site-packages/airflow/example_dags/example_dynamic_task_mapping.py
[2025-03-19T00:05:09.388+0000] {processor.py:925} INFO - DAG(s) 'example_dynamic_task_mapping' retrieved from /home/airflow/.local/lib/python3.12/site-packages/airflow/example_dags/example_dynamic_task_mapping.py
[2025-03-19T00:05:09.397+0000] {logging_mixin.py:190} INFO - [2025-03-19T00:05:09.397+0000] {dag.py:3239} INFO - Sync 1 DAGs
[2025-03-19T00:05:09.402+0000] {logging_mixin.py:190} INFO - [2025-03-19T00:05:09.402+0000] {dag.py:4180} INFO - Setting next_dagrun for example_dynamic_task_mapping to None, run_after=None
[2025-03-19T00:05:09.410+0000] {processor.py:208} INFO - Processing /home/airflow/.local/lib/python3.12/site-packages/airflow/example_dags/example_dynamic_task_mapping.py took 0.031 seconds
[2025-03-19T00:05:39.568+0000] {processor.py:186} INFO - Started process (PID=17498) to work on /home/airflow/.local/lib/python3.12/site-packages/airflow/example_dags/example_dynamic_task_mapping.py
[2025-03-19T00:05:39.568+0000] {processor.py:914} INFO - Processing file /home/airflow/.local/lib/python3.12/site-packages/airflow/example_dags/example_dynamic_task_mapping.py for tasks to queue
[2025-03-19T00:05:39.569+0000] {logging_mixin.py:190} INFO - [2025-03-19T00:05:39.569+0000] {dagbag.py:588} INFO - Filling up the DagBag from /home/airflow/.local/lib/python3.12/site-packages/airflow/example_dags/example_dynamic_task_mapping.py
[2025-03-19T00:05:39.578+0000] {processor.py:925} INFO - DAG(s) 'example_dynamic_task_mapping' retrieved from /home/airflow/.local/lib/python3.12/site-packages/airflow/example_dags/example_dynamic_task_mapping.py
[2025-03-19T00:05:39.587+0000] {logging_mixin.py:190} INFO - [2025-03-19T00:05:39.587+0000] {dag.py:3239} INFO - Sync 1 DAGs
[2025-03-19T00:05:39.597+0000] {logging_mixin.py:190} INFO - [2025-03-19T00:05:39.596+0000] {dag.py:4180} INFO - Setting next_dagrun for example_dynamic_task_mapping to None, run_after=None
[2025-03-19T00:05:39.611+0000] {processor.py:208} INFO - Processing /home/airflow/.local/lib/python3.12/site-packages/airflow/example_dags/example_dynamic_task_mapping.py took 0.045 seconds
[2025-03-19T00:06:09.765+0000] {processor.py:186} INFO - Started process (PID=17561) to work on /home/airflow/.local/lib/python3.12/site-packages/airflow/example_dags/example_dynamic_task_mapping.py
[2025-03-19T00:06:09.765+0000] {processor.py:914} INFO - Processing file /home/airflow/.local/lib/python3.12/site-packages/airflow/example_dags/example_dynamic_task_mapping.py for tasks to queue
[2025-03-19T00:06:09.767+0000] {logging_mixin.py:190} INFO - [2025-03-19T00:06:09.767+0000] {dagbag.py:588} INFO - Filling up the DagBag from /home/airflow/.local/lib/python3.12/site-packages/airflow/example_dags/example_dynamic_task_mapping.py
[2025-03-19T00:06:09.771+0000] {processor.py:925} INFO - DAG(s) 'example_dynamic_task_mapping' retrieved from /home/airflow/.local/lib/python3.12/site-packages/airflow/example_dags/example_dynamic_task_mapping.py
[2025-03-19T00:06:09.781+0000] {logging_mixin.py:190} INFO - [2025-03-19T00:06:09.781+0000] {dag.py:3239} INFO - Sync 1 DAGs
[2025-03-19T00:06:09.788+0000] {logging_mixin.py:190} INFO - [2025-03-19T00:06:09.788+0000] {dag.py:4180} INFO - Setting next_dagrun for example_dynamic_task_mapping to None, run_after=None
[2025-03-19T00:06:09.798+0000] {processor.py:208} INFO - Processing /home/airflow/.local/lib/python3.12/site-packages/airflow/example_dags/example_dynamic_task_mapping.py took 0.036 seconds
[2025-03-19T00:06:39.896+0000] {processor.py:186} INFO - Started process (PID=17624) to work on /home/airflow/.local/lib/python3.12/site-packages/airflow/example_dags/example_dynamic_task_mapping.py
[2025-03-19T00:06:39.896+0000] {processor.py:914} INFO - Processing file /home/airflow/.local/lib/python3.12/site-packages/airflow/example_dags/example_dynamic_task_mapping.py for tasks to queue
[2025-03-19T00:06:39.897+0000] {logging_mixin.py:190} INFO - [2025-03-19T00:06:39.897+0000] {dagbag.py:588} INFO - Filling up the DagBag from /home/airflow/.local/lib/python3.12/site-packages/airflow/example_dags/example_dynamic_task_mapping.py
[2025-03-19T00:06:39.902+0000] {processor.py:925} INFO - DAG(s) 'example_dynamic_task_mapping' retrieved from /home/airflow/.local/lib/python3.12/site-packages/airflow/example_dags/example_dynamic_task_mapping.py
[2025-03-19T00:06:39.913+0000] {logging_mixin.py:190} INFO - [2025-03-19T00:06:39.913+0000] {dag.py:3239} INFO - Sync 1 DAGs
[2025-03-19T00:06:39.918+0000] {logging_mixin.py:190} INFO - [2025-03-19T00:06:39.918+0000] {dag.py:4180} INFO - Setting next_dagrun for example_dynamic_task_mapping to None, run_after=None
[2025-03-19T00:06:39.926+0000] {processor.py:208} INFO - Processing /home/airflow/.local/lib/python3.12/site-packages/airflow/example_dags/example_dynamic_task_mapping.py took 0.033 seconds
[2025-03-19T00:07:10.016+0000] {processor.py:186} INFO - Started process (PID=17687) to work on /home/airflow/.local/lib/python3.12/site-packages/airflow/example_dags/example_dynamic_task_mapping.py
[2025-03-19T00:07:10.017+0000] {processor.py:914} INFO - Processing file /home/airflow/.local/lib/python3.12/site-packages/airflow/example_dags/example_dynamic_task_mapping.py for tasks to queue
[2025-03-19T00:07:10.019+0000] {logging_mixin.py:190} INFO - [2025-03-19T00:07:10.018+0000] {dagbag.py:588} INFO - Filling up the DagBag from /home/airflow/.local/lib/python3.12/site-packages/airflow/example_dags/example_dynamic_task_mapping.py
[2025-03-19T00:07:10.022+0000] {processor.py:925} INFO - DAG(s) 'example_dynamic_task_mapping' retrieved from /home/airflow/.local/lib/python3.12/site-packages/airflow/example_dags/example_dynamic_task_mapping.py
[2025-03-19T00:07:10.030+0000] {logging_mixin.py:190} INFO - [2025-03-19T00:07:10.030+0000] {dag.py:3239} INFO - Sync 1 DAGs
[2025-03-19T00:07:10.037+0000] {logging_mixin.py:190} INFO - [2025-03-19T00:07:10.037+0000] {dag.py:4180} INFO - Setting next_dagrun for example_dynamic_task_mapping to None, run_after=None
[2025-03-19T00:07:10.046+0000] {processor.py:208} INFO - Processing /home/airflow/.local/lib/python3.12/site-packages/airflow/example_dags/example_dynamic_task_mapping.py took 0.032 seconds
[2025-03-19T00:07:40.215+0000] {processor.py:186} INFO - Started process (PID=17750) to work on /home/airflow/.local/lib/python3.12/site-packages/airflow/example_dags/example_dynamic_task_mapping.py
[2025-03-19T00:07:40.216+0000] {processor.py:914} INFO - Processing file /home/airflow/.local/lib/python3.12/site-packages/airflow/example_dags/example_dynamic_task_mapping.py for tasks to queue
[2025-03-19T00:07:40.217+0000] {logging_mixin.py:190} INFO - [2025-03-19T00:07:40.216+0000] {dagbag.py:588} INFO - Filling up the DagBag from /home/airflow/.local/lib/python3.12/site-packages/airflow/example_dags/example_dynamic_task_mapping.py
[2025-03-19T00:07:40.220+0000] {processor.py:925} INFO - DAG(s) 'example_dynamic_task_mapping' retrieved from /home/airflow/.local/lib/python3.12/site-packages/airflow/example_dags/example_dynamic_task_mapping.py
[2025-03-19T00:07:40.228+0000] {logging_mixin.py:190} INFO - [2025-03-19T00:07:40.228+0000] {dag.py:3239} INFO - Sync 1 DAGs
[2025-03-19T00:07:40.234+0000] {logging_mixin.py:190} INFO - [2025-03-19T00:07:40.234+0000] {dag.py:4180} INFO - Setting next_dagrun for example_dynamic_task_mapping to None, run_after=None
[2025-03-19T00:07:40.243+0000] {processor.py:208} INFO - Processing /home/airflow/.local/lib/python3.12/site-packages/airflow/example_dags/example_dynamic_task_mapping.py took 0.030 seconds
