[2025-03-19T00:00:03.269+0000] {processor.py:186} INFO - Started process (PID=16789) to work on /home/airflow/.local/lib/python3.12/site-packages/airflow/example_dags/example_complex.py
[2025-03-19T00:00:03.269+0000] {processor.py:914} INFO - Processing file /home/airflow/.local/lib/python3.12/site-packages/airflow/example_dags/example_complex.py for tasks to queue
[2025-03-19T00:00:03.270+0000] {logging_mixin.py:190} INFO - [2025-03-19T00:00:03.270+0000] {dagbag.py:588} INFO - Filling up the DagBag from /home/airflow/.local/lib/python3.12/site-packages/airflow/example_dags/example_complex.py
[2025-03-19T00:00:03.276+0000] {processor.py:925} INFO - DAG(s) 'example_complex' retrieved from /home/airflow/.local/lib/python3.12/site-packages/airflow/example_dags/example_complex.py
[2025-03-19T00:00:03.289+0000] {logging_mixin.py:190} INFO - [2025-03-19T00:00:03.289+0000] {dag.py:3239} INFO - Sync 1 DAGs
[2025-03-19T00:00:03.295+0000] {logging_mixin.py:190} INFO - [2025-03-19T00:00:03.295+0000] {dag.py:4180} INFO - Setting next_dagrun for example_complex to None, run_after=None
[2025-03-19T00:00:03.305+0000] {processor.py:208} INFO - Processing /home/airflow/.local/lib/python3.12/site-packages/airflow/example_dags/example_complex.py took 0.039 seconds
[2025-03-19T00:00:33.410+0000] {processor.py:186} INFO - Started process (PID=16852) to work on /home/airflow/.local/lib/python3.12/site-packages/airflow/example_dags/example_complex.py
[2025-03-19T00:00:33.411+0000] {processor.py:914} INFO - Processing file /home/airflow/.local/lib/python3.12/site-packages/airflow/example_dags/example_complex.py for tasks to queue
[2025-03-19T00:00:33.413+0000] {logging_mixin.py:190} INFO - [2025-03-19T00:00:33.413+0000] {dagbag.py:588} INFO - Filling up the DagBag from /home/airflow/.local/lib/python3.12/site-packages/airflow/example_dags/example_complex.py
[2025-03-19T00:00:33.419+0000] {processor.py:925} INFO - DAG(s) 'example_complex' retrieved from /home/airflow/.local/lib/python3.12/site-packages/airflow/example_dags/example_complex.py
[2025-03-19T00:00:33.432+0000] {logging_mixin.py:190} INFO - [2025-03-19T00:00:33.432+0000] {dag.py:3239} INFO - Sync 1 DAGs
[2025-03-19T00:00:33.442+0000] {logging_mixin.py:190} INFO - [2025-03-19T00:00:33.442+0000] {dag.py:4180} INFO - Setting next_dagrun for example_complex to None, run_after=None
[2025-03-19T00:00:33.453+0000] {processor.py:208} INFO - Processing /home/airflow/.local/lib/python3.12/site-packages/airflow/example_dags/example_complex.py took 0.045 seconds
[2025-03-19T00:01:03.529+0000] {processor.py:186} INFO - Started process (PID=16915) to work on /home/airflow/.local/lib/python3.12/site-packages/airflow/example_dags/example_complex.py
[2025-03-19T00:01:03.531+0000] {processor.py:914} INFO - Processing file /home/airflow/.local/lib/python3.12/site-packages/airflow/example_dags/example_complex.py for tasks to queue
[2025-03-19T00:01:03.532+0000] {logging_mixin.py:190} INFO - [2025-03-19T00:01:03.532+0000] {dagbag.py:588} INFO - Filling up the DagBag from /home/airflow/.local/lib/python3.12/site-packages/airflow/example_dags/example_complex.py
[2025-03-19T00:01:03.538+0000] {processor.py:925} INFO - DAG(s) 'example_complex' retrieved from /home/airflow/.local/lib/python3.12/site-packages/airflow/example_dags/example_complex.py
[2025-03-19T00:01:03.551+0000] {logging_mixin.py:190} INFO - [2025-03-19T00:01:03.551+0000] {dag.py:3239} INFO - Sync 1 DAGs
[2025-03-19T00:01:03.556+0000] {logging_mixin.py:190} INFO - [2025-03-19T00:01:03.556+0000] {dag.py:4180} INFO - Setting next_dagrun for example_complex to None, run_after=None
[2025-03-19T00:01:03.565+0000] {processor.py:208} INFO - Processing /home/airflow/.local/lib/python3.12/site-packages/airflow/example_dags/example_complex.py took 0.038 seconds
[2025-03-19T00:01:34.570+0000] {processor.py:186} INFO - Started process (PID=16978) to work on /home/airflow/.local/lib/python3.12/site-packages/airflow/example_dags/example_complex.py
[2025-03-19T00:01:34.573+0000] {processor.py:914} INFO - Processing file /home/airflow/.local/lib/python3.12/site-packages/airflow/example_dags/example_complex.py for tasks to queue
[2025-03-19T00:01:34.574+0000] {logging_mixin.py:190} INFO - [2025-03-19T00:01:34.573+0000] {dagbag.py:588} INFO - Filling up the DagBag from /home/airflow/.local/lib/python3.12/site-packages/airflow/example_dags/example_complex.py
[2025-03-19T00:01:34.578+0000] {processor.py:925} INFO - DAG(s) 'example_complex' retrieved from /home/airflow/.local/lib/python3.12/site-packages/airflow/example_dags/example_complex.py
[2025-03-19T00:01:34.592+0000] {logging_mixin.py:190} INFO - [2025-03-19T00:01:34.592+0000] {dag.py:3239} INFO - Sync 1 DAGs
[2025-03-19T00:01:34.598+0000] {logging_mixin.py:190} INFO - [2025-03-19T00:01:34.598+0000] {dag.py:4180} INFO - Setting next_dagrun for example_complex to None, run_after=None
[2025-03-19T00:01:34.609+0000] {processor.py:208} INFO - Processing /home/airflow/.local/lib/python3.12/site-packages/airflow/example_dags/example_complex.py took 0.041 seconds
[2025-03-19T00:02:05.587+0000] {processor.py:186} INFO - Started process (PID=17041) to work on /home/airflow/.local/lib/python3.12/site-packages/airflow/example_dags/example_complex.py
[2025-03-19T00:02:05.590+0000] {processor.py:914} INFO - Processing file /home/airflow/.local/lib/python3.12/site-packages/airflow/example_dags/example_complex.py for tasks to queue
[2025-03-19T00:02:05.591+0000] {logging_mixin.py:190} INFO - [2025-03-19T00:02:05.591+0000] {dagbag.py:588} INFO - Filling up the DagBag from /home/airflow/.local/lib/python3.12/site-packages/airflow/example_dags/example_complex.py
[2025-03-19T00:02:05.597+0000] {processor.py:925} INFO - DAG(s) 'example_complex' retrieved from /home/airflow/.local/lib/python3.12/site-packages/airflow/example_dags/example_complex.py
[2025-03-19T00:02:05.616+0000] {logging_mixin.py:190} INFO - [2025-03-19T00:02:05.616+0000] {dag.py:3239} INFO - Sync 1 DAGs
[2025-03-19T00:02:05.622+0000] {logging_mixin.py:190} INFO - [2025-03-19T00:02:05.622+0000] {dag.py:4180} INFO - Setting next_dagrun for example_complex to None, run_after=None
[2025-03-19T00:02:05.631+0000] {processor.py:208} INFO - Processing /home/airflow/.local/lib/python3.12/site-packages/airflow/example_dags/example_complex.py took 0.046 seconds
[2025-03-19T00:02:35.755+0000] {processor.py:186} INFO - Started process (PID=17104) to work on /home/airflow/.local/lib/python3.12/site-packages/airflow/example_dags/example_complex.py
[2025-03-19T00:02:35.756+0000] {processor.py:914} INFO - Processing file /home/airflow/.local/lib/python3.12/site-packages/airflow/example_dags/example_complex.py for tasks to queue
[2025-03-19T00:02:35.757+0000] {logging_mixin.py:190} INFO - [2025-03-19T00:02:35.757+0000] {dagbag.py:588} INFO - Filling up the DagBag from /home/airflow/.local/lib/python3.12/site-packages/airflow/example_dags/example_complex.py
[2025-03-19T00:02:35.762+0000] {processor.py:925} INFO - DAG(s) 'example_complex' retrieved from /home/airflow/.local/lib/python3.12/site-packages/airflow/example_dags/example_complex.py
[2025-03-19T00:02:35.773+0000] {logging_mixin.py:190} INFO - [2025-03-19T00:02:35.773+0000] {dag.py:3239} INFO - Sync 1 DAGs
[2025-03-19T00:02:35.779+0000] {logging_mixin.py:190} INFO - [2025-03-19T00:02:35.779+0000] {dag.py:4180} INFO - Setting next_dagrun for example_complex to None, run_after=None
[2025-03-19T00:02:35.785+0000] {processor.py:208} INFO - Processing /home/airflow/.local/lib/python3.12/site-packages/airflow/example_dags/example_complex.py took 0.032 seconds
[2025-03-19T00:03:05.914+0000] {processor.py:186} INFO - Started process (PID=17167) to work on /home/airflow/.local/lib/python3.12/site-packages/airflow/example_dags/example_complex.py
[2025-03-19T00:03:05.915+0000] {processor.py:914} INFO - Processing file /home/airflow/.local/lib/python3.12/site-packages/airflow/example_dags/example_complex.py for tasks to queue
[2025-03-19T00:03:05.916+0000] {logging_mixin.py:190} INFO - [2025-03-19T00:03:05.916+0000] {dagbag.py:588} INFO - Filling up the DagBag from /home/airflow/.local/lib/python3.12/site-packages/airflow/example_dags/example_complex.py
[2025-03-19T00:03:05.920+0000] {processor.py:925} INFO - DAG(s) 'example_complex' retrieved from /home/airflow/.local/lib/python3.12/site-packages/airflow/example_dags/example_complex.py
[2025-03-19T00:03:05.931+0000] {logging_mixin.py:190} INFO - [2025-03-19T00:03:05.931+0000] {dag.py:3239} INFO - Sync 1 DAGs
[2025-03-19T00:03:05.936+0000] {logging_mixin.py:190} INFO - [2025-03-19T00:03:05.936+0000] {dag.py:4180} INFO - Setting next_dagrun for example_complex to None, run_after=None
[2025-03-19T00:03:05.941+0000] {processor.py:208} INFO - Processing /home/airflow/.local/lib/python3.12/site-packages/airflow/example_dags/example_complex.py took 0.029 seconds
[2025-03-19T00:03:36.062+0000] {processor.py:186} INFO - Started process (PID=17230) to work on /home/airflow/.local/lib/python3.12/site-packages/airflow/example_dags/example_complex.py
[2025-03-19T00:03:36.063+0000] {processor.py:914} INFO - Processing file /home/airflow/.local/lib/python3.12/site-packages/airflow/example_dags/example_complex.py for tasks to queue
[2025-03-19T00:03:36.064+0000] {logging_mixin.py:190} INFO - [2025-03-19T00:03:36.064+0000] {dagbag.py:588} INFO - Filling up the DagBag from /home/airflow/.local/lib/python3.12/site-packages/airflow/example_dags/example_complex.py
[2025-03-19T00:03:36.070+0000] {processor.py:925} INFO - DAG(s) 'example_complex' retrieved from /home/airflow/.local/lib/python3.12/site-packages/airflow/example_dags/example_complex.py
[2025-03-19T00:03:36.084+0000] {logging_mixin.py:190} INFO - [2025-03-19T00:03:36.084+0000] {dag.py:3239} INFO - Sync 1 DAGs
[2025-03-19T00:03:36.089+0000] {logging_mixin.py:190} INFO - [2025-03-19T00:03:36.089+0000] {dag.py:4180} INFO - Setting next_dagrun for example_complex to None, run_after=None
[2025-03-19T00:03:36.099+0000] {processor.py:208} INFO - Processing /home/airflow/.local/lib/python3.12/site-packages/airflow/example_dags/example_complex.py took 0.039 seconds
[2025-03-19T00:04:07.092+0000] {processor.py:186} INFO - Started process (PID=17299) to work on /home/airflow/.local/lib/python3.12/site-packages/airflow/example_dags/example_complex.py
[2025-03-19T00:04:07.094+0000] {processor.py:914} INFO - Processing file /home/airflow/.local/lib/python3.12/site-packages/airflow/example_dags/example_complex.py for tasks to queue
[2025-03-19T00:04:07.095+0000] {logging_mixin.py:190} INFO - [2025-03-19T00:04:07.095+0000] {dagbag.py:588} INFO - Filling up the DagBag from /home/airflow/.local/lib/python3.12/site-packages/airflow/example_dags/example_complex.py
[2025-03-19T00:04:07.100+0000] {processor.py:925} INFO - DAG(s) 'example_complex' retrieved from /home/airflow/.local/lib/python3.12/site-packages/airflow/example_dags/example_complex.py
[2025-03-19T00:04:07.114+0000] {logging_mixin.py:190} INFO - [2025-03-19T00:04:07.113+0000] {dag.py:3239} INFO - Sync 1 DAGs
[2025-03-19T00:04:07.120+0000] {logging_mixin.py:190} INFO - [2025-03-19T00:04:07.120+0000] {dag.py:4180} INFO - Setting next_dagrun for example_complex to None, run_after=None
[2025-03-19T00:04:07.130+0000] {processor.py:208} INFO - Processing /home/airflow/.local/lib/python3.12/site-packages/airflow/example_dags/example_complex.py took 0.041 seconds
[2025-03-19T00:04:38.112+0000] {processor.py:186} INFO - Started process (PID=17362) to work on /home/airflow/.local/lib/python3.12/site-packages/airflow/example_dags/example_complex.py
[2025-03-19T00:04:38.113+0000] {processor.py:914} INFO - Processing file /home/airflow/.local/lib/python3.12/site-packages/airflow/example_dags/example_complex.py for tasks to queue
[2025-03-19T00:04:38.114+0000] {logging_mixin.py:190} INFO - [2025-03-19T00:04:38.114+0000] {dagbag.py:588} INFO - Filling up the DagBag from /home/airflow/.local/lib/python3.12/site-packages/airflow/example_dags/example_complex.py
[2025-03-19T00:04:38.120+0000] {processor.py:925} INFO - DAG(s) 'example_complex' retrieved from /home/airflow/.local/lib/python3.12/site-packages/airflow/example_dags/example_complex.py
[2025-03-19T00:04:38.133+0000] {logging_mixin.py:190} INFO - [2025-03-19T00:04:38.133+0000] {dag.py:3239} INFO - Sync 1 DAGs
[2025-03-19T00:04:38.139+0000] {logging_mixin.py:190} INFO - [2025-03-19T00:04:38.139+0000] {dag.py:4180} INFO - Setting next_dagrun for example_complex to None, run_after=None
[2025-03-19T00:04:38.150+0000] {processor.py:208} INFO - Processing /home/airflow/.local/lib/python3.12/site-packages/airflow/example_dags/example_complex.py took 0.041 seconds
[2025-03-19T00:05:09.144+0000] {processor.py:186} INFO - Started process (PID=17425) to work on /home/airflow/.local/lib/python3.12/site-packages/airflow/example_dags/example_complex.py
[2025-03-19T00:05:09.145+0000] {processor.py:914} INFO - Processing file /home/airflow/.local/lib/python3.12/site-packages/airflow/example_dags/example_complex.py for tasks to queue
[2025-03-19T00:05:09.146+0000] {logging_mixin.py:190} INFO - [2025-03-19T00:05:09.146+0000] {dagbag.py:588} INFO - Filling up the DagBag from /home/airflow/.local/lib/python3.12/site-packages/airflow/example_dags/example_complex.py
[2025-03-19T00:05:09.152+0000] {processor.py:925} INFO - DAG(s) 'example_complex' retrieved from /home/airflow/.local/lib/python3.12/site-packages/airflow/example_dags/example_complex.py
[2025-03-19T00:05:09.164+0000] {logging_mixin.py:190} INFO - [2025-03-19T00:05:09.164+0000] {dag.py:3239} INFO - Sync 1 DAGs
[2025-03-19T00:05:09.169+0000] {logging_mixin.py:190} INFO - [2025-03-19T00:05:09.169+0000] {dag.py:4180} INFO - Setting next_dagrun for example_complex to None, run_after=None
[2025-03-19T00:05:09.178+0000] {processor.py:208} INFO - Processing /home/airflow/.local/lib/python3.12/site-packages/airflow/example_dags/example_complex.py took 0.036 seconds
[2025-03-19T00:05:39.272+0000] {processor.py:186} INFO - Started process (PID=17488) to work on /home/airflow/.local/lib/python3.12/site-packages/airflow/example_dags/example_complex.py
[2025-03-19T00:05:39.272+0000] {processor.py:914} INFO - Processing file /home/airflow/.local/lib/python3.12/site-packages/airflow/example_dags/example_complex.py for tasks to queue
[2025-03-19T00:05:39.273+0000] {logging_mixin.py:190} INFO - [2025-03-19T00:05:39.273+0000] {dagbag.py:588} INFO - Filling up the DagBag from /home/airflow/.local/lib/python3.12/site-packages/airflow/example_dags/example_complex.py
[2025-03-19T00:05:39.281+0000] {processor.py:925} INFO - DAG(s) 'example_complex' retrieved from /home/airflow/.local/lib/python3.12/site-packages/airflow/example_dags/example_complex.py
[2025-03-19T00:05:39.295+0000] {logging_mixin.py:190} INFO - [2025-03-19T00:05:39.295+0000] {dag.py:3239} INFO - Sync 1 DAGs
[2025-03-19T00:05:39.300+0000] {logging_mixin.py:190} INFO - [2025-03-19T00:05:39.300+0000] {dag.py:4180} INFO - Setting next_dagrun for example_complex to None, run_after=None
[2025-03-19T00:05:39.312+0000] {processor.py:208} INFO - Processing /home/airflow/.local/lib/python3.12/site-packages/airflow/example_dags/example_complex.py took 0.042 seconds
[2025-03-19T00:06:09.496+0000] {processor.py:186} INFO - Started process (PID=17551) to work on /home/airflow/.local/lib/python3.12/site-packages/airflow/example_dags/example_complex.py
[2025-03-19T00:06:09.496+0000] {processor.py:914} INFO - Processing file /home/airflow/.local/lib/python3.12/site-packages/airflow/example_dags/example_complex.py for tasks to queue
[2025-03-19T00:06:09.497+0000] {logging_mixin.py:190} INFO - [2025-03-19T00:06:09.497+0000] {dagbag.py:588} INFO - Filling up the DagBag from /home/airflow/.local/lib/python3.12/site-packages/airflow/example_dags/example_complex.py
[2025-03-19T00:06:09.503+0000] {processor.py:925} INFO - DAG(s) 'example_complex' retrieved from /home/airflow/.local/lib/python3.12/site-packages/airflow/example_dags/example_complex.py
[2025-03-19T00:06:09.519+0000] {logging_mixin.py:190} INFO - [2025-03-19T00:06:09.519+0000] {dag.py:3239} INFO - Sync 1 DAGs
[2025-03-19T00:06:09.526+0000] {logging_mixin.py:190} INFO - [2025-03-19T00:06:09.526+0000] {dag.py:4180} INFO - Setting next_dagrun for example_complex to None, run_after=None
[2025-03-19T00:06:09.537+0000] {processor.py:208} INFO - Processing /home/airflow/.local/lib/python3.12/site-packages/airflow/example_dags/example_complex.py took 0.045 seconds
[2025-03-19T00:06:39.656+0000] {processor.py:186} INFO - Started process (PID=17614) to work on /home/airflow/.local/lib/python3.12/site-packages/airflow/example_dags/example_complex.py
[2025-03-19T00:06:39.656+0000] {processor.py:914} INFO - Processing file /home/airflow/.local/lib/python3.12/site-packages/airflow/example_dags/example_complex.py for tasks to queue
[2025-03-19T00:06:39.658+0000] {logging_mixin.py:190} INFO - [2025-03-19T00:06:39.658+0000] {dagbag.py:588} INFO - Filling up the DagBag from /home/airflow/.local/lib/python3.12/site-packages/airflow/example_dags/example_complex.py
[2025-03-19T00:06:39.668+0000] {processor.py:925} INFO - DAG(s) 'example_complex' retrieved from /home/airflow/.local/lib/python3.12/site-packages/airflow/example_dags/example_complex.py
[2025-03-19T00:06:39.682+0000] {logging_mixin.py:190} INFO - [2025-03-19T00:06:39.682+0000] {dag.py:3239} INFO - Sync 1 DAGs
[2025-03-19T00:06:39.688+0000] {logging_mixin.py:190} INFO - [2025-03-19T00:06:39.688+0000] {dag.py:4180} INFO - Setting next_dagrun for example_complex to None, run_after=None
[2025-03-19T00:06:39.697+0000] {processor.py:208} INFO - Processing /home/airflow/.local/lib/python3.12/site-packages/airflow/example_dags/example_complex.py took 0.044 seconds
[2025-03-19T00:07:09.791+0000] {processor.py:186} INFO - Started process (PID=17677) to work on /home/airflow/.local/lib/python3.12/site-packages/airflow/example_dags/example_complex.py
[2025-03-19T00:07:09.792+0000] {processor.py:914} INFO - Processing file /home/airflow/.local/lib/python3.12/site-packages/airflow/example_dags/example_complex.py for tasks to queue
[2025-03-19T00:07:09.793+0000] {logging_mixin.py:190} INFO - [2025-03-19T00:07:09.793+0000] {dagbag.py:588} INFO - Filling up the DagBag from /home/airflow/.local/lib/python3.12/site-packages/airflow/example_dags/example_complex.py
[2025-03-19T00:07:09.797+0000] {processor.py:925} INFO - DAG(s) 'example_complex' retrieved from /home/airflow/.local/lib/python3.12/site-packages/airflow/example_dags/example_complex.py
[2025-03-19T00:07:09.808+0000] {logging_mixin.py:190} INFO - [2025-03-19T00:07:09.807+0000] {dag.py:3239} INFO - Sync 1 DAGs
[2025-03-19T00:07:09.812+0000] {logging_mixin.py:190} INFO - [2025-03-19T00:07:09.812+0000] {dag.py:4180} INFO - Setting next_dagrun for example_complex to None, run_after=None
[2025-03-19T00:07:09.817+0000] {processor.py:208} INFO - Processing /home/airflow/.local/lib/python3.12/site-packages/airflow/example_dags/example_complex.py took 0.028 seconds
[2025-03-19T00:07:39.929+0000] {processor.py:186} INFO - Started process (PID=17740) to work on /home/airflow/.local/lib/python3.12/site-packages/airflow/example_dags/example_complex.py
[2025-03-19T00:07:39.930+0000] {processor.py:914} INFO - Processing file /home/airflow/.local/lib/python3.12/site-packages/airflow/example_dags/example_complex.py for tasks to queue
[2025-03-19T00:07:39.934+0000] {logging_mixin.py:190} INFO - [2025-03-19T00:07:39.934+0000] {dagbag.py:588} INFO - Filling up the DagBag from /home/airflow/.local/lib/python3.12/site-packages/airflow/example_dags/example_complex.py
[2025-03-19T00:07:39.939+0000] {processor.py:925} INFO - DAG(s) 'example_complex' retrieved from /home/airflow/.local/lib/python3.12/site-packages/airflow/example_dags/example_complex.py
[2025-03-19T00:07:39.953+0000] {logging_mixin.py:190} INFO - [2025-03-19T00:07:39.953+0000] {dag.py:3239} INFO - Sync 1 DAGs
[2025-03-19T00:07:39.958+0000] {logging_mixin.py:190} INFO - [2025-03-19T00:07:39.958+0000] {dag.py:4180} INFO - Setting next_dagrun for example_complex to None, run_after=None
[2025-03-19T00:07:39.967+0000] {processor.py:208} INFO - Processing /home/airflow/.local/lib/python3.12/site-packages/airflow/example_dags/example_complex.py took 0.040 seconds
