[2025-03-19T00:00:12.879+0000] {processor.py:186} INFO - Started process (PID=16837) to work on /home/airflow/.local/lib/python3.12/site-packages/airflow/example_dags/example_branch_datetime_operator.py
[2025-03-19T00:00:12.880+0000] {processor.py:914} INFO - Processing file /home/airflow/.local/lib/python3.12/site-packages/airflow/example_dags/example_branch_datetime_operator.py for tasks to queue
[2025-03-19T00:00:12.881+0000] {logging_mixin.py:190} INFO - [2025-03-19T00:00:12.881+0000] {dagbag.py:588} INFO - Filling up the DagBag from /home/airflow/.local/lib/python3.12/site-packages/airflow/example_dags/example_branch_datetime_operator.py
[2025-03-19T00:00:12.886+0000] {processor.py:925} INFO - DAG(s) 'example_branch_datetime_operator', 'example_branch_datetime_operator_2', 'example_branch_datetime_operator_3' retrieved from /home/airflow/.local/lib/python3.12/site-packages/airflow/example_dags/example_branch_datetime_operator.py
[2025-03-19T00:00:12.897+0000] {logging_mixin.py:190} INFO - [2025-03-19T00:00:12.897+0000] {dag.py:3239} INFO - Sync 3 DAGs
[2025-03-19T00:00:12.906+0000] {logging_mixin.py:190} INFO - [2025-03-19T00:00:12.906+0000] {dag.py:4180} INFO - Setting next_dagrun for example_branch_datetime_operator to 2025-03-18 00:00:00+00:00, run_after=2025-03-19 00:00:00+00:00
[2025-03-19T00:00:12.910+0000] {logging_mixin.py:190} INFO - [2025-03-19T00:00:12.910+0000] {dag.py:4180} INFO - Setting next_dagrun for example_branch_datetime_operator_2 to 2025-03-18 00:00:00+00:00, run_after=2025-03-19 00:00:00+00:00
[2025-03-19T00:00:12.910+0000] {logging_mixin.py:190} INFO - [2025-03-19T00:00:12.910+0000] {dag.py:4180} INFO - Setting next_dagrun for example_branch_datetime_operator_3 to 2025-03-18 00:00:00+00:00, run_after=2025-03-19 00:00:00+00:00
[2025-03-19T00:00:12.920+0000] {processor.py:208} INFO - Processing /home/airflow/.local/lib/python3.12/site-packages/airflow/example_dags/example_branch_datetime_operator.py took 0.044 seconds
[2025-03-19T00:00:43.991+0000] {processor.py:186} INFO - Started process (PID=16900) to work on /home/airflow/.local/lib/python3.12/site-packages/airflow/example_dags/example_branch_datetime_operator.py
[2025-03-19T00:00:43.991+0000] {processor.py:914} INFO - Processing file /home/airflow/.local/lib/python3.12/site-packages/airflow/example_dags/example_branch_datetime_operator.py for tasks to queue
[2025-03-19T00:00:43.992+0000] {logging_mixin.py:190} INFO - [2025-03-19T00:00:43.992+0000] {dagbag.py:588} INFO - Filling up the DagBag from /home/airflow/.local/lib/python3.12/site-packages/airflow/example_dags/example_branch_datetime_operator.py
[2025-03-19T00:00:43.998+0000] {processor.py:925} INFO - DAG(s) 'example_branch_datetime_operator', 'example_branch_datetime_operator_3', 'example_branch_datetime_operator_2' retrieved from /home/airflow/.local/lib/python3.12/site-packages/airflow/example_dags/example_branch_datetime_operator.py
[2025-03-19T00:00:44.016+0000] {logging_mixin.py:190} INFO - [2025-03-19T00:00:44.016+0000] {dag.py:3239} INFO - Sync 3 DAGs
[2025-03-19T00:00:44.025+0000] {logging_mixin.py:190} INFO - [2025-03-19T00:00:44.025+0000] {dag.py:4180} INFO - Setting next_dagrun for example_branch_datetime_operator to 2025-03-18 00:00:00+00:00, run_after=2025-03-19 00:00:00+00:00
[2025-03-19T00:00:44.029+0000] {logging_mixin.py:190} INFO - [2025-03-19T00:00:44.029+0000] {dag.py:4180} INFO - Setting next_dagrun for example_branch_datetime_operator_2 to 2025-03-18 00:00:00+00:00, run_after=2025-03-19 00:00:00+00:00
[2025-03-19T00:00:44.030+0000] {logging_mixin.py:190} INFO - [2025-03-19T00:00:44.030+0000] {dag.py:4180} INFO - Setting next_dagrun for example_branch_datetime_operator_3 to 2025-03-18 00:00:00+00:00, run_after=2025-03-19 00:00:00+00:00
[2025-03-19T00:00:44.036+0000] {processor.py:208} INFO - Processing /home/airflow/.local/lib/python3.12/site-packages/airflow/example_dags/example_branch_datetime_operator.py took 0.047 seconds
[2025-03-19T00:01:15.023+0000] {processor.py:186} INFO - Started process (PID=16963) to work on /home/airflow/.local/lib/python3.12/site-packages/airflow/example_dags/example_branch_datetime_operator.py
[2025-03-19T00:01:15.023+0000] {processor.py:914} INFO - Processing file /home/airflow/.local/lib/python3.12/site-packages/airflow/example_dags/example_branch_datetime_operator.py for tasks to queue
[2025-03-19T00:01:15.024+0000] {logging_mixin.py:190} INFO - [2025-03-19T00:01:15.024+0000] {dagbag.py:588} INFO - Filling up the DagBag from /home/airflow/.local/lib/python3.12/site-packages/airflow/example_dags/example_branch_datetime_operator.py
[2025-03-19T00:01:15.029+0000] {processor.py:925} INFO - DAG(s) 'example_branch_datetime_operator_2', 'example_branch_datetime_operator_3', 'example_branch_datetime_operator' retrieved from /home/airflow/.local/lib/python3.12/site-packages/airflow/example_dags/example_branch_datetime_operator.py
[2025-03-19T00:01:15.039+0000] {logging_mixin.py:190} INFO - [2025-03-19T00:01:15.039+0000] {dag.py:3239} INFO - Sync 3 DAGs
[2025-03-19T00:01:15.048+0000] {logging_mixin.py:190} INFO - [2025-03-19T00:01:15.048+0000] {dag.py:4180} INFO - Setting next_dagrun for example_branch_datetime_operator to 2025-03-18 00:00:00+00:00, run_after=2025-03-19 00:00:00+00:00
[2025-03-19T00:01:15.050+0000] {logging_mixin.py:190} INFO - [2025-03-19T00:01:15.049+0000] {dag.py:4180} INFO - Setting next_dagrun for example_branch_datetime_operator_2 to 2025-03-18 00:00:00+00:00, run_after=2025-03-19 00:00:00+00:00
[2025-03-19T00:01:15.050+0000] {logging_mixin.py:190} INFO - [2025-03-19T00:01:15.050+0000] {dag.py:4180} INFO - Setting next_dagrun for example_branch_datetime_operator_3 to 2025-03-18 00:00:00+00:00, run_after=2025-03-19 00:00:00+00:00
[2025-03-19T00:01:15.055+0000] {processor.py:208} INFO - Processing /home/airflow/.local/lib/python3.12/site-packages/airflow/example_dags/example_branch_datetime_operator.py took 0.034 seconds
[2025-03-19T00:01:46.008+0000] {processor.py:186} INFO - Started process (PID=17026) to work on /home/airflow/.local/lib/python3.12/site-packages/airflow/example_dags/example_branch_datetime_operator.py
[2025-03-19T00:01:46.008+0000] {processor.py:914} INFO - Processing file /home/airflow/.local/lib/python3.12/site-packages/airflow/example_dags/example_branch_datetime_operator.py for tasks to queue
[2025-03-19T00:01:46.009+0000] {logging_mixin.py:190} INFO - [2025-03-19T00:01:46.009+0000] {dagbag.py:588} INFO - Filling up the DagBag from /home/airflow/.local/lib/python3.12/site-packages/airflow/example_dags/example_branch_datetime_operator.py
[2025-03-19T00:01:46.014+0000] {processor.py:925} INFO - DAG(s) 'example_branch_datetime_operator_2', 'example_branch_datetime_operator_3', 'example_branch_datetime_operator' retrieved from /home/airflow/.local/lib/python3.12/site-packages/airflow/example_dags/example_branch_datetime_operator.py
[2025-03-19T00:01:46.023+0000] {logging_mixin.py:190} INFO - [2025-03-19T00:01:46.023+0000] {dag.py:3239} INFO - Sync 3 DAGs
[2025-03-19T00:01:46.032+0000] {logging_mixin.py:190} INFO - [2025-03-19T00:01:46.032+0000] {dag.py:4180} INFO - Setting next_dagrun for example_branch_datetime_operator to 2025-03-18 00:00:00+00:00, run_after=2025-03-19 00:00:00+00:00
[2025-03-19T00:01:46.033+0000] {logging_mixin.py:190} INFO - [2025-03-19T00:01:46.033+0000] {dag.py:4180} INFO - Setting next_dagrun for example_branch_datetime_operator_2 to 2025-03-18 00:00:00+00:00, run_after=2025-03-19 00:00:00+00:00
[2025-03-19T00:01:46.034+0000] {logging_mixin.py:190} INFO - [2025-03-19T00:01:46.034+0000] {dag.py:4180} INFO - Setting next_dagrun for example_branch_datetime_operator_3 to 2025-03-18 00:00:00+00:00, run_after=2025-03-19 00:00:00+00:00
[2025-03-19T00:01:46.039+0000] {processor.py:208} INFO - Processing /home/airflow/.local/lib/python3.12/site-packages/airflow/example_dags/example_branch_datetime_operator.py took 0.034 seconds
[2025-03-19T00:02:17.163+0000] {processor.py:186} INFO - Started process (PID=17089) to work on /home/airflow/.local/lib/python3.12/site-packages/airflow/example_dags/example_branch_datetime_operator.py
[2025-03-19T00:02:17.164+0000] {processor.py:914} INFO - Processing file /home/airflow/.local/lib/python3.12/site-packages/airflow/example_dags/example_branch_datetime_operator.py for tasks to queue
[2025-03-19T00:02:17.165+0000] {logging_mixin.py:190} INFO - [2025-03-19T00:02:17.164+0000] {dagbag.py:588} INFO - Filling up the DagBag from /home/airflow/.local/lib/python3.12/site-packages/airflow/example_dags/example_branch_datetime_operator.py
[2025-03-19T00:02:17.169+0000] {processor.py:925} INFO - DAG(s) 'example_branch_datetime_operator_3', 'example_branch_datetime_operator_2', 'example_branch_datetime_operator' retrieved from /home/airflow/.local/lib/python3.12/site-packages/airflow/example_dags/example_branch_datetime_operator.py
[2025-03-19T00:02:17.179+0000] {logging_mixin.py:190} INFO - [2025-03-19T00:02:17.179+0000] {dag.py:3239} INFO - Sync 3 DAGs
[2025-03-19T00:02:17.188+0000] {logging_mixin.py:190} INFO - [2025-03-19T00:02:17.188+0000] {dag.py:4180} INFO - Setting next_dagrun for example_branch_datetime_operator to 2025-03-18 00:00:00+00:00, run_after=2025-03-19 00:00:00+00:00
[2025-03-19T00:02:17.192+0000] {logging_mixin.py:190} INFO - [2025-03-19T00:02:17.192+0000] {dag.py:4180} INFO - Setting next_dagrun for example_branch_datetime_operator_2 to 2025-03-18 00:00:00+00:00, run_after=2025-03-19 00:00:00+00:00
[2025-03-19T00:02:17.194+0000] {logging_mixin.py:190} INFO - [2025-03-19T00:02:17.193+0000] {dag.py:4180} INFO - Setting next_dagrun for example_branch_datetime_operator_3 to 2025-03-18 00:00:00+00:00, run_after=2025-03-19 00:00:00+00:00
[2025-03-19T00:02:17.200+0000] {processor.py:208} INFO - Processing /home/airflow/.local/lib/python3.12/site-packages/airflow/example_dags/example_branch_datetime_operator.py took 0.039 seconds
[2025-03-19T00:02:48.320+0000] {processor.py:186} INFO - Started process (PID=17152) to work on /home/airflow/.local/lib/python3.12/site-packages/airflow/example_dags/example_branch_datetime_operator.py
[2025-03-19T00:02:48.321+0000] {processor.py:914} INFO - Processing file /home/airflow/.local/lib/python3.12/site-packages/airflow/example_dags/example_branch_datetime_operator.py for tasks to queue
[2025-03-19T00:02:48.322+0000] {logging_mixin.py:190} INFO - [2025-03-19T00:02:48.322+0000] {dagbag.py:588} INFO - Filling up the DagBag from /home/airflow/.local/lib/python3.12/site-packages/airflow/example_dags/example_branch_datetime_operator.py
[2025-03-19T00:02:48.327+0000] {processor.py:925} INFO - DAG(s) 'example_branch_datetime_operator_2', 'example_branch_datetime_operator_3', 'example_branch_datetime_operator' retrieved from /home/airflow/.local/lib/python3.12/site-packages/airflow/example_dags/example_branch_datetime_operator.py
[2025-03-19T00:02:48.336+0000] {logging_mixin.py:190} INFO - [2025-03-19T00:02:48.336+0000] {dag.py:3239} INFO - Sync 3 DAGs
[2025-03-19T00:02:48.345+0000] {logging_mixin.py:190} INFO - [2025-03-19T00:02:48.345+0000] {dag.py:4180} INFO - Setting next_dagrun for example_branch_datetime_operator to 2025-03-18 00:00:00+00:00, run_after=2025-03-19 00:00:00+00:00
[2025-03-19T00:02:48.347+0000] {logging_mixin.py:190} INFO - [2025-03-19T00:02:48.347+0000] {dag.py:4180} INFO - Setting next_dagrun for example_branch_datetime_operator_2 to 2025-03-18 00:00:00+00:00, run_after=2025-03-19 00:00:00+00:00
[2025-03-19T00:02:48.348+0000] {logging_mixin.py:190} INFO - [2025-03-19T00:02:48.348+0000] {dag.py:4180} INFO - Setting next_dagrun for example_branch_datetime_operator_3 to 2025-03-18 00:00:00+00:00, run_after=2025-03-19 00:00:00+00:00
[2025-03-19T00:02:48.353+0000] {processor.py:208} INFO - Processing /home/airflow/.local/lib/python3.12/site-packages/airflow/example_dags/example_branch_datetime_operator.py took 0.035 seconds
[2025-03-19T00:03:19.427+0000] {processor.py:186} INFO - Started process (PID=17215) to work on /home/airflow/.local/lib/python3.12/site-packages/airflow/example_dags/example_branch_datetime_operator.py
[2025-03-19T00:03:19.427+0000] {processor.py:914} INFO - Processing file /home/airflow/.local/lib/python3.12/site-packages/airflow/example_dags/example_branch_datetime_operator.py for tasks to queue
[2025-03-19T00:03:19.428+0000] {logging_mixin.py:190} INFO - [2025-03-19T00:03:19.428+0000] {dagbag.py:588} INFO - Filling up the DagBag from /home/airflow/.local/lib/python3.12/site-packages/airflow/example_dags/example_branch_datetime_operator.py
[2025-03-19T00:03:19.433+0000] {processor.py:925} INFO - DAG(s) 'example_branch_datetime_operator', 'example_branch_datetime_operator_2', 'example_branch_datetime_operator_3' retrieved from /home/airflow/.local/lib/python3.12/site-packages/airflow/example_dags/example_branch_datetime_operator.py
[2025-03-19T00:03:19.442+0000] {logging_mixin.py:190} INFO - [2025-03-19T00:03:19.442+0000] {dag.py:3239} INFO - Sync 3 DAGs
[2025-03-19T00:03:19.451+0000] {logging_mixin.py:190} INFO - [2025-03-19T00:03:19.451+0000] {dag.py:4180} INFO - Setting next_dagrun for example_branch_datetime_operator to 2025-03-18 00:00:00+00:00, run_after=2025-03-19 00:00:00+00:00
[2025-03-19T00:03:19.452+0000] {logging_mixin.py:190} INFO - [2025-03-19T00:03:19.452+0000] {dag.py:4180} INFO - Setting next_dagrun for example_branch_datetime_operator_2 to 2025-03-18 00:00:00+00:00, run_after=2025-03-19 00:00:00+00:00
[2025-03-19T00:03:19.453+0000] {logging_mixin.py:190} INFO - [2025-03-19T00:03:19.453+0000] {dag.py:4180} INFO - Setting next_dagrun for example_branch_datetime_operator_3 to 2025-03-18 00:00:00+00:00, run_after=2025-03-19 00:00:00+00:00
[2025-03-19T00:03:19.458+0000] {processor.py:208} INFO - Processing /home/airflow/.local/lib/python3.12/site-packages/airflow/example_dags/example_branch_datetime_operator.py took 0.034 seconds
[2025-03-19T00:03:50.536+0000] {processor.py:186} INFO - Started process (PID=17277) to work on /home/airflow/.local/lib/python3.12/site-packages/airflow/example_dags/example_branch_datetime_operator.py
[2025-03-19T00:03:50.536+0000] {processor.py:914} INFO - Processing file /home/airflow/.local/lib/python3.12/site-packages/airflow/example_dags/example_branch_datetime_operator.py for tasks to queue
[2025-03-19T00:03:50.538+0000] {logging_mixin.py:190} INFO - [2025-03-19T00:03:50.537+0000] {dagbag.py:588} INFO - Filling up the DagBag from /home/airflow/.local/lib/python3.12/site-packages/airflow/example_dags/example_branch_datetime_operator.py
[2025-03-19T00:03:50.543+0000] {processor.py:925} INFO - DAG(s) 'example_branch_datetime_operator', 'example_branch_datetime_operator_3', 'example_branch_datetime_operator_2' retrieved from /home/airflow/.local/lib/python3.12/site-packages/airflow/example_dags/example_branch_datetime_operator.py
[2025-03-19T00:03:50.561+0000] {logging_mixin.py:190} INFO - [2025-03-19T00:03:50.561+0000] {dag.py:3239} INFO - Sync 3 DAGs
[2025-03-19T00:03:50.571+0000] {logging_mixin.py:190} INFO - [2025-03-19T00:03:50.571+0000] {dag.py:4180} INFO - Setting next_dagrun for example_branch_datetime_operator to 2025-03-18 00:00:00+00:00, run_after=2025-03-19 00:00:00+00:00
[2025-03-19T00:03:50.574+0000] {logging_mixin.py:190} INFO - [2025-03-19T00:03:50.574+0000] {dag.py:4180} INFO - Setting next_dagrun for example_branch_datetime_operator_2 to 2025-03-18 00:00:00+00:00, run_after=2025-03-19 00:00:00+00:00
[2025-03-19T00:03:50.575+0000] {logging_mixin.py:190} INFO - [2025-03-19T00:03:50.575+0000] {dag.py:4180} INFO - Setting next_dagrun for example_branch_datetime_operator_3 to 2025-03-18 00:00:00+00:00, run_after=2025-03-19 00:00:00+00:00
[2025-03-19T00:03:50.588+0000] {processor.py:208} INFO - Processing /home/airflow/.local/lib/python3.12/site-packages/airflow/example_dags/example_branch_datetime_operator.py took 0.054 seconds
[2025-03-19T00:04:21.585+0000] {processor.py:186} INFO - Started process (PID=17341) to work on /home/airflow/.local/lib/python3.12/site-packages/airflow/example_dags/example_branch_datetime_operator.py
[2025-03-19T00:04:21.586+0000] {processor.py:914} INFO - Processing file /home/airflow/.local/lib/python3.12/site-packages/airflow/example_dags/example_branch_datetime_operator.py for tasks to queue
[2025-03-19T00:04:21.588+0000] {logging_mixin.py:190} INFO - [2025-03-19T00:04:21.587+0000] {dagbag.py:588} INFO - Filling up the DagBag from /home/airflow/.local/lib/python3.12/site-packages/airflow/example_dags/example_branch_datetime_operator.py
[2025-03-19T00:04:21.593+0000] {processor.py:925} INFO - DAG(s) 'example_branch_datetime_operator', 'example_branch_datetime_operator_2', 'example_branch_datetime_operator_3' retrieved from /home/airflow/.local/lib/python3.12/site-packages/airflow/example_dags/example_branch_datetime_operator.py
[2025-03-19T00:04:21.606+0000] {logging_mixin.py:190} INFO - [2025-03-19T00:04:21.606+0000] {dag.py:3239} INFO - Sync 3 DAGs
[2025-03-19T00:04:21.615+0000] {logging_mixin.py:190} INFO - [2025-03-19T00:04:21.615+0000] {dag.py:4180} INFO - Setting next_dagrun for example_branch_datetime_operator to 2025-03-18 00:00:00+00:00, run_after=2025-03-19 00:00:00+00:00
[2025-03-19T00:04:21.617+0000] {logging_mixin.py:190} INFO - [2025-03-19T00:04:21.617+0000] {dag.py:4180} INFO - Setting next_dagrun for example_branch_datetime_operator_2 to 2025-03-18 00:00:00+00:00, run_after=2025-03-19 00:00:00+00:00
[2025-03-19T00:04:21.619+0000] {logging_mixin.py:190} INFO - [2025-03-19T00:04:21.619+0000] {dag.py:4180} INFO - Setting next_dagrun for example_branch_datetime_operator_3 to 2025-03-18 00:00:00+00:00, run_after=2025-03-19 00:00:00+00:00
[2025-03-19T00:04:21.625+0000] {processor.py:208} INFO - Processing /home/airflow/.local/lib/python3.12/site-packages/airflow/example_dags/example_branch_datetime_operator.py took 0.042 seconds
[2025-03-19T00:04:52.609+0000] {processor.py:186} INFO - Started process (PID=17404) to work on /home/airflow/.local/lib/python3.12/site-packages/airflow/example_dags/example_branch_datetime_operator.py
[2025-03-19T00:04:52.609+0000] {processor.py:914} INFO - Processing file /home/airflow/.local/lib/python3.12/site-packages/airflow/example_dags/example_branch_datetime_operator.py for tasks to queue
[2025-03-19T00:04:52.610+0000] {logging_mixin.py:190} INFO - [2025-03-19T00:04:52.610+0000] {dagbag.py:588} INFO - Filling up the DagBag from /home/airflow/.local/lib/python3.12/site-packages/airflow/example_dags/example_branch_datetime_operator.py
[2025-03-19T00:04:52.615+0000] {processor.py:925} INFO - DAG(s) 'example_branch_datetime_operator', 'example_branch_datetime_operator_3', 'example_branch_datetime_operator_2' retrieved from /home/airflow/.local/lib/python3.12/site-packages/airflow/example_dags/example_branch_datetime_operator.py
[2025-03-19T00:04:52.625+0000] {logging_mixin.py:190} INFO - [2025-03-19T00:04:52.625+0000] {dag.py:3239} INFO - Sync 3 DAGs
[2025-03-19T00:04:52.633+0000] {logging_mixin.py:190} INFO - [2025-03-19T00:04:52.633+0000] {dag.py:4180} INFO - Setting next_dagrun for example_branch_datetime_operator to 2025-03-18 00:00:00+00:00, run_after=2025-03-19 00:00:00+00:00
[2025-03-19T00:04:52.635+0000] {logging_mixin.py:190} INFO - [2025-03-19T00:04:52.635+0000] {dag.py:4180} INFO - Setting next_dagrun for example_branch_datetime_operator_2 to 2025-03-18 00:00:00+00:00, run_after=2025-03-19 00:00:00+00:00
[2025-03-19T00:04:52.636+0000] {logging_mixin.py:190} INFO - [2025-03-19T00:04:52.636+0000] {dag.py:4180} INFO - Setting next_dagrun for example_branch_datetime_operator_3 to 2025-03-18 00:00:00+00:00, run_after=2025-03-19 00:00:00+00:00
[2025-03-19T00:04:52.645+0000] {processor.py:208} INFO - Processing /home/airflow/.local/lib/python3.12/site-packages/airflow/example_dags/example_branch_datetime_operator.py took 0.038 seconds
[2025-03-19T00:05:23.731+0000] {processor.py:186} INFO - Started process (PID=17467) to work on /home/airflow/.local/lib/python3.12/site-packages/airflow/example_dags/example_branch_datetime_operator.py
[2025-03-19T00:05:23.731+0000] {processor.py:914} INFO - Processing file /home/airflow/.local/lib/python3.12/site-packages/airflow/example_dags/example_branch_datetime_operator.py for tasks to queue
[2025-03-19T00:05:23.732+0000] {logging_mixin.py:190} INFO - [2025-03-19T00:05:23.732+0000] {dagbag.py:588} INFO - Filling up the DagBag from /home/airflow/.local/lib/python3.12/site-packages/airflow/example_dags/example_branch_datetime_operator.py
[2025-03-19T00:05:23.737+0000] {processor.py:925} INFO - DAG(s) 'example_branch_datetime_operator_2', 'example_branch_datetime_operator_3', 'example_branch_datetime_operator' retrieved from /home/airflow/.local/lib/python3.12/site-packages/airflow/example_dags/example_branch_datetime_operator.py
[2025-03-19T00:05:23.746+0000] {logging_mixin.py:190} INFO - [2025-03-19T00:05:23.746+0000] {dag.py:3239} INFO - Sync 3 DAGs
[2025-03-19T00:05:23.754+0000] {logging_mixin.py:190} INFO - [2025-03-19T00:05:23.754+0000] {dag.py:4180} INFO - Setting next_dagrun for example_branch_datetime_operator to 2025-03-18 00:00:00+00:00, run_after=2025-03-19 00:00:00+00:00
[2025-03-19T00:05:23.756+0000] {logging_mixin.py:190} INFO - [2025-03-19T00:05:23.756+0000] {dag.py:4180} INFO - Setting next_dagrun for example_branch_datetime_operator_2 to 2025-03-18 00:00:00+00:00, run_after=2025-03-19 00:00:00+00:00
[2025-03-19T00:05:23.757+0000] {logging_mixin.py:190} INFO - [2025-03-19T00:05:23.757+0000] {dag.py:4180} INFO - Setting next_dagrun for example_branch_datetime_operator_3 to 2025-03-18 00:00:00+00:00, run_after=2025-03-19 00:00:00+00:00
[2025-03-19T00:05:23.762+0000] {processor.py:208} INFO - Processing /home/airflow/.local/lib/python3.12/site-packages/airflow/example_dags/example_branch_datetime_operator.py took 0.033 seconds
[2025-03-19T00:05:54.914+0000] {processor.py:186} INFO - Started process (PID=17530) to work on /home/airflow/.local/lib/python3.12/site-packages/airflow/example_dags/example_branch_datetime_operator.py
[2025-03-19T00:05:54.915+0000] {processor.py:914} INFO - Processing file /home/airflow/.local/lib/python3.12/site-packages/airflow/example_dags/example_branch_datetime_operator.py for tasks to queue
[2025-03-19T00:05:54.916+0000] {logging_mixin.py:190} INFO - [2025-03-19T00:05:54.916+0000] {dagbag.py:588} INFO - Filling up the DagBag from /home/airflow/.local/lib/python3.12/site-packages/airflow/example_dags/example_branch_datetime_operator.py
[2025-03-19T00:05:54.921+0000] {processor.py:925} INFO - DAG(s) 'example_branch_datetime_operator_2', 'example_branch_datetime_operator', 'example_branch_datetime_operator_3' retrieved from /home/airflow/.local/lib/python3.12/site-packages/airflow/example_dags/example_branch_datetime_operator.py
[2025-03-19T00:05:54.931+0000] {logging_mixin.py:190} INFO - [2025-03-19T00:05:54.931+0000] {dag.py:3239} INFO - Sync 3 DAGs
[2025-03-19T00:05:54.939+0000] {logging_mixin.py:190} INFO - [2025-03-19T00:05:54.939+0000] {dag.py:4180} INFO - Setting next_dagrun for example_branch_datetime_operator to 2025-03-18 00:00:00+00:00, run_after=2025-03-19 00:00:00+00:00
[2025-03-19T00:05:54.940+0000] {logging_mixin.py:190} INFO - [2025-03-19T00:05:54.940+0000] {dag.py:4180} INFO - Setting next_dagrun for example_branch_datetime_operator_2 to 2025-03-18 00:00:00+00:00, run_after=2025-03-19 00:00:00+00:00
[2025-03-19T00:05:54.941+0000] {logging_mixin.py:190} INFO - [2025-03-19T00:05:54.941+0000] {dag.py:4180} INFO - Setting next_dagrun for example_branch_datetime_operator_3 to 2025-03-18 00:00:00+00:00, run_after=2025-03-19 00:00:00+00:00
[2025-03-19T00:05:54.946+0000] {processor.py:208} INFO - Processing /home/airflow/.local/lib/python3.12/site-packages/airflow/example_dags/example_branch_datetime_operator.py took 0.034 seconds
[2025-03-19T00:06:26.058+0000] {processor.py:186} INFO - Started process (PID=17592) to work on /home/airflow/.local/lib/python3.12/site-packages/airflow/example_dags/example_branch_datetime_operator.py
[2025-03-19T00:06:26.059+0000] {processor.py:914} INFO - Processing file /home/airflow/.local/lib/python3.12/site-packages/airflow/example_dags/example_branch_datetime_operator.py for tasks to queue
[2025-03-19T00:06:26.060+0000] {logging_mixin.py:190} INFO - [2025-03-19T00:06:26.060+0000] {dagbag.py:588} INFO - Filling up the DagBag from /home/airflow/.local/lib/python3.12/site-packages/airflow/example_dags/example_branch_datetime_operator.py
[2025-03-19T00:06:26.066+0000] {processor.py:925} INFO - DAG(s) 'example_branch_datetime_operator', 'example_branch_datetime_operator_2', 'example_branch_datetime_operator_3' retrieved from /home/airflow/.local/lib/python3.12/site-packages/airflow/example_dags/example_branch_datetime_operator.py
[2025-03-19T00:06:26.078+0000] {logging_mixin.py:190} INFO - [2025-03-19T00:06:26.077+0000] {dag.py:3239} INFO - Sync 3 DAGs
[2025-03-19T00:06:26.087+0000] {logging_mixin.py:190} INFO - [2025-03-19T00:06:26.086+0000] {dag.py:4180} INFO - Setting next_dagrun for example_branch_datetime_operator to 2025-03-18 00:00:00+00:00, run_after=2025-03-19 00:00:00+00:00
[2025-03-19T00:06:26.089+0000] {logging_mixin.py:190} INFO - [2025-03-19T00:06:26.089+0000] {dag.py:4180} INFO - Setting next_dagrun for example_branch_datetime_operator_2 to 2025-03-18 00:00:00+00:00, run_after=2025-03-19 00:00:00+00:00
[2025-03-19T00:06:26.090+0000] {logging_mixin.py:190} INFO - [2025-03-19T00:06:26.090+0000] {dag.py:4180} INFO - Setting next_dagrun for example_branch_datetime_operator_3 to 2025-03-18 00:00:00+00:00, run_after=2025-03-19 00:00:00+00:00
[2025-03-19T00:06:26.098+0000] {processor.py:208} INFO - Processing /home/airflow/.local/lib/python3.12/site-packages/airflow/example_dags/example_branch_datetime_operator.py took 0.042 seconds
[2025-03-19T00:06:57.198+0000] {processor.py:186} INFO - Started process (PID=17655) to work on /home/airflow/.local/lib/python3.12/site-packages/airflow/example_dags/example_branch_datetime_operator.py
[2025-03-19T00:06:57.199+0000] {processor.py:914} INFO - Processing file /home/airflow/.local/lib/python3.12/site-packages/airflow/example_dags/example_branch_datetime_operator.py for tasks to queue
[2025-03-19T00:06:57.201+0000] {logging_mixin.py:190} INFO - [2025-03-19T00:06:57.200+0000] {dagbag.py:588} INFO - Filling up the DagBag from /home/airflow/.local/lib/python3.12/site-packages/airflow/example_dags/example_branch_datetime_operator.py
[2025-03-19T00:06:57.208+0000] {processor.py:925} INFO - DAG(s) 'example_branch_datetime_operator_3', 'example_branch_datetime_operator_2', 'example_branch_datetime_operator' retrieved from /home/airflow/.local/lib/python3.12/site-packages/airflow/example_dags/example_branch_datetime_operator.py
[2025-03-19T00:06:57.220+0000] {logging_mixin.py:190} INFO - [2025-03-19T00:06:57.220+0000] {dag.py:3239} INFO - Sync 3 DAGs
[2025-03-19T00:06:57.231+0000] {logging_mixin.py:190} INFO - [2025-03-19T00:06:57.231+0000] {dag.py:4180} INFO - Setting next_dagrun for example_branch_datetime_operator to 2025-03-18 00:00:00+00:00, run_after=2025-03-19 00:00:00+00:00
[2025-03-19T00:06:57.235+0000] {logging_mixin.py:190} INFO - [2025-03-19T00:06:57.235+0000] {dag.py:4180} INFO - Setting next_dagrun for example_branch_datetime_operator_2 to 2025-03-18 00:00:00+00:00, run_after=2025-03-19 00:00:00+00:00
[2025-03-19T00:06:57.235+0000] {logging_mixin.py:190} INFO - [2025-03-19T00:06:57.235+0000] {dag.py:4180} INFO - Setting next_dagrun for example_branch_datetime_operator_3 to 2025-03-18 00:00:00+00:00, run_after=2025-03-19 00:00:00+00:00
[2025-03-19T00:06:57.242+0000] {processor.py:208} INFO - Processing /home/airflow/.local/lib/python3.12/site-packages/airflow/example_dags/example_branch_datetime_operator.py took 0.046 seconds
[2025-03-19T00:07:28.395+0000] {processor.py:186} INFO - Started process (PID=17718) to work on /home/airflow/.local/lib/python3.12/site-packages/airflow/example_dags/example_branch_datetime_operator.py
[2025-03-19T00:07:28.395+0000] {processor.py:914} INFO - Processing file /home/airflow/.local/lib/python3.12/site-packages/airflow/example_dags/example_branch_datetime_operator.py for tasks to queue
[2025-03-19T00:07:28.397+0000] {logging_mixin.py:190} INFO - [2025-03-19T00:07:28.397+0000] {dagbag.py:588} INFO - Filling up the DagBag from /home/airflow/.local/lib/python3.12/site-packages/airflow/example_dags/example_branch_datetime_operator.py
[2025-03-19T00:07:28.402+0000] {processor.py:925} INFO - DAG(s) 'example_branch_datetime_operator_3', 'example_branch_datetime_operator', 'example_branch_datetime_operator_2' retrieved from /home/airflow/.local/lib/python3.12/site-packages/airflow/example_dags/example_branch_datetime_operator.py
[2025-03-19T00:07:28.417+0000] {logging_mixin.py:190} INFO - [2025-03-19T00:07:28.417+0000] {dag.py:3239} INFO - Sync 3 DAGs
[2025-03-19T00:07:28.427+0000] {logging_mixin.py:190} INFO - [2025-03-19T00:07:28.427+0000] {dag.py:4180} INFO - Setting next_dagrun for example_branch_datetime_operator to 2025-03-18 00:00:00+00:00, run_after=2025-03-19 00:00:00+00:00
[2025-03-19T00:07:28.430+0000] {logging_mixin.py:190} INFO - [2025-03-19T00:07:28.430+0000] {dag.py:4180} INFO - Setting next_dagrun for example_branch_datetime_operator_2 to 2025-03-18 00:00:00+00:00, run_after=2025-03-19 00:00:00+00:00
[2025-03-19T00:07:28.431+0000] {logging_mixin.py:190} INFO - [2025-03-19T00:07:28.431+0000] {dag.py:4180} INFO - Setting next_dagrun for example_branch_datetime_operator_3 to 2025-03-18 00:00:00+00:00, run_after=2025-03-19 00:00:00+00:00
[2025-03-19T00:07:28.436+0000] {processor.py:208} INFO - Processing /home/airflow/.local/lib/python3.12/site-packages/airflow/example_dags/example_branch_datetime_operator.py took 0.043 seconds
[2025-03-19T00:07:59.705+0000] {processor.py:186} INFO - Started process (PID=17781) to work on /home/airflow/.local/lib/python3.12/site-packages/airflow/example_dags/example_branch_datetime_operator.py
[2025-03-19T00:07:59.706+0000] {processor.py:914} INFO - Processing file /home/airflow/.local/lib/python3.12/site-packages/airflow/example_dags/example_branch_datetime_operator.py for tasks to queue
[2025-03-19T00:07:59.708+0000] {logging_mixin.py:190} INFO - [2025-03-19T00:07:59.707+0000] {dagbag.py:588} INFO - Filling up the DagBag from /home/airflow/.local/lib/python3.12/site-packages/airflow/example_dags/example_branch_datetime_operator.py
[2025-03-19T00:07:59.713+0000] {processor.py:925} INFO - DAG(s) 'example_branch_datetime_operator_3', 'example_branch_datetime_operator', 'example_branch_datetime_operator_2' retrieved from /home/airflow/.local/lib/python3.12/site-packages/airflow/example_dags/example_branch_datetime_operator.py
[2025-03-19T00:07:59.725+0000] {logging_mixin.py:190} INFO - [2025-03-19T00:07:59.725+0000] {dag.py:3239} INFO - Sync 3 DAGs
[2025-03-19T00:07:59.735+0000] {logging_mixin.py:190} INFO - [2025-03-19T00:07:59.735+0000] {dag.py:4180} INFO - Setting next_dagrun for example_branch_datetime_operator to 2025-03-18 00:00:00+00:00, run_after=2025-03-19 00:00:00+00:00
[2025-03-19T00:07:59.737+0000] {logging_mixin.py:190} INFO - [2025-03-19T00:07:59.737+0000] {dag.py:4180} INFO - Setting next_dagrun for example_branch_datetime_operator_2 to 2025-03-18 00:00:00+00:00, run_after=2025-03-19 00:00:00+00:00
[2025-03-19T00:07:59.739+0000] {logging_mixin.py:190} INFO - [2025-03-19T00:07:59.739+0000] {dag.py:4180} INFO - Setting next_dagrun for example_branch_datetime_operator_3 to 2025-03-18 00:00:00+00:00, run_after=2025-03-19 00:00:00+00:00
[2025-03-19T00:07:59.746+0000] {processor.py:208} INFO - Processing /home/airflow/.local/lib/python3.12/site-packages/airflow/example_dags/example_branch_datetime_operator.py took 0.043 seconds
