[2025-03-19T00:00:03.168+0000] {processor.py:186} INFO - Started process (PID=16786) to work on /home/airflow/.local/lib/python3.12/site-packages/airflow/example_dags/example_setup_teardown.py
[2025-03-19T00:00:03.169+0000] {processor.py:914} INFO - Processing file /home/airflow/.local/lib/python3.12/site-packages/airflow/example_dags/example_setup_teardown.py for tasks to queue
[2025-03-19T00:00:03.172+0000] {logging_mixin.py:190} INFO - [2025-03-19T00:00:03.172+0000] {dagbag.py:588} INFO - Filling up the DagBag from /home/airflow/.local/lib/python3.12/site-packages/airflow/example_dags/example_setup_teardown.py
[2025-03-19T00:00:03.179+0000] {processor.py:925} INFO - DAG(s) 'example_setup_teardown' retrieved from /home/airflow/.local/lib/python3.12/site-packages/airflow/example_dags/example_setup_teardown.py
[2025-03-19T00:00:03.194+0000] {logging_mixin.py:190} INFO - [2025-03-19T00:00:03.194+0000] {dag.py:3239} INFO - Sync 1 DAGs
[2025-03-19T00:00:03.203+0000] {logging_mixin.py:190} INFO - [2025-03-19T00:00:03.203+0000] {dag.py:4180} INFO - Setting next_dagrun for example_setup_teardown to None, run_after=None
[2025-03-19T00:00:03.214+0000] {processor.py:208} INFO - Processing /home/airflow/.local/lib/python3.12/site-packages/airflow/example_dags/example_setup_teardown.py took 0.051 seconds
[2025-03-19T00:00:33.341+0000] {processor.py:186} INFO - Started process (PID=16849) to work on /home/airflow/.local/lib/python3.12/site-packages/airflow/example_dags/example_setup_teardown.py
[2025-03-19T00:00:33.342+0000] {processor.py:914} INFO - Processing file /home/airflow/.local/lib/python3.12/site-packages/airflow/example_dags/example_setup_teardown.py for tasks to queue
[2025-03-19T00:00:33.344+0000] {logging_mixin.py:190} INFO - [2025-03-19T00:00:33.344+0000] {dagbag.py:588} INFO - Filling up the DagBag from /home/airflow/.local/lib/python3.12/site-packages/airflow/example_dags/example_setup_teardown.py
[2025-03-19T00:00:33.351+0000] {processor.py:925} INFO - DAG(s) 'example_setup_teardown' retrieved from /home/airflow/.local/lib/python3.12/site-packages/airflow/example_dags/example_setup_teardown.py
[2025-03-19T00:00:33.370+0000] {logging_mixin.py:190} INFO - [2025-03-19T00:00:33.370+0000] {dag.py:3239} INFO - Sync 1 DAGs
[2025-03-19T00:00:33.380+0000] {logging_mixin.py:190} INFO - [2025-03-19T00:00:33.380+0000] {dag.py:4180} INFO - Setting next_dagrun for example_setup_teardown to None, run_after=None
[2025-03-19T00:00:33.392+0000] {processor.py:208} INFO - Processing /home/airflow/.local/lib/python3.12/site-packages/airflow/example_dags/example_setup_teardown.py took 0.056 seconds
[2025-03-19T00:01:03.467+0000] {processor.py:186} INFO - Started process (PID=16912) to work on /home/airflow/.local/lib/python3.12/site-packages/airflow/example_dags/example_setup_teardown.py
[2025-03-19T00:01:03.468+0000] {processor.py:914} INFO - Processing file /home/airflow/.local/lib/python3.12/site-packages/airflow/example_dags/example_setup_teardown.py for tasks to queue
[2025-03-19T00:01:03.470+0000] {logging_mixin.py:190} INFO - [2025-03-19T00:01:03.469+0000] {dagbag.py:588} INFO - Filling up the DagBag from /home/airflow/.local/lib/python3.12/site-packages/airflow/example_dags/example_setup_teardown.py
[2025-03-19T00:01:03.478+0000] {processor.py:925} INFO - DAG(s) 'example_setup_teardown' retrieved from /home/airflow/.local/lib/python3.12/site-packages/airflow/example_dags/example_setup_teardown.py
[2025-03-19T00:01:03.493+0000] {logging_mixin.py:190} INFO - [2025-03-19T00:01:03.493+0000] {dag.py:3239} INFO - Sync 1 DAGs
[2025-03-19T00:01:03.501+0000] {logging_mixin.py:190} INFO - [2025-03-19T00:01:03.501+0000] {dag.py:4180} INFO - Setting next_dagrun for example_setup_teardown to None, run_after=None
[2025-03-19T00:01:03.511+0000] {processor.py:208} INFO - Processing /home/airflow/.local/lib/python3.12/site-packages/airflow/example_dags/example_setup_teardown.py took 0.049 seconds
[2025-03-19T00:01:34.513+0000] {processor.py:186} INFO - Started process (PID=16975) to work on /home/airflow/.local/lib/python3.12/site-packages/airflow/example_dags/example_setup_teardown.py
[2025-03-19T00:01:34.514+0000] {processor.py:914} INFO - Processing file /home/airflow/.local/lib/python3.12/site-packages/airflow/example_dags/example_setup_teardown.py for tasks to queue
[2025-03-19T00:01:34.515+0000] {logging_mixin.py:190} INFO - [2025-03-19T00:01:34.515+0000] {dagbag.py:588} INFO - Filling up the DagBag from /home/airflow/.local/lib/python3.12/site-packages/airflow/example_dags/example_setup_teardown.py
[2025-03-19T00:01:34.523+0000] {processor.py:925} INFO - DAG(s) 'example_setup_teardown' retrieved from /home/airflow/.local/lib/python3.12/site-packages/airflow/example_dags/example_setup_teardown.py
[2025-03-19T00:01:34.537+0000] {logging_mixin.py:190} INFO - [2025-03-19T00:01:34.537+0000] {dag.py:3239} INFO - Sync 1 DAGs
[2025-03-19T00:01:34.545+0000] {logging_mixin.py:190} INFO - [2025-03-19T00:01:34.545+0000] {dag.py:4180} INFO - Setting next_dagrun for example_setup_teardown to None, run_after=None
[2025-03-19T00:01:34.555+0000] {processor.py:208} INFO - Processing /home/airflow/.local/lib/python3.12/site-packages/airflow/example_dags/example_setup_teardown.py took 0.048 seconds
[2025-03-19T00:02:05.531+0000] {processor.py:186} INFO - Started process (PID=17038) to work on /home/airflow/.local/lib/python3.12/site-packages/airflow/example_dags/example_setup_teardown.py
[2025-03-19T00:02:05.532+0000] {processor.py:914} INFO - Processing file /home/airflow/.local/lib/python3.12/site-packages/airflow/example_dags/example_setup_teardown.py for tasks to queue
[2025-03-19T00:02:05.533+0000] {logging_mixin.py:190} INFO - [2025-03-19T00:02:05.533+0000] {dagbag.py:588} INFO - Filling up the DagBag from /home/airflow/.local/lib/python3.12/site-packages/airflow/example_dags/example_setup_teardown.py
[2025-03-19T00:02:05.539+0000] {processor.py:925} INFO - DAG(s) 'example_setup_teardown' retrieved from /home/airflow/.local/lib/python3.12/site-packages/airflow/example_dags/example_setup_teardown.py
[2025-03-19T00:02:05.556+0000] {logging_mixin.py:190} INFO - [2025-03-19T00:02:05.556+0000] {dag.py:3239} INFO - Sync 1 DAGs
[2025-03-19T00:02:05.563+0000] {logging_mixin.py:190} INFO - [2025-03-19T00:02:05.563+0000] {dag.py:4180} INFO - Setting next_dagrun for example_setup_teardown to None, run_after=None
[2025-03-19T00:02:05.573+0000] {processor.py:208} INFO - Processing /home/airflow/.local/lib/python3.12/site-packages/airflow/example_dags/example_setup_teardown.py took 0.047 seconds
[2025-03-19T00:02:35.671+0000] {processor.py:186} INFO - Started process (PID=17101) to work on /home/airflow/.local/lib/python3.12/site-packages/airflow/example_dags/example_setup_teardown.py
[2025-03-19T00:02:35.672+0000] {processor.py:914} INFO - Processing file /home/airflow/.local/lib/python3.12/site-packages/airflow/example_dags/example_setup_teardown.py for tasks to queue
[2025-03-19T00:02:35.673+0000] {logging_mixin.py:190} INFO - [2025-03-19T00:02:35.673+0000] {dagbag.py:588} INFO - Filling up the DagBag from /home/airflow/.local/lib/python3.12/site-packages/airflow/example_dags/example_setup_teardown.py
[2025-03-19T00:02:35.676+0000] {processor.py:925} INFO - DAG(s) 'example_setup_teardown' retrieved from /home/airflow/.local/lib/python3.12/site-packages/airflow/example_dags/example_setup_teardown.py
[2025-03-19T00:02:35.692+0000] {logging_mixin.py:190} INFO - [2025-03-19T00:02:35.692+0000] {dag.py:3239} INFO - Sync 1 DAGs
[2025-03-19T00:02:35.697+0000] {logging_mixin.py:190} INFO - [2025-03-19T00:02:35.697+0000] {dag.py:4180} INFO - Setting next_dagrun for example_setup_teardown to None, run_after=None
[2025-03-19T00:02:35.706+0000] {processor.py:208} INFO - Processing /home/airflow/.local/lib/python3.12/site-packages/airflow/example_dags/example_setup_teardown.py took 0.038 seconds
[2025-03-19T00:03:05.823+0000] {processor.py:186} INFO - Started process (PID=17164) to work on /home/airflow/.local/lib/python3.12/site-packages/airflow/example_dags/example_setup_teardown.py
[2025-03-19T00:03:05.824+0000] {processor.py:914} INFO - Processing file /home/airflow/.local/lib/python3.12/site-packages/airflow/example_dags/example_setup_teardown.py for tasks to queue
[2025-03-19T00:03:05.826+0000] {logging_mixin.py:190} INFO - [2025-03-19T00:03:05.826+0000] {dagbag.py:588} INFO - Filling up the DagBag from /home/airflow/.local/lib/python3.12/site-packages/airflow/example_dags/example_setup_teardown.py
[2025-03-19T00:03:05.833+0000] {processor.py:925} INFO - DAG(s) 'example_setup_teardown' retrieved from /home/airflow/.local/lib/python3.12/site-packages/airflow/example_dags/example_setup_teardown.py
[2025-03-19T00:03:05.846+0000] {logging_mixin.py:190} INFO - [2025-03-19T00:03:05.845+0000] {dag.py:3239} INFO - Sync 1 DAGs
[2025-03-19T00:03:05.854+0000] {logging_mixin.py:190} INFO - [2025-03-19T00:03:05.854+0000] {dag.py:4180} INFO - Setting next_dagrun for example_setup_teardown to None, run_after=None
[2025-03-19T00:03:05.866+0000] {processor.py:208} INFO - Processing /home/airflow/.local/lib/python3.12/site-packages/airflow/example_dags/example_setup_teardown.py took 0.048 seconds
[2025-03-19T00:03:35.960+0000] {processor.py:186} INFO - Started process (PID=17227) to work on /home/airflow/.local/lib/python3.12/site-packages/airflow/example_dags/example_setup_teardown.py
[2025-03-19T00:03:35.961+0000] {processor.py:914} INFO - Processing file /home/airflow/.local/lib/python3.12/site-packages/airflow/example_dags/example_setup_teardown.py for tasks to queue
[2025-03-19T00:03:35.963+0000] {logging_mixin.py:190} INFO - [2025-03-19T00:03:35.962+0000] {dagbag.py:588} INFO - Filling up the DagBag from /home/airflow/.local/lib/python3.12/site-packages/airflow/example_dags/example_setup_teardown.py
[2025-03-19T00:03:35.969+0000] {processor.py:925} INFO - DAG(s) 'example_setup_teardown' retrieved from /home/airflow/.local/lib/python3.12/site-packages/airflow/example_dags/example_setup_teardown.py
[2025-03-19T00:03:35.986+0000] {logging_mixin.py:190} INFO - [2025-03-19T00:03:35.986+0000] {dag.py:3239} INFO - Sync 1 DAGs
[2025-03-19T00:03:35.993+0000] {logging_mixin.py:190} INFO - [2025-03-19T00:03:35.993+0000] {dag.py:4180} INFO - Setting next_dagrun for example_setup_teardown to None, run_after=None
[2025-03-19T00:03:36.007+0000] {processor.py:208} INFO - Processing /home/airflow/.local/lib/python3.12/site-packages/airflow/example_dags/example_setup_teardown.py took 0.055 seconds
[2025-03-19T00:04:07.034+0000] {processor.py:186} INFO - Started process (PID=17296) to work on /home/airflow/.local/lib/python3.12/site-packages/airflow/example_dags/example_setup_teardown.py
[2025-03-19T00:04:07.035+0000] {processor.py:914} INFO - Processing file /home/airflow/.local/lib/python3.12/site-packages/airflow/example_dags/example_setup_teardown.py for tasks to queue
[2025-03-19T00:04:07.036+0000] {logging_mixin.py:190} INFO - [2025-03-19T00:04:07.036+0000] {dagbag.py:588} INFO - Filling up the DagBag from /home/airflow/.local/lib/python3.12/site-packages/airflow/example_dags/example_setup_teardown.py
[2025-03-19T00:04:07.043+0000] {processor.py:925} INFO - DAG(s) 'example_setup_teardown' retrieved from /home/airflow/.local/lib/python3.12/site-packages/airflow/example_dags/example_setup_teardown.py
[2025-03-19T00:04:07.057+0000] {logging_mixin.py:190} INFO - [2025-03-19T00:04:07.057+0000] {dag.py:3239} INFO - Sync 1 DAGs
[2025-03-19T00:04:07.066+0000] {logging_mixin.py:190} INFO - [2025-03-19T00:04:07.065+0000] {dag.py:4180} INFO - Setting next_dagrun for example_setup_teardown to None, run_after=None
[2025-03-19T00:04:07.077+0000] {processor.py:208} INFO - Processing /home/airflow/.local/lib/python3.12/site-packages/airflow/example_dags/example_setup_teardown.py took 0.048 seconds
[2025-03-19T00:04:38.022+0000] {processor.py:186} INFO - Started process (PID=17359) to work on /home/airflow/.local/lib/python3.12/site-packages/airflow/example_dags/example_setup_teardown.py
[2025-03-19T00:04:38.023+0000] {processor.py:914} INFO - Processing file /home/airflow/.local/lib/python3.12/site-packages/airflow/example_dags/example_setup_teardown.py for tasks to queue
[2025-03-19T00:04:38.025+0000] {logging_mixin.py:190} INFO - [2025-03-19T00:04:38.024+0000] {dagbag.py:588} INFO - Filling up the DagBag from /home/airflow/.local/lib/python3.12/site-packages/airflow/example_dags/example_setup_teardown.py
[2025-03-19T00:04:38.034+0000] {processor.py:925} INFO - DAG(s) 'example_setup_teardown' retrieved from /home/airflow/.local/lib/python3.12/site-packages/airflow/example_dags/example_setup_teardown.py
[2025-03-19T00:04:38.047+0000] {logging_mixin.py:190} INFO - [2025-03-19T00:04:38.047+0000] {dag.py:3239} INFO - Sync 1 DAGs
[2025-03-19T00:04:38.053+0000] {logging_mixin.py:190} INFO - [2025-03-19T00:04:38.053+0000] {dag.py:4180} INFO - Setting next_dagrun for example_setup_teardown to None, run_after=None
[2025-03-19T00:04:38.064+0000] {processor.py:208} INFO - Processing /home/airflow/.local/lib/python3.12/site-packages/airflow/example_dags/example_setup_teardown.py took 0.048 seconds
[2025-03-19T00:05:09.054+0000] {processor.py:186} INFO - Started process (PID=17422) to work on /home/airflow/.local/lib/python3.12/site-packages/airflow/example_dags/example_setup_teardown.py
[2025-03-19T00:05:09.055+0000] {processor.py:914} INFO - Processing file /home/airflow/.local/lib/python3.12/site-packages/airflow/example_dags/example_setup_teardown.py for tasks to queue
[2025-03-19T00:05:09.057+0000] {logging_mixin.py:190} INFO - [2025-03-19T00:05:09.057+0000] {dagbag.py:588} INFO - Filling up the DagBag from /home/airflow/.local/lib/python3.12/site-packages/airflow/example_dags/example_setup_teardown.py
[2025-03-19T00:05:09.063+0000] {processor.py:925} INFO - DAG(s) 'example_setup_teardown' retrieved from /home/airflow/.local/lib/python3.12/site-packages/airflow/example_dags/example_setup_teardown.py
[2025-03-19T00:05:09.077+0000] {logging_mixin.py:190} INFO - [2025-03-19T00:05:09.077+0000] {dag.py:3239} INFO - Sync 1 DAGs
[2025-03-19T00:05:09.084+0000] {logging_mixin.py:190} INFO - [2025-03-19T00:05:09.084+0000] {dag.py:4180} INFO - Setting next_dagrun for example_setup_teardown to None, run_after=None
[2025-03-19T00:05:09.093+0000] {processor.py:208} INFO - Processing /home/airflow/.local/lib/python3.12/site-packages/airflow/example_dags/example_setup_teardown.py took 0.045 seconds
[2025-03-19T00:05:39.188+0000] {processor.py:186} INFO - Started process (PID=17485) to work on /home/airflow/.local/lib/python3.12/site-packages/airflow/example_dags/example_setup_teardown.py
[2025-03-19T00:05:39.190+0000] {processor.py:914} INFO - Processing file /home/airflow/.local/lib/python3.12/site-packages/airflow/example_dags/example_setup_teardown.py for tasks to queue
[2025-03-19T00:05:39.191+0000] {logging_mixin.py:190} INFO - [2025-03-19T00:05:39.191+0000] {dagbag.py:588} INFO - Filling up the DagBag from /home/airflow/.local/lib/python3.12/site-packages/airflow/example_dags/example_setup_teardown.py
[2025-03-19T00:05:39.196+0000] {processor.py:925} INFO - DAG(s) 'example_setup_teardown' retrieved from /home/airflow/.local/lib/python3.12/site-packages/airflow/example_dags/example_setup_teardown.py
[2025-03-19T00:05:39.206+0000] {logging_mixin.py:190} INFO - [2025-03-19T00:05:39.206+0000] {dag.py:3239} INFO - Sync 1 DAGs
[2025-03-19T00:05:39.213+0000] {logging_mixin.py:190} INFO - [2025-03-19T00:05:39.212+0000] {dag.py:4180} INFO - Setting next_dagrun for example_setup_teardown to None, run_after=None
[2025-03-19T00:05:39.222+0000] {processor.py:208} INFO - Processing /home/airflow/.local/lib/python3.12/site-packages/airflow/example_dags/example_setup_teardown.py took 0.037 seconds
[2025-03-19T00:06:09.402+0000] {processor.py:186} INFO - Started process (PID=17548) to work on /home/airflow/.local/lib/python3.12/site-packages/airflow/example_dags/example_setup_teardown.py
[2025-03-19T00:06:09.403+0000] {processor.py:914} INFO - Processing file /home/airflow/.local/lib/python3.12/site-packages/airflow/example_dags/example_setup_teardown.py for tasks to queue
[2025-03-19T00:06:09.404+0000] {logging_mixin.py:190} INFO - [2025-03-19T00:06:09.404+0000] {dagbag.py:588} INFO - Filling up the DagBag from /home/airflow/.local/lib/python3.12/site-packages/airflow/example_dags/example_setup_teardown.py
[2025-03-19T00:06:09.413+0000] {processor.py:925} INFO - DAG(s) 'example_setup_teardown' retrieved from /home/airflow/.local/lib/python3.12/site-packages/airflow/example_dags/example_setup_teardown.py
[2025-03-19T00:06:09.427+0000] {logging_mixin.py:190} INFO - [2025-03-19T00:06:09.427+0000] {dag.py:3239} INFO - Sync 1 DAGs
[2025-03-19T00:06:09.434+0000] {logging_mixin.py:190} INFO - [2025-03-19T00:06:09.434+0000] {dag.py:4180} INFO - Setting next_dagrun for example_setup_teardown to None, run_after=None
[2025-03-19T00:06:09.443+0000] {processor.py:208} INFO - Processing /home/airflow/.local/lib/python3.12/site-packages/airflow/example_dags/example_setup_teardown.py took 0.045 seconds
[2025-03-19T00:06:39.591+0000] {processor.py:186} INFO - Started process (PID=17611) to work on /home/airflow/.local/lib/python3.12/site-packages/airflow/example_dags/example_setup_teardown.py
[2025-03-19T00:06:39.592+0000] {processor.py:914} INFO - Processing file /home/airflow/.local/lib/python3.12/site-packages/airflow/example_dags/example_setup_teardown.py for tasks to queue
[2025-03-19T00:06:39.594+0000] {logging_mixin.py:190} INFO - [2025-03-19T00:06:39.594+0000] {dagbag.py:588} INFO - Filling up the DagBag from /home/airflow/.local/lib/python3.12/site-packages/airflow/example_dags/example_setup_teardown.py
[2025-03-19T00:06:39.599+0000] {processor.py:925} INFO - DAG(s) 'example_setup_teardown' retrieved from /home/airflow/.local/lib/python3.12/site-packages/airflow/example_dags/example_setup_teardown.py
[2025-03-19T00:06:39.615+0000] {logging_mixin.py:190} INFO - [2025-03-19T00:06:39.615+0000] {dag.py:3239} INFO - Sync 1 DAGs
[2025-03-19T00:06:39.623+0000] {logging_mixin.py:190} INFO - [2025-03-19T00:06:39.623+0000] {dag.py:4180} INFO - Setting next_dagrun for example_setup_teardown to None, run_after=None
[2025-03-19T00:06:39.635+0000] {processor.py:208} INFO - Processing /home/airflow/.local/lib/python3.12/site-packages/airflow/example_dags/example_setup_teardown.py took 0.051 seconds
[2025-03-19T00:07:09.710+0000] {processor.py:186} INFO - Started process (PID=17674) to work on /home/airflow/.local/lib/python3.12/site-packages/airflow/example_dags/example_setup_teardown.py
[2025-03-19T00:07:09.711+0000] {processor.py:914} INFO - Processing file /home/airflow/.local/lib/python3.12/site-packages/airflow/example_dags/example_setup_teardown.py for tasks to queue
[2025-03-19T00:07:09.712+0000] {logging_mixin.py:190} INFO - [2025-03-19T00:07:09.712+0000] {dagbag.py:588} INFO - Filling up the DagBag from /home/airflow/.local/lib/python3.12/site-packages/airflow/example_dags/example_setup_teardown.py
[2025-03-19T00:07:09.719+0000] {processor.py:925} INFO - DAG(s) 'example_setup_teardown' retrieved from /home/airflow/.local/lib/python3.12/site-packages/airflow/example_dags/example_setup_teardown.py
[2025-03-19T00:07:09.729+0000] {logging_mixin.py:190} INFO - [2025-03-19T00:07:09.729+0000] {dag.py:3239} INFO - Sync 1 DAGs
[2025-03-19T00:07:09.736+0000] {logging_mixin.py:190} INFO - [2025-03-19T00:07:09.736+0000] {dag.py:4180} INFO - Setting next_dagrun for example_setup_teardown to None, run_after=None
[2025-03-19T00:07:09.745+0000] {processor.py:208} INFO - Processing /home/airflow/.local/lib/python3.12/site-packages/airflow/example_dags/example_setup_teardown.py took 0.039 seconds
[2025-03-19T00:07:39.874+0000] {processor.py:186} INFO - Started process (PID=17737) to work on /home/airflow/.local/lib/python3.12/site-packages/airflow/example_dags/example_setup_teardown.py
[2025-03-19T00:07:39.874+0000] {processor.py:914} INFO - Processing file /home/airflow/.local/lib/python3.12/site-packages/airflow/example_dags/example_setup_teardown.py for tasks to queue
[2025-03-19T00:07:39.876+0000] {logging_mixin.py:190} INFO - [2025-03-19T00:07:39.876+0000] {dagbag.py:588} INFO - Filling up the DagBag from /home/airflow/.local/lib/python3.12/site-packages/airflow/example_dags/example_setup_teardown.py
[2025-03-19T00:07:39.884+0000] {processor.py:925} INFO - DAG(s) 'example_setup_teardown' retrieved from /home/airflow/.local/lib/python3.12/site-packages/airflow/example_dags/example_setup_teardown.py
[2025-03-19T00:07:39.899+0000] {logging_mixin.py:190} INFO - [2025-03-19T00:07:39.898+0000] {dag.py:3239} INFO - Sync 1 DAGs
[2025-03-19T00:07:39.905+0000] {logging_mixin.py:190} INFO - [2025-03-19T00:07:39.905+0000] {dag.py:4180} INFO - Setting next_dagrun for example_setup_teardown to None, run_after=None
[2025-03-19T00:07:39.914+0000] {processor.py:208} INFO - Processing /home/airflow/.local/lib/python3.12/site-packages/airflow/example_dags/example_setup_teardown.py took 0.046 seconds
