[2025-03-19T00:00:03.317+0000] {processor.py:186} INFO - Started process (PID=16791) to work on /home/airflow/.local/lib/python3.12/site-packages/airflow/example_dags/example_params_ui_tutorial.py
[2025-03-19T00:00:03.317+0000] {processor.py:914} INFO - Processing file /home/airflow/.local/lib/python3.12/site-packages/airflow/example_dags/example_params_ui_tutorial.py for tasks to queue
[2025-03-19T00:00:03.318+0000] {logging_mixin.py:190} INFO - [2025-03-19T00:00:03.318+0000] {dagbag.py:588} INFO - Filling up the DagBag from /home/airflow/.local/lib/python3.12/site-packages/airflow/example_dags/example_params_ui_tutorial.py
[2025-03-19T00:00:03.323+0000] {processor.py:925} INFO - DAG(s) 'example_params_ui_tutorial' retrieved from /home/airflow/.local/lib/python3.12/site-packages/airflow/example_dags/example_params_ui_tutorial.py
[2025-03-19T00:00:03.374+0000] {logging_mixin.py:190} INFO - [2025-03-19T00:00:03.374+0000] {dag.py:3239} INFO - Sync 1 DAGs
[2025-03-19T00:00:03.380+0000] {logging_mixin.py:190} INFO - [2025-03-19T00:00:03.380+0000] {dag.py:4180} INFO - Setting next_dagrun for example_params_ui_tutorial to None, run_after=None
[2025-03-19T00:00:03.388+0000] {processor.py:208} INFO - Processing /home/airflow/.local/lib/python3.12/site-packages/airflow/example_dags/example_params_ui_tutorial.py took 0.074 seconds
[2025-03-19T00:00:33.469+0000] {processor.py:186} INFO - Started process (PID=16854) to work on /home/airflow/.local/lib/python3.12/site-packages/airflow/example_dags/example_params_ui_tutorial.py
[2025-03-19T00:00:33.469+0000] {processor.py:914} INFO - Processing file /home/airflow/.local/lib/python3.12/site-packages/airflow/example_dags/example_params_ui_tutorial.py for tasks to queue
[2025-03-19T00:00:33.471+0000] {logging_mixin.py:190} INFO - [2025-03-19T00:00:33.470+0000] {dagbag.py:588} INFO - Filling up the DagBag from /home/airflow/.local/lib/python3.12/site-packages/airflow/example_dags/example_params_ui_tutorial.py
[2025-03-19T00:00:33.476+0000] {processor.py:925} INFO - DAG(s) 'example_params_ui_tutorial' retrieved from /home/airflow/.local/lib/python3.12/site-packages/airflow/example_dags/example_params_ui_tutorial.py
[2025-03-19T00:00:33.497+0000] {logging_mixin.py:190} INFO - [2025-03-19T00:00:33.497+0000] {dag.py:3239} INFO - Sync 1 DAGs
[2025-03-19T00:00:33.505+0000] {logging_mixin.py:190} INFO - [2025-03-19T00:00:33.504+0000] {dag.py:4180} INFO - Setting next_dagrun for example_params_ui_tutorial to None, run_after=None
[2025-03-19T00:00:33.511+0000] {processor.py:208} INFO - Processing /home/airflow/.local/lib/python3.12/site-packages/airflow/example_dags/example_params_ui_tutorial.py took 0.045 seconds
[2025-03-19T00:01:03.577+0000] {processor.py:186} INFO - Started process (PID=16917) to work on /home/airflow/.local/lib/python3.12/site-packages/airflow/example_dags/example_params_ui_tutorial.py
[2025-03-19T00:01:03.578+0000] {processor.py:914} INFO - Processing file /home/airflow/.local/lib/python3.12/site-packages/airflow/example_dags/example_params_ui_tutorial.py for tasks to queue
[2025-03-19T00:01:03.579+0000] {logging_mixin.py:190} INFO - [2025-03-19T00:01:03.579+0000] {dagbag.py:588} INFO - Filling up the DagBag from /home/airflow/.local/lib/python3.12/site-packages/airflow/example_dags/example_params_ui_tutorial.py
[2025-03-19T00:01:03.584+0000] {processor.py:925} INFO - DAG(s) 'example_params_ui_tutorial' retrieved from /home/airflow/.local/lib/python3.12/site-packages/airflow/example_dags/example_params_ui_tutorial.py
[2025-03-19T00:01:03.605+0000] {logging_mixin.py:190} INFO - [2025-03-19T00:01:03.604+0000] {dag.py:3239} INFO - Sync 1 DAGs
[2025-03-19T00:01:03.611+0000] {logging_mixin.py:190} INFO - [2025-03-19T00:01:03.611+0000] {dag.py:4180} INFO - Setting next_dagrun for example_params_ui_tutorial to None, run_after=None
[2025-03-19T00:01:03.618+0000] {processor.py:208} INFO - Processing /home/airflow/.local/lib/python3.12/site-packages/airflow/example_dags/example_params_ui_tutorial.py took 0.043 seconds
[2025-03-19T00:01:34.653+0000] {processor.py:186} INFO - Started process (PID=16980) to work on /home/airflow/.local/lib/python3.12/site-packages/airflow/example_dags/example_params_ui_tutorial.py
[2025-03-19T00:01:34.654+0000] {processor.py:914} INFO - Processing file /home/airflow/.local/lib/python3.12/site-packages/airflow/example_dags/example_params_ui_tutorial.py for tasks to queue
[2025-03-19T00:01:34.655+0000] {logging_mixin.py:190} INFO - [2025-03-19T00:01:34.655+0000] {dagbag.py:588} INFO - Filling up the DagBag from /home/airflow/.local/lib/python3.12/site-packages/airflow/example_dags/example_params_ui_tutorial.py
[2025-03-19T00:01:34.659+0000] {processor.py:925} INFO - DAG(s) 'example_params_ui_tutorial' retrieved from /home/airflow/.local/lib/python3.12/site-packages/airflow/example_dags/example_params_ui_tutorial.py
[2025-03-19T00:01:34.674+0000] {logging_mixin.py:190} INFO - [2025-03-19T00:01:34.674+0000] {dag.py:3239} INFO - Sync 1 DAGs
[2025-03-19T00:01:34.679+0000] {logging_mixin.py:190} INFO - [2025-03-19T00:01:34.679+0000] {dag.py:4180} INFO - Setting next_dagrun for example_params_ui_tutorial to None, run_after=None
[2025-03-19T00:01:34.689+0000] {processor.py:208} INFO - Processing /home/airflow/.local/lib/python3.12/site-packages/airflow/example_dags/example_params_ui_tutorial.py took 0.039 seconds
[2025-03-19T00:02:05.644+0000] {processor.py:186} INFO - Started process (PID=17043) to work on /home/airflow/.local/lib/python3.12/site-packages/airflow/example_dags/example_params_ui_tutorial.py
[2025-03-19T00:02:05.645+0000] {processor.py:914} INFO - Processing file /home/airflow/.local/lib/python3.12/site-packages/airflow/example_dags/example_params_ui_tutorial.py for tasks to queue
[2025-03-19T00:02:05.646+0000] {logging_mixin.py:190} INFO - [2025-03-19T00:02:05.646+0000] {dagbag.py:588} INFO - Filling up the DagBag from /home/airflow/.local/lib/python3.12/site-packages/airflow/example_dags/example_params_ui_tutorial.py
[2025-03-19T00:02:05.654+0000] {processor.py:925} INFO - DAG(s) 'example_params_ui_tutorial' retrieved from /home/airflow/.local/lib/python3.12/site-packages/airflow/example_dags/example_params_ui_tutorial.py
[2025-03-19T00:02:05.679+0000] {logging_mixin.py:190} INFO - [2025-03-19T00:02:05.679+0000] {dag.py:3239} INFO - Sync 1 DAGs
[2025-03-19T00:02:05.685+0000] {logging_mixin.py:190} INFO - [2025-03-19T00:02:05.685+0000] {dag.py:4180} INFO - Setting next_dagrun for example_params_ui_tutorial to None, run_after=None
[2025-03-19T00:02:05.691+0000] {processor.py:208} INFO - Processing /home/airflow/.local/lib/python3.12/site-packages/airflow/example_dags/example_params_ui_tutorial.py took 0.050 seconds
[2025-03-19T00:02:35.799+0000] {processor.py:186} INFO - Started process (PID=17106) to work on /home/airflow/.local/lib/python3.12/site-packages/airflow/example_dags/example_params_ui_tutorial.py
[2025-03-19T00:02:35.800+0000] {processor.py:914} INFO - Processing file /home/airflow/.local/lib/python3.12/site-packages/airflow/example_dags/example_params_ui_tutorial.py for tasks to queue
[2025-03-19T00:02:35.801+0000] {logging_mixin.py:190} INFO - [2025-03-19T00:02:35.801+0000] {dagbag.py:588} INFO - Filling up the DagBag from /home/airflow/.local/lib/python3.12/site-packages/airflow/example_dags/example_params_ui_tutorial.py
[2025-03-19T00:02:35.805+0000] {processor.py:925} INFO - DAG(s) 'example_params_ui_tutorial' retrieved from /home/airflow/.local/lib/python3.12/site-packages/airflow/example_dags/example_params_ui_tutorial.py
[2025-03-19T00:02:35.827+0000] {logging_mixin.py:190} INFO - [2025-03-19T00:02:35.827+0000] {dag.py:3239} INFO - Sync 1 DAGs
[2025-03-19T00:02:35.833+0000] {logging_mixin.py:190} INFO - [2025-03-19T00:02:35.833+0000] {dag.py:4180} INFO - Setting next_dagrun for example_params_ui_tutorial to None, run_after=None
[2025-03-19T00:02:35.841+0000] {processor.py:208} INFO - Processing /home/airflow/.local/lib/python3.12/site-packages/airflow/example_dags/example_params_ui_tutorial.py took 0.045 seconds
[2025-03-19T00:03:05.955+0000] {processor.py:186} INFO - Started process (PID=17169) to work on /home/airflow/.local/lib/python3.12/site-packages/airflow/example_dags/example_params_ui_tutorial.py
[2025-03-19T00:03:05.958+0000] {processor.py:914} INFO - Processing file /home/airflow/.local/lib/python3.12/site-packages/airflow/example_dags/example_params_ui_tutorial.py for tasks to queue
[2025-03-19T00:03:05.959+0000] {logging_mixin.py:190} INFO - [2025-03-19T00:03:05.959+0000] {dagbag.py:588} INFO - Filling up the DagBag from /home/airflow/.local/lib/python3.12/site-packages/airflow/example_dags/example_params_ui_tutorial.py
[2025-03-19T00:03:05.962+0000] {processor.py:925} INFO - DAG(s) 'example_params_ui_tutorial' retrieved from /home/airflow/.local/lib/python3.12/site-packages/airflow/example_dags/example_params_ui_tutorial.py
[2025-03-19T00:03:05.982+0000] {logging_mixin.py:190} INFO - [2025-03-19T00:03:05.982+0000] {dag.py:3239} INFO - Sync 1 DAGs
[2025-03-19T00:03:05.987+0000] {logging_mixin.py:190} INFO - [2025-03-19T00:03:05.987+0000] {dag.py:4180} INFO - Setting next_dagrun for example_params_ui_tutorial to None, run_after=None
[2025-03-19T00:03:05.997+0000] {processor.py:208} INFO - Processing /home/airflow/.local/lib/python3.12/site-packages/airflow/example_dags/example_params_ui_tutorial.py took 0.045 seconds
[2025-03-19T00:03:36.113+0000] {processor.py:186} INFO - Started process (PID=17232) to work on /home/airflow/.local/lib/python3.12/site-packages/airflow/example_dags/example_params_ui_tutorial.py
[2025-03-19T00:03:36.114+0000] {processor.py:914} INFO - Processing file /home/airflow/.local/lib/python3.12/site-packages/airflow/example_dags/example_params_ui_tutorial.py for tasks to queue
[2025-03-19T00:03:36.115+0000] {logging_mixin.py:190} INFO - [2025-03-19T00:03:36.114+0000] {dagbag.py:588} INFO - Filling up the DagBag from /home/airflow/.local/lib/python3.12/site-packages/airflow/example_dags/example_params_ui_tutorial.py
[2025-03-19T00:03:36.119+0000] {processor.py:925} INFO - DAG(s) 'example_params_ui_tutorial' retrieved from /home/airflow/.local/lib/python3.12/site-packages/airflow/example_dags/example_params_ui_tutorial.py
[2025-03-19T00:03:36.134+0000] {logging_mixin.py:190} INFO - [2025-03-19T00:03:36.134+0000] {dag.py:3239} INFO - Sync 1 DAGs
[2025-03-19T00:03:36.139+0000] {logging_mixin.py:190} INFO - [2025-03-19T00:03:36.139+0000] {dag.py:4180} INFO - Setting next_dagrun for example_params_ui_tutorial to None, run_after=None
[2025-03-19T00:03:36.145+0000] {processor.py:208} INFO - Processing /home/airflow/.local/lib/python3.12/site-packages/airflow/example_dags/example_params_ui_tutorial.py took 0.035 seconds
[2025-03-19T00:04:07.143+0000] {processor.py:186} INFO - Started process (PID=17301) to work on /home/airflow/.local/lib/python3.12/site-packages/airflow/example_dags/example_params_ui_tutorial.py
[2025-03-19T00:04:07.143+0000] {processor.py:914} INFO - Processing file /home/airflow/.local/lib/python3.12/site-packages/airflow/example_dags/example_params_ui_tutorial.py for tasks to queue
[2025-03-19T00:04:07.145+0000] {logging_mixin.py:190} INFO - [2025-03-19T00:04:07.144+0000] {dagbag.py:588} INFO - Filling up the DagBag from /home/airflow/.local/lib/python3.12/site-packages/airflow/example_dags/example_params_ui_tutorial.py
[2025-03-19T00:04:07.151+0000] {processor.py:925} INFO - DAG(s) 'example_params_ui_tutorial' retrieved from /home/airflow/.local/lib/python3.12/site-packages/airflow/example_dags/example_params_ui_tutorial.py
[2025-03-19T00:04:07.171+0000] {logging_mixin.py:190} INFO - [2025-03-19T00:04:07.170+0000] {dag.py:3239} INFO - Sync 1 DAGs
[2025-03-19T00:04:07.179+0000] {logging_mixin.py:190} INFO - [2025-03-19T00:04:07.179+0000] {dag.py:4180} INFO - Setting next_dagrun for example_params_ui_tutorial to None, run_after=None
[2025-03-19T00:04:07.185+0000] {processor.py:208} INFO - Processing /home/airflow/.local/lib/python3.12/site-packages/airflow/example_dags/example_params_ui_tutorial.py took 0.045 seconds
[2025-03-19T00:04:38.157+0000] {processor.py:186} INFO - Started process (PID=17364) to work on /home/airflow/.local/lib/python3.12/site-packages/airflow/example_dags/example_params_ui_tutorial.py
[2025-03-19T00:04:38.158+0000] {processor.py:914} INFO - Processing file /home/airflow/.local/lib/python3.12/site-packages/airflow/example_dags/example_params_ui_tutorial.py for tasks to queue
[2025-03-19T00:04:38.159+0000] {logging_mixin.py:190} INFO - [2025-03-19T00:04:38.159+0000] {dagbag.py:588} INFO - Filling up the DagBag from /home/airflow/.local/lib/python3.12/site-packages/airflow/example_dags/example_params_ui_tutorial.py
[2025-03-19T00:04:38.163+0000] {processor.py:925} INFO - DAG(s) 'example_params_ui_tutorial' retrieved from /home/airflow/.local/lib/python3.12/site-packages/airflow/example_dags/example_params_ui_tutorial.py
[2025-03-19T00:04:38.176+0000] {logging_mixin.py:190} INFO - [2025-03-19T00:04:38.176+0000] {dag.py:3239} INFO - Sync 1 DAGs
[2025-03-19T00:04:38.181+0000] {logging_mixin.py:190} INFO - [2025-03-19T00:04:38.181+0000] {dag.py:4180} INFO - Setting next_dagrun for example_params_ui_tutorial to None, run_after=None
[2025-03-19T00:04:38.186+0000] {processor.py:208} INFO - Processing /home/airflow/.local/lib/python3.12/site-packages/airflow/example_dags/example_params_ui_tutorial.py took 0.031 seconds
[2025-03-19T00:05:09.188+0000] {processor.py:186} INFO - Started process (PID=17427) to work on /home/airflow/.local/lib/python3.12/site-packages/airflow/example_dags/example_params_ui_tutorial.py
[2025-03-19T00:05:09.189+0000] {processor.py:914} INFO - Processing file /home/airflow/.local/lib/python3.12/site-packages/airflow/example_dags/example_params_ui_tutorial.py for tasks to queue
[2025-03-19T00:05:09.189+0000] {logging_mixin.py:190} INFO - [2025-03-19T00:05:09.189+0000] {dagbag.py:588} INFO - Filling up the DagBag from /home/airflow/.local/lib/python3.12/site-packages/airflow/example_dags/example_params_ui_tutorial.py
[2025-03-19T00:05:09.193+0000] {processor.py:925} INFO - DAG(s) 'example_params_ui_tutorial' retrieved from /home/airflow/.local/lib/python3.12/site-packages/airflow/example_dags/example_params_ui_tutorial.py
[2025-03-19T00:05:09.207+0000] {logging_mixin.py:190} INFO - [2025-03-19T00:05:09.207+0000] {dag.py:3239} INFO - Sync 1 DAGs
[2025-03-19T00:05:09.212+0000] {logging_mixin.py:190} INFO - [2025-03-19T00:05:09.211+0000] {dag.py:4180} INFO - Setting next_dagrun for example_params_ui_tutorial to None, run_after=None
[2025-03-19T00:05:09.217+0000] {processor.py:208} INFO - Processing /home/airflow/.local/lib/python3.12/site-packages/airflow/example_dags/example_params_ui_tutorial.py took 0.031 seconds
[2025-03-19T00:05:39.324+0000] {processor.py:186} INFO - Started process (PID=17490) to work on /home/airflow/.local/lib/python3.12/site-packages/airflow/example_dags/example_params_ui_tutorial.py
[2025-03-19T00:05:39.324+0000] {processor.py:914} INFO - Processing file /home/airflow/.local/lib/python3.12/site-packages/airflow/example_dags/example_params_ui_tutorial.py for tasks to queue
[2025-03-19T00:05:39.325+0000] {logging_mixin.py:190} INFO - [2025-03-19T00:05:39.325+0000] {dagbag.py:588} INFO - Filling up the DagBag from /home/airflow/.local/lib/python3.12/site-packages/airflow/example_dags/example_params_ui_tutorial.py
[2025-03-19T00:05:39.329+0000] {processor.py:925} INFO - DAG(s) 'example_params_ui_tutorial' retrieved from /home/airflow/.local/lib/python3.12/site-packages/airflow/example_dags/example_params_ui_tutorial.py
[2025-03-19T00:05:39.344+0000] {logging_mixin.py:190} INFO - [2025-03-19T00:05:39.344+0000] {dag.py:3239} INFO - Sync 1 DAGs
[2025-03-19T00:05:39.350+0000] {logging_mixin.py:190} INFO - [2025-03-19T00:05:39.350+0000] {dag.py:4180} INFO - Setting next_dagrun for example_params_ui_tutorial to None, run_after=None
[2025-03-19T00:05:39.356+0000] {processor.py:208} INFO - Processing /home/airflow/.local/lib/python3.12/site-packages/airflow/example_dags/example_params_ui_tutorial.py took 0.035 seconds
[2025-03-19T00:06:09.546+0000] {processor.py:186} INFO - Started process (PID=17553) to work on /home/airflow/.local/lib/python3.12/site-packages/airflow/example_dags/example_params_ui_tutorial.py
[2025-03-19T00:06:09.547+0000] {processor.py:914} INFO - Processing file /home/airflow/.local/lib/python3.12/site-packages/airflow/example_dags/example_params_ui_tutorial.py for tasks to queue
[2025-03-19T00:06:09.547+0000] {logging_mixin.py:190} INFO - [2025-03-19T00:06:09.547+0000] {dagbag.py:588} INFO - Filling up the DagBag from /home/airflow/.local/lib/python3.12/site-packages/airflow/example_dags/example_params_ui_tutorial.py
[2025-03-19T00:06:09.552+0000] {processor.py:925} INFO - DAG(s) 'example_params_ui_tutorial' retrieved from /home/airflow/.local/lib/python3.12/site-packages/airflow/example_dags/example_params_ui_tutorial.py
[2025-03-19T00:06:09.573+0000] {logging_mixin.py:190} INFO - [2025-03-19T00:06:09.573+0000] {dag.py:3239} INFO - Sync 1 DAGs
[2025-03-19T00:06:09.578+0000] {logging_mixin.py:190} INFO - [2025-03-19T00:06:09.578+0000] {dag.py:4180} INFO - Setting next_dagrun for example_params_ui_tutorial to None, run_after=None
[2025-03-19T00:06:09.585+0000] {processor.py:208} INFO - Processing /home/airflow/.local/lib/python3.12/site-packages/airflow/example_dags/example_params_ui_tutorial.py took 0.042 seconds
[2025-03-19T00:06:39.709+0000] {processor.py:186} INFO - Started process (PID=17616) to work on /home/airflow/.local/lib/python3.12/site-packages/airflow/example_dags/example_params_ui_tutorial.py
[2025-03-19T00:06:39.710+0000] {processor.py:914} INFO - Processing file /home/airflow/.local/lib/python3.12/site-packages/airflow/example_dags/example_params_ui_tutorial.py for tasks to queue
[2025-03-19T00:06:39.711+0000] {logging_mixin.py:190} INFO - [2025-03-19T00:06:39.711+0000] {dagbag.py:588} INFO - Filling up the DagBag from /home/airflow/.local/lib/python3.12/site-packages/airflow/example_dags/example_params_ui_tutorial.py
[2025-03-19T00:06:39.715+0000] {processor.py:925} INFO - DAG(s) 'example_params_ui_tutorial' retrieved from /home/airflow/.local/lib/python3.12/site-packages/airflow/example_dags/example_params_ui_tutorial.py
[2025-03-19T00:06:39.736+0000] {logging_mixin.py:190} INFO - [2025-03-19T00:06:39.736+0000] {dag.py:3239} INFO - Sync 1 DAGs
[2025-03-19T00:06:39.742+0000] {logging_mixin.py:190} INFO - [2025-03-19T00:06:39.742+0000] {dag.py:4180} INFO - Setting next_dagrun for example_params_ui_tutorial to None, run_after=None
[2025-03-19T00:06:39.748+0000] {processor.py:208} INFO - Processing /home/airflow/.local/lib/python3.12/site-packages/airflow/example_dags/example_params_ui_tutorial.py took 0.042 seconds
[2025-03-19T00:07:09.830+0000] {processor.py:186} INFO - Started process (PID=17679) to work on /home/airflow/.local/lib/python3.12/site-packages/airflow/example_dags/example_params_ui_tutorial.py
[2025-03-19T00:07:09.832+0000] {processor.py:914} INFO - Processing file /home/airflow/.local/lib/python3.12/site-packages/airflow/example_dags/example_params_ui_tutorial.py for tasks to queue
[2025-03-19T00:07:09.832+0000] {logging_mixin.py:190} INFO - [2025-03-19T00:07:09.832+0000] {dagbag.py:588} INFO - Filling up the DagBag from /home/airflow/.local/lib/python3.12/site-packages/airflow/example_dags/example_params_ui_tutorial.py
[2025-03-19T00:07:09.836+0000] {processor.py:925} INFO - DAG(s) 'example_params_ui_tutorial' retrieved from /home/airflow/.local/lib/python3.12/site-packages/airflow/example_dags/example_params_ui_tutorial.py
[2025-03-19T00:07:09.853+0000] {logging_mixin.py:190} INFO - [2025-03-19T00:07:09.852+0000] {dag.py:3239} INFO - Sync 1 DAGs
[2025-03-19T00:07:09.858+0000] {logging_mixin.py:190} INFO - [2025-03-19T00:07:09.858+0000] {dag.py:4180} INFO - Setting next_dagrun for example_params_ui_tutorial to None, run_after=None
[2025-03-19T00:07:09.868+0000] {processor.py:208} INFO - Processing /home/airflow/.local/lib/python3.12/site-packages/airflow/example_dags/example_params_ui_tutorial.py took 0.041 seconds
[2025-03-19T00:07:40.011+0000] {processor.py:186} INFO - Started process (PID=17742) to work on /home/airflow/.local/lib/python3.12/site-packages/airflow/example_dags/example_params_ui_tutorial.py
[2025-03-19T00:07:40.014+0000] {processor.py:914} INFO - Processing file /home/airflow/.local/lib/python3.12/site-packages/airflow/example_dags/example_params_ui_tutorial.py for tasks to queue
[2025-03-19T00:07:40.015+0000] {logging_mixin.py:190} INFO - [2025-03-19T00:07:40.015+0000] {dagbag.py:588} INFO - Filling up the DagBag from /home/airflow/.local/lib/python3.12/site-packages/airflow/example_dags/example_params_ui_tutorial.py
[2025-03-19T00:07:40.019+0000] {processor.py:925} INFO - DAG(s) 'example_params_ui_tutorial' retrieved from /home/airflow/.local/lib/python3.12/site-packages/airflow/example_dags/example_params_ui_tutorial.py
[2025-03-19T00:07:40.036+0000] {logging_mixin.py:190} INFO - [2025-03-19T00:07:40.035+0000] {dag.py:3239} INFO - Sync 1 DAGs
[2025-03-19T00:07:40.042+0000] {logging_mixin.py:190} INFO - [2025-03-19T00:07:40.042+0000] {dag.py:4180} INFO - Setting next_dagrun for example_params_ui_tutorial to None, run_after=None
[2025-03-19T00:07:40.051+0000] {processor.py:208} INFO - Processing /home/airflow/.local/lib/python3.12/site-packages/airflow/example_dags/example_params_ui_tutorial.py took 0.043 seconds
