[2025-03-19T00:00:12.250+0000] {processor.py:186} INFO - Started process (PID=16814) to work on /home/airflow/.local/lib/python3.12/site-packages/airflow/example_dags/example_bash_operator.py
[2025-03-19T00:00:12.250+0000] {processor.py:914} INFO - Processing file /home/airflow/.local/lib/python3.12/site-packages/airflow/example_dags/example_bash_operator.py for tasks to queue
[2025-03-19T00:00:12.251+0000] {logging_mixin.py:190} INFO - [2025-03-19T00:00:12.251+0000] {dagbag.py:588} INFO - Filling up the DagBag from /home/airflow/.local/lib/python3.12/site-packages/airflow/example_dags/example_bash_operator.py
[2025-03-19T00:00:12.256+0000] {processor.py:925} INFO - DAG(s) 'example_bash_operator' retrieved from /home/airflow/.local/lib/python3.12/site-packages/airflow/example_dags/example_bash_operator.py
[2025-03-19T00:00:12.265+0000] {logging_mixin.py:190} INFO - [2025-03-19T00:00:12.265+0000] {dag.py:3239} INFO - Sync 1 DAGs
[2025-03-19T00:00:12.273+0000] {logging_mixin.py:190} INFO - [2025-03-19T00:00:12.273+0000] {dag.py:4180} INFO - Setting next_dagrun for example_bash_operator to 2025-03-18 00:00:00+00:00, run_after=2025-03-19 00:00:00+00:00
[2025-03-19T00:00:12.278+0000] {processor.py:208} INFO - Processing /home/airflow/.local/lib/python3.12/site-packages/airflow/example_dags/example_bash_operator.py took 0.030 seconds
[2025-03-19T00:00:43.364+0000] {processor.py:186} INFO - Started process (PID=16877) to work on /home/airflow/.local/lib/python3.12/site-packages/airflow/example_dags/example_bash_operator.py
[2025-03-19T00:00:43.364+0000] {processor.py:914} INFO - Processing file /home/airflow/.local/lib/python3.12/site-packages/airflow/example_dags/example_bash_operator.py for tasks to queue
[2025-03-19T00:00:43.365+0000] {logging_mixin.py:190} INFO - [2025-03-19T00:00:43.365+0000] {dagbag.py:588} INFO - Filling up the DagBag from /home/airflow/.local/lib/python3.12/site-packages/airflow/example_dags/example_bash_operator.py
[2025-03-19T00:00:43.371+0000] {processor.py:925} INFO - DAG(s) 'example_bash_operator' retrieved from /home/airflow/.local/lib/python3.12/site-packages/airflow/example_dags/example_bash_operator.py
[2025-03-19T00:00:43.380+0000] {logging_mixin.py:190} INFO - [2025-03-19T00:00:43.380+0000] {dag.py:3239} INFO - Sync 1 DAGs
[2025-03-19T00:00:43.389+0000] {logging_mixin.py:190} INFO - [2025-03-19T00:00:43.388+0000] {dag.py:4180} INFO - Setting next_dagrun for example_bash_operator to 2025-03-18 00:00:00+00:00, run_after=2025-03-19 00:00:00+00:00
[2025-03-19T00:00:43.394+0000] {processor.py:208} INFO - Processing /home/airflow/.local/lib/python3.12/site-packages/airflow/example_dags/example_bash_operator.py took 0.033 seconds
[2025-03-19T00:01:14.434+0000] {processor.py:186} INFO - Started process (PID=16940) to work on /home/airflow/.local/lib/python3.12/site-packages/airflow/example_dags/example_bash_operator.py
[2025-03-19T00:01:14.435+0000] {processor.py:914} INFO - Processing file /home/airflow/.local/lib/python3.12/site-packages/airflow/example_dags/example_bash_operator.py for tasks to queue
[2025-03-19T00:01:14.437+0000] {logging_mixin.py:190} INFO - [2025-03-19T00:01:14.437+0000] {dagbag.py:588} INFO - Filling up the DagBag from /home/airflow/.local/lib/python3.12/site-packages/airflow/example_dags/example_bash_operator.py
[2025-03-19T00:01:14.444+0000] {processor.py:925} INFO - DAG(s) 'example_bash_operator' retrieved from /home/airflow/.local/lib/python3.12/site-packages/airflow/example_dags/example_bash_operator.py
[2025-03-19T00:01:14.456+0000] {logging_mixin.py:190} INFO - [2025-03-19T00:01:14.456+0000] {dag.py:3239} INFO - Sync 1 DAGs
[2025-03-19T00:01:14.465+0000] {logging_mixin.py:190} INFO - [2025-03-19T00:01:14.465+0000] {dag.py:4180} INFO - Setting next_dagrun for example_bash_operator to 2025-03-18 00:00:00+00:00, run_after=2025-03-19 00:00:00+00:00
[2025-03-19T00:01:14.474+0000] {processor.py:208} INFO - Processing /home/airflow/.local/lib/python3.12/site-packages/airflow/example_dags/example_bash_operator.py took 0.042 seconds
[2025-03-19T00:01:45.497+0000] {processor.py:186} INFO - Started process (PID=17003) to work on /home/airflow/.local/lib/python3.12/site-packages/airflow/example_dags/example_bash_operator.py
[2025-03-19T00:01:45.497+0000] {processor.py:914} INFO - Processing file /home/airflow/.local/lib/python3.12/site-packages/airflow/example_dags/example_bash_operator.py for tasks to queue
[2025-03-19T00:01:45.498+0000] {logging_mixin.py:190} INFO - [2025-03-19T00:01:45.498+0000] {dagbag.py:588} INFO - Filling up the DagBag from /home/airflow/.local/lib/python3.12/site-packages/airflow/example_dags/example_bash_operator.py
[2025-03-19T00:01:45.504+0000] {processor.py:925} INFO - DAG(s) 'example_bash_operator' retrieved from /home/airflow/.local/lib/python3.12/site-packages/airflow/example_dags/example_bash_operator.py
[2025-03-19T00:01:45.514+0000] {logging_mixin.py:190} INFO - [2025-03-19T00:01:45.514+0000] {dag.py:3239} INFO - Sync 1 DAGs
[2025-03-19T00:01:45.522+0000] {logging_mixin.py:190} INFO - [2025-03-19T00:01:45.522+0000] {dag.py:4180} INFO - Setting next_dagrun for example_bash_operator to 2025-03-18 00:00:00+00:00, run_after=2025-03-19 00:00:00+00:00
[2025-03-19T00:01:45.532+0000] {processor.py:208} INFO - Processing /home/airflow/.local/lib/python3.12/site-packages/airflow/example_dags/example_bash_operator.py took 0.037 seconds
[2025-03-19T00:02:16.537+0000] {processor.py:186} INFO - Started process (PID=17066) to work on /home/airflow/.local/lib/python3.12/site-packages/airflow/example_dags/example_bash_operator.py
[2025-03-19T00:02:16.537+0000] {processor.py:914} INFO - Processing file /home/airflow/.local/lib/python3.12/site-packages/airflow/example_dags/example_bash_operator.py for tasks to queue
[2025-03-19T00:02:16.538+0000] {logging_mixin.py:190} INFO - [2025-03-19T00:02:16.538+0000] {dagbag.py:588} INFO - Filling up the DagBag from /home/airflow/.local/lib/python3.12/site-packages/airflow/example_dags/example_bash_operator.py
[2025-03-19T00:02:16.544+0000] {processor.py:925} INFO - DAG(s) 'example_bash_operator' retrieved from /home/airflow/.local/lib/python3.12/site-packages/airflow/example_dags/example_bash_operator.py
[2025-03-19T00:02:16.553+0000] {logging_mixin.py:190} INFO - [2025-03-19T00:02:16.553+0000] {dag.py:3239} INFO - Sync 1 DAGs
[2025-03-19T00:02:16.564+0000] {logging_mixin.py:190} INFO - [2025-03-19T00:02:16.563+0000] {dag.py:4180} INFO - Setting next_dagrun for example_bash_operator to 2025-03-18 00:00:00+00:00, run_after=2025-03-19 00:00:00+00:00
[2025-03-19T00:02:16.573+0000] {processor.py:208} INFO - Processing /home/airflow/.local/lib/python3.12/site-packages/airflow/example_dags/example_bash_operator.py took 0.038 seconds
[2025-03-19T00:02:47.685+0000] {processor.py:186} INFO - Started process (PID=17129) to work on /home/airflow/.local/lib/python3.12/site-packages/airflow/example_dags/example_bash_operator.py
[2025-03-19T00:02:47.687+0000] {processor.py:914} INFO - Processing file /home/airflow/.local/lib/python3.12/site-packages/airflow/example_dags/example_bash_operator.py for tasks to queue
[2025-03-19T00:02:47.690+0000] {logging_mixin.py:190} INFO - [2025-03-19T00:02:47.689+0000] {dagbag.py:588} INFO - Filling up the DagBag from /home/airflow/.local/lib/python3.12/site-packages/airflow/example_dags/example_bash_operator.py
[2025-03-19T00:02:47.698+0000] {processor.py:925} INFO - DAG(s) 'example_bash_operator' retrieved from /home/airflow/.local/lib/python3.12/site-packages/airflow/example_dags/example_bash_operator.py
[2025-03-19T00:02:47.707+0000] {logging_mixin.py:190} INFO - [2025-03-19T00:02:47.707+0000] {dag.py:3239} INFO - Sync 1 DAGs
[2025-03-19T00:02:47.715+0000] {logging_mixin.py:190} INFO - [2025-03-19T00:02:47.715+0000] {dag.py:4180} INFO - Setting next_dagrun for example_bash_operator to 2025-03-18 00:00:00+00:00, run_after=2025-03-19 00:00:00+00:00
[2025-03-19T00:02:47.721+0000] {processor.py:208} INFO - Processing /home/airflow/.local/lib/python3.12/site-packages/airflow/example_dags/example_bash_operator.py took 0.038 seconds
[2025-03-19T00:03:18.838+0000] {processor.py:186} INFO - Started process (PID=17192) to work on /home/airflow/.local/lib/python3.12/site-packages/airflow/example_dags/example_bash_operator.py
[2025-03-19T00:03:18.839+0000] {processor.py:914} INFO - Processing file /home/airflow/.local/lib/python3.12/site-packages/airflow/example_dags/example_bash_operator.py for tasks to queue
[2025-03-19T00:03:18.840+0000] {logging_mixin.py:190} INFO - [2025-03-19T00:03:18.840+0000] {dagbag.py:588} INFO - Filling up the DagBag from /home/airflow/.local/lib/python3.12/site-packages/airflow/example_dags/example_bash_operator.py
[2025-03-19T00:03:18.846+0000] {processor.py:925} INFO - DAG(s) 'example_bash_operator' retrieved from /home/airflow/.local/lib/python3.12/site-packages/airflow/example_dags/example_bash_operator.py
[2025-03-19T00:03:18.855+0000] {logging_mixin.py:190} INFO - [2025-03-19T00:03:18.855+0000] {dag.py:3239} INFO - Sync 1 DAGs
[2025-03-19T00:03:18.863+0000] {logging_mixin.py:190} INFO - [2025-03-19T00:03:18.863+0000] {dag.py:4180} INFO - Setting next_dagrun for example_bash_operator to 2025-03-18 00:00:00+00:00, run_after=2025-03-19 00:00:00+00:00
[2025-03-19T00:03:18.872+0000] {processor.py:208} INFO - Processing /home/airflow/.local/lib/python3.12/site-packages/airflow/example_dags/example_bash_operator.py took 0.037 seconds
[2025-03-19T00:03:49.998+0000] {processor.py:186} INFO - Started process (PID=17255) to work on /home/airflow/.local/lib/python3.12/site-packages/airflow/example_dags/example_bash_operator.py
[2025-03-19T00:03:49.999+0000] {processor.py:914} INFO - Processing file /home/airflow/.local/lib/python3.12/site-packages/airflow/example_dags/example_bash_operator.py for tasks to queue
[2025-03-19T00:03:50.000+0000] {logging_mixin.py:190} INFO - [2025-03-19T00:03:49.999+0000] {dagbag.py:588} INFO - Filling up the DagBag from /home/airflow/.local/lib/python3.12/site-packages/airflow/example_dags/example_bash_operator.py
[2025-03-19T00:03:50.005+0000] {processor.py:925} INFO - DAG(s) 'example_bash_operator' retrieved from /home/airflow/.local/lib/python3.12/site-packages/airflow/example_dags/example_bash_operator.py
[2025-03-19T00:03:50.020+0000] {logging_mixin.py:190} INFO - [2025-03-19T00:03:50.020+0000] {dag.py:3239} INFO - Sync 1 DAGs
[2025-03-19T00:03:50.029+0000] {logging_mixin.py:190} INFO - [2025-03-19T00:03:50.029+0000] {dag.py:4180} INFO - Setting next_dagrun for example_bash_operator to 2025-03-18 00:00:00+00:00, run_after=2025-03-19 00:00:00+00:00
[2025-03-19T00:03:50.038+0000] {processor.py:208} INFO - Processing /home/airflow/.local/lib/python3.12/site-packages/airflow/example_dags/example_bash_operator.py took 0.042 seconds
[2025-03-19T00:04:20.958+0000] {processor.py:186} INFO - Started process (PID=17318) to work on /home/airflow/.local/lib/python3.12/site-packages/airflow/example_dags/example_bash_operator.py
[2025-03-19T00:04:20.959+0000] {processor.py:914} INFO - Processing file /home/airflow/.local/lib/python3.12/site-packages/airflow/example_dags/example_bash_operator.py for tasks to queue
[2025-03-19T00:04:20.960+0000] {logging_mixin.py:190} INFO - [2025-03-19T00:04:20.960+0000] {dagbag.py:588} INFO - Filling up the DagBag from /home/airflow/.local/lib/python3.12/site-packages/airflow/example_dags/example_bash_operator.py
[2025-03-19T00:04:20.965+0000] {processor.py:925} INFO - DAG(s) 'example_bash_operator' retrieved from /home/airflow/.local/lib/python3.12/site-packages/airflow/example_dags/example_bash_operator.py
[2025-03-19T00:04:20.976+0000] {logging_mixin.py:190} INFO - [2025-03-19T00:04:20.976+0000] {dag.py:3239} INFO - Sync 1 DAGs
[2025-03-19T00:04:20.984+0000] {logging_mixin.py:190} INFO - [2025-03-19T00:04:20.984+0000] {dag.py:4180} INFO - Setting next_dagrun for example_bash_operator to 2025-03-18 00:00:00+00:00, run_after=2025-03-19 00:00:00+00:00
[2025-03-19T00:04:20.992+0000] {processor.py:208} INFO - Processing /home/airflow/.local/lib/python3.12/site-packages/airflow/example_dags/example_bash_operator.py took 0.036 seconds
[2025-03-19T00:04:52.003+0000] {processor.py:186} INFO - Started process (PID=17381) to work on /home/airflow/.local/lib/python3.12/site-packages/airflow/example_dags/example_bash_operator.py
[2025-03-19T00:04:52.004+0000] {processor.py:914} INFO - Processing file /home/airflow/.local/lib/python3.12/site-packages/airflow/example_dags/example_bash_operator.py for tasks to queue
[2025-03-19T00:04:52.005+0000] {logging_mixin.py:190} INFO - [2025-03-19T00:04:52.004+0000] {dagbag.py:588} INFO - Filling up the DagBag from /home/airflow/.local/lib/python3.12/site-packages/airflow/example_dags/example_bash_operator.py
[2025-03-19T00:04:52.010+0000] {processor.py:925} INFO - DAG(s) 'example_bash_operator' retrieved from /home/airflow/.local/lib/python3.12/site-packages/airflow/example_dags/example_bash_operator.py
[2025-03-19T00:04:52.022+0000] {logging_mixin.py:190} INFO - [2025-03-19T00:04:52.022+0000] {dag.py:3239} INFO - Sync 1 DAGs
[2025-03-19T00:04:52.031+0000] {logging_mixin.py:190} INFO - [2025-03-19T00:04:52.031+0000] {dag.py:4180} INFO - Setting next_dagrun for example_bash_operator to 2025-03-18 00:00:00+00:00, run_after=2025-03-19 00:00:00+00:00
[2025-03-19T00:04:52.042+0000] {processor.py:208} INFO - Processing /home/airflow/.local/lib/python3.12/site-packages/airflow/example_dags/example_bash_operator.py took 0.041 seconds
[2025-03-19T00:05:23.154+0000] {processor.py:186} INFO - Started process (PID=17444) to work on /home/airflow/.local/lib/python3.12/site-packages/airflow/example_dags/example_bash_operator.py
[2025-03-19T00:05:23.156+0000] {processor.py:914} INFO - Processing file /home/airflow/.local/lib/python3.12/site-packages/airflow/example_dags/example_bash_operator.py for tasks to queue
[2025-03-19T00:05:23.157+0000] {logging_mixin.py:190} INFO - [2025-03-19T00:05:23.157+0000] {dagbag.py:588} INFO - Filling up the DagBag from /home/airflow/.local/lib/python3.12/site-packages/airflow/example_dags/example_bash_operator.py
[2025-03-19T00:05:23.163+0000] {processor.py:925} INFO - DAG(s) 'example_bash_operator' retrieved from /home/airflow/.local/lib/python3.12/site-packages/airflow/example_dags/example_bash_operator.py
[2025-03-19T00:05:23.177+0000] {logging_mixin.py:190} INFO - [2025-03-19T00:05:23.177+0000] {dag.py:3239} INFO - Sync 1 DAGs
[2025-03-19T00:05:23.186+0000] {logging_mixin.py:190} INFO - [2025-03-19T00:05:23.186+0000] {dag.py:4180} INFO - Setting next_dagrun for example_bash_operator to 2025-03-18 00:00:00+00:00, run_after=2025-03-19 00:00:00+00:00
[2025-03-19T00:05:23.191+0000] {processor.py:208} INFO - Processing /home/airflow/.local/lib/python3.12/site-packages/airflow/example_dags/example_bash_operator.py took 0.039 seconds
[2025-03-19T00:05:54.362+0000] {processor.py:186} INFO - Started process (PID=17507) to work on /home/airflow/.local/lib/python3.12/site-packages/airflow/example_dags/example_bash_operator.py
[2025-03-19T00:05:54.363+0000] {processor.py:914} INFO - Processing file /home/airflow/.local/lib/python3.12/site-packages/airflow/example_dags/example_bash_operator.py for tasks to queue
[2025-03-19T00:05:54.364+0000] {logging_mixin.py:190} INFO - [2025-03-19T00:05:54.364+0000] {dagbag.py:588} INFO - Filling up the DagBag from /home/airflow/.local/lib/python3.12/site-packages/airflow/example_dags/example_bash_operator.py
[2025-03-19T00:05:54.369+0000] {processor.py:925} INFO - DAG(s) 'example_bash_operator' retrieved from /home/airflow/.local/lib/python3.12/site-packages/airflow/example_dags/example_bash_operator.py
[2025-03-19T00:05:54.379+0000] {logging_mixin.py:190} INFO - [2025-03-19T00:05:54.379+0000] {dag.py:3239} INFO - Sync 1 DAGs
[2025-03-19T00:05:54.387+0000] {logging_mixin.py:190} INFO - [2025-03-19T00:05:54.387+0000] {dag.py:4180} INFO - Setting next_dagrun for example_bash_operator to 2025-03-18 00:00:00+00:00, run_after=2025-03-19 00:00:00+00:00
[2025-03-19T00:05:54.396+0000] {processor.py:208} INFO - Processing /home/airflow/.local/lib/python3.12/site-packages/airflow/example_dags/example_bash_operator.py took 0.036 seconds
[2025-03-19T00:06:25.513+0000] {processor.py:186} INFO - Started process (PID=17570) to work on /home/airflow/.local/lib/python3.12/site-packages/airflow/example_dags/example_bash_operator.py
[2025-03-19T00:06:25.514+0000] {processor.py:914} INFO - Processing file /home/airflow/.local/lib/python3.12/site-packages/airflow/example_dags/example_bash_operator.py for tasks to queue
[2025-03-19T00:06:25.515+0000] {logging_mixin.py:190} INFO - [2025-03-19T00:06:25.514+0000] {dagbag.py:588} INFO - Filling up the DagBag from /home/airflow/.local/lib/python3.12/site-packages/airflow/example_dags/example_bash_operator.py
[2025-03-19T00:06:25.519+0000] {processor.py:925} INFO - DAG(s) 'example_bash_operator' retrieved from /home/airflow/.local/lib/python3.12/site-packages/airflow/example_dags/example_bash_operator.py
[2025-03-19T00:06:25.528+0000] {logging_mixin.py:190} INFO - [2025-03-19T00:06:25.528+0000] {dag.py:3239} INFO - Sync 1 DAGs
[2025-03-19T00:06:25.536+0000] {logging_mixin.py:190} INFO - [2025-03-19T00:06:25.536+0000] {dag.py:4180} INFO - Setting next_dagrun for example_bash_operator to 2025-03-18 00:00:00+00:00, run_after=2025-03-19 00:00:00+00:00
[2025-03-19T00:06:25.541+0000] {processor.py:208} INFO - Processing /home/airflow/.local/lib/python3.12/site-packages/airflow/example_dags/example_bash_operator.py took 0.030 seconds
[2025-03-19T00:06:56.603+0000] {processor.py:186} INFO - Started process (PID=17633) to work on /home/airflow/.local/lib/python3.12/site-packages/airflow/example_dags/example_bash_operator.py
[2025-03-19T00:06:56.604+0000] {processor.py:914} INFO - Processing file /home/airflow/.local/lib/python3.12/site-packages/airflow/example_dags/example_bash_operator.py for tasks to queue
[2025-03-19T00:06:56.605+0000] {logging_mixin.py:190} INFO - [2025-03-19T00:06:56.605+0000] {dagbag.py:588} INFO - Filling up the DagBag from /home/airflow/.local/lib/python3.12/site-packages/airflow/example_dags/example_bash_operator.py
[2025-03-19T00:06:56.611+0000] {processor.py:925} INFO - DAG(s) 'example_bash_operator' retrieved from /home/airflow/.local/lib/python3.12/site-packages/airflow/example_dags/example_bash_operator.py
[2025-03-19T00:06:56.621+0000] {logging_mixin.py:190} INFO - [2025-03-19T00:06:56.621+0000] {dag.py:3239} INFO - Sync 1 DAGs
[2025-03-19T00:06:56.631+0000] {logging_mixin.py:190} INFO - [2025-03-19T00:06:56.631+0000] {dag.py:4180} INFO - Setting next_dagrun for example_bash_operator to 2025-03-18 00:00:00+00:00, run_after=2025-03-19 00:00:00+00:00
[2025-03-19T00:06:56.644+0000] {processor.py:208} INFO - Processing /home/airflow/.local/lib/python3.12/site-packages/airflow/example_dags/example_bash_operator.py took 0.044 seconds
[2025-03-19T00:07:27.870+0000] {processor.py:186} INFO - Started process (PID=17696) to work on /home/airflow/.local/lib/python3.12/site-packages/airflow/example_dags/example_bash_operator.py
[2025-03-19T00:07:27.870+0000] {processor.py:914} INFO - Processing file /home/airflow/.local/lib/python3.12/site-packages/airflow/example_dags/example_bash_operator.py for tasks to queue
[2025-03-19T00:07:27.872+0000] {logging_mixin.py:190} INFO - [2025-03-19T00:07:27.872+0000] {dagbag.py:588} INFO - Filling up the DagBag from /home/airflow/.local/lib/python3.12/site-packages/airflow/example_dags/example_bash_operator.py
[2025-03-19T00:07:27.877+0000] {processor.py:925} INFO - DAG(s) 'example_bash_operator' retrieved from /home/airflow/.local/lib/python3.12/site-packages/airflow/example_dags/example_bash_operator.py
[2025-03-19T00:07:27.887+0000] {logging_mixin.py:190} INFO - [2025-03-19T00:07:27.887+0000] {dag.py:3239} INFO - Sync 1 DAGs
[2025-03-19T00:07:27.897+0000] {logging_mixin.py:190} INFO - [2025-03-19T00:07:27.897+0000] {dag.py:4180} INFO - Setting next_dagrun for example_bash_operator to 2025-03-18 00:00:00+00:00, run_after=2025-03-19 00:00:00+00:00
[2025-03-19T00:07:27.909+0000] {processor.py:208} INFO - Processing /home/airflow/.local/lib/python3.12/site-packages/airflow/example_dags/example_bash_operator.py took 0.042 seconds
[2025-03-19T00:07:59.111+0000] {processor.py:186} INFO - Started process (PID=17759) to work on /home/airflow/.local/lib/python3.12/site-packages/airflow/example_dags/example_bash_operator.py
[2025-03-19T00:07:59.111+0000] {processor.py:914} INFO - Processing file /home/airflow/.local/lib/python3.12/site-packages/airflow/example_dags/example_bash_operator.py for tasks to queue
[2025-03-19T00:07:59.113+0000] {logging_mixin.py:190} INFO - [2025-03-19T00:07:59.113+0000] {dagbag.py:588} INFO - Filling up the DagBag from /home/airflow/.local/lib/python3.12/site-packages/airflow/example_dags/example_bash_operator.py
[2025-03-19T00:07:59.119+0000] {processor.py:925} INFO - DAG(s) 'example_bash_operator' retrieved from /home/airflow/.local/lib/python3.12/site-packages/airflow/example_dags/example_bash_operator.py
[2025-03-19T00:07:59.133+0000] {logging_mixin.py:190} INFO - [2025-03-19T00:07:59.133+0000] {dag.py:3239} INFO - Sync 1 DAGs
[2025-03-19T00:07:59.144+0000] {logging_mixin.py:190} INFO - [2025-03-19T00:07:59.144+0000] {dag.py:4180} INFO - Setting next_dagrun for example_bash_operator to 2025-03-18 00:00:00+00:00, run_after=2025-03-19 00:00:00+00:00
[2025-03-19T00:07:59.153+0000] {processor.py:208} INFO - Processing /home/airflow/.local/lib/python3.12/site-packages/airflow/example_dags/example_bash_operator.py took 0.045 seconds
