[2025-03-19T00:00:12.504+0000] {processor.py:186} INFO - Started process (PID=16824) to work on /home/airflow/.local/lib/python3.12/site-packages/airflow/example_dags/example_display_name.py
[2025-03-19T00:00:12.504+0000] {processor.py:914} INFO - Processing file /home/airflow/.local/lib/python3.12/site-packages/airflow/example_dags/example_display_name.py for tasks to queue
[2025-03-19T00:00:12.505+0000] {logging_mixin.py:190} INFO - [2025-03-19T00:00:12.505+0000] {dagbag.py:588} INFO - Filling up the DagBag from /home/airflow/.local/lib/python3.12/site-packages/airflow/example_dags/example_display_name.py
[2025-03-19T00:00:12.511+0000] {processor.py:925} INFO - DAG(s) 'example_display_name' retrieved from /home/airflow/.local/lib/python3.12/site-packages/airflow/example_dags/example_display_name.py
[2025-03-19T00:00:12.520+0000] {logging_mixin.py:190} INFO - [2025-03-19T00:00:12.520+0000] {dag.py:3239} INFO - Sync 1 DAGs
[2025-03-19T00:00:12.526+0000] {logging_mixin.py:190} INFO - [2025-03-19T00:00:12.525+0000] {dag.py:4180} INFO - Setting next_dagrun for example_display_name to None, run_after=None
[2025-03-19T00:00:12.532+0000] {processor.py:208} INFO - Processing /home/airflow/.local/lib/python3.12/site-packages/airflow/example_dags/example_display_name.py took 0.031 seconds
[2025-03-19T00:00:43.625+0000] {processor.py:186} INFO - Started process (PID=16887) to work on /home/airflow/.local/lib/python3.12/site-packages/airflow/example_dags/example_display_name.py
[2025-03-19T00:00:43.625+0000] {processor.py:914} INFO - Processing file /home/airflow/.local/lib/python3.12/site-packages/airflow/example_dags/example_display_name.py for tasks to queue
[2025-03-19T00:00:43.626+0000] {logging_mixin.py:190} INFO - [2025-03-19T00:00:43.626+0000] {dagbag.py:588} INFO - Filling up the DagBag from /home/airflow/.local/lib/python3.12/site-packages/airflow/example_dags/example_display_name.py
[2025-03-19T00:00:43.631+0000] {processor.py:925} INFO - DAG(s) 'example_display_name' retrieved from /home/airflow/.local/lib/python3.12/site-packages/airflow/example_dags/example_display_name.py
[2025-03-19T00:00:43.639+0000] {logging_mixin.py:190} INFO - [2025-03-19T00:00:43.638+0000] {dag.py:3239} INFO - Sync 1 DAGs
[2025-03-19T00:00:43.644+0000] {logging_mixin.py:190} INFO - [2025-03-19T00:00:43.644+0000] {dag.py:4180} INFO - Setting next_dagrun for example_display_name to None, run_after=None
[2025-03-19T00:00:43.652+0000] {processor.py:208} INFO - Processing /home/airflow/.local/lib/python3.12/site-packages/airflow/example_dags/example_display_name.py took 0.030 seconds
[2025-03-19T00:01:14.648+0000] {processor.py:186} INFO - Started process (PID=16950) to work on /home/airflow/.local/lib/python3.12/site-packages/airflow/example_dags/example_display_name.py
[2025-03-19T00:01:14.649+0000] {processor.py:914} INFO - Processing file /home/airflow/.local/lib/python3.12/site-packages/airflow/example_dags/example_display_name.py for tasks to queue
[2025-03-19T00:01:14.650+0000] {logging_mixin.py:190} INFO - [2025-03-19T00:01:14.650+0000] {dagbag.py:588} INFO - Filling up the DagBag from /home/airflow/.local/lib/python3.12/site-packages/airflow/example_dags/example_display_name.py
[2025-03-19T00:01:14.653+0000] {processor.py:925} INFO - DAG(s) 'example_display_name' retrieved from /home/airflow/.local/lib/python3.12/site-packages/airflow/example_dags/example_display_name.py
[2025-03-19T00:01:14.663+0000] {logging_mixin.py:190} INFO - [2025-03-19T00:01:14.663+0000] {dag.py:3239} INFO - Sync 1 DAGs
[2025-03-19T00:01:14.669+0000] {logging_mixin.py:190} INFO - [2025-03-19T00:01:14.669+0000] {dag.py:4180} INFO - Setting next_dagrun for example_display_name to None, run_after=None
[2025-03-19T00:01:14.677+0000] {processor.py:208} INFO - Processing /home/airflow/.local/lib/python3.12/site-packages/airflow/example_dags/example_display_name.py took 0.031 seconds
[2025-03-19T00:01:45.709+0000] {processor.py:186} INFO - Started process (PID=17013) to work on /home/airflow/.local/lib/python3.12/site-packages/airflow/example_dags/example_display_name.py
[2025-03-19T00:01:45.710+0000] {processor.py:914} INFO - Processing file /home/airflow/.local/lib/python3.12/site-packages/airflow/example_dags/example_display_name.py for tasks to queue
[2025-03-19T00:01:45.711+0000] {logging_mixin.py:190} INFO - [2025-03-19T00:01:45.711+0000] {dagbag.py:588} INFO - Filling up the DagBag from /home/airflow/.local/lib/python3.12/site-packages/airflow/example_dags/example_display_name.py
[2025-03-19T00:01:45.714+0000] {processor.py:925} INFO - DAG(s) 'example_display_name' retrieved from /home/airflow/.local/lib/python3.12/site-packages/airflow/example_dags/example_display_name.py
[2025-03-19T00:01:45.721+0000] {logging_mixin.py:190} INFO - [2025-03-19T00:01:45.721+0000] {dag.py:3239} INFO - Sync 1 DAGs
[2025-03-19T00:01:45.726+0000] {logging_mixin.py:190} INFO - [2025-03-19T00:01:45.726+0000] {dag.py:4180} INFO - Setting next_dagrun for example_display_name to None, run_after=None
[2025-03-19T00:01:45.733+0000] {processor.py:208} INFO - Processing /home/airflow/.local/lib/python3.12/site-packages/airflow/example_dags/example_display_name.py took 0.026 seconds
[2025-03-19T00:02:16.825+0000] {processor.py:186} INFO - Started process (PID=17076) to work on /home/airflow/.local/lib/python3.12/site-packages/airflow/example_dags/example_display_name.py
[2025-03-19T00:02:16.826+0000] {processor.py:914} INFO - Processing file /home/airflow/.local/lib/python3.12/site-packages/airflow/example_dags/example_display_name.py for tasks to queue
[2025-03-19T00:02:16.827+0000] {logging_mixin.py:190} INFO - [2025-03-19T00:02:16.827+0000] {dagbag.py:588} INFO - Filling up the DagBag from /home/airflow/.local/lib/python3.12/site-packages/airflow/example_dags/example_display_name.py
[2025-03-19T00:02:16.831+0000] {processor.py:925} INFO - DAG(s) 'example_display_name' retrieved from /home/airflow/.local/lib/python3.12/site-packages/airflow/example_dags/example_display_name.py
[2025-03-19T00:02:16.841+0000] {logging_mixin.py:190} INFO - [2025-03-19T00:02:16.841+0000] {dag.py:3239} INFO - Sync 1 DAGs
[2025-03-19T00:02:16.846+0000] {logging_mixin.py:190} INFO - [2025-03-19T00:02:16.846+0000] {dag.py:4180} INFO - Setting next_dagrun for example_display_name to None, run_after=None
[2025-03-19T00:02:16.858+0000] {processor.py:208} INFO - Processing /home/airflow/.local/lib/python3.12/site-packages/airflow/example_dags/example_display_name.py took 0.036 seconds
[2025-03-19T00:02:47.971+0000] {processor.py:186} INFO - Started process (PID=17139) to work on /home/airflow/.local/lib/python3.12/site-packages/airflow/example_dags/example_display_name.py
[2025-03-19T00:02:47.971+0000] {processor.py:914} INFO - Processing file /home/airflow/.local/lib/python3.12/site-packages/airflow/example_dags/example_display_name.py for tasks to queue
[2025-03-19T00:02:47.972+0000] {logging_mixin.py:190} INFO - [2025-03-19T00:02:47.972+0000] {dagbag.py:588} INFO - Filling up the DagBag from /home/airflow/.local/lib/python3.12/site-packages/airflow/example_dags/example_display_name.py
[2025-03-19T00:02:47.976+0000] {processor.py:925} INFO - DAG(s) 'example_display_name' retrieved from /home/airflow/.local/lib/python3.12/site-packages/airflow/example_dags/example_display_name.py
[2025-03-19T00:02:47.986+0000] {logging_mixin.py:190} INFO - [2025-03-19T00:02:47.986+0000] {dag.py:3239} INFO - Sync 1 DAGs
[2025-03-19T00:02:47.991+0000] {logging_mixin.py:190} INFO - [2025-03-19T00:02:47.991+0000] {dag.py:4180} INFO - Setting next_dagrun for example_display_name to None, run_after=None
[2025-03-19T00:02:48.001+0000] {processor.py:208} INFO - Processing /home/airflow/.local/lib/python3.12/site-packages/airflow/example_dags/example_display_name.py took 0.033 seconds
[2025-03-19T00:03:19.092+0000] {processor.py:186} INFO - Started process (PID=17202) to work on /home/airflow/.local/lib/python3.12/site-packages/airflow/example_dags/example_display_name.py
[2025-03-19T00:03:19.092+0000] {processor.py:914} INFO - Processing file /home/airflow/.local/lib/python3.12/site-packages/airflow/example_dags/example_display_name.py for tasks to queue
[2025-03-19T00:03:19.094+0000] {logging_mixin.py:190} INFO - [2025-03-19T00:03:19.094+0000] {dagbag.py:588} INFO - Filling up the DagBag from /home/airflow/.local/lib/python3.12/site-packages/airflow/example_dags/example_display_name.py
[2025-03-19T00:03:19.097+0000] {processor.py:925} INFO - DAG(s) 'example_display_name' retrieved from /home/airflow/.local/lib/python3.12/site-packages/airflow/example_dags/example_display_name.py
[2025-03-19T00:03:19.104+0000] {logging_mixin.py:190} INFO - [2025-03-19T00:03:19.104+0000] {dag.py:3239} INFO - Sync 1 DAGs
[2025-03-19T00:03:19.109+0000] {logging_mixin.py:190} INFO - [2025-03-19T00:03:19.109+0000] {dag.py:4180} INFO - Setting next_dagrun for example_display_name to None, run_after=None
[2025-03-19T00:03:19.119+0000] {processor.py:208} INFO - Processing /home/airflow/.local/lib/python3.12/site-packages/airflow/example_dags/example_display_name.py took 0.029 seconds
[2025-03-19T00:03:50.216+0000] {processor.py:186} INFO - Started process (PID=17265) to work on /home/airflow/.local/lib/python3.12/site-packages/airflow/example_dags/example_display_name.py
[2025-03-19T00:03:50.216+0000] {processor.py:914} INFO - Processing file /home/airflow/.local/lib/python3.12/site-packages/airflow/example_dags/example_display_name.py for tasks to queue
[2025-03-19T00:03:50.217+0000] {logging_mixin.py:190} INFO - [2025-03-19T00:03:50.217+0000] {dagbag.py:588} INFO - Filling up the DagBag from /home/airflow/.local/lib/python3.12/site-packages/airflow/example_dags/example_display_name.py
[2025-03-19T00:03:50.220+0000] {processor.py:925} INFO - DAG(s) 'example_display_name' retrieved from /home/airflow/.local/lib/python3.12/site-packages/airflow/example_dags/example_display_name.py
[2025-03-19T00:03:50.227+0000] {logging_mixin.py:190} INFO - [2025-03-19T00:03:50.227+0000] {dag.py:3239} INFO - Sync 1 DAGs
[2025-03-19T00:03:50.232+0000] {logging_mixin.py:190} INFO - [2025-03-19T00:03:50.232+0000] {dag.py:4180} INFO - Setting next_dagrun for example_display_name to None, run_after=None
[2025-03-19T00:03:50.241+0000] {processor.py:208} INFO - Processing /home/airflow/.local/lib/python3.12/site-packages/airflow/example_dags/example_display_name.py took 0.027 seconds
[2025-03-19T00:04:21.175+0000] {processor.py:186} INFO - Started process (PID=17328) to work on /home/airflow/.local/lib/python3.12/site-packages/airflow/example_dags/example_display_name.py
[2025-03-19T00:04:21.178+0000] {processor.py:914} INFO - Processing file /home/airflow/.local/lib/python3.12/site-packages/airflow/example_dags/example_display_name.py for tasks to queue
[2025-03-19T00:04:21.179+0000] {logging_mixin.py:190} INFO - [2025-03-19T00:04:21.179+0000] {dagbag.py:588} INFO - Filling up the DagBag from /home/airflow/.local/lib/python3.12/site-packages/airflow/example_dags/example_display_name.py
[2025-03-19T00:04:21.182+0000] {processor.py:925} INFO - DAG(s) 'example_display_name' retrieved from /home/airflow/.local/lib/python3.12/site-packages/airflow/example_dags/example_display_name.py
[2025-03-19T00:04:21.193+0000] {logging_mixin.py:190} INFO - [2025-03-19T00:04:21.193+0000] {dag.py:3239} INFO - Sync 1 DAGs
[2025-03-19T00:04:21.198+0000] {logging_mixin.py:190} INFO - [2025-03-19T00:04:21.198+0000] {dag.py:4180} INFO - Setting next_dagrun for example_display_name to None, run_after=None
[2025-03-19T00:04:21.209+0000] {processor.py:208} INFO - Processing /home/airflow/.local/lib/python3.12/site-packages/airflow/example_dags/example_display_name.py took 0.037 seconds
[2025-03-19T00:04:52.240+0000] {processor.py:186} INFO - Started process (PID=17391) to work on /home/airflow/.local/lib/python3.12/site-packages/airflow/example_dags/example_display_name.py
[2025-03-19T00:04:52.242+0000] {processor.py:914} INFO - Processing file /home/airflow/.local/lib/python3.12/site-packages/airflow/example_dags/example_display_name.py for tasks to queue
[2025-03-19T00:04:52.242+0000] {logging_mixin.py:190} INFO - [2025-03-19T00:04:52.242+0000] {dagbag.py:588} INFO - Filling up the DagBag from /home/airflow/.local/lib/python3.12/site-packages/airflow/example_dags/example_display_name.py
[2025-03-19T00:04:52.246+0000] {processor.py:925} INFO - DAG(s) 'example_display_name' retrieved from /home/airflow/.local/lib/python3.12/site-packages/airflow/example_dags/example_display_name.py
[2025-03-19T00:04:52.256+0000] {logging_mixin.py:190} INFO - [2025-03-19T00:04:52.256+0000] {dag.py:3239} INFO - Sync 1 DAGs
[2025-03-19T00:04:52.263+0000] {logging_mixin.py:190} INFO - [2025-03-19T00:04:52.263+0000] {dag.py:4180} INFO - Setting next_dagrun for example_display_name to None, run_after=None
[2025-03-19T00:04:52.275+0000] {processor.py:208} INFO - Processing /home/airflow/.local/lib/python3.12/site-packages/airflow/example_dags/example_display_name.py took 0.038 seconds
[2025-03-19T00:05:23.380+0000] {processor.py:186} INFO - Started process (PID=17454) to work on /home/airflow/.local/lib/python3.12/site-packages/airflow/example_dags/example_display_name.py
[2025-03-19T00:05:23.381+0000] {processor.py:914} INFO - Processing file /home/airflow/.local/lib/python3.12/site-packages/airflow/example_dags/example_display_name.py for tasks to queue
[2025-03-19T00:05:23.382+0000] {logging_mixin.py:190} INFO - [2025-03-19T00:05:23.382+0000] {dagbag.py:588} INFO - Filling up the DagBag from /home/airflow/.local/lib/python3.12/site-packages/airflow/example_dags/example_display_name.py
[2025-03-19T00:05:23.385+0000] {processor.py:925} INFO - DAG(s) 'example_display_name' retrieved from /home/airflow/.local/lib/python3.12/site-packages/airflow/example_dags/example_display_name.py
[2025-03-19T00:05:23.392+0000] {logging_mixin.py:190} INFO - [2025-03-19T00:05:23.392+0000] {dag.py:3239} INFO - Sync 1 DAGs
[2025-03-19T00:05:23.396+0000] {logging_mixin.py:190} INFO - [2025-03-19T00:05:23.396+0000] {dag.py:4180} INFO - Setting next_dagrun for example_display_name to None, run_after=None
[2025-03-19T00:05:23.404+0000] {processor.py:208} INFO - Processing /home/airflow/.local/lib/python3.12/site-packages/airflow/example_dags/example_display_name.py took 0.026 seconds
[2025-03-19T00:05:54.582+0000] {processor.py:186} INFO - Started process (PID=17517) to work on /home/airflow/.local/lib/python3.12/site-packages/airflow/example_dags/example_display_name.py
[2025-03-19T00:05:54.584+0000] {processor.py:914} INFO - Processing file /home/airflow/.local/lib/python3.12/site-packages/airflow/example_dags/example_display_name.py for tasks to queue
[2025-03-19T00:05:54.585+0000] {logging_mixin.py:190} INFO - [2025-03-19T00:05:54.585+0000] {dagbag.py:588} INFO - Filling up the DagBag from /home/airflow/.local/lib/python3.12/site-packages/airflow/example_dags/example_display_name.py
[2025-03-19T00:05:54.589+0000] {processor.py:925} INFO - DAG(s) 'example_display_name' retrieved from /home/airflow/.local/lib/python3.12/site-packages/airflow/example_dags/example_display_name.py
[2025-03-19T00:05:54.597+0000] {logging_mixin.py:190} INFO - [2025-03-19T00:05:54.597+0000] {dag.py:3239} INFO - Sync 1 DAGs
[2025-03-19T00:05:54.602+0000] {logging_mixin.py:190} INFO - [2025-03-19T00:05:54.602+0000] {dag.py:4180} INFO - Setting next_dagrun for example_display_name to None, run_after=None
[2025-03-19T00:05:54.607+0000] {processor.py:208} INFO - Processing /home/airflow/.local/lib/python3.12/site-packages/airflow/example_dags/example_display_name.py took 0.028 seconds
[2025-03-19T00:06:25.764+0000] {processor.py:186} INFO - Started process (PID=17580) to work on /home/airflow/.local/lib/python3.12/site-packages/airflow/example_dags/example_display_name.py
[2025-03-19T00:06:25.765+0000] {processor.py:914} INFO - Processing file /home/airflow/.local/lib/python3.12/site-packages/airflow/example_dags/example_display_name.py for tasks to queue
[2025-03-19T00:06:25.765+0000] {logging_mixin.py:190} INFO - [2025-03-19T00:06:25.765+0000] {dagbag.py:588} INFO - Filling up the DagBag from /home/airflow/.local/lib/python3.12/site-packages/airflow/example_dags/example_display_name.py
[2025-03-19T00:06:25.769+0000] {processor.py:925} INFO - DAG(s) 'example_display_name' retrieved from /home/airflow/.local/lib/python3.12/site-packages/airflow/example_dags/example_display_name.py
[2025-03-19T00:06:25.779+0000] {logging_mixin.py:190} INFO - [2025-03-19T00:06:25.779+0000] {dag.py:3239} INFO - Sync 1 DAGs
[2025-03-19T00:06:25.785+0000] {logging_mixin.py:190} INFO - [2025-03-19T00:06:25.785+0000] {dag.py:4180} INFO - Setting next_dagrun for example_display_name to None, run_after=None
[2025-03-19T00:06:25.793+0000] {processor.py:208} INFO - Processing /home/airflow/.local/lib/python3.12/site-packages/airflow/example_dags/example_display_name.py took 0.032 seconds
[2025-03-19T00:06:56.845+0000] {processor.py:186} INFO - Started process (PID=17643) to work on /home/airflow/.local/lib/python3.12/site-packages/airflow/example_dags/example_display_name.py
[2025-03-19T00:06:56.845+0000] {processor.py:914} INFO - Processing file /home/airflow/.local/lib/python3.12/site-packages/airflow/example_dags/example_display_name.py for tasks to queue
[2025-03-19T00:06:56.847+0000] {logging_mixin.py:190} INFO - [2025-03-19T00:06:56.846+0000] {dagbag.py:588} INFO - Filling up the DagBag from /home/airflow/.local/lib/python3.12/site-packages/airflow/example_dags/example_display_name.py
[2025-03-19T00:06:56.850+0000] {processor.py:925} INFO - DAG(s) 'example_display_name' retrieved from /home/airflow/.local/lib/python3.12/site-packages/airflow/example_dags/example_display_name.py
[2025-03-19T00:06:56.860+0000] {logging_mixin.py:190} INFO - [2025-03-19T00:06:56.860+0000] {dag.py:3239} INFO - Sync 1 DAGs
[2025-03-19T00:06:56.865+0000] {logging_mixin.py:190} INFO - [2025-03-19T00:06:56.865+0000] {dag.py:4180} INFO - Setting next_dagrun for example_display_name to None, run_after=None
[2025-03-19T00:06:56.874+0000] {processor.py:208} INFO - Processing /home/airflow/.local/lib/python3.12/site-packages/airflow/example_dags/example_display_name.py took 0.031 seconds
[2025-03-19T00:07:28.093+0000] {processor.py:186} INFO - Started process (PID=17706) to work on /home/airflow/.local/lib/python3.12/site-packages/airflow/example_dags/example_display_name.py
[2025-03-19T00:07:28.093+0000] {processor.py:914} INFO - Processing file /home/airflow/.local/lib/python3.12/site-packages/airflow/example_dags/example_display_name.py for tasks to queue
[2025-03-19T00:07:28.094+0000] {logging_mixin.py:190} INFO - [2025-03-19T00:07:28.094+0000] {dagbag.py:588} INFO - Filling up the DagBag from /home/airflow/.local/lib/python3.12/site-packages/airflow/example_dags/example_display_name.py
[2025-03-19T00:07:28.098+0000] {processor.py:925} INFO - DAG(s) 'example_display_name' retrieved from /home/airflow/.local/lib/python3.12/site-packages/airflow/example_dags/example_display_name.py
[2025-03-19T00:07:28.107+0000] {logging_mixin.py:190} INFO - [2025-03-19T00:07:28.107+0000] {dag.py:3239} INFO - Sync 1 DAGs
[2025-03-19T00:07:28.113+0000] {logging_mixin.py:190} INFO - [2025-03-19T00:07:28.113+0000] {dag.py:4180} INFO - Setting next_dagrun for example_display_name to None, run_after=None
[2025-03-19T00:07:28.119+0000] {processor.py:208} INFO - Processing /home/airflow/.local/lib/python3.12/site-packages/airflow/example_dags/example_display_name.py took 0.028 seconds
[2025-03-19T00:07:59.405+0000] {processor.py:186} INFO - Started process (PID=17769) to work on /home/airflow/.local/lib/python3.12/site-packages/airflow/example_dags/example_display_name.py
[2025-03-19T00:07:59.406+0000] {processor.py:914} INFO - Processing file /home/airflow/.local/lib/python3.12/site-packages/airflow/example_dags/example_display_name.py for tasks to queue
[2025-03-19T00:07:59.407+0000] {logging_mixin.py:190} INFO - [2025-03-19T00:07:59.407+0000] {dagbag.py:588} INFO - Filling up the DagBag from /home/airflow/.local/lib/python3.12/site-packages/airflow/example_dags/example_display_name.py
[2025-03-19T00:07:59.411+0000] {processor.py:925} INFO - DAG(s) 'example_display_name' retrieved from /home/airflow/.local/lib/python3.12/site-packages/airflow/example_dags/example_display_name.py
[2025-03-19T00:07:59.419+0000] {logging_mixin.py:190} INFO - [2025-03-19T00:07:59.419+0000] {dag.py:3239} INFO - Sync 1 DAGs
[2025-03-19T00:07:59.424+0000] {logging_mixin.py:190} INFO - [2025-03-19T00:07:59.424+0000] {dag.py:4180} INFO - Setting next_dagrun for example_display_name to None, run_after=None
[2025-03-19T00:07:59.430+0000] {processor.py:208} INFO - Processing /home/airflow/.local/lib/python3.12/site-packages/airflow/example_dags/example_display_name.py took 0.027 seconds
