[2025-03-19T00:00:03.228+0000] {processor.py:186} INFO - Started process (PID=16788) to work on /home/airflow/.local/lib/python3.12/site-packages/airflow/example_dags/example_python_operator.py
[2025-03-19T00:00:03.228+0000] {processor.py:914} INFO - Processing file /home/airflow/.local/lib/python3.12/site-packages/airflow/example_dags/example_python_operator.py for tasks to queue
[2025-03-19T00:00:03.230+0000] {logging_mixin.py:190} INFO - [2025-03-19T00:00:03.229+0000] {dagbag.py:588} INFO - Filling up the DagBag from /home/airflow/.local/lib/python3.12/site-packages/airflow/example_dags/example_python_operator.py
[2025-03-19T00:00:03.235+0000] {processor.py:925} INFO - DAG(s) 'example_python_operator' retrieved from /home/airflow/.local/lib/python3.12/site-packages/airflow/example_dags/example_python_operator.py
[2025-03-19T00:00:03.245+0000] {logging_mixin.py:190} INFO - [2025-03-19T00:00:03.244+0000] {dag.py:3239} INFO - Sync 1 DAGs
[2025-03-19T00:00:03.250+0000] {logging_mixin.py:190} INFO - [2025-03-19T00:00:03.250+0000] {dag.py:4180} INFO - Setting next_dagrun for example_python_operator to None, run_after=None
[2025-03-19T00:00:03.255+0000] {processor.py:208} INFO - Processing /home/airflow/.local/lib/python3.12/site-packages/airflow/example_dags/example_python_operator.py took 0.031 seconds
[2025-03-19T00:00:33.407+0000] {processor.py:186} INFO - Started process (PID=16851) to work on /home/airflow/.local/lib/python3.12/site-packages/airflow/example_dags/example_python_operator.py
[2025-03-19T00:00:33.407+0000] {processor.py:914} INFO - Processing file /home/airflow/.local/lib/python3.12/site-packages/airflow/example_dags/example_python_operator.py for tasks to queue
[2025-03-19T00:00:33.408+0000] {logging_mixin.py:190} INFO - [2025-03-19T00:00:33.408+0000] {dagbag.py:588} INFO - Filling up the DagBag from /home/airflow/.local/lib/python3.12/site-packages/airflow/example_dags/example_python_operator.py
[2025-03-19T00:00:33.414+0000] {processor.py:925} INFO - DAG(s) 'example_python_operator' retrieved from /home/airflow/.local/lib/python3.12/site-packages/airflow/example_dags/example_python_operator.py
[2025-03-19T00:00:33.427+0000] {logging_mixin.py:190} INFO - [2025-03-19T00:00:33.427+0000] {dag.py:3239} INFO - Sync 1 DAGs
[2025-03-19T00:00:33.434+0000] {logging_mixin.py:190} INFO - [2025-03-19T00:00:33.434+0000] {dag.py:4180} INFO - Setting next_dagrun for example_python_operator to None, run_after=None
[2025-03-19T00:00:33.446+0000] {processor.py:208} INFO - Processing /home/airflow/.local/lib/python3.12/site-packages/airflow/example_dags/example_python_operator.py took 0.042 seconds
[2025-03-19T00:01:03.523+0000] {processor.py:186} INFO - Started process (PID=16914) to work on /home/airflow/.local/lib/python3.12/site-packages/airflow/example_dags/example_python_operator.py
[2025-03-19T00:01:03.524+0000] {processor.py:914} INFO - Processing file /home/airflow/.local/lib/python3.12/site-packages/airflow/example_dags/example_python_operator.py for tasks to queue
[2025-03-19T00:01:03.525+0000] {logging_mixin.py:190} INFO - [2025-03-19T00:01:03.525+0000] {dagbag.py:588} INFO - Filling up the DagBag from /home/airflow/.local/lib/python3.12/site-packages/airflow/example_dags/example_python_operator.py
[2025-03-19T00:01:03.530+0000] {processor.py:925} INFO - DAG(s) 'example_python_operator' retrieved from /home/airflow/.local/lib/python3.12/site-packages/airflow/example_dags/example_python_operator.py
[2025-03-19T00:01:03.544+0000] {logging_mixin.py:190} INFO - [2025-03-19T00:01:03.543+0000] {dag.py:3239} INFO - Sync 1 DAGs
[2025-03-19T00:01:03.550+0000] {logging_mixin.py:190} INFO - [2025-03-19T00:01:03.550+0000] {dag.py:4180} INFO - Setting next_dagrun for example_python_operator to None, run_after=None
[2025-03-19T00:01:03.558+0000] {processor.py:208} INFO - Processing /home/airflow/.local/lib/python3.12/site-packages/airflow/example_dags/example_python_operator.py took 0.038 seconds
[2025-03-19T00:01:34.568+0000] {processor.py:186} INFO - Started process (PID=16977) to work on /home/airflow/.local/lib/python3.12/site-packages/airflow/example_dags/example_python_operator.py
[2025-03-19T00:01:34.568+0000] {processor.py:914} INFO - Processing file /home/airflow/.local/lib/python3.12/site-packages/airflow/example_dags/example_python_operator.py for tasks to queue
[2025-03-19T00:01:34.569+0000] {logging_mixin.py:190} INFO - [2025-03-19T00:01:34.569+0000] {dagbag.py:588} INFO - Filling up the DagBag from /home/airflow/.local/lib/python3.12/site-packages/airflow/example_dags/example_python_operator.py
[2025-03-19T00:01:34.579+0000] {processor.py:925} INFO - DAG(s) 'example_python_operator' retrieved from /home/airflow/.local/lib/python3.12/site-packages/airflow/example_dags/example_python_operator.py
[2025-03-19T00:01:34.590+0000] {logging_mixin.py:190} INFO - [2025-03-19T00:01:34.590+0000] {dag.py:3239} INFO - Sync 1 DAGs
[2025-03-19T00:01:34.596+0000] {logging_mixin.py:190} INFO - [2025-03-19T00:01:34.596+0000] {dag.py:4180} INFO - Setting next_dagrun for example_python_operator to None, run_after=None
[2025-03-19T00:01:34.604+0000] {processor.py:208} INFO - Processing /home/airflow/.local/lib/python3.12/site-packages/airflow/example_dags/example_python_operator.py took 0.039 seconds
[2025-03-19T00:02:05.585+0000] {processor.py:186} INFO - Started process (PID=17040) to work on /home/airflow/.local/lib/python3.12/site-packages/airflow/example_dags/example_python_operator.py
[2025-03-19T00:02:05.588+0000] {processor.py:914} INFO - Processing file /home/airflow/.local/lib/python3.12/site-packages/airflow/example_dags/example_python_operator.py for tasks to queue
[2025-03-19T00:02:05.589+0000] {logging_mixin.py:190} INFO - [2025-03-19T00:02:05.589+0000] {dagbag.py:588} INFO - Filling up the DagBag from /home/airflow/.local/lib/python3.12/site-packages/airflow/example_dags/example_python_operator.py
[2025-03-19T00:02:05.595+0000] {processor.py:925} INFO - DAG(s) 'example_python_operator' retrieved from /home/airflow/.local/lib/python3.12/site-packages/airflow/example_dags/example_python_operator.py
[2025-03-19T00:02:05.609+0000] {logging_mixin.py:190} INFO - [2025-03-19T00:02:05.609+0000] {dag.py:3239} INFO - Sync 1 DAGs
[2025-03-19T00:02:05.615+0000] {logging_mixin.py:190} INFO - [2025-03-19T00:02:05.615+0000] {dag.py:4180} INFO - Setting next_dagrun for example_python_operator to None, run_after=None
[2025-03-19T00:02:05.625+0000] {processor.py:208} INFO - Processing /home/airflow/.local/lib/python3.12/site-packages/airflow/example_dags/example_python_operator.py took 0.042 seconds
[2025-03-19T00:02:35.717+0000] {processor.py:186} INFO - Started process (PID=17103) to work on /home/airflow/.local/lib/python3.12/site-packages/airflow/example_dags/example_python_operator.py
[2025-03-19T00:02:35.718+0000] {processor.py:914} INFO - Processing file /home/airflow/.local/lib/python3.12/site-packages/airflow/example_dags/example_python_operator.py for tasks to queue
[2025-03-19T00:02:35.719+0000] {logging_mixin.py:190} INFO - [2025-03-19T00:02:35.718+0000] {dagbag.py:588} INFO - Filling up the DagBag from /home/airflow/.local/lib/python3.12/site-packages/airflow/example_dags/example_python_operator.py
[2025-03-19T00:02:35.724+0000] {processor.py:925} INFO - DAG(s) 'example_python_operator' retrieved from /home/airflow/.local/lib/python3.12/site-packages/airflow/example_dags/example_python_operator.py
[2025-03-19T00:02:35.732+0000] {logging_mixin.py:190} INFO - [2025-03-19T00:02:35.732+0000] {dag.py:3239} INFO - Sync 1 DAGs
[2025-03-19T00:02:35.737+0000] {logging_mixin.py:190} INFO - [2025-03-19T00:02:35.737+0000] {dag.py:4180} INFO - Setting next_dagrun for example_python_operator to None, run_after=None
[2025-03-19T00:02:35.743+0000] {processor.py:208} INFO - Processing /home/airflow/.local/lib/python3.12/site-packages/airflow/example_dags/example_python_operator.py took 0.028 seconds
[2025-03-19T00:03:05.878+0000] {processor.py:186} INFO - Started process (PID=17166) to work on /home/airflow/.local/lib/python3.12/site-packages/airflow/example_dags/example_python_operator.py
[2025-03-19T00:03:05.878+0000] {processor.py:914} INFO - Processing file /home/airflow/.local/lib/python3.12/site-packages/airflow/example_dags/example_python_operator.py for tasks to queue
[2025-03-19T00:03:05.879+0000] {logging_mixin.py:190} INFO - [2025-03-19T00:03:05.879+0000] {dagbag.py:588} INFO - Filling up the DagBag from /home/airflow/.local/lib/python3.12/site-packages/airflow/example_dags/example_python_operator.py
[2025-03-19T00:03:05.885+0000] {processor.py:925} INFO - DAG(s) 'example_python_operator' retrieved from /home/airflow/.local/lib/python3.12/site-packages/airflow/example_dags/example_python_operator.py
[2025-03-19T00:03:05.893+0000] {logging_mixin.py:190} INFO - [2025-03-19T00:03:05.893+0000] {dag.py:3239} INFO - Sync 1 DAGs
[2025-03-19T00:03:05.898+0000] {logging_mixin.py:190} INFO - [2025-03-19T00:03:05.898+0000] {dag.py:4180} INFO - Setting next_dagrun for example_python_operator to None, run_after=None
[2025-03-19T00:03:05.904+0000] {processor.py:208} INFO - Processing /home/airflow/.local/lib/python3.12/site-packages/airflow/example_dags/example_python_operator.py took 0.028 seconds
[2025-03-19T00:03:36.020+0000] {processor.py:186} INFO - Started process (PID=17229) to work on /home/airflow/.local/lib/python3.12/site-packages/airflow/example_dags/example_python_operator.py
[2025-03-19T00:03:36.020+0000] {processor.py:914} INFO - Processing file /home/airflow/.local/lib/python3.12/site-packages/airflow/example_dags/example_python_operator.py for tasks to queue
[2025-03-19T00:03:36.021+0000] {logging_mixin.py:190} INFO - [2025-03-19T00:03:36.021+0000] {dagbag.py:588} INFO - Filling up the DagBag from /home/airflow/.local/lib/python3.12/site-packages/airflow/example_dags/example_python_operator.py
[2025-03-19T00:03:36.027+0000] {processor.py:925} INFO - DAG(s) 'example_python_operator' retrieved from /home/airflow/.local/lib/python3.12/site-packages/airflow/example_dags/example_python_operator.py
[2025-03-19T00:03:36.037+0000] {logging_mixin.py:190} INFO - [2025-03-19T00:03:36.037+0000] {dag.py:3239} INFO - Sync 1 DAGs
[2025-03-19T00:03:36.042+0000] {logging_mixin.py:190} INFO - [2025-03-19T00:03:36.042+0000] {dag.py:4180} INFO - Setting next_dagrun for example_python_operator to None, run_after=None
[2025-03-19T00:03:36.049+0000] {processor.py:208} INFO - Processing /home/airflow/.local/lib/python3.12/site-packages/airflow/example_dags/example_python_operator.py took 0.032 seconds
[2025-03-19T00:04:07.089+0000] {processor.py:186} INFO - Started process (PID=17298) to work on /home/airflow/.local/lib/python3.12/site-packages/airflow/example_dags/example_python_operator.py
[2025-03-19T00:04:07.090+0000] {processor.py:914} INFO - Processing file /home/airflow/.local/lib/python3.12/site-packages/airflow/example_dags/example_python_operator.py for tasks to queue
[2025-03-19T00:04:07.091+0000] {logging_mixin.py:190} INFO - [2025-03-19T00:04:07.091+0000] {dagbag.py:588} INFO - Filling up the DagBag from /home/airflow/.local/lib/python3.12/site-packages/airflow/example_dags/example_python_operator.py
[2025-03-19T00:04:07.096+0000] {processor.py:925} INFO - DAG(s) 'example_python_operator' retrieved from /home/airflow/.local/lib/python3.12/site-packages/airflow/example_dags/example_python_operator.py
[2025-03-19T00:04:07.107+0000] {logging_mixin.py:190} INFO - [2025-03-19T00:04:07.107+0000] {dag.py:3239} INFO - Sync 1 DAGs
[2025-03-19T00:04:07.115+0000] {logging_mixin.py:190} INFO - [2025-03-19T00:04:07.115+0000] {dag.py:4180} INFO - Setting next_dagrun for example_python_operator to None, run_after=None
[2025-03-19T00:04:07.125+0000] {processor.py:208} INFO - Processing /home/airflow/.local/lib/python3.12/site-packages/airflow/example_dags/example_python_operator.py took 0.038 seconds
[2025-03-19T00:04:38.076+0000] {processor.py:186} INFO - Started process (PID=17361) to work on /home/airflow/.local/lib/python3.12/site-packages/airflow/example_dags/example_python_operator.py
[2025-03-19T00:04:38.076+0000] {processor.py:914} INFO - Processing file /home/airflow/.local/lib/python3.12/site-packages/airflow/example_dags/example_python_operator.py for tasks to queue
[2025-03-19T00:04:38.077+0000] {logging_mixin.py:190} INFO - [2025-03-19T00:04:38.077+0000] {dagbag.py:588} INFO - Filling up the DagBag from /home/airflow/.local/lib/python3.12/site-packages/airflow/example_dags/example_python_operator.py
[2025-03-19T00:04:38.082+0000] {processor.py:925} INFO - DAG(s) 'example_python_operator' retrieved from /home/airflow/.local/lib/python3.12/site-packages/airflow/example_dags/example_python_operator.py
[2025-03-19T00:04:38.090+0000] {logging_mixin.py:190} INFO - [2025-03-19T00:04:38.090+0000] {dag.py:3239} INFO - Sync 1 DAGs
[2025-03-19T00:04:38.096+0000] {logging_mixin.py:190} INFO - [2025-03-19T00:04:38.095+0000] {dag.py:4180} INFO - Setting next_dagrun for example_python_operator to None, run_after=None
[2025-03-19T00:04:38.101+0000] {processor.py:208} INFO - Processing /home/airflow/.local/lib/python3.12/site-packages/airflow/example_dags/example_python_operator.py took 0.028 seconds
[2025-03-19T00:05:09.106+0000] {processor.py:186} INFO - Started process (PID=17424) to work on /home/airflow/.local/lib/python3.12/site-packages/airflow/example_dags/example_python_operator.py
[2025-03-19T00:05:09.106+0000] {processor.py:914} INFO - Processing file /home/airflow/.local/lib/python3.12/site-packages/airflow/example_dags/example_python_operator.py for tasks to queue
[2025-03-19T00:05:09.107+0000] {logging_mixin.py:190} INFO - [2025-03-19T00:05:09.107+0000] {dagbag.py:588} INFO - Filling up the DagBag from /home/airflow/.local/lib/python3.12/site-packages/airflow/example_dags/example_python_operator.py
[2025-03-19T00:05:09.113+0000] {processor.py:925} INFO - DAG(s) 'example_python_operator' retrieved from /home/airflow/.local/lib/python3.12/site-packages/airflow/example_dags/example_python_operator.py
[2025-03-19T00:05:09.121+0000] {logging_mixin.py:190} INFO - [2025-03-19T00:05:09.121+0000] {dag.py:3239} INFO - Sync 1 DAGs
[2025-03-19T00:05:09.126+0000] {logging_mixin.py:190} INFO - [2025-03-19T00:05:09.126+0000] {dag.py:4180} INFO - Setting next_dagrun for example_python_operator to None, run_after=None
[2025-03-19T00:05:09.132+0000] {processor.py:208} INFO - Processing /home/airflow/.local/lib/python3.12/site-packages/airflow/example_dags/example_python_operator.py took 0.029 seconds
[2025-03-19T00:05:39.233+0000] {processor.py:186} INFO - Started process (PID=17487) to work on /home/airflow/.local/lib/python3.12/site-packages/airflow/example_dags/example_python_operator.py
[2025-03-19T00:05:39.233+0000] {processor.py:914} INFO - Processing file /home/airflow/.local/lib/python3.12/site-packages/airflow/example_dags/example_python_operator.py for tasks to queue
[2025-03-19T00:05:39.234+0000] {logging_mixin.py:190} INFO - [2025-03-19T00:05:39.234+0000] {dagbag.py:588} INFO - Filling up the DagBag from /home/airflow/.local/lib/python3.12/site-packages/airflow/example_dags/example_python_operator.py
[2025-03-19T00:05:39.240+0000] {processor.py:925} INFO - DAG(s) 'example_python_operator' retrieved from /home/airflow/.local/lib/python3.12/site-packages/airflow/example_dags/example_python_operator.py
[2025-03-19T00:05:39.248+0000] {logging_mixin.py:190} INFO - [2025-03-19T00:05:39.248+0000] {dag.py:3239} INFO - Sync 1 DAGs
[2025-03-19T00:05:39.254+0000] {logging_mixin.py:190} INFO - [2025-03-19T00:05:39.254+0000] {dag.py:4180} INFO - Setting next_dagrun for example_python_operator to None, run_after=None
[2025-03-19T00:05:39.260+0000] {processor.py:208} INFO - Processing /home/airflow/.local/lib/python3.12/site-packages/airflow/example_dags/example_python_operator.py took 0.030 seconds
[2025-03-19T00:06:09.457+0000] {processor.py:186} INFO - Started process (PID=17550) to work on /home/airflow/.local/lib/python3.12/site-packages/airflow/example_dags/example_python_operator.py
[2025-03-19T00:06:09.457+0000] {processor.py:914} INFO - Processing file /home/airflow/.local/lib/python3.12/site-packages/airflow/example_dags/example_python_operator.py for tasks to queue
[2025-03-19T00:06:09.458+0000] {logging_mixin.py:190} INFO - [2025-03-19T00:06:09.458+0000] {dagbag.py:588} INFO - Filling up the DagBag from /home/airflow/.local/lib/python3.12/site-packages/airflow/example_dags/example_python_operator.py
[2025-03-19T00:06:09.464+0000] {processor.py:925} INFO - DAG(s) 'example_python_operator' retrieved from /home/airflow/.local/lib/python3.12/site-packages/airflow/example_dags/example_python_operator.py
[2025-03-19T00:06:09.473+0000] {logging_mixin.py:190} INFO - [2025-03-19T00:06:09.472+0000] {dag.py:3239} INFO - Sync 1 DAGs
[2025-03-19T00:06:09.478+0000] {logging_mixin.py:190} INFO - [2025-03-19T00:06:09.478+0000] {dag.py:4180} INFO - Setting next_dagrun for example_python_operator to None, run_after=None
[2025-03-19T00:06:09.484+0000] {processor.py:208} INFO - Processing /home/airflow/.local/lib/python3.12/site-packages/airflow/example_dags/example_python_operator.py took 0.029 seconds
[2025-03-19T00:06:39.649+0000] {processor.py:186} INFO - Started process (PID=17613) to work on /home/airflow/.local/lib/python3.12/site-packages/airflow/example_dags/example_python_operator.py
[2025-03-19T00:06:39.649+0000] {processor.py:914} INFO - Processing file /home/airflow/.local/lib/python3.12/site-packages/airflow/example_dags/example_python_operator.py for tasks to queue
[2025-03-19T00:06:39.650+0000] {logging_mixin.py:190} INFO - [2025-03-19T00:06:39.650+0000] {dagbag.py:588} INFO - Filling up the DagBag from /home/airflow/.local/lib/python3.12/site-packages/airflow/example_dags/example_python_operator.py
[2025-03-19T00:06:39.657+0000] {processor.py:925} INFO - DAG(s) 'example_python_operator' retrieved from /home/airflow/.local/lib/python3.12/site-packages/airflow/example_dags/example_python_operator.py
[2025-03-19T00:06:39.673+0000] {logging_mixin.py:190} INFO - [2025-03-19T00:06:39.673+0000] {dag.py:3239} INFO - Sync 1 DAGs
[2025-03-19T00:06:39.682+0000] {logging_mixin.py:190} INFO - [2025-03-19T00:06:39.682+0000] {dag.py:4180} INFO - Setting next_dagrun for example_python_operator to None, run_after=None
[2025-03-19T00:06:39.692+0000] {processor.py:208} INFO - Processing /home/airflow/.local/lib/python3.12/site-packages/airflow/example_dags/example_python_operator.py took 0.046 seconds
[2025-03-19T00:07:09.757+0000] {processor.py:186} INFO - Started process (PID=17676) to work on /home/airflow/.local/lib/python3.12/site-packages/airflow/example_dags/example_python_operator.py
[2025-03-19T00:07:09.757+0000] {processor.py:914} INFO - Processing file /home/airflow/.local/lib/python3.12/site-packages/airflow/example_dags/example_python_operator.py for tasks to queue
[2025-03-19T00:07:09.758+0000] {logging_mixin.py:190} INFO - [2025-03-19T00:07:09.758+0000] {dagbag.py:588} INFO - Filling up the DagBag from /home/airflow/.local/lib/python3.12/site-packages/airflow/example_dags/example_python_operator.py
[2025-03-19T00:07:09.763+0000] {processor.py:925} INFO - DAG(s) 'example_python_operator' retrieved from /home/airflow/.local/lib/python3.12/site-packages/airflow/example_dags/example_python_operator.py
[2025-03-19T00:07:09.771+0000] {logging_mixin.py:190} INFO - [2025-03-19T00:07:09.771+0000] {dag.py:3239} INFO - Sync 1 DAGs
[2025-03-19T00:07:09.776+0000] {logging_mixin.py:190} INFO - [2025-03-19T00:07:09.776+0000] {dag.py:4180} INFO - Setting next_dagrun for example_python_operator to None, run_after=None
[2025-03-19T00:07:09.781+0000] {processor.py:208} INFO - Processing /home/airflow/.local/lib/python3.12/site-packages/airflow/example_dags/example_python_operator.py took 0.026 seconds
[2025-03-19T00:07:39.926+0000] {processor.py:186} INFO - Started process (PID=17739) to work on /home/airflow/.local/lib/python3.12/site-packages/airflow/example_dags/example_python_operator.py
[2025-03-19T00:07:39.927+0000] {processor.py:914} INFO - Processing file /home/airflow/.local/lib/python3.12/site-packages/airflow/example_dags/example_python_operator.py for tasks to queue
[2025-03-19T00:07:39.929+0000] {logging_mixin.py:190} INFO - [2025-03-19T00:07:39.929+0000] {dagbag.py:588} INFO - Filling up the DagBag from /home/airflow/.local/lib/python3.12/site-packages/airflow/example_dags/example_python_operator.py
[2025-03-19T00:07:39.939+0000] {processor.py:925} INFO - DAG(s) 'example_python_operator' retrieved from /home/airflow/.local/lib/python3.12/site-packages/airflow/example_dags/example_python_operator.py
[2025-03-19T00:07:39.949+0000] {logging_mixin.py:190} INFO - [2025-03-19T00:07:39.949+0000] {dag.py:3239} INFO - Sync 1 DAGs
[2025-03-19T00:07:39.954+0000] {logging_mixin.py:190} INFO - [2025-03-19T00:07:39.954+0000] {dag.py:4180} INFO - Setting next_dagrun for example_python_operator to None, run_after=None
[2025-03-19T00:07:39.963+0000] {processor.py:208} INFO - Processing /home/airflow/.local/lib/python3.12/site-packages/airflow/example_dags/example_python_operator.py took 0.039 seconds
