[2025-03-19T00:00:03.522+0000] {processor.py:186} INFO - Started process (PID=16797) to work on /home/airflow/.local/lib/python3.12/site-packages/airflow/example_dags/example_branch_python_dop_operator_3.py
[2025-03-19T00:00:03.524+0000] {processor.py:914} INFO - Processing file /home/airflow/.local/lib/python3.12/site-packages/airflow/example_dags/example_branch_python_dop_operator_3.py for tasks to queue
[2025-03-19T00:00:03.525+0000] {logging_mixin.py:190} INFO - [2025-03-19T00:00:03.525+0000] {dagbag.py:588} INFO - Filling up the DagBag from /home/airflow/.local/lib/python3.12/site-packages/airflow/example_dags/example_branch_python_dop_operator_3.py
[2025-03-19T00:00:03.529+0000] {processor.py:925} INFO - DAG(s) 'example_branch_dop_operator_v3' retrieved from /home/airflow/.local/lib/python3.12/site-packages/airflow/example_dags/example_branch_python_dop_operator_3.py
[2025-03-19T00:00:03.538+0000] {logging_mixin.py:190} INFO - [2025-03-19T00:00:03.538+0000] {dag.py:3239} INFO - Sync 1 DAGs
[2025-03-19T00:00:03.548+0000] {logging_mixin.py:190} INFO - [2025-03-19T00:00:03.548+0000] {dag.py:4180} INFO - Setting next_dagrun for example_branch_dop_operator_v3 to 2025-03-18 23:59:00+00:00, run_after=2025-03-19 00:00:00+00:00
[2025-03-19T00:00:03.559+0000] {processor.py:208} INFO - Processing /home/airflow/.local/lib/python3.12/site-packages/airflow/example_dags/example_branch_python_dop_operator_3.py took 0.039 seconds
[2025-03-19T00:00:33.620+0000] {processor.py:186} INFO - Started process (PID=16860) to work on /home/airflow/.local/lib/python3.12/site-packages/airflow/example_dags/example_branch_python_dop_operator_3.py
[2025-03-19T00:00:33.621+0000] {processor.py:914} INFO - Processing file /home/airflow/.local/lib/python3.12/site-packages/airflow/example_dags/example_branch_python_dop_operator_3.py for tasks to queue
[2025-03-19T00:00:33.622+0000] {logging_mixin.py:190} INFO - [2025-03-19T00:00:33.622+0000] {dagbag.py:588} INFO - Filling up the DagBag from /home/airflow/.local/lib/python3.12/site-packages/airflow/example_dags/example_branch_python_dop_operator_3.py
[2025-03-19T00:00:33.627+0000] {processor.py:925} INFO - DAG(s) 'example_branch_dop_operator_v3' retrieved from /home/airflow/.local/lib/python3.12/site-packages/airflow/example_dags/example_branch_python_dop_operator_3.py
[2025-03-19T00:00:33.638+0000] {logging_mixin.py:190} INFO - [2025-03-19T00:00:33.638+0000] {dag.py:3239} INFO - Sync 1 DAGs
[2025-03-19T00:00:33.647+0000] {logging_mixin.py:190} INFO - [2025-03-19T00:00:33.647+0000] {dag.py:4180} INFO - Setting next_dagrun for example_branch_dop_operator_v3 to 2025-03-18 23:59:00+00:00, run_after=2025-03-19 00:00:00+00:00
[2025-03-19T00:00:33.654+0000] {processor.py:208} INFO - Processing /home/airflow/.local/lib/python3.12/site-packages/airflow/example_dags/example_branch_python_dop_operator_3.py took 0.036 seconds
[2025-03-19T00:01:03.740+0000] {processor.py:186} INFO - Started process (PID=16923) to work on /home/airflow/.local/lib/python3.12/site-packages/airflow/example_dags/example_branch_python_dop_operator_3.py
[2025-03-19T00:01:03.741+0000] {processor.py:914} INFO - Processing file /home/airflow/.local/lib/python3.12/site-packages/airflow/example_dags/example_branch_python_dop_operator_3.py for tasks to queue
[2025-03-19T00:01:03.742+0000] {logging_mixin.py:190} INFO - [2025-03-19T00:01:03.742+0000] {dagbag.py:588} INFO - Filling up the DagBag from /home/airflow/.local/lib/python3.12/site-packages/airflow/example_dags/example_branch_python_dop_operator_3.py
[2025-03-19T00:01:03.747+0000] {processor.py:925} INFO - DAG(s) 'example_branch_dop_operator_v3' retrieved from /home/airflow/.local/lib/python3.12/site-packages/airflow/example_dags/example_branch_python_dop_operator_3.py
[2025-03-19T00:01:03.756+0000] {logging_mixin.py:190} INFO - [2025-03-19T00:01:03.756+0000] {dag.py:3239} INFO - Sync 1 DAGs
[2025-03-19T00:01:03.767+0000] {logging_mixin.py:190} INFO - [2025-03-19T00:01:03.767+0000] {dag.py:4180} INFO - Setting next_dagrun for example_branch_dop_operator_v3 to 2025-03-19 00:00:00+00:00, run_after=2025-03-19 00:01:00+00:00
[2025-03-19T00:01:03.775+0000] {processor.py:208} INFO - Processing /home/airflow/.local/lib/python3.12/site-packages/airflow/example_dags/example_branch_python_dop_operator_3.py took 0.038 seconds
[2025-03-19T00:01:34.808+0000] {processor.py:186} INFO - Started process (PID=16986) to work on /home/airflow/.local/lib/python3.12/site-packages/airflow/example_dags/example_branch_python_dop_operator_3.py
[2025-03-19T00:01:34.810+0000] {processor.py:914} INFO - Processing file /home/airflow/.local/lib/python3.12/site-packages/airflow/example_dags/example_branch_python_dop_operator_3.py for tasks to queue
[2025-03-19T00:01:34.811+0000] {logging_mixin.py:190} INFO - [2025-03-19T00:01:34.811+0000] {dagbag.py:588} INFO - Filling up the DagBag from /home/airflow/.local/lib/python3.12/site-packages/airflow/example_dags/example_branch_python_dop_operator_3.py
[2025-03-19T00:01:34.815+0000] {processor.py:925} INFO - DAG(s) 'example_branch_dop_operator_v3' retrieved from /home/airflow/.local/lib/python3.12/site-packages/airflow/example_dags/example_branch_python_dop_operator_3.py
[2025-03-19T00:01:34.823+0000] {logging_mixin.py:190} INFO - [2025-03-19T00:01:34.823+0000] {dag.py:3239} INFO - Sync 1 DAGs
[2025-03-19T00:01:34.832+0000] {logging_mixin.py:190} INFO - [2025-03-19T00:01:34.831+0000] {dag.py:4180} INFO - Setting next_dagrun for example_branch_dop_operator_v3 to 2025-03-19 00:00:00+00:00, run_after=2025-03-19 00:01:00+00:00
[2025-03-19T00:01:34.838+0000] {processor.py:208} INFO - Processing /home/airflow/.local/lib/python3.12/site-packages/airflow/example_dags/example_branch_python_dop_operator_3.py took 0.033 seconds
[2025-03-19T00:02:05.801+0000] {processor.py:186} INFO - Started process (PID=17049) to work on /home/airflow/.local/lib/python3.12/site-packages/airflow/example_dags/example_branch_python_dop_operator_3.py
[2025-03-19T00:02:05.803+0000] {processor.py:914} INFO - Processing file /home/airflow/.local/lib/python3.12/site-packages/airflow/example_dags/example_branch_python_dop_operator_3.py for tasks to queue
[2025-03-19T00:02:05.804+0000] {logging_mixin.py:190} INFO - [2025-03-19T00:02:05.804+0000] {dagbag.py:588} INFO - Filling up the DagBag from /home/airflow/.local/lib/python3.12/site-packages/airflow/example_dags/example_branch_python_dop_operator_3.py
[2025-03-19T00:02:05.809+0000] {processor.py:925} INFO - DAG(s) 'example_branch_dop_operator_v3' retrieved from /home/airflow/.local/lib/python3.12/site-packages/airflow/example_dags/example_branch_python_dop_operator_3.py
[2025-03-19T00:02:05.818+0000] {logging_mixin.py:190} INFO - [2025-03-19T00:02:05.818+0000] {dag.py:3239} INFO - Sync 1 DAGs
[2025-03-19T00:02:05.828+0000] {logging_mixin.py:190} INFO - [2025-03-19T00:02:05.828+0000] {dag.py:4180} INFO - Setting next_dagrun for example_branch_dop_operator_v3 to 2025-03-19 00:01:00+00:00, run_after=2025-03-19 00:02:00+00:00
[2025-03-19T00:02:05.834+0000] {processor.py:208} INFO - Processing /home/airflow/.local/lib/python3.12/site-packages/airflow/example_dags/example_branch_python_dop_operator_3.py took 0.035 seconds
[2025-03-19T00:02:35.964+0000] {processor.py:186} INFO - Started process (PID=17112) to work on /home/airflow/.local/lib/python3.12/site-packages/airflow/example_dags/example_branch_python_dop_operator_3.py
[2025-03-19T00:02:35.965+0000] {processor.py:914} INFO - Processing file /home/airflow/.local/lib/python3.12/site-packages/airflow/example_dags/example_branch_python_dop_operator_3.py for tasks to queue
[2025-03-19T00:02:35.966+0000] {logging_mixin.py:190} INFO - [2025-03-19T00:02:35.966+0000] {dagbag.py:588} INFO - Filling up the DagBag from /home/airflow/.local/lib/python3.12/site-packages/airflow/example_dags/example_branch_python_dop_operator_3.py
[2025-03-19T00:02:35.972+0000] {processor.py:925} INFO - DAG(s) 'example_branch_dop_operator_v3' retrieved from /home/airflow/.local/lib/python3.12/site-packages/airflow/example_dags/example_branch_python_dop_operator_3.py
[2025-03-19T00:02:35.988+0000] {logging_mixin.py:190} INFO - [2025-03-19T00:02:35.988+0000] {dag.py:3239} INFO - Sync 1 DAGs
[2025-03-19T00:02:35.999+0000] {logging_mixin.py:190} INFO - [2025-03-19T00:02:35.999+0000] {dag.py:4180} INFO - Setting next_dagrun for example_branch_dop_operator_v3 to 2025-03-19 00:01:00+00:00, run_after=2025-03-19 00:02:00+00:00
[2025-03-19T00:02:36.007+0000] {processor.py:208} INFO - Processing /home/airflow/.local/lib/python3.12/site-packages/airflow/example_dags/example_branch_python_dop_operator_3.py took 0.045 seconds
[2025-03-19T00:03:06.102+0000] {processor.py:186} INFO - Started process (PID=17175) to work on /home/airflow/.local/lib/python3.12/site-packages/airflow/example_dags/example_branch_python_dop_operator_3.py
[2025-03-19T00:03:06.102+0000] {processor.py:914} INFO - Processing file /home/airflow/.local/lib/python3.12/site-packages/airflow/example_dags/example_branch_python_dop_operator_3.py for tasks to queue
[2025-03-19T00:03:06.104+0000] {logging_mixin.py:190} INFO - [2025-03-19T00:03:06.104+0000] {dagbag.py:588} INFO - Filling up the DagBag from /home/airflow/.local/lib/python3.12/site-packages/airflow/example_dags/example_branch_python_dop_operator_3.py
[2025-03-19T00:03:06.108+0000] {processor.py:925} INFO - DAG(s) 'example_branch_dop_operator_v3' retrieved from /home/airflow/.local/lib/python3.12/site-packages/airflow/example_dags/example_branch_python_dop_operator_3.py
[2025-03-19T00:03:06.119+0000] {logging_mixin.py:190} INFO - [2025-03-19T00:03:06.119+0000] {dag.py:3239} INFO - Sync 1 DAGs
[2025-03-19T00:03:06.130+0000] {logging_mixin.py:190} INFO - [2025-03-19T00:03:06.130+0000] {dag.py:4180} INFO - Setting next_dagrun for example_branch_dop_operator_v3 to 2025-03-19 00:02:00+00:00, run_after=2025-03-19 00:03:00+00:00
[2025-03-19T00:03:06.138+0000] {processor.py:208} INFO - Processing /home/airflow/.local/lib/python3.12/site-packages/airflow/example_dags/example_branch_python_dop_operator_3.py took 0.039 seconds
[2025-03-19T00:03:36.295+0000] {processor.py:186} INFO - Started process (PID=17238) to work on /home/airflow/.local/lib/python3.12/site-packages/airflow/example_dags/example_branch_python_dop_operator_3.py
[2025-03-19T00:03:36.296+0000] {processor.py:914} INFO - Processing file /home/airflow/.local/lib/python3.12/site-packages/airflow/example_dags/example_branch_python_dop_operator_3.py for tasks to queue
[2025-03-19T00:03:36.297+0000] {logging_mixin.py:190} INFO - [2025-03-19T00:03:36.297+0000] {dagbag.py:588} INFO - Filling up the DagBag from /home/airflow/.local/lib/python3.12/site-packages/airflow/example_dags/example_branch_python_dop_operator_3.py
[2025-03-19T00:03:36.301+0000] {processor.py:925} INFO - DAG(s) 'example_branch_dop_operator_v3' retrieved from /home/airflow/.local/lib/python3.12/site-packages/airflow/example_dags/example_branch_python_dop_operator_3.py
[2025-03-19T00:03:36.312+0000] {logging_mixin.py:190} INFO - [2025-03-19T00:03:36.312+0000] {dag.py:3239} INFO - Sync 1 DAGs
[2025-03-19T00:03:36.321+0000] {logging_mixin.py:190} INFO - [2025-03-19T00:03:36.321+0000] {dag.py:4180} INFO - Setting next_dagrun for example_branch_dop_operator_v3 to 2025-03-19 00:02:00+00:00, run_after=2025-03-19 00:03:00+00:00
[2025-03-19T00:03:36.333+0000] {processor.py:208} INFO - Processing /home/airflow/.local/lib/python3.12/site-packages/airflow/example_dags/example_branch_python_dop_operator_3.py took 0.040 seconds
[2025-03-19T00:04:07.283+0000] {processor.py:186} INFO - Started process (PID=17307) to work on /home/airflow/.local/lib/python3.12/site-packages/airflow/example_dags/example_branch_python_dop_operator_3.py
[2025-03-19T00:04:07.284+0000] {processor.py:914} INFO - Processing file /home/airflow/.local/lib/python3.12/site-packages/airflow/example_dags/example_branch_python_dop_operator_3.py for tasks to queue
[2025-03-19T00:04:07.286+0000] {logging_mixin.py:190} INFO - [2025-03-19T00:04:07.285+0000] {dagbag.py:588} INFO - Filling up the DagBag from /home/airflow/.local/lib/python3.12/site-packages/airflow/example_dags/example_branch_python_dop_operator_3.py
[2025-03-19T00:04:07.292+0000] {processor.py:925} INFO - DAG(s) 'example_branch_dop_operator_v3' retrieved from /home/airflow/.local/lib/python3.12/site-packages/airflow/example_dags/example_branch_python_dop_operator_3.py
[2025-03-19T00:04:07.300+0000] {logging_mixin.py:190} INFO - [2025-03-19T00:04:07.300+0000] {dag.py:3239} INFO - Sync 1 DAGs
[2025-03-19T00:04:07.309+0000] {logging_mixin.py:190} INFO - [2025-03-19T00:04:07.309+0000] {dag.py:4180} INFO - Setting next_dagrun for example_branch_dop_operator_v3 to 2025-03-19 00:03:00+00:00, run_after=2025-03-19 00:04:00+00:00
[2025-03-19T00:04:07.315+0000] {processor.py:208} INFO - Processing /home/airflow/.local/lib/python3.12/site-packages/airflow/example_dags/example_branch_python_dop_operator_3.py took 0.034 seconds
[2025-03-19T00:04:38.318+0000] {processor.py:186} INFO - Started process (PID=17370) to work on /home/airflow/.local/lib/python3.12/site-packages/airflow/example_dags/example_branch_python_dop_operator_3.py
[2025-03-19T00:04:38.319+0000] {processor.py:914} INFO - Processing file /home/airflow/.local/lib/python3.12/site-packages/airflow/example_dags/example_branch_python_dop_operator_3.py for tasks to queue
[2025-03-19T00:04:38.320+0000] {logging_mixin.py:190} INFO - [2025-03-19T00:04:38.319+0000] {dagbag.py:588} INFO - Filling up the DagBag from /home/airflow/.local/lib/python3.12/site-packages/airflow/example_dags/example_branch_python_dop_operator_3.py
[2025-03-19T00:04:38.324+0000] {processor.py:925} INFO - DAG(s) 'example_branch_dop_operator_v3' retrieved from /home/airflow/.local/lib/python3.12/site-packages/airflow/example_dags/example_branch_python_dop_operator_3.py
[2025-03-19T00:04:38.330+0000] {logging_mixin.py:190} INFO - [2025-03-19T00:04:38.330+0000] {dag.py:3239} INFO - Sync 1 DAGs
[2025-03-19T00:04:38.338+0000] {logging_mixin.py:190} INFO - [2025-03-19T00:04:38.338+0000] {dag.py:4180} INFO - Setting next_dagrun for example_branch_dop_operator_v3 to 2025-03-19 00:03:00+00:00, run_after=2025-03-19 00:04:00+00:00
[2025-03-19T00:04:38.344+0000] {processor.py:208} INFO - Processing /home/airflow/.local/lib/python3.12/site-packages/airflow/example_dags/example_branch_python_dop_operator_3.py took 0.027 seconds
[2025-03-19T00:05:09.344+0000] {processor.py:186} INFO - Started process (PID=17433) to work on /home/airflow/.local/lib/python3.12/site-packages/airflow/example_dags/example_branch_python_dop_operator_3.py
[2025-03-19T00:05:09.344+0000] {processor.py:914} INFO - Processing file /home/airflow/.local/lib/python3.12/site-packages/airflow/example_dags/example_branch_python_dop_operator_3.py for tasks to queue
[2025-03-19T00:05:09.345+0000] {logging_mixin.py:190} INFO - [2025-03-19T00:05:09.345+0000] {dagbag.py:588} INFO - Filling up the DagBag from /home/airflow/.local/lib/python3.12/site-packages/airflow/example_dags/example_branch_python_dop_operator_3.py
[2025-03-19T00:05:09.349+0000] {processor.py:925} INFO - DAG(s) 'example_branch_dop_operator_v3' retrieved from /home/airflow/.local/lib/python3.12/site-packages/airflow/example_dags/example_branch_python_dop_operator_3.py
[2025-03-19T00:05:09.356+0000] {logging_mixin.py:190} INFO - [2025-03-19T00:05:09.356+0000] {dag.py:3239} INFO - Sync 1 DAGs
[2025-03-19T00:05:09.364+0000] {logging_mixin.py:190} INFO - [2025-03-19T00:05:09.364+0000] {dag.py:4180} INFO - Setting next_dagrun for example_branch_dop_operator_v3 to 2025-03-19 00:04:00+00:00, run_after=2025-03-19 00:05:00+00:00
[2025-03-19T00:05:09.369+0000] {processor.py:208} INFO - Processing /home/airflow/.local/lib/python3.12/site-packages/airflow/example_dags/example_branch_python_dop_operator_3.py took 0.028 seconds
[2025-03-19T00:05:39.479+0000] {processor.py:186} INFO - Started process (PID=17496) to work on /home/airflow/.local/lib/python3.12/site-packages/airflow/example_dags/example_branch_python_dop_operator_3.py
[2025-03-19T00:05:39.479+0000] {processor.py:914} INFO - Processing file /home/airflow/.local/lib/python3.12/site-packages/airflow/example_dags/example_branch_python_dop_operator_3.py for tasks to queue
[2025-03-19T00:05:39.480+0000] {logging_mixin.py:190} INFO - [2025-03-19T00:05:39.480+0000] {dagbag.py:588} INFO - Filling up the DagBag from /home/airflow/.local/lib/python3.12/site-packages/airflow/example_dags/example_branch_python_dop_operator_3.py
[2025-03-19T00:05:39.486+0000] {processor.py:925} INFO - DAG(s) 'example_branch_dop_operator_v3' retrieved from /home/airflow/.local/lib/python3.12/site-packages/airflow/example_dags/example_branch_python_dop_operator_3.py
[2025-03-19T00:05:39.495+0000] {logging_mixin.py:190} INFO - [2025-03-19T00:05:39.495+0000] {dag.py:3239} INFO - Sync 1 DAGs
[2025-03-19T00:05:39.504+0000] {logging_mixin.py:190} INFO - [2025-03-19T00:05:39.504+0000] {dag.py:4180} INFO - Setting next_dagrun for example_branch_dop_operator_v3 to 2025-03-19 00:04:00+00:00, run_after=2025-03-19 00:05:00+00:00
[2025-03-19T00:05:39.512+0000] {processor.py:208} INFO - Processing /home/airflow/.local/lib/python3.12/site-packages/airflow/example_dags/example_branch_python_dop_operator_3.py took 0.035 seconds
[2025-03-19T00:06:09.711+0000] {processor.py:186} INFO - Started process (PID=17559) to work on /home/airflow/.local/lib/python3.12/site-packages/airflow/example_dags/example_branch_python_dop_operator_3.py
[2025-03-19T00:06:09.712+0000] {processor.py:914} INFO - Processing file /home/airflow/.local/lib/python3.12/site-packages/airflow/example_dags/example_branch_python_dop_operator_3.py for tasks to queue
[2025-03-19T00:06:09.713+0000] {logging_mixin.py:190} INFO - [2025-03-19T00:06:09.713+0000] {dagbag.py:588} INFO - Filling up the DagBag from /home/airflow/.local/lib/python3.12/site-packages/airflow/example_dags/example_branch_python_dop_operator_3.py
[2025-03-19T00:06:09.720+0000] {processor.py:925} INFO - DAG(s) 'example_branch_dop_operator_v3' retrieved from /home/airflow/.local/lib/python3.12/site-packages/airflow/example_dags/example_branch_python_dop_operator_3.py
[2025-03-19T00:06:09.733+0000] {logging_mixin.py:190} INFO - [2025-03-19T00:06:09.733+0000] {dag.py:3239} INFO - Sync 1 DAGs
[2025-03-19T00:06:09.744+0000] {logging_mixin.py:190} INFO - [2025-03-19T00:06:09.744+0000] {dag.py:4180} INFO - Setting next_dagrun for example_branch_dop_operator_v3 to 2025-03-19 00:05:00+00:00, run_after=2025-03-19 00:06:00+00:00
[2025-03-19T00:06:09.751+0000] {processor.py:208} INFO - Processing /home/airflow/.local/lib/python3.12/site-packages/airflow/example_dags/example_branch_python_dop_operator_3.py took 0.043 seconds
[2025-03-19T00:06:39.851+0000] {processor.py:186} INFO - Started process (PID=17622) to work on /home/airflow/.local/lib/python3.12/site-packages/airflow/example_dags/example_branch_python_dop_operator_3.py
[2025-03-19T00:06:39.852+0000] {processor.py:914} INFO - Processing file /home/airflow/.local/lib/python3.12/site-packages/airflow/example_dags/example_branch_python_dop_operator_3.py for tasks to queue
[2025-03-19T00:06:39.854+0000] {logging_mixin.py:190} INFO - [2025-03-19T00:06:39.853+0000] {dagbag.py:588} INFO - Filling up the DagBag from /home/airflow/.local/lib/python3.12/site-packages/airflow/example_dags/example_branch_python_dop_operator_3.py
[2025-03-19T00:06:39.860+0000] {processor.py:925} INFO - DAG(s) 'example_branch_dop_operator_v3' retrieved from /home/airflow/.local/lib/python3.12/site-packages/airflow/example_dags/example_branch_python_dop_operator_3.py
[2025-03-19T00:06:39.869+0000] {logging_mixin.py:190} INFO - [2025-03-19T00:06:39.869+0000] {dag.py:3239} INFO - Sync 1 DAGs
[2025-03-19T00:06:39.879+0000] {logging_mixin.py:190} INFO - [2025-03-19T00:06:39.879+0000] {dag.py:4180} INFO - Setting next_dagrun for example_branch_dop_operator_v3 to 2025-03-19 00:05:00+00:00, run_after=2025-03-19 00:06:00+00:00
[2025-03-19T00:06:39.885+0000] {processor.py:208} INFO - Processing /home/airflow/.local/lib/python3.12/site-packages/airflow/example_dags/example_branch_python_dop_operator_3.py took 0.036 seconds
[2025-03-19T00:07:09.968+0000] {processor.py:186} INFO - Started process (PID=17685) to work on /home/airflow/.local/lib/python3.12/site-packages/airflow/example_dags/example_branch_python_dop_operator_3.py
[2025-03-19T00:07:09.969+0000] {processor.py:914} INFO - Processing file /home/airflow/.local/lib/python3.12/site-packages/airflow/example_dags/example_branch_python_dop_operator_3.py for tasks to queue
[2025-03-19T00:07:09.970+0000] {logging_mixin.py:190} INFO - [2025-03-19T00:07:09.970+0000] {dagbag.py:588} INFO - Filling up the DagBag from /home/airflow/.local/lib/python3.12/site-packages/airflow/example_dags/example_branch_python_dop_operator_3.py
[2025-03-19T00:07:09.975+0000] {processor.py:925} INFO - DAG(s) 'example_branch_dop_operator_v3' retrieved from /home/airflow/.local/lib/python3.12/site-packages/airflow/example_dags/example_branch_python_dop_operator_3.py
[2025-03-19T00:07:09.988+0000] {logging_mixin.py:190} INFO - [2025-03-19T00:07:09.988+0000] {dag.py:3239} INFO - Sync 1 DAGs
[2025-03-19T00:07:09.998+0000] {logging_mixin.py:190} INFO - [2025-03-19T00:07:09.998+0000] {dag.py:4180} INFO - Setting next_dagrun for example_branch_dop_operator_v3 to 2025-03-19 00:06:00+00:00, run_after=2025-03-19 00:07:00+00:00
[2025-03-19T00:07:10.005+0000] {processor.py:208} INFO - Processing /home/airflow/.local/lib/python3.12/site-packages/airflow/example_dags/example_branch_python_dop_operator_3.py took 0.039 seconds
[2025-03-19T00:07:40.165+0000] {processor.py:186} INFO - Started process (PID=17748) to work on /home/airflow/.local/lib/python3.12/site-packages/airflow/example_dags/example_branch_python_dop_operator_3.py
[2025-03-19T00:07:40.166+0000] {processor.py:914} INFO - Processing file /home/airflow/.local/lib/python3.12/site-packages/airflow/example_dags/example_branch_python_dop_operator_3.py for tasks to queue
[2025-03-19T00:07:40.168+0000] {logging_mixin.py:190} INFO - [2025-03-19T00:07:40.168+0000] {dagbag.py:588} INFO - Filling up the DagBag from /home/airflow/.local/lib/python3.12/site-packages/airflow/example_dags/example_branch_python_dop_operator_3.py
[2025-03-19T00:07:40.175+0000] {processor.py:925} INFO - DAG(s) 'example_branch_dop_operator_v3' retrieved from /home/airflow/.local/lib/python3.12/site-packages/airflow/example_dags/example_branch_python_dop_operator_3.py
[2025-03-19T00:07:40.183+0000] {logging_mixin.py:190} INFO - [2025-03-19T00:07:40.183+0000] {dag.py:3239} INFO - Sync 1 DAGs
[2025-03-19T00:07:40.195+0000] {logging_mixin.py:190} INFO - [2025-03-19T00:07:40.195+0000] {dag.py:4180} INFO - Setting next_dagrun for example_branch_dop_operator_v3 to 2025-03-19 00:06:00+00:00, run_after=2025-03-19 00:07:00+00:00
[2025-03-19T00:07:40.204+0000] {processor.py:208} INFO - Processing /home/airflow/.local/lib/python3.12/site-packages/airflow/example_dags/example_branch_python_dop_operator_3.py took 0.041 seconds
