[2025-03-19T00:00:12.851+0000] {processor.py:186} INFO - Started process (PID=16836) to work on /home/airflow/.local/lib/python3.12/site-packages/airflow/example_dags/example_trigger_target_dag.py
[2025-03-19T00:00:12.853+0000] {processor.py:914} INFO - Processing file /home/airflow/.local/lib/python3.12/site-packages/airflow/example_dags/example_trigger_target_dag.py for tasks to queue
[2025-03-19T00:00:12.854+0000] {logging_mixin.py:190} INFO - [2025-03-19T00:00:12.854+0000] {dagbag.py:588} INFO - Filling up the DagBag from /home/airflow/.local/lib/python3.12/site-packages/airflow/example_dags/example_trigger_target_dag.py
[2025-03-19T00:00:12.857+0000] {processor.py:925} INFO - DAG(s) 'example_trigger_target_dag' retrieved from /home/airflow/.local/lib/python3.12/site-packages/airflow/example_dags/example_trigger_target_dag.py
[2025-03-19T00:00:12.866+0000] {logging_mixin.py:190} INFO - [2025-03-19T00:00:12.866+0000] {dag.py:3239} INFO - Sync 1 DAGs
[2025-03-19T00:00:12.871+0000] {logging_mixin.py:190} INFO - [2025-03-19T00:00:12.871+0000] {dag.py:4180} INFO - Setting next_dagrun for example_trigger_target_dag to None, run_after=None
[2025-03-19T00:00:12.878+0000] {processor.py:208} INFO - Processing /home/airflow/.local/lib/python3.12/site-packages/airflow/example_dags/example_trigger_target_dag.py took 0.029 seconds
[2025-03-19T00:00:43.957+0000] {processor.py:186} INFO - Started process (PID=16899) to work on /home/airflow/.local/lib/python3.12/site-packages/airflow/example_dags/example_trigger_target_dag.py
[2025-03-19T00:00:43.958+0000] {processor.py:914} INFO - Processing file /home/airflow/.local/lib/python3.12/site-packages/airflow/example_dags/example_trigger_target_dag.py for tasks to queue
[2025-03-19T00:00:43.959+0000] {logging_mixin.py:190} INFO - [2025-03-19T00:00:43.958+0000] {dagbag.py:588} INFO - Filling up the DagBag from /home/airflow/.local/lib/python3.12/site-packages/airflow/example_dags/example_trigger_target_dag.py
[2025-03-19T00:00:43.962+0000] {processor.py:925} INFO - DAG(s) 'example_trigger_target_dag' retrieved from /home/airflow/.local/lib/python3.12/site-packages/airflow/example_dags/example_trigger_target_dag.py
[2025-03-19T00:00:43.970+0000] {logging_mixin.py:190} INFO - [2025-03-19T00:00:43.969+0000] {dag.py:3239} INFO - Sync 1 DAGs
[2025-03-19T00:00:43.974+0000] {logging_mixin.py:190} INFO - [2025-03-19T00:00:43.974+0000] {dag.py:4180} INFO - Setting next_dagrun for example_trigger_target_dag to None, run_after=None
[2025-03-19T00:00:43.980+0000] {processor.py:208} INFO - Processing /home/airflow/.local/lib/python3.12/site-packages/airflow/example_dags/example_trigger_target_dag.py took 0.026 seconds
[2025-03-19T00:01:14.988+0000] {processor.py:186} INFO - Started process (PID=16962) to work on /home/airflow/.local/lib/python3.12/site-packages/airflow/example_dags/example_trigger_target_dag.py
[2025-03-19T00:01:14.988+0000] {processor.py:914} INFO - Processing file /home/airflow/.local/lib/python3.12/site-packages/airflow/example_dags/example_trigger_target_dag.py for tasks to queue
[2025-03-19T00:01:14.989+0000] {logging_mixin.py:190} INFO - [2025-03-19T00:01:14.989+0000] {dagbag.py:588} INFO - Filling up the DagBag from /home/airflow/.local/lib/python3.12/site-packages/airflow/example_dags/example_trigger_target_dag.py
[2025-03-19T00:01:14.993+0000] {processor.py:925} INFO - DAG(s) 'example_trigger_target_dag' retrieved from /home/airflow/.local/lib/python3.12/site-packages/airflow/example_dags/example_trigger_target_dag.py
[2025-03-19T00:01:15.002+0000] {logging_mixin.py:190} INFO - [2025-03-19T00:01:15.002+0000] {dag.py:3239} INFO - Sync 1 DAGs
[2025-03-19T00:01:15.007+0000] {logging_mixin.py:190} INFO - [2025-03-19T00:01:15.007+0000] {dag.py:4180} INFO - Setting next_dagrun for example_trigger_target_dag to None, run_after=None
[2025-03-19T00:01:15.013+0000] {processor.py:208} INFO - Processing /home/airflow/.local/lib/python3.12/site-packages/airflow/example_dags/example_trigger_target_dag.py took 0.027 seconds
[2025-03-19T00:01:45.964+0000] {processor.py:186} INFO - Started process (PID=17024) to work on /home/airflow/.local/lib/python3.12/site-packages/airflow/example_dags/example_trigger_target_dag.py
[2025-03-19T00:01:45.965+0000] {processor.py:914} INFO - Processing file /home/airflow/.local/lib/python3.12/site-packages/airflow/example_dags/example_trigger_target_dag.py for tasks to queue
[2025-03-19T00:01:45.967+0000] {logging_mixin.py:190} INFO - [2025-03-19T00:01:45.967+0000] {dagbag.py:588} INFO - Filling up the DagBag from /home/airflow/.local/lib/python3.12/site-packages/airflow/example_dags/example_trigger_target_dag.py
[2025-03-19T00:01:45.970+0000] {processor.py:925} INFO - DAG(s) 'example_trigger_target_dag' retrieved from /home/airflow/.local/lib/python3.12/site-packages/airflow/example_dags/example_trigger_target_dag.py
[2025-03-19T00:01:45.981+0000] {logging_mixin.py:190} INFO - [2025-03-19T00:01:45.981+0000] {dag.py:3239} INFO - Sync 1 DAGs
[2025-03-19T00:01:45.986+0000] {logging_mixin.py:190} INFO - [2025-03-19T00:01:45.986+0000] {dag.py:4180} INFO - Setting next_dagrun for example_trigger_target_dag to None, run_after=None
[2025-03-19T00:01:45.996+0000] {processor.py:208} INFO - Processing /home/airflow/.local/lib/python3.12/site-packages/airflow/example_dags/example_trigger_target_dag.py took 0.034 seconds
[2025-03-19T00:02:17.125+0000] {processor.py:186} INFO - Started process (PID=17087) to work on /home/airflow/.local/lib/python3.12/site-packages/airflow/example_dags/example_trigger_target_dag.py
[2025-03-19T00:02:17.126+0000] {processor.py:914} INFO - Processing file /home/airflow/.local/lib/python3.12/site-packages/airflow/example_dags/example_trigger_target_dag.py for tasks to queue
[2025-03-19T00:02:17.127+0000] {logging_mixin.py:190} INFO - [2025-03-19T00:02:17.126+0000] {dagbag.py:588} INFO - Filling up the DagBag from /home/airflow/.local/lib/python3.12/site-packages/airflow/example_dags/example_trigger_target_dag.py
[2025-03-19T00:02:17.130+0000] {processor.py:925} INFO - DAG(s) 'example_trigger_target_dag' retrieved from /home/airflow/.local/lib/python3.12/site-packages/airflow/example_dags/example_trigger_target_dag.py
[2025-03-19T00:02:17.141+0000] {logging_mixin.py:190} INFO - [2025-03-19T00:02:17.141+0000] {dag.py:3239} INFO - Sync 1 DAGs
[2025-03-19T00:02:17.146+0000] {logging_mixin.py:190} INFO - [2025-03-19T00:02:17.146+0000] {dag.py:4180} INFO - Setting next_dagrun for example_trigger_target_dag to None, run_after=None
[2025-03-19T00:02:17.152+0000] {processor.py:208} INFO - Processing /home/airflow/.local/lib/python3.12/site-packages/airflow/example_dags/example_trigger_target_dag.py took 0.029 seconds
[2025-03-19T00:02:48.277+0000] {processor.py:186} INFO - Started process (PID=17150) to work on /home/airflow/.local/lib/python3.12/site-packages/airflow/example_dags/example_trigger_target_dag.py
[2025-03-19T00:02:48.278+0000] {processor.py:914} INFO - Processing file /home/airflow/.local/lib/python3.12/site-packages/airflow/example_dags/example_trigger_target_dag.py for tasks to queue
[2025-03-19T00:02:48.279+0000] {logging_mixin.py:190} INFO - [2025-03-19T00:02:48.279+0000] {dagbag.py:588} INFO - Filling up the DagBag from /home/airflow/.local/lib/python3.12/site-packages/airflow/example_dags/example_trigger_target_dag.py
[2025-03-19T00:02:48.283+0000] {processor.py:925} INFO - DAG(s) 'example_trigger_target_dag' retrieved from /home/airflow/.local/lib/python3.12/site-packages/airflow/example_dags/example_trigger_target_dag.py
[2025-03-19T00:02:48.290+0000] {logging_mixin.py:190} INFO - [2025-03-19T00:02:48.290+0000] {dag.py:3239} INFO - Sync 1 DAGs
[2025-03-19T00:02:48.299+0000] {logging_mixin.py:190} INFO - [2025-03-19T00:02:48.299+0000] {dag.py:4180} INFO - Setting next_dagrun for example_trigger_target_dag to None, run_after=None
[2025-03-19T00:02:48.309+0000] {processor.py:208} INFO - Processing /home/airflow/.local/lib/python3.12/site-packages/airflow/example_dags/example_trigger_target_dag.py took 0.035 seconds
[2025-03-19T00:03:19.386+0000] {processor.py:186} INFO - Started process (PID=17213) to work on /home/airflow/.local/lib/python3.12/site-packages/airflow/example_dags/example_trigger_target_dag.py
[2025-03-19T00:03:19.386+0000] {processor.py:914} INFO - Processing file /home/airflow/.local/lib/python3.12/site-packages/airflow/example_dags/example_trigger_target_dag.py for tasks to queue
[2025-03-19T00:03:19.388+0000] {logging_mixin.py:190} INFO - [2025-03-19T00:03:19.387+0000] {dagbag.py:588} INFO - Filling up the DagBag from /home/airflow/.local/lib/python3.12/site-packages/airflow/example_dags/example_trigger_target_dag.py
[2025-03-19T00:03:19.391+0000] {processor.py:925} INFO - DAG(s) 'example_trigger_target_dag' retrieved from /home/airflow/.local/lib/python3.12/site-packages/airflow/example_dags/example_trigger_target_dag.py
[2025-03-19T00:03:19.402+0000] {logging_mixin.py:190} INFO - [2025-03-19T00:03:19.402+0000] {dag.py:3239} INFO - Sync 1 DAGs
[2025-03-19T00:03:19.407+0000] {logging_mixin.py:190} INFO - [2025-03-19T00:03:19.407+0000] {dag.py:4180} INFO - Setting next_dagrun for example_trigger_target_dag to None, run_after=None
[2025-03-19T00:03:19.414+0000] {processor.py:208} INFO - Processing /home/airflow/.local/lib/python3.12/site-packages/airflow/example_dags/example_trigger_target_dag.py took 0.031 seconds
[2025-03-19T00:03:50.530+0000] {processor.py:186} INFO - Started process (PID=17276) to work on /home/airflow/.local/lib/python3.12/site-packages/airflow/example_dags/example_trigger_target_dag.py
[2025-03-19T00:03:50.530+0000] {processor.py:914} INFO - Processing file /home/airflow/.local/lib/python3.12/site-packages/airflow/example_dags/example_trigger_target_dag.py for tasks to queue
[2025-03-19T00:03:50.531+0000] {logging_mixin.py:190} INFO - [2025-03-19T00:03:50.531+0000] {dagbag.py:588} INFO - Filling up the DagBag from /home/airflow/.local/lib/python3.12/site-packages/airflow/example_dags/example_trigger_target_dag.py
[2025-03-19T00:03:50.535+0000] {processor.py:925} INFO - DAG(s) 'example_trigger_target_dag' retrieved from /home/airflow/.local/lib/python3.12/site-packages/airflow/example_dags/example_trigger_target_dag.py
[2025-03-19T00:03:50.544+0000] {logging_mixin.py:190} INFO - [2025-03-19T00:03:50.544+0000] {dag.py:3239} INFO - Sync 1 DAGs
[2025-03-19T00:03:50.549+0000] {logging_mixin.py:190} INFO - [2025-03-19T00:03:50.549+0000] {dag.py:4180} INFO - Setting next_dagrun for example_trigger_target_dag to None, run_after=None
[2025-03-19T00:03:50.558+0000] {processor.py:208} INFO - Processing /home/airflow/.local/lib/python3.12/site-packages/airflow/example_dags/example_trigger_target_dag.py took 0.031 seconds
[2025-03-19T00:04:21.568+0000] {processor.py:186} INFO - Started process (PID=17340) to work on /home/airflow/.local/lib/python3.12/site-packages/airflow/example_dags/example_trigger_target_dag.py
[2025-03-19T00:04:21.569+0000] {processor.py:914} INFO - Processing file /home/airflow/.local/lib/python3.12/site-packages/airflow/example_dags/example_trigger_target_dag.py for tasks to queue
[2025-03-19T00:04:21.571+0000] {logging_mixin.py:190} INFO - [2025-03-19T00:04:21.571+0000] {dagbag.py:588} INFO - Filling up the DagBag from /home/airflow/.local/lib/python3.12/site-packages/airflow/example_dags/example_trigger_target_dag.py
[2025-03-19T00:04:21.576+0000] {processor.py:925} INFO - DAG(s) 'example_trigger_target_dag' retrieved from /home/airflow/.local/lib/python3.12/site-packages/airflow/example_dags/example_trigger_target_dag.py
[2025-03-19T00:04:21.583+0000] {logging_mixin.py:190} INFO - [2025-03-19T00:04:21.583+0000] {dag.py:3239} INFO - Sync 1 DAGs
[2025-03-19T00:04:21.589+0000] {logging_mixin.py:190} INFO - [2025-03-19T00:04:21.589+0000] {dag.py:4180} INFO - Setting next_dagrun for example_trigger_target_dag to None, run_after=None
[2025-03-19T00:04:21.601+0000] {processor.py:208} INFO - Processing /home/airflow/.local/lib/python3.12/site-packages/airflow/example_dags/example_trigger_target_dag.py took 0.035 seconds
[2025-03-19T00:04:52.576+0000] {processor.py:186} INFO - Started process (PID=17403) to work on /home/airflow/.local/lib/python3.12/site-packages/airflow/example_dags/example_trigger_target_dag.py
[2025-03-19T00:04:52.576+0000] {processor.py:914} INFO - Processing file /home/airflow/.local/lib/python3.12/site-packages/airflow/example_dags/example_trigger_target_dag.py for tasks to queue
[2025-03-19T00:04:52.577+0000] {logging_mixin.py:190} INFO - [2025-03-19T00:04:52.577+0000] {dagbag.py:588} INFO - Filling up the DagBag from /home/airflow/.local/lib/python3.12/site-packages/airflow/example_dags/example_trigger_target_dag.py
[2025-03-19T00:04:52.581+0000] {processor.py:925} INFO - DAG(s) 'example_trigger_target_dag' retrieved from /home/airflow/.local/lib/python3.12/site-packages/airflow/example_dags/example_trigger_target_dag.py
[2025-03-19T00:04:52.588+0000] {logging_mixin.py:190} INFO - [2025-03-19T00:04:52.588+0000] {dag.py:3239} INFO - Sync 1 DAGs
[2025-03-19T00:04:52.593+0000] {logging_mixin.py:190} INFO - [2025-03-19T00:04:52.593+0000] {dag.py:4180} INFO - Setting next_dagrun for example_trigger_target_dag to None, run_after=None
[2025-03-19T00:04:52.599+0000] {processor.py:208} INFO - Processing /home/airflow/.local/lib/python3.12/site-packages/airflow/example_dags/example_trigger_target_dag.py took 0.026 seconds
[2025-03-19T00:05:23.693+0000] {processor.py:186} INFO - Started process (PID=17466) to work on /home/airflow/.local/lib/python3.12/site-packages/airflow/example_dags/example_trigger_target_dag.py
[2025-03-19T00:05:23.694+0000] {processor.py:914} INFO - Processing file /home/airflow/.local/lib/python3.12/site-packages/airflow/example_dags/example_trigger_target_dag.py for tasks to queue
[2025-03-19T00:05:23.695+0000] {logging_mixin.py:190} INFO - [2025-03-19T00:05:23.695+0000] {dagbag.py:588} INFO - Filling up the DagBag from /home/airflow/.local/lib/python3.12/site-packages/airflow/example_dags/example_trigger_target_dag.py
[2025-03-19T00:05:23.699+0000] {processor.py:925} INFO - DAG(s) 'example_trigger_target_dag' retrieved from /home/airflow/.local/lib/python3.12/site-packages/airflow/example_dags/example_trigger_target_dag.py
[2025-03-19T00:05:23.710+0000] {logging_mixin.py:190} INFO - [2025-03-19T00:05:23.710+0000] {dag.py:3239} INFO - Sync 1 DAGs
[2025-03-19T00:05:23.715+0000] {logging_mixin.py:190} INFO - [2025-03-19T00:05:23.714+0000] {dag.py:4180} INFO - Setting next_dagrun for example_trigger_target_dag to None, run_after=None
[2025-03-19T00:05:23.721+0000] {processor.py:208} INFO - Processing /home/airflow/.local/lib/python3.12/site-packages/airflow/example_dags/example_trigger_target_dag.py took 0.030 seconds
[2025-03-19T00:05:54.880+0000] {processor.py:186} INFO - Started process (PID=17528) to work on /home/airflow/.local/lib/python3.12/site-packages/airflow/example_dags/example_trigger_target_dag.py
[2025-03-19T00:05:54.880+0000] {processor.py:914} INFO - Processing file /home/airflow/.local/lib/python3.12/site-packages/airflow/example_dags/example_trigger_target_dag.py for tasks to queue
[2025-03-19T00:05:54.881+0000] {logging_mixin.py:190} INFO - [2025-03-19T00:05:54.881+0000] {dagbag.py:588} INFO - Filling up the DagBag from /home/airflow/.local/lib/python3.12/site-packages/airflow/example_dags/example_trigger_target_dag.py
[2025-03-19T00:05:54.885+0000] {processor.py:925} INFO - DAG(s) 'example_trigger_target_dag' retrieved from /home/airflow/.local/lib/python3.12/site-packages/airflow/example_dags/example_trigger_target_dag.py
[2025-03-19T00:05:54.892+0000] {logging_mixin.py:190} INFO - [2025-03-19T00:05:54.891+0000] {dag.py:3239} INFO - Sync 1 DAGs
[2025-03-19T00:05:54.896+0000] {logging_mixin.py:190} INFO - [2025-03-19T00:05:54.896+0000] {dag.py:4180} INFO - Setting next_dagrun for example_trigger_target_dag to None, run_after=None
[2025-03-19T00:05:54.902+0000] {processor.py:208} INFO - Processing /home/airflow/.local/lib/python3.12/site-packages/airflow/example_dags/example_trigger_target_dag.py took 0.024 seconds
[2025-03-19T00:06:26.038+0000] {processor.py:186} INFO - Started process (PID=17591) to work on /home/airflow/.local/lib/python3.12/site-packages/airflow/example_dags/example_trigger_target_dag.py
[2025-03-19T00:06:26.039+0000] {processor.py:914} INFO - Processing file /home/airflow/.local/lib/python3.12/site-packages/airflow/example_dags/example_trigger_target_dag.py for tasks to queue
[2025-03-19T00:06:26.041+0000] {logging_mixin.py:190} INFO - [2025-03-19T00:06:26.041+0000] {dagbag.py:588} INFO - Filling up the DagBag from /home/airflow/.local/lib/python3.12/site-packages/airflow/example_dags/example_trigger_target_dag.py
[2025-03-19T00:06:26.046+0000] {processor.py:925} INFO - DAG(s) 'example_trigger_target_dag' retrieved from /home/airflow/.local/lib/python3.12/site-packages/airflow/example_dags/example_trigger_target_dag.py
[2025-03-19T00:06:26.055+0000] {logging_mixin.py:190} INFO - [2025-03-19T00:06:26.055+0000] {dag.py:3239} INFO - Sync 1 DAGs
[2025-03-19T00:06:26.060+0000] {logging_mixin.py:190} INFO - [2025-03-19T00:06:26.060+0000] {dag.py:4180} INFO - Setting next_dagrun for example_trigger_target_dag to None, run_after=None
[2025-03-19T00:06:26.069+0000] {processor.py:208} INFO - Processing /home/airflow/.local/lib/python3.12/site-packages/airflow/example_dags/example_trigger_target_dag.py took 0.033 seconds
[2025-03-19T00:06:57.167+0000] {processor.py:186} INFO - Started process (PID=17654) to work on /home/airflow/.local/lib/python3.12/site-packages/airflow/example_dags/example_trigger_target_dag.py
[2025-03-19T00:06:57.167+0000] {processor.py:914} INFO - Processing file /home/airflow/.local/lib/python3.12/site-packages/airflow/example_dags/example_trigger_target_dag.py for tasks to queue
[2025-03-19T00:06:57.168+0000] {logging_mixin.py:190} INFO - [2025-03-19T00:06:57.168+0000] {dagbag.py:588} INFO - Filling up the DagBag from /home/airflow/.local/lib/python3.12/site-packages/airflow/example_dags/example_trigger_target_dag.py
[2025-03-19T00:06:57.171+0000] {processor.py:925} INFO - DAG(s) 'example_trigger_target_dag' retrieved from /home/airflow/.local/lib/python3.12/site-packages/airflow/example_dags/example_trigger_target_dag.py
[2025-03-19T00:06:57.178+0000] {logging_mixin.py:190} INFO - [2025-03-19T00:06:57.178+0000] {dag.py:3239} INFO - Sync 1 DAGs
[2025-03-19T00:06:57.182+0000] {logging_mixin.py:190} INFO - [2025-03-19T00:06:57.182+0000] {dag.py:4180} INFO - Setting next_dagrun for example_trigger_target_dag to None, run_after=None
[2025-03-19T00:06:57.187+0000] {processor.py:208} INFO - Processing /home/airflow/.local/lib/python3.12/site-packages/airflow/example_dags/example_trigger_target_dag.py took 0.023 seconds
[2025-03-19T00:07:28.391+0000] {processor.py:186} INFO - Started process (PID=17717) to work on /home/airflow/.local/lib/python3.12/site-packages/airflow/example_dags/example_trigger_target_dag.py
[2025-03-19T00:07:28.391+0000] {processor.py:914} INFO - Processing file /home/airflow/.local/lib/python3.12/site-packages/airflow/example_dags/example_trigger_target_dag.py for tasks to queue
[2025-03-19T00:07:28.392+0000] {logging_mixin.py:190} INFO - [2025-03-19T00:07:28.392+0000] {dagbag.py:588} INFO - Filling up the DagBag from /home/airflow/.local/lib/python3.12/site-packages/airflow/example_dags/example_trigger_target_dag.py
[2025-03-19T00:07:28.396+0000] {processor.py:925} INFO - DAG(s) 'example_trigger_target_dag' retrieved from /home/airflow/.local/lib/python3.12/site-packages/airflow/example_dags/example_trigger_target_dag.py
[2025-03-19T00:07:28.406+0000] {logging_mixin.py:190} INFO - [2025-03-19T00:07:28.406+0000] {dag.py:3239} INFO - Sync 1 DAGs
[2025-03-19T00:07:28.411+0000] {logging_mixin.py:190} INFO - [2025-03-19T00:07:28.411+0000] {dag.py:4180} INFO - Setting next_dagrun for example_trigger_target_dag to None, run_after=None
[2025-03-19T00:07:28.424+0000] {processor.py:208} INFO - Processing /home/airflow/.local/lib/python3.12/site-packages/airflow/example_dags/example_trigger_target_dag.py took 0.036 seconds
[2025-03-19T00:07:59.692+0000] {processor.py:186} INFO - Started process (PID=17780) to work on /home/airflow/.local/lib/python3.12/site-packages/airflow/example_dags/example_trigger_target_dag.py
[2025-03-19T00:07:59.693+0000] {processor.py:914} INFO - Processing file /home/airflow/.local/lib/python3.12/site-packages/airflow/example_dags/example_trigger_target_dag.py for tasks to queue
[2025-03-19T00:07:59.696+0000] {logging_mixin.py:190} INFO - [2025-03-19T00:07:59.696+0000] {dagbag.py:588} INFO - Filling up the DagBag from /home/airflow/.local/lib/python3.12/site-packages/airflow/example_dags/example_trigger_target_dag.py
[2025-03-19T00:07:59.699+0000] {processor.py:925} INFO - DAG(s) 'example_trigger_target_dag' retrieved from /home/airflow/.local/lib/python3.12/site-packages/airflow/example_dags/example_trigger_target_dag.py
[2025-03-19T00:07:59.708+0000] {logging_mixin.py:190} INFO - [2025-03-19T00:07:59.707+0000] {dag.py:3239} INFO - Sync 1 DAGs
[2025-03-19T00:07:59.713+0000] {logging_mixin.py:190} INFO - [2025-03-19T00:07:59.713+0000] {dag.py:4180} INFO - Setting next_dagrun for example_trigger_target_dag to None, run_after=None
[2025-03-19T00:07:59.723+0000] {processor.py:208} INFO - Processing /home/airflow/.local/lib/python3.12/site-packages/airflow/example_dags/example_trigger_target_dag.py took 0.034 seconds
