[2025-03-19T00:00:12.728+0000] {processor.py:186} INFO - Started process (PID=16833) to work on /home/airflow/.local/lib/python3.12/site-packages/airflow/example_dags/example_dag_decorator.py
[2025-03-19T00:00:12.728+0000] {processor.py:914} INFO - Processing file /home/airflow/.local/lib/python3.12/site-packages/airflow/example_dags/example_dag_decorator.py for tasks to queue
[2025-03-19T00:00:12.729+0000] {logging_mixin.py:190} INFO - [2025-03-19T00:00:12.729+0000] {dagbag.py:588} INFO - Filling up the DagBag from /home/airflow/.local/lib/python3.12/site-packages/airflow/example_dags/example_dag_decorator.py
[2025-03-19T00:00:12.764+0000] {processor.py:925} INFO - DAG(s) 'example_dag_decorator' retrieved from /home/airflow/.local/lib/python3.12/site-packages/airflow/example_dags/example_dag_decorator.py
[2025-03-19T00:00:12.772+0000] {logging_mixin.py:190} INFO - [2025-03-19T00:00:12.772+0000] {dag.py:3239} INFO - Sync 1 DAGs
[2025-03-19T00:00:12.778+0000] {logging_mixin.py:190} INFO - [2025-03-19T00:00:12.778+0000] {dag.py:4180} INFO - Setting next_dagrun for example_dag_decorator to None, run_after=None
[2025-03-19T00:00:12.784+0000] {processor.py:208} INFO - Processing /home/airflow/.local/lib/python3.12/site-packages/airflow/example_dags/example_dag_decorator.py took 0.059 seconds
[2025-03-19T00:00:43.807+0000] {processor.py:186} INFO - Started process (PID=16895) to work on /home/airflow/.local/lib/python3.12/site-packages/airflow/example_dags/example_dag_decorator.py
[2025-03-19T00:00:43.808+0000] {processor.py:914} INFO - Processing file /home/airflow/.local/lib/python3.12/site-packages/airflow/example_dags/example_dag_decorator.py for tasks to queue
[2025-03-19T00:00:43.809+0000] {logging_mixin.py:190} INFO - [2025-03-19T00:00:43.809+0000] {dagbag.py:588} INFO - Filling up the DagBag from /home/airflow/.local/lib/python3.12/site-packages/airflow/example_dags/example_dag_decorator.py
[2025-03-19T00:00:43.851+0000] {processor.py:925} INFO - DAG(s) 'example_dag_decorator' retrieved from /home/airflow/.local/lib/python3.12/site-packages/airflow/example_dags/example_dag_decorator.py
[2025-03-19T00:00:43.863+0000] {logging_mixin.py:190} INFO - [2025-03-19T00:00:43.863+0000] {dag.py:3239} INFO - Sync 1 DAGs
[2025-03-19T00:00:43.868+0000] {logging_mixin.py:190} INFO - [2025-03-19T00:00:43.868+0000] {dag.py:4180} INFO - Setting next_dagrun for example_dag_decorator to None, run_after=None
[2025-03-19T00:00:43.876+0000] {processor.py:208} INFO - Processing /home/airflow/.local/lib/python3.12/site-packages/airflow/example_dags/example_dag_decorator.py took 0.071 seconds
[2025-03-19T00:01:14.884+0000] {processor.py:186} INFO - Started process (PID=16958) to work on /home/airflow/.local/lib/python3.12/site-packages/airflow/example_dags/example_dag_decorator.py
[2025-03-19T00:01:14.885+0000] {processor.py:914} INFO - Processing file /home/airflow/.local/lib/python3.12/site-packages/airflow/example_dags/example_dag_decorator.py for tasks to queue
[2025-03-19T00:01:14.885+0000] {logging_mixin.py:190} INFO - [2025-03-19T00:01:14.885+0000] {dagbag.py:588} INFO - Filling up the DagBag from /home/airflow/.local/lib/python3.12/site-packages/airflow/example_dags/example_dag_decorator.py
[2025-03-19T00:01:14.921+0000] {processor.py:925} INFO - DAG(s) 'example_dag_decorator' retrieved from /home/airflow/.local/lib/python3.12/site-packages/airflow/example_dags/example_dag_decorator.py
[2025-03-19T00:01:14.963+0000] {logging_mixin.py:190} INFO - [2025-03-19T00:01:14.962+0000] {dag.py:3239} INFO - Sync 1 DAGs
[2025-03-19T00:01:14.967+0000] {logging_mixin.py:190} INFO - [2025-03-19T00:01:14.967+0000] {dag.py:4180} INFO - Setting next_dagrun for example_dag_decorator to None, run_after=None
[2025-03-19T00:01:14.976+0000] {processor.py:208} INFO - Processing /home/airflow/.local/lib/python3.12/site-packages/airflow/example_dags/example_dag_decorator.py took 0.094 seconds
[2025-03-19T00:01:45.892+0000] {processor.py:186} INFO - Started process (PID=17021) to work on /home/airflow/.local/lib/python3.12/site-packages/airflow/example_dags/example_dag_decorator.py
[2025-03-19T00:01:45.892+0000] {processor.py:914} INFO - Processing file /home/airflow/.local/lib/python3.12/site-packages/airflow/example_dags/example_dag_decorator.py for tasks to queue
[2025-03-19T00:01:45.894+0000] {logging_mixin.py:190} INFO - [2025-03-19T00:01:45.894+0000] {dagbag.py:588} INFO - Filling up the DagBag from /home/airflow/.local/lib/python3.12/site-packages/airflow/example_dags/example_dag_decorator.py
[2025-03-19T00:01:45.930+0000] {processor.py:925} INFO - DAG(s) 'example_dag_decorator' retrieved from /home/airflow/.local/lib/python3.12/site-packages/airflow/example_dags/example_dag_decorator.py
[2025-03-19T00:01:45.938+0000] {logging_mixin.py:190} INFO - [2025-03-19T00:01:45.938+0000] {dag.py:3239} INFO - Sync 1 DAGs
[2025-03-19T00:01:45.944+0000] {logging_mixin.py:190} INFO - [2025-03-19T00:01:45.944+0000] {dag.py:4180} INFO - Setting next_dagrun for example_dag_decorator to None, run_after=None
[2025-03-19T00:01:45.953+0000] {processor.py:208} INFO - Processing /home/airflow/.local/lib/python3.12/site-packages/airflow/example_dags/example_dag_decorator.py took 0.064 seconds
[2025-03-19T00:02:17.041+0000] {processor.py:186} INFO - Started process (PID=17084) to work on /home/airflow/.local/lib/python3.12/site-packages/airflow/example_dags/example_dag_decorator.py
[2025-03-19T00:02:17.042+0000] {processor.py:914} INFO - Processing file /home/airflow/.local/lib/python3.12/site-packages/airflow/example_dags/example_dag_decorator.py for tasks to queue
[2025-03-19T00:02:17.043+0000] {logging_mixin.py:190} INFO - [2025-03-19T00:02:17.043+0000] {dagbag.py:588} INFO - Filling up the DagBag from /home/airflow/.local/lib/python3.12/site-packages/airflow/example_dags/example_dag_decorator.py
[2025-03-19T00:02:17.085+0000] {processor.py:925} INFO - DAG(s) 'example_dag_decorator' retrieved from /home/airflow/.local/lib/python3.12/site-packages/airflow/example_dags/example_dag_decorator.py
[2025-03-19T00:02:17.095+0000] {logging_mixin.py:190} INFO - [2025-03-19T00:02:17.095+0000] {dag.py:3239} INFO - Sync 1 DAGs
[2025-03-19T00:02:17.100+0000] {logging_mixin.py:190} INFO - [2025-03-19T00:02:17.100+0000] {dag.py:4180} INFO - Setting next_dagrun for example_dag_decorator to None, run_after=None
[2025-03-19T00:02:17.114+0000] {processor.py:208} INFO - Processing /home/airflow/.local/lib/python3.12/site-packages/airflow/example_dags/example_dag_decorator.py took 0.075 seconds
[2025-03-19T00:02:48.157+0000] {processor.py:186} INFO - Started process (PID=17147) to work on /home/airflow/.local/lib/python3.12/site-packages/airflow/example_dags/example_dag_decorator.py
[2025-03-19T00:02:48.159+0000] {processor.py:914} INFO - Processing file /home/airflow/.local/lib/python3.12/site-packages/airflow/example_dags/example_dag_decorator.py for tasks to queue
[2025-03-19T00:02:48.160+0000] {logging_mixin.py:190} INFO - [2025-03-19T00:02:48.160+0000] {dagbag.py:588} INFO - Filling up the DagBag from /home/airflow/.local/lib/python3.12/site-packages/airflow/example_dags/example_dag_decorator.py
[2025-03-19T00:02:48.199+0000] {processor.py:925} INFO - DAG(s) 'example_dag_decorator' retrieved from /home/airflow/.local/lib/python3.12/site-packages/airflow/example_dags/example_dag_decorator.py
[2025-03-19T00:02:48.250+0000] {logging_mixin.py:190} INFO - [2025-03-19T00:02:48.250+0000] {dag.py:3239} INFO - Sync 1 DAGs
[2025-03-19T00:02:48.254+0000] {logging_mixin.py:190} INFO - [2025-03-19T00:02:48.254+0000] {dag.py:4180} INFO - Setting next_dagrun for example_dag_decorator to None, run_after=None
[2025-03-19T00:02:48.261+0000] {processor.py:208} INFO - Processing /home/airflow/.local/lib/python3.12/site-packages/airflow/example_dags/example_dag_decorator.py took 0.106 seconds
[2025-03-19T00:03:19.297+0000] {processor.py:186} INFO - Started process (PID=17210) to work on /home/airflow/.local/lib/python3.12/site-packages/airflow/example_dags/example_dag_decorator.py
[2025-03-19T00:03:19.297+0000] {processor.py:914} INFO - Processing file /home/airflow/.local/lib/python3.12/site-packages/airflow/example_dags/example_dag_decorator.py for tasks to queue
[2025-03-19T00:03:19.298+0000] {logging_mixin.py:190} INFO - [2025-03-19T00:03:19.298+0000] {dagbag.py:588} INFO - Filling up the DagBag from /home/airflow/.local/lib/python3.12/site-packages/airflow/example_dags/example_dag_decorator.py
[2025-03-19T00:03:19.336+0000] {processor.py:925} INFO - DAG(s) 'example_dag_decorator' retrieved from /home/airflow/.local/lib/python3.12/site-packages/airflow/example_dags/example_dag_decorator.py
[2025-03-19T00:03:19.383+0000] {logging_mixin.py:190} INFO - [2025-03-19T00:03:19.383+0000] {dag.py:3239} INFO - Sync 1 DAGs
[2025-03-19T00:03:19.387+0000] {logging_mixin.py:190} INFO - [2025-03-19T00:03:19.387+0000] {dag.py:4180} INFO - Setting next_dagrun for example_dag_decorator to None, run_after=None
[2025-03-19T00:03:19.397+0000] {processor.py:208} INFO - Processing /home/airflow/.local/lib/python3.12/site-packages/airflow/example_dags/example_dag_decorator.py took 0.102 seconds
[2025-03-19T00:03:50.417+0000] {processor.py:186} INFO - Started process (PID=17273) to work on /home/airflow/.local/lib/python3.12/site-packages/airflow/example_dags/example_dag_decorator.py
[2025-03-19T00:03:50.418+0000] {processor.py:914} INFO - Processing file /home/airflow/.local/lib/python3.12/site-packages/airflow/example_dags/example_dag_decorator.py for tasks to queue
[2025-03-19T00:03:50.419+0000] {logging_mixin.py:190} INFO - [2025-03-19T00:03:50.419+0000] {dagbag.py:588} INFO - Filling up the DagBag from /home/airflow/.local/lib/python3.12/site-packages/airflow/example_dags/example_dag_decorator.py
[2025-03-19T00:03:50.456+0000] {processor.py:925} INFO - DAG(s) 'example_dag_decorator' retrieved from /home/airflow/.local/lib/python3.12/site-packages/airflow/example_dags/example_dag_decorator.py
[2025-03-19T00:03:50.501+0000] {logging_mixin.py:190} INFO - [2025-03-19T00:03:50.501+0000] {dag.py:3239} INFO - Sync 1 DAGs
[2025-03-19T00:03:50.505+0000] {logging_mixin.py:190} INFO - [2025-03-19T00:03:50.505+0000] {dag.py:4180} INFO - Setting next_dagrun for example_dag_decorator to None, run_after=None
[2025-03-19T00:03:50.517+0000] {processor.py:208} INFO - Processing /home/airflow/.local/lib/python3.12/site-packages/airflow/example_dags/example_dag_decorator.py took 0.102 seconds
[2025-03-19T00:04:21.432+0000] {processor.py:186} INFO - Started process (PID=17338) to work on /home/airflow/.local/lib/python3.12/site-packages/airflow/example_dags/example_dag_decorator.py
[2025-03-19T00:04:21.433+0000] {processor.py:914} INFO - Processing file /home/airflow/.local/lib/python3.12/site-packages/airflow/example_dags/example_dag_decorator.py for tasks to queue
[2025-03-19T00:04:21.434+0000] {logging_mixin.py:190} INFO - [2025-03-19T00:04:21.434+0000] {dagbag.py:588} INFO - Filling up the DagBag from /home/airflow/.local/lib/python3.12/site-packages/airflow/example_dags/example_dag_decorator.py
[2025-03-19T00:04:21.466+0000] {processor.py:925} INFO - DAG(s) 'example_dag_decorator' retrieved from /home/airflow/.local/lib/python3.12/site-packages/airflow/example_dags/example_dag_decorator.py
[2025-03-19T00:04:21.505+0000] {logging_mixin.py:190} INFO - [2025-03-19T00:04:21.504+0000] {dag.py:3239} INFO - Sync 1 DAGs
[2025-03-19T00:04:21.509+0000] {logging_mixin.py:190} INFO - [2025-03-19T00:04:21.508+0000] {dag.py:4180} INFO - Setting next_dagrun for example_dag_decorator to None, run_after=None
[2025-03-19T00:04:21.515+0000] {processor.py:208} INFO - Processing /home/airflow/.local/lib/python3.12/site-packages/airflow/example_dags/example_dag_decorator.py took 0.085 seconds
[2025-03-19T00:04:52.441+0000] {processor.py:186} INFO - Started process (PID=17399) to work on /home/airflow/.local/lib/python3.12/site-packages/airflow/example_dags/example_dag_decorator.py
[2025-03-19T00:04:52.442+0000] {processor.py:914} INFO - Processing file /home/airflow/.local/lib/python3.12/site-packages/airflow/example_dags/example_dag_decorator.py for tasks to queue
[2025-03-19T00:04:52.443+0000] {logging_mixin.py:190} INFO - [2025-03-19T00:04:52.442+0000] {dagbag.py:588} INFO - Filling up the DagBag from /home/airflow/.local/lib/python3.12/site-packages/airflow/example_dags/example_dag_decorator.py
[2025-03-19T00:04:52.480+0000] {processor.py:925} INFO - DAG(s) 'example_dag_decorator' retrieved from /home/airflow/.local/lib/python3.12/site-packages/airflow/example_dags/example_dag_decorator.py
[2025-03-19T00:04:52.521+0000] {logging_mixin.py:190} INFO - [2025-03-19T00:04:52.520+0000] {dag.py:3239} INFO - Sync 1 DAGs
[2025-03-19T00:04:52.525+0000] {logging_mixin.py:190} INFO - [2025-03-19T00:04:52.524+0000] {dag.py:4180} INFO - Setting next_dagrun for example_dag_decorator to None, run_after=None
[2025-03-19T00:04:52.531+0000] {processor.py:208} INFO - Processing /home/airflow/.local/lib/python3.12/site-packages/airflow/example_dags/example_dag_decorator.py took 0.092 seconds
[2025-03-19T00:05:23.577+0000] {processor.py:186} INFO - Started process (PID=17462) to work on /home/airflow/.local/lib/python3.12/site-packages/airflow/example_dags/example_dag_decorator.py
[2025-03-19T00:05:23.577+0000] {processor.py:914} INFO - Processing file /home/airflow/.local/lib/python3.12/site-packages/airflow/example_dags/example_dag_decorator.py for tasks to queue
[2025-03-19T00:05:23.578+0000] {logging_mixin.py:190} INFO - [2025-03-19T00:05:23.578+0000] {dagbag.py:588} INFO - Filling up the DagBag from /home/airflow/.local/lib/python3.12/site-packages/airflow/example_dags/example_dag_decorator.py
[2025-03-19T00:05:23.616+0000] {processor.py:925} INFO - DAG(s) 'example_dag_decorator' retrieved from /home/airflow/.local/lib/python3.12/site-packages/airflow/example_dags/example_dag_decorator.py
[2025-03-19T00:05:23.661+0000] {logging_mixin.py:190} INFO - [2025-03-19T00:05:23.661+0000] {dag.py:3239} INFO - Sync 1 DAGs
[2025-03-19T00:05:23.666+0000] {logging_mixin.py:190} INFO - [2025-03-19T00:05:23.666+0000] {dag.py:4180} INFO - Setting next_dagrun for example_dag_decorator to None, run_after=None
[2025-03-19T00:05:23.677+0000] {processor.py:208} INFO - Processing /home/airflow/.local/lib/python3.12/site-packages/airflow/example_dags/example_dag_decorator.py took 0.103 seconds
[2025-03-19T00:05:54.772+0000] {processor.py:186} INFO - Started process (PID=17525) to work on /home/airflow/.local/lib/python3.12/site-packages/airflow/example_dags/example_dag_decorator.py
[2025-03-19T00:05:54.773+0000] {processor.py:914} INFO - Processing file /home/airflow/.local/lib/python3.12/site-packages/airflow/example_dags/example_dag_decorator.py for tasks to queue
[2025-03-19T00:05:54.775+0000] {logging_mixin.py:190} INFO - [2025-03-19T00:05:54.775+0000] {dagbag.py:588} INFO - Filling up the DagBag from /home/airflow/.local/lib/python3.12/site-packages/airflow/example_dags/example_dag_decorator.py
[2025-03-19T00:05:54.810+0000] {processor.py:925} INFO - DAG(s) 'example_dag_decorator' retrieved from /home/airflow/.local/lib/python3.12/site-packages/airflow/example_dags/example_dag_decorator.py
[2025-03-19T00:05:54.855+0000] {logging_mixin.py:190} INFO - [2025-03-19T00:05:54.855+0000] {dag.py:3239} INFO - Sync 1 DAGs
[2025-03-19T00:05:54.859+0000] {logging_mixin.py:190} INFO - [2025-03-19T00:05:54.859+0000] {dag.py:4180} INFO - Setting next_dagrun for example_dag_decorator to None, run_after=None
[2025-03-19T00:05:54.869+0000] {processor.py:208} INFO - Processing /home/airflow/.local/lib/python3.12/site-packages/airflow/example_dags/example_dag_decorator.py took 0.099 seconds
[2025-03-19T00:06:25.952+0000] {processor.py:186} INFO - Started process (PID=17588) to work on /home/airflow/.local/lib/python3.12/site-packages/airflow/example_dags/example_dag_decorator.py
[2025-03-19T00:06:25.953+0000] {processor.py:914} INFO - Processing file /home/airflow/.local/lib/python3.12/site-packages/airflow/example_dags/example_dag_decorator.py for tasks to queue
[2025-03-19T00:06:25.954+0000] {logging_mixin.py:190} INFO - [2025-03-19T00:06:25.954+0000] {dagbag.py:588} INFO - Filling up the DagBag from /home/airflow/.local/lib/python3.12/site-packages/airflow/example_dags/example_dag_decorator.py
[2025-03-19T00:06:25.990+0000] {processor.py:925} INFO - DAG(s) 'example_dag_decorator' retrieved from /home/airflow/.local/lib/python3.12/site-packages/airflow/example_dags/example_dag_decorator.py
[2025-03-19T00:06:26.032+0000] {logging_mixin.py:190} INFO - [2025-03-19T00:06:26.032+0000] {dag.py:3239} INFO - Sync 1 DAGs
[2025-03-19T00:06:26.037+0000] {logging_mixin.py:190} INFO - [2025-03-19T00:06:26.037+0000] {dag.py:4180} INFO - Setting next_dagrun for example_dag_decorator to None, run_after=None
[2025-03-19T00:06:26.046+0000] {processor.py:208} INFO - Processing /home/airflow/.local/lib/python3.12/site-packages/airflow/example_dags/example_dag_decorator.py took 0.096 seconds
[2025-03-19T00:06:57.042+0000] {processor.py:186} INFO - Started process (PID=17651) to work on /home/airflow/.local/lib/python3.12/site-packages/airflow/example_dags/example_dag_decorator.py
[2025-03-19T00:06:57.042+0000] {processor.py:914} INFO - Processing file /home/airflow/.local/lib/python3.12/site-packages/airflow/example_dags/example_dag_decorator.py for tasks to queue
[2025-03-19T00:06:57.043+0000] {logging_mixin.py:190} INFO - [2025-03-19T00:06:57.043+0000] {dagbag.py:588} INFO - Filling up the DagBag from /home/airflow/.local/lib/python3.12/site-packages/airflow/example_dags/example_dag_decorator.py
[2025-03-19T00:06:57.075+0000] {processor.py:925} INFO - DAG(s) 'example_dag_decorator' retrieved from /home/airflow/.local/lib/python3.12/site-packages/airflow/example_dags/example_dag_decorator.py
[2025-03-19T00:06:57.108+0000] {logging_mixin.py:190} INFO - [2025-03-19T00:06:57.108+0000] {dag.py:3239} INFO - Sync 1 DAGs
[2025-03-19T00:06:57.112+0000] {logging_mixin.py:190} INFO - [2025-03-19T00:06:57.112+0000] {dag.py:4180} INFO - Setting next_dagrun for example_dag_decorator to None, run_after=None
[2025-03-19T00:06:57.117+0000] {processor.py:208} INFO - Processing /home/airflow/.local/lib/python3.12/site-packages/airflow/example_dags/example_dag_decorator.py took 0.078 seconds
[2025-03-19T00:07:28.278+0000] {processor.py:186} INFO - Started process (PID=17714) to work on /home/airflow/.local/lib/python3.12/site-packages/airflow/example_dags/example_dag_decorator.py
[2025-03-19T00:07:28.278+0000] {processor.py:914} INFO - Processing file /home/airflow/.local/lib/python3.12/site-packages/airflow/example_dags/example_dag_decorator.py for tasks to queue
[2025-03-19T00:07:28.279+0000] {logging_mixin.py:190} INFO - [2025-03-19T00:07:28.279+0000] {dagbag.py:588} INFO - Filling up the DagBag from /home/airflow/.local/lib/python3.12/site-packages/airflow/example_dags/example_dag_decorator.py
[2025-03-19T00:07:28.315+0000] {processor.py:925} INFO - DAG(s) 'example_dag_decorator' retrieved from /home/airflow/.local/lib/python3.12/site-packages/airflow/example_dags/example_dag_decorator.py
[2025-03-19T00:07:28.362+0000] {logging_mixin.py:190} INFO - [2025-03-19T00:07:28.362+0000] {dag.py:3239} INFO - Sync 1 DAGs
[2025-03-19T00:07:28.366+0000] {logging_mixin.py:190} INFO - [2025-03-19T00:07:28.366+0000] {dag.py:4180} INFO - Setting next_dagrun for example_dag_decorator to None, run_after=None
[2025-03-19T00:07:28.378+0000] {processor.py:208} INFO - Processing /home/airflow/.local/lib/python3.12/site-packages/airflow/example_dags/example_dag_decorator.py took 0.103 seconds
[2025-03-19T00:07:59.586+0000] {processor.py:186} INFO - Started process (PID=17777) to work on /home/airflow/.local/lib/python3.12/site-packages/airflow/example_dags/example_dag_decorator.py
[2025-03-19T00:07:59.586+0000] {processor.py:914} INFO - Processing file /home/airflow/.local/lib/python3.12/site-packages/airflow/example_dags/example_dag_decorator.py for tasks to queue
[2025-03-19T00:07:59.589+0000] {logging_mixin.py:190} INFO - [2025-03-19T00:07:59.588+0000] {dagbag.py:588} INFO - Filling up the DagBag from /home/airflow/.local/lib/python3.12/site-packages/airflow/example_dags/example_dag_decorator.py
[2025-03-19T00:07:59.631+0000] {processor.py:925} INFO - DAG(s) 'example_dag_decorator' retrieved from /home/airflow/.local/lib/python3.12/site-packages/airflow/example_dags/example_dag_decorator.py
[2025-03-19T00:07:59.677+0000] {logging_mixin.py:190} INFO - [2025-03-19T00:07:59.677+0000] {dag.py:3239} INFO - Sync 1 DAGs
[2025-03-19T00:07:59.685+0000] {logging_mixin.py:190} INFO - [2025-03-19T00:07:59.685+0000] {dag.py:4180} INFO - Setting next_dagrun for example_dag_decorator to None, run_after=None
[2025-03-19T00:07:59.692+0000] {processor.py:208} INFO - Processing /home/airflow/.local/lib/python3.12/site-packages/airflow/example_dags/example_dag_decorator.py took 0.108 seconds
