[2025-03-19T00:00:12.203+0000] {processor.py:186} INFO - Started process (PID=16812) to work on /home/airflow/.local/lib/python3.12/site-packages/airflow/example_dags/example_xcomargs.py
[2025-03-19T00:00:12.204+0000] {processor.py:914} INFO - Processing file /home/airflow/.local/lib/python3.12/site-packages/airflow/example_dags/example_xcomargs.py for tasks to queue
[2025-03-19T00:00:12.205+0000] {logging_mixin.py:190} INFO - [2025-03-19T00:00:12.205+0000] {dagbag.py:588} INFO - Filling up the DagBag from /home/airflow/.local/lib/python3.12/site-packages/airflow/example_dags/example_xcomargs.py
[2025-03-19T00:00:12.209+0000] {processor.py:925} INFO - DAG(s) 'example_xcom_args_with_operators', 'example_xcom_args' retrieved from /home/airflow/.local/lib/python3.12/site-packages/airflow/example_dags/example_xcomargs.py
[2025-03-19T00:00:12.222+0000] {logging_mixin.py:190} INFO - [2025-03-19T00:00:12.222+0000] {dag.py:3239} INFO - Sync 2 DAGs
[2025-03-19T00:00:12.228+0000] {logging_mixin.py:190} INFO - [2025-03-19T00:00:12.228+0000] {dag.py:4180} INFO - Setting next_dagrun for example_xcom_args to None, run_after=None
[2025-03-19T00:00:12.231+0000] {logging_mixin.py:190} INFO - [2025-03-19T00:00:12.231+0000] {dag.py:4180} INFO - Setting next_dagrun for example_xcom_args_with_operators to None, run_after=None
[2025-03-19T00:00:12.238+0000] {processor.py:208} INFO - Processing /home/airflow/.local/lib/python3.12/site-packages/airflow/example_dags/example_xcomargs.py took 0.047 seconds
[2025-03-19T00:00:43.285+0000] {processor.py:186} INFO - Started process (PID=16875) to work on /home/airflow/.local/lib/python3.12/site-packages/airflow/example_dags/example_xcomargs.py
[2025-03-19T00:00:43.285+0000] {processor.py:914} INFO - Processing file /home/airflow/.local/lib/python3.12/site-packages/airflow/example_dags/example_xcomargs.py for tasks to queue
[2025-03-19T00:00:43.286+0000] {logging_mixin.py:190} INFO - [2025-03-19T00:00:43.286+0000] {dagbag.py:588} INFO - Filling up the DagBag from /home/airflow/.local/lib/python3.12/site-packages/airflow/example_dags/example_xcomargs.py
[2025-03-19T00:00:43.290+0000] {processor.py:925} INFO - DAG(s) 'example_xcom_args', 'example_xcom_args_with_operators' retrieved from /home/airflow/.local/lib/python3.12/site-packages/airflow/example_dags/example_xcomargs.py
[2025-03-19T00:00:43.299+0000] {logging_mixin.py:190} INFO - [2025-03-19T00:00:43.299+0000] {dag.py:3239} INFO - Sync 2 DAGs
[2025-03-19T00:00:43.304+0000] {logging_mixin.py:190} INFO - [2025-03-19T00:00:43.304+0000] {dag.py:4180} INFO - Setting next_dagrun for example_xcom_args to None, run_after=None
[2025-03-19T00:00:43.305+0000] {logging_mixin.py:190} INFO - [2025-03-19T00:00:43.305+0000] {dag.py:4180} INFO - Setting next_dagrun for example_xcom_args_with_operators to None, run_after=None
[2025-03-19T00:00:43.311+0000] {processor.py:208} INFO - Processing /home/airflow/.local/lib/python3.12/site-packages/airflow/example_dags/example_xcomargs.py took 0.028 seconds
[2025-03-19T00:01:14.383+0000] {processor.py:186} INFO - Started process (PID=16938) to work on /home/airflow/.local/lib/python3.12/site-packages/airflow/example_dags/example_xcomargs.py
[2025-03-19T00:01:14.383+0000] {processor.py:914} INFO - Processing file /home/airflow/.local/lib/python3.12/site-packages/airflow/example_dags/example_xcomargs.py for tasks to queue
[2025-03-19T00:01:14.385+0000] {logging_mixin.py:190} INFO - [2025-03-19T00:01:14.385+0000] {dagbag.py:588} INFO - Filling up the DagBag from /home/airflow/.local/lib/python3.12/site-packages/airflow/example_dags/example_xcomargs.py
[2025-03-19T00:01:14.390+0000] {processor.py:925} INFO - DAG(s) 'example_xcom_args', 'example_xcom_args_with_operators' retrieved from /home/airflow/.local/lib/python3.12/site-packages/airflow/example_dags/example_xcomargs.py
[2025-03-19T00:01:14.400+0000] {logging_mixin.py:190} INFO - [2025-03-19T00:01:14.400+0000] {dag.py:3239} INFO - Sync 2 DAGs
[2025-03-19T00:01:14.407+0000] {logging_mixin.py:190} INFO - [2025-03-19T00:01:14.407+0000] {dag.py:4180} INFO - Setting next_dagrun for example_xcom_args to None, run_after=None
[2025-03-19T00:01:14.410+0000] {logging_mixin.py:190} INFO - [2025-03-19T00:01:14.410+0000] {dag.py:4180} INFO - Setting next_dagrun for example_xcom_args_with_operators to None, run_after=None
[2025-03-19T00:01:14.421+0000] {processor.py:208} INFO - Processing /home/airflow/.local/lib/python3.12/site-packages/airflow/example_dags/example_xcomargs.py took 0.041 seconds
[2025-03-19T00:01:45.455+0000] {processor.py:186} INFO - Started process (PID=17001) to work on /home/airflow/.local/lib/python3.12/site-packages/airflow/example_dags/example_xcomargs.py
[2025-03-19T00:01:45.456+0000] {processor.py:914} INFO - Processing file /home/airflow/.local/lib/python3.12/site-packages/airflow/example_dags/example_xcomargs.py for tasks to queue
[2025-03-19T00:01:45.457+0000] {logging_mixin.py:190} INFO - [2025-03-19T00:01:45.457+0000] {dagbag.py:588} INFO - Filling up the DagBag from /home/airflow/.local/lib/python3.12/site-packages/airflow/example_dags/example_xcomargs.py
[2025-03-19T00:01:45.461+0000] {processor.py:925} INFO - DAG(s) 'example_xcom_args_with_operators', 'example_xcom_args' retrieved from /home/airflow/.local/lib/python3.12/site-packages/airflow/example_dags/example_xcomargs.py
[2025-03-19T00:01:45.471+0000] {logging_mixin.py:190} INFO - [2025-03-19T00:01:45.470+0000] {dag.py:3239} INFO - Sync 2 DAGs
[2025-03-19T00:01:45.477+0000] {logging_mixin.py:190} INFO - [2025-03-19T00:01:45.477+0000] {dag.py:4180} INFO - Setting next_dagrun for example_xcom_args to None, run_after=None
[2025-03-19T00:01:45.480+0000] {logging_mixin.py:190} INFO - [2025-03-19T00:01:45.480+0000] {dag.py:4180} INFO - Setting next_dagrun for example_xcom_args_with_operators to None, run_after=None
[2025-03-19T00:01:45.486+0000] {processor.py:208} INFO - Processing /home/airflow/.local/lib/python3.12/site-packages/airflow/example_dags/example_xcomargs.py took 0.033 seconds
[2025-03-19T00:02:16.461+0000] {processor.py:186} INFO - Started process (PID=17064) to work on /home/airflow/.local/lib/python3.12/site-packages/airflow/example_dags/example_xcomargs.py
[2025-03-19T00:02:16.462+0000] {processor.py:914} INFO - Processing file /home/airflow/.local/lib/python3.12/site-packages/airflow/example_dags/example_xcomargs.py for tasks to queue
[2025-03-19T00:02:16.463+0000] {logging_mixin.py:190} INFO - [2025-03-19T00:02:16.463+0000] {dagbag.py:588} INFO - Filling up the DagBag from /home/airflow/.local/lib/python3.12/site-packages/airflow/example_dags/example_xcomargs.py
[2025-03-19T00:02:16.467+0000] {processor.py:925} INFO - DAG(s) 'example_xcom_args', 'example_xcom_args_with_operators' retrieved from /home/airflow/.local/lib/python3.12/site-packages/airflow/example_dags/example_xcomargs.py
[2025-03-19T00:02:16.476+0000] {logging_mixin.py:190} INFO - [2025-03-19T00:02:16.476+0000] {dag.py:3239} INFO - Sync 2 DAGs
[2025-03-19T00:02:16.482+0000] {logging_mixin.py:190} INFO - [2025-03-19T00:02:16.482+0000] {dag.py:4180} INFO - Setting next_dagrun for example_xcom_args to None, run_after=None
[2025-03-19T00:02:16.483+0000] {logging_mixin.py:190} INFO - [2025-03-19T00:02:16.483+0000] {dag.py:4180} INFO - Setting next_dagrun for example_xcom_args_with_operators to None, run_after=None
[2025-03-19T00:02:16.489+0000] {processor.py:208} INFO - Processing /home/airflow/.local/lib/python3.12/site-packages/airflow/example_dags/example_xcomargs.py took 0.030 seconds
[2025-03-19T00:02:47.614+0000] {processor.py:186} INFO - Started process (PID=17127) to work on /home/airflow/.local/lib/python3.12/site-packages/airflow/example_dags/example_xcomargs.py
[2025-03-19T00:02:47.615+0000] {processor.py:914} INFO - Processing file /home/airflow/.local/lib/python3.12/site-packages/airflow/example_dags/example_xcomargs.py for tasks to queue
[2025-03-19T00:02:47.616+0000] {logging_mixin.py:190} INFO - [2025-03-19T00:02:47.616+0000] {dagbag.py:588} INFO - Filling up the DagBag from /home/airflow/.local/lib/python3.12/site-packages/airflow/example_dags/example_xcomargs.py
[2025-03-19T00:02:47.620+0000] {processor.py:925} INFO - DAG(s) 'example_xcom_args', 'example_xcom_args_with_operators' retrieved from /home/airflow/.local/lib/python3.12/site-packages/airflow/example_dags/example_xcomargs.py
[2025-03-19T00:02:47.629+0000] {logging_mixin.py:190} INFO - [2025-03-19T00:02:47.629+0000] {dag.py:3239} INFO - Sync 2 DAGs
[2025-03-19T00:02:47.634+0000] {logging_mixin.py:190} INFO - [2025-03-19T00:02:47.634+0000] {dag.py:4180} INFO - Setting next_dagrun for example_xcom_args to None, run_after=None
[2025-03-19T00:02:47.635+0000] {logging_mixin.py:190} INFO - [2025-03-19T00:02:47.635+0000] {dag.py:4180} INFO - Setting next_dagrun for example_xcom_args_with_operators to None, run_after=None
[2025-03-19T00:02:47.640+0000] {processor.py:208} INFO - Processing /home/airflow/.local/lib/python3.12/site-packages/airflow/example_dags/example_xcomargs.py took 0.028 seconds
[2025-03-19T00:03:18.763+0000] {processor.py:186} INFO - Started process (PID=17190) to work on /home/airflow/.local/lib/python3.12/site-packages/airflow/example_dags/example_xcomargs.py
[2025-03-19T00:03:18.763+0000] {processor.py:914} INFO - Processing file /home/airflow/.local/lib/python3.12/site-packages/airflow/example_dags/example_xcomargs.py for tasks to queue
[2025-03-19T00:03:18.764+0000] {logging_mixin.py:190} INFO - [2025-03-19T00:03:18.764+0000] {dagbag.py:588} INFO - Filling up the DagBag from /home/airflow/.local/lib/python3.12/site-packages/airflow/example_dags/example_xcomargs.py
[2025-03-19T00:03:18.768+0000] {processor.py:925} INFO - DAG(s) 'example_xcom_args_with_operators', 'example_xcom_args' retrieved from /home/airflow/.local/lib/python3.12/site-packages/airflow/example_dags/example_xcomargs.py
[2025-03-19T00:03:18.777+0000] {logging_mixin.py:190} INFO - [2025-03-19T00:03:18.777+0000] {dag.py:3239} INFO - Sync 2 DAGs
[2025-03-19T00:03:18.782+0000] {logging_mixin.py:190} INFO - [2025-03-19T00:03:18.781+0000] {dag.py:4180} INFO - Setting next_dagrun for example_xcom_args to None, run_after=None
[2025-03-19T00:03:18.783+0000] {logging_mixin.py:190} INFO - [2025-03-19T00:03:18.783+0000] {dag.py:4180} INFO - Setting next_dagrun for example_xcom_args_with_operators to None, run_after=None
[2025-03-19T00:03:18.788+0000] {processor.py:208} INFO - Processing /home/airflow/.local/lib/python3.12/site-packages/airflow/example_dags/example_xcomargs.py took 0.027 seconds
[2025-03-19T00:03:49.952+0000] {processor.py:186} INFO - Started process (PID=17253) to work on /home/airflow/.local/lib/python3.12/site-packages/airflow/example_dags/example_xcomargs.py
[2025-03-19T00:03:49.952+0000] {processor.py:914} INFO - Processing file /home/airflow/.local/lib/python3.12/site-packages/airflow/example_dags/example_xcomargs.py for tasks to queue
[2025-03-19T00:03:49.953+0000] {logging_mixin.py:190} INFO - [2025-03-19T00:03:49.953+0000] {dagbag.py:588} INFO - Filling up the DagBag from /home/airflow/.local/lib/python3.12/site-packages/airflow/example_dags/example_xcomargs.py
[2025-03-19T00:03:49.957+0000] {processor.py:925} INFO - DAG(s) 'example_xcom_args', 'example_xcom_args_with_operators' retrieved from /home/airflow/.local/lib/python3.12/site-packages/airflow/example_dags/example_xcomargs.py
[2025-03-19T00:03:49.969+0000] {logging_mixin.py:190} INFO - [2025-03-19T00:03:49.969+0000] {dag.py:3239} INFO - Sync 2 DAGs
[2025-03-19T00:03:49.974+0000] {logging_mixin.py:190} INFO - [2025-03-19T00:03:49.974+0000] {dag.py:4180} INFO - Setting next_dagrun for example_xcom_args to None, run_after=None
[2025-03-19T00:03:49.977+0000] {logging_mixin.py:190} INFO - [2025-03-19T00:03:49.977+0000] {dag.py:4180} INFO - Setting next_dagrun for example_xcom_args_with_operators to None, run_after=None
[2025-03-19T00:03:49.987+0000] {processor.py:208} INFO - Processing /home/airflow/.local/lib/python3.12/site-packages/airflow/example_dags/example_xcomargs.py took 0.038 seconds
[2025-03-19T00:04:20.913+0000] {processor.py:186} INFO - Started process (PID=17316) to work on /home/airflow/.local/lib/python3.12/site-packages/airflow/example_dags/example_xcomargs.py
[2025-03-19T00:04:20.914+0000] {processor.py:914} INFO - Processing file /home/airflow/.local/lib/python3.12/site-packages/airflow/example_dags/example_xcomargs.py for tasks to queue
[2025-03-19T00:04:20.915+0000] {logging_mixin.py:190} INFO - [2025-03-19T00:04:20.915+0000] {dagbag.py:588} INFO - Filling up the DagBag from /home/airflow/.local/lib/python3.12/site-packages/airflow/example_dags/example_xcomargs.py
[2025-03-19T00:04:20.921+0000] {processor.py:925} INFO - DAG(s) 'example_xcom_args', 'example_xcom_args_with_operators' retrieved from /home/airflow/.local/lib/python3.12/site-packages/airflow/example_dags/example_xcomargs.py
[2025-03-19T00:04:20.932+0000] {logging_mixin.py:190} INFO - [2025-03-19T00:04:20.932+0000] {dag.py:3239} INFO - Sync 2 DAGs
[2025-03-19T00:04:20.937+0000] {logging_mixin.py:190} INFO - [2025-03-19T00:04:20.937+0000] {dag.py:4180} INFO - Setting next_dagrun for example_xcom_args to None, run_after=None
[2025-03-19T00:04:20.939+0000] {logging_mixin.py:190} INFO - [2025-03-19T00:04:20.938+0000] {dag.py:4180} INFO - Setting next_dagrun for example_xcom_args_with_operators to None, run_after=None
[2025-03-19T00:04:20.947+0000] {processor.py:208} INFO - Processing /home/airflow/.local/lib/python3.12/site-packages/airflow/example_dags/example_xcomargs.py took 0.037 seconds
[2025-03-19T00:04:51.960+0000] {processor.py:186} INFO - Started process (PID=17379) to work on /home/airflow/.local/lib/python3.12/site-packages/airflow/example_dags/example_xcomargs.py
[2025-03-19T00:04:51.960+0000] {processor.py:914} INFO - Processing file /home/airflow/.local/lib/python3.12/site-packages/airflow/example_dags/example_xcomargs.py for tasks to queue
[2025-03-19T00:04:51.961+0000] {logging_mixin.py:190} INFO - [2025-03-19T00:04:51.961+0000] {dagbag.py:588} INFO - Filling up the DagBag from /home/airflow/.local/lib/python3.12/site-packages/airflow/example_dags/example_xcomargs.py
[2025-03-19T00:04:51.966+0000] {processor.py:925} INFO - DAG(s) 'example_xcom_args', 'example_xcom_args_with_operators' retrieved from /home/airflow/.local/lib/python3.12/site-packages/airflow/example_dags/example_xcomargs.py
[2025-03-19T00:04:51.975+0000] {logging_mixin.py:190} INFO - [2025-03-19T00:04:51.975+0000] {dag.py:3239} INFO - Sync 2 DAGs
[2025-03-19T00:04:51.981+0000] {logging_mixin.py:190} INFO - [2025-03-19T00:04:51.981+0000] {dag.py:4180} INFO - Setting next_dagrun for example_xcom_args to None, run_after=None
[2025-03-19T00:04:51.984+0000] {logging_mixin.py:190} INFO - [2025-03-19T00:04:51.984+0000] {dag.py:4180} INFO - Setting next_dagrun for example_xcom_args_with_operators to None, run_after=None
[2025-03-19T00:04:51.992+0000] {processor.py:208} INFO - Processing /home/airflow/.local/lib/python3.12/site-packages/airflow/example_dags/example_xcomargs.py took 0.035 seconds
[2025-03-19T00:05:23.119+0000] {processor.py:186} INFO - Started process (PID=17442) to work on /home/airflow/.local/lib/python3.12/site-packages/airflow/example_dags/example_xcomargs.py
[2025-03-19T00:05:23.119+0000] {processor.py:914} INFO - Processing file /home/airflow/.local/lib/python3.12/site-packages/airflow/example_dags/example_xcomargs.py for tasks to queue
[2025-03-19T00:05:23.120+0000] {logging_mixin.py:190} INFO - [2025-03-19T00:05:23.120+0000] {dagbag.py:588} INFO - Filling up the DagBag from /home/airflow/.local/lib/python3.12/site-packages/airflow/example_dags/example_xcomargs.py
[2025-03-19T00:05:23.124+0000] {processor.py:925} INFO - DAG(s) 'example_xcom_args_with_operators', 'example_xcom_args' retrieved from /home/airflow/.local/lib/python3.12/site-packages/airflow/example_dags/example_xcomargs.py
[2025-03-19T00:05:23.132+0000] {logging_mixin.py:190} INFO - [2025-03-19T00:05:23.132+0000] {dag.py:3239} INFO - Sync 2 DAGs
[2025-03-19T00:05:23.137+0000] {logging_mixin.py:190} INFO - [2025-03-19T00:05:23.137+0000] {dag.py:4180} INFO - Setting next_dagrun for example_xcom_args to None, run_after=None
[2025-03-19T00:05:23.138+0000] {logging_mixin.py:190} INFO - [2025-03-19T00:05:23.138+0000] {dag.py:4180} INFO - Setting next_dagrun for example_xcom_args_with_operators to None, run_after=None
[2025-03-19T00:05:23.143+0000] {processor.py:208} INFO - Processing /home/airflow/.local/lib/python3.12/site-packages/airflow/example_dags/example_xcomargs.py took 0.026 seconds
[2025-03-19T00:05:54.282+0000] {processor.py:186} INFO - Started process (PID=17505) to work on /home/airflow/.local/lib/python3.12/site-packages/airflow/example_dags/example_xcomargs.py
[2025-03-19T00:05:54.282+0000] {processor.py:914} INFO - Processing file /home/airflow/.local/lib/python3.12/site-packages/airflow/example_dags/example_xcomargs.py for tasks to queue
[2025-03-19T00:05:54.283+0000] {logging_mixin.py:190} INFO - [2025-03-19T00:05:54.283+0000] {dagbag.py:588} INFO - Filling up the DagBag from /home/airflow/.local/lib/python3.12/site-packages/airflow/example_dags/example_xcomargs.py
[2025-03-19T00:05:54.287+0000] {processor.py:925} INFO - DAG(s) 'example_xcom_args_with_operators', 'example_xcom_args' retrieved from /home/airflow/.local/lib/python3.12/site-packages/airflow/example_dags/example_xcomargs.py
[2025-03-19T00:05:54.297+0000] {logging_mixin.py:190} INFO - [2025-03-19T00:05:54.297+0000] {dag.py:3239} INFO - Sync 2 DAGs
[2025-03-19T00:05:54.303+0000] {logging_mixin.py:190} INFO - [2025-03-19T00:05:54.303+0000] {dag.py:4180} INFO - Setting next_dagrun for example_xcom_args to None, run_after=None
[2025-03-19T00:05:54.304+0000] {logging_mixin.py:190} INFO - [2025-03-19T00:05:54.304+0000] {dag.py:4180} INFO - Setting next_dagrun for example_xcom_args_with_operators to None, run_after=None
[2025-03-19T00:05:54.310+0000] {processor.py:208} INFO - Processing /home/airflow/.local/lib/python3.12/site-packages/airflow/example_dags/example_xcomargs.py took 0.030 seconds
[2025-03-19T00:06:25.439+0000] {processor.py:186} INFO - Started process (PID=17568) to work on /home/airflow/.local/lib/python3.12/site-packages/airflow/example_dags/example_xcomargs.py
[2025-03-19T00:06:25.439+0000] {processor.py:914} INFO - Processing file /home/airflow/.local/lib/python3.12/site-packages/airflow/example_dags/example_xcomargs.py for tasks to queue
[2025-03-19T00:06:25.440+0000] {logging_mixin.py:190} INFO - [2025-03-19T00:06:25.440+0000] {dagbag.py:588} INFO - Filling up the DagBag from /home/airflow/.local/lib/python3.12/site-packages/airflow/example_dags/example_xcomargs.py
[2025-03-19T00:06:25.444+0000] {processor.py:925} INFO - DAG(s) 'example_xcom_args', 'example_xcom_args_with_operators' retrieved from /home/airflow/.local/lib/python3.12/site-packages/airflow/example_dags/example_xcomargs.py
[2025-03-19T00:06:25.454+0000] {logging_mixin.py:190} INFO - [2025-03-19T00:06:25.454+0000] {dag.py:3239} INFO - Sync 2 DAGs
[2025-03-19T00:06:25.460+0000] {logging_mixin.py:190} INFO - [2025-03-19T00:06:25.460+0000] {dag.py:4180} INFO - Setting next_dagrun for example_xcom_args to None, run_after=None
[2025-03-19T00:06:25.461+0000] {logging_mixin.py:190} INFO - [2025-03-19T00:06:25.461+0000] {dag.py:4180} INFO - Setting next_dagrun for example_xcom_args_with_operators to None, run_after=None
[2025-03-19T00:06:25.466+0000] {processor.py:208} INFO - Processing /home/airflow/.local/lib/python3.12/site-packages/airflow/example_dags/example_xcomargs.py took 0.030 seconds
[2025-03-19T00:06:56.556+0000] {processor.py:186} INFO - Started process (PID=17631) to work on /home/airflow/.local/lib/python3.12/site-packages/airflow/example_dags/example_xcomargs.py
[2025-03-19T00:06:56.557+0000] {processor.py:914} INFO - Processing file /home/airflow/.local/lib/python3.12/site-packages/airflow/example_dags/example_xcomargs.py for tasks to queue
[2025-03-19T00:06:56.559+0000] {logging_mixin.py:190} INFO - [2025-03-19T00:06:56.559+0000] {dagbag.py:588} INFO - Filling up the DagBag from /home/airflow/.local/lib/python3.12/site-packages/airflow/example_dags/example_xcomargs.py
[2025-03-19T00:06:56.565+0000] {processor.py:925} INFO - DAG(s) 'example_xcom_args', 'example_xcom_args_with_operators' retrieved from /home/airflow/.local/lib/python3.12/site-packages/airflow/example_dags/example_xcomargs.py
[2025-03-19T00:06:56.577+0000] {logging_mixin.py:190} INFO - [2025-03-19T00:06:56.577+0000] {dag.py:3239} INFO - Sync 2 DAGs
[2025-03-19T00:06:56.583+0000] {logging_mixin.py:190} INFO - [2025-03-19T00:06:56.583+0000] {dag.py:4180} INFO - Setting next_dagrun for example_xcom_args to None, run_after=None
[2025-03-19T00:06:56.584+0000] {logging_mixin.py:190} INFO - [2025-03-19T00:06:56.584+0000] {dag.py:4180} INFO - Setting next_dagrun for example_xcom_args_with_operators to None, run_after=None
[2025-03-19T00:06:56.591+0000] {processor.py:208} INFO - Processing /home/airflow/.local/lib/python3.12/site-packages/airflow/example_dags/example_xcomargs.py took 0.037 seconds
[2025-03-19T00:07:27.819+0000] {processor.py:186} INFO - Started process (PID=17694) to work on /home/airflow/.local/lib/python3.12/site-packages/airflow/example_dags/example_xcomargs.py
[2025-03-19T00:07:27.820+0000] {processor.py:914} INFO - Processing file /home/airflow/.local/lib/python3.12/site-packages/airflow/example_dags/example_xcomargs.py for tasks to queue
[2025-03-19T00:07:27.822+0000] {logging_mixin.py:190} INFO - [2025-03-19T00:07:27.822+0000] {dagbag.py:588} INFO - Filling up the DagBag from /home/airflow/.local/lib/python3.12/site-packages/airflow/example_dags/example_xcomargs.py
[2025-03-19T00:07:27.827+0000] {processor.py:925} INFO - DAG(s) 'example_xcom_args', 'example_xcom_args_with_operators' retrieved from /home/airflow/.local/lib/python3.12/site-packages/airflow/example_dags/example_xcomargs.py
[2025-03-19T00:07:27.838+0000] {logging_mixin.py:190} INFO - [2025-03-19T00:07:27.838+0000] {dag.py:3239} INFO - Sync 2 DAGs
[2025-03-19T00:07:27.844+0000] {logging_mixin.py:190} INFO - [2025-03-19T00:07:27.843+0000] {dag.py:4180} INFO - Setting next_dagrun for example_xcom_args to None, run_after=None
[2025-03-19T00:07:27.846+0000] {logging_mixin.py:190} INFO - [2025-03-19T00:07:27.846+0000] {dag.py:4180} INFO - Setting next_dagrun for example_xcom_args_with_operators to None, run_after=None
[2025-03-19T00:07:27.856+0000] {processor.py:208} INFO - Processing /home/airflow/.local/lib/python3.12/site-packages/airflow/example_dags/example_xcomargs.py took 0.039 seconds
[2025-03-19T00:07:59.031+0000] {processor.py:186} INFO - Started process (PID=17757) to work on /home/airflow/.local/lib/python3.12/site-packages/airflow/example_dags/example_xcomargs.py
[2025-03-19T00:07:59.031+0000] {processor.py:914} INFO - Processing file /home/airflow/.local/lib/python3.12/site-packages/airflow/example_dags/example_xcomargs.py for tasks to queue
[2025-03-19T00:07:59.032+0000] {logging_mixin.py:190} INFO - [2025-03-19T00:07:59.032+0000] {dagbag.py:588} INFO - Filling up the DagBag from /home/airflow/.local/lib/python3.12/site-packages/airflow/example_dags/example_xcomargs.py
[2025-03-19T00:07:59.036+0000] {processor.py:925} INFO - DAG(s) 'example_xcom_args', 'example_xcom_args_with_operators' retrieved from /home/airflow/.local/lib/python3.12/site-packages/airflow/example_dags/example_xcomargs.py
[2025-03-19T00:07:59.044+0000] {logging_mixin.py:190} INFO - [2025-03-19T00:07:59.044+0000] {dag.py:3239} INFO - Sync 2 DAGs
[2025-03-19T00:07:59.049+0000] {logging_mixin.py:190} INFO - [2025-03-19T00:07:59.049+0000] {dag.py:4180} INFO - Setting next_dagrun for example_xcom_args to None, run_after=None
[2025-03-19T00:07:59.051+0000] {logging_mixin.py:190} INFO - [2025-03-19T00:07:59.051+0000] {dag.py:4180} INFO - Setting next_dagrun for example_xcom_args_with_operators to None, run_after=None
[2025-03-19T00:07:59.056+0000] {processor.py:208} INFO - Processing /home/airflow/.local/lib/python3.12/site-packages/airflow/example_dags/example_xcomargs.py took 0.027 seconds
