[2025-03-19T00:00:12.369+0000] {processor.py:186} INFO - Started process (PID=16819) to work on /home/airflow/.local/lib/python3.12/site-packages/airflow/example_dags/example_sensors.py
[2025-03-19T00:00:12.370+0000] {processor.py:914} INFO - Processing file /home/airflow/.local/lib/python3.12/site-packages/airflow/example_dags/example_sensors.py for tasks to queue
[2025-03-19T00:00:12.371+0000] {logging_mixin.py:190} INFO - [2025-03-19T00:00:12.371+0000] {dagbag.py:588} INFO - Filling up the DagBag from /home/airflow/.local/lib/python3.12/site-packages/airflow/example_dags/example_sensors.py
[2025-03-19T00:00:12.377+0000] {processor.py:925} INFO - DAG(s) 'example_sensors' retrieved from /home/airflow/.local/lib/python3.12/site-packages/airflow/example_dags/example_sensors.py
[2025-03-19T00:00:12.392+0000] {logging_mixin.py:190} INFO - [2025-03-19T00:00:12.391+0000] {dag.py:3239} INFO - Sync 1 DAGs
[2025-03-19T00:00:12.397+0000] {logging_mixin.py:190} INFO - [2025-03-19T00:00:12.397+0000] {dag.py:4180} INFO - Setting next_dagrun for example_sensors to None, run_after=None
[2025-03-19T00:00:12.406+0000] {processor.py:208} INFO - Processing /home/airflow/.local/lib/python3.12/site-packages/airflow/example_dags/example_sensors.py took 0.039 seconds
[2025-03-19T00:00:43.500+0000] {processor.py:186} INFO - Started process (PID=16882) to work on /home/airflow/.local/lib/python3.12/site-packages/airflow/example_dags/example_sensors.py
[2025-03-19T00:00:43.500+0000] {processor.py:914} INFO - Processing file /home/airflow/.local/lib/python3.12/site-packages/airflow/example_dags/example_sensors.py for tasks to queue
[2025-03-19T00:00:43.502+0000] {logging_mixin.py:190} INFO - [2025-03-19T00:00:43.502+0000] {dagbag.py:588} INFO - Filling up the DagBag from /home/airflow/.local/lib/python3.12/site-packages/airflow/example_dags/example_sensors.py
[2025-03-19T00:00:43.507+0000] {processor.py:925} INFO - DAG(s) 'example_sensors' retrieved from /home/airflow/.local/lib/python3.12/site-packages/airflow/example_dags/example_sensors.py
[2025-03-19T00:00:43.520+0000] {logging_mixin.py:190} INFO - [2025-03-19T00:00:43.520+0000] {dag.py:3239} INFO - Sync 1 DAGs
[2025-03-19T00:00:43.525+0000] {logging_mixin.py:190} INFO - [2025-03-19T00:00:43.525+0000] {dag.py:4180} INFO - Setting next_dagrun for example_sensors to None, run_after=None
[2025-03-19T00:00:43.534+0000] {processor.py:208} INFO - Processing /home/airflow/.local/lib/python3.12/site-packages/airflow/example_dags/example_sensors.py took 0.036 seconds
[2025-03-19T00:01:14.535+0000] {processor.py:186} INFO - Started process (PID=16945) to work on /home/airflow/.local/lib/python3.12/site-packages/airflow/example_dags/example_sensors.py
[2025-03-19T00:01:14.535+0000] {processor.py:914} INFO - Processing file /home/airflow/.local/lib/python3.12/site-packages/airflow/example_dags/example_sensors.py for tasks to queue
[2025-03-19T00:01:14.536+0000] {logging_mixin.py:190} INFO - [2025-03-19T00:01:14.536+0000] {dagbag.py:588} INFO - Filling up the DagBag from /home/airflow/.local/lib/python3.12/site-packages/airflow/example_dags/example_sensors.py
[2025-03-19T00:01:14.542+0000] {processor.py:925} INFO - DAG(s) 'example_sensors' retrieved from /home/airflow/.local/lib/python3.12/site-packages/airflow/example_dags/example_sensors.py
[2025-03-19T00:01:14.554+0000] {logging_mixin.py:190} INFO - [2025-03-19T00:01:14.554+0000] {dag.py:3239} INFO - Sync 1 DAGs
[2025-03-19T00:01:14.560+0000] {logging_mixin.py:190} INFO - [2025-03-19T00:01:14.560+0000] {dag.py:4180} INFO - Setting next_dagrun for example_sensors to None, run_after=None
[2025-03-19T00:01:14.568+0000] {processor.py:208} INFO - Processing /home/airflow/.local/lib/python3.12/site-packages/airflow/example_dags/example_sensors.py took 0.036 seconds
[2025-03-19T00:01:45.612+0000] {processor.py:186} INFO - Started process (PID=17008) to work on /home/airflow/.local/lib/python3.12/site-packages/airflow/example_dags/example_sensors.py
[2025-03-19T00:01:45.612+0000] {processor.py:914} INFO - Processing file /home/airflow/.local/lib/python3.12/site-packages/airflow/example_dags/example_sensors.py for tasks to queue
[2025-03-19T00:01:45.613+0000] {logging_mixin.py:190} INFO - [2025-03-19T00:01:45.613+0000] {dagbag.py:588} INFO - Filling up the DagBag from /home/airflow/.local/lib/python3.12/site-packages/airflow/example_dags/example_sensors.py
[2025-03-19T00:01:45.618+0000] {processor.py:925} INFO - DAG(s) 'example_sensors' retrieved from /home/airflow/.local/lib/python3.12/site-packages/airflow/example_dags/example_sensors.py
[2025-03-19T00:01:45.631+0000] {logging_mixin.py:190} INFO - [2025-03-19T00:01:45.631+0000] {dag.py:3239} INFO - Sync 1 DAGs
[2025-03-19T00:01:45.637+0000] {logging_mixin.py:190} INFO - [2025-03-19T00:01:45.636+0000] {dag.py:4180} INFO - Setting next_dagrun for example_sensors to None, run_after=None
[2025-03-19T00:01:45.645+0000] {processor.py:208} INFO - Processing /home/airflow/.local/lib/python3.12/site-packages/airflow/example_dags/example_sensors.py took 0.036 seconds
[2025-03-19T00:02:16.687+0000] {processor.py:186} INFO - Started process (PID=17071) to work on /home/airflow/.local/lib/python3.12/site-packages/airflow/example_dags/example_sensors.py
[2025-03-19T00:02:16.688+0000] {processor.py:914} INFO - Processing file /home/airflow/.local/lib/python3.12/site-packages/airflow/example_dags/example_sensors.py for tasks to queue
[2025-03-19T00:02:16.689+0000] {logging_mixin.py:190} INFO - [2025-03-19T00:02:16.688+0000] {dagbag.py:588} INFO - Filling up the DagBag from /home/airflow/.local/lib/python3.12/site-packages/airflow/example_dags/example_sensors.py
[2025-03-19T00:02:16.698+0000] {processor.py:925} INFO - DAG(s) 'example_sensors' retrieved from /home/airflow/.local/lib/python3.12/site-packages/airflow/example_dags/example_sensors.py
[2025-03-19T00:02:16.717+0000] {logging_mixin.py:190} INFO - [2025-03-19T00:02:16.717+0000] {dag.py:3239} INFO - Sync 1 DAGs
[2025-03-19T00:02:16.722+0000] {logging_mixin.py:190} INFO - [2025-03-19T00:02:16.722+0000] {dag.py:4180} INFO - Setting next_dagrun for example_sensors to None, run_after=None
[2025-03-19T00:02:16.732+0000] {processor.py:208} INFO - Processing /home/airflow/.local/lib/python3.12/site-packages/airflow/example_dags/example_sensors.py took 0.047 seconds
[2025-03-19T00:02:47.830+0000] {processor.py:186} INFO - Started process (PID=17134) to work on /home/airflow/.local/lib/python3.12/site-packages/airflow/example_dags/example_sensors.py
[2025-03-19T00:02:47.830+0000] {processor.py:914} INFO - Processing file /home/airflow/.local/lib/python3.12/site-packages/airflow/example_dags/example_sensors.py for tasks to queue
[2025-03-19T00:02:47.832+0000] {logging_mixin.py:190} INFO - [2025-03-19T00:02:47.832+0000] {dagbag.py:588} INFO - Filling up the DagBag from /home/airflow/.local/lib/python3.12/site-packages/airflow/example_dags/example_sensors.py
[2025-03-19T00:02:47.837+0000] {processor.py:925} INFO - DAG(s) 'example_sensors' retrieved from /home/airflow/.local/lib/python3.12/site-packages/airflow/example_dags/example_sensors.py
[2025-03-19T00:02:47.854+0000] {logging_mixin.py:190} INFO - [2025-03-19T00:02:47.854+0000] {dag.py:3239} INFO - Sync 1 DAGs
[2025-03-19T00:02:47.859+0000] {logging_mixin.py:190} INFO - [2025-03-19T00:02:47.859+0000] {dag.py:4180} INFO - Setting next_dagrun for example_sensors to None, run_after=None
[2025-03-19T00:02:47.868+0000] {processor.py:208} INFO - Processing /home/airflow/.local/lib/python3.12/site-packages/airflow/example_dags/example_sensors.py took 0.041 seconds
[2025-03-19T00:03:18.992+0000] {processor.py:186} INFO - Started process (PID=17197) to work on /home/airflow/.local/lib/python3.12/site-packages/airflow/example_dags/example_sensors.py
[2025-03-19T00:03:18.992+0000] {processor.py:914} INFO - Processing file /home/airflow/.local/lib/python3.12/site-packages/airflow/example_dags/example_sensors.py for tasks to queue
[2025-03-19T00:03:18.993+0000] {logging_mixin.py:190} INFO - [2025-03-19T00:03:18.993+0000] {dagbag.py:588} INFO - Filling up the DagBag from /home/airflow/.local/lib/python3.12/site-packages/airflow/example_dags/example_sensors.py
[2025-03-19T00:03:18.998+0000] {processor.py:925} INFO - DAG(s) 'example_sensors' retrieved from /home/airflow/.local/lib/python3.12/site-packages/airflow/example_dags/example_sensors.py
[2025-03-19T00:03:19.011+0000] {logging_mixin.py:190} INFO - [2025-03-19T00:03:19.011+0000] {dag.py:3239} INFO - Sync 1 DAGs
[2025-03-19T00:03:19.020+0000] {logging_mixin.py:190} INFO - [2025-03-19T00:03:19.020+0000] {dag.py:4180} INFO - Setting next_dagrun for example_sensors to None, run_after=None
[2025-03-19T00:03:19.029+0000] {processor.py:208} INFO - Processing /home/airflow/.local/lib/python3.12/site-packages/airflow/example_dags/example_sensors.py took 0.040 seconds
[2025-03-19T00:03:50.094+0000] {processor.py:186} INFO - Started process (PID=17260) to work on /home/airflow/.local/lib/python3.12/site-packages/airflow/example_dags/example_sensors.py
[2025-03-19T00:03:50.095+0000] {processor.py:914} INFO - Processing file /home/airflow/.local/lib/python3.12/site-packages/airflow/example_dags/example_sensors.py for tasks to queue
[2025-03-19T00:03:50.096+0000] {logging_mixin.py:190} INFO - [2025-03-19T00:03:50.096+0000] {dagbag.py:588} INFO - Filling up the DagBag from /home/airflow/.local/lib/python3.12/site-packages/airflow/example_dags/example_sensors.py
[2025-03-19T00:03:50.101+0000] {processor.py:925} INFO - DAG(s) 'example_sensors' retrieved from /home/airflow/.local/lib/python3.12/site-packages/airflow/example_dags/example_sensors.py
[2025-03-19T00:03:50.116+0000] {logging_mixin.py:190} INFO - [2025-03-19T00:03:50.115+0000] {dag.py:3239} INFO - Sync 1 DAGs
[2025-03-19T00:03:50.121+0000] {logging_mixin.py:190} INFO - [2025-03-19T00:03:50.121+0000] {dag.py:4180} INFO - Setting next_dagrun for example_sensors to None, run_after=None
[2025-03-19T00:03:50.130+0000] {processor.py:208} INFO - Processing /home/airflow/.local/lib/python3.12/site-packages/airflow/example_dags/example_sensors.py took 0.039 seconds
[2025-03-19T00:04:21.071+0000] {processor.py:186} INFO - Started process (PID=17323) to work on /home/airflow/.local/lib/python3.12/site-packages/airflow/example_dags/example_sensors.py
[2025-03-19T00:04:21.072+0000] {processor.py:914} INFO - Processing file /home/airflow/.local/lib/python3.12/site-packages/airflow/example_dags/example_sensors.py for tasks to queue
[2025-03-19T00:04:21.073+0000] {logging_mixin.py:190} INFO - [2025-03-19T00:04:21.073+0000] {dagbag.py:588} INFO - Filling up the DagBag from /home/airflow/.local/lib/python3.12/site-packages/airflow/example_dags/example_sensors.py
[2025-03-19T00:04:21.078+0000] {processor.py:925} INFO - DAG(s) 'example_sensors' retrieved from /home/airflow/.local/lib/python3.12/site-packages/airflow/example_dags/example_sensors.py
[2025-03-19T00:04:21.088+0000] {logging_mixin.py:190} INFO - [2025-03-19T00:04:21.088+0000] {dag.py:3239} INFO - Sync 1 DAGs
[2025-03-19T00:04:21.096+0000] {logging_mixin.py:190} INFO - [2025-03-19T00:04:21.096+0000] {dag.py:4180} INFO - Setting next_dagrun for example_sensors to None, run_after=None
[2025-03-19T00:04:21.103+0000] {processor.py:208} INFO - Processing /home/airflow/.local/lib/python3.12/site-packages/airflow/example_dags/example_sensors.py took 0.035 seconds
[2025-03-19T00:04:52.132+0000] {processor.py:186} INFO - Started process (PID=17386) to work on /home/airflow/.local/lib/python3.12/site-packages/airflow/example_dags/example_sensors.py
[2025-03-19T00:04:52.133+0000] {processor.py:914} INFO - Processing file /home/airflow/.local/lib/python3.12/site-packages/airflow/example_dags/example_sensors.py for tasks to queue
[2025-03-19T00:04:52.134+0000] {logging_mixin.py:190} INFO - [2025-03-19T00:04:52.134+0000] {dagbag.py:588} INFO - Filling up the DagBag from /home/airflow/.local/lib/python3.12/site-packages/airflow/example_dags/example_sensors.py
[2025-03-19T00:04:52.140+0000] {processor.py:925} INFO - DAG(s) 'example_sensors' retrieved from /home/airflow/.local/lib/python3.12/site-packages/airflow/example_dags/example_sensors.py
[2025-03-19T00:04:52.153+0000] {logging_mixin.py:190} INFO - [2025-03-19T00:04:52.153+0000] {dag.py:3239} INFO - Sync 1 DAGs
[2025-03-19T00:04:52.160+0000] {logging_mixin.py:190} INFO - [2025-03-19T00:04:52.160+0000] {dag.py:4180} INFO - Setting next_dagrun for example_sensors to None, run_after=None
[2025-03-19T00:04:52.169+0000] {processor.py:208} INFO - Processing /home/airflow/.local/lib/python3.12/site-packages/airflow/example_dags/example_sensors.py took 0.039 seconds
[2025-03-19T00:05:23.283+0000] {processor.py:186} INFO - Started process (PID=17449) to work on /home/airflow/.local/lib/python3.12/site-packages/airflow/example_dags/example_sensors.py
[2025-03-19T00:05:23.284+0000] {processor.py:914} INFO - Processing file /home/airflow/.local/lib/python3.12/site-packages/airflow/example_dags/example_sensors.py for tasks to queue
[2025-03-19T00:05:23.285+0000] {logging_mixin.py:190} INFO - [2025-03-19T00:05:23.284+0000] {dagbag.py:588} INFO - Filling up the DagBag from /home/airflow/.local/lib/python3.12/site-packages/airflow/example_dags/example_sensors.py
[2025-03-19T00:05:23.289+0000] {processor.py:925} INFO - DAG(s) 'example_sensors' retrieved from /home/airflow/.local/lib/python3.12/site-packages/airflow/example_dags/example_sensors.py
[2025-03-19T00:05:23.302+0000] {logging_mixin.py:190} INFO - [2025-03-19T00:05:23.302+0000] {dag.py:3239} INFO - Sync 1 DAGs
[2025-03-19T00:05:23.307+0000] {logging_mixin.py:190} INFO - [2025-03-19T00:05:23.307+0000] {dag.py:4180} INFO - Setting next_dagrun for example_sensors to None, run_after=None
[2025-03-19T00:05:23.315+0000] {processor.py:208} INFO - Processing /home/airflow/.local/lib/python3.12/site-packages/airflow/example_dags/example_sensors.py took 0.034 seconds
[2025-03-19T00:05:54.455+0000] {processor.py:186} INFO - Started process (PID=17512) to work on /home/airflow/.local/lib/python3.12/site-packages/airflow/example_dags/example_sensors.py
[2025-03-19T00:05:54.456+0000] {processor.py:914} INFO - Processing file /home/airflow/.local/lib/python3.12/site-packages/airflow/example_dags/example_sensors.py for tasks to queue
[2025-03-19T00:05:54.457+0000] {logging_mixin.py:190} INFO - [2025-03-19T00:05:54.457+0000] {dagbag.py:588} INFO - Filling up the DagBag from /home/airflow/.local/lib/python3.12/site-packages/airflow/example_dags/example_sensors.py
[2025-03-19T00:05:54.463+0000] {processor.py:925} INFO - DAG(s) 'example_sensors' retrieved from /home/airflow/.local/lib/python3.12/site-packages/airflow/example_dags/example_sensors.py
[2025-03-19T00:05:54.477+0000] {logging_mixin.py:190} INFO - [2025-03-19T00:05:54.477+0000] {dag.py:3239} INFO - Sync 1 DAGs
[2025-03-19T00:05:54.484+0000] {logging_mixin.py:190} INFO - [2025-03-19T00:05:54.484+0000] {dag.py:4180} INFO - Setting next_dagrun for example_sensors to None, run_after=None
[2025-03-19T00:05:54.492+0000] {processor.py:208} INFO - Processing /home/airflow/.local/lib/python3.12/site-packages/airflow/example_dags/example_sensors.py took 0.039 seconds
[2025-03-19T00:06:25.628+0000] {processor.py:186} INFO - Started process (PID=17575) to work on /home/airflow/.local/lib/python3.12/site-packages/airflow/example_dags/example_sensors.py
[2025-03-19T00:06:25.630+0000] {processor.py:914} INFO - Processing file /home/airflow/.local/lib/python3.12/site-packages/airflow/example_dags/example_sensors.py for tasks to queue
[2025-03-19T00:06:25.631+0000] {logging_mixin.py:190} INFO - [2025-03-19T00:06:25.631+0000] {dagbag.py:588} INFO - Filling up the DagBag from /home/airflow/.local/lib/python3.12/site-packages/airflow/example_dags/example_sensors.py
[2025-03-19T00:06:25.634+0000] {processor.py:925} INFO - DAG(s) 'example_sensors' retrieved from /home/airflow/.local/lib/python3.12/site-packages/airflow/example_dags/example_sensors.py
[2025-03-19T00:06:25.645+0000] {logging_mixin.py:190} INFO - [2025-03-19T00:06:25.645+0000] {dag.py:3239} INFO - Sync 1 DAGs
[2025-03-19T00:06:25.651+0000] {logging_mixin.py:190} INFO - [2025-03-19T00:06:25.651+0000] {dag.py:4180} INFO - Setting next_dagrun for example_sensors to None, run_after=None
[2025-03-19T00:06:25.661+0000] {processor.py:208} INFO - Processing /home/airflow/.local/lib/python3.12/site-packages/airflow/example_dags/example_sensors.py took 0.036 seconds
[2025-03-19T00:06:56.702+0000] {processor.py:186} INFO - Started process (PID=17638) to work on /home/airflow/.local/lib/python3.12/site-packages/airflow/example_dags/example_sensors.py
[2025-03-19T00:06:56.703+0000] {processor.py:914} INFO - Processing file /home/airflow/.local/lib/python3.12/site-packages/airflow/example_dags/example_sensors.py for tasks to queue
[2025-03-19T00:06:56.704+0000] {logging_mixin.py:190} INFO - [2025-03-19T00:06:56.704+0000] {dagbag.py:588} INFO - Filling up the DagBag from /home/airflow/.local/lib/python3.12/site-packages/airflow/example_dags/example_sensors.py
[2025-03-19T00:06:56.709+0000] {processor.py:925} INFO - DAG(s) 'example_sensors' retrieved from /home/airflow/.local/lib/python3.12/site-packages/airflow/example_dags/example_sensors.py
[2025-03-19T00:06:56.721+0000] {logging_mixin.py:190} INFO - [2025-03-19T00:06:56.721+0000] {dag.py:3239} INFO - Sync 1 DAGs
[2025-03-19T00:06:56.727+0000] {logging_mixin.py:190} INFO - [2025-03-19T00:06:56.727+0000] {dag.py:4180} INFO - Setting next_dagrun for example_sensors to None, run_after=None
[2025-03-19T00:06:56.737+0000] {processor.py:208} INFO - Processing /home/airflow/.local/lib/python3.12/site-packages/airflow/example_dags/example_sensors.py took 0.038 seconds
[2025-03-19T00:07:27.969+0000] {processor.py:186} INFO - Started process (PID=17701) to work on /home/airflow/.local/lib/python3.12/site-packages/airflow/example_dags/example_sensors.py
[2025-03-19T00:07:27.969+0000] {processor.py:914} INFO - Processing file /home/airflow/.local/lib/python3.12/site-packages/airflow/example_dags/example_sensors.py for tasks to queue
[2025-03-19T00:07:27.971+0000] {logging_mixin.py:190} INFO - [2025-03-19T00:07:27.971+0000] {dagbag.py:588} INFO - Filling up the DagBag from /home/airflow/.local/lib/python3.12/site-packages/airflow/example_dags/example_sensors.py
[2025-03-19T00:07:27.977+0000] {processor.py:925} INFO - DAG(s) 'example_sensors' retrieved from /home/airflow/.local/lib/python3.12/site-packages/airflow/example_dags/example_sensors.py
[2025-03-19T00:07:27.987+0000] {logging_mixin.py:190} INFO - [2025-03-19T00:07:27.987+0000] {dag.py:3239} INFO - Sync 1 DAGs
[2025-03-19T00:07:27.992+0000] {logging_mixin.py:190} INFO - [2025-03-19T00:07:27.992+0000] {dag.py:4180} INFO - Setting next_dagrun for example_sensors to None, run_after=None
[2025-03-19T00:07:27.998+0000] {processor.py:208} INFO - Processing /home/airflow/.local/lib/python3.12/site-packages/airflow/example_dags/example_sensors.py took 0.031 seconds
[2025-03-19T00:07:59.294+0000] {processor.py:186} INFO - Started process (PID=17764) to work on /home/airflow/.local/lib/python3.12/site-packages/airflow/example_dags/example_sensors.py
[2025-03-19T00:07:59.295+0000] {processor.py:914} INFO - Processing file /home/airflow/.local/lib/python3.12/site-packages/airflow/example_dags/example_sensors.py for tasks to queue
[2025-03-19T00:07:59.296+0000] {logging_mixin.py:190} INFO - [2025-03-19T00:07:59.296+0000] {dagbag.py:588} INFO - Filling up the DagBag from /home/airflow/.local/lib/python3.12/site-packages/airflow/example_dags/example_sensors.py
[2025-03-19T00:07:59.301+0000] {processor.py:925} INFO - DAG(s) 'example_sensors' retrieved from /home/airflow/.local/lib/python3.12/site-packages/airflow/example_dags/example_sensors.py
[2025-03-19T00:07:59.311+0000] {logging_mixin.py:190} INFO - [2025-03-19T00:07:59.310+0000] {dag.py:3239} INFO - Sync 1 DAGs
[2025-03-19T00:07:59.316+0000] {logging_mixin.py:190} INFO - [2025-03-19T00:07:59.316+0000] {dag.py:4180} INFO - Setting next_dagrun for example_sensors to None, run_after=None
[2025-03-19T00:07:59.321+0000] {processor.py:208} INFO - Processing /home/airflow/.local/lib/python3.12/site-packages/airflow/example_dags/example_sensors.py took 0.030 seconds
