[2025-03-19T00:00:12.529+0000] {processor.py:186} INFO - Started process (PID=16825) to work on /home/airflow/.local/lib/python3.12/site-packages/airflow/example_dags/example_kubernetes_executor.py
[2025-03-19T00:00:12.530+0000] {processor.py:914} INFO - Processing file /home/airflow/.local/lib/python3.12/site-packages/airflow/example_dags/example_kubernetes_executor.py for tasks to queue
[2025-03-19T00:00:12.531+0000] {logging_mixin.py:190} INFO - [2025-03-19T00:00:12.531+0000] {dagbag.py:588} INFO - Filling up the DagBag from /home/airflow/.local/lib/python3.12/site-packages/airflow/example_dags/example_kubernetes_executor.py
[2025-03-19T00:00:12.537+0000] {processor.py:925} INFO - DAG(s) 'example_kubernetes_executor' retrieved from /home/airflow/.local/lib/python3.12/site-packages/airflow/example_dags/example_kubernetes_executor.py
[2025-03-19T00:00:12.546+0000] {logging_mixin.py:190} INFO - [2025-03-19T00:00:12.546+0000] {dag.py:3239} INFO - Sync 1 DAGs
[2025-03-19T00:00:12.554+0000] {logging_mixin.py:190} INFO - [2025-03-19T00:00:12.554+0000] {dag.py:4180} INFO - Setting next_dagrun for example_kubernetes_executor to None, run_after=None
[2025-03-19T00:00:12.565+0000] {processor.py:208} INFO - Processing /home/airflow/.local/lib/python3.12/site-packages/airflow/example_dags/example_kubernetes_executor.py took 0.039 seconds
[2025-03-19T00:00:43.642+0000] {processor.py:186} INFO - Started process (PID=16888) to work on /home/airflow/.local/lib/python3.12/site-packages/airflow/example_dags/example_kubernetes_executor.py
[2025-03-19T00:00:43.642+0000] {processor.py:914} INFO - Processing file /home/airflow/.local/lib/python3.12/site-packages/airflow/example_dags/example_kubernetes_executor.py for tasks to queue
[2025-03-19T00:00:43.643+0000] {logging_mixin.py:190} INFO - [2025-03-19T00:00:43.643+0000] {dagbag.py:588} INFO - Filling up the DagBag from /home/airflow/.local/lib/python3.12/site-packages/airflow/example_dags/example_kubernetes_executor.py
[2025-03-19T00:00:43.650+0000] {processor.py:925} INFO - DAG(s) 'example_kubernetes_executor' retrieved from /home/airflow/.local/lib/python3.12/site-packages/airflow/example_dags/example_kubernetes_executor.py
[2025-03-19T00:00:43.664+0000] {logging_mixin.py:190} INFO - [2025-03-19T00:00:43.664+0000] {dag.py:3239} INFO - Sync 1 DAGs
[2025-03-19T00:00:43.671+0000] {logging_mixin.py:190} INFO - [2025-03-19T00:00:43.671+0000] {dag.py:4180} INFO - Setting next_dagrun for example_kubernetes_executor to None, run_after=None
[2025-03-19T00:00:43.685+0000] {processor.py:208} INFO - Processing /home/airflow/.local/lib/python3.12/site-packages/airflow/example_dags/example_kubernetes_executor.py took 0.046 seconds
[2025-03-19T00:01:14.685+0000] {processor.py:186} INFO - Started process (PID=16951) to work on /home/airflow/.local/lib/python3.12/site-packages/airflow/example_dags/example_kubernetes_executor.py
[2025-03-19T00:01:14.685+0000] {processor.py:914} INFO - Processing file /home/airflow/.local/lib/python3.12/site-packages/airflow/example_dags/example_kubernetes_executor.py for tasks to queue
[2025-03-19T00:01:14.686+0000] {logging_mixin.py:190} INFO - [2025-03-19T00:01:14.686+0000] {dagbag.py:588} INFO - Filling up the DagBag from /home/airflow/.local/lib/python3.12/site-packages/airflow/example_dags/example_kubernetes_executor.py
[2025-03-19T00:01:14.691+0000] {processor.py:925} INFO - DAG(s) 'example_kubernetes_executor' retrieved from /home/airflow/.local/lib/python3.12/site-packages/airflow/example_dags/example_kubernetes_executor.py
[2025-03-19T00:01:14.699+0000] {logging_mixin.py:190} INFO - [2025-03-19T00:01:14.699+0000] {dag.py:3239} INFO - Sync 1 DAGs
[2025-03-19T00:01:14.704+0000] {logging_mixin.py:190} INFO - [2025-03-19T00:01:14.704+0000] {dag.py:4180} INFO - Setting next_dagrun for example_kubernetes_executor to None, run_after=None
[2025-03-19T00:01:14.710+0000] {processor.py:208} INFO - Processing /home/airflow/.local/lib/python3.12/site-packages/airflow/example_dags/example_kubernetes_executor.py took 0.027 seconds
[2025-03-19T00:01:45.738+0000] {processor.py:186} INFO - Started process (PID=17014) to work on /home/airflow/.local/lib/python3.12/site-packages/airflow/example_dags/example_kubernetes_executor.py
[2025-03-19T00:01:45.739+0000] {processor.py:914} INFO - Processing file /home/airflow/.local/lib/python3.12/site-packages/airflow/example_dags/example_kubernetes_executor.py for tasks to queue
[2025-03-19T00:01:45.740+0000] {logging_mixin.py:190} INFO - [2025-03-19T00:01:45.739+0000] {dagbag.py:588} INFO - Filling up the DagBag from /home/airflow/.local/lib/python3.12/site-packages/airflow/example_dags/example_kubernetes_executor.py
[2025-03-19T00:01:45.745+0000] {processor.py:925} INFO - DAG(s) 'example_kubernetes_executor' retrieved from /home/airflow/.local/lib/python3.12/site-packages/airflow/example_dags/example_kubernetes_executor.py
[2025-03-19T00:01:45.755+0000] {logging_mixin.py:190} INFO - [2025-03-19T00:01:45.755+0000] {dag.py:3239} INFO - Sync 1 DAGs
[2025-03-19T00:01:45.761+0000] {logging_mixin.py:190} INFO - [2025-03-19T00:01:45.761+0000] {dag.py:4180} INFO - Setting next_dagrun for example_kubernetes_executor to None, run_after=None
[2025-03-19T00:01:45.768+0000] {processor.py:208} INFO - Processing /home/airflow/.local/lib/python3.12/site-packages/airflow/example_dags/example_kubernetes_executor.py took 0.033 seconds
[2025-03-19T00:02:16.849+0000] {processor.py:186} INFO - Started process (PID=17077) to work on /home/airflow/.local/lib/python3.12/site-packages/airflow/example_dags/example_kubernetes_executor.py
[2025-03-19T00:02:16.849+0000] {processor.py:914} INFO - Processing file /home/airflow/.local/lib/python3.12/site-packages/airflow/example_dags/example_kubernetes_executor.py for tasks to queue
[2025-03-19T00:02:16.851+0000] {logging_mixin.py:190} INFO - [2025-03-19T00:02:16.851+0000] {dagbag.py:588} INFO - Filling up the DagBag from /home/airflow/.local/lib/python3.12/site-packages/airflow/example_dags/example_kubernetes_executor.py
[2025-03-19T00:02:16.859+0000] {processor.py:925} INFO - DAG(s) 'example_kubernetes_executor' retrieved from /home/airflow/.local/lib/python3.12/site-packages/airflow/example_dags/example_kubernetes_executor.py
[2025-03-19T00:02:16.870+0000] {logging_mixin.py:190} INFO - [2025-03-19T00:02:16.870+0000] {dag.py:3239} INFO - Sync 1 DAGs
[2025-03-19T00:02:16.878+0000] {logging_mixin.py:190} INFO - [2025-03-19T00:02:16.878+0000] {dag.py:4180} INFO - Setting next_dagrun for example_kubernetes_executor to None, run_after=None
[2025-03-19T00:02:16.890+0000] {processor.py:208} INFO - Processing /home/airflow/.local/lib/python3.12/site-packages/airflow/example_dags/example_kubernetes_executor.py took 0.043 seconds
[2025-03-19T00:02:47.977+0000] {processor.py:186} INFO - Started process (PID=17140) to work on /home/airflow/.local/lib/python3.12/site-packages/airflow/example_dags/example_kubernetes_executor.py
[2025-03-19T00:02:47.977+0000] {processor.py:914} INFO - Processing file /home/airflow/.local/lib/python3.12/site-packages/airflow/example_dags/example_kubernetes_executor.py for tasks to queue
[2025-03-19T00:02:47.979+0000] {logging_mixin.py:190} INFO - [2025-03-19T00:02:47.978+0000] {dagbag.py:588} INFO - Filling up the DagBag from /home/airflow/.local/lib/python3.12/site-packages/airflow/example_dags/example_kubernetes_executor.py
[2025-03-19T00:02:47.986+0000] {processor.py:925} INFO - DAG(s) 'example_kubernetes_executor' retrieved from /home/airflow/.local/lib/python3.12/site-packages/airflow/example_dags/example_kubernetes_executor.py
[2025-03-19T00:02:47.999+0000] {logging_mixin.py:190} INFO - [2025-03-19T00:02:47.999+0000] {dag.py:3239} INFO - Sync 1 DAGs
[2025-03-19T00:02:48.006+0000] {logging_mixin.py:190} INFO - [2025-03-19T00:02:48.006+0000] {dag.py:4180} INFO - Setting next_dagrun for example_kubernetes_executor to None, run_after=None
[2025-03-19T00:02:48.012+0000] {processor.py:208} INFO - Processing /home/airflow/.local/lib/python3.12/site-packages/airflow/example_dags/example_kubernetes_executor.py took 0.037 seconds
[2025-03-19T00:03:19.125+0000] {processor.py:186} INFO - Started process (PID=17203) to work on /home/airflow/.local/lib/python3.12/site-packages/airflow/example_dags/example_kubernetes_executor.py
[2025-03-19T00:03:19.126+0000] {processor.py:914} INFO - Processing file /home/airflow/.local/lib/python3.12/site-packages/airflow/example_dags/example_kubernetes_executor.py for tasks to queue
[2025-03-19T00:03:19.127+0000] {logging_mixin.py:190} INFO - [2025-03-19T00:03:19.126+0000] {dagbag.py:588} INFO - Filling up the DagBag from /home/airflow/.local/lib/python3.12/site-packages/airflow/example_dags/example_kubernetes_executor.py
[2025-03-19T00:03:19.132+0000] {processor.py:925} INFO - DAG(s) 'example_kubernetes_executor' retrieved from /home/airflow/.local/lib/python3.12/site-packages/airflow/example_dags/example_kubernetes_executor.py
[2025-03-19T00:03:19.140+0000] {logging_mixin.py:190} INFO - [2025-03-19T00:03:19.140+0000] {dag.py:3239} INFO - Sync 1 DAGs
[2025-03-19T00:03:19.144+0000] {logging_mixin.py:190} INFO - [2025-03-19T00:03:19.144+0000] {dag.py:4180} INFO - Setting next_dagrun for example_kubernetes_executor to None, run_after=None
[2025-03-19T00:03:19.150+0000] {processor.py:208} INFO - Processing /home/airflow/.local/lib/python3.12/site-packages/airflow/example_dags/example_kubernetes_executor.py took 0.026 seconds
[2025-03-19T00:03:50.252+0000] {processor.py:186} INFO - Started process (PID=17266) to work on /home/airflow/.local/lib/python3.12/site-packages/airflow/example_dags/example_kubernetes_executor.py
[2025-03-19T00:03:50.252+0000] {processor.py:914} INFO - Processing file /home/airflow/.local/lib/python3.12/site-packages/airflow/example_dags/example_kubernetes_executor.py for tasks to queue
[2025-03-19T00:03:50.253+0000] {logging_mixin.py:190} INFO - [2025-03-19T00:03:50.253+0000] {dagbag.py:588} INFO - Filling up the DagBag from /home/airflow/.local/lib/python3.12/site-packages/airflow/example_dags/example_kubernetes_executor.py
[2025-03-19T00:03:50.259+0000] {processor.py:925} INFO - DAG(s) 'example_kubernetes_executor' retrieved from /home/airflow/.local/lib/python3.12/site-packages/airflow/example_dags/example_kubernetes_executor.py
[2025-03-19T00:03:50.267+0000] {logging_mixin.py:190} INFO - [2025-03-19T00:03:50.267+0000] {dag.py:3239} INFO - Sync 1 DAGs
[2025-03-19T00:03:50.272+0000] {logging_mixin.py:190} INFO - [2025-03-19T00:03:50.272+0000] {dag.py:4180} INFO - Setting next_dagrun for example_kubernetes_executor to None, run_after=None
[2025-03-19T00:03:50.278+0000] {processor.py:208} INFO - Processing /home/airflow/.local/lib/python3.12/site-packages/airflow/example_dags/example_kubernetes_executor.py took 0.028 seconds
[2025-03-19T00:04:21.216+0000] {processor.py:186} INFO - Started process (PID=17329) to work on /home/airflow/.local/lib/python3.12/site-packages/airflow/example_dags/example_kubernetes_executor.py
[2025-03-19T00:04:21.216+0000] {processor.py:914} INFO - Processing file /home/airflow/.local/lib/python3.12/site-packages/airflow/example_dags/example_kubernetes_executor.py for tasks to queue
[2025-03-19T00:04:21.217+0000] {logging_mixin.py:190} INFO - [2025-03-19T00:04:21.217+0000] {dagbag.py:588} INFO - Filling up the DagBag from /home/airflow/.local/lib/python3.12/site-packages/airflow/example_dags/example_kubernetes_executor.py
[2025-03-19T00:04:21.223+0000] {processor.py:925} INFO - DAG(s) 'example_kubernetes_executor' retrieved from /home/airflow/.local/lib/python3.12/site-packages/airflow/example_dags/example_kubernetes_executor.py
[2025-03-19T00:04:21.237+0000] {logging_mixin.py:190} INFO - [2025-03-19T00:04:21.237+0000] {dag.py:3239} INFO - Sync 1 DAGs
[2025-03-19T00:04:21.242+0000] {logging_mixin.py:190} INFO - [2025-03-19T00:04:21.242+0000] {dag.py:4180} INFO - Setting next_dagrun for example_kubernetes_executor to None, run_after=None
[2025-03-19T00:04:21.251+0000] {processor.py:208} INFO - Processing /home/airflow/.local/lib/python3.12/site-packages/airflow/example_dags/example_kubernetes_executor.py took 0.037 seconds
[2025-03-19T00:04:52.273+0000] {processor.py:186} INFO - Started process (PID=17392) to work on /home/airflow/.local/lib/python3.12/site-packages/airflow/example_dags/example_kubernetes_executor.py
[2025-03-19T00:04:52.273+0000] {processor.py:914} INFO - Processing file /home/airflow/.local/lib/python3.12/site-packages/airflow/example_dags/example_kubernetes_executor.py for tasks to queue
[2025-03-19T00:04:52.275+0000] {logging_mixin.py:190} INFO - [2025-03-19T00:04:52.275+0000] {dagbag.py:588} INFO - Filling up the DagBag from /home/airflow/.local/lib/python3.12/site-packages/airflow/example_dags/example_kubernetes_executor.py
[2025-03-19T00:04:52.283+0000] {processor.py:925} INFO - DAG(s) 'example_kubernetes_executor' retrieved from /home/airflow/.local/lib/python3.12/site-packages/airflow/example_dags/example_kubernetes_executor.py
[2025-03-19T00:04:52.294+0000] {logging_mixin.py:190} INFO - [2025-03-19T00:04:52.294+0000] {dag.py:3239} INFO - Sync 1 DAGs
[2025-03-19T00:04:52.301+0000] {logging_mixin.py:190} INFO - [2025-03-19T00:04:52.300+0000] {dag.py:4180} INFO - Setting next_dagrun for example_kubernetes_executor to None, run_after=None
[2025-03-19T00:04:52.312+0000] {processor.py:208} INFO - Processing /home/airflow/.local/lib/python3.12/site-packages/airflow/example_dags/example_kubernetes_executor.py took 0.043 seconds
[2025-03-19T00:05:23.411+0000] {processor.py:186} INFO - Started process (PID=17455) to work on /home/airflow/.local/lib/python3.12/site-packages/airflow/example_dags/example_kubernetes_executor.py
[2025-03-19T00:05:23.411+0000] {processor.py:914} INFO - Processing file /home/airflow/.local/lib/python3.12/site-packages/airflow/example_dags/example_kubernetes_executor.py for tasks to queue
[2025-03-19T00:05:23.412+0000] {logging_mixin.py:190} INFO - [2025-03-19T00:05:23.412+0000] {dagbag.py:588} INFO - Filling up the DagBag from /home/airflow/.local/lib/python3.12/site-packages/airflow/example_dags/example_kubernetes_executor.py
[2025-03-19T00:05:23.417+0000] {processor.py:925} INFO - DAG(s) 'example_kubernetes_executor' retrieved from /home/airflow/.local/lib/python3.12/site-packages/airflow/example_dags/example_kubernetes_executor.py
[2025-03-19T00:05:23.425+0000] {logging_mixin.py:190} INFO - [2025-03-19T00:05:23.425+0000] {dag.py:3239} INFO - Sync 1 DAGs
[2025-03-19T00:05:23.430+0000] {logging_mixin.py:190} INFO - [2025-03-19T00:05:23.430+0000] {dag.py:4180} INFO - Setting next_dagrun for example_kubernetes_executor to None, run_after=None
[2025-03-19T00:05:23.435+0000] {processor.py:208} INFO - Processing /home/airflow/.local/lib/python3.12/site-packages/airflow/example_dags/example_kubernetes_executor.py took 0.026 seconds
[2025-03-19T00:05:54.608+0000] {processor.py:186} INFO - Started process (PID=17518) to work on /home/airflow/.local/lib/python3.12/site-packages/airflow/example_dags/example_kubernetes_executor.py
[2025-03-19T00:05:54.609+0000] {processor.py:914} INFO - Processing file /home/airflow/.local/lib/python3.12/site-packages/airflow/example_dags/example_kubernetes_executor.py for tasks to queue
[2025-03-19T00:05:54.610+0000] {logging_mixin.py:190} INFO - [2025-03-19T00:05:54.610+0000] {dagbag.py:588} INFO - Filling up the DagBag from /home/airflow/.local/lib/python3.12/site-packages/airflow/example_dags/example_kubernetes_executor.py
[2025-03-19T00:05:54.616+0000] {processor.py:925} INFO - DAG(s) 'example_kubernetes_executor' retrieved from /home/airflow/.local/lib/python3.12/site-packages/airflow/example_dags/example_kubernetes_executor.py
[2025-03-19T00:05:54.626+0000] {logging_mixin.py:190} INFO - [2025-03-19T00:05:54.626+0000] {dag.py:3239} INFO - Sync 1 DAGs
[2025-03-19T00:05:54.633+0000] {logging_mixin.py:190} INFO - [2025-03-19T00:05:54.633+0000] {dag.py:4180} INFO - Setting next_dagrun for example_kubernetes_executor to None, run_after=None
[2025-03-19T00:05:54.644+0000] {processor.py:208} INFO - Processing /home/airflow/.local/lib/python3.12/site-packages/airflow/example_dags/example_kubernetes_executor.py took 0.038 seconds
[2025-03-19T00:06:25.788+0000] {processor.py:186} INFO - Started process (PID=17581) to work on /home/airflow/.local/lib/python3.12/site-packages/airflow/example_dags/example_kubernetes_executor.py
[2025-03-19T00:06:25.788+0000] {processor.py:914} INFO - Processing file /home/airflow/.local/lib/python3.12/site-packages/airflow/example_dags/example_kubernetes_executor.py for tasks to queue
[2025-03-19T00:06:25.790+0000] {logging_mixin.py:190} INFO - [2025-03-19T00:06:25.789+0000] {dagbag.py:588} INFO - Filling up the DagBag from /home/airflow/.local/lib/python3.12/site-packages/airflow/example_dags/example_kubernetes_executor.py
[2025-03-19T00:06:25.797+0000] {processor.py:925} INFO - DAG(s) 'example_kubernetes_executor' retrieved from /home/airflow/.local/lib/python3.12/site-packages/airflow/example_dags/example_kubernetes_executor.py
[2025-03-19T00:06:25.806+0000] {logging_mixin.py:190} INFO - [2025-03-19T00:06:25.806+0000] {dag.py:3239} INFO - Sync 1 DAGs
[2025-03-19T00:06:25.812+0000] {logging_mixin.py:190} INFO - [2025-03-19T00:06:25.812+0000] {dag.py:4180} INFO - Setting next_dagrun for example_kubernetes_executor to None, run_after=None
[2025-03-19T00:06:25.820+0000] {processor.py:208} INFO - Processing /home/airflow/.local/lib/python3.12/site-packages/airflow/example_dags/example_kubernetes_executor.py took 0.034 seconds
[2025-03-19T00:06:56.868+0000] {processor.py:186} INFO - Started process (PID=17644) to work on /home/airflow/.local/lib/python3.12/site-packages/airflow/example_dags/example_kubernetes_executor.py
[2025-03-19T00:06:56.869+0000] {processor.py:914} INFO - Processing file /home/airflow/.local/lib/python3.12/site-packages/airflow/example_dags/example_kubernetes_executor.py for tasks to queue
[2025-03-19T00:06:56.871+0000] {logging_mixin.py:190} INFO - [2025-03-19T00:06:56.870+0000] {dagbag.py:588} INFO - Filling up the DagBag from /home/airflow/.local/lib/python3.12/site-packages/airflow/example_dags/example_kubernetes_executor.py
[2025-03-19T00:06:56.877+0000] {processor.py:925} INFO - DAG(s) 'example_kubernetes_executor' retrieved from /home/airflow/.local/lib/python3.12/site-packages/airflow/example_dags/example_kubernetes_executor.py
[2025-03-19T00:06:56.886+0000] {logging_mixin.py:190} INFO - [2025-03-19T00:06:56.886+0000] {dag.py:3239} INFO - Sync 1 DAGs
[2025-03-19T00:06:56.892+0000] {logging_mixin.py:190} INFO - [2025-03-19T00:06:56.892+0000] {dag.py:4180} INFO - Setting next_dagrun for example_kubernetes_executor to None, run_after=None
[2025-03-19T00:06:56.899+0000] {processor.py:208} INFO - Processing /home/airflow/.local/lib/python3.12/site-packages/airflow/example_dags/example_kubernetes_executor.py took 0.033 seconds
[2025-03-19T00:07:28.120+0000] {processor.py:186} INFO - Started process (PID=17707) to work on /home/airflow/.local/lib/python3.12/site-packages/airflow/example_dags/example_kubernetes_executor.py
[2025-03-19T00:07:28.121+0000] {processor.py:914} INFO - Processing file /home/airflow/.local/lib/python3.12/site-packages/airflow/example_dags/example_kubernetes_executor.py for tasks to queue
[2025-03-19T00:07:28.122+0000] {logging_mixin.py:190} INFO - [2025-03-19T00:07:28.122+0000] {dagbag.py:588} INFO - Filling up the DagBag from /home/airflow/.local/lib/python3.12/site-packages/airflow/example_dags/example_kubernetes_executor.py
[2025-03-19T00:07:28.128+0000] {processor.py:925} INFO - DAG(s) 'example_kubernetes_executor' retrieved from /home/airflow/.local/lib/python3.12/site-packages/airflow/example_dags/example_kubernetes_executor.py
[2025-03-19T00:07:28.137+0000] {logging_mixin.py:190} INFO - [2025-03-19T00:07:28.137+0000] {dag.py:3239} INFO - Sync 1 DAGs
[2025-03-19T00:07:28.144+0000] {logging_mixin.py:190} INFO - [2025-03-19T00:07:28.143+0000] {dag.py:4180} INFO - Setting next_dagrun for example_kubernetes_executor to None, run_after=None
[2025-03-19T00:07:28.156+0000] {processor.py:208} INFO - Processing /home/airflow/.local/lib/python3.12/site-packages/airflow/example_dags/example_kubernetes_executor.py took 0.039 seconds
[2025-03-19T00:07:59.430+0000] {processor.py:186} INFO - Started process (PID=17770) to work on /home/airflow/.local/lib/python3.12/site-packages/airflow/example_dags/example_kubernetes_executor.py
[2025-03-19T00:07:59.432+0000] {processor.py:914} INFO - Processing file /home/airflow/.local/lib/python3.12/site-packages/airflow/example_dags/example_kubernetes_executor.py for tasks to queue
[2025-03-19T00:07:59.433+0000] {logging_mixin.py:190} INFO - [2025-03-19T00:07:59.433+0000] {dagbag.py:588} INFO - Filling up the DagBag from /home/airflow/.local/lib/python3.12/site-packages/airflow/example_dags/example_kubernetes_executor.py
[2025-03-19T00:07:59.439+0000] {processor.py:925} INFO - DAG(s) 'example_kubernetes_executor' retrieved from /home/airflow/.local/lib/python3.12/site-packages/airflow/example_dags/example_kubernetes_executor.py
[2025-03-19T00:07:59.448+0000] {logging_mixin.py:190} INFO - [2025-03-19T00:07:59.448+0000] {dag.py:3239} INFO - Sync 1 DAGs
[2025-03-19T00:07:59.453+0000] {logging_mixin.py:190} INFO - [2025-03-19T00:07:59.453+0000] {dag.py:4180} INFO - Setting next_dagrun for example_kubernetes_executor to None, run_after=None
[2025-03-19T00:07:59.459+0000] {processor.py:208} INFO - Processing /home/airflow/.local/lib/python3.12/site-packages/airflow/example_dags/example_kubernetes_executor.py took 0.032 seconds
