[2025-03-19T00:00:12.838+0000] {processor.py:186} INFO - Started process (PID=16835) to work on /home/airflow/.local/lib/python3.12/site-packages/airflow/example_dags/example_sensor_decorator.py
[2025-03-19T00:00:12.839+0000] {processor.py:914} INFO - Processing file /home/airflow/.local/lib/python3.12/site-packages/airflow/example_dags/example_sensor_decorator.py for tasks to queue
[2025-03-19T00:00:12.840+0000] {logging_mixin.py:190} INFO - [2025-03-19T00:00:12.840+0000] {dagbag.py:588} INFO - Filling up the DagBag from /home/airflow/.local/lib/python3.12/site-packages/airflow/example_dags/example_sensor_decorator.py
[2025-03-19T00:00:12.846+0000] {processor.py:925} INFO - DAG(s) 'example_sensor_decorator' retrieved from /home/airflow/.local/lib/python3.12/site-packages/airflow/example_dags/example_sensor_decorator.py
[2025-03-19T00:00:12.853+0000] {logging_mixin.py:190} INFO - [2025-03-19T00:00:12.853+0000] {dag.py:3239} INFO - Sync 1 DAGs
[2025-03-19T00:00:12.858+0000] {logging_mixin.py:190} INFO - [2025-03-19T00:00:12.858+0000] {dag.py:4180} INFO - Setting next_dagrun for example_sensor_decorator to None, run_after=None
[2025-03-19T00:00:12.866+0000] {processor.py:208} INFO - Processing /home/airflow/.local/lib/python3.12/site-packages/airflow/example_dags/example_sensor_decorator.py took 0.031 seconds
[2025-03-19T00:00:43.923+0000] {processor.py:186} INFO - Started process (PID=16898) to work on /home/airflow/.local/lib/python3.12/site-packages/airflow/example_dags/example_sensor_decorator.py
[2025-03-19T00:00:43.924+0000] {processor.py:914} INFO - Processing file /home/airflow/.local/lib/python3.12/site-packages/airflow/example_dags/example_sensor_decorator.py for tasks to queue
[2025-03-19T00:00:43.924+0000] {logging_mixin.py:190} INFO - [2025-03-19T00:00:43.924+0000] {dagbag.py:588} INFO - Filling up the DagBag from /home/airflow/.local/lib/python3.12/site-packages/airflow/example_dags/example_sensor_decorator.py
[2025-03-19T00:00:43.928+0000] {processor.py:925} INFO - DAG(s) 'example_sensor_decorator' retrieved from /home/airflow/.local/lib/python3.12/site-packages/airflow/example_dags/example_sensor_decorator.py
[2025-03-19T00:00:43.936+0000] {logging_mixin.py:190} INFO - [2025-03-19T00:00:43.935+0000] {dag.py:3239} INFO - Sync 1 DAGs
[2025-03-19T00:00:43.941+0000] {logging_mixin.py:190} INFO - [2025-03-19T00:00:43.940+0000] {dag.py:4180} INFO - Setting next_dagrun for example_sensor_decorator to None, run_after=None
[2025-03-19T00:00:43.947+0000] {processor.py:208} INFO - Processing /home/airflow/.local/lib/python3.12/site-packages/airflow/example_dags/example_sensor_decorator.py took 0.026 seconds
[2025-03-19T00:01:14.923+0000] {processor.py:186} INFO - Started process (PID=16960) to work on /home/airflow/.local/lib/python3.12/site-packages/airflow/example_dags/example_sensor_decorator.py
[2025-03-19T00:01:14.924+0000] {processor.py:914} INFO - Processing file /home/airflow/.local/lib/python3.12/site-packages/airflow/example_dags/example_sensor_decorator.py for tasks to queue
[2025-03-19T00:01:14.925+0000] {logging_mixin.py:190} INFO - [2025-03-19T00:01:14.925+0000] {dagbag.py:588} INFO - Filling up the DagBag from /home/airflow/.local/lib/python3.12/site-packages/airflow/example_dags/example_sensor_decorator.py
[2025-03-19T00:01:14.929+0000] {processor.py:925} INFO - DAG(s) 'example_sensor_decorator' retrieved from /home/airflow/.local/lib/python3.12/site-packages/airflow/example_dags/example_sensor_decorator.py
[2025-03-19T00:01:14.940+0000] {logging_mixin.py:190} INFO - [2025-03-19T00:01:14.940+0000] {dag.py:3239} INFO - Sync 1 DAGs
[2025-03-19T00:01:14.946+0000] {logging_mixin.py:190} INFO - [2025-03-19T00:01:14.946+0000] {dag.py:4180} INFO - Setting next_dagrun for example_sensor_decorator to None, run_after=None
[2025-03-19T00:01:14.956+0000] {processor.py:208} INFO - Processing /home/airflow/.local/lib/python3.12/site-packages/airflow/example_dags/example_sensor_decorator.py took 0.035 seconds
[2025-03-19T00:01:45.943+0000] {processor.py:186} INFO - Started process (PID=17023) to work on /home/airflow/.local/lib/python3.12/site-packages/airflow/example_dags/example_sensor_decorator.py
[2025-03-19T00:01:45.944+0000] {processor.py:914} INFO - Processing file /home/airflow/.local/lib/python3.12/site-packages/airflow/example_dags/example_sensor_decorator.py for tasks to queue
[2025-03-19T00:01:45.946+0000] {logging_mixin.py:190} INFO - [2025-03-19T00:01:45.945+0000] {dagbag.py:588} INFO - Filling up the DagBag from /home/airflow/.local/lib/python3.12/site-packages/airflow/example_dags/example_sensor_decorator.py
[2025-03-19T00:01:45.950+0000] {processor.py:925} INFO - DAG(s) 'example_sensor_decorator' retrieved from /home/airflow/.local/lib/python3.12/site-packages/airflow/example_dags/example_sensor_decorator.py
[2025-03-19T00:01:45.960+0000] {logging_mixin.py:190} INFO - [2025-03-19T00:01:45.960+0000] {dag.py:3239} INFO - Sync 1 DAGs
[2025-03-19T00:01:45.965+0000] {logging_mixin.py:190} INFO - [2025-03-19T00:01:45.965+0000] {dag.py:4180} INFO - Setting next_dagrun for example_sensor_decorator to None, run_after=None
[2025-03-19T00:01:45.974+0000] {processor.py:208} INFO - Processing /home/airflow/.local/lib/python3.12/site-packages/airflow/example_dags/example_sensor_decorator.py took 0.033 seconds
[2025-03-19T00:02:17.089+0000] {processor.py:186} INFO - Started process (PID=17086) to work on /home/airflow/.local/lib/python3.12/site-packages/airflow/example_dags/example_sensor_decorator.py
[2025-03-19T00:02:17.090+0000] {processor.py:914} INFO - Processing file /home/airflow/.local/lib/python3.12/site-packages/airflow/example_dags/example_sensor_decorator.py for tasks to queue
[2025-03-19T00:02:17.091+0000] {logging_mixin.py:190} INFO - [2025-03-19T00:02:17.090+0000] {dagbag.py:588} INFO - Filling up the DagBag from /home/airflow/.local/lib/python3.12/site-packages/airflow/example_dags/example_sensor_decorator.py
[2025-03-19T00:02:17.094+0000] {processor.py:925} INFO - DAG(s) 'example_sensor_decorator' retrieved from /home/airflow/.local/lib/python3.12/site-packages/airflow/example_dags/example_sensor_decorator.py
[2025-03-19T00:02:17.107+0000] {logging_mixin.py:190} INFO - [2025-03-19T00:02:17.107+0000] {dag.py:3239} INFO - Sync 1 DAGs
[2025-03-19T00:02:17.112+0000] {logging_mixin.py:190} INFO - [2025-03-19T00:02:17.112+0000] {dag.py:4180} INFO - Setting next_dagrun for example_sensor_decorator to None, run_after=None
[2025-03-19T00:02:17.121+0000] {processor.py:208} INFO - Processing /home/airflow/.local/lib/python3.12/site-packages/airflow/example_dags/example_sensor_decorator.py took 0.034 seconds
[2025-03-19T00:02:48.241+0000] {processor.py:186} INFO - Started process (PID=17149) to work on /home/airflow/.local/lib/python3.12/site-packages/airflow/example_dags/example_sensor_decorator.py
[2025-03-19T00:02:48.242+0000] {processor.py:914} INFO - Processing file /home/airflow/.local/lib/python3.12/site-packages/airflow/example_dags/example_sensor_decorator.py for tasks to queue
[2025-03-19T00:02:48.243+0000] {logging_mixin.py:190} INFO - [2025-03-19T00:02:48.243+0000] {dagbag.py:588} INFO - Filling up the DagBag from /home/airflow/.local/lib/python3.12/site-packages/airflow/example_dags/example_sensor_decorator.py
[2025-03-19T00:02:48.249+0000] {processor.py:925} INFO - DAG(s) 'example_sensor_decorator' retrieved from /home/airflow/.local/lib/python3.12/site-packages/airflow/example_dags/example_sensor_decorator.py
[2025-03-19T00:02:48.261+0000] {logging_mixin.py:190} INFO - [2025-03-19T00:02:48.261+0000] {dag.py:3239} INFO - Sync 1 DAGs
[2025-03-19T00:02:48.268+0000] {logging_mixin.py:190} INFO - [2025-03-19T00:02:48.268+0000] {dag.py:4180} INFO - Setting next_dagrun for example_sensor_decorator to None, run_after=None
[2025-03-19T00:02:48.274+0000] {processor.py:208} INFO - Processing /home/airflow/.local/lib/python3.12/site-packages/airflow/example_dags/example_sensor_decorator.py took 0.036 seconds
[2025-03-19T00:03:19.340+0000] {processor.py:186} INFO - Started process (PID=17212) to work on /home/airflow/.local/lib/python3.12/site-packages/airflow/example_dags/example_sensor_decorator.py
[2025-03-19T00:03:19.341+0000] {processor.py:914} INFO - Processing file /home/airflow/.local/lib/python3.12/site-packages/airflow/example_dags/example_sensor_decorator.py for tasks to queue
[2025-03-19T00:03:19.345+0000] {logging_mixin.py:190} INFO - [2025-03-19T00:03:19.345+0000] {dagbag.py:588} INFO - Filling up the DagBag from /home/airflow/.local/lib/python3.12/site-packages/airflow/example_dags/example_sensor_decorator.py
[2025-03-19T00:03:19.348+0000] {processor.py:925} INFO - DAG(s) 'example_sensor_decorator' retrieved from /home/airflow/.local/lib/python3.12/site-packages/airflow/example_dags/example_sensor_decorator.py
[2025-03-19T00:03:19.360+0000] {logging_mixin.py:190} INFO - [2025-03-19T00:03:19.360+0000] {dag.py:3239} INFO - Sync 1 DAGs
[2025-03-19T00:03:19.365+0000] {logging_mixin.py:190} INFO - [2025-03-19T00:03:19.365+0000] {dag.py:4180} INFO - Setting next_dagrun for example_sensor_decorator to None, run_after=None
[2025-03-19T00:03:19.375+0000] {processor.py:208} INFO - Processing /home/airflow/.local/lib/python3.12/site-packages/airflow/example_dags/example_sensor_decorator.py took 0.038 seconds
[2025-03-19T00:03:50.492+0000] {processor.py:186} INFO - Started process (PID=17275) to work on /home/airflow/.local/lib/python3.12/site-packages/airflow/example_dags/example_sensor_decorator.py
[2025-03-19T00:03:50.492+0000] {processor.py:914} INFO - Processing file /home/airflow/.local/lib/python3.12/site-packages/airflow/example_dags/example_sensor_decorator.py for tasks to queue
[2025-03-19T00:03:50.493+0000] {logging_mixin.py:190} INFO - [2025-03-19T00:03:50.493+0000] {dagbag.py:588} INFO - Filling up the DagBag from /home/airflow/.local/lib/python3.12/site-packages/airflow/example_dags/example_sensor_decorator.py
[2025-03-19T00:03:50.498+0000] {processor.py:925} INFO - DAG(s) 'example_sensor_decorator' retrieved from /home/airflow/.local/lib/python3.12/site-packages/airflow/example_dags/example_sensor_decorator.py
[2025-03-19T00:03:50.510+0000] {logging_mixin.py:190} INFO - [2025-03-19T00:03:50.510+0000] {dag.py:3239} INFO - Sync 1 DAGs
[2025-03-19T00:03:50.515+0000] {logging_mixin.py:190} INFO - [2025-03-19T00:03:50.515+0000] {dag.py:4180} INFO - Setting next_dagrun for example_sensor_decorator to None, run_after=None
[2025-03-19T00:03:50.525+0000] {processor.py:208} INFO - Processing /home/airflow/.local/lib/python3.12/site-packages/airflow/example_dags/example_sensor_decorator.py took 0.035 seconds
[2025-03-19T00:04:21.525+0000] {processor.py:186} INFO - Started process (PID=17339) to work on /home/airflow/.local/lib/python3.12/site-packages/airflow/example_dags/example_sensor_decorator.py
[2025-03-19T00:04:21.526+0000] {processor.py:914} INFO - Processing file /home/airflow/.local/lib/python3.12/site-packages/airflow/example_dags/example_sensor_decorator.py for tasks to queue
[2025-03-19T00:04:21.527+0000] {logging_mixin.py:190} INFO - [2025-03-19T00:04:21.527+0000] {dagbag.py:588} INFO - Filling up the DagBag from /home/airflow/.local/lib/python3.12/site-packages/airflow/example_dags/example_sensor_decorator.py
[2025-03-19T00:04:21.530+0000] {processor.py:925} INFO - DAG(s) 'example_sensor_decorator' retrieved from /home/airflow/.local/lib/python3.12/site-packages/airflow/example_dags/example_sensor_decorator.py
[2025-03-19T00:04:21.538+0000] {logging_mixin.py:190} INFO - [2025-03-19T00:04:21.538+0000] {dag.py:3239} INFO - Sync 1 DAGs
[2025-03-19T00:04:21.543+0000] {logging_mixin.py:190} INFO - [2025-03-19T00:04:21.543+0000] {dag.py:4180} INFO - Setting next_dagrun for example_sensor_decorator to None, run_after=None
[2025-03-19T00:04:21.553+0000] {processor.py:208} INFO - Processing /home/airflow/.local/lib/python3.12/site-packages/airflow/example_dags/example_sensor_decorator.py took 0.030 seconds
[2025-03-19T00:04:52.542+0000] {processor.py:186} INFO - Started process (PID=17402) to work on /home/airflow/.local/lib/python3.12/site-packages/airflow/example_dags/example_sensor_decorator.py
[2025-03-19T00:04:52.542+0000] {processor.py:914} INFO - Processing file /home/airflow/.local/lib/python3.12/site-packages/airflow/example_dags/example_sensor_decorator.py for tasks to queue
[2025-03-19T00:04:52.543+0000] {logging_mixin.py:190} INFO - [2025-03-19T00:04:52.543+0000] {dagbag.py:588} INFO - Filling up the DagBag from /home/airflow/.local/lib/python3.12/site-packages/airflow/example_dags/example_sensor_decorator.py
[2025-03-19T00:04:52.547+0000] {processor.py:925} INFO - DAG(s) 'example_sensor_decorator' retrieved from /home/airflow/.local/lib/python3.12/site-packages/airflow/example_dags/example_sensor_decorator.py
[2025-03-19T00:04:52.554+0000] {logging_mixin.py:190} INFO - [2025-03-19T00:04:52.554+0000] {dag.py:3239} INFO - Sync 1 DAGs
[2025-03-19T00:04:52.559+0000] {logging_mixin.py:190} INFO - [2025-03-19T00:04:52.559+0000] {dag.py:4180} INFO - Setting next_dagrun for example_sensor_decorator to None, run_after=None
[2025-03-19T00:04:52.565+0000] {processor.py:208} INFO - Processing /home/airflow/.local/lib/python3.12/site-packages/airflow/example_dags/example_sensor_decorator.py took 0.025 seconds
[2025-03-19T00:05:23.651+0000] {processor.py:186} INFO - Started process (PID=17464) to work on /home/airflow/.local/lib/python3.12/site-packages/airflow/example_dags/example_sensor_decorator.py
[2025-03-19T00:05:23.653+0000] {processor.py:914} INFO - Processing file /home/airflow/.local/lib/python3.12/site-packages/airflow/example_dags/example_sensor_decorator.py for tasks to queue
[2025-03-19T00:05:23.654+0000] {logging_mixin.py:190} INFO - [2025-03-19T00:05:23.654+0000] {dagbag.py:588} INFO - Filling up the DagBag from /home/airflow/.local/lib/python3.12/site-packages/airflow/example_dags/example_sensor_decorator.py
[2025-03-19T00:05:23.659+0000] {processor.py:925} INFO - DAG(s) 'example_sensor_decorator' retrieved from /home/airflow/.local/lib/python3.12/site-packages/airflow/example_dags/example_sensor_decorator.py
[2025-03-19T00:05:23.671+0000] {logging_mixin.py:190} INFO - [2025-03-19T00:05:23.671+0000] {dag.py:3239} INFO - Sync 1 DAGs
[2025-03-19T00:05:23.677+0000] {logging_mixin.py:190} INFO - [2025-03-19T00:05:23.677+0000] {dag.py:4180} INFO - Setting next_dagrun for example_sensor_decorator to None, run_after=None
[2025-03-19T00:05:23.683+0000] {processor.py:208} INFO - Processing /home/airflow/.local/lib/python3.12/site-packages/airflow/example_dags/example_sensor_decorator.py took 0.034 seconds
[2025-03-19T00:05:54.841+0000] {processor.py:186} INFO - Started process (PID=17527) to work on /home/airflow/.local/lib/python3.12/site-packages/airflow/example_dags/example_sensor_decorator.py
[2025-03-19T00:05:54.841+0000] {processor.py:914} INFO - Processing file /home/airflow/.local/lib/python3.12/site-packages/airflow/example_dags/example_sensor_decorator.py for tasks to queue
[2025-03-19T00:05:54.842+0000] {logging_mixin.py:190} INFO - [2025-03-19T00:05:54.842+0000] {dagbag.py:588} INFO - Filling up the DagBag from /home/airflow/.local/lib/python3.12/site-packages/airflow/example_dags/example_sensor_decorator.py
[2025-03-19T00:05:54.846+0000] {processor.py:925} INFO - DAG(s) 'example_sensor_decorator' retrieved from /home/airflow/.local/lib/python3.12/site-packages/airflow/example_dags/example_sensor_decorator.py
[2025-03-19T00:05:54.855+0000] {logging_mixin.py:190} INFO - [2025-03-19T00:05:54.855+0000] {dag.py:3239} INFO - Sync 1 DAGs
[2025-03-19T00:05:54.861+0000] {logging_mixin.py:190} INFO - [2025-03-19T00:05:54.860+0000] {dag.py:4180} INFO - Setting next_dagrun for example_sensor_decorator to None, run_after=None
[2025-03-19T00:05:54.869+0000] {processor.py:208} INFO - Processing /home/airflow/.local/lib/python3.12/site-packages/airflow/example_dags/example_sensor_decorator.py took 0.030 seconds
[2025-03-19T00:06:25.994+0000] {processor.py:186} INFO - Started process (PID=17590) to work on /home/airflow/.local/lib/python3.12/site-packages/airflow/example_dags/example_sensor_decorator.py
[2025-03-19T00:06:25.997+0000] {processor.py:914} INFO - Processing file /home/airflow/.local/lib/python3.12/site-packages/airflow/example_dags/example_sensor_decorator.py for tasks to queue
[2025-03-19T00:06:25.999+0000] {logging_mixin.py:190} INFO - [2025-03-19T00:06:25.998+0000] {dagbag.py:588} INFO - Filling up the DagBag from /home/airflow/.local/lib/python3.12/site-packages/airflow/example_dags/example_sensor_decorator.py
[2025-03-19T00:06:26.004+0000] {processor.py:925} INFO - DAG(s) 'example_sensor_decorator' retrieved from /home/airflow/.local/lib/python3.12/site-packages/airflow/example_dags/example_sensor_decorator.py
[2025-03-19T00:06:26.015+0000] {logging_mixin.py:190} INFO - [2025-03-19T00:06:26.015+0000] {dag.py:3239} INFO - Sync 1 DAGs
[2025-03-19T00:06:26.020+0000] {logging_mixin.py:190} INFO - [2025-03-19T00:06:26.020+0000] {dag.py:4180} INFO - Setting next_dagrun for example_sensor_decorator to None, run_after=None
[2025-03-19T00:06:26.027+0000] {processor.py:208} INFO - Processing /home/airflow/.local/lib/python3.12/site-packages/airflow/example_dags/example_sensor_decorator.py took 0.036 seconds
[2025-03-19T00:06:57.129+0000] {processor.py:186} INFO - Started process (PID=17653) to work on /home/airflow/.local/lib/python3.12/site-packages/airflow/example_dags/example_sensor_decorator.py
[2025-03-19T00:06:57.131+0000] {processor.py:914} INFO - Processing file /home/airflow/.local/lib/python3.12/site-packages/airflow/example_dags/example_sensor_decorator.py for tasks to queue
[2025-03-19T00:06:57.132+0000] {logging_mixin.py:190} INFO - [2025-03-19T00:06:57.132+0000] {dagbag.py:588} INFO - Filling up the DagBag from /home/airflow/.local/lib/python3.12/site-packages/airflow/example_dags/example_sensor_decorator.py
[2025-03-19T00:06:57.135+0000] {processor.py:925} INFO - DAG(s) 'example_sensor_decorator' retrieved from /home/airflow/.local/lib/python3.12/site-packages/airflow/example_dags/example_sensor_decorator.py
[2025-03-19T00:06:57.145+0000] {logging_mixin.py:190} INFO - [2025-03-19T00:06:57.145+0000] {dag.py:3239} INFO - Sync 1 DAGs
[2025-03-19T00:06:57.151+0000] {logging_mixin.py:190} INFO - [2025-03-19T00:06:57.151+0000] {dag.py:4180} INFO - Setting next_dagrun for example_sensor_decorator to None, run_after=None
[2025-03-19T00:06:57.158+0000] {processor.py:208} INFO - Processing /home/airflow/.local/lib/python3.12/site-packages/airflow/example_dags/example_sensor_decorator.py took 0.031 seconds
[2025-03-19T00:07:28.354+0000] {processor.py:186} INFO - Started process (PID=17716) to work on /home/airflow/.local/lib/python3.12/site-packages/airflow/example_dags/example_sensor_decorator.py
[2025-03-19T00:07:28.354+0000] {processor.py:914} INFO - Processing file /home/airflow/.local/lib/python3.12/site-packages/airflow/example_dags/example_sensor_decorator.py for tasks to queue
[2025-03-19T00:07:28.355+0000] {logging_mixin.py:190} INFO - [2025-03-19T00:07:28.355+0000] {dagbag.py:588} INFO - Filling up the DagBag from /home/airflow/.local/lib/python3.12/site-packages/airflow/example_dags/example_sensor_decorator.py
[2025-03-19T00:07:28.360+0000] {processor.py:925} INFO - DAG(s) 'example_sensor_decorator' retrieved from /home/airflow/.local/lib/python3.12/site-packages/airflow/example_dags/example_sensor_decorator.py
[2025-03-19T00:07:28.370+0000] {logging_mixin.py:190} INFO - [2025-03-19T00:07:28.370+0000] {dag.py:3239} INFO - Sync 1 DAGs
[2025-03-19T00:07:28.374+0000] {logging_mixin.py:190} INFO - [2025-03-19T00:07:28.374+0000] {dag.py:4180} INFO - Setting next_dagrun for example_sensor_decorator to None, run_after=None
[2025-03-19T00:07:28.384+0000] {processor.py:208} INFO - Processing /home/airflow/.local/lib/python3.12/site-packages/airflow/example_dags/example_sensor_decorator.py took 0.033 seconds
[2025-03-19T00:07:59.648+0000] {processor.py:186} INFO - Started process (PID=17779) to work on /home/airflow/.local/lib/python3.12/site-packages/airflow/example_dags/example_sensor_decorator.py
[2025-03-19T00:07:59.648+0000] {processor.py:914} INFO - Processing file /home/airflow/.local/lib/python3.12/site-packages/airflow/example_dags/example_sensor_decorator.py for tasks to queue
[2025-03-19T00:07:59.649+0000] {logging_mixin.py:190} INFO - [2025-03-19T00:07:59.649+0000] {dagbag.py:588} INFO - Filling up the DagBag from /home/airflow/.local/lib/python3.12/site-packages/airflow/example_dags/example_sensor_decorator.py
[2025-03-19T00:07:59.654+0000] {processor.py:925} INFO - DAG(s) 'example_sensor_decorator' retrieved from /home/airflow/.local/lib/python3.12/site-packages/airflow/example_dags/example_sensor_decorator.py
[2025-03-19T00:07:59.662+0000] {logging_mixin.py:190} INFO - [2025-03-19T00:07:59.662+0000] {dag.py:3239} INFO - Sync 1 DAGs
[2025-03-19T00:07:59.668+0000] {logging_mixin.py:190} INFO - [2025-03-19T00:07:59.668+0000] {dag.py:4180} INFO - Setting next_dagrun for example_sensor_decorator to None, run_after=None
[2025-03-19T00:07:59.680+0000] {processor.py:208} INFO - Processing /home/airflow/.local/lib/python3.12/site-packages/airflow/example_dags/example_sensor_decorator.py took 0.035 seconds
