[2025-03-19T00:00:12.412+0000] {processor.py:186} INFO - Started process (PID=16820) to work on /home/airflow/.local/lib/python3.12/site-packages/airflow/example_dags/example_branch_labels.py
[2025-03-19T00:00:12.412+0000] {processor.py:914} INFO - Processing file /home/airflow/.local/lib/python3.12/site-packages/airflow/example_dags/example_branch_labels.py for tasks to queue
[2025-03-19T00:00:12.413+0000] {logging_mixin.py:190} INFO - [2025-03-19T00:00:12.413+0000] {dagbag.py:588} INFO - Filling up the DagBag from /home/airflow/.local/lib/python3.12/site-packages/airflow/example_dags/example_branch_labels.py
[2025-03-19T00:00:12.417+0000] {processor.py:925} INFO - DAG(s) 'example_branch_labels' retrieved from /home/airflow/.local/lib/python3.12/site-packages/airflow/example_dags/example_branch_labels.py
[2025-03-19T00:00:12.431+0000] {logging_mixin.py:190} INFO - [2025-03-19T00:00:12.431+0000] {dag.py:3239} INFO - Sync 1 DAGs
[2025-03-19T00:00:12.441+0000] {logging_mixin.py:190} INFO - [2025-03-19T00:00:12.441+0000] {dag.py:4180} INFO - Setting next_dagrun for example_branch_labels to 2025-03-18 00:00:00+00:00, run_after=2025-03-19 00:00:00+00:00
[2025-03-19T00:00:12.451+0000] {processor.py:208} INFO - Processing /home/airflow/.local/lib/python3.12/site-packages/airflow/example_dags/example_branch_labels.py took 0.042 seconds
[2025-03-19T00:00:43.538+0000] {processor.py:186} INFO - Started process (PID=16883) to work on /home/airflow/.local/lib/python3.12/site-packages/airflow/example_dags/example_branch_labels.py
[2025-03-19T00:00:43.539+0000] {processor.py:914} INFO - Processing file /home/airflow/.local/lib/python3.12/site-packages/airflow/example_dags/example_branch_labels.py for tasks to queue
[2025-03-19T00:00:43.540+0000] {logging_mixin.py:190} INFO - [2025-03-19T00:00:43.539+0000] {dagbag.py:588} INFO - Filling up the DagBag from /home/airflow/.local/lib/python3.12/site-packages/airflow/example_dags/example_branch_labels.py
[2025-03-19T00:00:43.544+0000] {processor.py:925} INFO - DAG(s) 'example_branch_labels' retrieved from /home/airflow/.local/lib/python3.12/site-packages/airflow/example_dags/example_branch_labels.py
[2025-03-19T00:00:43.554+0000] {logging_mixin.py:190} INFO - [2025-03-19T00:00:43.554+0000] {dag.py:3239} INFO - Sync 1 DAGs
[2025-03-19T00:00:43.563+0000] {logging_mixin.py:190} INFO - [2025-03-19T00:00:43.563+0000] {dag.py:4180} INFO - Setting next_dagrun for example_branch_labels to 2025-03-18 00:00:00+00:00, run_after=2025-03-19 00:00:00+00:00
[2025-03-19T00:00:43.572+0000] {processor.py:208} INFO - Processing /home/airflow/.local/lib/python3.12/site-packages/airflow/example_dags/example_branch_labels.py took 0.036 seconds
[2025-03-19T00:01:14.573+0000] {processor.py:186} INFO - Started process (PID=16946) to work on /home/airflow/.local/lib/python3.12/site-packages/airflow/example_dags/example_branch_labels.py
[2025-03-19T00:01:14.573+0000] {processor.py:914} INFO - Processing file /home/airflow/.local/lib/python3.12/site-packages/airflow/example_dags/example_branch_labels.py for tasks to queue
[2025-03-19T00:01:14.574+0000] {logging_mixin.py:190} INFO - [2025-03-19T00:01:14.574+0000] {dagbag.py:588} INFO - Filling up the DagBag from /home/airflow/.local/lib/python3.12/site-packages/airflow/example_dags/example_branch_labels.py
[2025-03-19T00:01:14.579+0000] {processor.py:925} INFO - DAG(s) 'example_branch_labels' retrieved from /home/airflow/.local/lib/python3.12/site-packages/airflow/example_dags/example_branch_labels.py
[2025-03-19T00:01:14.587+0000] {logging_mixin.py:190} INFO - [2025-03-19T00:01:14.587+0000] {dag.py:3239} INFO - Sync 1 DAGs
[2025-03-19T00:01:14.597+0000] {logging_mixin.py:190} INFO - [2025-03-19T00:01:14.597+0000] {dag.py:4180} INFO - Setting next_dagrun for example_branch_labels to 2025-03-18 00:00:00+00:00, run_after=2025-03-19 00:00:00+00:00
[2025-03-19T00:01:14.603+0000] {processor.py:208} INFO - Processing /home/airflow/.local/lib/python3.12/site-packages/airflow/example_dags/example_branch_labels.py took 0.033 seconds
[2025-03-19T00:01:45.616+0000] {processor.py:186} INFO - Started process (PID=17009) to work on /home/airflow/.local/lib/python3.12/site-packages/airflow/example_dags/example_branch_labels.py
[2025-03-19T00:01:45.618+0000] {processor.py:914} INFO - Processing file /home/airflow/.local/lib/python3.12/site-packages/airflow/example_dags/example_branch_labels.py for tasks to queue
[2025-03-19T00:01:45.619+0000] {logging_mixin.py:190} INFO - [2025-03-19T00:01:45.619+0000] {dagbag.py:588} INFO - Filling up the DagBag from /home/airflow/.local/lib/python3.12/site-packages/airflow/example_dags/example_branch_labels.py
[2025-03-19T00:01:45.626+0000] {processor.py:925} INFO - DAG(s) 'example_branch_labels' retrieved from /home/airflow/.local/lib/python3.12/site-packages/airflow/example_dags/example_branch_labels.py
[2025-03-19T00:01:45.634+0000] {logging_mixin.py:190} INFO - [2025-03-19T00:01:45.634+0000] {dag.py:3239} INFO - Sync 1 DAGs
[2025-03-19T00:01:45.642+0000] {logging_mixin.py:190} INFO - [2025-03-19T00:01:45.642+0000] {dag.py:4180} INFO - Setting next_dagrun for example_branch_labels to 2025-03-18 00:00:00+00:00, run_after=2025-03-19 00:00:00+00:00
[2025-03-19T00:01:45.650+0000] {processor.py:208} INFO - Processing /home/airflow/.local/lib/python3.12/site-packages/airflow/example_dags/example_branch_labels.py took 0.036 seconds
[2025-03-19T00:02:16.734+0000] {processor.py:186} INFO - Started process (PID=17072) to work on /home/airflow/.local/lib/python3.12/site-packages/airflow/example_dags/example_branch_labels.py
[2025-03-19T00:02:16.735+0000] {processor.py:914} INFO - Processing file /home/airflow/.local/lib/python3.12/site-packages/airflow/example_dags/example_branch_labels.py for tasks to queue
[2025-03-19T00:02:16.736+0000] {logging_mixin.py:190} INFO - [2025-03-19T00:02:16.736+0000] {dagbag.py:588} INFO - Filling up the DagBag from /home/airflow/.local/lib/python3.12/site-packages/airflow/example_dags/example_branch_labels.py
[2025-03-19T00:02:16.741+0000] {processor.py:925} INFO - DAG(s) 'example_branch_labels' retrieved from /home/airflow/.local/lib/python3.12/site-packages/airflow/example_dags/example_branch_labels.py
[2025-03-19T00:02:16.748+0000] {logging_mixin.py:190} INFO - [2025-03-19T00:02:16.748+0000] {dag.py:3239} INFO - Sync 1 DAGs
[2025-03-19T00:02:16.757+0000] {logging_mixin.py:190} INFO - [2025-03-19T00:02:16.757+0000] {dag.py:4180} INFO - Setting next_dagrun for example_branch_labels to 2025-03-18 00:00:00+00:00, run_after=2025-03-19 00:00:00+00:00
[2025-03-19T00:02:16.768+0000] {processor.py:208} INFO - Processing /home/airflow/.local/lib/python3.12/site-packages/airflow/example_dags/example_branch_labels.py took 0.036 seconds
[2025-03-19T00:02:47.874+0000] {processor.py:186} INFO - Started process (PID=17135) to work on /home/airflow/.local/lib/python3.12/site-packages/airflow/example_dags/example_branch_labels.py
[2025-03-19T00:02:47.875+0000] {processor.py:914} INFO - Processing file /home/airflow/.local/lib/python3.12/site-packages/airflow/example_dags/example_branch_labels.py for tasks to queue
[2025-03-19T00:02:47.876+0000] {logging_mixin.py:190} INFO - [2025-03-19T00:02:47.876+0000] {dagbag.py:588} INFO - Filling up the DagBag from /home/airflow/.local/lib/python3.12/site-packages/airflow/example_dags/example_branch_labels.py
[2025-03-19T00:02:47.880+0000] {processor.py:925} INFO - DAG(s) 'example_branch_labels' retrieved from /home/airflow/.local/lib/python3.12/site-packages/airflow/example_dags/example_branch_labels.py
[2025-03-19T00:02:47.891+0000] {logging_mixin.py:190} INFO - [2025-03-19T00:02:47.890+0000] {dag.py:3239} INFO - Sync 1 DAGs
[2025-03-19T00:02:47.901+0000] {logging_mixin.py:190} INFO - [2025-03-19T00:02:47.901+0000] {dag.py:4180} INFO - Setting next_dagrun for example_branch_labels to 2025-03-18 00:00:00+00:00, run_after=2025-03-19 00:00:00+00:00
[2025-03-19T00:02:47.912+0000] {processor.py:208} INFO - Processing /home/airflow/.local/lib/python3.12/site-packages/airflow/example_dags/example_branch_labels.py took 0.040 seconds
[2025-03-19T00:03:18.996+0000] {processor.py:186} INFO - Started process (PID=17198) to work on /home/airflow/.local/lib/python3.12/site-packages/airflow/example_dags/example_branch_labels.py
[2025-03-19T00:03:18.997+0000] {processor.py:914} INFO - Processing file /home/airflow/.local/lib/python3.12/site-packages/airflow/example_dags/example_branch_labels.py for tasks to queue
[2025-03-19T00:03:18.998+0000] {logging_mixin.py:190} INFO - [2025-03-19T00:03:18.998+0000] {dagbag.py:588} INFO - Filling up the DagBag from /home/airflow/.local/lib/python3.12/site-packages/airflow/example_dags/example_branch_labels.py
[2025-03-19T00:03:19.003+0000] {processor.py:925} INFO - DAG(s) 'example_branch_labels' retrieved from /home/airflow/.local/lib/python3.12/site-packages/airflow/example_dags/example_branch_labels.py
[2025-03-19T00:03:19.017+0000] {logging_mixin.py:190} INFO - [2025-03-19T00:03:19.017+0000] {dag.py:3239} INFO - Sync 1 DAGs
[2025-03-19T00:03:19.027+0000] {logging_mixin.py:190} INFO - [2025-03-19T00:03:19.027+0000] {dag.py:4180} INFO - Setting next_dagrun for example_branch_labels to 2025-03-18 00:00:00+00:00, run_after=2025-03-19 00:00:00+00:00
[2025-03-19T00:03:19.036+0000] {processor.py:208} INFO - Processing /home/airflow/.local/lib/python3.12/site-packages/airflow/example_dags/example_branch_labels.py took 0.042 seconds
[2025-03-19T00:03:50.134+0000] {processor.py:186} INFO - Started process (PID=17261) to work on /home/airflow/.local/lib/python3.12/site-packages/airflow/example_dags/example_branch_labels.py
[2025-03-19T00:03:50.135+0000] {processor.py:914} INFO - Processing file /home/airflow/.local/lib/python3.12/site-packages/airflow/example_dags/example_branch_labels.py for tasks to queue
[2025-03-19T00:03:50.136+0000] {logging_mixin.py:190} INFO - [2025-03-19T00:03:50.135+0000] {dagbag.py:588} INFO - Filling up the DagBag from /home/airflow/.local/lib/python3.12/site-packages/airflow/example_dags/example_branch_labels.py
[2025-03-19T00:03:50.140+0000] {processor.py:925} INFO - DAG(s) 'example_branch_labels' retrieved from /home/airflow/.local/lib/python3.12/site-packages/airflow/example_dags/example_branch_labels.py
[2025-03-19T00:03:50.149+0000] {logging_mixin.py:190} INFO - [2025-03-19T00:03:50.149+0000] {dag.py:3239} INFO - Sync 1 DAGs
[2025-03-19T00:03:50.158+0000] {logging_mixin.py:190} INFO - [2025-03-19T00:03:50.158+0000] {dag.py:4180} INFO - Setting next_dagrun for example_branch_labels to 2025-03-18 00:00:00+00:00, run_after=2025-03-19 00:00:00+00:00
[2025-03-19T00:03:50.167+0000] {processor.py:208} INFO - Processing /home/airflow/.local/lib/python3.12/site-packages/airflow/example_dags/example_branch_labels.py took 0.035 seconds
[2025-03-19T00:04:21.089+0000] {processor.py:186} INFO - Started process (PID=17324) to work on /home/airflow/.local/lib/python3.12/site-packages/airflow/example_dags/example_branch_labels.py
[2025-03-19T00:04:21.092+0000] {processor.py:914} INFO - Processing file /home/airflow/.local/lib/python3.12/site-packages/airflow/example_dags/example_branch_labels.py for tasks to queue
[2025-03-19T00:04:21.093+0000] {logging_mixin.py:190} INFO - [2025-03-19T00:04:21.093+0000] {dagbag.py:588} INFO - Filling up the DagBag from /home/airflow/.local/lib/python3.12/site-packages/airflow/example_dags/example_branch_labels.py
[2025-03-19T00:04:21.099+0000] {processor.py:925} INFO - DAG(s) 'example_branch_labels' retrieved from /home/airflow/.local/lib/python3.12/site-packages/airflow/example_dags/example_branch_labels.py
[2025-03-19T00:04:21.110+0000] {logging_mixin.py:190} INFO - [2025-03-19T00:04:21.110+0000] {dag.py:3239} INFO - Sync 1 DAGs
[2025-03-19T00:04:21.119+0000] {logging_mixin.py:190} INFO - [2025-03-19T00:04:21.119+0000] {dag.py:4180} INFO - Setting next_dagrun for example_branch_labels to 2025-03-18 00:00:00+00:00, run_after=2025-03-19 00:00:00+00:00
[2025-03-19T00:04:21.125+0000] {processor.py:208} INFO - Processing /home/airflow/.local/lib/python3.12/site-packages/airflow/example_dags/example_branch_labels.py took 0.038 seconds
[2025-03-19T00:04:52.133+0000] {processor.py:186} INFO - Started process (PID=17387) to work on /home/airflow/.local/lib/python3.12/site-packages/airflow/example_dags/example_branch_labels.py
[2025-03-19T00:04:52.134+0000] {processor.py:914} INFO - Processing file /home/airflow/.local/lib/python3.12/site-packages/airflow/example_dags/example_branch_labels.py for tasks to queue
[2025-03-19T00:04:52.136+0000] {logging_mixin.py:190} INFO - [2025-03-19T00:04:52.136+0000] {dagbag.py:588} INFO - Filling up the DagBag from /home/airflow/.local/lib/python3.12/site-packages/airflow/example_dags/example_branch_labels.py
[2025-03-19T00:04:52.140+0000] {processor.py:925} INFO - DAG(s) 'example_branch_labels' retrieved from /home/airflow/.local/lib/python3.12/site-packages/airflow/example_dags/example_branch_labels.py
[2025-03-19T00:04:52.150+0000] {logging_mixin.py:190} INFO - [2025-03-19T00:04:52.150+0000] {dag.py:3239} INFO - Sync 1 DAGs
[2025-03-19T00:04:52.161+0000] {logging_mixin.py:190} INFO - [2025-03-19T00:04:52.159+0000] {dag.py:4180} INFO - Setting next_dagrun for example_branch_labels to 2025-03-18 00:00:00+00:00, run_after=2025-03-19 00:00:00+00:00
[2025-03-19T00:04:52.169+0000] {processor.py:208} INFO - Processing /home/airflow/.local/lib/python3.12/site-packages/airflow/example_dags/example_branch_labels.py took 0.037 seconds
[2025-03-19T00:05:23.289+0000] {processor.py:186} INFO - Started process (PID=17450) to work on /home/airflow/.local/lib/python3.12/site-packages/airflow/example_dags/example_branch_labels.py
[2025-03-19T00:05:23.290+0000] {processor.py:914} INFO - Processing file /home/airflow/.local/lib/python3.12/site-packages/airflow/example_dags/example_branch_labels.py for tasks to queue
[2025-03-19T00:05:23.291+0000] {logging_mixin.py:190} INFO - [2025-03-19T00:05:23.291+0000] {dagbag.py:588} INFO - Filling up the DagBag from /home/airflow/.local/lib/python3.12/site-packages/airflow/example_dags/example_branch_labels.py
[2025-03-19T00:05:23.296+0000] {processor.py:925} INFO - DAG(s) 'example_branch_labels' retrieved from /home/airflow/.local/lib/python3.12/site-packages/airflow/example_dags/example_branch_labels.py
[2025-03-19T00:05:23.305+0000] {logging_mixin.py:190} INFO - [2025-03-19T00:05:23.305+0000] {dag.py:3239} INFO - Sync 1 DAGs
[2025-03-19T00:05:23.313+0000] {logging_mixin.py:190} INFO - [2025-03-19T00:05:23.313+0000] {dag.py:4180} INFO - Setting next_dagrun for example_branch_labels to 2025-03-18 00:00:00+00:00, run_after=2025-03-19 00:00:00+00:00
[2025-03-19T00:05:23.320+0000] {processor.py:208} INFO - Processing /home/airflow/.local/lib/python3.12/site-packages/airflow/example_dags/example_branch_labels.py took 0.033 seconds
[2025-03-19T00:05:54.497+0000] {processor.py:186} INFO - Started process (PID=17513) to work on /home/airflow/.local/lib/python3.12/site-packages/airflow/example_dags/example_branch_labels.py
[2025-03-19T00:05:54.497+0000] {processor.py:914} INFO - Processing file /home/airflow/.local/lib/python3.12/site-packages/airflow/example_dags/example_branch_labels.py for tasks to queue
[2025-03-19T00:05:54.498+0000] {logging_mixin.py:190} INFO - [2025-03-19T00:05:54.498+0000] {dagbag.py:588} INFO - Filling up the DagBag from /home/airflow/.local/lib/python3.12/site-packages/airflow/example_dags/example_branch_labels.py
[2025-03-19T00:05:54.502+0000] {processor.py:925} INFO - DAG(s) 'example_branch_labels' retrieved from /home/airflow/.local/lib/python3.12/site-packages/airflow/example_dags/example_branch_labels.py
[2025-03-19T00:05:54.512+0000] {logging_mixin.py:190} INFO - [2025-03-19T00:05:54.512+0000] {dag.py:3239} INFO - Sync 1 DAGs
[2025-03-19T00:05:54.524+0000] {logging_mixin.py:190} INFO - [2025-03-19T00:05:54.523+0000] {dag.py:4180} INFO - Setting next_dagrun for example_branch_labels to 2025-03-18 00:00:00+00:00, run_after=2025-03-19 00:00:00+00:00
[2025-03-19T00:05:54.535+0000] {processor.py:208} INFO - Processing /home/airflow/.local/lib/python3.12/site-packages/airflow/example_dags/example_branch_labels.py took 0.040 seconds
[2025-03-19T00:06:25.671+0000] {processor.py:186} INFO - Started process (PID=17576) to work on /home/airflow/.local/lib/python3.12/site-packages/airflow/example_dags/example_branch_labels.py
[2025-03-19T00:06:25.671+0000] {processor.py:914} INFO - Processing file /home/airflow/.local/lib/python3.12/site-packages/airflow/example_dags/example_branch_labels.py for tasks to queue
[2025-03-19T00:06:25.672+0000] {logging_mixin.py:190} INFO - [2025-03-19T00:06:25.672+0000] {dagbag.py:588} INFO - Filling up the DagBag from /home/airflow/.local/lib/python3.12/site-packages/airflow/example_dags/example_branch_labels.py
[2025-03-19T00:06:25.676+0000] {processor.py:925} INFO - DAG(s) 'example_branch_labels' retrieved from /home/airflow/.local/lib/python3.12/site-packages/airflow/example_dags/example_branch_labels.py
[2025-03-19T00:06:25.683+0000] {logging_mixin.py:190} INFO - [2025-03-19T00:06:25.683+0000] {dag.py:3239} INFO - Sync 1 DAGs
[2025-03-19T00:06:25.690+0000] {logging_mixin.py:190} INFO - [2025-03-19T00:06:25.690+0000] {dag.py:4180} INFO - Setting next_dagrun for example_branch_labels to 2025-03-18 00:00:00+00:00, run_after=2025-03-19 00:00:00+00:00
[2025-03-19T00:06:25.695+0000] {processor.py:208} INFO - Processing /home/airflow/.local/lib/python3.12/site-packages/airflow/example_dags/example_branch_labels.py took 0.027 seconds
[2025-03-19T00:06:56.745+0000] {processor.py:186} INFO - Started process (PID=17639) to work on /home/airflow/.local/lib/python3.12/site-packages/airflow/example_dags/example_branch_labels.py
[2025-03-19T00:06:56.745+0000] {processor.py:914} INFO - Processing file /home/airflow/.local/lib/python3.12/site-packages/airflow/example_dags/example_branch_labels.py for tasks to queue
[2025-03-19T00:06:56.746+0000] {logging_mixin.py:190} INFO - [2025-03-19T00:06:56.746+0000] {dagbag.py:588} INFO - Filling up the DagBag from /home/airflow/.local/lib/python3.12/site-packages/airflow/example_dags/example_branch_labels.py
[2025-03-19T00:06:56.750+0000] {processor.py:925} INFO - DAG(s) 'example_branch_labels' retrieved from /home/airflow/.local/lib/python3.12/site-packages/airflow/example_dags/example_branch_labels.py
[2025-03-19T00:06:56.757+0000] {logging_mixin.py:190} INFO - [2025-03-19T00:06:56.757+0000] {dag.py:3239} INFO - Sync 1 DAGs
[2025-03-19T00:06:56.764+0000] {logging_mixin.py:190} INFO - [2025-03-19T00:06:56.764+0000] {dag.py:4180} INFO - Setting next_dagrun for example_branch_labels to 2025-03-18 00:00:00+00:00, run_after=2025-03-19 00:00:00+00:00
[2025-03-19T00:06:56.770+0000] {processor.py:208} INFO - Processing /home/airflow/.local/lib/python3.12/site-packages/airflow/example_dags/example_branch_labels.py took 0.027 seconds
[2025-03-19T00:07:28.004+0000] {processor.py:186} INFO - Started process (PID=17702) to work on /home/airflow/.local/lib/python3.12/site-packages/airflow/example_dags/example_branch_labels.py
[2025-03-19T00:07:28.004+0000] {processor.py:914} INFO - Processing file /home/airflow/.local/lib/python3.12/site-packages/airflow/example_dags/example_branch_labels.py for tasks to queue
[2025-03-19T00:07:28.005+0000] {logging_mixin.py:190} INFO - [2025-03-19T00:07:28.005+0000] {dagbag.py:588} INFO - Filling up the DagBag from /home/airflow/.local/lib/python3.12/site-packages/airflow/example_dags/example_branch_labels.py
[2025-03-19T00:07:28.009+0000] {processor.py:925} INFO - DAG(s) 'example_branch_labels' retrieved from /home/airflow/.local/lib/python3.12/site-packages/airflow/example_dags/example_branch_labels.py
[2025-03-19T00:07:28.019+0000] {logging_mixin.py:190} INFO - [2025-03-19T00:07:28.019+0000] {dag.py:3239} INFO - Sync 1 DAGs
[2025-03-19T00:07:28.029+0000] {logging_mixin.py:190} INFO - [2025-03-19T00:07:28.029+0000] {dag.py:4180} INFO - Setting next_dagrun for example_branch_labels to 2025-03-18 00:00:00+00:00, run_after=2025-03-19 00:00:00+00:00
[2025-03-19T00:07:28.044+0000] {processor.py:208} INFO - Processing /home/airflow/.local/lib/python3.12/site-packages/airflow/example_dags/example_branch_labels.py took 0.043 seconds
[2025-03-19T00:07:59.318+0000] {processor.py:186} INFO - Started process (PID=17765) to work on /home/airflow/.local/lib/python3.12/site-packages/airflow/example_dags/example_branch_labels.py
[2025-03-19T00:07:59.319+0000] {processor.py:914} INFO - Processing file /home/airflow/.local/lib/python3.12/site-packages/airflow/example_dags/example_branch_labels.py for tasks to queue
[2025-03-19T00:07:59.320+0000] {logging_mixin.py:190} INFO - [2025-03-19T00:07:59.320+0000] {dagbag.py:588} INFO - Filling up the DagBag from /home/airflow/.local/lib/python3.12/site-packages/airflow/example_dags/example_branch_labels.py
[2025-03-19T00:07:59.325+0000] {processor.py:925} INFO - DAG(s) 'example_branch_labels' retrieved from /home/airflow/.local/lib/python3.12/site-packages/airflow/example_dags/example_branch_labels.py
[2025-03-19T00:07:59.333+0000] {logging_mixin.py:190} INFO - [2025-03-19T00:07:59.333+0000] {dag.py:3239} INFO - Sync 1 DAGs
[2025-03-19T00:07:59.342+0000] {logging_mixin.py:190} INFO - [2025-03-19T00:07:59.342+0000] {dag.py:4180} INFO - Setting next_dagrun for example_branch_labels to 2025-03-18 00:00:00+00:00, run_after=2025-03-19 00:00:00+00:00
[2025-03-19T00:07:59.350+0000] {processor.py:208} INFO - Processing /home/airflow/.local/lib/python3.12/site-packages/airflow/example_dags/example_branch_labels.py took 0.034 seconds
