[2025-03-19T00:00:12.546+0000] {processor.py:186} INFO - Started process (PID=16826) to work on /home/airflow/.local/lib/python3.12/site-packages/airflow/example_dags/example_local_kubernetes_executor.py
[2025-03-19T00:00:12.547+0000] {processor.py:914} INFO - Processing file /home/airflow/.local/lib/python3.12/site-packages/airflow/example_dags/example_local_kubernetes_executor.py for tasks to queue
[2025-03-19T00:00:12.549+0000] {logging_mixin.py:190} INFO - [2025-03-19T00:00:12.549+0000] {dagbag.py:588} INFO - Filling up the DagBag from /home/airflow/.local/lib/python3.12/site-packages/airflow/example_dags/example_local_kubernetes_executor.py
[2025-03-19T00:00:12.555+0000] {processor.py:925} INFO - DAG(s) 'example_local_kubernetes_executor' retrieved from /home/airflow/.local/lib/python3.12/site-packages/airflow/example_dags/example_local_kubernetes_executor.py
[2025-03-19T00:00:12.566+0000] {logging_mixin.py:190} INFO - [2025-03-19T00:00:12.565+0000] {dag.py:3239} INFO - Sync 1 DAGs
[2025-03-19T00:00:12.572+0000] {logging_mixin.py:190} INFO - [2025-03-19T00:00:12.572+0000] {dag.py:4180} INFO - Setting next_dagrun for example_local_kubernetes_executor to None, run_after=None
[2025-03-19T00:00:12.578+0000] {processor.py:208} INFO - Processing /home/airflow/.local/lib/python3.12/site-packages/airflow/example_dags/example_local_kubernetes_executor.py took 0.035 seconds
[2025-03-19T00:00:43.665+0000] {processor.py:186} INFO - Started process (PID=16889) to work on /home/airflow/.local/lib/python3.12/site-packages/airflow/example_dags/example_local_kubernetes_executor.py
[2025-03-19T00:00:43.666+0000] {processor.py:914} INFO - Processing file /home/airflow/.local/lib/python3.12/site-packages/airflow/example_dags/example_local_kubernetes_executor.py for tasks to queue
[2025-03-19T00:00:43.668+0000] {logging_mixin.py:190} INFO - [2025-03-19T00:00:43.667+0000] {dagbag.py:588} INFO - Filling up the DagBag from /home/airflow/.local/lib/python3.12/site-packages/airflow/example_dags/example_local_kubernetes_executor.py
[2025-03-19T00:00:43.672+0000] {processor.py:925} INFO - DAG(s) 'example_local_kubernetes_executor' retrieved from /home/airflow/.local/lib/python3.12/site-packages/airflow/example_dags/example_local_kubernetes_executor.py
[2025-03-19T00:00:43.682+0000] {logging_mixin.py:190} INFO - [2025-03-19T00:00:43.682+0000] {dag.py:3239} INFO - Sync 1 DAGs
[2025-03-19T00:00:43.687+0000] {logging_mixin.py:190} INFO - [2025-03-19T00:00:43.687+0000] {dag.py:4180} INFO - Setting next_dagrun for example_local_kubernetes_executor to None, run_after=None
[2025-03-19T00:00:43.695+0000] {processor.py:208} INFO - Processing /home/airflow/.local/lib/python3.12/site-packages/airflow/example_dags/example_local_kubernetes_executor.py took 0.034 seconds
[2025-03-19T00:01:14.720+0000] {processor.py:186} INFO - Started process (PID=16952) to work on /home/airflow/.local/lib/python3.12/site-packages/airflow/example_dags/example_local_kubernetes_executor.py
[2025-03-19T00:01:14.720+0000] {processor.py:914} INFO - Processing file /home/airflow/.local/lib/python3.12/site-packages/airflow/example_dags/example_local_kubernetes_executor.py for tasks to queue
[2025-03-19T00:01:14.722+0000] {logging_mixin.py:190} INFO - [2025-03-19T00:01:14.722+0000] {dagbag.py:588} INFO - Filling up the DagBag from /home/airflow/.local/lib/python3.12/site-packages/airflow/example_dags/example_local_kubernetes_executor.py
[2025-03-19T00:01:14.728+0000] {processor.py:925} INFO - DAG(s) 'example_local_kubernetes_executor' retrieved from /home/airflow/.local/lib/python3.12/site-packages/airflow/example_dags/example_local_kubernetes_executor.py
[2025-03-19T00:01:14.737+0000] {logging_mixin.py:190} INFO - [2025-03-19T00:01:14.737+0000] {dag.py:3239} INFO - Sync 1 DAGs
[2025-03-19T00:01:14.743+0000] {logging_mixin.py:190} INFO - [2025-03-19T00:01:14.743+0000] {dag.py:4180} INFO - Setting next_dagrun for example_local_kubernetes_executor to None, run_after=None
[2025-03-19T00:01:14.750+0000] {processor.py:208} INFO - Processing /home/airflow/.local/lib/python3.12/site-packages/airflow/example_dags/example_local_kubernetes_executor.py took 0.033 seconds
[2025-03-19T00:01:45.744+0000] {processor.py:186} INFO - Started process (PID=17015) to work on /home/airflow/.local/lib/python3.12/site-packages/airflow/example_dags/example_local_kubernetes_executor.py
[2025-03-19T00:01:45.745+0000] {processor.py:914} INFO - Processing file /home/airflow/.local/lib/python3.12/site-packages/airflow/example_dags/example_local_kubernetes_executor.py for tasks to queue
[2025-03-19T00:01:45.746+0000] {logging_mixin.py:190} INFO - [2025-03-19T00:01:45.746+0000] {dagbag.py:588} INFO - Filling up the DagBag from /home/airflow/.local/lib/python3.12/site-packages/airflow/example_dags/example_local_kubernetes_executor.py
[2025-03-19T00:01:45.751+0000] {processor.py:925} INFO - DAG(s) 'example_local_kubernetes_executor' retrieved from /home/airflow/.local/lib/python3.12/site-packages/airflow/example_dags/example_local_kubernetes_executor.py
[2025-03-19T00:01:45.761+0000] {logging_mixin.py:190} INFO - [2025-03-19T00:01:45.761+0000] {dag.py:3239} INFO - Sync 1 DAGs
[2025-03-19T00:01:45.766+0000] {logging_mixin.py:190} INFO - [2025-03-19T00:01:45.766+0000] {dag.py:4180} INFO - Setting next_dagrun for example_local_kubernetes_executor to None, run_after=None
[2025-03-19T00:01:45.773+0000] {processor.py:208} INFO - Processing /home/airflow/.local/lib/python3.12/site-packages/airflow/example_dags/example_local_kubernetes_executor.py took 0.031 seconds
[2025-03-19T00:02:16.872+0000] {processor.py:186} INFO - Started process (PID=17078) to work on /home/airflow/.local/lib/python3.12/site-packages/airflow/example_dags/example_local_kubernetes_executor.py
[2025-03-19T00:02:16.874+0000] {processor.py:914} INFO - Processing file /home/airflow/.local/lib/python3.12/site-packages/airflow/example_dags/example_local_kubernetes_executor.py for tasks to queue
[2025-03-19T00:02:16.875+0000] {logging_mixin.py:190} INFO - [2025-03-19T00:02:16.874+0000] {dagbag.py:588} INFO - Filling up the DagBag from /home/airflow/.local/lib/python3.12/site-packages/airflow/example_dags/example_local_kubernetes_executor.py
[2025-03-19T00:02:16.879+0000] {processor.py:925} INFO - DAG(s) 'example_local_kubernetes_executor' retrieved from /home/airflow/.local/lib/python3.12/site-packages/airflow/example_dags/example_local_kubernetes_executor.py
[2025-03-19T00:02:16.893+0000] {logging_mixin.py:190} INFO - [2025-03-19T00:02:16.893+0000] {dag.py:3239} INFO - Sync 1 DAGs
[2025-03-19T00:02:16.898+0000] {logging_mixin.py:190} INFO - [2025-03-19T00:02:16.898+0000] {dag.py:4180} INFO - Setting next_dagrun for example_local_kubernetes_executor to None, run_after=None
[2025-03-19T00:02:16.908+0000] {processor.py:208} INFO - Processing /home/airflow/.local/lib/python3.12/site-packages/airflow/example_dags/example_local_kubernetes_executor.py took 0.038 seconds
[2025-03-19T00:02:48.013+0000] {processor.py:186} INFO - Started process (PID=17141) to work on /home/airflow/.local/lib/python3.12/site-packages/airflow/example_dags/example_local_kubernetes_executor.py
[2025-03-19T00:02:48.015+0000] {processor.py:914} INFO - Processing file /home/airflow/.local/lib/python3.12/site-packages/airflow/example_dags/example_local_kubernetes_executor.py for tasks to queue
[2025-03-19T00:02:48.016+0000] {logging_mixin.py:190} INFO - [2025-03-19T00:02:48.016+0000] {dagbag.py:588} INFO - Filling up the DagBag from /home/airflow/.local/lib/python3.12/site-packages/airflow/example_dags/example_local_kubernetes_executor.py
[2025-03-19T00:02:48.021+0000] {processor.py:925} INFO - DAG(s) 'example_local_kubernetes_executor' retrieved from /home/airflow/.local/lib/python3.12/site-packages/airflow/example_dags/example_local_kubernetes_executor.py
[2025-03-19T00:02:48.029+0000] {logging_mixin.py:190} INFO - [2025-03-19T00:02:48.029+0000] {dag.py:3239} INFO - Sync 1 DAGs
[2025-03-19T00:02:48.034+0000] {logging_mixin.py:190} INFO - [2025-03-19T00:02:48.034+0000] {dag.py:4180} INFO - Setting next_dagrun for example_local_kubernetes_executor to None, run_after=None
[2025-03-19T00:02:48.045+0000] {processor.py:208} INFO - Processing /home/airflow/.local/lib/python3.12/site-packages/airflow/example_dags/example_local_kubernetes_executor.py took 0.035 seconds
[2025-03-19T00:03:19.160+0000] {processor.py:186} INFO - Started process (PID=17204) to work on /home/airflow/.local/lib/python3.12/site-packages/airflow/example_dags/example_local_kubernetes_executor.py
[2025-03-19T00:03:19.160+0000] {processor.py:914} INFO - Processing file /home/airflow/.local/lib/python3.12/site-packages/airflow/example_dags/example_local_kubernetes_executor.py for tasks to queue
[2025-03-19T00:03:19.161+0000] {logging_mixin.py:190} INFO - [2025-03-19T00:03:19.161+0000] {dagbag.py:588} INFO - Filling up the DagBag from /home/airflow/.local/lib/python3.12/site-packages/airflow/example_dags/example_local_kubernetes_executor.py
[2025-03-19T00:03:19.167+0000] {processor.py:925} INFO - DAG(s) 'example_local_kubernetes_executor' retrieved from /home/airflow/.local/lib/python3.12/site-packages/airflow/example_dags/example_local_kubernetes_executor.py
[2025-03-19T00:03:19.180+0000] {logging_mixin.py:190} INFO - [2025-03-19T00:03:19.180+0000] {dag.py:3239} INFO - Sync 1 DAGs
[2025-03-19T00:03:19.185+0000] {logging_mixin.py:190} INFO - [2025-03-19T00:03:19.185+0000] {dag.py:4180} INFO - Setting next_dagrun for example_local_kubernetes_executor to None, run_after=None
[2025-03-19T00:03:19.196+0000] {processor.py:208} INFO - Processing /home/airflow/.local/lib/python3.12/site-packages/airflow/example_dags/example_local_kubernetes_executor.py took 0.038 seconds
[2025-03-19T00:03:50.288+0000] {processor.py:186} INFO - Started process (PID=17267) to work on /home/airflow/.local/lib/python3.12/site-packages/airflow/example_dags/example_local_kubernetes_executor.py
[2025-03-19T00:03:50.289+0000] {processor.py:914} INFO - Processing file /home/airflow/.local/lib/python3.12/site-packages/airflow/example_dags/example_local_kubernetes_executor.py for tasks to queue
[2025-03-19T00:03:50.289+0000] {logging_mixin.py:190} INFO - [2025-03-19T00:03:50.289+0000] {dagbag.py:588} INFO - Filling up the DagBag from /home/airflow/.local/lib/python3.12/site-packages/airflow/example_dags/example_local_kubernetes_executor.py
[2025-03-19T00:03:50.295+0000] {processor.py:925} INFO - DAG(s) 'example_local_kubernetes_executor' retrieved from /home/airflow/.local/lib/python3.12/site-packages/airflow/example_dags/example_local_kubernetes_executor.py
[2025-03-19T00:03:50.303+0000] {logging_mixin.py:190} INFO - [2025-03-19T00:03:50.303+0000] {dag.py:3239} INFO - Sync 1 DAGs
[2025-03-19T00:03:50.308+0000] {logging_mixin.py:190} INFO - [2025-03-19T00:03:50.308+0000] {dag.py:4180} INFO - Setting next_dagrun for example_local_kubernetes_executor to None, run_after=None
[2025-03-19T00:03:50.316+0000] {processor.py:208} INFO - Processing /home/airflow/.local/lib/python3.12/site-packages/airflow/example_dags/example_local_kubernetes_executor.py took 0.031 seconds
[2025-03-19T00:04:21.220+0000] {processor.py:186} INFO - Started process (PID=17330) to work on /home/airflow/.local/lib/python3.12/site-packages/airflow/example_dags/example_local_kubernetes_executor.py
[2025-03-19T00:04:21.223+0000] {processor.py:914} INFO - Processing file /home/airflow/.local/lib/python3.12/site-packages/airflow/example_dags/example_local_kubernetes_executor.py for tasks to queue
[2025-03-19T00:04:21.224+0000] {logging_mixin.py:190} INFO - [2025-03-19T00:04:21.223+0000] {dagbag.py:588} INFO - Filling up the DagBag from /home/airflow/.local/lib/python3.12/site-packages/airflow/example_dags/example_local_kubernetes_executor.py
[2025-03-19T00:04:21.227+0000] {processor.py:925} INFO - DAG(s) 'example_local_kubernetes_executor' retrieved from /home/airflow/.local/lib/python3.12/site-packages/airflow/example_dags/example_local_kubernetes_executor.py
[2025-03-19T00:04:21.239+0000] {logging_mixin.py:190} INFO - [2025-03-19T00:04:21.239+0000] {dag.py:3239} INFO - Sync 1 DAGs
[2025-03-19T00:04:21.245+0000] {logging_mixin.py:190} INFO - [2025-03-19T00:04:21.245+0000] {dag.py:4180} INFO - Setting next_dagrun for example_local_kubernetes_executor to None, run_after=None
[2025-03-19T00:04:21.254+0000] {processor.py:208} INFO - Processing /home/airflow/.local/lib/python3.12/site-packages/airflow/example_dags/example_local_kubernetes_executor.py took 0.036 seconds
[2025-03-19T00:04:52.290+0000] {processor.py:186} INFO - Started process (PID=17393) to work on /home/airflow/.local/lib/python3.12/site-packages/airflow/example_dags/example_local_kubernetes_executor.py
[2025-03-19T00:04:52.292+0000] {processor.py:914} INFO - Processing file /home/airflow/.local/lib/python3.12/site-packages/airflow/example_dags/example_local_kubernetes_executor.py for tasks to queue
[2025-03-19T00:04:52.295+0000] {logging_mixin.py:190} INFO - [2025-03-19T00:04:52.294+0000] {dagbag.py:588} INFO - Filling up the DagBag from /home/airflow/.local/lib/python3.12/site-packages/airflow/example_dags/example_local_kubernetes_executor.py
[2025-03-19T00:04:52.300+0000] {processor.py:925} INFO - DAG(s) 'example_local_kubernetes_executor' retrieved from /home/airflow/.local/lib/python3.12/site-packages/airflow/example_dags/example_local_kubernetes_executor.py
[2025-03-19T00:04:52.313+0000] {logging_mixin.py:190} INFO - [2025-03-19T00:04:52.311+0000] {dag.py:3239} INFO - Sync 1 DAGs
[2025-03-19T00:04:52.319+0000] {logging_mixin.py:190} INFO - [2025-03-19T00:04:52.318+0000] {dag.py:4180} INFO - Setting next_dagrun for example_local_kubernetes_executor to None, run_after=None
[2025-03-19T00:04:52.325+0000] {processor.py:208} INFO - Processing /home/airflow/.local/lib/python3.12/site-packages/airflow/example_dags/example_local_kubernetes_executor.py took 0.038 seconds
[2025-03-19T00:05:23.445+0000] {processor.py:186} INFO - Started process (PID=17456) to work on /home/airflow/.local/lib/python3.12/site-packages/airflow/example_dags/example_local_kubernetes_executor.py
[2025-03-19T00:05:23.446+0000] {processor.py:914} INFO - Processing file /home/airflow/.local/lib/python3.12/site-packages/airflow/example_dags/example_local_kubernetes_executor.py for tasks to queue
[2025-03-19T00:05:23.447+0000] {logging_mixin.py:190} INFO - [2025-03-19T00:05:23.447+0000] {dagbag.py:588} INFO - Filling up the DagBag from /home/airflow/.local/lib/python3.12/site-packages/airflow/example_dags/example_local_kubernetes_executor.py
[2025-03-19T00:05:23.453+0000] {processor.py:925} INFO - DAG(s) 'example_local_kubernetes_executor' retrieved from /home/airflow/.local/lib/python3.12/site-packages/airflow/example_dags/example_local_kubernetes_executor.py
[2025-03-19T00:05:23.464+0000] {logging_mixin.py:190} INFO - [2025-03-19T00:05:23.464+0000] {dag.py:3239} INFO - Sync 1 DAGs
[2025-03-19T00:05:23.468+0000] {logging_mixin.py:190} INFO - [2025-03-19T00:05:23.468+0000] {dag.py:4180} INFO - Setting next_dagrun for example_local_kubernetes_executor to None, run_after=None
[2025-03-19T00:05:23.477+0000] {processor.py:208} INFO - Processing /home/airflow/.local/lib/python3.12/site-packages/airflow/example_dags/example_local_kubernetes_executor.py took 0.034 seconds
[2025-03-19T00:05:54.620+0000] {processor.py:186} INFO - Started process (PID=17519) to work on /home/airflow/.local/lib/python3.12/site-packages/airflow/example_dags/example_local_kubernetes_executor.py
[2025-03-19T00:05:54.623+0000] {processor.py:914} INFO - Processing file /home/airflow/.local/lib/python3.12/site-packages/airflow/example_dags/example_local_kubernetes_executor.py for tasks to queue
[2025-03-19T00:05:54.624+0000] {logging_mixin.py:190} INFO - [2025-03-19T00:05:54.624+0000] {dagbag.py:588} INFO - Filling up the DagBag from /home/airflow/.local/lib/python3.12/site-packages/airflow/example_dags/example_local_kubernetes_executor.py
[2025-03-19T00:05:54.629+0000] {processor.py:925} INFO - DAG(s) 'example_local_kubernetes_executor' retrieved from /home/airflow/.local/lib/python3.12/site-packages/airflow/example_dags/example_local_kubernetes_executor.py
[2025-03-19T00:05:54.638+0000] {logging_mixin.py:190} INFO - [2025-03-19T00:05:54.638+0000] {dag.py:3239} INFO - Sync 1 DAGs
[2025-03-19T00:05:54.643+0000] {logging_mixin.py:190} INFO - [2025-03-19T00:05:54.643+0000] {dag.py:4180} INFO - Setting next_dagrun for example_local_kubernetes_executor to None, run_after=None
[2025-03-19T00:05:54.651+0000] {processor.py:208} INFO - Processing /home/airflow/.local/lib/python3.12/site-packages/airflow/example_dags/example_local_kubernetes_executor.py took 0.033 seconds
[2025-03-19T00:06:25.807+0000] {processor.py:186} INFO - Started process (PID=17582) to work on /home/airflow/.local/lib/python3.12/site-packages/airflow/example_dags/example_local_kubernetes_executor.py
[2025-03-19T00:06:25.807+0000] {processor.py:914} INFO - Processing file /home/airflow/.local/lib/python3.12/site-packages/airflow/example_dags/example_local_kubernetes_executor.py for tasks to queue
[2025-03-19T00:06:25.810+0000] {logging_mixin.py:190} INFO - [2025-03-19T00:06:25.809+0000] {dagbag.py:588} INFO - Filling up the DagBag from /home/airflow/.local/lib/python3.12/site-packages/airflow/example_dags/example_local_kubernetes_executor.py
[2025-03-19T00:06:25.814+0000] {processor.py:925} INFO - DAG(s) 'example_local_kubernetes_executor' retrieved from /home/airflow/.local/lib/python3.12/site-packages/airflow/example_dags/example_local_kubernetes_executor.py
[2025-03-19T00:06:25.823+0000] {logging_mixin.py:190} INFO - [2025-03-19T00:06:25.823+0000] {dag.py:3239} INFO - Sync 1 DAGs
[2025-03-19T00:06:25.828+0000] {logging_mixin.py:190} INFO - [2025-03-19T00:06:25.828+0000] {dag.py:4180} INFO - Setting next_dagrun for example_local_kubernetes_executor to None, run_after=None
[2025-03-19T00:06:25.834+0000] {processor.py:208} INFO - Processing /home/airflow/.local/lib/python3.12/site-packages/airflow/example_dags/example_local_kubernetes_executor.py took 0.029 seconds
[2025-03-19T00:06:56.887+0000] {processor.py:186} INFO - Started process (PID=17645) to work on /home/airflow/.local/lib/python3.12/site-packages/airflow/example_dags/example_local_kubernetes_executor.py
[2025-03-19T00:06:56.889+0000] {processor.py:914} INFO - Processing file /home/airflow/.local/lib/python3.12/site-packages/airflow/example_dags/example_local_kubernetes_executor.py for tasks to queue
[2025-03-19T00:06:56.890+0000] {logging_mixin.py:190} INFO - [2025-03-19T00:06:56.890+0000] {dagbag.py:588} INFO - Filling up the DagBag from /home/airflow/.local/lib/python3.12/site-packages/airflow/example_dags/example_local_kubernetes_executor.py
[2025-03-19T00:06:56.895+0000] {processor.py:925} INFO - DAG(s) 'example_local_kubernetes_executor' retrieved from /home/airflow/.local/lib/python3.12/site-packages/airflow/example_dags/example_local_kubernetes_executor.py
[2025-03-19T00:06:56.906+0000] {logging_mixin.py:190} INFO - [2025-03-19T00:06:56.906+0000] {dag.py:3239} INFO - Sync 1 DAGs
[2025-03-19T00:06:56.912+0000] {logging_mixin.py:190} INFO - [2025-03-19T00:06:56.912+0000] {dag.py:4180} INFO - Setting next_dagrun for example_local_kubernetes_executor to None, run_after=None
[2025-03-19T00:06:56.922+0000] {processor.py:208} INFO - Processing /home/airflow/.local/lib/python3.12/site-packages/airflow/example_dags/example_local_kubernetes_executor.py took 0.037 seconds
[2025-03-19T00:07:28.134+0000] {processor.py:186} INFO - Started process (PID=17708) to work on /home/airflow/.local/lib/python3.12/site-packages/airflow/example_dags/example_local_kubernetes_executor.py
[2025-03-19T00:07:28.135+0000] {processor.py:914} INFO - Processing file /home/airflow/.local/lib/python3.12/site-packages/airflow/example_dags/example_local_kubernetes_executor.py for tasks to queue
[2025-03-19T00:07:28.136+0000] {logging_mixin.py:190} INFO - [2025-03-19T00:07:28.136+0000] {dagbag.py:588} INFO - Filling up the DagBag from /home/airflow/.local/lib/python3.12/site-packages/airflow/example_dags/example_local_kubernetes_executor.py
[2025-03-19T00:07:28.140+0000] {processor.py:925} INFO - DAG(s) 'example_local_kubernetes_executor' retrieved from /home/airflow/.local/lib/python3.12/site-packages/airflow/example_dags/example_local_kubernetes_executor.py
[2025-03-19T00:07:28.151+0000] {logging_mixin.py:190} INFO - [2025-03-19T00:07:28.151+0000] {dag.py:3239} INFO - Sync 1 DAGs
[2025-03-19T00:07:28.156+0000] {logging_mixin.py:190} INFO - [2025-03-19T00:07:28.156+0000] {dag.py:4180} INFO - Setting next_dagrun for example_local_kubernetes_executor to None, run_after=None
[2025-03-19T00:07:28.165+0000] {processor.py:208} INFO - Processing /home/airflow/.local/lib/python3.12/site-packages/airflow/example_dags/example_local_kubernetes_executor.py took 0.033 seconds
[2025-03-19T00:07:59.442+0000] {processor.py:186} INFO - Started process (PID=17771) to work on /home/airflow/.local/lib/python3.12/site-packages/airflow/example_dags/example_local_kubernetes_executor.py
[2025-03-19T00:07:59.442+0000] {processor.py:914} INFO - Processing file /home/airflow/.local/lib/python3.12/site-packages/airflow/example_dags/example_local_kubernetes_executor.py for tasks to queue
[2025-03-19T00:07:59.443+0000] {logging_mixin.py:190} INFO - [2025-03-19T00:07:59.443+0000] {dagbag.py:588} INFO - Filling up the DagBag from /home/airflow/.local/lib/python3.12/site-packages/airflow/example_dags/example_local_kubernetes_executor.py
[2025-03-19T00:07:59.447+0000] {processor.py:925} INFO - DAG(s) 'example_local_kubernetes_executor' retrieved from /home/airflow/.local/lib/python3.12/site-packages/airflow/example_dags/example_local_kubernetes_executor.py
[2025-03-19T00:07:59.455+0000] {logging_mixin.py:190} INFO - [2025-03-19T00:07:59.455+0000] {dag.py:3239} INFO - Sync 1 DAGs
[2025-03-19T00:07:59.460+0000] {logging_mixin.py:190} INFO - [2025-03-19T00:07:59.460+0000] {dag.py:4180} INFO - Setting next_dagrun for example_local_kubernetes_executor to None, run_after=None
[2025-03-19T00:07:59.467+0000] {processor.py:208} INFO - Processing /home/airflow/.local/lib/python3.12/site-packages/airflow/example_dags/example_local_kubernetes_executor.py took 0.028 seconds
