[2025-03-19T00:00:12.365+0000] {processor.py:186} INFO - Started process (PID=16818) to work on /home/airflow/.local/lib/python3.12/site-packages/airflow/example_dags/example_sla_dag.py
[2025-03-19T00:00:12.365+0000] {processor.py:914} INFO - Processing file /home/airflow/.local/lib/python3.12/site-packages/airflow/example_dags/example_sla_dag.py for tasks to queue
[2025-03-19T00:00:12.366+0000] {logging_mixin.py:190} INFO - [2025-03-19T00:00:12.366+0000] {dagbag.py:588} INFO - Filling up the DagBag from /home/airflow/.local/lib/python3.12/site-packages/airflow/example_dags/example_sla_dag.py
[2025-03-19T00:00:12.370+0000] {processor.py:925} INFO - DAG(s) 'example_sla_dag' retrieved from /home/airflow/.local/lib/python3.12/site-packages/airflow/example_dags/example_sla_dag.py
[2025-03-19T00:00:12.381+0000] {logging_mixin.py:190} INFO - [2025-03-19T00:00:12.380+0000] {dag.py:3239} INFO - Sync 1 DAGs
[2025-03-19T00:00:12.390+0000] {logging_mixin.py:190} INFO - [2025-03-19T00:00:12.390+0000] {dag.py:4180} INFO - Setting next_dagrun for example_sla_dag to 2025-03-18 23:58:00+00:00, run_after=2025-03-19 00:00:00+00:00
[2025-03-19T00:00:12.400+0000] {processor.py:208} INFO - Processing /home/airflow/.local/lib/python3.12/site-packages/airflow/example_dags/example_sla_dag.py took 0.037 seconds
[2025-03-19T00:00:43.492+0000] {processor.py:186} INFO - Started process (PID=16881) to work on /home/airflow/.local/lib/python3.12/site-packages/airflow/example_dags/example_sla_dag.py
[2025-03-19T00:00:43.492+0000] {processor.py:914} INFO - Processing file /home/airflow/.local/lib/python3.12/site-packages/airflow/example_dags/example_sla_dag.py for tasks to queue
[2025-03-19T00:00:43.493+0000] {logging_mixin.py:190} INFO - [2025-03-19T00:00:43.493+0000] {dagbag.py:588} INFO - Filling up the DagBag from /home/airflow/.local/lib/python3.12/site-packages/airflow/example_dags/example_sla_dag.py
[2025-03-19T00:00:43.497+0000] {processor.py:925} INFO - DAG(s) 'example_sla_dag' retrieved from /home/airflow/.local/lib/python3.12/site-packages/airflow/example_dags/example_sla_dag.py
[2025-03-19T00:00:43.506+0000] {logging_mixin.py:190} INFO - [2025-03-19T00:00:43.505+0000] {dag.py:3239} INFO - Sync 1 DAGs
[2025-03-19T00:00:43.514+0000] {logging_mixin.py:190} INFO - [2025-03-19T00:00:43.514+0000] {dag.py:4180} INFO - Setting next_dagrun for example_sla_dag to 2025-03-18 23:58:00+00:00, run_after=2025-03-19 00:00:00+00:00
[2025-03-19T00:00:43.527+0000] {processor.py:208} INFO - Processing /home/airflow/.local/lib/python3.12/site-packages/airflow/example_dags/example_sla_dag.py took 0.037 seconds
[2025-03-19T00:01:14.527+0000] {processor.py:186} INFO - Started process (PID=16944) to work on /home/airflow/.local/lib/python3.12/site-packages/airflow/example_dags/example_sla_dag.py
[2025-03-19T00:01:14.527+0000] {processor.py:914} INFO - Processing file /home/airflow/.local/lib/python3.12/site-packages/airflow/example_dags/example_sla_dag.py for tasks to queue
[2025-03-19T00:01:14.528+0000] {logging_mixin.py:190} INFO - [2025-03-19T00:01:14.528+0000] {dagbag.py:588} INFO - Filling up the DagBag from /home/airflow/.local/lib/python3.12/site-packages/airflow/example_dags/example_sla_dag.py
[2025-03-19T00:01:14.533+0000] {processor.py:925} INFO - DAG(s) 'example_sla_dag' retrieved from /home/airflow/.local/lib/python3.12/site-packages/airflow/example_dags/example_sla_dag.py
[2025-03-19T00:01:14.543+0000] {logging_mixin.py:190} INFO - [2025-03-19T00:01:14.543+0000] {dag.py:3239} INFO - Sync 1 DAGs
[2025-03-19T00:01:14.553+0000] {logging_mixin.py:190} INFO - [2025-03-19T00:01:14.552+0000] {dag.py:4180} INFO - Setting next_dagrun for example_sla_dag to 2025-03-18 23:58:00+00:00, run_after=2025-03-19 00:00:00+00:00
[2025-03-19T00:01:14.562+0000] {processor.py:208} INFO - Processing /home/airflow/.local/lib/python3.12/site-packages/airflow/example_dags/example_sla_dag.py took 0.037 seconds
[2025-03-19T00:01:45.574+0000] {processor.py:186} INFO - Started process (PID=17007) to work on /home/airflow/.local/lib/python3.12/site-packages/airflow/example_dags/example_sla_dag.py
[2025-03-19T00:01:45.575+0000] {processor.py:914} INFO - Processing file /home/airflow/.local/lib/python3.12/site-packages/airflow/example_dags/example_sla_dag.py for tasks to queue
[2025-03-19T00:01:45.577+0000] {logging_mixin.py:190} INFO - [2025-03-19T00:01:45.577+0000] {dagbag.py:588} INFO - Filling up the DagBag from /home/airflow/.local/lib/python3.12/site-packages/airflow/example_dags/example_sla_dag.py
[2025-03-19T00:01:45.582+0000] {processor.py:925} INFO - DAG(s) 'example_sla_dag' retrieved from /home/airflow/.local/lib/python3.12/site-packages/airflow/example_dags/example_sla_dag.py
[2025-03-19T00:01:45.592+0000] {logging_mixin.py:190} INFO - [2025-03-19T00:01:45.592+0000] {dag.py:3239} INFO - Sync 1 DAGs
[2025-03-19T00:01:45.600+0000] {logging_mixin.py:190} INFO - [2025-03-19T00:01:45.600+0000] {dag.py:4180} INFO - Setting next_dagrun for example_sla_dag to 2025-03-18 23:58:00+00:00, run_after=2025-03-19 00:00:00+00:00
[2025-03-19T00:01:45.606+0000] {processor.py:208} INFO - Processing /home/airflow/.local/lib/python3.12/site-packages/airflow/example_dags/example_sla_dag.py took 0.034 seconds
[2025-03-19T00:02:16.677+0000] {processor.py:186} INFO - Started process (PID=17070) to work on /home/airflow/.local/lib/python3.12/site-packages/airflow/example_dags/example_sla_dag.py
[2025-03-19T00:02:16.678+0000] {processor.py:914} INFO - Processing file /home/airflow/.local/lib/python3.12/site-packages/airflow/example_dags/example_sla_dag.py for tasks to queue
[2025-03-19T00:02:16.679+0000] {logging_mixin.py:190} INFO - [2025-03-19T00:02:16.679+0000] {dagbag.py:588} INFO - Filling up the DagBag from /home/airflow/.local/lib/python3.12/site-packages/airflow/example_dags/example_sla_dag.py
[2025-03-19T00:02:16.684+0000] {processor.py:925} INFO - DAG(s) 'example_sla_dag' retrieved from /home/airflow/.local/lib/python3.12/site-packages/airflow/example_dags/example_sla_dag.py
[2025-03-19T00:02:16.696+0000] {logging_mixin.py:190} INFO - [2025-03-19T00:02:16.696+0000] {dag.py:3239} INFO - Sync 1 DAGs
[2025-03-19T00:02:16.709+0000] {logging_mixin.py:190} INFO - [2025-03-19T00:02:16.709+0000] {dag.py:4180} INFO - Setting next_dagrun for example_sla_dag to 2025-03-19 00:00:00+00:00, run_after=2025-03-19 00:02:00+00:00
[2025-03-19T00:02:16.723+0000] {processor.py:208} INFO - Processing /home/airflow/.local/lib/python3.12/site-packages/airflow/example_dags/example_sla_dag.py took 0.049 seconds
[2025-03-19T00:02:47.825+0000] {processor.py:186} INFO - Started process (PID=17133) to work on /home/airflow/.local/lib/python3.12/site-packages/airflow/example_dags/example_sla_dag.py
[2025-03-19T00:02:47.825+0000] {processor.py:914} INFO - Processing file /home/airflow/.local/lib/python3.12/site-packages/airflow/example_dags/example_sla_dag.py for tasks to queue
[2025-03-19T00:02:47.826+0000] {logging_mixin.py:190} INFO - [2025-03-19T00:02:47.826+0000] {dagbag.py:588} INFO - Filling up the DagBag from /home/airflow/.local/lib/python3.12/site-packages/airflow/example_dags/example_sla_dag.py
[2025-03-19T00:02:47.831+0000] {processor.py:925} INFO - DAG(s) 'example_sla_dag' retrieved from /home/airflow/.local/lib/python3.12/site-packages/airflow/example_dags/example_sla_dag.py
[2025-03-19T00:02:47.841+0000] {logging_mixin.py:190} INFO - [2025-03-19T00:02:47.841+0000] {dag.py:3239} INFO - Sync 1 DAGs
[2025-03-19T00:02:47.852+0000] {logging_mixin.py:190} INFO - [2025-03-19T00:02:47.852+0000] {dag.py:4180} INFO - Setting next_dagrun for example_sla_dag to 2025-03-19 00:00:00+00:00, run_after=2025-03-19 00:02:00+00:00
[2025-03-19T00:02:47.863+0000] {processor.py:208} INFO - Processing /home/airflow/.local/lib/python3.12/site-packages/airflow/example_dags/example_sla_dag.py took 0.040 seconds
[2025-03-19T00:03:18.951+0000] {processor.py:186} INFO - Started process (PID=17196) to work on /home/airflow/.local/lib/python3.12/site-packages/airflow/example_dags/example_sla_dag.py
[2025-03-19T00:03:18.954+0000] {processor.py:914} INFO - Processing file /home/airflow/.local/lib/python3.12/site-packages/airflow/example_dags/example_sla_dag.py for tasks to queue
[2025-03-19T00:03:18.955+0000] {logging_mixin.py:190} INFO - [2025-03-19T00:03:18.955+0000] {dagbag.py:588} INFO - Filling up the DagBag from /home/airflow/.local/lib/python3.12/site-packages/airflow/example_dags/example_sla_dag.py
[2025-03-19T00:03:18.959+0000] {processor.py:925} INFO - DAG(s) 'example_sla_dag' retrieved from /home/airflow/.local/lib/python3.12/site-packages/airflow/example_dags/example_sla_dag.py
[2025-03-19T00:03:18.968+0000] {logging_mixin.py:190} INFO - [2025-03-19T00:03:18.968+0000] {dag.py:3239} INFO - Sync 1 DAGs
[2025-03-19T00:03:18.978+0000] {logging_mixin.py:190} INFO - [2025-03-19T00:03:18.978+0000] {dag.py:4180} INFO - Setting next_dagrun for example_sla_dag to 2025-03-19 00:00:00+00:00, run_after=2025-03-19 00:02:00+00:00
[2025-03-19T00:03:18.986+0000] {processor.py:208} INFO - Processing /home/airflow/.local/lib/python3.12/site-packages/airflow/example_dags/example_sla_dag.py took 0.037 seconds
[2025-03-19T00:03:50.088+0000] {processor.py:186} INFO - Started process (PID=17259) to work on /home/airflow/.local/lib/python3.12/site-packages/airflow/example_dags/example_sla_dag.py
[2025-03-19T00:03:50.089+0000] {processor.py:914} INFO - Processing file /home/airflow/.local/lib/python3.12/site-packages/airflow/example_dags/example_sla_dag.py for tasks to queue
[2025-03-19T00:03:50.090+0000] {logging_mixin.py:190} INFO - [2025-03-19T00:03:50.090+0000] {dagbag.py:588} INFO - Filling up the DagBag from /home/airflow/.local/lib/python3.12/site-packages/airflow/example_dags/example_sla_dag.py
[2025-03-19T00:03:50.096+0000] {processor.py:925} INFO - DAG(s) 'example_sla_dag' retrieved from /home/airflow/.local/lib/python3.12/site-packages/airflow/example_dags/example_sla_dag.py
[2025-03-19T00:03:50.104+0000] {logging_mixin.py:190} INFO - [2025-03-19T00:03:50.104+0000] {dag.py:3239} INFO - Sync 1 DAGs
[2025-03-19T00:03:50.114+0000] {logging_mixin.py:190} INFO - [2025-03-19T00:03:50.114+0000] {dag.py:4180} INFO - Setting next_dagrun for example_sla_dag to 2025-03-19 00:00:00+00:00, run_after=2025-03-19 00:02:00+00:00
[2025-03-19T00:03:50.123+0000] {processor.py:208} INFO - Processing /home/airflow/.local/lib/python3.12/site-packages/airflow/example_dags/example_sla_dag.py took 0.037 seconds
[2025-03-19T00:04:21.044+0000] {processor.py:186} INFO - Started process (PID=17322) to work on /home/airflow/.local/lib/python3.12/site-packages/airflow/example_dags/example_sla_dag.py
[2025-03-19T00:04:21.044+0000] {processor.py:914} INFO - Processing file /home/airflow/.local/lib/python3.12/site-packages/airflow/example_dags/example_sla_dag.py for tasks to queue
[2025-03-19T00:04:21.045+0000] {logging_mixin.py:190} INFO - [2025-03-19T00:04:21.045+0000] {dagbag.py:588} INFO - Filling up the DagBag from /home/airflow/.local/lib/python3.12/site-packages/airflow/example_dags/example_sla_dag.py
[2025-03-19T00:04:21.051+0000] {processor.py:925} INFO - DAG(s) 'example_sla_dag' retrieved from /home/airflow/.local/lib/python3.12/site-packages/airflow/example_dags/example_sla_dag.py
[2025-03-19T00:04:21.061+0000] {logging_mixin.py:190} INFO - [2025-03-19T00:04:21.061+0000] {dag.py:3239} INFO - Sync 1 DAGs
[2025-03-19T00:04:21.070+0000] {logging_mixin.py:190} INFO - [2025-03-19T00:04:21.070+0000] {dag.py:4180} INFO - Setting next_dagrun for example_sla_dag to 2025-03-19 00:02:00+00:00, run_after=2025-03-19 00:04:00+00:00
[2025-03-19T00:04:21.078+0000] {processor.py:208} INFO - Processing /home/airflow/.local/lib/python3.12/site-packages/airflow/example_dags/example_sla_dag.py took 0.036 seconds
[2025-03-19T00:04:52.097+0000] {processor.py:186} INFO - Started process (PID=17385) to work on /home/airflow/.local/lib/python3.12/site-packages/airflow/example_dags/example_sla_dag.py
[2025-03-19T00:04:52.097+0000] {processor.py:914} INFO - Processing file /home/airflow/.local/lib/python3.12/site-packages/airflow/example_dags/example_sla_dag.py for tasks to queue
[2025-03-19T00:04:52.098+0000] {logging_mixin.py:190} INFO - [2025-03-19T00:04:52.098+0000] {dagbag.py:588} INFO - Filling up the DagBag from /home/airflow/.local/lib/python3.12/site-packages/airflow/example_dags/example_sla_dag.py
[2025-03-19T00:04:52.102+0000] {processor.py:925} INFO - DAG(s) 'example_sla_dag' retrieved from /home/airflow/.local/lib/python3.12/site-packages/airflow/example_dags/example_sla_dag.py
[2025-03-19T00:04:52.109+0000] {logging_mixin.py:190} INFO - [2025-03-19T00:04:52.109+0000] {dag.py:3239} INFO - Sync 1 DAGs
[2025-03-19T00:04:52.117+0000] {logging_mixin.py:190} INFO - [2025-03-19T00:04:52.117+0000] {dag.py:4180} INFO - Setting next_dagrun for example_sla_dag to 2025-03-19 00:02:00+00:00, run_after=2025-03-19 00:04:00+00:00
[2025-03-19T00:04:52.122+0000] {processor.py:208} INFO - Processing /home/airflow/.local/lib/python3.12/site-packages/airflow/example_dags/example_sla_dag.py took 0.027 seconds
[2025-03-19T00:05:23.244+0000] {processor.py:186} INFO - Started process (PID=17448) to work on /home/airflow/.local/lib/python3.12/site-packages/airflow/example_dags/example_sla_dag.py
[2025-03-19T00:05:23.245+0000] {processor.py:914} INFO - Processing file /home/airflow/.local/lib/python3.12/site-packages/airflow/example_dags/example_sla_dag.py for tasks to queue
[2025-03-19T00:05:23.246+0000] {logging_mixin.py:190} INFO - [2025-03-19T00:05:23.246+0000] {dagbag.py:588} INFO - Filling up the DagBag from /home/airflow/.local/lib/python3.12/site-packages/airflow/example_dags/example_sla_dag.py
[2025-03-19T00:05:23.252+0000] {processor.py:925} INFO - DAG(s) 'example_sla_dag' retrieved from /home/airflow/.local/lib/python3.12/site-packages/airflow/example_dags/example_sla_dag.py
[2025-03-19T00:05:23.263+0000] {logging_mixin.py:190} INFO - [2025-03-19T00:05:23.263+0000] {dag.py:3239} INFO - Sync 1 DAGs
[2025-03-19T00:05:23.272+0000] {logging_mixin.py:190} INFO - [2025-03-19T00:05:23.272+0000] {dag.py:4180} INFO - Setting next_dagrun for example_sla_dag to 2025-03-19 00:02:00+00:00, run_after=2025-03-19 00:04:00+00:00
[2025-03-19T00:05:23.279+0000] {processor.py:208} INFO - Processing /home/airflow/.local/lib/python3.12/site-packages/airflow/example_dags/example_sla_dag.py took 0.037 seconds
[2025-03-19T00:05:54.450+0000] {processor.py:186} INFO - Started process (PID=17511) to work on /home/airflow/.local/lib/python3.12/site-packages/airflow/example_dags/example_sla_dag.py
[2025-03-19T00:05:54.450+0000] {processor.py:914} INFO - Processing file /home/airflow/.local/lib/python3.12/site-packages/airflow/example_dags/example_sla_dag.py for tasks to queue
[2025-03-19T00:05:54.451+0000] {logging_mixin.py:190} INFO - [2025-03-19T00:05:54.451+0000] {dagbag.py:588} INFO - Filling up the DagBag from /home/airflow/.local/lib/python3.12/site-packages/airflow/example_dags/example_sla_dag.py
[2025-03-19T00:05:54.456+0000] {processor.py:925} INFO - DAG(s) 'example_sla_dag' retrieved from /home/airflow/.local/lib/python3.12/site-packages/airflow/example_dags/example_sla_dag.py
[2025-03-19T00:05:54.466+0000] {logging_mixin.py:190} INFO - [2025-03-19T00:05:54.466+0000] {dag.py:3239} INFO - Sync 1 DAGs
[2025-03-19T00:05:54.476+0000] {logging_mixin.py:190} INFO - [2025-03-19T00:05:54.476+0000] {dag.py:4180} INFO - Setting next_dagrun for example_sla_dag to 2025-03-19 00:02:00+00:00, run_after=2025-03-19 00:04:00+00:00
[2025-03-19T00:05:54.485+0000] {processor.py:208} INFO - Processing /home/airflow/.local/lib/python3.12/site-packages/airflow/example_dags/example_sla_dag.py took 0.038 seconds
[2025-03-19T00:06:25.625+0000] {processor.py:186} INFO - Started process (PID=17574) to work on /home/airflow/.local/lib/python3.12/site-packages/airflow/example_dags/example_sla_dag.py
[2025-03-19T00:06:25.626+0000] {processor.py:914} INFO - Processing file /home/airflow/.local/lib/python3.12/site-packages/airflow/example_dags/example_sla_dag.py for tasks to queue
[2025-03-19T00:06:25.628+0000] {logging_mixin.py:190} INFO - [2025-03-19T00:06:25.628+0000] {dagbag.py:588} INFO - Filling up the DagBag from /home/airflow/.local/lib/python3.12/site-packages/airflow/example_dags/example_sla_dag.py
[2025-03-19T00:06:25.633+0000] {processor.py:925} INFO - DAG(s) 'example_sla_dag' retrieved from /home/airflow/.local/lib/python3.12/site-packages/airflow/example_dags/example_sla_dag.py
[2025-03-19T00:06:25.642+0000] {logging_mixin.py:190} INFO - [2025-03-19T00:06:25.641+0000] {dag.py:3239} INFO - Sync 1 DAGs
[2025-03-19T00:06:25.650+0000] {logging_mixin.py:190} INFO - [2025-03-19T00:06:25.650+0000] {dag.py:4180} INFO - Setting next_dagrun for example_sla_dag to 2025-03-19 00:04:00+00:00, run_after=2025-03-19 00:06:00+00:00
[2025-03-19T00:06:25.659+0000] {processor.py:208} INFO - Processing /home/airflow/.local/lib/python3.12/site-packages/airflow/example_dags/example_sla_dag.py took 0.036 seconds
[2025-03-19T00:06:56.696+0000] {processor.py:186} INFO - Started process (PID=17637) to work on /home/airflow/.local/lib/python3.12/site-packages/airflow/example_dags/example_sla_dag.py
[2025-03-19T00:06:56.697+0000] {processor.py:914} INFO - Processing file /home/airflow/.local/lib/python3.12/site-packages/airflow/example_dags/example_sla_dag.py for tasks to queue
[2025-03-19T00:06:56.698+0000] {logging_mixin.py:190} INFO - [2025-03-19T00:06:56.698+0000] {dagbag.py:588} INFO - Filling up the DagBag from /home/airflow/.local/lib/python3.12/site-packages/airflow/example_dags/example_sla_dag.py
[2025-03-19T00:06:56.702+0000] {processor.py:925} INFO - DAG(s) 'example_sla_dag' retrieved from /home/airflow/.local/lib/python3.12/site-packages/airflow/example_dags/example_sla_dag.py
[2025-03-19T00:06:56.714+0000] {logging_mixin.py:190} INFO - [2025-03-19T00:06:56.713+0000] {dag.py:3239} INFO - Sync 1 DAGs
[2025-03-19T00:06:56.726+0000] {logging_mixin.py:190} INFO - [2025-03-19T00:06:56.726+0000] {dag.py:4180} INFO - Setting next_dagrun for example_sla_dag to 2025-03-19 00:04:00+00:00, run_after=2025-03-19 00:06:00+00:00
[2025-03-19T00:06:56.735+0000] {processor.py:208} INFO - Processing /home/airflow/.local/lib/python3.12/site-packages/airflow/example_dags/example_sla_dag.py took 0.041 seconds
[2025-03-19T00:07:27.961+0000] {processor.py:186} INFO - Started process (PID=17700) to work on /home/airflow/.local/lib/python3.12/site-packages/airflow/example_dags/example_sla_dag.py
[2025-03-19T00:07:27.961+0000] {processor.py:914} INFO - Processing file /home/airflow/.local/lib/python3.12/site-packages/airflow/example_dags/example_sla_dag.py for tasks to queue
[2025-03-19T00:07:27.962+0000] {logging_mixin.py:190} INFO - [2025-03-19T00:07:27.962+0000] {dagbag.py:588} INFO - Filling up the DagBag from /home/airflow/.local/lib/python3.12/site-packages/airflow/example_dags/example_sla_dag.py
[2025-03-19T00:07:27.967+0000] {processor.py:925} INFO - DAG(s) 'example_sla_dag' retrieved from /home/airflow/.local/lib/python3.12/site-packages/airflow/example_dags/example_sla_dag.py
[2025-03-19T00:07:27.975+0000] {logging_mixin.py:190} INFO - [2025-03-19T00:07:27.975+0000] {dag.py:3239} INFO - Sync 1 DAGs
[2025-03-19T00:07:27.984+0000] {logging_mixin.py:190} INFO - [2025-03-19T00:07:27.984+0000] {dag.py:4180} INFO - Setting next_dagrun for example_sla_dag to 2025-03-19 00:04:00+00:00, run_after=2025-03-19 00:06:00+00:00
[2025-03-19T00:07:27.992+0000] {processor.py:208} INFO - Processing /home/airflow/.local/lib/python3.12/site-packages/airflow/example_dags/example_sla_dag.py took 0.033 seconds
[2025-03-19T00:07:59.277+0000] {processor.py:186} INFO - Started process (PID=17763) to work on /home/airflow/.local/lib/python3.12/site-packages/airflow/example_dags/example_sla_dag.py
[2025-03-19T00:07:59.277+0000] {processor.py:914} INFO - Processing file /home/airflow/.local/lib/python3.12/site-packages/airflow/example_dags/example_sla_dag.py for tasks to queue
[2025-03-19T00:07:59.279+0000] {logging_mixin.py:190} INFO - [2025-03-19T00:07:59.279+0000] {dagbag.py:588} INFO - Filling up the DagBag from /home/airflow/.local/lib/python3.12/site-packages/airflow/example_dags/example_sla_dag.py
[2025-03-19T00:07:59.284+0000] {processor.py:925} INFO - DAG(s) 'example_sla_dag' retrieved from /home/airflow/.local/lib/python3.12/site-packages/airflow/example_dags/example_sla_dag.py
[2025-03-19T00:07:59.292+0000] {logging_mixin.py:190} INFO - [2025-03-19T00:07:59.292+0000] {dag.py:3239} INFO - Sync 1 DAGs
[2025-03-19T00:07:59.301+0000] {logging_mixin.py:190} INFO - [2025-03-19T00:07:59.301+0000] {dag.py:4180} INFO - Setting next_dagrun for example_sla_dag to 2025-03-19 00:04:00+00:00, run_after=2025-03-19 00:06:00+00:00
[2025-03-19T00:07:59.307+0000] {processor.py:208} INFO - Processing /home/airflow/.local/lib/python3.12/site-packages/airflow/example_dags/example_sla_dag.py took 0.033 seconds
