[2025-03-19T00:00:11.974+0000] {processor.py:186} INFO - Started process (PID=16810) to work on /home/airflow/.local/lib/python3.12/site-packages/airflow/example_dags/example_datasets.py
[2025-03-19T00:00:11.975+0000] {processor.py:914} INFO - Processing file /home/airflow/.local/lib/python3.12/site-packages/airflow/example_dags/example_datasets.py for tasks to queue
[2025-03-19T00:00:11.976+0000] {logging_mixin.py:190} INFO - [2025-03-19T00:00:11.976+0000] {dagbag.py:588} INFO - Filling up the DagBag from /home/airflow/.local/lib/python3.12/site-packages/airflow/example_dags/example_datasets.py
[2025-03-19T00:00:12.115+0000] {processor.py:925} INFO - DAG(s) 'dataset_consumes_unknown_never_scheduled', 'dataset_produces_2', 'dataset_consumes_1', 'consume_1_or_both_2_and_3_with_dataset_expressions', 'consume_1_or_2_with_dataset_expressions', 'conditional_dataset_and_time_based_timetable', 'dataset_produces_1', 'dataset_consumes_1_never_scheduled', 'dataset_consumes_1_and_2', 'consume_1_and_2_with_dataset_expressions' retrieved from /home/airflow/.local/lib/python3.12/site-packages/airflow/example_dags/example_datasets.py
[2025-03-19T00:00:12.136+0000] {logging_mixin.py:190} INFO - [2025-03-19T00:00:12.136+0000] {dag.py:3239} INFO - Sync 10 DAGs
[2025-03-19T00:00:12.148+0000] {logging_mixin.py:190} INFO - [2025-03-19T00:00:12.147+0000] {dag.py:4180} INFO - Setting next_dagrun for conditional_dataset_and_time_based_timetable to 2025-03-12 01:00:00+00:00, run_after=2025-03-12 01:00:00+00:00
[2025-03-19T00:00:12.149+0000] {logging_mixin.py:190} INFO - [2025-03-19T00:00:12.149+0000] {dag.py:4180} INFO - Setting next_dagrun for consume_1_and_2_with_dataset_expressions to None, run_after=None
[2025-03-19T00:00:12.149+0000] {logging_mixin.py:190} INFO - [2025-03-19T00:00:12.149+0000] {dag.py:4180} INFO - Setting next_dagrun for consume_1_or_2_with_dataset_expressions to None, run_after=None
[2025-03-19T00:00:12.150+0000] {logging_mixin.py:190} INFO - [2025-03-19T00:00:12.150+0000] {dag.py:4180} INFO - Setting next_dagrun for consume_1_or_both_2_and_3_with_dataset_expressions to None, run_after=None
[2025-03-19T00:00:12.151+0000] {logging_mixin.py:190} INFO - [2025-03-19T00:00:12.151+0000] {dag.py:4180} INFO - Setting next_dagrun for dataset_consumes_1 to None, run_after=None
[2025-03-19T00:00:12.151+0000] {logging_mixin.py:190} INFO - [2025-03-19T00:00:12.151+0000] {dag.py:4180} INFO - Setting next_dagrun for dataset_consumes_1_and_2 to None, run_after=None
[2025-03-19T00:00:12.152+0000] {logging_mixin.py:190} INFO - [2025-03-19T00:00:12.152+0000] {dag.py:4180} INFO - Setting next_dagrun for dataset_consumes_1_never_scheduled to None, run_after=None
[2025-03-19T00:00:12.152+0000] {logging_mixin.py:190} INFO - [2025-03-19T00:00:12.152+0000] {dag.py:4180} INFO - Setting next_dagrun for dataset_consumes_unknown_never_scheduled to None, run_after=None
[2025-03-19T00:00:12.155+0000] {logging_mixin.py:190} INFO - [2025-03-19T00:00:12.155+0000] {dag.py:4180} INFO - Setting next_dagrun for dataset_produces_1 to 2025-03-18 00:00:00+00:00, run_after=2025-03-19 00:00:00+00:00
[2025-03-19T00:00:12.156+0000] {logging_mixin.py:190} INFO - [2025-03-19T00:00:12.156+0000] {dag.py:4180} INFO - Setting next_dagrun for dataset_produces_2 to None, run_after=None
[2025-03-19T00:00:12.177+0000] {processor.py:208} INFO - Processing /home/airflow/.local/lib/python3.12/site-packages/airflow/example_dags/example_datasets.py took 0.205 seconds
[2025-03-19T00:00:43.238+0000] {processor.py:186} INFO - Started process (PID=16873) to work on /home/airflow/.local/lib/python3.12/site-packages/airflow/example_dags/example_datasets.py
[2025-03-19T00:00:43.239+0000] {processor.py:914} INFO - Processing file /home/airflow/.local/lib/python3.12/site-packages/airflow/example_dags/example_datasets.py for tasks to queue
[2025-03-19T00:00:43.242+0000] {logging_mixin.py:190} INFO - [2025-03-19T00:00:43.241+0000] {dagbag.py:588} INFO - Filling up the DagBag from /home/airflow/.local/lib/python3.12/site-packages/airflow/example_dags/example_datasets.py
[2025-03-19T00:00:43.394+0000] {processor.py:925} INFO - DAG(s) 'conditional_dataset_and_time_based_timetable', 'dataset_consumes_unknown_never_scheduled', 'dataset_consumes_1', 'dataset_produces_2', 'consume_1_or_2_with_dataset_expressions', 'dataset_consumes_1_never_scheduled', 'consume_1_or_both_2_and_3_with_dataset_expressions', 'dataset_consumes_1_and_2', 'consume_1_and_2_with_dataset_expressions', 'dataset_produces_1' retrieved from /home/airflow/.local/lib/python3.12/site-packages/airflow/example_dags/example_datasets.py
[2025-03-19T00:00:43.410+0000] {logging_mixin.py:190} INFO - [2025-03-19T00:00:43.410+0000] {dag.py:3239} INFO - Sync 10 DAGs
[2025-03-19T00:00:43.420+0000] {logging_mixin.py:190} INFO - [2025-03-19T00:00:43.420+0000] {dag.py:4180} INFO - Setting next_dagrun for conditional_dataset_and_time_based_timetable to 2025-03-12 01:00:00+00:00, run_after=2025-03-12 01:00:00+00:00
[2025-03-19T00:00:43.422+0000] {logging_mixin.py:190} INFO - [2025-03-19T00:00:43.422+0000] {dag.py:4180} INFO - Setting next_dagrun for consume_1_and_2_with_dataset_expressions to None, run_after=None
[2025-03-19T00:00:43.425+0000] {logging_mixin.py:190} INFO - [2025-03-19T00:00:43.425+0000] {dag.py:4180} INFO - Setting next_dagrun for consume_1_or_2_with_dataset_expressions to None, run_after=None
[2025-03-19T00:00:43.426+0000] {logging_mixin.py:190} INFO - [2025-03-19T00:00:43.426+0000] {dag.py:4180} INFO - Setting next_dagrun for consume_1_or_both_2_and_3_with_dataset_expressions to None, run_after=None
[2025-03-19T00:00:43.427+0000] {logging_mixin.py:190} INFO - [2025-03-19T00:00:43.427+0000] {dag.py:4180} INFO - Setting next_dagrun for dataset_consumes_1 to None, run_after=None
[2025-03-19T00:00:43.428+0000] {logging_mixin.py:190} INFO - [2025-03-19T00:00:43.428+0000] {dag.py:4180} INFO - Setting next_dagrun for dataset_consumes_1_and_2 to None, run_after=None
[2025-03-19T00:00:43.429+0000] {logging_mixin.py:190} INFO - [2025-03-19T00:00:43.429+0000] {dag.py:4180} INFO - Setting next_dagrun for dataset_consumes_1_never_scheduled to None, run_after=None
[2025-03-19T00:00:43.429+0000] {logging_mixin.py:190} INFO - [2025-03-19T00:00:43.429+0000] {dag.py:4180} INFO - Setting next_dagrun for dataset_consumes_unknown_never_scheduled to None, run_after=None
[2025-03-19T00:00:43.430+0000] {logging_mixin.py:190} INFO - [2025-03-19T00:00:43.430+0000] {dag.py:4180} INFO - Setting next_dagrun for dataset_produces_1 to 2025-03-18 00:00:00+00:00, run_after=2025-03-19 00:00:00+00:00
[2025-03-19T00:00:43.431+0000] {logging_mixin.py:190} INFO - [2025-03-19T00:00:43.431+0000] {dag.py:4180} INFO - Setting next_dagrun for dataset_produces_2 to None, run_after=None
[2025-03-19T00:00:43.445+0000] {processor.py:208} INFO - Processing /home/airflow/.local/lib/python3.12/site-packages/airflow/example_dags/example_datasets.py took 0.209 seconds
[2025-03-19T00:01:14.168+0000] {processor.py:186} INFO - Started process (PID=16936) to work on /home/airflow/.local/lib/python3.12/site-packages/airflow/example_dags/example_datasets.py
[2025-03-19T00:01:14.170+0000] {processor.py:914} INFO - Processing file /home/airflow/.local/lib/python3.12/site-packages/airflow/example_dags/example_datasets.py for tasks to queue
[2025-03-19T00:01:14.172+0000] {logging_mixin.py:190} INFO - [2025-03-19T00:01:14.172+0000] {dagbag.py:588} INFO - Filling up the DagBag from /home/airflow/.local/lib/python3.12/site-packages/airflow/example_dags/example_datasets.py
[2025-03-19T00:01:14.312+0000] {processor.py:925} INFO - DAG(s) 'consume_1_or_2_with_dataset_expressions', 'dataset_produces_1', 'consume_1_or_both_2_and_3_with_dataset_expressions', 'dataset_consumes_unknown_never_scheduled', 'dataset_produces_2', 'consume_1_and_2_with_dataset_expressions', 'conditional_dataset_and_time_based_timetable', 'dataset_consumes_1_and_2', 'dataset_consumes_1_never_scheduled', 'dataset_consumes_1' retrieved from /home/airflow/.local/lib/python3.12/site-packages/airflow/example_dags/example_datasets.py
[2025-03-19T00:01:14.331+0000] {logging_mixin.py:190} INFO - [2025-03-19T00:01:14.331+0000] {dag.py:3239} INFO - Sync 10 DAGs
[2025-03-19T00:01:14.344+0000] {logging_mixin.py:190} INFO - [2025-03-19T00:01:14.344+0000] {dag.py:4180} INFO - Setting next_dagrun for conditional_dataset_and_time_based_timetable to 2025-03-12 01:00:00+00:00, run_after=2025-03-12 01:00:00+00:00
[2025-03-19T00:01:14.346+0000] {logging_mixin.py:190} INFO - [2025-03-19T00:01:14.346+0000] {dag.py:4180} INFO - Setting next_dagrun for consume_1_and_2_with_dataset_expressions to None, run_after=None
[2025-03-19T00:01:14.346+0000] {logging_mixin.py:190} INFO - [2025-03-19T00:01:14.346+0000] {dag.py:4180} INFO - Setting next_dagrun for consume_1_or_2_with_dataset_expressions to None, run_after=None
[2025-03-19T00:01:14.347+0000] {logging_mixin.py:190} INFO - [2025-03-19T00:01:14.347+0000] {dag.py:4180} INFO - Setting next_dagrun for consume_1_or_both_2_and_3_with_dataset_expressions to None, run_after=None
[2025-03-19T00:01:14.347+0000] {logging_mixin.py:190} INFO - [2025-03-19T00:01:14.347+0000] {dag.py:4180} INFO - Setting next_dagrun for dataset_consumes_1 to None, run_after=None
[2025-03-19T00:01:14.347+0000] {logging_mixin.py:190} INFO - [2025-03-19T00:01:14.347+0000] {dag.py:4180} INFO - Setting next_dagrun for dataset_consumes_1_and_2 to None, run_after=None
[2025-03-19T00:01:14.348+0000] {logging_mixin.py:190} INFO - [2025-03-19T00:01:14.348+0000] {dag.py:4180} INFO - Setting next_dagrun for dataset_consumes_1_never_scheduled to None, run_after=None
[2025-03-19T00:01:14.348+0000] {logging_mixin.py:190} INFO - [2025-03-19T00:01:14.348+0000] {dag.py:4180} INFO - Setting next_dagrun for dataset_consumes_unknown_never_scheduled to None, run_after=None
[2025-03-19T00:01:14.349+0000] {logging_mixin.py:190} INFO - [2025-03-19T00:01:14.349+0000] {dag.py:4180} INFO - Setting next_dagrun for dataset_produces_1 to 2025-03-18 00:00:00+00:00, run_after=2025-03-19 00:00:00+00:00
[2025-03-19T00:01:14.349+0000] {logging_mixin.py:190} INFO - [2025-03-19T00:01:14.349+0000] {dag.py:4180} INFO - Setting next_dagrun for dataset_produces_2 to None, run_after=None
[2025-03-19T00:01:14.367+0000] {processor.py:208} INFO - Processing /home/airflow/.local/lib/python3.12/site-packages/airflow/example_dags/example_datasets.py took 0.202 seconds
[2025-03-19T00:01:45.250+0000] {processor.py:186} INFO - Started process (PID=16999) to work on /home/airflow/.local/lib/python3.12/site-packages/airflow/example_dags/example_datasets.py
[2025-03-19T00:01:45.251+0000] {processor.py:914} INFO - Processing file /home/airflow/.local/lib/python3.12/site-packages/airflow/example_dags/example_datasets.py for tasks to queue
[2025-03-19T00:01:45.252+0000] {logging_mixin.py:190} INFO - [2025-03-19T00:01:45.252+0000] {dagbag.py:588} INFO - Filling up the DagBag from /home/airflow/.local/lib/python3.12/site-packages/airflow/example_dags/example_datasets.py
[2025-03-19T00:01:45.386+0000] {processor.py:925} INFO - DAG(s) 'conditional_dataset_and_time_based_timetable', 'consume_1_or_2_with_dataset_expressions', 'dataset_consumes_unknown_never_scheduled', 'dataset_consumes_1', 'dataset_consumes_1_never_scheduled', 'dataset_consumes_1_and_2', 'dataset_produces_2', 'dataset_produces_1', 'consume_1_or_both_2_and_3_with_dataset_expressions', 'consume_1_and_2_with_dataset_expressions' retrieved from /home/airflow/.local/lib/python3.12/site-packages/airflow/example_dags/example_datasets.py
[2025-03-19T00:01:45.407+0000] {logging_mixin.py:190} INFO - [2025-03-19T00:01:45.407+0000] {dag.py:3239} INFO - Sync 10 DAGs
[2025-03-19T00:01:45.417+0000] {logging_mixin.py:190} INFO - [2025-03-19T00:01:45.417+0000] {dag.py:4180} INFO - Setting next_dagrun for conditional_dataset_and_time_based_timetable to 2025-03-12 01:00:00+00:00, run_after=2025-03-12 01:00:00+00:00
[2025-03-19T00:01:45.419+0000] {logging_mixin.py:190} INFO - [2025-03-19T00:01:45.419+0000] {dag.py:4180} INFO - Setting next_dagrun for consume_1_and_2_with_dataset_expressions to None, run_after=None
[2025-03-19T00:01:45.420+0000] {logging_mixin.py:190} INFO - [2025-03-19T00:01:45.420+0000] {dag.py:4180} INFO - Setting next_dagrun for consume_1_or_2_with_dataset_expressions to None, run_after=None
[2025-03-19T00:01:45.421+0000] {logging_mixin.py:190} INFO - [2025-03-19T00:01:45.421+0000] {dag.py:4180} INFO - Setting next_dagrun for consume_1_or_both_2_and_3_with_dataset_expressions to None, run_after=None
[2025-03-19T00:01:45.421+0000] {logging_mixin.py:190} INFO - [2025-03-19T00:01:45.421+0000] {dag.py:4180} INFO - Setting next_dagrun for dataset_consumes_1 to None, run_after=None
[2025-03-19T00:01:45.422+0000] {logging_mixin.py:190} INFO - [2025-03-19T00:01:45.422+0000] {dag.py:4180} INFO - Setting next_dagrun for dataset_consumes_1_and_2 to None, run_after=None
[2025-03-19T00:01:45.423+0000] {logging_mixin.py:190} INFO - [2025-03-19T00:01:45.423+0000] {dag.py:4180} INFO - Setting next_dagrun for dataset_consumes_1_never_scheduled to None, run_after=None
[2025-03-19T00:01:45.424+0000] {logging_mixin.py:190} INFO - [2025-03-19T00:01:45.424+0000] {dag.py:4180} INFO - Setting next_dagrun for dataset_consumes_unknown_never_scheduled to None, run_after=None
[2025-03-19T00:01:45.425+0000] {logging_mixin.py:190} INFO - [2025-03-19T00:01:45.425+0000] {dag.py:4180} INFO - Setting next_dagrun for dataset_produces_1 to 2025-03-18 00:00:00+00:00, run_after=2025-03-19 00:00:00+00:00
[2025-03-19T00:01:45.425+0000] {logging_mixin.py:190} INFO - [2025-03-19T00:01:45.425+0000] {dag.py:4180} INFO - Setting next_dagrun for dataset_produces_2 to None, run_after=None
[2025-03-19T00:01:45.443+0000] {processor.py:208} INFO - Processing /home/airflow/.local/lib/python3.12/site-packages/airflow/example_dags/example_datasets.py took 0.196 seconds
[2025-03-19T00:02:16.402+0000] {processor.py:186} INFO - Started process (PID=17062) to work on /home/airflow/.local/lib/python3.12/site-packages/airflow/example_dags/example_datasets.py
[2025-03-19T00:02:16.403+0000] {processor.py:914} INFO - Processing file /home/airflow/.local/lib/python3.12/site-packages/airflow/example_dags/example_datasets.py for tasks to queue
[2025-03-19T00:02:16.404+0000] {logging_mixin.py:190} INFO - [2025-03-19T00:02:16.404+0000] {dagbag.py:588} INFO - Filling up the DagBag from /home/airflow/.local/lib/python3.12/site-packages/airflow/example_dags/example_datasets.py
[2025-03-19T00:02:16.556+0000] {processor.py:925} INFO - DAG(s) 'consume_1_or_both_2_and_3_with_dataset_expressions', 'consume_1_or_2_with_dataset_expressions', 'conditional_dataset_and_time_based_timetable', 'dataset_produces_1', 'consume_1_and_2_with_dataset_expressions', 'dataset_consumes_1', 'dataset_consumes_1_never_scheduled', 'dataset_produces_2', 'dataset_consumes_unknown_never_scheduled', 'dataset_consumes_1_and_2' retrieved from /home/airflow/.local/lib/python3.12/site-packages/airflow/example_dags/example_datasets.py
[2025-03-19T00:02:16.575+0000] {logging_mixin.py:190} INFO - [2025-03-19T00:02:16.575+0000] {dag.py:3239} INFO - Sync 10 DAGs
[2025-03-19T00:02:16.585+0000] {logging_mixin.py:190} INFO - [2025-03-19T00:02:16.584+0000] {dag.py:4180} INFO - Setting next_dagrun for conditional_dataset_and_time_based_timetable to 2025-03-12 01:00:00+00:00, run_after=2025-03-12 01:00:00+00:00
[2025-03-19T00:02:16.586+0000] {logging_mixin.py:190} INFO - [2025-03-19T00:02:16.586+0000] {dag.py:4180} INFO - Setting next_dagrun for consume_1_and_2_with_dataset_expressions to None, run_after=None
[2025-03-19T00:02:16.587+0000] {logging_mixin.py:190} INFO - [2025-03-19T00:02:16.586+0000] {dag.py:4180} INFO - Setting next_dagrun for consume_1_or_2_with_dataset_expressions to None, run_after=None
[2025-03-19T00:02:16.587+0000] {logging_mixin.py:190} INFO - [2025-03-19T00:02:16.587+0000] {dag.py:4180} INFO - Setting next_dagrun for consume_1_or_both_2_and_3_with_dataset_expressions to None, run_after=None
[2025-03-19T00:02:16.587+0000] {logging_mixin.py:190} INFO - [2025-03-19T00:02:16.587+0000] {dag.py:4180} INFO - Setting next_dagrun for dataset_consumes_1 to None, run_after=None
[2025-03-19T00:02:16.588+0000] {logging_mixin.py:190} INFO - [2025-03-19T00:02:16.588+0000] {dag.py:4180} INFO - Setting next_dagrun for dataset_consumes_1_and_2 to None, run_after=None
[2025-03-19T00:02:16.589+0000] {logging_mixin.py:190} INFO - [2025-03-19T00:02:16.589+0000] {dag.py:4180} INFO - Setting next_dagrun for dataset_consumes_1_never_scheduled to None, run_after=None
[2025-03-19T00:02:16.589+0000] {logging_mixin.py:190} INFO - [2025-03-19T00:02:16.589+0000] {dag.py:4180} INFO - Setting next_dagrun for dataset_consumes_unknown_never_scheduled to None, run_after=None
[2025-03-19T00:02:16.592+0000] {logging_mixin.py:190} INFO - [2025-03-19T00:02:16.591+0000] {dag.py:4180} INFO - Setting next_dagrun for dataset_produces_1 to 2025-03-18 00:00:00+00:00, run_after=2025-03-19 00:00:00+00:00
[2025-03-19T00:02:16.593+0000] {logging_mixin.py:190} INFO - [2025-03-19T00:02:16.593+0000] {dag.py:4180} INFO - Setting next_dagrun for dataset_produces_2 to None, run_after=None
[2025-03-19T00:02:16.613+0000] {processor.py:208} INFO - Processing /home/airflow/.local/lib/python3.12/site-packages/airflow/example_dags/example_datasets.py took 0.213 seconds
[2025-03-19T00:02:47.573+0000] {processor.py:186} INFO - Started process (PID=17125) to work on /home/airflow/.local/lib/python3.12/site-packages/airflow/example_dags/example_datasets.py
[2025-03-19T00:02:47.575+0000] {processor.py:914} INFO - Processing file /home/airflow/.local/lib/python3.12/site-packages/airflow/example_dags/example_datasets.py for tasks to queue
[2025-03-19T00:02:47.576+0000] {logging_mixin.py:190} INFO - [2025-03-19T00:02:47.575+0000] {dagbag.py:588} INFO - Filling up the DagBag from /home/airflow/.local/lib/python3.12/site-packages/airflow/example_dags/example_datasets.py
[2025-03-19T00:02:47.722+0000] {processor.py:925} INFO - DAG(s) 'consume_1_and_2_with_dataset_expressions', 'dataset_consumes_1_and_2', 'consume_1_or_both_2_and_3_with_dataset_expressions', 'consume_1_or_2_with_dataset_expressions', 'dataset_consumes_1_never_scheduled', 'dataset_consumes_1', 'dataset_produces_1', 'conditional_dataset_and_time_based_timetable', 'dataset_consumes_unknown_never_scheduled', 'dataset_produces_2' retrieved from /home/airflow/.local/lib/python3.12/site-packages/airflow/example_dags/example_datasets.py
[2025-03-19T00:02:47.737+0000] {logging_mixin.py:190} INFO - [2025-03-19T00:02:47.737+0000] {dag.py:3239} INFO - Sync 10 DAGs
[2025-03-19T00:02:47.746+0000] {logging_mixin.py:190} INFO - [2025-03-19T00:02:47.746+0000] {dag.py:4180} INFO - Setting next_dagrun for conditional_dataset_and_time_based_timetable to 2025-03-12 01:00:00+00:00, run_after=2025-03-12 01:00:00+00:00
[2025-03-19T00:02:47.748+0000] {logging_mixin.py:190} INFO - [2025-03-19T00:02:47.748+0000] {dag.py:4180} INFO - Setting next_dagrun for consume_1_and_2_with_dataset_expressions to None, run_after=None
[2025-03-19T00:02:47.749+0000] {logging_mixin.py:190} INFO - [2025-03-19T00:02:47.749+0000] {dag.py:4180} INFO - Setting next_dagrun for consume_1_or_2_with_dataset_expressions to None, run_after=None
[2025-03-19T00:02:47.751+0000] {logging_mixin.py:190} INFO - [2025-03-19T00:02:47.751+0000] {dag.py:4180} INFO - Setting next_dagrun for consume_1_or_both_2_and_3_with_dataset_expressions to None, run_after=None
[2025-03-19T00:02:47.752+0000] {logging_mixin.py:190} INFO - [2025-03-19T00:02:47.752+0000] {dag.py:4180} INFO - Setting next_dagrun for dataset_consumes_1 to None, run_after=None
[2025-03-19T00:02:47.753+0000] {logging_mixin.py:190} INFO - [2025-03-19T00:02:47.753+0000] {dag.py:4180} INFO - Setting next_dagrun for dataset_consumes_1_and_2 to None, run_after=None
[2025-03-19T00:02:47.753+0000] {logging_mixin.py:190} INFO - [2025-03-19T00:02:47.753+0000] {dag.py:4180} INFO - Setting next_dagrun for dataset_consumes_1_never_scheduled to None, run_after=None
[2025-03-19T00:02:47.753+0000] {logging_mixin.py:190} INFO - [2025-03-19T00:02:47.753+0000] {dag.py:4180} INFO - Setting next_dagrun for dataset_consumes_unknown_never_scheduled to None, run_after=None
[2025-03-19T00:02:47.757+0000] {logging_mixin.py:190} INFO - [2025-03-19T00:02:47.757+0000] {dag.py:4180} INFO - Setting next_dagrun for dataset_produces_1 to 2025-03-18 00:00:00+00:00, run_after=2025-03-19 00:00:00+00:00
[2025-03-19T00:02:47.757+0000] {logging_mixin.py:190} INFO - [2025-03-19T00:02:47.757+0000] {dag.py:4180} INFO - Setting next_dagrun for dataset_produces_2 to None, run_after=None
[2025-03-19T00:02:47.772+0000] {processor.py:208} INFO - Processing /home/airflow/.local/lib/python3.12/site-packages/airflow/example_dags/example_datasets.py took 0.201 seconds
[2025-03-19T00:03:18.724+0000] {processor.py:186} INFO - Started process (PID=17188) to work on /home/airflow/.local/lib/python3.12/site-packages/airflow/example_dags/example_datasets.py
[2025-03-19T00:03:18.725+0000] {processor.py:914} INFO - Processing file /home/airflow/.local/lib/python3.12/site-packages/airflow/example_dags/example_datasets.py for tasks to queue
[2025-03-19T00:03:18.726+0000] {logging_mixin.py:190} INFO - [2025-03-19T00:03:18.726+0000] {dagbag.py:588} INFO - Filling up the DagBag from /home/airflow/.local/lib/python3.12/site-packages/airflow/example_dags/example_datasets.py
[2025-03-19T00:03:18.863+0000] {processor.py:925} INFO - DAG(s) 'conditional_dataset_and_time_based_timetable', 'dataset_consumes_unknown_never_scheduled', 'dataset_produces_2', 'consume_1_or_both_2_and_3_with_dataset_expressions', 'dataset_produces_1', 'dataset_consumes_1_never_scheduled', 'consume_1_and_2_with_dataset_expressions', 'consume_1_or_2_with_dataset_expressions', 'dataset_consumes_1_and_2', 'dataset_consumes_1' retrieved from /home/airflow/.local/lib/python3.12/site-packages/airflow/example_dags/example_datasets.py
[2025-03-19T00:03:18.881+0000] {logging_mixin.py:190} INFO - [2025-03-19T00:03:18.881+0000] {dag.py:3239} INFO - Sync 10 DAGs
[2025-03-19T00:03:18.891+0000] {logging_mixin.py:190} INFO - [2025-03-19T00:03:18.891+0000] {dag.py:4180} INFO - Setting next_dagrun for conditional_dataset_and_time_based_timetable to 2025-03-12 01:00:00+00:00, run_after=2025-03-12 01:00:00+00:00
[2025-03-19T00:03:18.892+0000] {logging_mixin.py:190} INFO - [2025-03-19T00:03:18.892+0000] {dag.py:4180} INFO - Setting next_dagrun for consume_1_and_2_with_dataset_expressions to None, run_after=None
[2025-03-19T00:03:18.893+0000] {logging_mixin.py:190} INFO - [2025-03-19T00:03:18.893+0000] {dag.py:4180} INFO - Setting next_dagrun for consume_1_or_2_with_dataset_expressions to None, run_after=None
[2025-03-19T00:03:18.893+0000] {logging_mixin.py:190} INFO - [2025-03-19T00:03:18.893+0000] {dag.py:4180} INFO - Setting next_dagrun for consume_1_or_both_2_and_3_with_dataset_expressions to None, run_after=None
[2025-03-19T00:03:18.894+0000] {logging_mixin.py:190} INFO - [2025-03-19T00:03:18.893+0000] {dag.py:4180} INFO - Setting next_dagrun for dataset_consumes_1 to None, run_after=None
[2025-03-19T00:03:18.894+0000] {logging_mixin.py:190} INFO - [2025-03-19T00:03:18.894+0000] {dag.py:4180} INFO - Setting next_dagrun for dataset_consumes_1_and_2 to None, run_after=None
[2025-03-19T00:03:18.894+0000] {logging_mixin.py:190} INFO - [2025-03-19T00:03:18.894+0000] {dag.py:4180} INFO - Setting next_dagrun for dataset_consumes_1_never_scheduled to None, run_after=None
[2025-03-19T00:03:18.895+0000] {logging_mixin.py:190} INFO - [2025-03-19T00:03:18.895+0000] {dag.py:4180} INFO - Setting next_dagrun for dataset_consumes_unknown_never_scheduled to None, run_after=None
[2025-03-19T00:03:18.895+0000] {logging_mixin.py:190} INFO - [2025-03-19T00:03:18.895+0000] {dag.py:4180} INFO - Setting next_dagrun for dataset_produces_1 to 2025-03-18 00:00:00+00:00, run_after=2025-03-19 00:00:00+00:00
[2025-03-19T00:03:18.896+0000] {logging_mixin.py:190} INFO - [2025-03-19T00:03:18.896+0000] {dag.py:4180} INFO - Setting next_dagrun for dataset_produces_2 to None, run_after=None
[2025-03-19T00:03:18.906+0000] {processor.py:208} INFO - Processing /home/airflow/.local/lib/python3.12/site-packages/airflow/example_dags/example_datasets.py took 0.184 seconds
[2025-03-19T00:03:49.749+0000] {processor.py:186} INFO - Started process (PID=17251) to work on /home/airflow/.local/lib/python3.12/site-packages/airflow/example_dags/example_datasets.py
[2025-03-19T00:03:49.751+0000] {processor.py:914} INFO - Processing file /home/airflow/.local/lib/python3.12/site-packages/airflow/example_dags/example_datasets.py for tasks to queue
[2025-03-19T00:03:49.753+0000] {logging_mixin.py:190} INFO - [2025-03-19T00:03:49.753+0000] {dagbag.py:588} INFO - Filling up the DagBag from /home/airflow/.local/lib/python3.12/site-packages/airflow/example_dags/example_datasets.py
[2025-03-19T00:03:49.877+0000] {processor.py:925} INFO - DAG(s) 'dataset_produces_2', 'dataset_consumes_1', 'consume_1_and_2_with_dataset_expressions', 'dataset_consumes_1_and_2', 'dataset_consumes_1_never_scheduled', 'conditional_dataset_and_time_based_timetable', 'consume_1_or_2_with_dataset_expressions', 'dataset_consumes_unknown_never_scheduled', 'consume_1_or_both_2_and_3_with_dataset_expressions', 'dataset_produces_1' retrieved from /home/airflow/.local/lib/python3.12/site-packages/airflow/example_dags/example_datasets.py
[2025-03-19T00:03:49.900+0000] {logging_mixin.py:190} INFO - [2025-03-19T00:03:49.900+0000] {dag.py:3239} INFO - Sync 10 DAGs
[2025-03-19T00:03:49.912+0000] {logging_mixin.py:190} INFO - [2025-03-19T00:03:49.912+0000] {dag.py:4180} INFO - Setting next_dagrun for conditional_dataset_and_time_based_timetable to 2025-03-12 01:00:00+00:00, run_after=2025-03-12 01:00:00+00:00
[2025-03-19T00:03:49.914+0000] {logging_mixin.py:190} INFO - [2025-03-19T00:03:49.914+0000] {dag.py:4180} INFO - Setting next_dagrun for consume_1_and_2_with_dataset_expressions to None, run_after=None
[2025-03-19T00:03:49.914+0000] {logging_mixin.py:190} INFO - [2025-03-19T00:03:49.914+0000] {dag.py:4180} INFO - Setting next_dagrun for consume_1_or_2_with_dataset_expressions to None, run_after=None
[2025-03-19T00:03:49.915+0000] {logging_mixin.py:190} INFO - [2025-03-19T00:03:49.914+0000] {dag.py:4180} INFO - Setting next_dagrun for consume_1_or_both_2_and_3_with_dataset_expressions to None, run_after=None
[2025-03-19T00:03:49.915+0000] {logging_mixin.py:190} INFO - [2025-03-19T00:03:49.915+0000] {dag.py:4180} INFO - Setting next_dagrun for dataset_consumes_1 to None, run_after=None
[2025-03-19T00:03:49.915+0000] {logging_mixin.py:190} INFO - [2025-03-19T00:03:49.915+0000] {dag.py:4180} INFO - Setting next_dagrun for dataset_consumes_1_and_2 to None, run_after=None
[2025-03-19T00:03:49.915+0000] {logging_mixin.py:190} INFO - [2025-03-19T00:03:49.915+0000] {dag.py:4180} INFO - Setting next_dagrun for dataset_consumes_1_never_scheduled to None, run_after=None
[2025-03-19T00:03:49.916+0000] {logging_mixin.py:190} INFO - [2025-03-19T00:03:49.916+0000] {dag.py:4180} INFO - Setting next_dagrun for dataset_consumes_unknown_never_scheduled to None, run_after=None
[2025-03-19T00:03:49.916+0000] {logging_mixin.py:190} INFO - [2025-03-19T00:03:49.916+0000] {dag.py:4180} INFO - Setting next_dagrun for dataset_produces_1 to 2025-03-18 00:00:00+00:00, run_after=2025-03-19 00:00:00+00:00
[2025-03-19T00:03:49.917+0000] {logging_mixin.py:190} INFO - [2025-03-19T00:03:49.917+0000] {dag.py:4180} INFO - Setting next_dagrun for dataset_produces_2 to None, run_after=None
[2025-03-19T00:03:49.938+0000] {processor.py:208} INFO - Processing /home/airflow/.local/lib/python3.12/site-packages/airflow/example_dags/example_datasets.py took 0.191 seconds
[2025-03-19T00:04:20.726+0000] {processor.py:186} INFO - Started process (PID=17314) to work on /home/airflow/.local/lib/python3.12/site-packages/airflow/example_dags/example_datasets.py
[2025-03-19T00:04:20.727+0000] {processor.py:914} INFO - Processing file /home/airflow/.local/lib/python3.12/site-packages/airflow/example_dags/example_datasets.py for tasks to queue
[2025-03-19T00:04:20.728+0000] {logging_mixin.py:190} INFO - [2025-03-19T00:04:20.728+0000] {dagbag.py:588} INFO - Filling up the DagBag from /home/airflow/.local/lib/python3.12/site-packages/airflow/example_dags/example_datasets.py
[2025-03-19T00:04:20.852+0000] {processor.py:925} INFO - DAG(s) 'dataset_produces_1', 'dataset_produces_2', 'dataset_consumes_1_never_scheduled', 'consume_1_and_2_with_dataset_expressions', 'dataset_consumes_1_and_2', 'consume_1_or_both_2_and_3_with_dataset_expressions', 'consume_1_or_2_with_dataset_expressions', 'dataset_consumes_unknown_never_scheduled', 'conditional_dataset_and_time_based_timetable', 'dataset_consumes_1' retrieved from /home/airflow/.local/lib/python3.12/site-packages/airflow/example_dags/example_datasets.py
[2025-03-19T00:04:20.870+0000] {logging_mixin.py:190} INFO - [2025-03-19T00:04:20.870+0000] {dag.py:3239} INFO - Sync 10 DAGs
[2025-03-19T00:04:20.884+0000] {logging_mixin.py:190} INFO - [2025-03-19T00:04:20.884+0000] {dag.py:4180} INFO - Setting next_dagrun for conditional_dataset_and_time_based_timetable to 2025-03-12 01:00:00+00:00, run_after=2025-03-12 01:00:00+00:00
[2025-03-19T00:04:20.886+0000] {logging_mixin.py:190} INFO - [2025-03-19T00:04:20.885+0000] {dag.py:4180} INFO - Setting next_dagrun for consume_1_and_2_with_dataset_expressions to None, run_after=None
[2025-03-19T00:04:20.887+0000] {logging_mixin.py:190} INFO - [2025-03-19T00:04:20.887+0000] {dag.py:4180} INFO - Setting next_dagrun for consume_1_or_2_with_dataset_expressions to None, run_after=None
[2025-03-19T00:04:20.887+0000] {logging_mixin.py:190} INFO - [2025-03-19T00:04:20.887+0000] {dag.py:4180} INFO - Setting next_dagrun for consume_1_or_both_2_and_3_with_dataset_expressions to None, run_after=None
[2025-03-19T00:04:20.888+0000] {logging_mixin.py:190} INFO - [2025-03-19T00:04:20.888+0000] {dag.py:4180} INFO - Setting next_dagrun for dataset_consumes_1 to None, run_after=None
[2025-03-19T00:04:20.888+0000] {logging_mixin.py:190} INFO - [2025-03-19T00:04:20.888+0000] {dag.py:4180} INFO - Setting next_dagrun for dataset_consumes_1_and_2 to None, run_after=None
[2025-03-19T00:04:20.888+0000] {logging_mixin.py:190} INFO - [2025-03-19T00:04:20.888+0000] {dag.py:4180} INFO - Setting next_dagrun for dataset_consumes_1_never_scheduled to None, run_after=None
[2025-03-19T00:04:20.889+0000] {logging_mixin.py:190} INFO - [2025-03-19T00:04:20.889+0000] {dag.py:4180} INFO - Setting next_dagrun for dataset_consumes_unknown_never_scheduled to None, run_after=None
[2025-03-19T00:04:20.889+0000] {logging_mixin.py:190} INFO - [2025-03-19T00:04:20.889+0000] {dag.py:4180} INFO - Setting next_dagrun for dataset_produces_1 to 2025-03-18 00:00:00+00:00, run_after=2025-03-19 00:00:00+00:00
[2025-03-19T00:04:20.890+0000] {logging_mixin.py:190} INFO - [2025-03-19T00:04:20.890+0000] {dag.py:4180} INFO - Setting next_dagrun for dataset_produces_2 to None, run_after=None
[2025-03-19T00:04:20.901+0000] {processor.py:208} INFO - Processing /home/airflow/.local/lib/python3.12/site-packages/airflow/example_dags/example_datasets.py took 0.177 seconds
[2025-03-19T00:04:51.760+0000] {processor.py:186} INFO - Started process (PID=17377) to work on /home/airflow/.local/lib/python3.12/site-packages/airflow/example_dags/example_datasets.py
[2025-03-19T00:04:51.761+0000] {processor.py:914} INFO - Processing file /home/airflow/.local/lib/python3.12/site-packages/airflow/example_dags/example_datasets.py for tasks to queue
[2025-03-19T00:04:51.762+0000] {logging_mixin.py:190} INFO - [2025-03-19T00:04:51.762+0000] {dagbag.py:588} INFO - Filling up the DagBag from /home/airflow/.local/lib/python3.12/site-packages/airflow/example_dags/example_datasets.py
[2025-03-19T00:04:51.893+0000] {processor.py:925} INFO - DAG(s) 'dataset_produces_2', 'consume_1_or_2_with_dataset_expressions', 'dataset_consumes_1_and_2', 'conditional_dataset_and_time_based_timetable', 'dataset_consumes_unknown_never_scheduled', 'dataset_consumes_1_never_scheduled', 'dataset_produces_1', 'consume_1_or_both_2_and_3_with_dataset_expressions', 'consume_1_and_2_with_dataset_expressions', 'dataset_consumes_1' retrieved from /home/airflow/.local/lib/python3.12/site-packages/airflow/example_dags/example_datasets.py
[2025-03-19T00:04:51.911+0000] {logging_mixin.py:190} INFO - [2025-03-19T00:04:51.911+0000] {dag.py:3239} INFO - Sync 10 DAGs
[2025-03-19T00:04:51.921+0000] {logging_mixin.py:190} INFO - [2025-03-19T00:04:51.921+0000] {dag.py:4180} INFO - Setting next_dagrun for conditional_dataset_and_time_based_timetable to 2025-03-12 01:00:00+00:00, run_after=2025-03-12 01:00:00+00:00
[2025-03-19T00:04:51.922+0000] {logging_mixin.py:190} INFO - [2025-03-19T00:04:51.922+0000] {dag.py:4180} INFO - Setting next_dagrun for consume_1_and_2_with_dataset_expressions to None, run_after=None
[2025-03-19T00:04:51.923+0000] {logging_mixin.py:190} INFO - [2025-03-19T00:04:51.922+0000] {dag.py:4180} INFO - Setting next_dagrun for consume_1_or_2_with_dataset_expressions to None, run_after=None
[2025-03-19T00:04:51.923+0000] {logging_mixin.py:190} INFO - [2025-03-19T00:04:51.923+0000] {dag.py:4180} INFO - Setting next_dagrun for consume_1_or_both_2_and_3_with_dataset_expressions to None, run_after=None
[2025-03-19T00:04:51.923+0000] {logging_mixin.py:190} INFO - [2025-03-19T00:04:51.923+0000] {dag.py:4180} INFO - Setting next_dagrun for dataset_consumes_1 to None, run_after=None
[2025-03-19T00:04:51.923+0000] {logging_mixin.py:190} INFO - [2025-03-19T00:04:51.923+0000] {dag.py:4180} INFO - Setting next_dagrun for dataset_consumes_1_and_2 to None, run_after=None
[2025-03-19T00:04:51.924+0000] {logging_mixin.py:190} INFO - [2025-03-19T00:04:51.924+0000] {dag.py:4180} INFO - Setting next_dagrun for dataset_consumes_1_never_scheduled to None, run_after=None
[2025-03-19T00:04:51.925+0000] {logging_mixin.py:190} INFO - [2025-03-19T00:04:51.925+0000] {dag.py:4180} INFO - Setting next_dagrun for dataset_consumes_unknown_never_scheduled to None, run_after=None
[2025-03-19T00:04:51.925+0000] {logging_mixin.py:190} INFO - [2025-03-19T00:04:51.925+0000] {dag.py:4180} INFO - Setting next_dagrun for dataset_produces_1 to 2025-03-18 00:00:00+00:00, run_after=2025-03-19 00:00:00+00:00
[2025-03-19T00:04:51.926+0000] {logging_mixin.py:190} INFO - [2025-03-19T00:04:51.926+0000] {dag.py:4180} INFO - Setting next_dagrun for dataset_produces_2 to None, run_after=None
[2025-03-19T00:04:51.947+0000] {processor.py:208} INFO - Processing /home/airflow/.local/lib/python3.12/site-packages/airflow/example_dags/example_datasets.py took 0.190 seconds
[2025-03-19T00:05:22.914+0000] {processor.py:186} INFO - Started process (PID=17440) to work on /home/airflow/.local/lib/python3.12/site-packages/airflow/example_dags/example_datasets.py
[2025-03-19T00:05:22.915+0000] {processor.py:914} INFO - Processing file /home/airflow/.local/lib/python3.12/site-packages/airflow/example_dags/example_datasets.py for tasks to queue
[2025-03-19T00:05:22.916+0000] {logging_mixin.py:190} INFO - [2025-03-19T00:05:22.916+0000] {dagbag.py:588} INFO - Filling up the DagBag from /home/airflow/.local/lib/python3.12/site-packages/airflow/example_dags/example_datasets.py
[2025-03-19T00:05:23.048+0000] {processor.py:925} INFO - DAG(s) 'consume_1_or_2_with_dataset_expressions', 'consume_1_or_both_2_and_3_with_dataset_expressions', 'dataset_produces_1', 'dataset_consumes_unknown_never_scheduled', 'dataset_consumes_1_never_scheduled', 'conditional_dataset_and_time_based_timetable', 'dataset_consumes_1', 'consume_1_and_2_with_dataset_expressions', 'dataset_produces_2', 'dataset_consumes_1_and_2' retrieved from /home/airflow/.local/lib/python3.12/site-packages/airflow/example_dags/example_datasets.py
[2025-03-19T00:05:23.070+0000] {logging_mixin.py:190} INFO - [2025-03-19T00:05:23.070+0000] {dag.py:3239} INFO - Sync 10 DAGs
[2025-03-19T00:05:23.080+0000] {logging_mixin.py:190} INFO - [2025-03-19T00:05:23.080+0000] {dag.py:4180} INFO - Setting next_dagrun for conditional_dataset_and_time_based_timetable to 2025-03-12 01:00:00+00:00, run_after=2025-03-12 01:00:00+00:00
[2025-03-19T00:05:23.082+0000] {logging_mixin.py:190} INFO - [2025-03-19T00:05:23.082+0000] {dag.py:4180} INFO - Setting next_dagrun for consume_1_and_2_with_dataset_expressions to None, run_after=None
[2025-03-19T00:05:23.084+0000] {logging_mixin.py:190} INFO - [2025-03-19T00:05:23.084+0000] {dag.py:4180} INFO - Setting next_dagrun for consume_1_or_2_with_dataset_expressions to None, run_after=None
[2025-03-19T00:05:23.085+0000] {logging_mixin.py:190} INFO - [2025-03-19T00:05:23.085+0000] {dag.py:4180} INFO - Setting next_dagrun for consume_1_or_both_2_and_3_with_dataset_expressions to None, run_after=None
[2025-03-19T00:05:23.086+0000] {logging_mixin.py:190} INFO - [2025-03-19T00:05:23.086+0000] {dag.py:4180} INFO - Setting next_dagrun for dataset_consumes_1 to None, run_after=None
[2025-03-19T00:05:23.087+0000] {logging_mixin.py:190} INFO - [2025-03-19T00:05:23.087+0000] {dag.py:4180} INFO - Setting next_dagrun for dataset_consumes_1_and_2 to None, run_after=None
[2025-03-19T00:05:23.087+0000] {logging_mixin.py:190} INFO - [2025-03-19T00:05:23.087+0000] {dag.py:4180} INFO - Setting next_dagrun for dataset_consumes_1_never_scheduled to None, run_after=None
[2025-03-19T00:05:23.088+0000] {logging_mixin.py:190} INFO - [2025-03-19T00:05:23.088+0000] {dag.py:4180} INFO - Setting next_dagrun for dataset_consumes_unknown_never_scheduled to None, run_after=None
[2025-03-19T00:05:23.089+0000] {logging_mixin.py:190} INFO - [2025-03-19T00:05:23.089+0000] {dag.py:4180} INFO - Setting next_dagrun for dataset_produces_1 to 2025-03-18 00:00:00+00:00, run_after=2025-03-19 00:00:00+00:00
[2025-03-19T00:05:23.090+0000] {logging_mixin.py:190} INFO - [2025-03-19T00:05:23.090+0000] {dag.py:4180} INFO - Setting next_dagrun for dataset_produces_2 to None, run_after=None
[2025-03-19T00:05:23.107+0000] {processor.py:208} INFO - Processing /home/airflow/.local/lib/python3.12/site-packages/airflow/example_dags/example_datasets.py took 0.195 seconds
[2025-03-19T00:05:54.079+0000] {processor.py:186} INFO - Started process (PID=17503) to work on /home/airflow/.local/lib/python3.12/site-packages/airflow/example_dags/example_datasets.py
[2025-03-19T00:05:54.081+0000] {processor.py:914} INFO - Processing file /home/airflow/.local/lib/python3.12/site-packages/airflow/example_dags/example_datasets.py for tasks to queue
[2025-03-19T00:05:54.083+0000] {logging_mixin.py:190} INFO - [2025-03-19T00:05:54.083+0000] {dagbag.py:588} INFO - Filling up the DagBag from /home/airflow/.local/lib/python3.12/site-packages/airflow/example_dags/example_datasets.py
[2025-03-19T00:05:54.209+0000] {processor.py:925} INFO - DAG(s) 'dataset_produces_2', 'consume_1_or_both_2_and_3_with_dataset_expressions', 'dataset_consumes_1_never_scheduled', 'dataset_consumes_1_and_2', 'dataset_consumes_1', 'consume_1_and_2_with_dataset_expressions', 'conditional_dataset_and_time_based_timetable', 'consume_1_or_2_with_dataset_expressions', 'dataset_produces_1', 'dataset_consumes_unknown_never_scheduled' retrieved from /home/airflow/.local/lib/python3.12/site-packages/airflow/example_dags/example_datasets.py
[2025-03-19T00:05:54.232+0000] {logging_mixin.py:190} INFO - [2025-03-19T00:05:54.231+0000] {dag.py:3239} INFO - Sync 10 DAGs
[2025-03-19T00:05:54.242+0000] {logging_mixin.py:190} INFO - [2025-03-19T00:05:54.242+0000] {dag.py:4180} INFO - Setting next_dagrun for conditional_dataset_and_time_based_timetable to 2025-03-12 01:00:00+00:00, run_after=2025-03-12 01:00:00+00:00
[2025-03-19T00:05:54.338+0000] {logging_mixin.py:190} INFO - [2025-03-19T00:05:54.338+0000] {dag.py:4180} INFO - Setting next_dagrun for consume_1_and_2_with_dataset_expressions to None, run_after=None
[2025-03-19T00:05:54.339+0000] {logging_mixin.py:190} INFO - [2025-03-19T00:05:54.338+0000] {dag.py:4180} INFO - Setting next_dagrun for consume_1_or_2_with_dataset_expressions to None, run_after=None
[2025-03-19T00:05:54.339+0000] {logging_mixin.py:190} INFO - [2025-03-19T00:05:54.339+0000] {dag.py:4180} INFO - Setting next_dagrun for consume_1_or_both_2_and_3_with_dataset_expressions to None, run_after=None
[2025-03-19T00:05:54.339+0000] {logging_mixin.py:190} INFO - [2025-03-19T00:05:54.339+0000] {dag.py:4180} INFO - Setting next_dagrun for dataset_consumes_1 to None, run_after=None
[2025-03-19T00:05:54.340+0000] {logging_mixin.py:190} INFO - [2025-03-19T00:05:54.340+0000] {dag.py:4180} INFO - Setting next_dagrun for dataset_consumes_1_and_2 to None, run_after=None
[2025-03-19T00:05:54.341+0000] {logging_mixin.py:190} INFO - [2025-03-19T00:05:54.341+0000] {dag.py:4180} INFO - Setting next_dagrun for dataset_consumes_1_never_scheduled to None, run_after=None
[2025-03-19T00:05:54.341+0000] {logging_mixin.py:190} INFO - [2025-03-19T00:05:54.341+0000] {dag.py:4180} INFO - Setting next_dagrun for dataset_consumes_unknown_never_scheduled to None, run_after=None
[2025-03-19T00:05:54.342+0000] {logging_mixin.py:190} INFO - [2025-03-19T00:05:54.342+0000] {dag.py:4180} INFO - Setting next_dagrun for dataset_produces_1 to 2025-03-18 00:00:00+00:00, run_after=2025-03-19 00:00:00+00:00
[2025-03-19T00:05:54.344+0000] {logging_mixin.py:190} INFO - [2025-03-19T00:05:54.344+0000] {dag.py:4180} INFO - Setting next_dagrun for dataset_produces_2 to None, run_after=None
[2025-03-19T00:05:54.357+0000] {processor.py:208} INFO - Processing /home/airflow/.local/lib/python3.12/site-packages/airflow/example_dags/example_datasets.py took 0.280 seconds
[2025-03-19T00:06:25.228+0000] {processor.py:186} INFO - Started process (PID=17566) to work on /home/airflow/.local/lib/python3.12/site-packages/airflow/example_dags/example_datasets.py
[2025-03-19T00:06:25.228+0000] {processor.py:914} INFO - Processing file /home/airflow/.local/lib/python3.12/site-packages/airflow/example_dags/example_datasets.py for tasks to queue
[2025-03-19T00:06:25.231+0000] {logging_mixin.py:190} INFO - [2025-03-19T00:06:25.231+0000] {dagbag.py:588} INFO - Filling up the DagBag from /home/airflow/.local/lib/python3.12/site-packages/airflow/example_dags/example_datasets.py
[2025-03-19T00:06:25.356+0000] {processor.py:925} INFO - DAG(s) 'dataset_consumes_1_never_scheduled', 'dataset_consumes_1_and_2', 'dataset_produces_2', 'conditional_dataset_and_time_based_timetable', 'dataset_consumes_1', 'consume_1_and_2_with_dataset_expressions', 'consume_1_or_both_2_and_3_with_dataset_expressions', 'dataset_consumes_unknown_never_scheduled', 'dataset_produces_1', 'consume_1_or_2_with_dataset_expressions' retrieved from /home/airflow/.local/lib/python3.12/site-packages/airflow/example_dags/example_datasets.py
[2025-03-19T00:06:25.377+0000] {logging_mixin.py:190} INFO - [2025-03-19T00:06:25.377+0000] {dag.py:3239} INFO - Sync 10 DAGs
[2025-03-19T00:06:25.390+0000] {logging_mixin.py:190} INFO - [2025-03-19T00:06:25.390+0000] {dag.py:4180} INFO - Setting next_dagrun for conditional_dataset_and_time_based_timetable to 2025-03-12 01:00:00+00:00, run_after=2025-03-12 01:00:00+00:00
[2025-03-19T00:06:25.392+0000] {logging_mixin.py:190} INFO - [2025-03-19T00:06:25.391+0000] {dag.py:4180} INFO - Setting next_dagrun for consume_1_and_2_with_dataset_expressions to None, run_after=None
[2025-03-19T00:06:25.392+0000] {logging_mixin.py:190} INFO - [2025-03-19T00:06:25.392+0000] {dag.py:4180} INFO - Setting next_dagrun for consume_1_or_2_with_dataset_expressions to None, run_after=None
[2025-03-19T00:06:25.393+0000] {logging_mixin.py:190} INFO - [2025-03-19T00:06:25.393+0000] {dag.py:4180} INFO - Setting next_dagrun for consume_1_or_both_2_and_3_with_dataset_expressions to None, run_after=None
[2025-03-19T00:06:25.393+0000] {logging_mixin.py:190} INFO - [2025-03-19T00:06:25.393+0000] {dag.py:4180} INFO - Setting next_dagrun for dataset_consumes_1 to None, run_after=None
[2025-03-19T00:06:25.393+0000] {logging_mixin.py:190} INFO - [2025-03-19T00:06:25.393+0000] {dag.py:4180} INFO - Setting next_dagrun for dataset_consumes_1_and_2 to None, run_after=None
[2025-03-19T00:06:25.394+0000] {logging_mixin.py:190} INFO - [2025-03-19T00:06:25.394+0000] {dag.py:4180} INFO - Setting next_dagrun for dataset_consumes_1_never_scheduled to None, run_after=None
[2025-03-19T00:06:25.394+0000] {logging_mixin.py:190} INFO - [2025-03-19T00:06:25.394+0000] {dag.py:4180} INFO - Setting next_dagrun for dataset_consumes_unknown_never_scheduled to None, run_after=None
[2025-03-19T00:06:25.395+0000] {logging_mixin.py:190} INFO - [2025-03-19T00:06:25.395+0000] {dag.py:4180} INFO - Setting next_dagrun for dataset_produces_1 to 2025-03-18 00:00:00+00:00, run_after=2025-03-19 00:00:00+00:00
[2025-03-19T00:06:25.395+0000] {logging_mixin.py:190} INFO - [2025-03-19T00:06:25.395+0000] {dag.py:4180} INFO - Setting next_dagrun for dataset_produces_2 to None, run_after=None
[2025-03-19T00:06:25.498+0000] {processor.py:208} INFO - Processing /home/airflow/.local/lib/python3.12/site-packages/airflow/example_dags/example_datasets.py took 0.273 seconds
[2025-03-19T00:06:56.364+0000] {processor.py:186} INFO - Started process (PID=17629) to work on /home/airflow/.local/lib/python3.12/site-packages/airflow/example_dags/example_datasets.py
[2025-03-19T00:06:56.364+0000] {processor.py:914} INFO - Processing file /home/airflow/.local/lib/python3.12/site-packages/airflow/example_dags/example_datasets.py for tasks to queue
[2025-03-19T00:06:56.367+0000] {logging_mixin.py:190} INFO - [2025-03-19T00:06:56.366+0000] {dagbag.py:588} INFO - Filling up the DagBag from /home/airflow/.local/lib/python3.12/site-packages/airflow/example_dags/example_datasets.py
[2025-03-19T00:06:56.499+0000] {processor.py:925} INFO - DAG(s) 'consume_1_or_2_with_dataset_expressions', 'conditional_dataset_and_time_based_timetable', 'dataset_consumes_1', 'consume_1_and_2_with_dataset_expressions', 'dataset_consumes_unknown_never_scheduled', 'dataset_produces_1', 'dataset_produces_2', 'consume_1_or_both_2_and_3_with_dataset_expressions', 'dataset_consumes_1_never_scheduled', 'dataset_consumes_1_and_2' retrieved from /home/airflow/.local/lib/python3.12/site-packages/airflow/example_dags/example_datasets.py
[2025-03-19T00:06:56.515+0000] {logging_mixin.py:190} INFO - [2025-03-19T00:06:56.515+0000] {dag.py:3239} INFO - Sync 10 DAGs
[2025-03-19T00:06:56.524+0000] {logging_mixin.py:190} INFO - [2025-03-19T00:06:56.524+0000] {dag.py:4180} INFO - Setting next_dagrun for conditional_dataset_and_time_based_timetable to 2025-03-12 01:00:00+00:00, run_after=2025-03-12 01:00:00+00:00
[2025-03-19T00:06:56.527+0000] {logging_mixin.py:190} INFO - [2025-03-19T00:06:56.526+0000] {dag.py:4180} INFO - Setting next_dagrun for consume_1_and_2_with_dataset_expressions to None, run_after=None
[2025-03-19T00:06:56.528+0000] {logging_mixin.py:190} INFO - [2025-03-19T00:06:56.528+0000] {dag.py:4180} INFO - Setting next_dagrun for consume_1_or_2_with_dataset_expressions to None, run_after=None
[2025-03-19T00:06:56.530+0000] {logging_mixin.py:190} INFO - [2025-03-19T00:06:56.529+0000] {dag.py:4180} INFO - Setting next_dagrun for consume_1_or_both_2_and_3_with_dataset_expressions to None, run_after=None
[2025-03-19T00:06:56.530+0000] {logging_mixin.py:190} INFO - [2025-03-19T00:06:56.530+0000] {dag.py:4180} INFO - Setting next_dagrun for dataset_consumes_1 to None, run_after=None
[2025-03-19T00:06:56.530+0000] {logging_mixin.py:190} INFO - [2025-03-19T00:06:56.530+0000] {dag.py:4180} INFO - Setting next_dagrun for dataset_consumes_1_and_2 to None, run_after=None
[2025-03-19T00:06:56.530+0000] {logging_mixin.py:190} INFO - [2025-03-19T00:06:56.530+0000] {dag.py:4180} INFO - Setting next_dagrun for dataset_consumes_1_never_scheduled to None, run_after=None
[2025-03-19T00:06:56.531+0000] {logging_mixin.py:190} INFO - [2025-03-19T00:06:56.531+0000] {dag.py:4180} INFO - Setting next_dagrun for dataset_consumes_unknown_never_scheduled to None, run_after=None
[2025-03-19T00:06:56.531+0000] {logging_mixin.py:190} INFO - [2025-03-19T00:06:56.531+0000] {dag.py:4180} INFO - Setting next_dagrun for dataset_produces_1 to 2025-03-18 00:00:00+00:00, run_after=2025-03-19 00:00:00+00:00
[2025-03-19T00:06:56.532+0000] {logging_mixin.py:190} INFO - [2025-03-19T00:06:56.532+0000] {dag.py:4180} INFO - Setting next_dagrun for dataset_produces_2 to None, run_after=None
[2025-03-19T00:06:56.543+0000] {processor.py:208} INFO - Processing /home/airflow/.local/lib/python3.12/site-packages/airflow/example_dags/example_datasets.py took 0.182 seconds
[2025-03-19T00:07:27.617+0000] {processor.py:186} INFO - Started process (PID=17692) to work on /home/airflow/.local/lib/python3.12/site-packages/airflow/example_dags/example_datasets.py
[2025-03-19T00:07:27.620+0000] {processor.py:914} INFO - Processing file /home/airflow/.local/lib/python3.12/site-packages/airflow/example_dags/example_datasets.py for tasks to queue
[2025-03-19T00:07:27.621+0000] {logging_mixin.py:190} INFO - [2025-03-19T00:07:27.621+0000] {dagbag.py:588} INFO - Filling up the DagBag from /home/airflow/.local/lib/python3.12/site-packages/airflow/example_dags/example_datasets.py
[2025-03-19T00:07:27.758+0000] {processor.py:925} INFO - DAG(s) 'consume_1_or_both_2_and_3_with_dataset_expressions', 'dataset_consumes_1', 'dataset_consumes_unknown_never_scheduled', 'dataset_produces_1', 'dataset_consumes_1_never_scheduled', 'dataset_consumes_1_and_2', 'consume_1_and_2_with_dataset_expressions', 'dataset_produces_2', 'consume_1_or_2_with_dataset_expressions', 'conditional_dataset_and_time_based_timetable' retrieved from /home/airflow/.local/lib/python3.12/site-packages/airflow/example_dags/example_datasets.py
[2025-03-19T00:07:27.777+0000] {logging_mixin.py:190} INFO - [2025-03-19T00:07:27.777+0000] {dag.py:3239} INFO - Sync 10 DAGs
[2025-03-19T00:07:27.786+0000] {logging_mixin.py:190} INFO - [2025-03-19T00:07:27.786+0000] {dag.py:4180} INFO - Setting next_dagrun for conditional_dataset_and_time_based_timetable to 2025-03-12 01:00:00+00:00, run_after=2025-03-12 01:00:00+00:00
[2025-03-19T00:07:27.789+0000] {logging_mixin.py:190} INFO - [2025-03-19T00:07:27.789+0000] {dag.py:4180} INFO - Setting next_dagrun for consume_1_and_2_with_dataset_expressions to None, run_after=None
[2025-03-19T00:07:27.790+0000] {logging_mixin.py:190} INFO - [2025-03-19T00:07:27.790+0000] {dag.py:4180} INFO - Setting next_dagrun for consume_1_or_2_with_dataset_expressions to None, run_after=None
[2025-03-19T00:07:27.790+0000] {logging_mixin.py:190} INFO - [2025-03-19T00:07:27.790+0000] {dag.py:4180} INFO - Setting next_dagrun for consume_1_or_both_2_and_3_with_dataset_expressions to None, run_after=None
[2025-03-19T00:07:27.791+0000] {logging_mixin.py:190} INFO - [2025-03-19T00:07:27.791+0000] {dag.py:4180} INFO - Setting next_dagrun for dataset_consumes_1 to None, run_after=None
[2025-03-19T00:07:27.791+0000] {logging_mixin.py:190} INFO - [2025-03-19T00:07:27.791+0000] {dag.py:4180} INFO - Setting next_dagrun for dataset_consumes_1_and_2 to None, run_after=None
[2025-03-19T00:07:27.791+0000] {logging_mixin.py:190} INFO - [2025-03-19T00:07:27.791+0000] {dag.py:4180} INFO - Setting next_dagrun for dataset_consumes_1_never_scheduled to None, run_after=None
[2025-03-19T00:07:27.792+0000] {logging_mixin.py:190} INFO - [2025-03-19T00:07:27.792+0000] {dag.py:4180} INFO - Setting next_dagrun for dataset_consumes_unknown_never_scheduled to None, run_after=None
[2025-03-19T00:07:27.792+0000] {logging_mixin.py:190} INFO - [2025-03-19T00:07:27.792+0000] {dag.py:4180} INFO - Setting next_dagrun for dataset_produces_1 to 2025-03-18 00:00:00+00:00, run_after=2025-03-19 00:00:00+00:00
[2025-03-19T00:07:27.793+0000] {logging_mixin.py:190} INFO - [2025-03-19T00:07:27.793+0000] {dag.py:4180} INFO - Setting next_dagrun for dataset_produces_2 to None, run_after=None
[2025-03-19T00:07:27.806+0000] {processor.py:208} INFO - Processing /home/airflow/.local/lib/python3.12/site-packages/airflow/example_dags/example_datasets.py took 0.191 seconds
[2025-03-19T00:07:58.993+0000] {processor.py:186} INFO - Started process (PID=17755) to work on /home/airflow/.local/lib/python3.12/site-packages/airflow/example_dags/example_datasets.py
[2025-03-19T00:07:58.994+0000] {processor.py:914} INFO - Processing file /home/airflow/.local/lib/python3.12/site-packages/airflow/example_dags/example_datasets.py for tasks to queue
[2025-03-19T00:07:58.996+0000] {logging_mixin.py:190} INFO - [2025-03-19T00:07:58.995+0000] {dagbag.py:588} INFO - Filling up the DagBag from /home/airflow/.local/lib/python3.12/site-packages/airflow/example_dags/example_datasets.py
[2025-03-19T00:07:59.141+0000] {processor.py:925} INFO - DAG(s) 'dataset_consumes_1', 'dataset_produces_2', 'conditional_dataset_and_time_based_timetable', 'dataset_consumes_1_never_scheduled', 'consume_1_or_2_with_dataset_expressions', 'dataset_consumes_unknown_never_scheduled', 'consume_1_or_both_2_and_3_with_dataset_expressions', 'consume_1_and_2_with_dataset_expressions', 'dataset_consumes_1_and_2', 'dataset_produces_1' retrieved from /home/airflow/.local/lib/python3.12/site-packages/airflow/example_dags/example_datasets.py
[2025-03-19T00:07:59.162+0000] {logging_mixin.py:190} INFO - [2025-03-19T00:07:59.161+0000] {dag.py:3239} INFO - Sync 10 DAGs
[2025-03-19T00:07:59.262+0000] {logging_mixin.py:190} INFO - [2025-03-19T00:07:59.262+0000] {dag.py:4180} INFO - Setting next_dagrun for conditional_dataset_and_time_based_timetable to 2025-03-12 01:00:00+00:00, run_after=2025-03-12 01:00:00+00:00
[2025-03-19T00:07:59.264+0000] {logging_mixin.py:190} INFO - [2025-03-19T00:07:59.264+0000] {dag.py:4180} INFO - Setting next_dagrun for consume_1_and_2_with_dataset_expressions to None, run_after=None
[2025-03-19T00:07:59.264+0000] {logging_mixin.py:190} INFO - [2025-03-19T00:07:59.264+0000] {dag.py:4180} INFO - Setting next_dagrun for consume_1_or_2_with_dataset_expressions to None, run_after=None
[2025-03-19T00:07:59.265+0000] {logging_mixin.py:190} INFO - [2025-03-19T00:07:59.265+0000] {dag.py:4180} INFO - Setting next_dagrun for consume_1_or_both_2_and_3_with_dataset_expressions to None, run_after=None
[2025-03-19T00:07:59.265+0000] {logging_mixin.py:190} INFO - [2025-03-19T00:07:59.265+0000] {dag.py:4180} INFO - Setting next_dagrun for dataset_consumes_1 to None, run_after=None
[2025-03-19T00:07:59.265+0000] {logging_mixin.py:190} INFO - [2025-03-19T00:07:59.265+0000] {dag.py:4180} INFO - Setting next_dagrun for dataset_consumes_1_and_2 to None, run_after=None
[2025-03-19T00:07:59.266+0000] {logging_mixin.py:190} INFO - [2025-03-19T00:07:59.266+0000] {dag.py:4180} INFO - Setting next_dagrun for dataset_consumes_1_never_scheduled to None, run_after=None
[2025-03-19T00:07:59.266+0000] {logging_mixin.py:190} INFO - [2025-03-19T00:07:59.266+0000] {dag.py:4180} INFO - Setting next_dagrun for dataset_consumes_unknown_never_scheduled to None, run_after=None
[2025-03-19T00:07:59.268+0000] {logging_mixin.py:190} INFO - [2025-03-19T00:07:59.268+0000] {dag.py:4180} INFO - Setting next_dagrun for dataset_produces_1 to 2025-03-18 00:00:00+00:00, run_after=2025-03-19 00:00:00+00:00
[2025-03-19T00:07:59.269+0000] {logging_mixin.py:190} INFO - [2025-03-19T00:07:59.269+0000] {dag.py:4180} INFO - Setting next_dagrun for dataset_produces_2 to None, run_after=None
[2025-03-19T00:07:59.279+0000] {processor.py:208} INFO - Processing /home/airflow/.local/lib/python3.12/site-packages/airflow/example_dags/example_datasets.py took 0.288 seconds
