[2025-03-19T00:00:03.521+0000] {processor.py:186} INFO - Started process (PID=16796) to work on /home/airflow/.local/lib/python3.12/site-packages/airflow/example_dags/example_external_task_marker_dag.py
[2025-03-19T00:00:03.522+0000] {processor.py:914} INFO - Processing file /home/airflow/.local/lib/python3.12/site-packages/airflow/example_dags/example_external_task_marker_dag.py for tasks to queue
[2025-03-19T00:00:03.523+0000] {logging_mixin.py:190} INFO - [2025-03-19T00:00:03.523+0000] {dagbag.py:588} INFO - Filling up the DagBag from /home/airflow/.local/lib/python3.12/site-packages/airflow/example_dags/example_external_task_marker_dag.py
[2025-03-19T00:00:03.527+0000] {processor.py:925} INFO - DAG(s) 'example_external_task_marker_parent', 'example_external_task_marker_child' retrieved from /home/airflow/.local/lib/python3.12/site-packages/airflow/example_dags/example_external_task_marker_dag.py
[2025-03-19T00:00:03.540+0000] {logging_mixin.py:190} INFO - [2025-03-19T00:00:03.540+0000] {dag.py:3239} INFO - Sync 2 DAGs
[2025-03-19T00:00:03.544+0000] {logging_mixin.py:190} INFO - [2025-03-19T00:00:03.544+0000] {dag.py:4180} INFO - Setting next_dagrun for example_external_task_marker_child to None, run_after=None
[2025-03-19T00:00:03.546+0000] {logging_mixin.py:190} INFO - [2025-03-19T00:00:03.546+0000] {dag.py:4180} INFO - Setting next_dagrun for example_external_task_marker_parent to None, run_after=None
[2025-03-19T00:00:03.554+0000] {processor.py:208} INFO - Processing /home/airflow/.local/lib/python3.12/site-packages/airflow/example_dags/example_external_task_marker_dag.py took 0.036 seconds
[2025-03-19T00:00:33.612+0000] {processor.py:186} INFO - Started process (PID=16859) to work on /home/airflow/.local/lib/python3.12/site-packages/airflow/example_dags/example_external_task_marker_dag.py
[2025-03-19T00:00:33.613+0000] {processor.py:914} INFO - Processing file /home/airflow/.local/lib/python3.12/site-packages/airflow/example_dags/example_external_task_marker_dag.py for tasks to queue
[2025-03-19T00:00:33.614+0000] {logging_mixin.py:190} INFO - [2025-03-19T00:00:33.614+0000] {dagbag.py:588} INFO - Filling up the DagBag from /home/airflow/.local/lib/python3.12/site-packages/airflow/example_dags/example_external_task_marker_dag.py
[2025-03-19T00:00:33.617+0000] {processor.py:925} INFO - DAG(s) 'example_external_task_marker_child', 'example_external_task_marker_parent' retrieved from /home/airflow/.local/lib/python3.12/site-packages/airflow/example_dags/example_external_task_marker_dag.py
[2025-03-19T00:00:33.627+0000] {logging_mixin.py:190} INFO - [2025-03-19T00:00:33.626+0000] {dag.py:3239} INFO - Sync 2 DAGs
[2025-03-19T00:00:33.632+0000] {logging_mixin.py:190} INFO - [2025-03-19T00:00:33.632+0000] {dag.py:4180} INFO - Setting next_dagrun for example_external_task_marker_child to None, run_after=None
[2025-03-19T00:00:33.633+0000] {logging_mixin.py:190} INFO - [2025-03-19T00:00:33.633+0000] {dag.py:4180} INFO - Setting next_dagrun for example_external_task_marker_parent to None, run_after=None
[2025-03-19T00:00:33.641+0000] {processor.py:208} INFO - Processing /home/airflow/.local/lib/python3.12/site-packages/airflow/example_dags/example_external_task_marker_dag.py took 0.032 seconds
[2025-03-19T00:01:03.728+0000] {processor.py:186} INFO - Started process (PID=16922) to work on /home/airflow/.local/lib/python3.12/site-packages/airflow/example_dags/example_external_task_marker_dag.py
[2025-03-19T00:01:03.730+0000] {processor.py:914} INFO - Processing file /home/airflow/.local/lib/python3.12/site-packages/airflow/example_dags/example_external_task_marker_dag.py for tasks to queue
[2025-03-19T00:01:03.731+0000] {logging_mixin.py:190} INFO - [2025-03-19T00:01:03.731+0000] {dagbag.py:588} INFO - Filling up the DagBag from /home/airflow/.local/lib/python3.12/site-packages/airflow/example_dags/example_external_task_marker_dag.py
[2025-03-19T00:01:03.735+0000] {processor.py:925} INFO - DAG(s) 'example_external_task_marker_parent', 'example_external_task_marker_child' retrieved from /home/airflow/.local/lib/python3.12/site-packages/airflow/example_dags/example_external_task_marker_dag.py
[2025-03-19T00:01:03.746+0000] {logging_mixin.py:190} INFO - [2025-03-19T00:01:03.746+0000] {dag.py:3239} INFO - Sync 2 DAGs
[2025-03-19T00:01:03.753+0000] {logging_mixin.py:190} INFO - [2025-03-19T00:01:03.753+0000] {dag.py:4180} INFO - Setting next_dagrun for example_external_task_marker_child to None, run_after=None
[2025-03-19T00:01:03.756+0000] {logging_mixin.py:190} INFO - [2025-03-19T00:01:03.756+0000] {dag.py:4180} INFO - Setting next_dagrun for example_external_task_marker_parent to None, run_after=None
[2025-03-19T00:01:03.766+0000] {processor.py:208} INFO - Processing /home/airflow/.local/lib/python3.12/site-packages/airflow/example_dags/example_external_task_marker_dag.py took 0.041 seconds
[2025-03-19T00:01:34.776+0000] {processor.py:186} INFO - Started process (PID=16985) to work on /home/airflow/.local/lib/python3.12/site-packages/airflow/example_dags/example_external_task_marker_dag.py
[2025-03-19T00:01:34.776+0000] {processor.py:914} INFO - Processing file /home/airflow/.local/lib/python3.12/site-packages/airflow/example_dags/example_external_task_marker_dag.py for tasks to queue
[2025-03-19T00:01:34.777+0000] {logging_mixin.py:190} INFO - [2025-03-19T00:01:34.777+0000] {dagbag.py:588} INFO - Filling up the DagBag from /home/airflow/.local/lib/python3.12/site-packages/airflow/example_dags/example_external_task_marker_dag.py
[2025-03-19T00:01:34.780+0000] {processor.py:925} INFO - DAG(s) 'example_external_task_marker_parent', 'example_external_task_marker_child' retrieved from /home/airflow/.local/lib/python3.12/site-packages/airflow/example_dags/example_external_task_marker_dag.py
[2025-03-19T00:01:34.788+0000] {logging_mixin.py:190} INFO - [2025-03-19T00:01:34.788+0000] {dag.py:3239} INFO - Sync 2 DAGs
[2025-03-19T00:01:34.793+0000] {logging_mixin.py:190} INFO - [2025-03-19T00:01:34.793+0000] {dag.py:4180} INFO - Setting next_dagrun for example_external_task_marker_child to None, run_after=None
[2025-03-19T00:01:34.794+0000] {logging_mixin.py:190} INFO - [2025-03-19T00:01:34.794+0000] {dag.py:4180} INFO - Setting next_dagrun for example_external_task_marker_parent to None, run_after=None
[2025-03-19T00:01:34.798+0000] {processor.py:208} INFO - Processing /home/airflow/.local/lib/python3.12/site-packages/airflow/example_dags/example_external_task_marker_dag.py took 0.025 seconds
[2025-03-19T00:02:05.784+0000] {processor.py:186} INFO - Started process (PID=17048) to work on /home/airflow/.local/lib/python3.12/site-packages/airflow/example_dags/example_external_task_marker_dag.py
[2025-03-19T00:02:05.784+0000] {processor.py:914} INFO - Processing file /home/airflow/.local/lib/python3.12/site-packages/airflow/example_dags/example_external_task_marker_dag.py for tasks to queue
[2025-03-19T00:02:05.786+0000] {logging_mixin.py:190} INFO - [2025-03-19T00:02:05.786+0000] {dagbag.py:588} INFO - Filling up the DagBag from /home/airflow/.local/lib/python3.12/site-packages/airflow/example_dags/example_external_task_marker_dag.py
[2025-03-19T00:02:05.792+0000] {processor.py:925} INFO - DAG(s) 'example_external_task_marker_child', 'example_external_task_marker_parent' retrieved from /home/airflow/.local/lib/python3.12/site-packages/airflow/example_dags/example_external_task_marker_dag.py
[2025-03-19T00:02:05.801+0000] {logging_mixin.py:190} INFO - [2025-03-19T00:02:05.801+0000] {dag.py:3239} INFO - Sync 2 DAGs
[2025-03-19T00:02:05.808+0000] {logging_mixin.py:190} INFO - [2025-03-19T00:02:05.808+0000] {dag.py:4180} INFO - Setting next_dagrun for example_external_task_marker_child to None, run_after=None
[2025-03-19T00:02:05.811+0000] {logging_mixin.py:190} INFO - [2025-03-19T00:02:05.810+0000] {dag.py:4180} INFO - Setting next_dagrun for example_external_task_marker_parent to None, run_after=None
[2025-03-19T00:02:05.821+0000] {processor.py:208} INFO - Processing /home/airflow/.local/lib/python3.12/site-packages/airflow/example_dags/example_external_task_marker_dag.py took 0.040 seconds
[2025-03-19T00:02:35.943+0000] {processor.py:186} INFO - Started process (PID=17111) to work on /home/airflow/.local/lib/python3.12/site-packages/airflow/example_dags/example_external_task_marker_dag.py
[2025-03-19T00:02:35.945+0000] {processor.py:914} INFO - Processing file /home/airflow/.local/lib/python3.12/site-packages/airflow/example_dags/example_external_task_marker_dag.py for tasks to queue
[2025-03-19T00:02:35.946+0000] {logging_mixin.py:190} INFO - [2025-03-19T00:02:35.946+0000] {dagbag.py:588} INFO - Filling up the DagBag from /home/airflow/.local/lib/python3.12/site-packages/airflow/example_dags/example_external_task_marker_dag.py
[2025-03-19T00:02:35.952+0000] {processor.py:925} INFO - DAG(s) 'example_external_task_marker_child', 'example_external_task_marker_parent' retrieved from /home/airflow/.local/lib/python3.12/site-packages/airflow/example_dags/example_external_task_marker_dag.py
[2025-03-19T00:02:35.961+0000] {logging_mixin.py:190} INFO - [2025-03-19T00:02:35.961+0000] {dag.py:3239} INFO - Sync 2 DAGs
[2025-03-19T00:02:35.969+0000] {logging_mixin.py:190} INFO - [2025-03-19T00:02:35.969+0000] {dag.py:4180} INFO - Setting next_dagrun for example_external_task_marker_child to None, run_after=None
[2025-03-19T00:02:35.972+0000] {logging_mixin.py:190} INFO - [2025-03-19T00:02:35.972+0000] {dag.py:4180} INFO - Setting next_dagrun for example_external_task_marker_parent to None, run_after=None
[2025-03-19T00:02:35.984+0000] {processor.py:208} INFO - Processing /home/airflow/.local/lib/python3.12/site-packages/airflow/example_dags/example_external_task_marker_dag.py took 0.044 seconds
[2025-03-19T00:03:06.097+0000] {processor.py:186} INFO - Started process (PID=17174) to work on /home/airflow/.local/lib/python3.12/site-packages/airflow/example_dags/example_external_task_marker_dag.py
[2025-03-19T00:03:06.098+0000] {processor.py:914} INFO - Processing file /home/airflow/.local/lib/python3.12/site-packages/airflow/example_dags/example_external_task_marker_dag.py for tasks to queue
[2025-03-19T00:03:06.098+0000] {logging_mixin.py:190} INFO - [2025-03-19T00:03:06.098+0000] {dagbag.py:588} INFO - Filling up the DagBag from /home/airflow/.local/lib/python3.12/site-packages/airflow/example_dags/example_external_task_marker_dag.py
[2025-03-19T00:03:06.102+0000] {processor.py:925} INFO - DAG(s) 'example_external_task_marker_child', 'example_external_task_marker_parent' retrieved from /home/airflow/.local/lib/python3.12/site-packages/airflow/example_dags/example_external_task_marker_dag.py
[2025-03-19T00:03:06.115+0000] {logging_mixin.py:190} INFO - [2025-03-19T00:03:06.115+0000] {dag.py:3239} INFO - Sync 2 DAGs
[2025-03-19T00:03:06.123+0000] {logging_mixin.py:190} INFO - [2025-03-19T00:03:06.123+0000] {dag.py:4180} INFO - Setting next_dagrun for example_external_task_marker_child to None, run_after=None
[2025-03-19T00:03:06.126+0000] {logging_mixin.py:190} INFO - [2025-03-19T00:03:06.126+0000] {dag.py:4180} INFO - Setting next_dagrun for example_external_task_marker_parent to None, run_after=None
[2025-03-19T00:03:06.132+0000] {processor.py:208} INFO - Processing /home/airflow/.local/lib/python3.12/site-packages/airflow/example_dags/example_external_task_marker_dag.py took 0.037 seconds
[2025-03-19T00:03:36.247+0000] {processor.py:186} INFO - Started process (PID=17237) to work on /home/airflow/.local/lib/python3.12/site-packages/airflow/example_dags/example_external_task_marker_dag.py
[2025-03-19T00:03:36.247+0000] {processor.py:914} INFO - Processing file /home/airflow/.local/lib/python3.12/site-packages/airflow/example_dags/example_external_task_marker_dag.py for tasks to queue
[2025-03-19T00:03:36.250+0000] {logging_mixin.py:190} INFO - [2025-03-19T00:03:36.249+0000] {dagbag.py:588} INFO - Filling up the DagBag from /home/airflow/.local/lib/python3.12/site-packages/airflow/example_dags/example_external_task_marker_dag.py
[2025-03-19T00:03:36.254+0000] {processor.py:925} INFO - DAG(s) 'example_external_task_marker_parent', 'example_external_task_marker_child' retrieved from /home/airflow/.local/lib/python3.12/site-packages/airflow/example_dags/example_external_task_marker_dag.py
[2025-03-19T00:03:36.270+0000] {logging_mixin.py:190} INFO - [2025-03-19T00:03:36.270+0000] {dag.py:3239} INFO - Sync 2 DAGs
[2025-03-19T00:03:36.275+0000] {logging_mixin.py:190} INFO - [2025-03-19T00:03:36.275+0000] {dag.py:4180} INFO - Setting next_dagrun for example_external_task_marker_child to None, run_after=None
[2025-03-19T00:03:36.277+0000] {logging_mixin.py:190} INFO - [2025-03-19T00:03:36.277+0000] {dag.py:4180} INFO - Setting next_dagrun for example_external_task_marker_parent to None, run_after=None
[2025-03-19T00:03:36.284+0000] {processor.py:208} INFO - Processing /home/airflow/.local/lib/python3.12/site-packages/airflow/example_dags/example_external_task_marker_dag.py took 0.040 seconds
[2025-03-19T00:04:07.278+0000] {processor.py:186} INFO - Started process (PID=17306) to work on /home/airflow/.local/lib/python3.12/site-packages/airflow/example_dags/example_external_task_marker_dag.py
[2025-03-19T00:04:07.279+0000] {processor.py:914} INFO - Processing file /home/airflow/.local/lib/python3.12/site-packages/airflow/example_dags/example_external_task_marker_dag.py for tasks to queue
[2025-03-19T00:04:07.280+0000] {logging_mixin.py:190} INFO - [2025-03-19T00:04:07.280+0000] {dagbag.py:588} INFO - Filling up the DagBag from /home/airflow/.local/lib/python3.12/site-packages/airflow/example_dags/example_external_task_marker_dag.py
[2025-03-19T00:04:07.283+0000] {processor.py:925} INFO - DAG(s) 'example_external_task_marker_parent', 'example_external_task_marker_child' retrieved from /home/airflow/.local/lib/python3.12/site-packages/airflow/example_dags/example_external_task_marker_dag.py
[2025-03-19T00:04:07.295+0000] {logging_mixin.py:190} INFO - [2025-03-19T00:04:07.295+0000] {dag.py:3239} INFO - Sync 2 DAGs
[2025-03-19T00:04:07.300+0000] {logging_mixin.py:190} INFO - [2025-03-19T00:04:07.300+0000] {dag.py:4180} INFO - Setting next_dagrun for example_external_task_marker_child to None, run_after=None
[2025-03-19T00:04:07.303+0000] {logging_mixin.py:190} INFO - [2025-03-19T00:04:07.303+0000] {dag.py:4180} INFO - Setting next_dagrun for example_external_task_marker_parent to None, run_after=None
[2025-03-19T00:04:07.308+0000] {processor.py:208} INFO - Processing /home/airflow/.local/lib/python3.12/site-packages/airflow/example_dags/example_external_task_marker_dag.py took 0.032 seconds
[2025-03-19T00:04:38.278+0000] {processor.py:186} INFO - Started process (PID=17369) to work on /home/airflow/.local/lib/python3.12/site-packages/airflow/example_dags/example_external_task_marker_dag.py
[2025-03-19T00:04:38.279+0000] {processor.py:914} INFO - Processing file /home/airflow/.local/lib/python3.12/site-packages/airflow/example_dags/example_external_task_marker_dag.py for tasks to queue
[2025-03-19T00:04:38.280+0000] {logging_mixin.py:190} INFO - [2025-03-19T00:04:38.279+0000] {dagbag.py:588} INFO - Filling up the DagBag from /home/airflow/.local/lib/python3.12/site-packages/airflow/example_dags/example_external_task_marker_dag.py
[2025-03-19T00:04:38.283+0000] {processor.py:925} INFO - DAG(s) 'example_external_task_marker_parent', 'example_external_task_marker_child' retrieved from /home/airflow/.local/lib/python3.12/site-packages/airflow/example_dags/example_external_task_marker_dag.py
[2025-03-19T00:04:38.294+0000] {logging_mixin.py:190} INFO - [2025-03-19T00:04:38.294+0000] {dag.py:3239} INFO - Sync 2 DAGs
[2025-03-19T00:04:38.299+0000] {logging_mixin.py:190} INFO - [2025-03-19T00:04:38.299+0000] {dag.py:4180} INFO - Setting next_dagrun for example_external_task_marker_child to None, run_after=None
[2025-03-19T00:04:38.301+0000] {logging_mixin.py:190} INFO - [2025-03-19T00:04:38.301+0000] {dag.py:4180} INFO - Setting next_dagrun for example_external_task_marker_parent to None, run_after=None
[2025-03-19T00:04:38.309+0000] {processor.py:208} INFO - Processing /home/airflow/.local/lib/python3.12/site-packages/airflow/example_dags/example_external_task_marker_dag.py took 0.033 seconds
[2025-03-19T00:05:09.305+0000] {processor.py:186} INFO - Started process (PID=17432) to work on /home/airflow/.local/lib/python3.12/site-packages/airflow/example_dags/example_external_task_marker_dag.py
[2025-03-19T00:05:09.306+0000] {processor.py:914} INFO - Processing file /home/airflow/.local/lib/python3.12/site-packages/airflow/example_dags/example_external_task_marker_dag.py for tasks to queue
[2025-03-19T00:05:09.307+0000] {logging_mixin.py:190} INFO - [2025-03-19T00:05:09.307+0000] {dagbag.py:588} INFO - Filling up the DagBag from /home/airflow/.local/lib/python3.12/site-packages/airflow/example_dags/example_external_task_marker_dag.py
[2025-03-19T00:05:09.311+0000] {processor.py:925} INFO - DAG(s) 'example_external_task_marker_child', 'example_external_task_marker_parent' retrieved from /home/airflow/.local/lib/python3.12/site-packages/airflow/example_dags/example_external_task_marker_dag.py
[2025-03-19T00:05:09.321+0000] {logging_mixin.py:190} INFO - [2025-03-19T00:05:09.321+0000] {dag.py:3239} INFO - Sync 2 DAGs
[2025-03-19T00:05:09.326+0000] {logging_mixin.py:190} INFO - [2025-03-19T00:05:09.326+0000] {dag.py:4180} INFO - Setting next_dagrun for example_external_task_marker_child to None, run_after=None
[2025-03-19T00:05:09.329+0000] {logging_mixin.py:190} INFO - [2025-03-19T00:05:09.329+0000] {dag.py:4180} INFO - Setting next_dagrun for example_external_task_marker_parent to None, run_after=None
[2025-03-19T00:05:09.336+0000] {processor.py:208} INFO - Processing /home/airflow/.local/lib/python3.12/site-packages/airflow/example_dags/example_external_task_marker_dag.py took 0.033 seconds
[2025-03-19T00:05:39.478+0000] {processor.py:186} INFO - Started process (PID=17495) to work on /home/airflow/.local/lib/python3.12/site-packages/airflow/example_dags/example_external_task_marker_dag.py
[2025-03-19T00:05:39.479+0000] {processor.py:914} INFO - Processing file /home/airflow/.local/lib/python3.12/site-packages/airflow/example_dags/example_external_task_marker_dag.py for tasks to queue
[2025-03-19T00:05:39.480+0000] {logging_mixin.py:190} INFO - [2025-03-19T00:05:39.480+0000] {dagbag.py:588} INFO - Filling up the DagBag from /home/airflow/.local/lib/python3.12/site-packages/airflow/example_dags/example_external_task_marker_dag.py
[2025-03-19T00:05:39.484+0000] {processor.py:925} INFO - DAG(s) 'example_external_task_marker_child', 'example_external_task_marker_parent' retrieved from /home/airflow/.local/lib/python3.12/site-packages/airflow/example_dags/example_external_task_marker_dag.py
[2025-03-19T00:05:39.495+0000] {logging_mixin.py:190} INFO - [2025-03-19T00:05:39.495+0000] {dag.py:3239} INFO - Sync 2 DAGs
[2025-03-19T00:05:39.500+0000] {logging_mixin.py:190} INFO - [2025-03-19T00:05:39.500+0000] {dag.py:4180} INFO - Setting next_dagrun for example_external_task_marker_child to None, run_after=None
[2025-03-19T00:05:39.502+0000] {logging_mixin.py:190} INFO - [2025-03-19T00:05:39.502+0000] {dag.py:4180} INFO - Setting next_dagrun for example_external_task_marker_parent to None, run_after=None
[2025-03-19T00:05:39.508+0000] {processor.py:208} INFO - Processing /home/airflow/.local/lib/python3.12/site-packages/airflow/example_dags/example_external_task_marker_dag.py took 0.033 seconds
[2025-03-19T00:06:09.704+0000] {processor.py:186} INFO - Started process (PID=17558) to work on /home/airflow/.local/lib/python3.12/site-packages/airflow/example_dags/example_external_task_marker_dag.py
[2025-03-19T00:06:09.705+0000] {processor.py:914} INFO - Processing file /home/airflow/.local/lib/python3.12/site-packages/airflow/example_dags/example_external_task_marker_dag.py for tasks to queue
[2025-03-19T00:06:09.706+0000] {logging_mixin.py:190} INFO - [2025-03-19T00:06:09.706+0000] {dagbag.py:588} INFO - Filling up the DagBag from /home/airflow/.local/lib/python3.12/site-packages/airflow/example_dags/example_external_task_marker_dag.py
[2025-03-19T00:06:09.709+0000] {processor.py:925} INFO - DAG(s) 'example_external_task_marker_parent', 'example_external_task_marker_child' retrieved from /home/airflow/.local/lib/python3.12/site-packages/airflow/example_dags/example_external_task_marker_dag.py
[2025-03-19T00:06:09.721+0000] {logging_mixin.py:190} INFO - [2025-03-19T00:06:09.721+0000] {dag.py:3239} INFO - Sync 2 DAGs
[2025-03-19T00:06:09.727+0000] {logging_mixin.py:190} INFO - [2025-03-19T00:06:09.727+0000] {dag.py:4180} INFO - Setting next_dagrun for example_external_task_marker_child to None, run_after=None
[2025-03-19T00:06:09.730+0000] {logging_mixin.py:190} INFO - [2025-03-19T00:06:09.730+0000] {dag.py:4180} INFO - Setting next_dagrun for example_external_task_marker_parent to None, run_after=None
[2025-03-19T00:06:09.740+0000] {processor.py:208} INFO - Processing /home/airflow/.local/lib/python3.12/site-packages/airflow/example_dags/example_external_task_marker_dag.py took 0.038 seconds
[2025-03-19T00:06:39.844+0000] {processor.py:186} INFO - Started process (PID=17621) to work on /home/airflow/.local/lib/python3.12/site-packages/airflow/example_dags/example_external_task_marker_dag.py
[2025-03-19T00:06:39.844+0000] {processor.py:914} INFO - Processing file /home/airflow/.local/lib/python3.12/site-packages/airflow/example_dags/example_external_task_marker_dag.py for tasks to queue
[2025-03-19T00:06:39.845+0000] {logging_mixin.py:190} INFO - [2025-03-19T00:06:39.845+0000] {dagbag.py:588} INFO - Filling up the DagBag from /home/airflow/.local/lib/python3.12/site-packages/airflow/example_dags/example_external_task_marker_dag.py
[2025-03-19T00:06:39.849+0000] {processor.py:925} INFO - DAG(s) 'example_external_task_marker_parent', 'example_external_task_marker_child' retrieved from /home/airflow/.local/lib/python3.12/site-packages/airflow/example_dags/example_external_task_marker_dag.py
[2025-03-19T00:06:39.857+0000] {logging_mixin.py:190} INFO - [2025-03-19T00:06:39.857+0000] {dag.py:3239} INFO - Sync 2 DAGs
[2025-03-19T00:06:39.863+0000] {logging_mixin.py:190} INFO - [2025-03-19T00:06:39.863+0000] {dag.py:4180} INFO - Setting next_dagrun for example_external_task_marker_child to None, run_after=None
[2025-03-19T00:06:39.865+0000] {logging_mixin.py:190} INFO - [2025-03-19T00:06:39.864+0000] {dag.py:4180} INFO - Setting next_dagrun for example_external_task_marker_parent to None, run_after=None
[2025-03-19T00:06:39.874+0000] {processor.py:208} INFO - Processing /home/airflow/.local/lib/python3.12/site-packages/airflow/example_dags/example_external_task_marker_dag.py took 0.032 seconds
[2025-03-19T00:07:09.963+0000] {processor.py:186} INFO - Started process (PID=17684) to work on /home/airflow/.local/lib/python3.12/site-packages/airflow/example_dags/example_external_task_marker_dag.py
[2025-03-19T00:07:09.963+0000] {processor.py:914} INFO - Processing file /home/airflow/.local/lib/python3.12/site-packages/airflow/example_dags/example_external_task_marker_dag.py for tasks to queue
[2025-03-19T00:07:09.964+0000] {logging_mixin.py:190} INFO - [2025-03-19T00:07:09.964+0000] {dagbag.py:588} INFO - Filling up the DagBag from /home/airflow/.local/lib/python3.12/site-packages/airflow/example_dags/example_external_task_marker_dag.py
[2025-03-19T00:07:09.968+0000] {processor.py:925} INFO - DAG(s) 'example_external_task_marker_child', 'example_external_task_marker_parent' retrieved from /home/airflow/.local/lib/python3.12/site-packages/airflow/example_dags/example_external_task_marker_dag.py
[2025-03-19T00:07:09.979+0000] {logging_mixin.py:190} INFO - [2025-03-19T00:07:09.979+0000] {dag.py:3239} INFO - Sync 2 DAGs
[2025-03-19T00:07:09.985+0000] {logging_mixin.py:190} INFO - [2025-03-19T00:07:09.985+0000] {dag.py:4180} INFO - Setting next_dagrun for example_external_task_marker_child to None, run_after=None
[2025-03-19T00:07:09.987+0000] {logging_mixin.py:190} INFO - [2025-03-19T00:07:09.987+0000] {dag.py:4180} INFO - Setting next_dagrun for example_external_task_marker_parent to None, run_after=None
[2025-03-19T00:07:09.998+0000] {processor.py:208} INFO - Processing /home/airflow/.local/lib/python3.12/site-packages/airflow/example_dags/example_external_task_marker_dag.py took 0.038 seconds
[2025-03-19T00:07:40.133+0000] {processor.py:186} INFO - Started process (PID=17747) to work on /home/airflow/.local/lib/python3.12/site-packages/airflow/example_dags/example_external_task_marker_dag.py
[2025-03-19T00:07:40.133+0000] {processor.py:914} INFO - Processing file /home/airflow/.local/lib/python3.12/site-packages/airflow/example_dags/example_external_task_marker_dag.py for tasks to queue
[2025-03-19T00:07:40.134+0000] {logging_mixin.py:190} INFO - [2025-03-19T00:07:40.134+0000] {dagbag.py:588} INFO - Filling up the DagBag from /home/airflow/.local/lib/python3.12/site-packages/airflow/example_dags/example_external_task_marker_dag.py
[2025-03-19T00:07:40.137+0000] {processor.py:925} INFO - DAG(s) 'example_external_task_marker_child', 'example_external_task_marker_parent' retrieved from /home/airflow/.local/lib/python3.12/site-packages/airflow/example_dags/example_external_task_marker_dag.py
[2025-03-19T00:07:40.145+0000] {logging_mixin.py:190} INFO - [2025-03-19T00:07:40.145+0000] {dag.py:3239} INFO - Sync 2 DAGs
[2025-03-19T00:07:40.150+0000] {logging_mixin.py:190} INFO - [2025-03-19T00:07:40.149+0000] {dag.py:4180} INFO - Setting next_dagrun for example_external_task_marker_child to None, run_after=None
[2025-03-19T00:07:40.151+0000] {logging_mixin.py:190} INFO - [2025-03-19T00:07:40.151+0000] {dag.py:4180} INFO - Setting next_dagrun for example_external_task_marker_parent to None, run_after=None
[2025-03-19T00:07:40.155+0000] {processor.py:208} INFO - Processing /home/airflow/.local/lib/python3.12/site-packages/airflow/example_dags/example_external_task_marker_dag.py took 0.025 seconds
