[2025-03-19T00:00:12.659+0000] {processor.py:186} INFO - Started process (PID=16831) to work on /home/airflow/.local/lib/python3.12/site-packages/airflow/example_dags/example_dataset_alias.py
[2025-03-19T00:00:12.660+0000] {processor.py:914} INFO - Processing file /home/airflow/.local/lib/python3.12/site-packages/airflow/example_dags/example_dataset_alias.py for tasks to queue
[2025-03-19T00:00:12.661+0000] {logging_mixin.py:190} INFO - [2025-03-19T00:00:12.661+0000] {dagbag.py:588} INFO - Filling up the DagBag from /home/airflow/.local/lib/python3.12/site-packages/airflow/example_dags/example_dataset_alias.py
[2025-03-19T00:00:12.804+0000] {processor.py:925} INFO - DAG(s) 'dataset_s3_bucket_producer', 'dataset_alias_example_alias_producer', 'dataset_alias_example_alias_consumer', 'dataset_s3_bucket_consumer' retrieved from /home/airflow/.local/lib/python3.12/site-packages/airflow/example_dags/example_dataset_alias.py
[2025-03-19T00:00:12.817+0000] {logging_mixin.py:190} INFO - [2025-03-19T00:00:12.817+0000] {dag.py:3239} INFO - Sync 4 DAGs
[2025-03-19T00:00:12.826+0000] {logging_mixin.py:190} INFO - [2025-03-19T00:00:12.825+0000] {dag.py:4180} INFO - Setting next_dagrun for dataset_alias_example_alias_consumer to None, run_after=None
[2025-03-19T00:00:12.828+0000] {logging_mixin.py:190} INFO - [2025-03-19T00:00:12.828+0000] {dag.py:4180} INFO - Setting next_dagrun for dataset_alias_example_alias_producer to None, run_after=None
[2025-03-19T00:00:12.829+0000] {logging_mixin.py:190} INFO - [2025-03-19T00:00:12.829+0000] {dag.py:4180} INFO - Setting next_dagrun for dataset_s3_bucket_consumer to None, run_after=None
[2025-03-19T00:00:12.829+0000] {logging_mixin.py:190} INFO - [2025-03-19T00:00:12.829+0000] {dag.py:4180} INFO - Setting next_dagrun for dataset_s3_bucket_producer to None, run_after=None
[2025-03-19T00:00:12.836+0000] {processor.py:208} INFO - Processing /home/airflow/.local/lib/python3.12/site-packages/airflow/example_dags/example_dataset_alias.py took 0.180 seconds
[2025-03-19T00:00:43.840+0000] {processor.py:186} INFO - Started process (PID=16896) to work on /home/airflow/.local/lib/python3.12/site-packages/airflow/example_dags/example_dataset_alias.py
[2025-03-19T00:00:43.841+0000] {processor.py:914} INFO - Processing file /home/airflow/.local/lib/python3.12/site-packages/airflow/example_dags/example_dataset_alias.py for tasks to queue
[2025-03-19T00:00:43.844+0000] {logging_mixin.py:190} INFO - [2025-03-19T00:00:43.843+0000] {dagbag.py:588} INFO - Filling up the DagBag from /home/airflow/.local/lib/python3.12/site-packages/airflow/example_dags/example_dataset_alias.py
[2025-03-19T00:00:43.993+0000] {processor.py:925} INFO - DAG(s) 'dataset_s3_bucket_producer', 'dataset_s3_bucket_consumer', 'dataset_alias_example_alias_consumer', 'dataset_alias_example_alias_producer' retrieved from /home/airflow/.local/lib/python3.12/site-packages/airflow/example_dags/example_dataset_alias.py
[2025-03-19T00:00:44.002+0000] {logging_mixin.py:190} INFO - [2025-03-19T00:00:44.002+0000] {dag.py:3239} INFO - Sync 4 DAGs
[2025-03-19T00:00:44.010+0000] {logging_mixin.py:190} INFO - [2025-03-19T00:00:44.010+0000] {dag.py:4180} INFO - Setting next_dagrun for dataset_alias_example_alias_consumer to None, run_after=None
[2025-03-19T00:00:44.011+0000] {logging_mixin.py:190} INFO - [2025-03-19T00:00:44.011+0000] {dag.py:4180} INFO - Setting next_dagrun for dataset_alias_example_alias_producer to None, run_after=None
[2025-03-19T00:00:44.012+0000] {logging_mixin.py:190} INFO - [2025-03-19T00:00:44.012+0000] {dag.py:4180} INFO - Setting next_dagrun for dataset_s3_bucket_consumer to None, run_after=None
[2025-03-19T00:00:44.012+0000] {logging_mixin.py:190} INFO - [2025-03-19T00:00:44.012+0000] {dag.py:4180} INFO - Setting next_dagrun for dataset_s3_bucket_producer to None, run_after=None
[2025-03-19T00:00:44.025+0000] {processor.py:208} INFO - Processing /home/airflow/.local/lib/python3.12/site-packages/airflow/example_dags/example_dataset_alias.py took 0.187 seconds
[2025-03-19T00:01:14.968+0000] {processor.py:186} INFO - Started process (PID=16961) to work on /home/airflow/.local/lib/python3.12/site-packages/airflow/example_dags/example_dataset_alias.py
[2025-03-19T00:01:14.970+0000] {processor.py:914} INFO - Processing file /home/airflow/.local/lib/python3.12/site-packages/airflow/example_dags/example_dataset_alias.py for tasks to queue
[2025-03-19T00:01:14.971+0000] {logging_mixin.py:190} INFO - [2025-03-19T00:01:14.971+0000] {dagbag.py:588} INFO - Filling up the DagBag from /home/airflow/.local/lib/python3.12/site-packages/airflow/example_dags/example_dataset_alias.py
[2025-03-19T00:01:15.112+0000] {processor.py:925} INFO - DAG(s) 'dataset_alias_example_alias_consumer', 'dataset_s3_bucket_producer', 'dataset_alias_example_alias_producer', 'dataset_s3_bucket_consumer' retrieved from /home/airflow/.local/lib/python3.12/site-packages/airflow/example_dags/example_dataset_alias.py
[2025-03-19T00:01:15.120+0000] {logging_mixin.py:190} INFO - [2025-03-19T00:01:15.120+0000] {dag.py:3239} INFO - Sync 4 DAGs
[2025-03-19T00:01:15.129+0000] {logging_mixin.py:190} INFO - [2025-03-19T00:01:15.129+0000] {dag.py:4180} INFO - Setting next_dagrun for dataset_alias_example_alias_consumer to None, run_after=None
[2025-03-19T00:01:15.130+0000] {logging_mixin.py:190} INFO - [2025-03-19T00:01:15.130+0000] {dag.py:4180} INFO - Setting next_dagrun for dataset_alias_example_alias_producer to None, run_after=None
[2025-03-19T00:01:15.131+0000] {logging_mixin.py:190} INFO - [2025-03-19T00:01:15.131+0000] {dag.py:4180} INFO - Setting next_dagrun for dataset_s3_bucket_consumer to None, run_after=None
[2025-03-19T00:01:15.132+0000] {logging_mixin.py:190} INFO - [2025-03-19T00:01:15.132+0000] {dag.py:4180} INFO - Setting next_dagrun for dataset_s3_bucket_producer to None, run_after=None
[2025-03-19T00:01:15.140+0000] {processor.py:208} INFO - Processing /home/airflow/.local/lib/python3.12/site-packages/airflow/example_dags/example_dataset_alias.py took 0.174 seconds
[2025-03-19T00:01:45.986+0000] {processor.py:186} INFO - Started process (PID=17025) to work on /home/airflow/.local/lib/python3.12/site-packages/airflow/example_dags/example_dataset_alias.py
[2025-03-19T00:01:45.987+0000] {processor.py:914} INFO - Processing file /home/airflow/.local/lib/python3.12/site-packages/airflow/example_dags/example_dataset_alias.py for tasks to queue
[2025-03-19T00:01:45.988+0000] {logging_mixin.py:190} INFO - [2025-03-19T00:01:45.988+0000] {dagbag.py:588} INFO - Filling up the DagBag from /home/airflow/.local/lib/python3.12/site-packages/airflow/example_dags/example_dataset_alias.py
[2025-03-19T00:01:46.131+0000] {processor.py:925} INFO - DAG(s) 'dataset_alias_example_alias_consumer', 'dataset_alias_example_alias_producer', 'dataset_s3_bucket_producer', 'dataset_s3_bucket_consumer' retrieved from /home/airflow/.local/lib/python3.12/site-packages/airflow/example_dags/example_dataset_alias.py
[2025-03-19T00:01:46.143+0000] {logging_mixin.py:190} INFO - [2025-03-19T00:01:46.143+0000] {dag.py:3239} INFO - Sync 4 DAGs
[2025-03-19T00:01:46.151+0000] {logging_mixin.py:190} INFO - [2025-03-19T00:01:46.151+0000] {dag.py:4180} INFO - Setting next_dagrun for dataset_alias_example_alias_consumer to None, run_after=None
[2025-03-19T00:01:46.152+0000] {logging_mixin.py:190} INFO - [2025-03-19T00:01:46.152+0000] {dag.py:4180} INFO - Setting next_dagrun for dataset_alias_example_alias_producer to None, run_after=None
[2025-03-19T00:01:46.153+0000] {logging_mixin.py:190} INFO - [2025-03-19T00:01:46.153+0000] {dag.py:4180} INFO - Setting next_dagrun for dataset_s3_bucket_consumer to None, run_after=None
[2025-03-19T00:01:46.153+0000] {logging_mixin.py:190} INFO - [2025-03-19T00:01:46.153+0000] {dag.py:4180} INFO - Setting next_dagrun for dataset_s3_bucket_producer to None, run_after=None
[2025-03-19T00:01:46.162+0000] {processor.py:208} INFO - Processing /home/airflow/.local/lib/python3.12/site-packages/airflow/example_dags/example_dataset_alias.py took 0.178 seconds
[2025-03-19T00:02:17.133+0000] {processor.py:186} INFO - Started process (PID=17088) to work on /home/airflow/.local/lib/python3.12/site-packages/airflow/example_dags/example_dataset_alias.py
[2025-03-19T00:02:17.133+0000] {processor.py:914} INFO - Processing file /home/airflow/.local/lib/python3.12/site-packages/airflow/example_dags/example_dataset_alias.py for tasks to queue
[2025-03-19T00:02:17.135+0000] {logging_mixin.py:190} INFO - [2025-03-19T00:02:17.135+0000] {dagbag.py:588} INFO - Filling up the DagBag from /home/airflow/.local/lib/python3.12/site-packages/airflow/example_dags/example_dataset_alias.py
[2025-03-19T00:02:17.280+0000] {processor.py:925} INFO - DAG(s) 'dataset_alias_example_alias_producer', 'dataset_s3_bucket_consumer', 'dataset_alias_example_alias_consumer', 'dataset_s3_bucket_producer' retrieved from /home/airflow/.local/lib/python3.12/site-packages/airflow/example_dags/example_dataset_alias.py
[2025-03-19T00:02:17.289+0000] {logging_mixin.py:190} INFO - [2025-03-19T00:02:17.289+0000] {dag.py:3239} INFO - Sync 4 DAGs
[2025-03-19T00:02:17.297+0000] {logging_mixin.py:190} INFO - [2025-03-19T00:02:17.297+0000] {dag.py:4180} INFO - Setting next_dagrun for dataset_alias_example_alias_consumer to None, run_after=None
[2025-03-19T00:02:17.300+0000] {logging_mixin.py:190} INFO - [2025-03-19T00:02:17.300+0000] {dag.py:4180} INFO - Setting next_dagrun for dataset_alias_example_alias_producer to None, run_after=None
[2025-03-19T00:02:17.302+0000] {logging_mixin.py:190} INFO - [2025-03-19T00:02:17.302+0000] {dag.py:4180} INFO - Setting next_dagrun for dataset_s3_bucket_consumer to None, run_after=None
[2025-03-19T00:02:17.302+0000] {logging_mixin.py:190} INFO - [2025-03-19T00:02:17.302+0000] {dag.py:4180} INFO - Setting next_dagrun for dataset_s3_bucket_producer to None, run_after=None
[2025-03-19T00:02:17.314+0000] {processor.py:208} INFO - Processing /home/airflow/.local/lib/python3.12/site-packages/airflow/example_dags/example_dataset_alias.py took 0.184 seconds
[2025-03-19T00:02:48.287+0000] {processor.py:186} INFO - Started process (PID=17151) to work on /home/airflow/.local/lib/python3.12/site-packages/airflow/example_dags/example_dataset_alias.py
[2025-03-19T00:02:48.290+0000] {processor.py:914} INFO - Processing file /home/airflow/.local/lib/python3.12/site-packages/airflow/example_dags/example_dataset_alias.py for tasks to queue
[2025-03-19T00:02:48.293+0000] {logging_mixin.py:190} INFO - [2025-03-19T00:02:48.292+0000] {dagbag.py:588} INFO - Filling up the DagBag from /home/airflow/.local/lib/python3.12/site-packages/airflow/example_dags/example_dataset_alias.py
[2025-03-19T00:02:48.436+0000] {processor.py:925} INFO - DAG(s) 'dataset_s3_bucket_consumer', 'dataset_s3_bucket_producer', 'dataset_alias_example_alias_consumer', 'dataset_alias_example_alias_producer' retrieved from /home/airflow/.local/lib/python3.12/site-packages/airflow/example_dags/example_dataset_alias.py
[2025-03-19T00:02:48.449+0000] {logging_mixin.py:190} INFO - [2025-03-19T00:02:48.449+0000] {dag.py:3239} INFO - Sync 4 DAGs
[2025-03-19T00:02:48.459+0000] {logging_mixin.py:190} INFO - [2025-03-19T00:02:48.459+0000] {dag.py:4180} INFO - Setting next_dagrun for dataset_alias_example_alias_consumer to None, run_after=None
[2025-03-19T00:02:48.462+0000] {logging_mixin.py:190} INFO - [2025-03-19T00:02:48.462+0000] {dag.py:4180} INFO - Setting next_dagrun for dataset_alias_example_alias_producer to None, run_after=None
[2025-03-19T00:02:48.463+0000] {logging_mixin.py:190} INFO - [2025-03-19T00:02:48.463+0000] {dag.py:4180} INFO - Setting next_dagrun for dataset_s3_bucket_consumer to None, run_after=None
[2025-03-19T00:02:48.464+0000] {logging_mixin.py:190} INFO - [2025-03-19T00:02:48.463+0000] {dag.py:4180} INFO - Setting next_dagrun for dataset_s3_bucket_producer to None, run_after=None
[2025-03-19T00:02:48.474+0000] {processor.py:208} INFO - Processing /home/airflow/.local/lib/python3.12/site-packages/airflow/example_dags/example_dataset_alias.py took 0.189 seconds
[2025-03-19T00:03:19.410+0000] {processor.py:186} INFO - Started process (PID=17214) to work on /home/airflow/.local/lib/python3.12/site-packages/airflow/example_dags/example_dataset_alias.py
[2025-03-19T00:03:19.411+0000] {processor.py:914} INFO - Processing file /home/airflow/.local/lib/python3.12/site-packages/airflow/example_dags/example_dataset_alias.py for tasks to queue
[2025-03-19T00:03:19.413+0000] {logging_mixin.py:190} INFO - [2025-03-19T00:03:19.412+0000] {dagbag.py:588} INFO - Filling up the DagBag from /home/airflow/.local/lib/python3.12/site-packages/airflow/example_dags/example_dataset_alias.py
[2025-03-19T00:03:19.566+0000] {processor.py:925} INFO - DAG(s) 'dataset_s3_bucket_consumer', 'dataset_s3_bucket_producer', 'dataset_alias_example_alias_consumer', 'dataset_alias_example_alias_producer' retrieved from /home/airflow/.local/lib/python3.12/site-packages/airflow/example_dags/example_dataset_alias.py
[2025-03-19T00:03:19.588+0000] {logging_mixin.py:190} INFO - [2025-03-19T00:03:19.587+0000] {dag.py:3239} INFO - Sync 4 DAGs
[2025-03-19T00:03:19.597+0000] {logging_mixin.py:190} INFO - [2025-03-19T00:03:19.597+0000] {dag.py:4180} INFO - Setting next_dagrun for dataset_alias_example_alias_consumer to None, run_after=None
[2025-03-19T00:03:19.598+0000] {logging_mixin.py:190} INFO - [2025-03-19T00:03:19.597+0000] {dag.py:4180} INFO - Setting next_dagrun for dataset_alias_example_alias_producer to None, run_after=None
[2025-03-19T00:03:19.598+0000] {logging_mixin.py:190} INFO - [2025-03-19T00:03:19.598+0000] {dag.py:4180} INFO - Setting next_dagrun for dataset_s3_bucket_consumer to None, run_after=None
[2025-03-19T00:03:19.598+0000] {logging_mixin.py:190} INFO - [2025-03-19T00:03:19.598+0000] {dag.py:4180} INFO - Setting next_dagrun for dataset_s3_bucket_producer to None, run_after=None
[2025-03-19T00:03:19.607+0000] {processor.py:208} INFO - Processing /home/airflow/.local/lib/python3.12/site-packages/airflow/example_dags/example_dataset_alias.py took 0.199 seconds
[2025-03-19T00:03:50.600+0000] {processor.py:186} INFO - Started process (PID=17279) to work on /home/airflow/.local/lib/python3.12/site-packages/airflow/example_dags/example_dataset_alias.py
[2025-03-19T00:03:50.600+0000] {processor.py:914} INFO - Processing file /home/airflow/.local/lib/python3.12/site-packages/airflow/example_dags/example_dataset_alias.py for tasks to queue
[2025-03-19T00:03:50.601+0000] {logging_mixin.py:190} INFO - [2025-03-19T00:03:50.601+0000] {dagbag.py:588} INFO - Filling up the DagBag from /home/airflow/.local/lib/python3.12/site-packages/airflow/example_dags/example_dataset_alias.py
[2025-03-19T00:03:50.747+0000] {processor.py:925} INFO - DAG(s) 'dataset_s3_bucket_producer', 'dataset_alias_example_alias_producer', 'dataset_s3_bucket_consumer', 'dataset_alias_example_alias_consumer' retrieved from /home/airflow/.local/lib/python3.12/site-packages/airflow/example_dags/example_dataset_alias.py
[2025-03-19T00:03:50.759+0000] {logging_mixin.py:190} INFO - [2025-03-19T00:03:50.759+0000] {dag.py:3239} INFO - Sync 4 DAGs
[2025-03-19T00:03:50.769+0000] {logging_mixin.py:190} INFO - [2025-03-19T00:03:50.769+0000] {dag.py:4180} INFO - Setting next_dagrun for dataset_alias_example_alias_consumer to None, run_after=None
[2025-03-19T00:03:50.770+0000] {logging_mixin.py:190} INFO - [2025-03-19T00:03:50.770+0000] {dag.py:4180} INFO - Setting next_dagrun for dataset_alias_example_alias_producer to None, run_after=None
[2025-03-19T00:03:50.771+0000] {logging_mixin.py:190} INFO - [2025-03-19T00:03:50.770+0000] {dag.py:4180} INFO - Setting next_dagrun for dataset_s3_bucket_consumer to None, run_after=None
[2025-03-19T00:03:50.771+0000] {logging_mixin.py:190} INFO - [2025-03-19T00:03:50.771+0000] {dag.py:4180} INFO - Setting next_dagrun for dataset_s3_bucket_producer to None, run_after=None
[2025-03-19T00:03:50.777+0000] {processor.py:208} INFO - Processing /home/airflow/.local/lib/python3.12/site-packages/airflow/example_dags/example_dataset_alias.py took 0.180 seconds
[2025-03-19T00:04:21.400+0000] {processor.py:186} INFO - Started process (PID=17337) to work on /home/airflow/.local/lib/python3.12/site-packages/airflow/example_dags/example_dataset_alias.py
[2025-03-19T00:04:21.400+0000] {processor.py:914} INFO - Processing file /home/airflow/.local/lib/python3.12/site-packages/airflow/example_dags/example_dataset_alias.py for tasks to queue
[2025-03-19T00:04:21.402+0000] {logging_mixin.py:190} INFO - [2025-03-19T00:04:21.402+0000] {dagbag.py:588} INFO - Filling up the DagBag from /home/airflow/.local/lib/python3.12/site-packages/airflow/example_dags/example_dataset_alias.py
[2025-03-19T00:04:21.542+0000] {processor.py:925} INFO - DAG(s) 'dataset_alias_example_alias_consumer', 'dataset_s3_bucket_producer', 'dataset_s3_bucket_consumer', 'dataset_alias_example_alias_producer' retrieved from /home/airflow/.local/lib/python3.12/site-packages/airflow/example_dags/example_dataset_alias.py
[2025-03-19T00:04:21.553+0000] {logging_mixin.py:190} INFO - [2025-03-19T00:04:21.553+0000] {dag.py:3239} INFO - Sync 4 DAGs
[2025-03-19T00:04:21.561+0000] {logging_mixin.py:190} INFO - [2025-03-19T00:04:21.561+0000] {dag.py:4180} INFO - Setting next_dagrun for dataset_alias_example_alias_consumer to None, run_after=None
[2025-03-19T00:04:21.562+0000] {logging_mixin.py:190} INFO - [2025-03-19T00:04:21.562+0000] {dag.py:4180} INFO - Setting next_dagrun for dataset_alias_example_alias_producer to None, run_after=None
[2025-03-19T00:04:21.562+0000] {logging_mixin.py:190} INFO - [2025-03-19T00:04:21.562+0000] {dag.py:4180} INFO - Setting next_dagrun for dataset_s3_bucket_consumer to None, run_after=None
[2025-03-19T00:04:21.563+0000] {logging_mixin.py:190} INFO - [2025-03-19T00:04:21.563+0000] {dag.py:4180} INFO - Setting next_dagrun for dataset_s3_bucket_producer to None, run_after=None
[2025-03-19T00:04:21.569+0000] {processor.py:208} INFO - Processing /home/airflow/.local/lib/python3.12/site-packages/airflow/example_dags/example_dataset_alias.py took 0.172 seconds
[2025-03-19T00:04:52.487+0000] {processor.py:186} INFO - Started process (PID=17401) to work on /home/airflow/.local/lib/python3.12/site-packages/airflow/example_dags/example_dataset_alias.py
[2025-03-19T00:04:52.489+0000] {processor.py:914} INFO - Processing file /home/airflow/.local/lib/python3.12/site-packages/airflow/example_dags/example_dataset_alias.py for tasks to queue
[2025-03-19T00:04:52.489+0000] {logging_mixin.py:190} INFO - [2025-03-19T00:04:52.489+0000] {dagbag.py:588} INFO - Filling up the DagBag from /home/airflow/.local/lib/python3.12/site-packages/airflow/example_dags/example_dataset_alias.py
[2025-03-19T00:04:52.630+0000] {processor.py:925} INFO - DAG(s) 'dataset_s3_bucket_consumer', 'dataset_s3_bucket_producer', 'dataset_alias_example_alias_consumer', 'dataset_alias_example_alias_producer' retrieved from /home/airflow/.local/lib/python3.12/site-packages/airflow/example_dags/example_dataset_alias.py
[2025-03-19T00:04:52.640+0000] {logging_mixin.py:190} INFO - [2025-03-19T00:04:52.640+0000] {dag.py:3239} INFO - Sync 4 DAGs
[2025-03-19T00:04:52.648+0000] {logging_mixin.py:190} INFO - [2025-03-19T00:04:52.648+0000] {dag.py:4180} INFO - Setting next_dagrun for dataset_alias_example_alias_consumer to None, run_after=None
[2025-03-19T00:04:52.649+0000] {logging_mixin.py:190} INFO - [2025-03-19T00:04:52.649+0000] {dag.py:4180} INFO - Setting next_dagrun for dataset_alias_example_alias_producer to None, run_after=None
[2025-03-19T00:04:52.649+0000] {logging_mixin.py:190} INFO - [2025-03-19T00:04:52.649+0000] {dag.py:4180} INFO - Setting next_dagrun for dataset_s3_bucket_consumer to None, run_after=None
[2025-03-19T00:04:52.650+0000] {logging_mixin.py:190} INFO - [2025-03-19T00:04:52.650+0000] {dag.py:4180} INFO - Setting next_dagrun for dataset_s3_bucket_producer to None, run_after=None
[2025-03-19T00:04:52.656+0000] {processor.py:208} INFO - Processing /home/airflow/.local/lib/python3.12/site-packages/airflow/example_dags/example_dataset_alias.py took 0.172 seconds
[2025-03-19T00:05:23.689+0000] {processor.py:186} INFO - Started process (PID=17465) to work on /home/airflow/.local/lib/python3.12/site-packages/airflow/example_dags/example_dataset_alias.py
[2025-03-19T00:05:23.691+0000] {processor.py:914} INFO - Processing file /home/airflow/.local/lib/python3.12/site-packages/airflow/example_dags/example_dataset_alias.py for tasks to queue
[2025-03-19T00:05:23.692+0000] {logging_mixin.py:190} INFO - [2025-03-19T00:05:23.692+0000] {dagbag.py:588} INFO - Filling up the DagBag from /home/airflow/.local/lib/python3.12/site-packages/airflow/example_dags/example_dataset_alias.py
[2025-03-19T00:05:23.841+0000] {processor.py:925} INFO - DAG(s) 'dataset_s3_bucket_producer', 'dataset_alias_example_alias_consumer', 'dataset_s3_bucket_consumer', 'dataset_alias_example_alias_producer' retrieved from /home/airflow/.local/lib/python3.12/site-packages/airflow/example_dags/example_dataset_alias.py
[2025-03-19T00:05:23.851+0000] {logging_mixin.py:190} INFO - [2025-03-19T00:05:23.851+0000] {dag.py:3239} INFO - Sync 4 DAGs
[2025-03-19T00:05:23.861+0000] {logging_mixin.py:190} INFO - [2025-03-19T00:05:23.861+0000] {dag.py:4180} INFO - Setting next_dagrun for dataset_alias_example_alias_consumer to None, run_after=None
[2025-03-19T00:05:23.863+0000] {logging_mixin.py:190} INFO - [2025-03-19T00:05:23.863+0000] {dag.py:4180} INFO - Setting next_dagrun for dataset_alias_example_alias_producer to None, run_after=None
[2025-03-19T00:05:23.864+0000] {logging_mixin.py:190} INFO - [2025-03-19T00:05:23.864+0000] {dag.py:4180} INFO - Setting next_dagrun for dataset_s3_bucket_consumer to None, run_after=None
[2025-03-19T00:05:23.864+0000] {logging_mixin.py:190} INFO - [2025-03-19T00:05:23.864+0000] {dag.py:4180} INFO - Setting next_dagrun for dataset_s3_bucket_producer to None, run_after=None
[2025-03-19T00:05:23.873+0000] {processor.py:208} INFO - Processing /home/airflow/.local/lib/python3.12/site-packages/airflow/example_dags/example_dataset_alias.py took 0.186 seconds
[2025-03-19T00:05:54.912+0000] {processor.py:186} INFO - Started process (PID=17529) to work on /home/airflow/.local/lib/python3.12/site-packages/airflow/example_dags/example_dataset_alias.py
[2025-03-19T00:05:54.912+0000] {processor.py:914} INFO - Processing file /home/airflow/.local/lib/python3.12/site-packages/airflow/example_dags/example_dataset_alias.py for tasks to queue
[2025-03-19T00:05:54.913+0000] {logging_mixin.py:190} INFO - [2025-03-19T00:05:54.913+0000] {dagbag.py:588} INFO - Filling up the DagBag from /home/airflow/.local/lib/python3.12/site-packages/airflow/example_dags/example_dataset_alias.py
[2025-03-19T00:05:55.051+0000] {processor.py:925} INFO - DAG(s) 'dataset_s3_bucket_consumer', 'dataset_alias_example_alias_producer', 'dataset_s3_bucket_producer', 'dataset_alias_example_alias_consumer' retrieved from /home/airflow/.local/lib/python3.12/site-packages/airflow/example_dags/example_dataset_alias.py
[2025-03-19T00:05:55.062+0000] {logging_mixin.py:190} INFO - [2025-03-19T00:05:55.062+0000] {dag.py:3239} INFO - Sync 4 DAGs
[2025-03-19T00:05:55.073+0000] {logging_mixin.py:190} INFO - [2025-03-19T00:05:55.073+0000] {dag.py:4180} INFO - Setting next_dagrun for dataset_alias_example_alias_consumer to None, run_after=None
[2025-03-19T00:05:55.074+0000] {logging_mixin.py:190} INFO - [2025-03-19T00:05:55.074+0000] {dag.py:4180} INFO - Setting next_dagrun for dataset_alias_example_alias_producer to None, run_after=None
[2025-03-19T00:05:55.074+0000] {logging_mixin.py:190} INFO - [2025-03-19T00:05:55.074+0000] {dag.py:4180} INFO - Setting next_dagrun for dataset_s3_bucket_consumer to None, run_after=None
[2025-03-19T00:05:55.075+0000] {logging_mixin.py:190} INFO - [2025-03-19T00:05:55.075+0000] {dag.py:4180} INFO - Setting next_dagrun for dataset_s3_bucket_producer to None, run_after=None
[2025-03-19T00:05:55.081+0000] {processor.py:208} INFO - Processing /home/airflow/.local/lib/python3.12/site-packages/airflow/example_dags/example_dataset_alias.py took 0.171 seconds
[2025-03-19T00:06:26.109+0000] {processor.py:186} INFO - Started process (PID=17594) to work on /home/airflow/.local/lib/python3.12/site-packages/airflow/example_dags/example_dataset_alias.py
[2025-03-19T00:06:26.109+0000] {processor.py:914} INFO - Processing file /home/airflow/.local/lib/python3.12/site-packages/airflow/example_dags/example_dataset_alias.py for tasks to queue
[2025-03-19T00:06:26.111+0000] {logging_mixin.py:190} INFO - [2025-03-19T00:06:26.111+0000] {dagbag.py:588} INFO - Filling up the DagBag from /home/airflow/.local/lib/python3.12/site-packages/airflow/example_dags/example_dataset_alias.py
[2025-03-19T00:06:26.254+0000] {processor.py:925} INFO - DAG(s) 'dataset_alias_example_alias_producer', 'dataset_alias_example_alias_consumer', 'dataset_s3_bucket_consumer', 'dataset_s3_bucket_producer' retrieved from /home/airflow/.local/lib/python3.12/site-packages/airflow/example_dags/example_dataset_alias.py
[2025-03-19T00:06:26.266+0000] {logging_mixin.py:190} INFO - [2025-03-19T00:06:26.266+0000] {dag.py:3239} INFO - Sync 4 DAGs
[2025-03-19T00:06:26.370+0000] {logging_mixin.py:190} INFO - [2025-03-19T00:06:26.370+0000] {dag.py:4180} INFO - Setting next_dagrun for dataset_alias_example_alias_consumer to None, run_after=None
[2025-03-19T00:06:26.372+0000] {logging_mixin.py:190} INFO - [2025-03-19T00:06:26.372+0000] {dag.py:4180} INFO - Setting next_dagrun for dataset_alias_example_alias_producer to None, run_after=None
[2025-03-19T00:06:26.373+0000] {logging_mixin.py:190} INFO - [2025-03-19T00:06:26.373+0000] {dag.py:4180} INFO - Setting next_dagrun for dataset_s3_bucket_consumer to None, run_after=None
[2025-03-19T00:06:26.373+0000] {logging_mixin.py:190} INFO - [2025-03-19T00:06:26.373+0000] {dag.py:4180} INFO - Setting next_dagrun for dataset_s3_bucket_producer to None, run_after=None
[2025-03-19T00:06:26.383+0000] {processor.py:208} INFO - Processing /home/airflow/.local/lib/python3.12/site-packages/airflow/example_dags/example_dataset_alias.py took 0.277 seconds
[2025-03-19T00:06:57.245+0000] {processor.py:186} INFO - Started process (PID=17657) to work on /home/airflow/.local/lib/python3.12/site-packages/airflow/example_dags/example_dataset_alias.py
[2025-03-19T00:06:57.246+0000] {processor.py:914} INFO - Processing file /home/airflow/.local/lib/python3.12/site-packages/airflow/example_dags/example_dataset_alias.py for tasks to queue
[2025-03-19T00:06:57.247+0000] {logging_mixin.py:190} INFO - [2025-03-19T00:06:57.246+0000] {dagbag.py:588} INFO - Filling up the DagBag from /home/airflow/.local/lib/python3.12/site-packages/airflow/example_dags/example_dataset_alias.py
[2025-03-19T00:06:57.395+0000] {processor.py:925} INFO - DAG(s) 'dataset_alias_example_alias_consumer', 'dataset_s3_bucket_consumer', 'dataset_s3_bucket_producer', 'dataset_alias_example_alias_producer' retrieved from /home/airflow/.local/lib/python3.12/site-packages/airflow/example_dags/example_dataset_alias.py
[2025-03-19T00:06:57.409+0000] {logging_mixin.py:190} INFO - [2025-03-19T00:06:57.409+0000] {dag.py:3239} INFO - Sync 4 DAGs
[2025-03-19T00:06:57.417+0000] {logging_mixin.py:190} INFO - [2025-03-19T00:06:57.417+0000] {dag.py:4180} INFO - Setting next_dagrun for dataset_alias_example_alias_consumer to None, run_after=None
[2025-03-19T00:06:57.418+0000] {logging_mixin.py:190} INFO - [2025-03-19T00:06:57.417+0000] {dag.py:4180} INFO - Setting next_dagrun for dataset_alias_example_alias_producer to None, run_after=None
[2025-03-19T00:06:57.420+0000] {logging_mixin.py:190} INFO - [2025-03-19T00:06:57.420+0000] {dag.py:4180} INFO - Setting next_dagrun for dataset_s3_bucket_consumer to None, run_after=None
[2025-03-19T00:06:57.421+0000] {logging_mixin.py:190} INFO - [2025-03-19T00:06:57.421+0000] {dag.py:4180} INFO - Setting next_dagrun for dataset_s3_bucket_producer to None, run_after=None
[2025-03-19T00:06:57.523+0000] {processor.py:208} INFO - Processing /home/airflow/.local/lib/python3.12/site-packages/airflow/example_dags/example_dataset_alias.py took 0.280 seconds
[2025-03-19T00:07:28.449+0000] {processor.py:186} INFO - Started process (PID=17720) to work on /home/airflow/.local/lib/python3.12/site-packages/airflow/example_dags/example_dataset_alias.py
[2025-03-19T00:07:28.450+0000] {processor.py:914} INFO - Processing file /home/airflow/.local/lib/python3.12/site-packages/airflow/example_dags/example_dataset_alias.py for tasks to queue
[2025-03-19T00:07:28.451+0000] {logging_mixin.py:190} INFO - [2025-03-19T00:07:28.451+0000] {dagbag.py:588} INFO - Filling up the DagBag from /home/airflow/.local/lib/python3.12/site-packages/airflow/example_dags/example_dataset_alias.py
[2025-03-19T00:07:28.592+0000] {processor.py:925} INFO - DAG(s) 'dataset_s3_bucket_producer', 'dataset_alias_example_alias_producer', 'dataset_s3_bucket_consumer', 'dataset_alias_example_alias_consumer' retrieved from /home/airflow/.local/lib/python3.12/site-packages/airflow/example_dags/example_dataset_alias.py
[2025-03-19T00:07:28.601+0000] {logging_mixin.py:190} INFO - [2025-03-19T00:07:28.601+0000] {dag.py:3239} INFO - Sync 4 DAGs
[2025-03-19T00:07:28.610+0000] {logging_mixin.py:190} INFO - [2025-03-19T00:07:28.610+0000] {dag.py:4180} INFO - Setting next_dagrun for dataset_alias_example_alias_consumer to None, run_after=None
[2025-03-19T00:07:28.611+0000] {logging_mixin.py:190} INFO - [2025-03-19T00:07:28.611+0000] {dag.py:4180} INFO - Setting next_dagrun for dataset_alias_example_alias_producer to None, run_after=None
[2025-03-19T00:07:28.612+0000] {logging_mixin.py:190} INFO - [2025-03-19T00:07:28.612+0000] {dag.py:4180} INFO - Setting next_dagrun for dataset_s3_bucket_consumer to None, run_after=None
[2025-03-19T00:07:28.615+0000] {logging_mixin.py:190} INFO - [2025-03-19T00:07:28.615+0000] {dag.py:4180} INFO - Setting next_dagrun for dataset_s3_bucket_producer to None, run_after=None
[2025-03-19T00:07:28.622+0000] {processor.py:208} INFO - Processing /home/airflow/.local/lib/python3.12/site-packages/airflow/example_dags/example_dataset_alias.py took 0.175 seconds
[2025-03-19T00:07:59.735+0000] {processor.py:186} INFO - Started process (PID=17782) to work on /home/airflow/.local/lib/python3.12/site-packages/airflow/example_dags/example_dataset_alias.py
[2025-03-19T00:07:59.735+0000] {processor.py:914} INFO - Processing file /home/airflow/.local/lib/python3.12/site-packages/airflow/example_dags/example_dataset_alias.py for tasks to queue
[2025-03-19T00:07:59.737+0000] {logging_mixin.py:190} INFO - [2025-03-19T00:07:59.737+0000] {dagbag.py:588} INFO - Filling up the DagBag from /home/airflow/.local/lib/python3.12/site-packages/airflow/example_dags/example_dataset_alias.py
[2025-03-19T00:07:59.880+0000] {processor.py:925} INFO - DAG(s) 'dataset_alias_example_alias_producer', 'dataset_s3_bucket_consumer', 'dataset_s3_bucket_producer', 'dataset_alias_example_alias_consumer' retrieved from /home/airflow/.local/lib/python3.12/site-packages/airflow/example_dags/example_dataset_alias.py
[2025-03-19T00:07:59.889+0000] {logging_mixin.py:190} INFO - [2025-03-19T00:07:59.889+0000] {dag.py:3239} INFO - Sync 4 DAGs
[2025-03-19T00:07:59.899+0000] {logging_mixin.py:190} INFO - [2025-03-19T00:07:59.897+0000] {dag.py:4180} INFO - Setting next_dagrun for dataset_alias_example_alias_consumer to None, run_after=None
[2025-03-19T00:07:59.901+0000] {logging_mixin.py:190} INFO - [2025-03-19T00:07:59.901+0000] {dag.py:4180} INFO - Setting next_dagrun for dataset_alias_example_alias_producer to None, run_after=None
[2025-03-19T00:07:59.901+0000] {logging_mixin.py:190} INFO - [2025-03-19T00:07:59.901+0000] {dag.py:4180} INFO - Setting next_dagrun for dataset_s3_bucket_consumer to None, run_after=None
[2025-03-19T00:07:59.904+0000] {logging_mixin.py:190} INFO - [2025-03-19T00:07:59.904+0000] {dag.py:4180} INFO - Setting next_dagrun for dataset_s3_bucket_producer to None, run_after=None
[2025-03-19T00:07:59.915+0000] {processor.py:208} INFO - Processing /home/airflow/.local/lib/python3.12/site-packages/airflow/example_dags/example_dataset_alias.py took 0.183 seconds
