[2025-03-19T00:00:12.212+0000] {processor.py:186} INFO - Started process (PID=16813) to work on /home/airflow/.local/lib/python3.12/site-packages/airflow/example_dags/example_short_circuit_operator.py
[2025-03-19T00:00:12.213+0000] {processor.py:914} INFO - Processing file /home/airflow/.local/lib/python3.12/site-packages/airflow/example_dags/example_short_circuit_operator.py for tasks to queue
[2025-03-19T00:00:12.214+0000] {logging_mixin.py:190} INFO - [2025-03-19T00:00:12.214+0000] {dagbag.py:588} INFO - Filling up the DagBag from /home/airflow/.local/lib/python3.12/site-packages/airflow/example_dags/example_short_circuit_operator.py
[2025-03-19T00:00:12.218+0000] {processor.py:925} INFO - DAG(s) 'example_short_circuit_operator' retrieved from /home/airflow/.local/lib/python3.12/site-packages/airflow/example_dags/example_short_circuit_operator.py
[2025-03-19T00:00:12.227+0000] {logging_mixin.py:190} INFO - [2025-03-19T00:00:12.227+0000] {dag.py:3239} INFO - Sync 1 DAGs
[2025-03-19T00:00:12.232+0000] {logging_mixin.py:190} INFO - [2025-03-19T00:00:12.232+0000] {dag.py:4180} INFO - Setting next_dagrun for example_short_circuit_operator to None, run_after=None
[2025-03-19T00:00:12.241+0000] {processor.py:208} INFO - Processing /home/airflow/.local/lib/python3.12/site-packages/airflow/example_dags/example_short_circuit_operator.py took 0.031 seconds
[2025-03-19T00:00:43.321+0000] {processor.py:186} INFO - Started process (PID=16876) to work on /home/airflow/.local/lib/python3.12/site-packages/airflow/example_dags/example_short_circuit_operator.py
[2025-03-19T00:00:43.322+0000] {processor.py:914} INFO - Processing file /home/airflow/.local/lib/python3.12/site-packages/airflow/example_dags/example_short_circuit_operator.py for tasks to queue
[2025-03-19T00:00:43.323+0000] {logging_mixin.py:190} INFO - [2025-03-19T00:00:43.323+0000] {dagbag.py:588} INFO - Filling up the DagBag from /home/airflow/.local/lib/python3.12/site-packages/airflow/example_dags/example_short_circuit_operator.py
[2025-03-19T00:00:43.326+0000] {processor.py:925} INFO - DAG(s) 'example_short_circuit_operator' retrieved from /home/airflow/.local/lib/python3.12/site-packages/airflow/example_dags/example_short_circuit_operator.py
[2025-03-19T00:00:43.335+0000] {logging_mixin.py:190} INFO - [2025-03-19T00:00:43.335+0000] {dag.py:3239} INFO - Sync 1 DAGs
[2025-03-19T00:00:43.342+0000] {logging_mixin.py:190} INFO - [2025-03-19T00:00:43.342+0000] {dag.py:4180} INFO - Setting next_dagrun for example_short_circuit_operator to None, run_after=None
[2025-03-19T00:00:43.352+0000] {processor.py:208} INFO - Processing /home/airflow/.local/lib/python3.12/site-packages/airflow/example_dags/example_short_circuit_operator.py took 0.034 seconds
[2025-03-19T00:01:14.400+0000] {processor.py:186} INFO - Started process (PID=16939) to work on /home/airflow/.local/lib/python3.12/site-packages/airflow/example_dags/example_short_circuit_operator.py
[2025-03-19T00:01:14.402+0000] {processor.py:914} INFO - Processing file /home/airflow/.local/lib/python3.12/site-packages/airflow/example_dags/example_short_circuit_operator.py for tasks to queue
[2025-03-19T00:01:14.403+0000] {logging_mixin.py:190} INFO - [2025-03-19T00:01:14.403+0000] {dagbag.py:588} INFO - Filling up the DagBag from /home/airflow/.local/lib/python3.12/site-packages/airflow/example_dags/example_short_circuit_operator.py
[2025-03-19T00:01:14.407+0000] {processor.py:925} INFO - DAG(s) 'example_short_circuit_operator' retrieved from /home/airflow/.local/lib/python3.12/site-packages/airflow/example_dags/example_short_circuit_operator.py
[2025-03-19T00:01:14.420+0000] {logging_mixin.py:190} INFO - [2025-03-19T00:01:14.419+0000] {dag.py:3239} INFO - Sync 1 DAGs
[2025-03-19T00:01:14.427+0000] {logging_mixin.py:190} INFO - [2025-03-19T00:01:14.427+0000] {dag.py:4180} INFO - Setting next_dagrun for example_short_circuit_operator to None, run_after=None
[2025-03-19T00:01:14.434+0000] {processor.py:208} INFO - Processing /home/airflow/.local/lib/python3.12/site-packages/airflow/example_dags/example_short_circuit_operator.py took 0.036 seconds
[2025-03-19T00:01:45.460+0000] {processor.py:186} INFO - Started process (PID=17002) to work on /home/airflow/.local/lib/python3.12/site-packages/airflow/example_dags/example_short_circuit_operator.py
[2025-03-19T00:01:45.460+0000] {processor.py:914} INFO - Processing file /home/airflow/.local/lib/python3.12/site-packages/airflow/example_dags/example_short_circuit_operator.py for tasks to queue
[2025-03-19T00:01:45.461+0000] {logging_mixin.py:190} INFO - [2025-03-19T00:01:45.461+0000] {dagbag.py:588} INFO - Filling up the DagBag from /home/airflow/.local/lib/python3.12/site-packages/airflow/example_dags/example_short_circuit_operator.py
[2025-03-19T00:01:45.465+0000] {processor.py:925} INFO - DAG(s) 'example_short_circuit_operator' retrieved from /home/airflow/.local/lib/python3.12/site-packages/airflow/example_dags/example_short_circuit_operator.py
[2025-03-19T00:01:45.476+0000] {logging_mixin.py:190} INFO - [2025-03-19T00:01:45.475+0000] {dag.py:3239} INFO - Sync 1 DAGs
[2025-03-19T00:01:45.482+0000] {logging_mixin.py:190} INFO - [2025-03-19T00:01:45.482+0000] {dag.py:4180} INFO - Setting next_dagrun for example_short_circuit_operator to None, run_after=None
[2025-03-19T00:01:45.490+0000] {processor.py:208} INFO - Processing /home/airflow/.local/lib/python3.12/site-packages/airflow/example_dags/example_short_circuit_operator.py took 0.033 seconds
[2025-03-19T00:02:16.499+0000] {processor.py:186} INFO - Started process (PID=17065) to work on /home/airflow/.local/lib/python3.12/site-packages/airflow/example_dags/example_short_circuit_operator.py
[2025-03-19T00:02:16.499+0000] {processor.py:914} INFO - Processing file /home/airflow/.local/lib/python3.12/site-packages/airflow/example_dags/example_short_circuit_operator.py for tasks to queue
[2025-03-19T00:02:16.500+0000] {logging_mixin.py:190} INFO - [2025-03-19T00:02:16.500+0000] {dagbag.py:588} INFO - Filling up the DagBag from /home/airflow/.local/lib/python3.12/site-packages/airflow/example_dags/example_short_circuit_operator.py
[2025-03-19T00:02:16.504+0000] {processor.py:925} INFO - DAG(s) 'example_short_circuit_operator' retrieved from /home/airflow/.local/lib/python3.12/site-packages/airflow/example_dags/example_short_circuit_operator.py
[2025-03-19T00:02:16.513+0000] {logging_mixin.py:190} INFO - [2025-03-19T00:02:16.513+0000] {dag.py:3239} INFO - Sync 1 DAGs
[2025-03-19T00:02:16.520+0000] {logging_mixin.py:190} INFO - [2025-03-19T00:02:16.520+0000] {dag.py:4180} INFO - Setting next_dagrun for example_short_circuit_operator to None, run_after=None
[2025-03-19T00:02:16.527+0000] {processor.py:208} INFO - Processing /home/airflow/.local/lib/python3.12/site-packages/airflow/example_dags/example_short_circuit_operator.py took 0.030 seconds
[2025-03-19T00:02:47.650+0000] {processor.py:186} INFO - Started process (PID=17128) to work on /home/airflow/.local/lib/python3.12/site-packages/airflow/example_dags/example_short_circuit_operator.py
[2025-03-19T00:02:47.651+0000] {processor.py:914} INFO - Processing file /home/airflow/.local/lib/python3.12/site-packages/airflow/example_dags/example_short_circuit_operator.py for tasks to queue
[2025-03-19T00:02:47.652+0000] {logging_mixin.py:190} INFO - [2025-03-19T00:02:47.652+0000] {dagbag.py:588} INFO - Filling up the DagBag from /home/airflow/.local/lib/python3.12/site-packages/airflow/example_dags/example_short_circuit_operator.py
[2025-03-19T00:02:47.655+0000] {processor.py:925} INFO - DAG(s) 'example_short_circuit_operator' retrieved from /home/airflow/.local/lib/python3.12/site-packages/airflow/example_dags/example_short_circuit_operator.py
[2025-03-19T00:02:47.664+0000] {logging_mixin.py:190} INFO - [2025-03-19T00:02:47.664+0000] {dag.py:3239} INFO - Sync 1 DAGs
[2025-03-19T00:02:47.669+0000] {logging_mixin.py:190} INFO - [2025-03-19T00:02:47.669+0000] {dag.py:4180} INFO - Setting next_dagrun for example_short_circuit_operator to None, run_after=None
[2025-03-19T00:02:47.674+0000] {processor.py:208} INFO - Processing /home/airflow/.local/lib/python3.12/site-packages/airflow/example_dags/example_short_circuit_operator.py took 0.026 seconds
[2025-03-19T00:03:18.798+0000] {processor.py:186} INFO - Started process (PID=17191) to work on /home/airflow/.local/lib/python3.12/site-packages/airflow/example_dags/example_short_circuit_operator.py
[2025-03-19T00:03:18.798+0000] {processor.py:914} INFO - Processing file /home/airflow/.local/lib/python3.12/site-packages/airflow/example_dags/example_short_circuit_operator.py for tasks to queue
[2025-03-19T00:03:18.799+0000] {logging_mixin.py:190} INFO - [2025-03-19T00:03:18.799+0000] {dagbag.py:588} INFO - Filling up the DagBag from /home/airflow/.local/lib/python3.12/site-packages/airflow/example_dags/example_short_circuit_operator.py
[2025-03-19T00:03:18.803+0000] {processor.py:925} INFO - DAG(s) 'example_short_circuit_operator' retrieved from /home/airflow/.local/lib/python3.12/site-packages/airflow/example_dags/example_short_circuit_operator.py
[2025-03-19T00:03:18.811+0000] {logging_mixin.py:190} INFO - [2025-03-19T00:03:18.811+0000] {dag.py:3239} INFO - Sync 1 DAGs
[2025-03-19T00:03:18.816+0000] {logging_mixin.py:190} INFO - [2025-03-19T00:03:18.816+0000] {dag.py:4180} INFO - Setting next_dagrun for example_short_circuit_operator to None, run_after=None
[2025-03-19T00:03:18.823+0000] {processor.py:208} INFO - Processing /home/airflow/.local/lib/python3.12/site-packages/airflow/example_dags/example_short_circuit_operator.py took 0.028 seconds
[2025-03-19T00:03:49.957+0000] {processor.py:186} INFO - Started process (PID=17254) to work on /home/airflow/.local/lib/python3.12/site-packages/airflow/example_dags/example_short_circuit_operator.py
[2025-03-19T00:03:49.958+0000] {processor.py:914} INFO - Processing file /home/airflow/.local/lib/python3.12/site-packages/airflow/example_dags/example_short_circuit_operator.py for tasks to queue
[2025-03-19T00:03:49.959+0000] {logging_mixin.py:190} INFO - [2025-03-19T00:03:49.959+0000] {dagbag.py:588} INFO - Filling up the DagBag from /home/airflow/.local/lib/python3.12/site-packages/airflow/example_dags/example_short_circuit_operator.py
[2025-03-19T00:03:49.963+0000] {processor.py:925} INFO - DAG(s) 'example_short_circuit_operator' retrieved from /home/airflow/.local/lib/python3.12/site-packages/airflow/example_dags/example_short_circuit_operator.py
[2025-03-19T00:03:49.979+0000] {logging_mixin.py:190} INFO - [2025-03-19T00:03:49.979+0000] {dag.py:3239} INFO - Sync 1 DAGs
[2025-03-19T00:03:49.984+0000] {logging_mixin.py:190} INFO - [2025-03-19T00:03:49.983+0000] {dag.py:4180} INFO - Setting next_dagrun for example_short_circuit_operator to None, run_after=None
[2025-03-19T00:03:49.992+0000] {processor.py:208} INFO - Processing /home/airflow/.local/lib/python3.12/site-packages/airflow/example_dags/example_short_circuit_operator.py took 0.038 seconds
[2025-03-19T00:04:20.937+0000] {processor.py:186} INFO - Started process (PID=17317) to work on /home/airflow/.local/lib/python3.12/site-packages/airflow/example_dags/example_short_circuit_operator.py
[2025-03-19T00:04:20.938+0000] {processor.py:914} INFO - Processing file /home/airflow/.local/lib/python3.12/site-packages/airflow/example_dags/example_short_circuit_operator.py for tasks to queue
[2025-03-19T00:04:20.939+0000] {logging_mixin.py:190} INFO - [2025-03-19T00:04:20.938+0000] {dagbag.py:588} INFO - Filling up the DagBag from /home/airflow/.local/lib/python3.12/site-packages/airflow/example_dags/example_short_circuit_operator.py
[2025-03-19T00:04:20.944+0000] {processor.py:925} INFO - DAG(s) 'example_short_circuit_operator' retrieved from /home/airflow/.local/lib/python3.12/site-packages/airflow/example_dags/example_short_circuit_operator.py
[2025-03-19T00:04:20.956+0000] {logging_mixin.py:190} INFO - [2025-03-19T00:04:20.956+0000] {dag.py:3239} INFO - Sync 1 DAGs
[2025-03-19T00:04:20.961+0000] {logging_mixin.py:190} INFO - [2025-03-19T00:04:20.961+0000] {dag.py:4180} INFO - Setting next_dagrun for example_short_circuit_operator to None, run_after=None
[2025-03-19T00:04:20.969+0000] {processor.py:208} INFO - Processing /home/airflow/.local/lib/python3.12/site-packages/airflow/example_dags/example_short_circuit_operator.py took 0.035 seconds
[2025-03-19T00:04:51.969+0000] {processor.py:186} INFO - Started process (PID=17380) to work on /home/airflow/.local/lib/python3.12/site-packages/airflow/example_dags/example_short_circuit_operator.py
[2025-03-19T00:04:51.969+0000] {processor.py:914} INFO - Processing file /home/airflow/.local/lib/python3.12/site-packages/airflow/example_dags/example_short_circuit_operator.py for tasks to queue
[2025-03-19T00:04:51.971+0000] {logging_mixin.py:190} INFO - [2025-03-19T00:04:51.970+0000] {dagbag.py:588} INFO - Filling up the DagBag from /home/airflow/.local/lib/python3.12/site-packages/airflow/example_dags/example_short_circuit_operator.py
[2025-03-19T00:04:51.975+0000] {processor.py:925} INFO - DAG(s) 'example_short_circuit_operator' retrieved from /home/airflow/.local/lib/python3.12/site-packages/airflow/example_dags/example_short_circuit_operator.py
[2025-03-19T00:04:51.985+0000] {logging_mixin.py:190} INFO - [2025-03-19T00:04:51.985+0000] {dag.py:3239} INFO - Sync 1 DAGs
[2025-03-19T00:04:51.991+0000] {logging_mixin.py:190} INFO - [2025-03-19T00:04:51.990+0000] {dag.py:4180} INFO - Setting next_dagrun for example_short_circuit_operator to None, run_after=None
[2025-03-19T00:04:51.998+0000] {processor.py:208} INFO - Processing /home/airflow/.local/lib/python3.12/site-packages/airflow/example_dags/example_short_circuit_operator.py took 0.032 seconds
[2025-03-19T00:05:23.152+0000] {processor.py:186} INFO - Started process (PID=17443) to work on /home/airflow/.local/lib/python3.12/site-packages/airflow/example_dags/example_short_circuit_operator.py
[2025-03-19T00:05:23.153+0000] {processor.py:914} INFO - Processing file /home/airflow/.local/lib/python3.12/site-packages/airflow/example_dags/example_short_circuit_operator.py for tasks to queue
[2025-03-19T00:05:23.154+0000] {logging_mixin.py:190} INFO - [2025-03-19T00:05:23.154+0000] {dagbag.py:588} INFO - Filling up the DagBag from /home/airflow/.local/lib/python3.12/site-packages/airflow/example_dags/example_short_circuit_operator.py
[2025-03-19T00:05:23.157+0000] {processor.py:925} INFO - DAG(s) 'example_short_circuit_operator' retrieved from /home/airflow/.local/lib/python3.12/site-packages/airflow/example_dags/example_short_circuit_operator.py
[2025-03-19T00:05:23.168+0000] {logging_mixin.py:190} INFO - [2025-03-19T00:05:23.168+0000] {dag.py:3239} INFO - Sync 1 DAGs
[2025-03-19T00:05:23.175+0000] {logging_mixin.py:190} INFO - [2025-03-19T00:05:23.175+0000] {dag.py:4180} INFO - Setting next_dagrun for example_short_circuit_operator to None, run_after=None
[2025-03-19T00:05:23.183+0000] {processor.py:208} INFO - Processing /home/airflow/.local/lib/python3.12/site-packages/airflow/example_dags/example_short_circuit_operator.py took 0.033 seconds
[2025-03-19T00:05:54.321+0000] {processor.py:186} INFO - Started process (PID=17506) to work on /home/airflow/.local/lib/python3.12/site-packages/airflow/example_dags/example_short_circuit_operator.py
[2025-03-19T00:05:54.321+0000] {processor.py:914} INFO - Processing file /home/airflow/.local/lib/python3.12/site-packages/airflow/example_dags/example_short_circuit_operator.py for tasks to queue
[2025-03-19T00:05:54.322+0000] {logging_mixin.py:190} INFO - [2025-03-19T00:05:54.322+0000] {dagbag.py:588} INFO - Filling up the DagBag from /home/airflow/.local/lib/python3.12/site-packages/airflow/example_dags/example_short_circuit_operator.py
[2025-03-19T00:05:54.326+0000] {processor.py:925} INFO - DAG(s) 'example_short_circuit_operator' retrieved from /home/airflow/.local/lib/python3.12/site-packages/airflow/example_dags/example_short_circuit_operator.py
[2025-03-19T00:05:54.335+0000] {logging_mixin.py:190} INFO - [2025-03-19T00:05:54.335+0000] {dag.py:3239} INFO - Sync 1 DAGs
[2025-03-19T00:05:54.340+0000] {logging_mixin.py:190} INFO - [2025-03-19T00:05:54.340+0000] {dag.py:4180} INFO - Setting next_dagrun for example_short_circuit_operator to None, run_after=None
[2025-03-19T00:05:54.349+0000] {processor.py:208} INFO - Processing /home/airflow/.local/lib/python3.12/site-packages/airflow/example_dags/example_short_circuit_operator.py took 0.030 seconds
[2025-03-19T00:06:25.478+0000] {processor.py:186} INFO - Started process (PID=17569) to work on /home/airflow/.local/lib/python3.12/site-packages/airflow/example_dags/example_short_circuit_operator.py
[2025-03-19T00:06:25.478+0000] {processor.py:914} INFO - Processing file /home/airflow/.local/lib/python3.12/site-packages/airflow/example_dags/example_short_circuit_operator.py for tasks to queue
[2025-03-19T00:06:25.479+0000] {logging_mixin.py:190} INFO - [2025-03-19T00:06:25.479+0000] {dagbag.py:588} INFO - Filling up the DagBag from /home/airflow/.local/lib/python3.12/site-packages/airflow/example_dags/example_short_circuit_operator.py
[2025-03-19T00:06:25.483+0000] {processor.py:925} INFO - DAG(s) 'example_short_circuit_operator' retrieved from /home/airflow/.local/lib/python3.12/site-packages/airflow/example_dags/example_short_circuit_operator.py
[2025-03-19T00:06:25.491+0000] {logging_mixin.py:190} INFO - [2025-03-19T00:06:25.491+0000] {dag.py:3239} INFO - Sync 1 DAGs
[2025-03-19T00:06:25.496+0000] {logging_mixin.py:190} INFO - [2025-03-19T00:06:25.496+0000] {dag.py:4180} INFO - Setting next_dagrun for example_short_circuit_operator to None, run_after=None
[2025-03-19T00:06:25.507+0000] {processor.py:208} INFO - Processing /home/airflow/.local/lib/python3.12/site-packages/airflow/example_dags/example_short_circuit_operator.py took 0.031 seconds
[2025-03-19T00:06:56.579+0000] {processor.py:186} INFO - Started process (PID=17632) to work on /home/airflow/.local/lib/python3.12/site-packages/airflow/example_dags/example_short_circuit_operator.py
[2025-03-19T00:06:56.579+0000] {processor.py:914} INFO - Processing file /home/airflow/.local/lib/python3.12/site-packages/airflow/example_dags/example_short_circuit_operator.py for tasks to queue
[2025-03-19T00:06:56.581+0000] {logging_mixin.py:190} INFO - [2025-03-19T00:06:56.580+0000] {dagbag.py:588} INFO - Filling up the DagBag from /home/airflow/.local/lib/python3.12/site-packages/airflow/example_dags/example_short_circuit_operator.py
[2025-03-19T00:06:56.585+0000] {processor.py:925} INFO - DAG(s) 'example_short_circuit_operator' retrieved from /home/airflow/.local/lib/python3.12/site-packages/airflow/example_dags/example_short_circuit_operator.py
[2025-03-19T00:06:56.595+0000] {logging_mixin.py:190} INFO - [2025-03-19T00:06:56.595+0000] {dag.py:3239} INFO - Sync 1 DAGs
[2025-03-19T00:06:56.601+0000] {logging_mixin.py:190} INFO - [2025-03-19T00:06:56.600+0000] {dag.py:4180} INFO - Setting next_dagrun for example_short_circuit_operator to None, run_after=None
[2025-03-19T00:06:56.606+0000] {processor.py:208} INFO - Processing /home/airflow/.local/lib/python3.12/site-packages/airflow/example_dags/example_short_circuit_operator.py took 0.030 seconds
[2025-03-19T00:07:27.840+0000] {processor.py:186} INFO - Started process (PID=17695) to work on /home/airflow/.local/lib/python3.12/site-packages/airflow/example_dags/example_short_circuit_operator.py
[2025-03-19T00:07:27.841+0000] {processor.py:914} INFO - Processing file /home/airflow/.local/lib/python3.12/site-packages/airflow/example_dags/example_short_circuit_operator.py for tasks to queue
[2025-03-19T00:07:27.842+0000] {logging_mixin.py:190} INFO - [2025-03-19T00:07:27.842+0000] {dagbag.py:588} INFO - Filling up the DagBag from /home/airflow/.local/lib/python3.12/site-packages/airflow/example_dags/example_short_circuit_operator.py
[2025-03-19T00:07:27.846+0000] {processor.py:925} INFO - DAG(s) 'example_short_circuit_operator' retrieved from /home/airflow/.local/lib/python3.12/site-packages/airflow/example_dags/example_short_circuit_operator.py
[2025-03-19T00:07:27.857+0000] {logging_mixin.py:190} INFO - [2025-03-19T00:07:27.857+0000] {dag.py:3239} INFO - Sync 1 DAGs
[2025-03-19T00:07:27.864+0000] {logging_mixin.py:190} INFO - [2025-03-19T00:07:27.864+0000] {dag.py:4180} INFO - Setting next_dagrun for example_short_circuit_operator to None, run_after=None
[2025-03-19T00:07:27.870+0000] {processor.py:208} INFO - Processing /home/airflow/.local/lib/python3.12/site-packages/airflow/example_dags/example_short_circuit_operator.py took 0.032 seconds
[2025-03-19T00:07:59.066+0000] {processor.py:186} INFO - Started process (PID=17758) to work on /home/airflow/.local/lib/python3.12/site-packages/airflow/example_dags/example_short_circuit_operator.py
[2025-03-19T00:07:59.066+0000] {processor.py:914} INFO - Processing file /home/airflow/.local/lib/python3.12/site-packages/airflow/example_dags/example_short_circuit_operator.py for tasks to queue
[2025-03-19T00:07:59.067+0000] {logging_mixin.py:190} INFO - [2025-03-19T00:07:59.067+0000] {dagbag.py:588} INFO - Filling up the DagBag from /home/airflow/.local/lib/python3.12/site-packages/airflow/example_dags/example_short_circuit_operator.py
[2025-03-19T00:07:59.072+0000] {processor.py:925} INFO - DAG(s) 'example_short_circuit_operator' retrieved from /home/airflow/.local/lib/python3.12/site-packages/airflow/example_dags/example_short_circuit_operator.py
[2025-03-19T00:07:59.083+0000] {logging_mixin.py:190} INFO - [2025-03-19T00:07:59.083+0000] {dag.py:3239} INFO - Sync 1 DAGs
[2025-03-19T00:07:59.089+0000] {logging_mixin.py:190} INFO - [2025-03-19T00:07:59.089+0000] {dag.py:4180} INFO - Setting next_dagrun for example_short_circuit_operator to None, run_after=None
[2025-03-19T00:07:59.098+0000] {processor.py:208} INFO - Processing /home/airflow/.local/lib/python3.12/site-packages/airflow/example_dags/example_short_circuit_operator.py took 0.035 seconds
