[2025-03-19T00:00:11.757+0000] {processor.py:186} INFO - Started process (PID=16807) to work on /home/airflow/.local/lib/python3.12/site-packages/airflow/example_dags/example_dataset_alias_with_no_taskflow.py
[2025-03-19T00:00:11.758+0000] {processor.py:914} INFO - Processing file /home/airflow/.local/lib/python3.12/site-packages/airflow/example_dags/example_dataset_alias_with_no_taskflow.py for tasks to queue
[2025-03-19T00:00:11.760+0000] {logging_mixin.py:190} INFO - [2025-03-19T00:00:11.759+0000] {dagbag.py:588} INFO - Filling up the DagBag from /home/airflow/.local/lib/python3.12/site-packages/airflow/example_dags/example_dataset_alias_with_no_taskflow.py
[2025-03-19T00:00:11.928+0000] {processor.py:925} INFO - DAG(s) 'dataset_s3_bucket_consumer_with_no_taskflow', 'dataset_alias_example_alias_producer_with_no_taskflow', 'dataset_s3_bucket_producer_with_no_taskflow', 'dataset_alias_example_alias_consumer_with_no_taskflow' retrieved from /home/airflow/.local/lib/python3.12/site-packages/airflow/example_dags/example_dataset_alias_with_no_taskflow.py
[2025-03-19T00:00:11.937+0000] {logging_mixin.py:190} INFO - [2025-03-19T00:00:11.937+0000] {dag.py:3239} INFO - Sync 4 DAGs
[2025-03-19T00:00:11.945+0000] {logging_mixin.py:190} INFO - [2025-03-19T00:00:11.945+0000] {dag.py:4180} INFO - Setting next_dagrun for dataset_alias_example_alias_consumer_with_no_taskflow to None, run_after=None
[2025-03-19T00:00:11.947+0000] {logging_mixin.py:190} INFO - [2025-03-19T00:00:11.947+0000] {dag.py:4180} INFO - Setting next_dagrun for dataset_alias_example_alias_producer_with_no_taskflow to None, run_after=None
[2025-03-19T00:00:11.948+0000] {logging_mixin.py:190} INFO - [2025-03-19T00:00:11.948+0000] {dag.py:4180} INFO - Setting next_dagrun for dataset_s3_bucket_consumer_with_no_taskflow to None, run_after=None
[2025-03-19T00:00:11.950+0000] {logging_mixin.py:190} INFO - [2025-03-19T00:00:11.950+0000] {dag.py:4180} INFO - Setting next_dagrun for dataset_s3_bucket_producer_with_no_taskflow to None, run_after=None
[2025-03-19T00:00:11.961+0000] {processor.py:208} INFO - Processing /home/airflow/.local/lib/python3.12/site-packages/airflow/example_dags/example_dataset_alias_with_no_taskflow.py took 0.208 seconds
[2025-03-19T00:00:42.842+0000] {processor.py:186} INFO - Started process (PID=16870) to work on /home/airflow/.local/lib/python3.12/site-packages/airflow/example_dags/example_dataset_alias_with_no_taskflow.py
[2025-03-19T00:00:42.842+0000] {processor.py:914} INFO - Processing file /home/airflow/.local/lib/python3.12/site-packages/airflow/example_dags/example_dataset_alias_with_no_taskflow.py for tasks to queue
[2025-03-19T00:00:42.844+0000] {logging_mixin.py:190} INFO - [2025-03-19T00:00:42.844+0000] {dagbag.py:588} INFO - Filling up the DagBag from /home/airflow/.local/lib/python3.12/site-packages/airflow/example_dags/example_dataset_alias_with_no_taskflow.py
[2025-03-19T00:00:43.021+0000] {processor.py:925} INFO - DAG(s) 'dataset_alias_example_alias_consumer_with_no_taskflow', 'dataset_s3_bucket_producer_with_no_taskflow', 'dataset_alias_example_alias_producer_with_no_taskflow', 'dataset_s3_bucket_consumer_with_no_taskflow' retrieved from /home/airflow/.local/lib/python3.12/site-packages/airflow/example_dags/example_dataset_alias_with_no_taskflow.py
[2025-03-19T00:00:43.034+0000] {logging_mixin.py:190} INFO - [2025-03-19T00:00:43.033+0000] {dag.py:3239} INFO - Sync 4 DAGs
[2025-03-19T00:00:43.041+0000] {logging_mixin.py:190} INFO - [2025-03-19T00:00:43.041+0000] {dag.py:4180} INFO - Setting next_dagrun for dataset_alias_example_alias_consumer_with_no_taskflow to None, run_after=None
[2025-03-19T00:00:43.043+0000] {logging_mixin.py:190} INFO - [2025-03-19T00:00:43.043+0000] {dag.py:4180} INFO - Setting next_dagrun for dataset_alias_example_alias_producer_with_no_taskflow to None, run_after=None
[2025-03-19T00:00:43.043+0000] {logging_mixin.py:190} INFO - [2025-03-19T00:00:43.043+0000] {dag.py:4180} INFO - Setting next_dagrun for dataset_s3_bucket_consumer_with_no_taskflow to None, run_after=None
[2025-03-19T00:00:43.044+0000] {logging_mixin.py:190} INFO - [2025-03-19T00:00:43.044+0000] {dag.py:4180} INFO - Setting next_dagrun for dataset_s3_bucket_producer_with_no_taskflow to None, run_after=None
[2025-03-19T00:00:43.056+0000] {processor.py:208} INFO - Processing /home/airflow/.local/lib/python3.12/site-packages/airflow/example_dags/example_dataset_alias_with_no_taskflow.py took 0.220 seconds
[2025-03-19T00:01:13.983+0000] {processor.py:186} INFO - Started process (PID=16933) to work on /home/airflow/.local/lib/python3.12/site-packages/airflow/example_dags/example_dataset_alias_with_no_taskflow.py
[2025-03-19T00:01:13.983+0000] {processor.py:914} INFO - Processing file /home/airflow/.local/lib/python3.12/site-packages/airflow/example_dags/example_dataset_alias_with_no_taskflow.py for tasks to queue
[2025-03-19T00:01:13.984+0000] {logging_mixin.py:190} INFO - [2025-03-19T00:01:13.984+0000] {dagbag.py:588} INFO - Filling up the DagBag from /home/airflow/.local/lib/python3.12/site-packages/airflow/example_dags/example_dataset_alias_with_no_taskflow.py
[2025-03-19T00:01:14.126+0000] {processor.py:925} INFO - DAG(s) 'dataset_s3_bucket_producer_with_no_taskflow', 'dataset_s3_bucket_consumer_with_no_taskflow', 'dataset_alias_example_alias_consumer_with_no_taskflow', 'dataset_alias_example_alias_producer_with_no_taskflow' retrieved from /home/airflow/.local/lib/python3.12/site-packages/airflow/example_dags/example_dataset_alias_with_no_taskflow.py
[2025-03-19T00:01:14.133+0000] {logging_mixin.py:190} INFO - [2025-03-19T00:01:14.133+0000] {dag.py:3239} INFO - Sync 4 DAGs
[2025-03-19T00:01:14.141+0000] {logging_mixin.py:190} INFO - [2025-03-19T00:01:14.140+0000] {dag.py:4180} INFO - Setting next_dagrun for dataset_alias_example_alias_consumer_with_no_taskflow to None, run_after=None
[2025-03-19T00:01:14.142+0000] {logging_mixin.py:190} INFO - [2025-03-19T00:01:14.142+0000] {dag.py:4180} INFO - Setting next_dagrun for dataset_alias_example_alias_producer_with_no_taskflow to None, run_after=None
[2025-03-19T00:01:14.143+0000] {logging_mixin.py:190} INFO - [2025-03-19T00:01:14.143+0000] {dag.py:4180} INFO - Setting next_dagrun for dataset_s3_bucket_consumer_with_no_taskflow to None, run_after=None
[2025-03-19T00:01:14.143+0000] {logging_mixin.py:190} INFO - [2025-03-19T00:01:14.143+0000] {dag.py:4180} INFO - Setting next_dagrun for dataset_s3_bucket_producer_with_no_taskflow to None, run_after=None
[2025-03-19T00:01:14.154+0000] {processor.py:208} INFO - Processing /home/airflow/.local/lib/python3.12/site-packages/airflow/example_dags/example_dataset_alias_with_no_taskflow.py took 0.174 seconds
[2025-03-19T00:01:45.055+0000] {processor.py:186} INFO - Started process (PID=16996) to work on /home/airflow/.local/lib/python3.12/site-packages/airflow/example_dags/example_dataset_alias_with_no_taskflow.py
[2025-03-19T00:01:45.056+0000] {processor.py:914} INFO - Processing file /home/airflow/.local/lib/python3.12/site-packages/airflow/example_dags/example_dataset_alias_with_no_taskflow.py for tasks to queue
[2025-03-19T00:01:45.057+0000] {logging_mixin.py:190} INFO - [2025-03-19T00:01:45.057+0000] {dagbag.py:588} INFO - Filling up the DagBag from /home/airflow/.local/lib/python3.12/site-packages/airflow/example_dags/example_dataset_alias_with_no_taskflow.py
[2025-03-19T00:01:45.207+0000] {processor.py:925} INFO - DAG(s) 'dataset_alias_example_alias_consumer_with_no_taskflow', 'dataset_s3_bucket_consumer_with_no_taskflow', 'dataset_alias_example_alias_producer_with_no_taskflow', 'dataset_s3_bucket_producer_with_no_taskflow' retrieved from /home/airflow/.local/lib/python3.12/site-packages/airflow/example_dags/example_dataset_alias_with_no_taskflow.py
[2025-03-19T00:01:45.215+0000] {logging_mixin.py:190} INFO - [2025-03-19T00:01:45.215+0000] {dag.py:3239} INFO - Sync 4 DAGs
[2025-03-19T00:01:45.222+0000] {logging_mixin.py:190} INFO - [2025-03-19T00:01:45.222+0000] {dag.py:4180} INFO - Setting next_dagrun for dataset_alias_example_alias_consumer_with_no_taskflow to None, run_after=None
[2025-03-19T00:01:45.223+0000] {logging_mixin.py:190} INFO - [2025-03-19T00:01:45.223+0000] {dag.py:4180} INFO - Setting next_dagrun for dataset_alias_example_alias_producer_with_no_taskflow to None, run_after=None
[2025-03-19T00:01:45.224+0000] {logging_mixin.py:190} INFO - [2025-03-19T00:01:45.224+0000] {dag.py:4180} INFO - Setting next_dagrun for dataset_s3_bucket_consumer_with_no_taskflow to None, run_after=None
[2025-03-19T00:01:45.225+0000] {logging_mixin.py:190} INFO - [2025-03-19T00:01:45.225+0000] {dag.py:4180} INFO - Setting next_dagrun for dataset_s3_bucket_producer_with_no_taskflow to None, run_after=None
[2025-03-19T00:01:45.235+0000] {processor.py:208} INFO - Processing /home/airflow/.local/lib/python3.12/site-packages/airflow/example_dags/example_dataset_alias_with_no_taskflow.py took 0.185 seconds
[2025-03-19T00:02:16.037+0000] {processor.py:186} INFO - Started process (PID=17059) to work on /home/airflow/.local/lib/python3.12/site-packages/airflow/example_dags/example_dataset_alias_with_no_taskflow.py
[2025-03-19T00:02:16.038+0000] {processor.py:914} INFO - Processing file /home/airflow/.local/lib/python3.12/site-packages/airflow/example_dags/example_dataset_alias_with_no_taskflow.py for tasks to queue
[2025-03-19T00:02:16.039+0000] {logging_mixin.py:190} INFO - [2025-03-19T00:02:16.039+0000] {dagbag.py:588} INFO - Filling up the DagBag from /home/airflow/.local/lib/python3.12/site-packages/airflow/example_dags/example_dataset_alias_with_no_taskflow.py
[2025-03-19T00:02:16.200+0000] {processor.py:925} INFO - DAG(s) 'dataset_alias_example_alias_consumer_with_no_taskflow', 'dataset_s3_bucket_producer_with_no_taskflow', 'dataset_s3_bucket_consumer_with_no_taskflow', 'dataset_alias_example_alias_producer_with_no_taskflow' retrieved from /home/airflow/.local/lib/python3.12/site-packages/airflow/example_dags/example_dataset_alias_with_no_taskflow.py
[2025-03-19T00:02:16.215+0000] {logging_mixin.py:190} INFO - [2025-03-19T00:02:16.214+0000] {dag.py:3239} INFO - Sync 4 DAGs
[2025-03-19T00:02:16.224+0000] {logging_mixin.py:190} INFO - [2025-03-19T00:02:16.224+0000] {dag.py:4180} INFO - Setting next_dagrun for dataset_alias_example_alias_consumer_with_no_taskflow to None, run_after=None
[2025-03-19T00:02:16.225+0000] {logging_mixin.py:190} INFO - [2025-03-19T00:02:16.225+0000] {dag.py:4180} INFO - Setting next_dagrun for dataset_alias_example_alias_producer_with_no_taskflow to None, run_after=None
[2025-03-19T00:02:16.226+0000] {logging_mixin.py:190} INFO - [2025-03-19T00:02:16.226+0000] {dag.py:4180} INFO - Setting next_dagrun for dataset_s3_bucket_consumer_with_no_taskflow to None, run_after=None
[2025-03-19T00:02:16.227+0000] {logging_mixin.py:190} INFO - [2025-03-19T00:02:16.227+0000] {dag.py:4180} INFO - Setting next_dagrun for dataset_s3_bucket_producer_with_no_taskflow to None, run_after=None
[2025-03-19T00:02:16.238+0000] {processor.py:208} INFO - Processing /home/airflow/.local/lib/python3.12/site-packages/airflow/example_dags/example_dataset_alias_with_no_taskflow.py took 0.208 seconds
[2025-03-19T00:02:47.214+0000] {processor.py:186} INFO - Started process (PID=17122) to work on /home/airflow/.local/lib/python3.12/site-packages/airflow/example_dags/example_dataset_alias_with_no_taskflow.py
[2025-03-19T00:02:47.216+0000] {processor.py:914} INFO - Processing file /home/airflow/.local/lib/python3.12/site-packages/airflow/example_dags/example_dataset_alias_with_no_taskflow.py for tasks to queue
[2025-03-19T00:02:47.219+0000] {logging_mixin.py:190} INFO - [2025-03-19T00:02:47.219+0000] {dagbag.py:588} INFO - Filling up the DagBag from /home/airflow/.local/lib/python3.12/site-packages/airflow/example_dags/example_dataset_alias_with_no_taskflow.py
[2025-03-19T00:02:47.377+0000] {processor.py:925} INFO - DAG(s) 'dataset_alias_example_alias_consumer_with_no_taskflow', 'dataset_alias_example_alias_producer_with_no_taskflow', 'dataset_s3_bucket_consumer_with_no_taskflow', 'dataset_s3_bucket_producer_with_no_taskflow' retrieved from /home/airflow/.local/lib/python3.12/site-packages/airflow/example_dags/example_dataset_alias_with_no_taskflow.py
[2025-03-19T00:02:47.388+0000] {logging_mixin.py:190} INFO - [2025-03-19T00:02:47.388+0000] {dag.py:3239} INFO - Sync 4 DAGs
[2025-03-19T00:02:47.396+0000] {logging_mixin.py:190} INFO - [2025-03-19T00:02:47.396+0000] {dag.py:4180} INFO - Setting next_dagrun for dataset_alias_example_alias_consumer_with_no_taskflow to None, run_after=None
[2025-03-19T00:02:47.397+0000] {logging_mixin.py:190} INFO - [2025-03-19T00:02:47.397+0000] {dag.py:4180} INFO - Setting next_dagrun for dataset_alias_example_alias_producer_with_no_taskflow to None, run_after=None
[2025-03-19T00:02:47.398+0000] {logging_mixin.py:190} INFO - [2025-03-19T00:02:47.398+0000] {dag.py:4180} INFO - Setting next_dagrun for dataset_s3_bucket_consumer_with_no_taskflow to None, run_after=None
[2025-03-19T00:02:47.398+0000] {logging_mixin.py:190} INFO - [2025-03-19T00:02:47.398+0000] {dag.py:4180} INFO - Setting next_dagrun for dataset_s3_bucket_producer_with_no_taskflow to None, run_after=None
[2025-03-19T00:02:47.408+0000] {processor.py:208} INFO - Processing /home/airflow/.local/lib/python3.12/site-packages/airflow/example_dags/example_dataset_alias_with_no_taskflow.py took 0.201 seconds
[2025-03-19T00:03:18.374+0000] {processor.py:186} INFO - Started process (PID=17185) to work on /home/airflow/.local/lib/python3.12/site-packages/airflow/example_dags/example_dataset_alias_with_no_taskflow.py
[2025-03-19T00:03:18.375+0000] {processor.py:914} INFO - Processing file /home/airflow/.local/lib/python3.12/site-packages/airflow/example_dags/example_dataset_alias_with_no_taskflow.py for tasks to queue
[2025-03-19T00:03:18.377+0000] {logging_mixin.py:190} INFO - [2025-03-19T00:03:18.376+0000] {dagbag.py:588} INFO - Filling up the DagBag from /home/airflow/.local/lib/python3.12/site-packages/airflow/example_dags/example_dataset_alias_with_no_taskflow.py
[2025-03-19T00:03:18.533+0000] {processor.py:925} INFO - DAG(s) 'dataset_s3_bucket_producer_with_no_taskflow', 'dataset_alias_example_alias_consumer_with_no_taskflow', 'dataset_s3_bucket_consumer_with_no_taskflow', 'dataset_alias_example_alias_producer_with_no_taskflow' retrieved from /home/airflow/.local/lib/python3.12/site-packages/airflow/example_dags/example_dataset_alias_with_no_taskflow.py
[2025-03-19T00:03:18.544+0000] {logging_mixin.py:190} INFO - [2025-03-19T00:03:18.544+0000] {dag.py:3239} INFO - Sync 4 DAGs
[2025-03-19T00:03:18.552+0000] {logging_mixin.py:190} INFO - [2025-03-19T00:03:18.551+0000] {dag.py:4180} INFO - Setting next_dagrun for dataset_alias_example_alias_consumer_with_no_taskflow to None, run_after=None
[2025-03-19T00:03:18.552+0000] {logging_mixin.py:190} INFO - [2025-03-19T00:03:18.552+0000] {dag.py:4180} INFO - Setting next_dagrun for dataset_alias_example_alias_producer_with_no_taskflow to None, run_after=None
[2025-03-19T00:03:18.553+0000] {logging_mixin.py:190} INFO - [2025-03-19T00:03:18.553+0000] {dag.py:4180} INFO - Setting next_dagrun for dataset_s3_bucket_consumer_with_no_taskflow to None, run_after=None
[2025-03-19T00:03:18.554+0000] {logging_mixin.py:190} INFO - [2025-03-19T00:03:18.553+0000] {dag.py:4180} INFO - Setting next_dagrun for dataset_s3_bucket_producer_with_no_taskflow to None, run_after=None
[2025-03-19T00:03:18.564+0000] {processor.py:208} INFO - Processing /home/airflow/.local/lib/python3.12/site-packages/airflow/example_dags/example_dataset_alias_with_no_taskflow.py took 0.196 seconds
[2025-03-19T00:03:49.544+0000] {processor.py:186} INFO - Started process (PID=17248) to work on /home/airflow/.local/lib/python3.12/site-packages/airflow/example_dags/example_dataset_alias_with_no_taskflow.py
[2025-03-19T00:03:49.545+0000] {processor.py:914} INFO - Processing file /home/airflow/.local/lib/python3.12/site-packages/airflow/example_dags/example_dataset_alias_with_no_taskflow.py for tasks to queue
[2025-03-19T00:03:49.546+0000] {logging_mixin.py:190} INFO - [2025-03-19T00:03:49.546+0000] {dagbag.py:588} INFO - Filling up the DagBag from /home/airflow/.local/lib/python3.12/site-packages/airflow/example_dags/example_dataset_alias_with_no_taskflow.py
[2025-03-19T00:03:49.698+0000] {processor.py:925} INFO - DAG(s) 'dataset_s3_bucket_producer_with_no_taskflow', 'dataset_alias_example_alias_consumer_with_no_taskflow', 'dataset_s3_bucket_consumer_with_no_taskflow', 'dataset_alias_example_alias_producer_with_no_taskflow' retrieved from /home/airflow/.local/lib/python3.12/site-packages/airflow/example_dags/example_dataset_alias_with_no_taskflow.py
[2025-03-19T00:03:49.710+0000] {logging_mixin.py:190} INFO - [2025-03-19T00:03:49.710+0000] {dag.py:3239} INFO - Sync 4 DAGs
[2025-03-19T00:03:49.719+0000] {logging_mixin.py:190} INFO - [2025-03-19T00:03:49.719+0000] {dag.py:4180} INFO - Setting next_dagrun for dataset_alias_example_alias_consumer_with_no_taskflow to None, run_after=None
[2025-03-19T00:03:49.720+0000] {logging_mixin.py:190} INFO - [2025-03-19T00:03:49.720+0000] {dag.py:4180} INFO - Setting next_dagrun for dataset_alias_example_alias_producer_with_no_taskflow to None, run_after=None
[2025-03-19T00:03:49.721+0000] {logging_mixin.py:190} INFO - [2025-03-19T00:03:49.721+0000] {dag.py:4180} INFO - Setting next_dagrun for dataset_s3_bucket_consumer_with_no_taskflow to None, run_after=None
[2025-03-19T00:03:49.722+0000] {logging_mixin.py:190} INFO - [2025-03-19T00:03:49.722+0000] {dag.py:4180} INFO - Setting next_dagrun for dataset_s3_bucket_producer_with_no_taskflow to None, run_after=None
[2025-03-19T00:03:49.732+0000] {processor.py:208} INFO - Processing /home/airflow/.local/lib/python3.12/site-packages/airflow/example_dags/example_dataset_alias_with_no_taskflow.py took 0.192 seconds
[2025-03-19T00:04:20.519+0000] {processor.py:186} INFO - Started process (PID=17311) to work on /home/airflow/.local/lib/python3.12/site-packages/airflow/example_dags/example_dataset_alias_with_no_taskflow.py
[2025-03-19T00:04:20.520+0000] {processor.py:914} INFO - Processing file /home/airflow/.local/lib/python3.12/site-packages/airflow/example_dags/example_dataset_alias_with_no_taskflow.py for tasks to queue
[2025-03-19T00:04:20.523+0000] {logging_mixin.py:190} INFO - [2025-03-19T00:04:20.522+0000] {dagbag.py:588} INFO - Filling up the DagBag from /home/airflow/.local/lib/python3.12/site-packages/airflow/example_dags/example_dataset_alias_with_no_taskflow.py
[2025-03-19T00:04:20.676+0000] {processor.py:925} INFO - DAG(s) 'dataset_alias_example_alias_consumer_with_no_taskflow', 'dataset_s3_bucket_consumer_with_no_taskflow', 'dataset_s3_bucket_producer_with_no_taskflow', 'dataset_alias_example_alias_producer_with_no_taskflow' retrieved from /home/airflow/.local/lib/python3.12/site-packages/airflow/example_dags/example_dataset_alias_with_no_taskflow.py
[2025-03-19T00:04:20.689+0000] {logging_mixin.py:190} INFO - [2025-03-19T00:04:20.689+0000] {dag.py:3239} INFO - Sync 4 DAGs
[2025-03-19T00:04:20.701+0000] {logging_mixin.py:190} INFO - [2025-03-19T00:04:20.701+0000] {dag.py:4180} INFO - Setting next_dagrun for dataset_alias_example_alias_consumer_with_no_taskflow to None, run_after=None
[2025-03-19T00:04:20.702+0000] {logging_mixin.py:190} INFO - [2025-03-19T00:04:20.702+0000] {dag.py:4180} INFO - Setting next_dagrun for dataset_alias_example_alias_producer_with_no_taskflow to None, run_after=None
[2025-03-19T00:04:20.703+0000] {logging_mixin.py:190} INFO - [2025-03-19T00:04:20.703+0000] {dag.py:4180} INFO - Setting next_dagrun for dataset_s3_bucket_consumer_with_no_taskflow to None, run_after=None
[2025-03-19T00:04:20.703+0000] {logging_mixin.py:190} INFO - [2025-03-19T00:04:20.703+0000] {dag.py:4180} INFO - Setting next_dagrun for dataset_s3_bucket_producer_with_no_taskflow to None, run_after=None
[2025-03-19T00:04:20.713+0000] {processor.py:208} INFO - Processing /home/airflow/.local/lib/python3.12/site-packages/airflow/example_dags/example_dataset_alias_with_no_taskflow.py took 0.200 seconds
[2025-03-19T00:04:51.563+0000] {processor.py:186} INFO - Started process (PID=17374) to work on /home/airflow/.local/lib/python3.12/site-packages/airflow/example_dags/example_dataset_alias_with_no_taskflow.py
[2025-03-19T00:04:51.564+0000] {processor.py:914} INFO - Processing file /home/airflow/.local/lib/python3.12/site-packages/airflow/example_dags/example_dataset_alias_with_no_taskflow.py for tasks to queue
[2025-03-19T00:04:51.566+0000] {logging_mixin.py:190} INFO - [2025-03-19T00:04:51.566+0000] {dagbag.py:588} INFO - Filling up the DagBag from /home/airflow/.local/lib/python3.12/site-packages/airflow/example_dags/example_dataset_alias_with_no_taskflow.py
[2025-03-19T00:04:51.717+0000] {processor.py:925} INFO - DAG(s) 'dataset_alias_example_alias_consumer_with_no_taskflow', 'dataset_s3_bucket_producer_with_no_taskflow', 'dataset_alias_example_alias_producer_with_no_taskflow', 'dataset_s3_bucket_consumer_with_no_taskflow' retrieved from /home/airflow/.local/lib/python3.12/site-packages/airflow/example_dags/example_dataset_alias_with_no_taskflow.py
[2025-03-19T00:04:51.723+0000] {logging_mixin.py:190} INFO - [2025-03-19T00:04:51.723+0000] {dag.py:3239} INFO - Sync 4 DAGs
[2025-03-19T00:04:51.731+0000] {logging_mixin.py:190} INFO - [2025-03-19T00:04:51.731+0000] {dag.py:4180} INFO - Setting next_dagrun for dataset_alias_example_alias_consumer_with_no_taskflow to None, run_after=None
[2025-03-19T00:04:51.733+0000] {logging_mixin.py:190} INFO - [2025-03-19T00:04:51.733+0000] {dag.py:4180} INFO - Setting next_dagrun for dataset_alias_example_alias_producer_with_no_taskflow to None, run_after=None
[2025-03-19T00:04:51.734+0000] {logging_mixin.py:190} INFO - [2025-03-19T00:04:51.734+0000] {dag.py:4180} INFO - Setting next_dagrun for dataset_s3_bucket_consumer_with_no_taskflow to None, run_after=None
[2025-03-19T00:04:51.734+0000] {logging_mixin.py:190} INFO - [2025-03-19T00:04:51.734+0000] {dag.py:4180} INFO - Setting next_dagrun for dataset_s3_bucket_producer_with_no_taskflow to None, run_after=None
[2025-03-19T00:04:51.744+0000] {processor.py:208} INFO - Processing /home/airflow/.local/lib/python3.12/site-packages/airflow/example_dags/example_dataset_alias_with_no_taskflow.py took 0.187 seconds
[2025-03-19T00:05:22.585+0000] {processor.py:186} INFO - Started process (PID=17437) to work on /home/airflow/.local/lib/python3.12/site-packages/airflow/example_dags/example_dataset_alias_with_no_taskflow.py
[2025-03-19T00:05:22.586+0000] {processor.py:914} INFO - Processing file /home/airflow/.local/lib/python3.12/site-packages/airflow/example_dags/example_dataset_alias_with_no_taskflow.py for tasks to queue
[2025-03-19T00:05:22.588+0000] {logging_mixin.py:190} INFO - [2025-03-19T00:05:22.587+0000] {dagbag.py:588} INFO - Filling up the DagBag from /home/airflow/.local/lib/python3.12/site-packages/airflow/example_dags/example_dataset_alias_with_no_taskflow.py
[2025-03-19T00:05:22.745+0000] {processor.py:925} INFO - DAG(s) 'dataset_alias_example_alias_consumer_with_no_taskflow', 'dataset_s3_bucket_producer_with_no_taskflow', 'dataset_alias_example_alias_producer_with_no_taskflow', 'dataset_s3_bucket_consumer_with_no_taskflow' retrieved from /home/airflow/.local/lib/python3.12/site-packages/airflow/example_dags/example_dataset_alias_with_no_taskflow.py
[2025-03-19T00:05:22.752+0000] {logging_mixin.py:190} INFO - [2025-03-19T00:05:22.752+0000] {dag.py:3239} INFO - Sync 4 DAGs
[2025-03-19T00:05:22.762+0000] {logging_mixin.py:190} INFO - [2025-03-19T00:05:22.762+0000] {dag.py:4180} INFO - Setting next_dagrun for dataset_alias_example_alias_consumer_with_no_taskflow to None, run_after=None
[2025-03-19T00:05:22.763+0000] {logging_mixin.py:190} INFO - [2025-03-19T00:05:22.763+0000] {dag.py:4180} INFO - Setting next_dagrun for dataset_alias_example_alias_producer_with_no_taskflow to None, run_after=None
[2025-03-19T00:05:22.887+0000] {logging_mixin.py:190} INFO - [2025-03-19T00:05:22.887+0000] {dag.py:4180} INFO - Setting next_dagrun for dataset_s3_bucket_consumer_with_no_taskflow to None, run_after=None
[2025-03-19T00:05:22.888+0000] {logging_mixin.py:190} INFO - [2025-03-19T00:05:22.888+0000] {dag.py:4180} INFO - Setting next_dagrun for dataset_s3_bucket_producer_with_no_taskflow to None, run_after=None
[2025-03-19T00:05:22.899+0000] {processor.py:208} INFO - Processing /home/airflow/.local/lib/python3.12/site-packages/airflow/example_dags/example_dataset_alias_with_no_taskflow.py took 0.318 seconds
[2025-03-19T00:05:53.772+0000] {processor.py:186} INFO - Started process (PID=17500) to work on /home/airflow/.local/lib/python3.12/site-packages/airflow/example_dags/example_dataset_alias_with_no_taskflow.py
[2025-03-19T00:05:53.774+0000] {processor.py:914} INFO - Processing file /home/airflow/.local/lib/python3.12/site-packages/airflow/example_dags/example_dataset_alias_with_no_taskflow.py for tasks to queue
[2025-03-19T00:05:53.776+0000] {logging_mixin.py:190} INFO - [2025-03-19T00:05:53.776+0000] {dagbag.py:588} INFO - Filling up the DagBag from /home/airflow/.local/lib/python3.12/site-packages/airflow/example_dags/example_dataset_alias_with_no_taskflow.py
[2025-03-19T00:05:53.939+0000] {processor.py:925} INFO - DAG(s) 'dataset_s3_bucket_consumer_with_no_taskflow', 'dataset_s3_bucket_producer_with_no_taskflow', 'dataset_alias_example_alias_consumer_with_no_taskflow', 'dataset_alias_example_alias_producer_with_no_taskflow' retrieved from /home/airflow/.local/lib/python3.12/site-packages/airflow/example_dags/example_dataset_alias_with_no_taskflow.py
[2025-03-19T00:05:53.949+0000] {logging_mixin.py:190} INFO - [2025-03-19T00:05:53.949+0000] {dag.py:3239} INFO - Sync 4 DAGs
[2025-03-19T00:05:53.959+0000] {logging_mixin.py:190} INFO - [2025-03-19T00:05:53.959+0000] {dag.py:4180} INFO - Setting next_dagrun for dataset_alias_example_alias_consumer_with_no_taskflow to None, run_after=None
[2025-03-19T00:05:53.964+0000] {logging_mixin.py:190} INFO - [2025-03-19T00:05:53.964+0000] {dag.py:4180} INFO - Setting next_dagrun for dataset_alias_example_alias_producer_with_no_taskflow to None, run_after=None
[2025-03-19T00:05:53.965+0000] {logging_mixin.py:190} INFO - [2025-03-19T00:05:53.965+0000] {dag.py:4180} INFO - Setting next_dagrun for dataset_s3_bucket_consumer_with_no_taskflow to None, run_after=None
[2025-03-19T00:05:53.965+0000] {logging_mixin.py:190} INFO - [2025-03-19T00:05:53.965+0000] {dag.py:4180} INFO - Setting next_dagrun for dataset_s3_bucket_producer_with_no_taskflow to None, run_after=None
[2025-03-19T00:05:54.062+0000] {processor.py:208} INFO - Processing /home/airflow/.local/lib/python3.12/site-packages/airflow/example_dags/example_dataset_alias_with_no_taskflow.py took 0.296 seconds
[2025-03-19T00:06:25.027+0000] {processor.py:186} INFO - Started process (PID=17563) to work on /home/airflow/.local/lib/python3.12/site-packages/airflow/example_dags/example_dataset_alias_with_no_taskflow.py
[2025-03-19T00:06:25.028+0000] {processor.py:914} INFO - Processing file /home/airflow/.local/lib/python3.12/site-packages/airflow/example_dags/example_dataset_alias_with_no_taskflow.py for tasks to queue
[2025-03-19T00:06:25.031+0000] {logging_mixin.py:190} INFO - [2025-03-19T00:06:25.031+0000] {dagbag.py:588} INFO - Filling up the DagBag from /home/airflow/.local/lib/python3.12/site-packages/airflow/example_dags/example_dataset_alias_with_no_taskflow.py
[2025-03-19T00:06:25.181+0000] {processor.py:925} INFO - DAG(s) 'dataset_s3_bucket_producer_with_no_taskflow', 'dataset_alias_example_alias_producer_with_no_taskflow', 'dataset_alias_example_alias_consumer_with_no_taskflow', 'dataset_s3_bucket_consumer_with_no_taskflow' retrieved from /home/airflow/.local/lib/python3.12/site-packages/airflow/example_dags/example_dataset_alias_with_no_taskflow.py
[2025-03-19T00:06:25.193+0000] {logging_mixin.py:190} INFO - [2025-03-19T00:06:25.193+0000] {dag.py:3239} INFO - Sync 4 DAGs
[2025-03-19T00:06:25.200+0000] {logging_mixin.py:190} INFO - [2025-03-19T00:06:25.200+0000] {dag.py:4180} INFO - Setting next_dagrun for dataset_alias_example_alias_consumer_with_no_taskflow to None, run_after=None
[2025-03-19T00:06:25.202+0000] {logging_mixin.py:190} INFO - [2025-03-19T00:06:25.202+0000] {dag.py:4180} INFO - Setting next_dagrun for dataset_alias_example_alias_producer_with_no_taskflow to None, run_after=None
[2025-03-19T00:06:25.203+0000] {logging_mixin.py:190} INFO - [2025-03-19T00:06:25.202+0000] {dag.py:4180} INFO - Setting next_dagrun for dataset_s3_bucket_consumer_with_no_taskflow to None, run_after=None
[2025-03-19T00:06:25.204+0000] {logging_mixin.py:190} INFO - [2025-03-19T00:06:25.204+0000] {dag.py:4180} INFO - Setting next_dagrun for dataset_s3_bucket_producer_with_no_taskflow to None, run_after=None
[2025-03-19T00:06:25.215+0000] {processor.py:208} INFO - Processing /home/airflow/.local/lib/python3.12/site-packages/airflow/example_dags/example_dataset_alias_with_no_taskflow.py took 0.193 seconds
[2025-03-19T00:06:56.144+0000] {processor.py:186} INFO - Started process (PID=17626) to work on /home/airflow/.local/lib/python3.12/site-packages/airflow/example_dags/example_dataset_alias_with_no_taskflow.py
[2025-03-19T00:06:56.144+0000] {processor.py:914} INFO - Processing file /home/airflow/.local/lib/python3.12/site-packages/airflow/example_dags/example_dataset_alias_with_no_taskflow.py for tasks to queue
[2025-03-19T00:06:56.149+0000] {logging_mixin.py:190} INFO - [2025-03-19T00:06:56.148+0000] {dagbag.py:588} INFO - Filling up the DagBag from /home/airflow/.local/lib/python3.12/site-packages/airflow/example_dags/example_dataset_alias_with_no_taskflow.py
[2025-03-19T00:06:56.312+0000] {processor.py:925} INFO - DAG(s) 'dataset_alias_example_alias_consumer_with_no_taskflow', 'dataset_s3_bucket_consumer_with_no_taskflow', 'dataset_s3_bucket_producer_with_no_taskflow', 'dataset_alias_example_alias_producer_with_no_taskflow' retrieved from /home/airflow/.local/lib/python3.12/site-packages/airflow/example_dags/example_dataset_alias_with_no_taskflow.py
[2025-03-19T00:06:56.327+0000] {logging_mixin.py:190} INFO - [2025-03-19T00:06:56.327+0000] {dag.py:3239} INFO - Sync 4 DAGs
[2025-03-19T00:06:56.337+0000] {logging_mixin.py:190} INFO - [2025-03-19T00:06:56.337+0000] {dag.py:4180} INFO - Setting next_dagrun for dataset_alias_example_alias_consumer_with_no_taskflow to None, run_after=None
[2025-03-19T00:06:56.339+0000] {logging_mixin.py:190} INFO - [2025-03-19T00:06:56.339+0000] {dag.py:4180} INFO - Setting next_dagrun for dataset_alias_example_alias_producer_with_no_taskflow to None, run_after=None
[2025-03-19T00:06:56.339+0000] {logging_mixin.py:190} INFO - [2025-03-19T00:06:56.339+0000] {dag.py:4180} INFO - Setting next_dagrun for dataset_s3_bucket_consumer_with_no_taskflow to None, run_after=None
[2025-03-19T00:06:56.340+0000] {logging_mixin.py:190} INFO - [2025-03-19T00:06:56.340+0000] {dag.py:4180} INFO - Setting next_dagrun for dataset_s3_bucket_producer_with_no_taskflow to None, run_after=None
[2025-03-19T00:06:56.350+0000] {processor.py:208} INFO - Processing /home/airflow/.local/lib/python3.12/site-packages/airflow/example_dags/example_dataset_alias_with_no_taskflow.py took 0.214 seconds
[2025-03-19T00:07:27.311+0000] {processor.py:186} INFO - Started process (PID=17689) to work on /home/airflow/.local/lib/python3.12/site-packages/airflow/example_dags/example_dataset_alias_with_no_taskflow.py
[2025-03-19T00:07:27.313+0000] {processor.py:914} INFO - Processing file /home/airflow/.local/lib/python3.12/site-packages/airflow/example_dags/example_dataset_alias_with_no_taskflow.py for tasks to queue
[2025-03-19T00:07:27.316+0000] {logging_mixin.py:190} INFO - [2025-03-19T00:07:27.315+0000] {dagbag.py:588} INFO - Filling up the DagBag from /home/airflow/.local/lib/python3.12/site-packages/airflow/example_dags/example_dataset_alias_with_no_taskflow.py
[2025-03-19T00:07:27.473+0000] {processor.py:925} INFO - DAG(s) 'dataset_s3_bucket_producer_with_no_taskflow', 'dataset_alias_example_alias_producer_with_no_taskflow', 'dataset_s3_bucket_consumer_with_no_taskflow', 'dataset_alias_example_alias_consumer_with_no_taskflow' retrieved from /home/airflow/.local/lib/python3.12/site-packages/airflow/example_dags/example_dataset_alias_with_no_taskflow.py
[2025-03-19T00:07:27.487+0000] {logging_mixin.py:190} INFO - [2025-03-19T00:07:27.486+0000] {dag.py:3239} INFO - Sync 4 DAGs
[2025-03-19T00:07:27.499+0000] {logging_mixin.py:190} INFO - [2025-03-19T00:07:27.498+0000] {dag.py:4180} INFO - Setting next_dagrun for dataset_alias_example_alias_consumer_with_no_taskflow to None, run_after=None
[2025-03-19T00:07:27.499+0000] {logging_mixin.py:190} INFO - [2025-03-19T00:07:27.499+0000] {dag.py:4180} INFO - Setting next_dagrun for dataset_alias_example_alias_producer_with_no_taskflow to None, run_after=None
[2025-03-19T00:07:27.500+0000] {logging_mixin.py:190} INFO - [2025-03-19T00:07:27.500+0000] {dag.py:4180} INFO - Setting next_dagrun for dataset_s3_bucket_consumer_with_no_taskflow to None, run_after=None
[2025-03-19T00:07:27.500+0000] {logging_mixin.py:190} INFO - [2025-03-19T00:07:27.500+0000] {dag.py:4180} INFO - Setting next_dagrun for dataset_s3_bucket_producer_with_no_taskflow to None, run_after=None
[2025-03-19T00:07:27.514+0000] {processor.py:208} INFO - Processing /home/airflow/.local/lib/python3.12/site-packages/airflow/example_dags/example_dataset_alias_with_no_taskflow.py took 0.209 seconds
[2025-03-19T00:07:58.475+0000] {processor.py:186} INFO - Started process (PID=17752) to work on /home/airflow/.local/lib/python3.12/site-packages/airflow/example_dags/example_dataset_alias_with_no_taskflow.py
[2025-03-19T00:07:58.475+0000] {processor.py:914} INFO - Processing file /home/airflow/.local/lib/python3.12/site-packages/airflow/example_dags/example_dataset_alias_with_no_taskflow.py for tasks to queue
[2025-03-19T00:07:58.478+0000] {logging_mixin.py:190} INFO - [2025-03-19T00:07:58.478+0000] {dagbag.py:588} INFO - Filling up the DagBag from /home/airflow/.local/lib/python3.12/site-packages/airflow/example_dags/example_dataset_alias_with_no_taskflow.py
[2025-03-19T00:07:58.628+0000] {processor.py:925} INFO - DAG(s) 'dataset_s3_bucket_consumer_with_no_taskflow', 'dataset_alias_example_alias_consumer_with_no_taskflow', 'dataset_alias_example_alias_producer_with_no_taskflow', 'dataset_s3_bucket_producer_with_no_taskflow' retrieved from /home/airflow/.local/lib/python3.12/site-packages/airflow/example_dags/example_dataset_alias_with_no_taskflow.py
[2025-03-19T00:07:58.639+0000] {logging_mixin.py:190} INFO - [2025-03-19T00:07:58.639+0000] {dag.py:3239} INFO - Sync 4 DAGs
[2025-03-19T00:07:58.736+0000] {logging_mixin.py:190} INFO - [2025-03-19T00:07:58.736+0000] {dag.py:4180} INFO - Setting next_dagrun for dataset_alias_example_alias_consumer_with_no_taskflow to None, run_after=None
[2025-03-19T00:07:58.738+0000] {logging_mixin.py:190} INFO - [2025-03-19T00:07:58.738+0000] {dag.py:4180} INFO - Setting next_dagrun for dataset_alias_example_alias_producer_with_no_taskflow to None, run_after=None
[2025-03-19T00:07:58.738+0000] {logging_mixin.py:190} INFO - [2025-03-19T00:07:58.738+0000] {dag.py:4180} INFO - Setting next_dagrun for dataset_s3_bucket_consumer_with_no_taskflow to None, run_after=None
[2025-03-19T00:07:58.739+0000] {logging_mixin.py:190} INFO - [2025-03-19T00:07:58.739+0000] {dag.py:4180} INFO - Setting next_dagrun for dataset_s3_bucket_producer_with_no_taskflow to None, run_after=None
[2025-03-19T00:07:58.749+0000] {processor.py:208} INFO - Processing /home/airflow/.local/lib/python3.12/site-packages/airflow/example_dags/example_dataset_alias_with_no_taskflow.py took 0.280 seconds
