[2025-03-19T00:00:03.400+0000] {processor.py:186} INFO - Started process (PID=16792) to work on /home/airflow/.local/lib/python3.12/site-packages/airflow/example_dags/example_task_group.py
[2025-03-19T00:00:03.400+0000] {processor.py:914} INFO - Processing file /home/airflow/.local/lib/python3.12/site-packages/airflow/example_dags/example_task_group.py for tasks to queue
[2025-03-19T00:00:03.401+0000] {logging_mixin.py:190} INFO - [2025-03-19T00:00:03.401+0000] {dagbag.py:588} INFO - Filling up the DagBag from /home/airflow/.local/lib/python3.12/site-packages/airflow/example_dags/example_task_group.py
[2025-03-19T00:00:03.406+0000] {processor.py:925} INFO - DAG(s) 'example_task_group' retrieved from /home/airflow/.local/lib/python3.12/site-packages/airflow/example_dags/example_task_group.py
[2025-03-19T00:00:03.416+0000] {logging_mixin.py:190} INFO - [2025-03-19T00:00:03.416+0000] {dag.py:3239} INFO - Sync 1 DAGs
[2025-03-19T00:00:03.421+0000] {logging_mixin.py:190} INFO - [2025-03-19T00:00:03.421+0000] {dag.py:4180} INFO - Setting next_dagrun for example_task_group to None, run_after=None
[2025-03-19T00:00:03.427+0000] {processor.py:208} INFO - Processing /home/airflow/.local/lib/python3.12/site-packages/airflow/example_dags/example_task_group.py took 0.029 seconds
[2025-03-19T00:00:33.513+0000] {processor.py:186} INFO - Started process (PID=16855) to work on /home/airflow/.local/lib/python3.12/site-packages/airflow/example_dags/example_task_group.py
[2025-03-19T00:00:33.515+0000] {processor.py:914} INFO - Processing file /home/airflow/.local/lib/python3.12/site-packages/airflow/example_dags/example_task_group.py for tasks to queue
[2025-03-19T00:00:33.516+0000] {logging_mixin.py:190} INFO - [2025-03-19T00:00:33.516+0000] {dagbag.py:588} INFO - Filling up the DagBag from /home/airflow/.local/lib/python3.12/site-packages/airflow/example_dags/example_task_group.py
[2025-03-19T00:00:33.520+0000] {processor.py:925} INFO - DAG(s) 'example_task_group' retrieved from /home/airflow/.local/lib/python3.12/site-packages/airflow/example_dags/example_task_group.py
[2025-03-19T00:00:33.532+0000] {logging_mixin.py:190} INFO - [2025-03-19T00:00:33.532+0000] {dag.py:3239} INFO - Sync 1 DAGs
[2025-03-19T00:00:33.538+0000] {logging_mixin.py:190} INFO - [2025-03-19T00:00:33.538+0000] {dag.py:4180} INFO - Setting next_dagrun for example_task_group to None, run_after=None
[2025-03-19T00:00:33.549+0000] {processor.py:208} INFO - Processing /home/airflow/.local/lib/python3.12/site-packages/airflow/example_dags/example_task_group.py took 0.038 seconds
[2025-03-19T00:01:03.631+0000] {processor.py:186} INFO - Started process (PID=16919) to work on /home/airflow/.local/lib/python3.12/site-packages/airflow/example_dags/example_task_group.py
[2025-03-19T00:01:03.632+0000] {processor.py:914} INFO - Processing file /home/airflow/.local/lib/python3.12/site-packages/airflow/example_dags/example_task_group.py for tasks to queue
[2025-03-19T00:01:03.633+0000] {logging_mixin.py:190} INFO - [2025-03-19T00:01:03.633+0000] {dagbag.py:588} INFO - Filling up the DagBag from /home/airflow/.local/lib/python3.12/site-packages/airflow/example_dags/example_task_group.py
[2025-03-19T00:01:03.637+0000] {processor.py:925} INFO - DAG(s) 'example_task_group' retrieved from /home/airflow/.local/lib/python3.12/site-packages/airflow/example_dags/example_task_group.py
[2025-03-19T00:01:03.652+0000] {logging_mixin.py:190} INFO - [2025-03-19T00:01:03.651+0000] {dag.py:3239} INFO - Sync 1 DAGs
[2025-03-19T00:01:03.658+0000] {logging_mixin.py:190} INFO - [2025-03-19T00:01:03.658+0000] {dag.py:4180} INFO - Setting next_dagrun for example_task_group to None, run_after=None
[2025-03-19T00:01:03.671+0000] {processor.py:208} INFO - Processing /home/airflow/.local/lib/python3.12/site-packages/airflow/example_dags/example_task_group.py took 0.043 seconds
[2025-03-19T00:01:34.698+0000] {processor.py:186} INFO - Started process (PID=16982) to work on /home/airflow/.local/lib/python3.12/site-packages/airflow/example_dags/example_task_group.py
[2025-03-19T00:01:34.699+0000] {processor.py:914} INFO - Processing file /home/airflow/.local/lib/python3.12/site-packages/airflow/example_dags/example_task_group.py for tasks to queue
[2025-03-19T00:01:34.699+0000] {logging_mixin.py:190} INFO - [2025-03-19T00:01:34.699+0000] {dagbag.py:588} INFO - Filling up the DagBag from /home/airflow/.local/lib/python3.12/site-packages/airflow/example_dags/example_task_group.py
[2025-03-19T00:01:34.703+0000] {processor.py:925} INFO - DAG(s) 'example_task_group' retrieved from /home/airflow/.local/lib/python3.12/site-packages/airflow/example_dags/example_task_group.py
[2025-03-19T00:01:34.710+0000] {logging_mixin.py:190} INFO - [2025-03-19T00:01:34.710+0000] {dag.py:3239} INFO - Sync 1 DAGs
[2025-03-19T00:01:34.715+0000] {logging_mixin.py:190} INFO - [2025-03-19T00:01:34.715+0000] {dag.py:4180} INFO - Setting next_dagrun for example_task_group to None, run_after=None
[2025-03-19T00:01:34.720+0000] {processor.py:208} INFO - Processing /home/airflow/.local/lib/python3.12/site-packages/airflow/example_dags/example_task_group.py took 0.024 seconds
[2025-03-19T00:02:05.704+0000] {processor.py:186} INFO - Started process (PID=17045) to work on /home/airflow/.local/lib/python3.12/site-packages/airflow/example_dags/example_task_group.py
[2025-03-19T00:02:05.706+0000] {processor.py:914} INFO - Processing file /home/airflow/.local/lib/python3.12/site-packages/airflow/example_dags/example_task_group.py for tasks to queue
[2025-03-19T00:02:05.707+0000] {logging_mixin.py:190} INFO - [2025-03-19T00:02:05.707+0000] {dagbag.py:588} INFO - Filling up the DagBag from /home/airflow/.local/lib/python3.12/site-packages/airflow/example_dags/example_task_group.py
[2025-03-19T00:02:05.711+0000] {processor.py:925} INFO - DAG(s) 'example_task_group' retrieved from /home/airflow/.local/lib/python3.12/site-packages/airflow/example_dags/example_task_group.py
[2025-03-19T00:02:05.725+0000] {logging_mixin.py:190} INFO - [2025-03-19T00:02:05.725+0000] {dag.py:3239} INFO - Sync 1 DAGs
[2025-03-19T00:02:05.731+0000] {logging_mixin.py:190} INFO - [2025-03-19T00:02:05.731+0000] {dag.py:4180} INFO - Setting next_dagrun for example_task_group to None, run_after=None
[2025-03-19T00:02:05.737+0000] {processor.py:208} INFO - Processing /home/airflow/.local/lib/python3.12/site-packages/airflow/example_dags/example_task_group.py took 0.035 seconds
[2025-03-19T00:02:35.853+0000] {processor.py:186} INFO - Started process (PID=17108) to work on /home/airflow/.local/lib/python3.12/site-packages/airflow/example_dags/example_task_group.py
[2025-03-19T00:02:35.854+0000] {processor.py:914} INFO - Processing file /home/airflow/.local/lib/python3.12/site-packages/airflow/example_dags/example_task_group.py for tasks to queue
[2025-03-19T00:02:35.855+0000] {logging_mixin.py:190} INFO - [2025-03-19T00:02:35.855+0000] {dagbag.py:588} INFO - Filling up the DagBag from /home/airflow/.local/lib/python3.12/site-packages/airflow/example_dags/example_task_group.py
[2025-03-19T00:02:35.860+0000] {processor.py:925} INFO - DAG(s) 'example_task_group' retrieved from /home/airflow/.local/lib/python3.12/site-packages/airflow/example_dags/example_task_group.py
[2025-03-19T00:02:35.873+0000] {logging_mixin.py:190} INFO - [2025-03-19T00:02:35.873+0000] {dag.py:3239} INFO - Sync 1 DAGs
[2025-03-19T00:02:35.882+0000] {logging_mixin.py:190} INFO - [2025-03-19T00:02:35.882+0000] {dag.py:4180} INFO - Setting next_dagrun for example_task_group to None, run_after=None
[2025-03-19T00:02:35.892+0000] {processor.py:208} INFO - Processing /home/airflow/.local/lib/python3.12/site-packages/airflow/example_dags/example_task_group.py took 0.041 seconds
[2025-03-19T00:03:06.007+0000] {processor.py:186} INFO - Started process (PID=17171) to work on /home/airflow/.local/lib/python3.12/site-packages/airflow/example_dags/example_task_group.py
[2025-03-19T00:03:06.008+0000] {processor.py:914} INFO - Processing file /home/airflow/.local/lib/python3.12/site-packages/airflow/example_dags/example_task_group.py for tasks to queue
[2025-03-19T00:03:06.009+0000] {logging_mixin.py:190} INFO - [2025-03-19T00:03:06.009+0000] {dagbag.py:588} INFO - Filling up the DagBag from /home/airflow/.local/lib/python3.12/site-packages/airflow/example_dags/example_task_group.py
[2025-03-19T00:03:06.014+0000] {processor.py:925} INFO - DAG(s) 'example_task_group' retrieved from /home/airflow/.local/lib/python3.12/site-packages/airflow/example_dags/example_task_group.py
[2025-03-19T00:03:06.029+0000] {logging_mixin.py:190} INFO - [2025-03-19T00:03:06.029+0000] {dag.py:3239} INFO - Sync 1 DAGs
[2025-03-19T00:03:06.035+0000] {logging_mixin.py:190} INFO - [2025-03-19T00:03:06.035+0000] {dag.py:4180} INFO - Setting next_dagrun for example_task_group to None, run_after=None
[2025-03-19T00:03:06.044+0000] {processor.py:208} INFO - Processing /home/airflow/.local/lib/python3.12/site-packages/airflow/example_dags/example_task_group.py took 0.039 seconds
[2025-03-19T00:03:36.158+0000] {processor.py:186} INFO - Started process (PID=17234) to work on /home/airflow/.local/lib/python3.12/site-packages/airflow/example_dags/example_task_group.py
[2025-03-19T00:03:36.158+0000] {processor.py:914} INFO - Processing file /home/airflow/.local/lib/python3.12/site-packages/airflow/example_dags/example_task_group.py for tasks to queue
[2025-03-19T00:03:36.160+0000] {logging_mixin.py:190} INFO - [2025-03-19T00:03:36.160+0000] {dagbag.py:588} INFO - Filling up the DagBag from /home/airflow/.local/lib/python3.12/site-packages/airflow/example_dags/example_task_group.py
[2025-03-19T00:03:36.166+0000] {processor.py:925} INFO - DAG(s) 'example_task_group' retrieved from /home/airflow/.local/lib/python3.12/site-packages/airflow/example_dags/example_task_group.py
[2025-03-19T00:03:36.180+0000] {logging_mixin.py:190} INFO - [2025-03-19T00:03:36.180+0000] {dag.py:3239} INFO - Sync 1 DAGs
[2025-03-19T00:03:36.187+0000] {logging_mixin.py:190} INFO - [2025-03-19T00:03:36.187+0000] {dag.py:4180} INFO - Setting next_dagrun for example_task_group to None, run_after=None
[2025-03-19T00:03:36.196+0000] {processor.py:208} INFO - Processing /home/airflow/.local/lib/python3.12/site-packages/airflow/example_dags/example_task_group.py took 0.040 seconds
[2025-03-19T00:04:07.197+0000] {processor.py:186} INFO - Started process (PID=17303) to work on /home/airflow/.local/lib/python3.12/site-packages/airflow/example_dags/example_task_group.py
[2025-03-19T00:04:07.198+0000] {processor.py:914} INFO - Processing file /home/airflow/.local/lib/python3.12/site-packages/airflow/example_dags/example_task_group.py for tasks to queue
[2025-03-19T00:04:07.200+0000] {logging_mixin.py:190} INFO - [2025-03-19T00:04:07.200+0000] {dagbag.py:588} INFO - Filling up the DagBag from /home/airflow/.local/lib/python3.12/site-packages/airflow/example_dags/example_task_group.py
[2025-03-19T00:04:07.204+0000] {processor.py:925} INFO - DAG(s) 'example_task_group' retrieved from /home/airflow/.local/lib/python3.12/site-packages/airflow/example_dags/example_task_group.py
[2025-03-19T00:04:07.217+0000] {logging_mixin.py:190} INFO - [2025-03-19T00:04:07.216+0000] {dag.py:3239} INFO - Sync 1 DAGs
[2025-03-19T00:04:07.221+0000] {logging_mixin.py:190} INFO - [2025-03-19T00:04:07.221+0000] {dag.py:4180} INFO - Setting next_dagrun for example_task_group to None, run_after=None
[2025-03-19T00:04:07.229+0000] {processor.py:208} INFO - Processing /home/airflow/.local/lib/python3.12/site-packages/airflow/example_dags/example_task_group.py took 0.034 seconds
[2025-03-19T00:04:38.198+0000] {processor.py:186} INFO - Started process (PID=17366) to work on /home/airflow/.local/lib/python3.12/site-packages/airflow/example_dags/example_task_group.py
[2025-03-19T00:04:38.200+0000] {processor.py:914} INFO - Processing file /home/airflow/.local/lib/python3.12/site-packages/airflow/example_dags/example_task_group.py for tasks to queue
[2025-03-19T00:04:38.202+0000] {logging_mixin.py:190} INFO - [2025-03-19T00:04:38.201+0000] {dagbag.py:588} INFO - Filling up the DagBag from /home/airflow/.local/lib/python3.12/site-packages/airflow/example_dags/example_task_group.py
[2025-03-19T00:04:38.205+0000] {processor.py:925} INFO - DAG(s) 'example_task_group' retrieved from /home/airflow/.local/lib/python3.12/site-packages/airflow/example_dags/example_task_group.py
[2025-03-19T00:04:38.218+0000] {logging_mixin.py:190} INFO - [2025-03-19T00:04:38.218+0000] {dag.py:3239} INFO - Sync 1 DAGs
[2025-03-19T00:04:38.223+0000] {logging_mixin.py:190} INFO - [2025-03-19T00:04:38.223+0000] {dag.py:4180} INFO - Setting next_dagrun for example_task_group to None, run_after=None
[2025-03-19T00:04:38.232+0000] {processor.py:208} INFO - Processing /home/airflow/.local/lib/python3.12/site-packages/airflow/example_dags/example_task_group.py took 0.036 seconds
[2025-03-19T00:05:09.229+0000] {processor.py:186} INFO - Started process (PID=17429) to work on /home/airflow/.local/lib/python3.12/site-packages/airflow/example_dags/example_task_group.py
[2025-03-19T00:05:09.230+0000] {processor.py:914} INFO - Processing file /home/airflow/.local/lib/python3.12/site-packages/airflow/example_dags/example_task_group.py for tasks to queue
[2025-03-19T00:05:09.231+0000] {logging_mixin.py:190} INFO - [2025-03-19T00:05:09.231+0000] {dagbag.py:588} INFO - Filling up the DagBag from /home/airflow/.local/lib/python3.12/site-packages/airflow/example_dags/example_task_group.py
[2025-03-19T00:05:09.234+0000] {processor.py:925} INFO - DAG(s) 'example_task_group' retrieved from /home/airflow/.local/lib/python3.12/site-packages/airflow/example_dags/example_task_group.py
[2025-03-19T00:05:09.247+0000] {logging_mixin.py:190} INFO - [2025-03-19T00:05:09.247+0000] {dag.py:3239} INFO - Sync 1 DAGs
[2025-03-19T00:05:09.252+0000] {logging_mixin.py:190} INFO - [2025-03-19T00:05:09.252+0000] {dag.py:4180} INFO - Setting next_dagrun for example_task_group to None, run_after=None
[2025-03-19T00:05:09.259+0000] {processor.py:208} INFO - Processing /home/airflow/.local/lib/python3.12/site-packages/airflow/example_dags/example_task_group.py took 0.033 seconds
[2025-03-19T00:05:39.368+0000] {processor.py:186} INFO - Started process (PID=17491) to work on /home/airflow/.local/lib/python3.12/site-packages/airflow/example_dags/example_task_group.py
[2025-03-19T00:05:39.368+0000] {processor.py:914} INFO - Processing file /home/airflow/.local/lib/python3.12/site-packages/airflow/example_dags/example_task_group.py for tasks to queue
[2025-03-19T00:05:39.369+0000] {logging_mixin.py:190} INFO - [2025-03-19T00:05:39.369+0000] {dagbag.py:588} INFO - Filling up the DagBag from /home/airflow/.local/lib/python3.12/site-packages/airflow/example_dags/example_task_group.py
[2025-03-19T00:05:39.373+0000] {processor.py:925} INFO - DAG(s) 'example_task_group' retrieved from /home/airflow/.local/lib/python3.12/site-packages/airflow/example_dags/example_task_group.py
[2025-03-19T00:05:39.380+0000] {logging_mixin.py:190} INFO - [2025-03-19T00:05:39.380+0000] {dag.py:3239} INFO - Sync 1 DAGs
[2025-03-19T00:05:39.385+0000] {logging_mixin.py:190} INFO - [2025-03-19T00:05:39.385+0000] {dag.py:4180} INFO - Setting next_dagrun for example_task_group to None, run_after=None
[2025-03-19T00:05:39.390+0000] {processor.py:208} INFO - Processing /home/airflow/.local/lib/python3.12/site-packages/airflow/example_dags/example_task_group.py took 0.025 seconds
[2025-03-19T00:06:09.601+0000] {processor.py:186} INFO - Started process (PID=17555) to work on /home/airflow/.local/lib/python3.12/site-packages/airflow/example_dags/example_task_group.py
[2025-03-19T00:06:09.605+0000] {processor.py:914} INFO - Processing file /home/airflow/.local/lib/python3.12/site-packages/airflow/example_dags/example_task_group.py for tasks to queue
[2025-03-19T00:06:09.606+0000] {logging_mixin.py:190} INFO - [2025-03-19T00:06:09.606+0000] {dagbag.py:588} INFO - Filling up the DagBag from /home/airflow/.local/lib/python3.12/site-packages/airflow/example_dags/example_task_group.py
[2025-03-19T00:06:09.610+0000] {processor.py:925} INFO - DAG(s) 'example_task_group' retrieved from /home/airflow/.local/lib/python3.12/site-packages/airflow/example_dags/example_task_group.py
[2025-03-19T00:06:09.625+0000] {logging_mixin.py:190} INFO - [2025-03-19T00:06:09.625+0000] {dag.py:3239} INFO - Sync 1 DAGs
[2025-03-19T00:06:09.631+0000] {logging_mixin.py:190} INFO - [2025-03-19T00:06:09.631+0000] {dag.py:4180} INFO - Setting next_dagrun for example_task_group to None, run_after=None
[2025-03-19T00:06:09.646+0000] {processor.py:208} INFO - Processing /home/airflow/.local/lib/python3.12/site-packages/airflow/example_dags/example_task_group.py took 0.047 seconds
[2025-03-19T00:06:39.761+0000] {processor.py:186} INFO - Started process (PID=17618) to work on /home/airflow/.local/lib/python3.12/site-packages/airflow/example_dags/example_task_group.py
[2025-03-19T00:06:39.761+0000] {processor.py:914} INFO - Processing file /home/airflow/.local/lib/python3.12/site-packages/airflow/example_dags/example_task_group.py for tasks to queue
[2025-03-19T00:06:39.762+0000] {logging_mixin.py:190} INFO - [2025-03-19T00:06:39.762+0000] {dagbag.py:588} INFO - Filling up the DagBag from /home/airflow/.local/lib/python3.12/site-packages/airflow/example_dags/example_task_group.py
[2025-03-19T00:06:39.768+0000] {processor.py:925} INFO - DAG(s) 'example_task_group' retrieved from /home/airflow/.local/lib/python3.12/site-packages/airflow/example_dags/example_task_group.py
[2025-03-19T00:06:39.778+0000] {logging_mixin.py:190} INFO - [2025-03-19T00:06:39.778+0000] {dag.py:3239} INFO - Sync 1 DAGs
[2025-03-19T00:06:39.784+0000] {logging_mixin.py:190} INFO - [2025-03-19T00:06:39.784+0000] {dag.py:4180} INFO - Setting next_dagrun for example_task_group to None, run_after=None
[2025-03-19T00:06:39.792+0000] {processor.py:208} INFO - Processing /home/airflow/.local/lib/python3.12/site-packages/airflow/example_dags/example_task_group.py took 0.034 seconds
[2025-03-19T00:07:09.879+0000] {processor.py:186} INFO - Started process (PID=17681) to work on /home/airflow/.local/lib/python3.12/site-packages/airflow/example_dags/example_task_group.py
[2025-03-19T00:07:09.880+0000] {processor.py:914} INFO - Processing file /home/airflow/.local/lib/python3.12/site-packages/airflow/example_dags/example_task_group.py for tasks to queue
[2025-03-19T00:07:09.881+0000] {logging_mixin.py:190} INFO - [2025-03-19T00:07:09.881+0000] {dagbag.py:588} INFO - Filling up the DagBag from /home/airflow/.local/lib/python3.12/site-packages/airflow/example_dags/example_task_group.py
[2025-03-19T00:07:09.885+0000] {processor.py:925} INFO - DAG(s) 'example_task_group' retrieved from /home/airflow/.local/lib/python3.12/site-packages/airflow/example_dags/example_task_group.py
[2025-03-19T00:07:09.897+0000] {logging_mixin.py:190} INFO - [2025-03-19T00:07:09.897+0000] {dag.py:3239} INFO - Sync 1 DAGs
[2025-03-19T00:07:09.903+0000] {logging_mixin.py:190} INFO - [2025-03-19T00:07:09.903+0000] {dag.py:4180} INFO - Setting next_dagrun for example_task_group to None, run_after=None
[2025-03-19T00:07:09.911+0000] {processor.py:208} INFO - Processing /home/airflow/.local/lib/python3.12/site-packages/airflow/example_dags/example_task_group.py took 0.034 seconds
[2025-03-19T00:07:40.060+0000] {processor.py:186} INFO - Started process (PID=17744) to work on /home/airflow/.local/lib/python3.12/site-packages/airflow/example_dags/example_task_group.py
[2025-03-19T00:07:40.060+0000] {processor.py:914} INFO - Processing file /home/airflow/.local/lib/python3.12/site-packages/airflow/example_dags/example_task_group.py for tasks to queue
[2025-03-19T00:07:40.061+0000] {logging_mixin.py:190} INFO - [2025-03-19T00:07:40.061+0000] {dagbag.py:588} INFO - Filling up the DagBag from /home/airflow/.local/lib/python3.12/site-packages/airflow/example_dags/example_task_group.py
[2025-03-19T00:07:40.064+0000] {processor.py:925} INFO - DAG(s) 'example_task_group' retrieved from /home/airflow/.local/lib/python3.12/site-packages/airflow/example_dags/example_task_group.py
[2025-03-19T00:07:40.072+0000] {logging_mixin.py:190} INFO - [2025-03-19T00:07:40.072+0000] {dag.py:3239} INFO - Sync 1 DAGs
[2025-03-19T00:07:40.076+0000] {logging_mixin.py:190} INFO - [2025-03-19T00:07:40.076+0000] {dag.py:4180} INFO - Setting next_dagrun for example_task_group to None, run_after=None
[2025-03-19T00:07:40.081+0000] {processor.py:208} INFO - Processing /home/airflow/.local/lib/python3.12/site-packages/airflow/example_dags/example_task_group.py took 0.024 seconds
