[2025-03-19T00:00:12.989+0000] {processor.py:186} INFO - Started process (PID=16842) to work on /home/airflow/.local/lib/python3.12/site-packages/airflow/example_dags/example_bash_decorator.py
[2025-03-19T00:00:12.992+0000] {processor.py:914} INFO - Processing file /home/airflow/.local/lib/python3.12/site-packages/airflow/example_dags/example_bash_decorator.py for tasks to queue
[2025-03-19T00:00:12.994+0000] {logging_mixin.py:190} INFO - [2025-03-19T00:00:12.994+0000] {dagbag.py:588} INFO - Filling up the DagBag from /home/airflow/.local/lib/python3.12/site-packages/airflow/example_dags/example_bash_decorator.py
[2025-03-19T00:00:13.002+0000] {processor.py:925} INFO - DAG(s) 'example_bash_decorator' retrieved from /home/airflow/.local/lib/python3.12/site-packages/airflow/example_dags/example_bash_decorator.py
[2025-03-19T00:00:13.013+0000] {logging_mixin.py:190} INFO - [2025-03-19T00:00:13.013+0000] {dag.py:3239} INFO - Sync 1 DAGs
[2025-03-19T00:00:13.018+0000] {logging_mixin.py:190} INFO - [2025-03-19T00:00:13.018+0000] {dag.py:4180} INFO - Setting next_dagrun for example_bash_decorator to None, run_after=None
[2025-03-19T00:00:13.024+0000] {processor.py:208} INFO - Processing /home/airflow/.local/lib/python3.12/site-packages/airflow/example_dags/example_bash_decorator.py took 0.037 seconds
[2025-03-19T00:00:44.137+0000] {processor.py:186} INFO - Started process (PID=16905) to work on /home/airflow/.local/lib/python3.12/site-packages/airflow/example_dags/example_bash_decorator.py
[2025-03-19T00:00:44.138+0000] {processor.py:914} INFO - Processing file /home/airflow/.local/lib/python3.12/site-packages/airflow/example_dags/example_bash_decorator.py for tasks to queue
[2025-03-19T00:00:44.139+0000] {logging_mixin.py:190} INFO - [2025-03-19T00:00:44.139+0000] {dagbag.py:588} INFO - Filling up the DagBag from /home/airflow/.local/lib/python3.12/site-packages/airflow/example_dags/example_bash_decorator.py
[2025-03-19T00:00:44.146+0000] {processor.py:925} INFO - DAG(s) 'example_bash_decorator' retrieved from /home/airflow/.local/lib/python3.12/site-packages/airflow/example_dags/example_bash_decorator.py
[2025-03-19T00:00:44.155+0000] {logging_mixin.py:190} INFO - [2025-03-19T00:00:44.154+0000] {dag.py:3239} INFO - Sync 1 DAGs
[2025-03-19T00:00:44.160+0000] {logging_mixin.py:190} INFO - [2025-03-19T00:00:44.159+0000] {dag.py:4180} INFO - Setting next_dagrun for example_bash_decorator to None, run_after=None
[2025-03-19T00:00:44.165+0000] {processor.py:208} INFO - Processing /home/airflow/.local/lib/python3.12/site-packages/airflow/example_dags/example_bash_decorator.py took 0.031 seconds
[2025-03-19T00:01:15.189+0000] {processor.py:186} INFO - Started process (PID=16968) to work on /home/airflow/.local/lib/python3.12/site-packages/airflow/example_dags/example_bash_decorator.py
[2025-03-19T00:01:15.189+0000] {processor.py:914} INFO - Processing file /home/airflow/.local/lib/python3.12/site-packages/airflow/example_dags/example_bash_decorator.py for tasks to queue
[2025-03-19T00:01:15.190+0000] {logging_mixin.py:190} INFO - [2025-03-19T00:01:15.190+0000] {dagbag.py:588} INFO - Filling up the DagBag from /home/airflow/.local/lib/python3.12/site-packages/airflow/example_dags/example_bash_decorator.py
[2025-03-19T00:01:15.196+0000] {processor.py:925} INFO - DAG(s) 'example_bash_decorator' retrieved from /home/airflow/.local/lib/python3.12/site-packages/airflow/example_dags/example_bash_decorator.py
[2025-03-19T00:01:15.207+0000] {logging_mixin.py:190} INFO - [2025-03-19T00:01:15.207+0000] {dag.py:3239} INFO - Sync 1 DAGs
[2025-03-19T00:01:15.215+0000] {logging_mixin.py:190} INFO - [2025-03-19T00:01:15.215+0000] {dag.py:4180} INFO - Setting next_dagrun for example_bash_decorator to None, run_after=None
[2025-03-19T00:01:15.225+0000] {processor.py:208} INFO - Processing /home/airflow/.local/lib/python3.12/site-packages/airflow/example_dags/example_bash_decorator.py took 0.038 seconds
[2025-03-19T00:01:46.208+0000] {processor.py:186} INFO - Started process (PID=17031) to work on /home/airflow/.local/lib/python3.12/site-packages/airflow/example_dags/example_bash_decorator.py
[2025-03-19T00:01:46.209+0000] {processor.py:914} INFO - Processing file /home/airflow/.local/lib/python3.12/site-packages/airflow/example_dags/example_bash_decorator.py for tasks to queue
[2025-03-19T00:01:46.210+0000] {logging_mixin.py:190} INFO - [2025-03-19T00:01:46.210+0000] {dagbag.py:588} INFO - Filling up the DagBag from /home/airflow/.local/lib/python3.12/site-packages/airflow/example_dags/example_bash_decorator.py
[2025-03-19T00:01:46.216+0000] {processor.py:925} INFO - DAG(s) 'example_bash_decorator' retrieved from /home/airflow/.local/lib/python3.12/site-packages/airflow/example_dags/example_bash_decorator.py
[2025-03-19T00:01:46.227+0000] {logging_mixin.py:190} INFO - [2025-03-19T00:01:46.227+0000] {dag.py:3239} INFO - Sync 1 DAGs
[2025-03-19T00:01:46.233+0000] {logging_mixin.py:190} INFO - [2025-03-19T00:01:46.232+0000] {dag.py:4180} INFO - Setting next_dagrun for example_bash_decorator to None, run_after=None
[2025-03-19T00:01:46.242+0000] {processor.py:208} INFO - Processing /home/airflow/.local/lib/python3.12/site-packages/airflow/example_dags/example_bash_decorator.py took 0.037 seconds
[2025-03-19T00:02:17.348+0000] {processor.py:186} INFO - Started process (PID=17094) to work on /home/airflow/.local/lib/python3.12/site-packages/airflow/example_dags/example_bash_decorator.py
[2025-03-19T00:02:17.349+0000] {processor.py:914} INFO - Processing file /home/airflow/.local/lib/python3.12/site-packages/airflow/example_dags/example_bash_decorator.py for tasks to queue
[2025-03-19T00:02:17.350+0000] {logging_mixin.py:190} INFO - [2025-03-19T00:02:17.349+0000] {dagbag.py:588} INFO - Filling up the DagBag from /home/airflow/.local/lib/python3.12/site-packages/airflow/example_dags/example_bash_decorator.py
[2025-03-19T00:02:17.356+0000] {processor.py:925} INFO - DAG(s) 'example_bash_decorator' retrieved from /home/airflow/.local/lib/python3.12/site-packages/airflow/example_dags/example_bash_decorator.py
[2025-03-19T00:02:17.367+0000] {logging_mixin.py:190} INFO - [2025-03-19T00:02:17.367+0000] {dag.py:3239} INFO - Sync 1 DAGs
[2025-03-19T00:02:17.374+0000] {logging_mixin.py:190} INFO - [2025-03-19T00:02:17.374+0000] {dag.py:4180} INFO - Setting next_dagrun for example_bash_decorator to None, run_after=None
[2025-03-19T00:02:17.379+0000] {processor.py:208} INFO - Processing /home/airflow/.local/lib/python3.12/site-packages/airflow/example_dags/example_bash_decorator.py took 0.034 seconds
[2025-03-19T00:02:48.491+0000] {processor.py:186} INFO - Started process (PID=17157) to work on /home/airflow/.local/lib/python3.12/site-packages/airflow/example_dags/example_bash_decorator.py
[2025-03-19T00:02:48.492+0000] {processor.py:914} INFO - Processing file /home/airflow/.local/lib/python3.12/site-packages/airflow/example_dags/example_bash_decorator.py for tasks to queue
[2025-03-19T00:02:48.493+0000] {logging_mixin.py:190} INFO - [2025-03-19T00:02:48.493+0000] {dagbag.py:588} INFO - Filling up the DagBag from /home/airflow/.local/lib/python3.12/site-packages/airflow/example_dags/example_bash_decorator.py
[2025-03-19T00:02:48.501+0000] {processor.py:925} INFO - DAG(s) 'example_bash_decorator' retrieved from /home/airflow/.local/lib/python3.12/site-packages/airflow/example_dags/example_bash_decorator.py
[2025-03-19T00:02:48.518+0000] {logging_mixin.py:190} INFO - [2025-03-19T00:02:48.517+0000] {dag.py:3239} INFO - Sync 1 DAGs
[2025-03-19T00:02:48.523+0000] {logging_mixin.py:190} INFO - [2025-03-19T00:02:48.523+0000] {dag.py:4180} INFO - Setting next_dagrun for example_bash_decorator to None, run_after=None
[2025-03-19T00:02:48.530+0000] {processor.py:208} INFO - Processing /home/airflow/.local/lib/python3.12/site-packages/airflow/example_dags/example_bash_decorator.py took 0.041 seconds
[2025-03-19T00:03:19.657+0000] {processor.py:186} INFO - Started process (PID=17220) to work on /home/airflow/.local/lib/python3.12/site-packages/airflow/example_dags/example_bash_decorator.py
[2025-03-19T00:03:19.657+0000] {processor.py:914} INFO - Processing file /home/airflow/.local/lib/python3.12/site-packages/airflow/example_dags/example_bash_decorator.py for tasks to queue
[2025-03-19T00:03:19.658+0000] {logging_mixin.py:190} INFO - [2025-03-19T00:03:19.658+0000] {dagbag.py:588} INFO - Filling up the DagBag from /home/airflow/.local/lib/python3.12/site-packages/airflow/example_dags/example_bash_decorator.py
[2025-03-19T00:03:19.667+0000] {processor.py:925} INFO - DAG(s) 'example_bash_decorator' retrieved from /home/airflow/.local/lib/python3.12/site-packages/airflow/example_dags/example_bash_decorator.py
[2025-03-19T00:03:19.676+0000] {logging_mixin.py:190} INFO - [2025-03-19T00:03:19.676+0000] {dag.py:3239} INFO - Sync 1 DAGs
[2025-03-19T00:03:19.681+0000] {logging_mixin.py:190} INFO - [2025-03-19T00:03:19.680+0000] {dag.py:4180} INFO - Setting next_dagrun for example_bash_decorator to None, run_after=None
[2025-03-19T00:03:19.691+0000] {processor.py:208} INFO - Processing /home/airflow/.local/lib/python3.12/site-packages/airflow/example_dags/example_bash_decorator.py took 0.036 seconds
[2025-03-19T00:03:50.733+0000] {processor.py:186} INFO - Started process (PID=17283) to work on /home/airflow/.local/lib/python3.12/site-packages/airflow/example_dags/example_bash_decorator.py
[2025-03-19T00:03:50.733+0000] {processor.py:914} INFO - Processing file /home/airflow/.local/lib/python3.12/site-packages/airflow/example_dags/example_bash_decorator.py for tasks to queue
[2025-03-19T00:03:50.734+0000] {logging_mixin.py:190} INFO - [2025-03-19T00:03:50.734+0000] {dagbag.py:588} INFO - Filling up the DagBag from /home/airflow/.local/lib/python3.12/site-packages/airflow/example_dags/example_bash_decorator.py
[2025-03-19T00:03:50.740+0000] {processor.py:925} INFO - DAG(s) 'example_bash_decorator' retrieved from /home/airflow/.local/lib/python3.12/site-packages/airflow/example_dags/example_bash_decorator.py
[2025-03-19T00:03:50.752+0000] {logging_mixin.py:190} INFO - [2025-03-19T00:03:50.752+0000] {dag.py:3239} INFO - Sync 1 DAGs
[2025-03-19T00:03:50.757+0000] {logging_mixin.py:190} INFO - [2025-03-19T00:03:50.757+0000] {dag.py:4180} INFO - Setting next_dagrun for example_bash_decorator to None, run_after=None
[2025-03-19T00:03:50.765+0000] {processor.py:208} INFO - Processing /home/airflow/.local/lib/python3.12/site-packages/airflow/example_dags/example_bash_decorator.py took 0.035 seconds
[2025-03-19T00:04:21.710+0000] {processor.py:186} INFO - Started process (PID=17346) to work on /home/airflow/.local/lib/python3.12/site-packages/airflow/example_dags/example_bash_decorator.py
[2025-03-19T00:04:21.711+0000] {processor.py:914} INFO - Processing file /home/airflow/.local/lib/python3.12/site-packages/airflow/example_dags/example_bash_decorator.py for tasks to queue
[2025-03-19T00:04:21.712+0000] {logging_mixin.py:190} INFO - [2025-03-19T00:04:21.712+0000] {dagbag.py:588} INFO - Filling up the DagBag from /home/airflow/.local/lib/python3.12/site-packages/airflow/example_dags/example_bash_decorator.py
[2025-03-19T00:04:21.718+0000] {processor.py:925} INFO - DAG(s) 'example_bash_decorator' retrieved from /home/airflow/.local/lib/python3.12/site-packages/airflow/example_dags/example_bash_decorator.py
[2025-03-19T00:04:21.731+0000] {logging_mixin.py:190} INFO - [2025-03-19T00:04:21.731+0000] {dag.py:3239} INFO - Sync 1 DAGs
[2025-03-19T00:04:21.736+0000] {logging_mixin.py:190} INFO - [2025-03-19T00:04:21.736+0000] {dag.py:4180} INFO - Setting next_dagrun for example_bash_decorator to None, run_after=None
[2025-03-19T00:04:21.744+0000] {processor.py:208} INFO - Processing /home/airflow/.local/lib/python3.12/site-packages/airflow/example_dags/example_bash_decorator.py took 0.036 seconds
[2025-03-19T00:04:52.750+0000] {processor.py:186} INFO - Started process (PID=17409) to work on /home/airflow/.local/lib/python3.12/site-packages/airflow/example_dags/example_bash_decorator.py
[2025-03-19T00:04:52.751+0000] {processor.py:914} INFO - Processing file /home/airflow/.local/lib/python3.12/site-packages/airflow/example_dags/example_bash_decorator.py for tasks to queue
[2025-03-19T00:04:52.752+0000] {logging_mixin.py:190} INFO - [2025-03-19T00:04:52.751+0000] {dagbag.py:588} INFO - Filling up the DagBag from /home/airflow/.local/lib/python3.12/site-packages/airflow/example_dags/example_bash_decorator.py
[2025-03-19T00:04:52.758+0000] {processor.py:925} INFO - DAG(s) 'example_bash_decorator' retrieved from /home/airflow/.local/lib/python3.12/site-packages/airflow/example_dags/example_bash_decorator.py
[2025-03-19T00:04:52.766+0000] {logging_mixin.py:190} INFO - [2025-03-19T00:04:52.766+0000] {dag.py:3239} INFO - Sync 1 DAGs
[2025-03-19T00:04:52.772+0000] {logging_mixin.py:190} INFO - [2025-03-19T00:04:52.772+0000] {dag.py:4180} INFO - Setting next_dagrun for example_bash_decorator to None, run_after=None
[2025-03-19T00:04:52.779+0000] {processor.py:208} INFO - Processing /home/airflow/.local/lib/python3.12/site-packages/airflow/example_dags/example_bash_decorator.py took 0.032 seconds
[2025-03-19T00:05:23.907+0000] {processor.py:186} INFO - Started process (PID=17472) to work on /home/airflow/.local/lib/python3.12/site-packages/airflow/example_dags/example_bash_decorator.py
[2025-03-19T00:05:23.908+0000] {processor.py:914} INFO - Processing file /home/airflow/.local/lib/python3.12/site-packages/airflow/example_dags/example_bash_decorator.py for tasks to queue
[2025-03-19T00:05:23.909+0000] {logging_mixin.py:190} INFO - [2025-03-19T00:05:23.908+0000] {dagbag.py:588} INFO - Filling up the DagBag from /home/airflow/.local/lib/python3.12/site-packages/airflow/example_dags/example_bash_decorator.py
[2025-03-19T00:05:23.915+0000] {processor.py:925} INFO - DAG(s) 'example_bash_decorator' retrieved from /home/airflow/.local/lib/python3.12/site-packages/airflow/example_dags/example_bash_decorator.py
[2025-03-19T00:05:23.924+0000] {logging_mixin.py:190} INFO - [2025-03-19T00:05:23.924+0000] {dag.py:3239} INFO - Sync 1 DAGs
[2025-03-19T00:05:23.930+0000] {logging_mixin.py:190} INFO - [2025-03-19T00:05:23.929+0000] {dag.py:4180} INFO - Setting next_dagrun for example_bash_decorator to None, run_after=None
[2025-03-19T00:05:23.938+0000] {processor.py:208} INFO - Processing /home/airflow/.local/lib/python3.12/site-packages/airflow/example_dags/example_bash_decorator.py took 0.033 seconds
[2025-03-19T00:05:55.095+0000] {processor.py:186} INFO - Started process (PID=17535) to work on /home/airflow/.local/lib/python3.12/site-packages/airflow/example_dags/example_bash_decorator.py
[2025-03-19T00:05:55.097+0000] {processor.py:914} INFO - Processing file /home/airflow/.local/lib/python3.12/site-packages/airflow/example_dags/example_bash_decorator.py for tasks to queue
[2025-03-19T00:05:55.098+0000] {logging_mixin.py:190} INFO - [2025-03-19T00:05:55.098+0000] {dagbag.py:588} INFO - Filling up the DagBag from /home/airflow/.local/lib/python3.12/site-packages/airflow/example_dags/example_bash_decorator.py
[2025-03-19T00:05:55.105+0000] {processor.py:925} INFO - DAG(s) 'example_bash_decorator' retrieved from /home/airflow/.local/lib/python3.12/site-packages/airflow/example_dags/example_bash_decorator.py
[2025-03-19T00:05:55.116+0000] {logging_mixin.py:190} INFO - [2025-03-19T00:05:55.116+0000] {dag.py:3239} INFO - Sync 1 DAGs
[2025-03-19T00:05:55.121+0000] {logging_mixin.py:190} INFO - [2025-03-19T00:05:55.121+0000] {dag.py:4180} INFO - Setting next_dagrun for example_bash_decorator to None, run_after=None
[2025-03-19T00:05:55.126+0000] {processor.py:208} INFO - Processing /home/airflow/.local/lib/python3.12/site-packages/airflow/example_dags/example_bash_decorator.py took 0.034 seconds
[2025-03-19T00:06:26.245+0000] {processor.py:186} INFO - Started process (PID=17598) to work on /home/airflow/.local/lib/python3.12/site-packages/airflow/example_dags/example_bash_decorator.py
[2025-03-19T00:06:26.245+0000] {processor.py:914} INFO - Processing file /home/airflow/.local/lib/python3.12/site-packages/airflow/example_dags/example_bash_decorator.py for tasks to queue
[2025-03-19T00:06:26.246+0000] {logging_mixin.py:190} INFO - [2025-03-19T00:06:26.246+0000] {dagbag.py:588} INFO - Filling up the DagBag from /home/airflow/.local/lib/python3.12/site-packages/airflow/example_dags/example_bash_decorator.py
[2025-03-19T00:06:26.252+0000] {processor.py:925} INFO - DAG(s) 'example_bash_decorator' retrieved from /home/airflow/.local/lib/python3.12/site-packages/airflow/example_dags/example_bash_decorator.py
[2025-03-19T00:06:26.262+0000] {logging_mixin.py:190} INFO - [2025-03-19T00:06:26.262+0000] {dag.py:3239} INFO - Sync 1 DAGs
[2025-03-19T00:06:26.268+0000] {logging_mixin.py:190} INFO - [2025-03-19T00:06:26.267+0000] {dag.py:4180} INFO - Setting next_dagrun for example_bash_decorator to None, run_after=None
[2025-03-19T00:06:26.275+0000] {processor.py:208} INFO - Processing /home/airflow/.local/lib/python3.12/site-packages/airflow/example_dags/example_bash_decorator.py took 0.033 seconds
[2025-03-19T00:06:57.382+0000] {processor.py:186} INFO - Started process (PID=17661) to work on /home/airflow/.local/lib/python3.12/site-packages/airflow/example_dags/example_bash_decorator.py
[2025-03-19T00:06:57.383+0000] {processor.py:914} INFO - Processing file /home/airflow/.local/lib/python3.12/site-packages/airflow/example_dags/example_bash_decorator.py for tasks to queue
[2025-03-19T00:06:57.383+0000] {logging_mixin.py:190} INFO - [2025-03-19T00:06:57.383+0000] {dagbag.py:588} INFO - Filling up the DagBag from /home/airflow/.local/lib/python3.12/site-packages/airflow/example_dags/example_bash_decorator.py
[2025-03-19T00:06:57.391+0000] {processor.py:925} INFO - DAG(s) 'example_bash_decorator' retrieved from /home/airflow/.local/lib/python3.12/site-packages/airflow/example_dags/example_bash_decorator.py
[2025-03-19T00:06:57.401+0000] {logging_mixin.py:190} INFO - [2025-03-19T00:06:57.401+0000] {dag.py:3239} INFO - Sync 1 DAGs
[2025-03-19T00:06:57.405+0000] {logging_mixin.py:190} INFO - [2025-03-19T00:06:57.405+0000] {dag.py:4180} INFO - Setting next_dagrun for example_bash_decorator to None, run_after=None
[2025-03-19T00:06:57.417+0000] {processor.py:208} INFO - Processing /home/airflow/.local/lib/python3.12/site-packages/airflow/example_dags/example_bash_decorator.py took 0.038 seconds
[2025-03-19T00:07:28.593+0000] {processor.py:186} INFO - Started process (PID=17724) to work on /home/airflow/.local/lib/python3.12/site-packages/airflow/example_dags/example_bash_decorator.py
[2025-03-19T00:07:28.594+0000] {processor.py:914} INFO - Processing file /home/airflow/.local/lib/python3.12/site-packages/airflow/example_dags/example_bash_decorator.py for tasks to queue
[2025-03-19T00:07:28.597+0000] {logging_mixin.py:190} INFO - [2025-03-19T00:07:28.596+0000] {dagbag.py:588} INFO - Filling up the DagBag from /home/airflow/.local/lib/python3.12/site-packages/airflow/example_dags/example_bash_decorator.py
[2025-03-19T00:07:28.603+0000] {processor.py:925} INFO - DAG(s) 'example_bash_decorator' retrieved from /home/airflow/.local/lib/python3.12/site-packages/airflow/example_dags/example_bash_decorator.py
[2025-03-19T00:07:28.611+0000] {logging_mixin.py:190} INFO - [2025-03-19T00:07:28.611+0000] {dag.py:3239} INFO - Sync 1 DAGs
[2025-03-19T00:07:28.618+0000] {logging_mixin.py:190} INFO - [2025-03-19T00:07:28.618+0000] {dag.py:4180} INFO - Setting next_dagrun for example_bash_decorator to None, run_after=None
[2025-03-19T00:07:28.625+0000] {processor.py:208} INFO - Processing /home/airflow/.local/lib/python3.12/site-packages/airflow/example_dags/example_bash_decorator.py took 0.034 seconds
[2025-03-19T00:07:59.929+0000] {processor.py:186} INFO - Started process (PID=17787) to work on /home/airflow/.local/lib/python3.12/site-packages/airflow/example_dags/example_bash_decorator.py
[2025-03-19T00:07:59.929+0000] {processor.py:914} INFO - Processing file /home/airflow/.local/lib/python3.12/site-packages/airflow/example_dags/example_bash_decorator.py for tasks to queue
[2025-03-19T00:07:59.930+0000] {logging_mixin.py:190} INFO - [2025-03-19T00:07:59.930+0000] {dagbag.py:588} INFO - Filling up the DagBag from /home/airflow/.local/lib/python3.12/site-packages/airflow/example_dags/example_bash_decorator.py
[2025-03-19T00:07:59.936+0000] {processor.py:925} INFO - DAG(s) 'example_bash_decorator' retrieved from /home/airflow/.local/lib/python3.12/site-packages/airflow/example_dags/example_bash_decorator.py
[2025-03-19T00:07:59.944+0000] {logging_mixin.py:190} INFO - [2025-03-19T00:07:59.943+0000] {dag.py:3239} INFO - Sync 1 DAGs
[2025-03-19T00:07:59.948+0000] {logging_mixin.py:190} INFO - [2025-03-19T00:07:59.948+0000] {dag.py:4180} INFO - Setting next_dagrun for example_bash_decorator to None, run_after=None
[2025-03-19T00:07:59.953+0000] {processor.py:208} INFO - Processing /home/airflow/.local/lib/python3.12/site-packages/airflow/example_dags/example_bash_decorator.py took 0.027 seconds
