[2025-03-19T00:00:12.480+0000] {processor.py:186} INFO - Started process (PID=16823) to work on /home/airflow/.local/lib/python3.12/site-packages/airflow/example_dags/example_python_decorator.py
[2025-03-19T00:00:12.481+0000] {processor.py:914} INFO - Processing file /home/airflow/.local/lib/python3.12/site-packages/airflow/example_dags/example_python_decorator.py for tasks to queue
[2025-03-19T00:00:12.482+0000] {logging_mixin.py:190} INFO - [2025-03-19T00:00:12.482+0000] {dagbag.py:588} INFO - Filling up the DagBag from /home/airflow/.local/lib/python3.12/site-packages/airflow/example_dags/example_python_decorator.py
[2025-03-19T00:00:12.488+0000] {processor.py:925} INFO - DAG(s) 'example_python_decorator' retrieved from /home/airflow/.local/lib/python3.12/site-packages/airflow/example_dags/example_python_decorator.py
[2025-03-19T00:00:12.500+0000] {logging_mixin.py:190} INFO - [2025-03-19T00:00:12.500+0000] {dag.py:3239} INFO - Sync 1 DAGs
[2025-03-19T00:00:12.506+0000] {logging_mixin.py:190} INFO - [2025-03-19T00:00:12.506+0000] {dag.py:4180} INFO - Setting next_dagrun for example_python_decorator to None, run_after=None
[2025-03-19T00:00:12.515+0000] {processor.py:208} INFO - Processing /home/airflow/.local/lib/python3.12/site-packages/airflow/example_dags/example_python_decorator.py took 0.038 seconds
[2025-03-19T00:00:43.595+0000] {processor.py:186} INFO - Started process (PID=16886) to work on /home/airflow/.local/lib/python3.12/site-packages/airflow/example_dags/example_python_decorator.py
[2025-03-19T00:00:43.595+0000] {processor.py:914} INFO - Processing file /home/airflow/.local/lib/python3.12/site-packages/airflow/example_dags/example_python_decorator.py for tasks to queue
[2025-03-19T00:00:43.597+0000] {logging_mixin.py:190} INFO - [2025-03-19T00:00:43.597+0000] {dagbag.py:588} INFO - Filling up the DagBag from /home/airflow/.local/lib/python3.12/site-packages/airflow/example_dags/example_python_decorator.py
[2025-03-19T00:00:43.602+0000] {processor.py:925} INFO - DAG(s) 'example_python_decorator' retrieved from /home/airflow/.local/lib/python3.12/site-packages/airflow/example_dags/example_python_decorator.py
[2025-03-19T00:00:43.615+0000] {logging_mixin.py:190} INFO - [2025-03-19T00:00:43.613+0000] {dag.py:3239} INFO - Sync 1 DAGs
[2025-03-19T00:00:43.621+0000] {logging_mixin.py:190} INFO - [2025-03-19T00:00:43.621+0000] {dag.py:4180} INFO - Setting next_dagrun for example_python_decorator to None, run_after=None
[2025-03-19T00:00:43.627+0000] {processor.py:208} INFO - Processing /home/airflow/.local/lib/python3.12/site-packages/airflow/example_dags/example_python_decorator.py took 0.035 seconds
[2025-03-19T00:01:14.641+0000] {processor.py:186} INFO - Started process (PID=16949) to work on /home/airflow/.local/lib/python3.12/site-packages/airflow/example_dags/example_python_decorator.py
[2025-03-19T00:01:14.642+0000] {processor.py:914} INFO - Processing file /home/airflow/.local/lib/python3.12/site-packages/airflow/example_dags/example_python_decorator.py for tasks to queue
[2025-03-19T00:01:14.643+0000] {logging_mixin.py:190} INFO - [2025-03-19T00:01:14.642+0000] {dagbag.py:588} INFO - Filling up the DagBag from /home/airflow/.local/lib/python3.12/site-packages/airflow/example_dags/example_python_decorator.py
[2025-03-19T00:01:14.649+0000] {processor.py:925} INFO - DAG(s) 'example_python_decorator' retrieved from /home/airflow/.local/lib/python3.12/site-packages/airflow/example_dags/example_python_decorator.py
[2025-03-19T00:01:14.661+0000] {logging_mixin.py:190} INFO - [2025-03-19T00:01:14.660+0000] {dag.py:3239} INFO - Sync 1 DAGs
[2025-03-19T00:01:14.666+0000] {logging_mixin.py:190} INFO - [2025-03-19T00:01:14.666+0000] {dag.py:4180} INFO - Setting next_dagrun for example_python_decorator to None, run_after=None
[2025-03-19T00:01:14.674+0000] {processor.py:208} INFO - Processing /home/airflow/.local/lib/python3.12/site-packages/airflow/example_dags/example_python_decorator.py took 0.035 seconds
[2025-03-19T00:01:45.698+0000] {processor.py:186} INFO - Started process (PID=17012) to work on /home/airflow/.local/lib/python3.12/site-packages/airflow/example_dags/example_python_decorator.py
[2025-03-19T00:01:45.700+0000] {processor.py:914} INFO - Processing file /home/airflow/.local/lib/python3.12/site-packages/airflow/example_dags/example_python_decorator.py for tasks to queue
[2025-03-19T00:01:45.701+0000] {logging_mixin.py:190} INFO - [2025-03-19T00:01:45.700+0000] {dagbag.py:588} INFO - Filling up the DagBag from /home/airflow/.local/lib/python3.12/site-packages/airflow/example_dags/example_python_decorator.py
[2025-03-19T00:01:45.707+0000] {processor.py:925} INFO - DAG(s) 'example_python_decorator' retrieved from /home/airflow/.local/lib/python3.12/site-packages/airflow/example_dags/example_python_decorator.py
[2025-03-19T00:01:45.715+0000] {logging_mixin.py:190} INFO - [2025-03-19T00:01:45.715+0000] {dag.py:3239} INFO - Sync 1 DAGs
[2025-03-19T00:01:45.720+0000] {logging_mixin.py:190} INFO - [2025-03-19T00:01:45.720+0000] {dag.py:4180} INFO - Setting next_dagrun for example_python_decorator to None, run_after=None
[2025-03-19T00:01:45.726+0000] {processor.py:208} INFO - Processing /home/airflow/.local/lib/python3.12/site-packages/airflow/example_dags/example_python_decorator.py took 0.030 seconds
[2025-03-19T00:02:16.802+0000] {processor.py:186} INFO - Started process (PID=17075) to work on /home/airflow/.local/lib/python3.12/site-packages/airflow/example_dags/example_python_decorator.py
[2025-03-19T00:02:16.802+0000] {processor.py:914} INFO - Processing file /home/airflow/.local/lib/python3.12/site-packages/airflow/example_dags/example_python_decorator.py for tasks to queue
[2025-03-19T00:02:16.804+0000] {logging_mixin.py:190} INFO - [2025-03-19T00:02:16.804+0000] {dagbag.py:588} INFO - Filling up the DagBag from /home/airflow/.local/lib/python3.12/site-packages/airflow/example_dags/example_python_decorator.py
[2025-03-19T00:02:16.811+0000] {processor.py:925} INFO - DAG(s) 'example_python_decorator' retrieved from /home/airflow/.local/lib/python3.12/site-packages/airflow/example_dags/example_python_decorator.py
[2025-03-19T00:02:16.823+0000] {logging_mixin.py:190} INFO - [2025-03-19T00:02:16.823+0000] {dag.py:3239} INFO - Sync 1 DAGs
[2025-03-19T00:02:16.829+0000] {logging_mixin.py:190} INFO - [2025-03-19T00:02:16.829+0000] {dag.py:4180} INFO - Setting next_dagrun for example_python_decorator to None, run_after=None
[2025-03-19T00:02:16.836+0000] {processor.py:208} INFO - Processing /home/airflow/.local/lib/python3.12/site-packages/airflow/example_dags/example_python_decorator.py took 0.037 seconds
[2025-03-19T00:02:47.935+0000] {processor.py:186} INFO - Started process (PID=17138) to work on /home/airflow/.local/lib/python3.12/site-packages/airflow/example_dags/example_python_decorator.py
[2025-03-19T00:02:47.937+0000] {processor.py:914} INFO - Processing file /home/airflow/.local/lib/python3.12/site-packages/airflow/example_dags/example_python_decorator.py for tasks to queue
[2025-03-19T00:02:47.938+0000] {logging_mixin.py:190} INFO - [2025-03-19T00:02:47.938+0000] {dagbag.py:588} INFO - Filling up the DagBag from /home/airflow/.local/lib/python3.12/site-packages/airflow/example_dags/example_python_decorator.py
[2025-03-19T00:02:47.945+0000] {processor.py:925} INFO - DAG(s) 'example_python_decorator' retrieved from /home/airflow/.local/lib/python3.12/site-packages/airflow/example_dags/example_python_decorator.py
[2025-03-19T00:02:47.954+0000] {logging_mixin.py:190} INFO - [2025-03-19T00:02:47.954+0000] {dag.py:3239} INFO - Sync 1 DAGs
[2025-03-19T00:02:47.959+0000] {logging_mixin.py:190} INFO - [2025-03-19T00:02:47.959+0000] {dag.py:4180} INFO - Setting next_dagrun for example_python_decorator to None, run_after=None
[2025-03-19T00:02:47.965+0000] {processor.py:208} INFO - Processing /home/airflow/.local/lib/python3.12/site-packages/airflow/example_dags/example_python_decorator.py took 0.032 seconds
[2025-03-19T00:03:19.084+0000] {processor.py:186} INFO - Started process (PID=17201) to work on /home/airflow/.local/lib/python3.12/site-packages/airflow/example_dags/example_python_decorator.py
[2025-03-19T00:03:19.084+0000] {processor.py:914} INFO - Processing file /home/airflow/.local/lib/python3.12/site-packages/airflow/example_dags/example_python_decorator.py for tasks to queue
[2025-03-19T00:03:19.085+0000] {logging_mixin.py:190} INFO - [2025-03-19T00:03:19.085+0000] {dagbag.py:588} INFO - Filling up the DagBag from /home/airflow/.local/lib/python3.12/site-packages/airflow/example_dags/example_python_decorator.py
[2025-03-19T00:03:19.091+0000] {processor.py:925} INFO - DAG(s) 'example_python_decorator' retrieved from /home/airflow/.local/lib/python3.12/site-packages/airflow/example_dags/example_python_decorator.py
[2025-03-19T00:03:19.100+0000] {logging_mixin.py:190} INFO - [2025-03-19T00:03:19.100+0000] {dag.py:3239} INFO - Sync 1 DAGs
[2025-03-19T00:03:19.105+0000] {logging_mixin.py:190} INFO - [2025-03-19T00:03:19.105+0000] {dag.py:4180} INFO - Setting next_dagrun for example_python_decorator to None, run_after=None
[2025-03-19T00:03:19.115+0000] {processor.py:208} INFO - Processing /home/airflow/.local/lib/python3.12/site-packages/airflow/example_dags/example_python_decorator.py took 0.034 seconds
[2025-03-19T00:03:50.207+0000] {processor.py:186} INFO - Started process (PID=17264) to work on /home/airflow/.local/lib/python3.12/site-packages/airflow/example_dags/example_python_decorator.py
[2025-03-19T00:03:50.208+0000] {processor.py:914} INFO - Processing file /home/airflow/.local/lib/python3.12/site-packages/airflow/example_dags/example_python_decorator.py for tasks to queue
[2025-03-19T00:03:50.208+0000] {logging_mixin.py:190} INFO - [2025-03-19T00:03:50.208+0000] {dagbag.py:588} INFO - Filling up the DagBag from /home/airflow/.local/lib/python3.12/site-packages/airflow/example_dags/example_python_decorator.py
[2025-03-19T00:03:50.215+0000] {processor.py:925} INFO - DAG(s) 'example_python_decorator' retrieved from /home/airflow/.local/lib/python3.12/site-packages/airflow/example_dags/example_python_decorator.py
[2025-03-19T00:03:50.223+0000] {logging_mixin.py:190} INFO - [2025-03-19T00:03:50.222+0000] {dag.py:3239} INFO - Sync 1 DAGs
[2025-03-19T00:03:50.228+0000] {logging_mixin.py:190} INFO - [2025-03-19T00:03:50.227+0000] {dag.py:4180} INFO - Setting next_dagrun for example_python_decorator to None, run_after=None
[2025-03-19T00:03:50.237+0000] {processor.py:208} INFO - Processing /home/airflow/.local/lib/python3.12/site-packages/airflow/example_dags/example_python_decorator.py took 0.033 seconds
[2025-03-19T00:04:21.171+0000] {processor.py:186} INFO - Started process (PID=17327) to work on /home/airflow/.local/lib/python3.12/site-packages/airflow/example_dags/example_python_decorator.py
[2025-03-19T00:04:21.171+0000] {processor.py:914} INFO - Processing file /home/airflow/.local/lib/python3.12/site-packages/airflow/example_dags/example_python_decorator.py for tasks to queue
[2025-03-19T00:04:21.172+0000] {logging_mixin.py:190} INFO - [2025-03-19T00:04:21.172+0000] {dagbag.py:588} INFO - Filling up the DagBag from /home/airflow/.local/lib/python3.12/site-packages/airflow/example_dags/example_python_decorator.py
[2025-03-19T00:04:21.178+0000] {processor.py:925} INFO - DAG(s) 'example_python_decorator' retrieved from /home/airflow/.local/lib/python3.12/site-packages/airflow/example_dags/example_python_decorator.py
[2025-03-19T00:04:21.188+0000] {logging_mixin.py:190} INFO - [2025-03-19T00:04:21.188+0000] {dag.py:3239} INFO - Sync 1 DAGs
[2025-03-19T00:04:21.196+0000] {logging_mixin.py:190} INFO - [2025-03-19T00:04:21.196+0000] {dag.py:4180} INFO - Setting next_dagrun for example_python_decorator to None, run_after=None
[2025-03-19T00:04:21.204+0000] {processor.py:208} INFO - Processing /home/airflow/.local/lib/python3.12/site-packages/airflow/example_dags/example_python_decorator.py took 0.036 seconds
[2025-03-19T00:04:52.219+0000] {processor.py:186} INFO - Started process (PID=17390) to work on /home/airflow/.local/lib/python3.12/site-packages/airflow/example_dags/example_python_decorator.py
[2025-03-19T00:04:52.219+0000] {processor.py:914} INFO - Processing file /home/airflow/.local/lib/python3.12/site-packages/airflow/example_dags/example_python_decorator.py for tasks to queue
[2025-03-19T00:04:52.221+0000] {logging_mixin.py:190} INFO - [2025-03-19T00:04:52.221+0000] {dagbag.py:588} INFO - Filling up the DagBag from /home/airflow/.local/lib/python3.12/site-packages/airflow/example_dags/example_python_decorator.py
[2025-03-19T00:04:52.230+0000] {processor.py:925} INFO - DAG(s) 'example_python_decorator' retrieved from /home/airflow/.local/lib/python3.12/site-packages/airflow/example_dags/example_python_decorator.py
[2025-03-19T00:04:52.238+0000] {logging_mixin.py:190} INFO - [2025-03-19T00:04:52.238+0000] {dag.py:3239} INFO - Sync 1 DAGs
[2025-03-19T00:04:52.245+0000] {logging_mixin.py:190} INFO - [2025-03-19T00:04:52.245+0000] {dag.py:4180} INFO - Setting next_dagrun for example_python_decorator to None, run_after=None
[2025-03-19T00:04:52.256+0000] {processor.py:208} INFO - Processing /home/airflow/.local/lib/python3.12/site-packages/airflow/example_dags/example_python_decorator.py took 0.040 seconds
[2025-03-19T00:05:23.370+0000] {processor.py:186} INFO - Started process (PID=17453) to work on /home/airflow/.local/lib/python3.12/site-packages/airflow/example_dags/example_python_decorator.py
[2025-03-19T00:05:23.372+0000] {processor.py:914} INFO - Processing file /home/airflow/.local/lib/python3.12/site-packages/airflow/example_dags/example_python_decorator.py for tasks to queue
[2025-03-19T00:05:23.373+0000] {logging_mixin.py:190} INFO - [2025-03-19T00:05:23.373+0000] {dagbag.py:588} INFO - Filling up the DagBag from /home/airflow/.local/lib/python3.12/site-packages/airflow/example_dags/example_python_decorator.py
[2025-03-19T00:05:23.379+0000] {processor.py:925} INFO - DAG(s) 'example_python_decorator' retrieved from /home/airflow/.local/lib/python3.12/site-packages/airflow/example_dags/example_python_decorator.py
[2025-03-19T00:05:23.387+0000] {logging_mixin.py:190} INFO - [2025-03-19T00:05:23.387+0000] {dag.py:3239} INFO - Sync 1 DAGs
[2025-03-19T00:05:23.392+0000] {logging_mixin.py:190} INFO - [2025-03-19T00:05:23.392+0000] {dag.py:4180} INFO - Setting next_dagrun for example_python_decorator to None, run_after=None
[2025-03-19T00:05:23.400+0000] {processor.py:208} INFO - Processing /home/airflow/.local/lib/python3.12/site-packages/airflow/example_dags/example_python_decorator.py took 0.033 seconds
[2025-03-19T00:05:54.563+0000] {processor.py:186} INFO - Started process (PID=17516) to work on /home/airflow/.local/lib/python3.12/site-packages/airflow/example_dags/example_python_decorator.py
[2025-03-19T00:05:54.564+0000] {processor.py:914} INFO - Processing file /home/airflow/.local/lib/python3.12/site-packages/airflow/example_dags/example_python_decorator.py for tasks to queue
[2025-03-19T00:05:54.565+0000] {logging_mixin.py:190} INFO - [2025-03-19T00:05:54.565+0000] {dagbag.py:588} INFO - Filling up the DagBag from /home/airflow/.local/lib/python3.12/site-packages/airflow/example_dags/example_python_decorator.py
[2025-03-19T00:05:54.572+0000] {processor.py:925} INFO - DAG(s) 'example_python_decorator' retrieved from /home/airflow/.local/lib/python3.12/site-packages/airflow/example_dags/example_python_decorator.py
[2025-03-19T00:05:54.581+0000] {logging_mixin.py:190} INFO - [2025-03-19T00:05:54.581+0000] {dag.py:3239} INFO - Sync 1 DAGs
[2025-03-19T00:05:54.586+0000] {logging_mixin.py:190} INFO - [2025-03-19T00:05:54.586+0000] {dag.py:4180} INFO - Setting next_dagrun for example_python_decorator to None, run_after=None
[2025-03-19T00:05:54.594+0000] {processor.py:208} INFO - Processing /home/airflow/.local/lib/python3.12/site-packages/airflow/example_dags/example_python_decorator.py took 0.033 seconds
[2025-03-19T00:06:25.741+0000] {processor.py:186} INFO - Started process (PID=17579) to work on /home/airflow/.local/lib/python3.12/site-packages/airflow/example_dags/example_python_decorator.py
[2025-03-19T00:06:25.742+0000] {processor.py:914} INFO - Processing file /home/airflow/.local/lib/python3.12/site-packages/airflow/example_dags/example_python_decorator.py for tasks to queue
[2025-03-19T00:06:25.743+0000] {logging_mixin.py:190} INFO - [2025-03-19T00:06:25.742+0000] {dagbag.py:588} INFO - Filling up the DagBag from /home/airflow/.local/lib/python3.12/site-packages/airflow/example_dags/example_python_decorator.py
[2025-03-19T00:06:25.750+0000] {processor.py:925} INFO - DAG(s) 'example_python_decorator' retrieved from /home/airflow/.local/lib/python3.12/site-packages/airflow/example_dags/example_python_decorator.py
[2025-03-19T00:06:25.761+0000] {logging_mixin.py:190} INFO - [2025-03-19T00:06:25.760+0000] {dag.py:3239} INFO - Sync 1 DAGs
[2025-03-19T00:06:25.766+0000] {logging_mixin.py:190} INFO - [2025-03-19T00:06:25.766+0000] {dag.py:4180} INFO - Setting next_dagrun for example_python_decorator to None, run_after=None
[2025-03-19T00:06:25.774+0000] {processor.py:208} INFO - Processing /home/airflow/.local/lib/python3.12/site-packages/airflow/example_dags/example_python_decorator.py took 0.035 seconds
[2025-03-19T00:06:56.825+0000] {processor.py:186} INFO - Started process (PID=17642) to work on /home/airflow/.local/lib/python3.12/site-packages/airflow/example_dags/example_python_decorator.py
[2025-03-19T00:06:56.826+0000] {processor.py:914} INFO - Processing file /home/airflow/.local/lib/python3.12/site-packages/airflow/example_dags/example_python_decorator.py for tasks to queue
[2025-03-19T00:06:56.827+0000] {logging_mixin.py:190} INFO - [2025-03-19T00:06:56.827+0000] {dagbag.py:588} INFO - Filling up the DagBag from /home/airflow/.local/lib/python3.12/site-packages/airflow/example_dags/example_python_decorator.py
[2025-03-19T00:06:56.834+0000] {processor.py:925} INFO - DAG(s) 'example_python_decorator' retrieved from /home/airflow/.local/lib/python3.12/site-packages/airflow/example_dags/example_python_decorator.py
[2025-03-19T00:06:56.843+0000] {logging_mixin.py:190} INFO - [2025-03-19T00:06:56.843+0000] {dag.py:3239} INFO - Sync 1 DAGs
[2025-03-19T00:06:56.848+0000] {logging_mixin.py:190} INFO - [2025-03-19T00:06:56.848+0000] {dag.py:4180} INFO - Setting next_dagrun for example_python_decorator to None, run_after=None
[2025-03-19T00:06:56.856+0000] {processor.py:208} INFO - Processing /home/airflow/.local/lib/python3.12/site-packages/airflow/example_dags/example_python_decorator.py took 0.033 seconds
[2025-03-19T00:07:28.073+0000] {processor.py:186} INFO - Started process (PID=17705) to work on /home/airflow/.local/lib/python3.12/site-packages/airflow/example_dags/example_python_decorator.py
[2025-03-19T00:07:28.073+0000] {processor.py:914} INFO - Processing file /home/airflow/.local/lib/python3.12/site-packages/airflow/example_dags/example_python_decorator.py for tasks to queue
[2025-03-19T00:07:28.074+0000] {logging_mixin.py:190} INFO - [2025-03-19T00:07:28.074+0000] {dagbag.py:588} INFO - Filling up the DagBag from /home/airflow/.local/lib/python3.12/site-packages/airflow/example_dags/example_python_decorator.py
[2025-03-19T00:07:28.080+0000] {processor.py:925} INFO - DAG(s) 'example_python_decorator' retrieved from /home/airflow/.local/lib/python3.12/site-packages/airflow/example_dags/example_python_decorator.py
[2025-03-19T00:07:28.090+0000] {logging_mixin.py:190} INFO - [2025-03-19T00:07:28.089+0000] {dag.py:3239} INFO - Sync 1 DAGs
[2025-03-19T00:07:28.095+0000] {logging_mixin.py:190} INFO - [2025-03-19T00:07:28.095+0000] {dag.py:4180} INFO - Setting next_dagrun for example_python_decorator to None, run_after=None
[2025-03-19T00:07:28.103+0000] {processor.py:208} INFO - Processing /home/airflow/.local/lib/python3.12/site-packages/airflow/example_dags/example_python_decorator.py took 0.033 seconds
[2025-03-19T00:07:59.386+0000] {processor.py:186} INFO - Started process (PID=17768) to work on /home/airflow/.local/lib/python3.12/site-packages/airflow/example_dags/example_python_decorator.py
[2025-03-19T00:07:59.386+0000] {processor.py:914} INFO - Processing file /home/airflow/.local/lib/python3.12/site-packages/airflow/example_dags/example_python_decorator.py for tasks to queue
[2025-03-19T00:07:59.387+0000] {logging_mixin.py:190} INFO - [2025-03-19T00:07:59.387+0000] {dagbag.py:588} INFO - Filling up the DagBag from /home/airflow/.local/lib/python3.12/site-packages/airflow/example_dags/example_python_decorator.py
[2025-03-19T00:07:59.394+0000] {processor.py:925} INFO - DAG(s) 'example_python_decorator' retrieved from /home/airflow/.local/lib/python3.12/site-packages/airflow/example_dags/example_python_decorator.py
[2025-03-19T00:07:59.403+0000] {logging_mixin.py:190} INFO - [2025-03-19T00:07:59.403+0000] {dag.py:3239} INFO - Sync 1 DAGs
[2025-03-19T00:07:59.409+0000] {logging_mixin.py:190} INFO - [2025-03-19T00:07:59.409+0000] {dag.py:4180} INFO - Setting next_dagrun for example_python_decorator to None, run_after=None
[2025-03-19T00:07:59.418+0000] {processor.py:208} INFO - Processing /home/airflow/.local/lib/python3.12/site-packages/airflow/example_dags/example_python_decorator.py took 0.034 seconds
