[2025-03-19T00:00:12.937+0000] {processor.py:186} INFO - Started process (PID=16840) to work on /home/airflow/.local/lib/python3.12/site-packages/airflow/example_dags/example_branch_operator.py
[2025-03-19T00:00:12.938+0000] {processor.py:914} INFO - Processing file /home/airflow/.local/lib/python3.12/site-packages/airflow/example_dags/example_branch_operator.py for tasks to queue
[2025-03-19T00:00:12.939+0000] {logging_mixin.py:190} INFO - [2025-03-19T00:00:12.939+0000] {dagbag.py:588} INFO - Filling up the DagBag from /home/airflow/.local/lib/python3.12/site-packages/airflow/example_dags/example_branch_operator.py
[2025-03-19T00:00:12.947+0000] {processor.py:925} INFO - DAG(s) 'example_branch_operator' retrieved from /home/airflow/.local/lib/python3.12/site-packages/airflow/example_dags/example_branch_operator.py
[2025-03-19T00:00:12.959+0000] {logging_mixin.py:190} INFO - [2025-03-19T00:00:12.959+0000] {dag.py:3239} INFO - Sync 1 DAGs
[2025-03-19T00:00:12.969+0000] {logging_mixin.py:190} INFO - [2025-03-19T00:00:12.969+0000] {dag.py:4180} INFO - Setting next_dagrun for example_branch_operator to 2025-03-18 00:00:00+00:00, run_after=2025-03-19 00:00:00+00:00
[2025-03-19T00:00:12.976+0000] {processor.py:208} INFO - Processing /home/airflow/.local/lib/python3.12/site-packages/airflow/example_dags/example_branch_operator.py took 0.041 seconds
[2025-03-19T00:00:44.085+0000] {processor.py:186} INFO - Started process (PID=16903) to work on /home/airflow/.local/lib/python3.12/site-packages/airflow/example_dags/example_branch_operator.py
[2025-03-19T00:00:44.085+0000] {processor.py:914} INFO - Processing file /home/airflow/.local/lib/python3.12/site-packages/airflow/example_dags/example_branch_operator.py for tasks to queue
[2025-03-19T00:00:44.086+0000] {logging_mixin.py:190} INFO - [2025-03-19T00:00:44.086+0000] {dagbag.py:588} INFO - Filling up the DagBag from /home/airflow/.local/lib/python3.12/site-packages/airflow/example_dags/example_branch_operator.py
[2025-03-19T00:00:44.095+0000] {processor.py:925} INFO - DAG(s) 'example_branch_operator' retrieved from /home/airflow/.local/lib/python3.12/site-packages/airflow/example_dags/example_branch_operator.py
[2025-03-19T00:00:44.107+0000] {logging_mixin.py:190} INFO - [2025-03-19T00:00:44.106+0000] {dag.py:3239} INFO - Sync 1 DAGs
[2025-03-19T00:00:44.117+0000] {logging_mixin.py:190} INFO - [2025-03-19T00:00:44.116+0000] {dag.py:4180} INFO - Setting next_dagrun for example_branch_operator to 2025-03-18 00:00:00+00:00, run_after=2025-03-19 00:00:00+00:00
[2025-03-19T00:00:44.126+0000] {processor.py:208} INFO - Processing /home/airflow/.local/lib/python3.12/site-packages/airflow/example_dags/example_branch_operator.py took 0.044 seconds
[2025-03-19T00:01:15.143+0000] {processor.py:186} INFO - Started process (PID=16966) to work on /home/airflow/.local/lib/python3.12/site-packages/airflow/example_dags/example_branch_operator.py
[2025-03-19T00:01:15.143+0000] {processor.py:914} INFO - Processing file /home/airflow/.local/lib/python3.12/site-packages/airflow/example_dags/example_branch_operator.py for tasks to queue
[2025-03-19T00:01:15.144+0000] {logging_mixin.py:190} INFO - [2025-03-19T00:01:15.144+0000] {dagbag.py:588} INFO - Filling up the DagBag from /home/airflow/.local/lib/python3.12/site-packages/airflow/example_dags/example_branch_operator.py
[2025-03-19T00:01:15.152+0000] {processor.py:925} INFO - DAG(s) 'example_branch_operator' retrieved from /home/airflow/.local/lib/python3.12/site-packages/airflow/example_dags/example_branch_operator.py
[2025-03-19T00:01:15.162+0000] {logging_mixin.py:190} INFO - [2025-03-19T00:01:15.162+0000] {dag.py:3239} INFO - Sync 1 DAGs
[2025-03-19T00:01:15.171+0000] {logging_mixin.py:190} INFO - [2025-03-19T00:01:15.171+0000] {dag.py:4180} INFO - Setting next_dagrun for example_branch_operator to 2025-03-18 00:00:00+00:00, run_after=2025-03-19 00:00:00+00:00
[2025-03-19T00:01:15.177+0000] {processor.py:208} INFO - Processing /home/airflow/.local/lib/python3.12/site-packages/airflow/example_dags/example_branch_operator.py took 0.037 seconds
[2025-03-19T00:01:46.123+0000] {processor.py:186} INFO - Started process (PID=17029) to work on /home/airflow/.local/lib/python3.12/site-packages/airflow/example_dags/example_branch_operator.py
[2025-03-19T00:01:46.124+0000] {processor.py:914} INFO - Processing file /home/airflow/.local/lib/python3.12/site-packages/airflow/example_dags/example_branch_operator.py for tasks to queue
[2025-03-19T00:01:46.125+0000] {logging_mixin.py:190} INFO - [2025-03-19T00:01:46.125+0000] {dagbag.py:588} INFO - Filling up the DagBag from /home/airflow/.local/lib/python3.12/site-packages/airflow/example_dags/example_branch_operator.py
[2025-03-19T00:01:46.132+0000] {processor.py:925} INFO - DAG(s) 'example_branch_operator' retrieved from /home/airflow/.local/lib/python3.12/site-packages/airflow/example_dags/example_branch_operator.py
[2025-03-19T00:01:46.147+0000] {logging_mixin.py:190} INFO - [2025-03-19T00:01:46.147+0000] {dag.py:3239} INFO - Sync 1 DAGs
[2025-03-19T00:01:46.155+0000] {logging_mixin.py:190} INFO - [2025-03-19T00:01:46.155+0000] {dag.py:4180} INFO - Setting next_dagrun for example_branch_operator to 2025-03-18 00:00:00+00:00, run_after=2025-03-19 00:00:00+00:00
[2025-03-19T00:01:46.164+0000] {processor.py:208} INFO - Processing /home/airflow/.local/lib/python3.12/site-packages/airflow/example_dags/example_branch_operator.py took 0.042 seconds
[2025-03-19T00:02:17.292+0000] {processor.py:186} INFO - Started process (PID=17092) to work on /home/airflow/.local/lib/python3.12/site-packages/airflow/example_dags/example_branch_operator.py
[2025-03-19T00:02:17.293+0000] {processor.py:914} INFO - Processing file /home/airflow/.local/lib/python3.12/site-packages/airflow/example_dags/example_branch_operator.py for tasks to queue
[2025-03-19T00:02:17.294+0000] {logging_mixin.py:190} INFO - [2025-03-19T00:02:17.293+0000] {dagbag.py:588} INFO - Filling up the DagBag from /home/airflow/.local/lib/python3.12/site-packages/airflow/example_dags/example_branch_operator.py
[2025-03-19T00:02:17.301+0000] {processor.py:925} INFO - DAG(s) 'example_branch_operator' retrieved from /home/airflow/.local/lib/python3.12/site-packages/airflow/example_dags/example_branch_operator.py
[2025-03-19T00:02:17.317+0000] {logging_mixin.py:190} INFO - [2025-03-19T00:02:17.317+0000] {dag.py:3239} INFO - Sync 1 DAGs
[2025-03-19T00:02:17.326+0000] {logging_mixin.py:190} INFO - [2025-03-19T00:02:17.326+0000] {dag.py:4180} INFO - Setting next_dagrun for example_branch_operator to 2025-03-18 00:00:00+00:00, run_after=2025-03-19 00:00:00+00:00
[2025-03-19T00:02:17.336+0000] {processor.py:208} INFO - Processing /home/airflow/.local/lib/python3.12/site-packages/airflow/example_dags/example_branch_operator.py took 0.046 seconds
[2025-03-19T00:02:48.437+0000] {processor.py:186} INFO - Started process (PID=17155) to work on /home/airflow/.local/lib/python3.12/site-packages/airflow/example_dags/example_branch_operator.py
[2025-03-19T00:02:48.438+0000] {processor.py:914} INFO - Processing file /home/airflow/.local/lib/python3.12/site-packages/airflow/example_dags/example_branch_operator.py for tasks to queue
[2025-03-19T00:02:48.441+0000] {logging_mixin.py:190} INFO - [2025-03-19T00:02:48.440+0000] {dagbag.py:588} INFO - Filling up the DagBag from /home/airflow/.local/lib/python3.12/site-packages/airflow/example_dags/example_branch_operator.py
[2025-03-19T00:02:48.448+0000] {processor.py:925} INFO - DAG(s) 'example_branch_operator' retrieved from /home/airflow/.local/lib/python3.12/site-packages/airflow/example_dags/example_branch_operator.py
[2025-03-19T00:02:48.459+0000] {logging_mixin.py:190} INFO - [2025-03-19T00:02:48.459+0000] {dag.py:3239} INFO - Sync 1 DAGs
[2025-03-19T00:02:48.469+0000] {logging_mixin.py:190} INFO - [2025-03-19T00:02:48.469+0000] {dag.py:4180} INFO - Setting next_dagrun for example_branch_operator to 2025-03-18 00:00:00+00:00, run_after=2025-03-19 00:00:00+00:00
[2025-03-19T00:02:48.480+0000] {processor.py:208} INFO - Processing /home/airflow/.local/lib/python3.12/site-packages/airflow/example_dags/example_branch_operator.py took 0.046 seconds
[2025-03-19T00:03:19.560+0000] {processor.py:186} INFO - Started process (PID=17218) to work on /home/airflow/.local/lib/python3.12/site-packages/airflow/example_dags/example_branch_operator.py
[2025-03-19T00:03:19.561+0000] {processor.py:914} INFO - Processing file /home/airflow/.local/lib/python3.12/site-packages/airflow/example_dags/example_branch_operator.py for tasks to queue
[2025-03-19T00:03:19.563+0000] {logging_mixin.py:190} INFO - [2025-03-19T00:03:19.562+0000] {dagbag.py:588} INFO - Filling up the DagBag from /home/airflow/.local/lib/python3.12/site-packages/airflow/example_dags/example_branch_operator.py
[2025-03-19T00:03:19.573+0000] {processor.py:925} INFO - DAG(s) 'example_branch_operator' retrieved from /home/airflow/.local/lib/python3.12/site-packages/airflow/example_dags/example_branch_operator.py
[2025-03-19T00:03:19.591+0000] {logging_mixin.py:190} INFO - [2025-03-19T00:03:19.591+0000] {dag.py:3239} INFO - Sync 1 DAGs
[2025-03-19T00:03:19.602+0000] {logging_mixin.py:190} INFO - [2025-03-19T00:03:19.602+0000] {dag.py:4180} INFO - Setting next_dagrun for example_branch_operator to 2025-03-18 00:00:00+00:00, run_after=2025-03-19 00:00:00+00:00
[2025-03-19T00:03:19.613+0000] {processor.py:208} INFO - Processing /home/airflow/.local/lib/python3.12/site-packages/airflow/example_dags/example_branch_operator.py took 0.055 seconds
[2025-03-19T00:03:50.648+0000] {processor.py:186} INFO - Started process (PID=17281) to work on /home/airflow/.local/lib/python3.12/site-packages/airflow/example_dags/example_branch_operator.py
[2025-03-19T00:03:50.648+0000] {processor.py:914} INFO - Processing file /home/airflow/.local/lib/python3.12/site-packages/airflow/example_dags/example_branch_operator.py for tasks to queue
[2025-03-19T00:03:50.649+0000] {logging_mixin.py:190} INFO - [2025-03-19T00:03:50.649+0000] {dagbag.py:588} INFO - Filling up the DagBag from /home/airflow/.local/lib/python3.12/site-packages/airflow/example_dags/example_branch_operator.py
[2025-03-19T00:03:50.656+0000] {processor.py:925} INFO - DAG(s) 'example_branch_operator' retrieved from /home/airflow/.local/lib/python3.12/site-packages/airflow/example_dags/example_branch_operator.py
[2025-03-19T00:03:50.666+0000] {logging_mixin.py:190} INFO - [2025-03-19T00:03:50.666+0000] {dag.py:3239} INFO - Sync 1 DAGs
[2025-03-19T00:03:50.675+0000] {logging_mixin.py:190} INFO - [2025-03-19T00:03:50.675+0000] {dag.py:4180} INFO - Setting next_dagrun for example_branch_operator to 2025-03-18 00:00:00+00:00, run_after=2025-03-19 00:00:00+00:00
[2025-03-19T00:03:50.681+0000] {processor.py:208} INFO - Processing /home/airflow/.local/lib/python3.12/site-packages/airflow/example_dags/example_branch_operator.py took 0.035 seconds
[2025-03-19T00:04:21.661+0000] {processor.py:186} INFO - Started process (PID=17344) to work on /home/airflow/.local/lib/python3.12/site-packages/airflow/example_dags/example_branch_operator.py
[2025-03-19T00:04:21.661+0000] {processor.py:914} INFO - Processing file /home/airflow/.local/lib/python3.12/site-packages/airflow/example_dags/example_branch_operator.py for tasks to queue
[2025-03-19T00:04:21.662+0000] {logging_mixin.py:190} INFO - [2025-03-19T00:04:21.662+0000] {dagbag.py:588} INFO - Filling up the DagBag from /home/airflow/.local/lib/python3.12/site-packages/airflow/example_dags/example_branch_operator.py
[2025-03-19T00:04:21.669+0000] {processor.py:925} INFO - DAG(s) 'example_branch_operator' retrieved from /home/airflow/.local/lib/python3.12/site-packages/airflow/example_dags/example_branch_operator.py
[2025-03-19T00:04:21.681+0000] {logging_mixin.py:190} INFO - [2025-03-19T00:04:21.681+0000] {dag.py:3239} INFO - Sync 1 DAGs
[2025-03-19T00:04:21.690+0000] {logging_mixin.py:190} INFO - [2025-03-19T00:04:21.690+0000] {dag.py:4180} INFO - Setting next_dagrun for example_branch_operator to 2025-03-18 00:00:00+00:00, run_after=2025-03-19 00:00:00+00:00
[2025-03-19T00:04:21.699+0000] {processor.py:208} INFO - Processing /home/airflow/.local/lib/python3.12/site-packages/airflow/example_dags/example_branch_operator.py took 0.040 seconds
[2025-03-19T00:04:52.698+0000] {processor.py:186} INFO - Started process (PID=17407) to work on /home/airflow/.local/lib/python3.12/site-packages/airflow/example_dags/example_branch_operator.py
[2025-03-19T00:04:52.700+0000] {processor.py:914} INFO - Processing file /home/airflow/.local/lib/python3.12/site-packages/airflow/example_dags/example_branch_operator.py for tasks to queue
[2025-03-19T00:04:52.701+0000] {logging_mixin.py:190} INFO - [2025-03-19T00:04:52.701+0000] {dagbag.py:588} INFO - Filling up the DagBag from /home/airflow/.local/lib/python3.12/site-packages/airflow/example_dags/example_branch_operator.py
[2025-03-19T00:04:52.710+0000] {processor.py:925} INFO - DAG(s) 'example_branch_operator' retrieved from /home/airflow/.local/lib/python3.12/site-packages/airflow/example_dags/example_branch_operator.py
[2025-03-19T00:04:52.724+0000] {logging_mixin.py:190} INFO - [2025-03-19T00:04:52.724+0000] {dag.py:3239} INFO - Sync 1 DAGs
[2025-03-19T00:04:52.732+0000] {logging_mixin.py:190} INFO - [2025-03-19T00:04:52.732+0000] {dag.py:4180} INFO - Setting next_dagrun for example_branch_operator to 2025-03-18 00:00:00+00:00, run_after=2025-03-19 00:00:00+00:00
[2025-03-19T00:04:52.738+0000] {processor.py:208} INFO - Processing /home/airflow/.local/lib/python3.12/site-packages/airflow/example_dags/example_branch_operator.py took 0.043 seconds
[2025-03-19T00:05:23.857+0000] {processor.py:186} INFO - Started process (PID=17470) to work on /home/airflow/.local/lib/python3.12/site-packages/airflow/example_dags/example_branch_operator.py
[2025-03-19T00:05:23.858+0000] {processor.py:914} INFO - Processing file /home/airflow/.local/lib/python3.12/site-packages/airflow/example_dags/example_branch_operator.py for tasks to queue
[2025-03-19T00:05:23.860+0000] {logging_mixin.py:190} INFO - [2025-03-19T00:05:23.859+0000] {dagbag.py:588} INFO - Filling up the DagBag from /home/airflow/.local/lib/python3.12/site-packages/airflow/example_dags/example_branch_operator.py
[2025-03-19T00:05:23.869+0000] {processor.py:925} INFO - DAG(s) 'example_branch_operator' retrieved from /home/airflow/.local/lib/python3.12/site-packages/airflow/example_dags/example_branch_operator.py
[2025-03-19T00:05:23.879+0000] {logging_mixin.py:190} INFO - [2025-03-19T00:05:23.879+0000] {dag.py:3239} INFO - Sync 1 DAGs
[2025-03-19T00:05:23.888+0000] {logging_mixin.py:190} INFO - [2025-03-19T00:05:23.888+0000] {dag.py:4180} INFO - Setting next_dagrun for example_branch_operator to 2025-03-18 00:00:00+00:00, run_after=2025-03-19 00:00:00+00:00
[2025-03-19T00:05:23.895+0000] {processor.py:208} INFO - Processing /home/airflow/.local/lib/python3.12/site-packages/airflow/example_dags/example_branch_operator.py took 0.040 seconds
[2025-03-19T00:05:55.029+0000] {processor.py:186} INFO - Started process (PID=17533) to work on /home/airflow/.local/lib/python3.12/site-packages/airflow/example_dags/example_branch_operator.py
[2025-03-19T00:05:55.029+0000] {processor.py:914} INFO - Processing file /home/airflow/.local/lib/python3.12/site-packages/airflow/example_dags/example_branch_operator.py for tasks to queue
[2025-03-19T00:05:55.030+0000] {logging_mixin.py:190} INFO - [2025-03-19T00:05:55.030+0000] {dagbag.py:588} INFO - Filling up the DagBag from /home/airflow/.local/lib/python3.12/site-packages/airflow/example_dags/example_branch_operator.py
[2025-03-19T00:05:55.037+0000] {processor.py:925} INFO - DAG(s) 'example_branch_operator' retrieved from /home/airflow/.local/lib/python3.12/site-packages/airflow/example_dags/example_branch_operator.py
[2025-03-19T00:05:55.047+0000] {logging_mixin.py:190} INFO - [2025-03-19T00:05:55.047+0000] {dag.py:3239} INFO - Sync 1 DAGs
[2025-03-19T00:05:55.056+0000] {logging_mixin.py:190} INFO - [2025-03-19T00:05:55.056+0000] {dag.py:4180} INFO - Setting next_dagrun for example_branch_operator to 2025-03-18 00:00:00+00:00, run_after=2025-03-19 00:00:00+00:00
[2025-03-19T00:05:55.066+0000] {processor.py:208} INFO - Processing /home/airflow/.local/lib/python3.12/site-packages/airflow/example_dags/example_branch_operator.py took 0.039 seconds
[2025-03-19T00:06:26.165+0000] {processor.py:186} INFO - Started process (PID=17596) to work on /home/airflow/.local/lib/python3.12/site-packages/airflow/example_dags/example_branch_operator.py
[2025-03-19T00:06:26.166+0000] {processor.py:914} INFO - Processing file /home/airflow/.local/lib/python3.12/site-packages/airflow/example_dags/example_branch_operator.py for tasks to queue
[2025-03-19T00:06:26.167+0000] {logging_mixin.py:190} INFO - [2025-03-19T00:06:26.166+0000] {dagbag.py:588} INFO - Filling up the DagBag from /home/airflow/.local/lib/python3.12/site-packages/airflow/example_dags/example_branch_operator.py
[2025-03-19T00:06:26.173+0000] {processor.py:925} INFO - DAG(s) 'example_branch_operator' retrieved from /home/airflow/.local/lib/python3.12/site-packages/airflow/example_dags/example_branch_operator.py
[2025-03-19T00:06:26.184+0000] {logging_mixin.py:190} INFO - [2025-03-19T00:06:26.184+0000] {dag.py:3239} INFO - Sync 1 DAGs
[2025-03-19T00:06:26.193+0000] {logging_mixin.py:190} INFO - [2025-03-19T00:06:26.193+0000] {dag.py:4180} INFO - Setting next_dagrun for example_branch_operator to 2025-03-18 00:00:00+00:00, run_after=2025-03-19 00:00:00+00:00
[2025-03-19T00:06:26.198+0000] {processor.py:208} INFO - Processing /home/airflow/.local/lib/python3.12/site-packages/airflow/example_dags/example_branch_operator.py took 0.035 seconds
[2025-03-19T00:06:57.300+0000] {processor.py:186} INFO - Started process (PID=17659) to work on /home/airflow/.local/lib/python3.12/site-packages/airflow/example_dags/example_branch_operator.py
[2025-03-19T00:06:57.300+0000] {processor.py:914} INFO - Processing file /home/airflow/.local/lib/python3.12/site-packages/airflow/example_dags/example_branch_operator.py for tasks to queue
[2025-03-19T00:06:57.301+0000] {logging_mixin.py:190} INFO - [2025-03-19T00:06:57.301+0000] {dagbag.py:588} INFO - Filling up the DagBag from /home/airflow/.local/lib/python3.12/site-packages/airflow/example_dags/example_branch_operator.py
[2025-03-19T00:06:57.308+0000] {processor.py:925} INFO - DAG(s) 'example_branch_operator' retrieved from /home/airflow/.local/lib/python3.12/site-packages/airflow/example_dags/example_branch_operator.py
[2025-03-19T00:06:57.318+0000] {logging_mixin.py:190} INFO - [2025-03-19T00:06:57.318+0000] {dag.py:3239} INFO - Sync 1 DAGs
[2025-03-19T00:06:57.327+0000] {logging_mixin.py:190} INFO - [2025-03-19T00:06:57.326+0000] {dag.py:4180} INFO - Setting next_dagrun for example_branch_operator to 2025-03-18 00:00:00+00:00, run_after=2025-03-19 00:00:00+00:00
[2025-03-19T00:06:57.332+0000] {processor.py:208} INFO - Processing /home/airflow/.local/lib/python3.12/site-packages/airflow/example_dags/example_branch_operator.py took 0.035 seconds
[2025-03-19T00:07:28.513+0000] {processor.py:186} INFO - Started process (PID=17722) to work on /home/airflow/.local/lib/python3.12/site-packages/airflow/example_dags/example_branch_operator.py
[2025-03-19T00:07:28.514+0000] {processor.py:914} INFO - Processing file /home/airflow/.local/lib/python3.12/site-packages/airflow/example_dags/example_branch_operator.py for tasks to queue
[2025-03-19T00:07:28.514+0000] {logging_mixin.py:190} INFO - [2025-03-19T00:07:28.514+0000] {dagbag.py:588} INFO - Filling up the DagBag from /home/airflow/.local/lib/python3.12/site-packages/airflow/example_dags/example_branch_operator.py
[2025-03-19T00:07:28.521+0000] {processor.py:925} INFO - DAG(s) 'example_branch_operator' retrieved from /home/airflow/.local/lib/python3.12/site-packages/airflow/example_dags/example_branch_operator.py
[2025-03-19T00:07:28.532+0000] {logging_mixin.py:190} INFO - [2025-03-19T00:07:28.532+0000] {dag.py:3239} INFO - Sync 1 DAGs
[2025-03-19T00:07:28.540+0000] {logging_mixin.py:190} INFO - [2025-03-19T00:07:28.540+0000] {dag.py:4180} INFO - Setting next_dagrun for example_branch_operator to 2025-03-18 00:00:00+00:00, run_after=2025-03-19 00:00:00+00:00
[2025-03-19T00:07:28.546+0000] {processor.py:208} INFO - Processing /home/airflow/.local/lib/python3.12/site-packages/airflow/example_dags/example_branch_operator.py took 0.035 seconds
[2025-03-19T00:07:59.839+0000] {processor.py:186} INFO - Started process (PID=17785) to work on /home/airflow/.local/lib/python3.12/site-packages/airflow/example_dags/example_branch_operator.py
[2025-03-19T00:07:59.840+0000] {processor.py:914} INFO - Processing file /home/airflow/.local/lib/python3.12/site-packages/airflow/example_dags/example_branch_operator.py for tasks to queue
[2025-03-19T00:07:59.841+0000] {logging_mixin.py:190} INFO - [2025-03-19T00:07:59.841+0000] {dagbag.py:588} INFO - Filling up the DagBag from /home/airflow/.local/lib/python3.12/site-packages/airflow/example_dags/example_branch_operator.py
[2025-03-19T00:07:59.848+0000] {processor.py:925} INFO - DAG(s) 'example_branch_operator' retrieved from /home/airflow/.local/lib/python3.12/site-packages/airflow/example_dags/example_branch_operator.py
[2025-03-19T00:07:59.858+0000] {logging_mixin.py:190} INFO - [2025-03-19T00:07:59.858+0000] {dag.py:3239} INFO - Sync 1 DAGs
[2025-03-19T00:07:59.866+0000] {logging_mixin.py:190} INFO - [2025-03-19T00:07:59.866+0000] {dag.py:4180} INFO - Setting next_dagrun for example_branch_operator to 2025-03-18 00:00:00+00:00, run_after=2025-03-19 00:00:00+00:00
[2025-03-19T00:07:59.872+0000] {processor.py:208} INFO - Processing /home/airflow/.local/lib/python3.12/site-packages/airflow/example_dags/example_branch_operator.py took 0.035 seconds
