[2025-03-19T00:00:03.620+0000] {processor.py:186} INFO - Started process (PID=16800) to work on /home/airflow/.local/lib/python3.12/site-packages/airflow/example_dags/example_latest_only.py
[2025-03-19T00:00:03.620+0000] {processor.py:914} INFO - Processing file /home/airflow/.local/lib/python3.12/site-packages/airflow/example_dags/example_latest_only.py for tasks to queue
[2025-03-19T00:00:03.621+0000] {logging_mixin.py:190} INFO - [2025-03-19T00:00:03.621+0000] {dagbag.py:588} INFO - Filling up the DagBag from /home/airflow/.local/lib/python3.12/site-packages/airflow/example_dags/example_latest_only.py
[2025-03-19T00:00:03.625+0000] {processor.py:925} INFO - DAG(s) 'latest_only' retrieved from /home/airflow/.local/lib/python3.12/site-packages/airflow/example_dags/example_latest_only.py
[2025-03-19T00:00:03.631+0000] {logging_mixin.py:190} INFO - [2025-03-19T00:00:03.631+0000] {dag.py:3239} INFO - Sync 1 DAGs
[2025-03-19T00:00:03.638+0000] {logging_mixin.py:190} INFO - [2025-03-19T00:00:03.638+0000] {dag.py:4180} INFO - Setting next_dagrun for latest_only to 2025-03-18 20:00:00+00:00, run_after=2025-03-19 00:00:00+00:00
[2025-03-19T00:00:03.644+0000] {processor.py:208} INFO - Processing /home/airflow/.local/lib/python3.12/site-packages/airflow/example_dags/example_latest_only.py took 0.027 seconds
[2025-03-19T00:00:33.714+0000] {processor.py:186} INFO - Started process (PID=16863) to work on /home/airflow/.local/lib/python3.12/site-packages/airflow/example_dags/example_latest_only.py
[2025-03-19T00:00:33.714+0000] {processor.py:914} INFO - Processing file /home/airflow/.local/lib/python3.12/site-packages/airflow/example_dags/example_latest_only.py for tasks to queue
[2025-03-19T00:00:33.715+0000] {logging_mixin.py:190} INFO - [2025-03-19T00:00:33.715+0000] {dagbag.py:588} INFO - Filling up the DagBag from /home/airflow/.local/lib/python3.12/site-packages/airflow/example_dags/example_latest_only.py
[2025-03-19T00:00:33.718+0000] {processor.py:925} INFO - DAG(s) 'latest_only' retrieved from /home/airflow/.local/lib/python3.12/site-packages/airflow/example_dags/example_latest_only.py
[2025-03-19T00:00:33.725+0000] {logging_mixin.py:190} INFO - [2025-03-19T00:00:33.725+0000] {dag.py:3239} INFO - Sync 1 DAGs
[2025-03-19T00:00:33.732+0000] {logging_mixin.py:190} INFO - [2025-03-19T00:00:33.732+0000] {dag.py:4180} INFO - Setting next_dagrun for latest_only to 2025-03-18 20:00:00+00:00, run_after=2025-03-19 00:00:00+00:00
[2025-03-19T00:00:33.737+0000] {processor.py:208} INFO - Processing /home/airflow/.local/lib/python3.12/site-packages/airflow/example_dags/example_latest_only.py took 0.026 seconds
[2025-03-19T00:01:03.847+0000] {processor.py:186} INFO - Started process (PID=16926) to work on /home/airflow/.local/lib/python3.12/site-packages/airflow/example_dags/example_latest_only.py
[2025-03-19T00:01:03.847+0000] {processor.py:914} INFO - Processing file /home/airflow/.local/lib/python3.12/site-packages/airflow/example_dags/example_latest_only.py for tasks to queue
[2025-03-19T00:01:03.848+0000] {logging_mixin.py:190} INFO - [2025-03-19T00:01:03.848+0000] {dagbag.py:588} INFO - Filling up the DagBag from /home/airflow/.local/lib/python3.12/site-packages/airflow/example_dags/example_latest_only.py
[2025-03-19T00:01:03.851+0000] {processor.py:925} INFO - DAG(s) 'latest_only' retrieved from /home/airflow/.local/lib/python3.12/site-packages/airflow/example_dags/example_latest_only.py
[2025-03-19T00:01:03.858+0000] {logging_mixin.py:190} INFO - [2025-03-19T00:01:03.858+0000] {dag.py:3239} INFO - Sync 1 DAGs
[2025-03-19T00:01:03.867+0000] {logging_mixin.py:190} INFO - [2025-03-19T00:01:03.867+0000] {dag.py:4180} INFO - Setting next_dagrun for latest_only to 2025-03-18 20:00:00+00:00, run_after=2025-03-19 00:00:00+00:00
[2025-03-19T00:01:03.872+0000] {processor.py:208} INFO - Processing /home/airflow/.local/lib/python3.12/site-packages/airflow/example_dags/example_latest_only.py took 0.028 seconds
[2025-03-19T00:01:34.862+0000] {processor.py:186} INFO - Started process (PID=16989) to work on /home/airflow/.local/lib/python3.12/site-packages/airflow/example_dags/example_latest_only.py
[2025-03-19T00:01:34.864+0000] {processor.py:914} INFO - Processing file /home/airflow/.local/lib/python3.12/site-packages/airflow/example_dags/example_latest_only.py for tasks to queue
[2025-03-19T00:01:34.866+0000] {logging_mixin.py:190} INFO - [2025-03-19T00:01:34.866+0000] {dagbag.py:588} INFO - Filling up the DagBag from /home/airflow/.local/lib/python3.12/site-packages/airflow/example_dags/example_latest_only.py
[2025-03-19T00:01:34.869+0000] {processor.py:925} INFO - DAG(s) 'latest_only' retrieved from /home/airflow/.local/lib/python3.12/site-packages/airflow/example_dags/example_latest_only.py
[2025-03-19T00:01:34.878+0000] {logging_mixin.py:190} INFO - [2025-03-19T00:01:34.878+0000] {dag.py:3239} INFO - Sync 1 DAGs
[2025-03-19T00:01:34.886+0000] {logging_mixin.py:190} INFO - [2025-03-19T00:01:34.886+0000] {dag.py:4180} INFO - Setting next_dagrun for latest_only to 2025-03-18 20:00:00+00:00, run_after=2025-03-19 00:00:00+00:00
[2025-03-19T00:01:34.892+0000] {processor.py:208} INFO - Processing /home/airflow/.local/lib/python3.12/site-packages/airflow/example_dags/example_latest_only.py took 0.032 seconds
[2025-03-19T00:02:05.885+0000] {processor.py:186} INFO - Started process (PID=17052) to work on /home/airflow/.local/lib/python3.12/site-packages/airflow/example_dags/example_latest_only.py
[2025-03-19T00:02:05.886+0000] {processor.py:914} INFO - Processing file /home/airflow/.local/lib/python3.12/site-packages/airflow/example_dags/example_latest_only.py for tasks to queue
[2025-03-19T00:02:05.887+0000] {logging_mixin.py:190} INFO - [2025-03-19T00:02:05.886+0000] {dagbag.py:588} INFO - Filling up the DagBag from /home/airflow/.local/lib/python3.12/site-packages/airflow/example_dags/example_latest_only.py
[2025-03-19T00:02:05.889+0000] {processor.py:925} INFO - DAG(s) 'latest_only' retrieved from /home/airflow/.local/lib/python3.12/site-packages/airflow/example_dags/example_latest_only.py
[2025-03-19T00:02:05.896+0000] {logging_mixin.py:190} INFO - [2025-03-19T00:02:05.896+0000] {dag.py:3239} INFO - Sync 1 DAGs
[2025-03-19T00:02:05.903+0000] {logging_mixin.py:190} INFO - [2025-03-19T00:02:05.903+0000] {dag.py:4180} INFO - Setting next_dagrun for latest_only to 2025-03-18 20:00:00+00:00, run_after=2025-03-19 00:00:00+00:00
[2025-03-19T00:02:05.908+0000] {processor.py:208} INFO - Processing /home/airflow/.local/lib/python3.12/site-packages/airflow/example_dags/example_latest_only.py took 0.025 seconds
[2025-03-19T00:02:36.064+0000] {processor.py:186} INFO - Started process (PID=17115) to work on /home/airflow/.local/lib/python3.12/site-packages/airflow/example_dags/example_latest_only.py
[2025-03-19T00:02:36.065+0000] {processor.py:914} INFO - Processing file /home/airflow/.local/lib/python3.12/site-packages/airflow/example_dags/example_latest_only.py for tasks to queue
[2025-03-19T00:02:36.066+0000] {logging_mixin.py:190} INFO - [2025-03-19T00:02:36.065+0000] {dagbag.py:588} INFO - Filling up the DagBag from /home/airflow/.local/lib/python3.12/site-packages/airflow/example_dags/example_latest_only.py
[2025-03-19T00:02:36.068+0000] {processor.py:925} INFO - DAG(s) 'latest_only' retrieved from /home/airflow/.local/lib/python3.12/site-packages/airflow/example_dags/example_latest_only.py
[2025-03-19T00:02:36.076+0000] {logging_mixin.py:190} INFO - [2025-03-19T00:02:36.076+0000] {dag.py:3239} INFO - Sync 1 DAGs
[2025-03-19T00:02:36.084+0000] {logging_mixin.py:190} INFO - [2025-03-19T00:02:36.084+0000] {dag.py:4180} INFO - Setting next_dagrun for latest_only to 2025-03-18 20:00:00+00:00, run_after=2025-03-19 00:00:00+00:00
[2025-03-19T00:02:36.090+0000] {processor.py:208} INFO - Processing /home/airflow/.local/lib/python3.12/site-packages/airflow/example_dags/example_latest_only.py took 0.028 seconds
[2025-03-19T00:03:06.191+0000] {processor.py:186} INFO - Started process (PID=17178) to work on /home/airflow/.local/lib/python3.12/site-packages/airflow/example_dags/example_latest_only.py
[2025-03-19T00:03:06.192+0000] {processor.py:914} INFO - Processing file /home/airflow/.local/lib/python3.12/site-packages/airflow/example_dags/example_latest_only.py for tasks to queue
[2025-03-19T00:03:06.193+0000] {logging_mixin.py:190} INFO - [2025-03-19T00:03:06.193+0000] {dagbag.py:588} INFO - Filling up the DagBag from /home/airflow/.local/lib/python3.12/site-packages/airflow/example_dags/example_latest_only.py
[2025-03-19T00:03:06.196+0000] {processor.py:925} INFO - DAG(s) 'latest_only' retrieved from /home/airflow/.local/lib/python3.12/site-packages/airflow/example_dags/example_latest_only.py
[2025-03-19T00:03:06.203+0000] {logging_mixin.py:190} INFO - [2025-03-19T00:03:06.203+0000] {dag.py:3239} INFO - Sync 1 DAGs
[2025-03-19T00:03:06.210+0000] {logging_mixin.py:190} INFO - [2025-03-19T00:03:06.210+0000] {dag.py:4180} INFO - Setting next_dagrun for latest_only to 2025-03-18 20:00:00+00:00, run_after=2025-03-19 00:00:00+00:00
[2025-03-19T00:03:06.215+0000] {processor.py:208} INFO - Processing /home/airflow/.local/lib/python3.12/site-packages/airflow/example_dags/example_latest_only.py took 0.027 seconds
[2025-03-19T00:03:36.362+0000] {processor.py:186} INFO - Started process (PID=17241) to work on /home/airflow/.local/lib/python3.12/site-packages/airflow/example_dags/example_latest_only.py
[2025-03-19T00:03:36.363+0000] {processor.py:914} INFO - Processing file /home/airflow/.local/lib/python3.12/site-packages/airflow/example_dags/example_latest_only.py for tasks to queue
[2025-03-19T00:03:36.364+0000] {logging_mixin.py:190} INFO - [2025-03-19T00:03:36.364+0000] {dagbag.py:588} INFO - Filling up the DagBag from /home/airflow/.local/lib/python3.12/site-packages/airflow/example_dags/example_latest_only.py
[2025-03-19T00:03:36.368+0000] {processor.py:925} INFO - DAG(s) 'latest_only' retrieved from /home/airflow/.local/lib/python3.12/site-packages/airflow/example_dags/example_latest_only.py
[2025-03-19T00:03:36.377+0000] {logging_mixin.py:190} INFO - [2025-03-19T00:03:36.377+0000] {dag.py:3239} INFO - Sync 1 DAGs
[2025-03-19T00:03:36.385+0000] {logging_mixin.py:190} INFO - [2025-03-19T00:03:36.384+0000] {dag.py:4180} INFO - Setting next_dagrun for latest_only to 2025-03-18 20:00:00+00:00, run_after=2025-03-19 00:00:00+00:00
[2025-03-19T00:03:36.390+0000] {processor.py:208} INFO - Processing /home/airflow/.local/lib/python3.12/site-packages/airflow/example_dags/example_latest_only.py took 0.029 seconds
[2025-03-19T00:04:07.362+0000] {processor.py:186} INFO - Started process (PID=17310) to work on /home/airflow/.local/lib/python3.12/site-packages/airflow/example_dags/example_latest_only.py
[2025-03-19T00:04:07.362+0000] {processor.py:914} INFO - Processing file /home/airflow/.local/lib/python3.12/site-packages/airflow/example_dags/example_latest_only.py for tasks to queue
[2025-03-19T00:04:07.364+0000] {logging_mixin.py:190} INFO - [2025-03-19T00:04:07.364+0000] {dagbag.py:588} INFO - Filling up the DagBag from /home/airflow/.local/lib/python3.12/site-packages/airflow/example_dags/example_latest_only.py
[2025-03-19T00:04:07.368+0000] {processor.py:925} INFO - DAG(s) 'latest_only' retrieved from /home/airflow/.local/lib/python3.12/site-packages/airflow/example_dags/example_latest_only.py
[2025-03-19T00:04:07.375+0000] {logging_mixin.py:190} INFO - [2025-03-19T00:04:07.375+0000] {dag.py:3239} INFO - Sync 1 DAGs
[2025-03-19T00:04:07.382+0000] {logging_mixin.py:190} INFO - [2025-03-19T00:04:07.382+0000] {dag.py:4180} INFO - Setting next_dagrun for latest_only to 2025-03-18 20:00:00+00:00, run_after=2025-03-19 00:00:00+00:00
[2025-03-19T00:04:07.387+0000] {processor.py:208} INFO - Processing /home/airflow/.local/lib/python3.12/site-packages/airflow/example_dags/example_latest_only.py took 0.028 seconds
[2025-03-19T00:04:38.398+0000] {processor.py:186} INFO - Started process (PID=17373) to work on /home/airflow/.local/lib/python3.12/site-packages/airflow/example_dags/example_latest_only.py
[2025-03-19T00:04:38.399+0000] {processor.py:914} INFO - Processing file /home/airflow/.local/lib/python3.12/site-packages/airflow/example_dags/example_latest_only.py for tasks to queue
[2025-03-19T00:04:38.401+0000] {logging_mixin.py:190} INFO - [2025-03-19T00:04:38.401+0000] {dagbag.py:588} INFO - Filling up the DagBag from /home/airflow/.local/lib/python3.12/site-packages/airflow/example_dags/example_latest_only.py
[2025-03-19T00:04:38.405+0000] {processor.py:925} INFO - DAG(s) 'latest_only' retrieved from /home/airflow/.local/lib/python3.12/site-packages/airflow/example_dags/example_latest_only.py
[2025-03-19T00:04:38.411+0000] {logging_mixin.py:190} INFO - [2025-03-19T00:04:38.411+0000] {dag.py:3239} INFO - Sync 1 DAGs
[2025-03-19T00:04:38.418+0000] {logging_mixin.py:190} INFO - [2025-03-19T00:04:38.418+0000] {dag.py:4180} INFO - Setting next_dagrun for latest_only to 2025-03-18 20:00:00+00:00, run_after=2025-03-19 00:00:00+00:00
[2025-03-19T00:04:38.423+0000] {processor.py:208} INFO - Processing /home/airflow/.local/lib/python3.12/site-packages/airflow/example_dags/example_latest_only.py took 0.028 seconds
[2025-03-19T00:05:09.420+0000] {processor.py:186} INFO - Started process (PID=17436) to work on /home/airflow/.local/lib/python3.12/site-packages/airflow/example_dags/example_latest_only.py
[2025-03-19T00:05:09.421+0000] {processor.py:914} INFO - Processing file /home/airflow/.local/lib/python3.12/site-packages/airflow/example_dags/example_latest_only.py for tasks to queue
[2025-03-19T00:05:09.422+0000] {logging_mixin.py:190} INFO - [2025-03-19T00:05:09.422+0000] {dagbag.py:588} INFO - Filling up the DagBag from /home/airflow/.local/lib/python3.12/site-packages/airflow/example_dags/example_latest_only.py
[2025-03-19T00:05:09.428+0000] {processor.py:925} INFO - DAG(s) 'latest_only' retrieved from /home/airflow/.local/lib/python3.12/site-packages/airflow/example_dags/example_latest_only.py
[2025-03-19T00:05:09.434+0000] {logging_mixin.py:190} INFO - [2025-03-19T00:05:09.434+0000] {dag.py:3239} INFO - Sync 1 DAGs
[2025-03-19T00:05:09.442+0000] {logging_mixin.py:190} INFO - [2025-03-19T00:05:09.442+0000] {dag.py:4180} INFO - Setting next_dagrun for latest_only to 2025-03-18 20:00:00+00:00, run_after=2025-03-19 00:00:00+00:00
[2025-03-19T00:05:09.447+0000] {processor.py:208} INFO - Processing /home/airflow/.local/lib/python3.12/site-packages/airflow/example_dags/example_latest_only.py took 0.029 seconds
[2025-03-19T00:05:39.570+0000] {processor.py:186} INFO - Started process (PID=17499) to work on /home/airflow/.local/lib/python3.12/site-packages/airflow/example_dags/example_latest_only.py
[2025-03-19T00:05:39.570+0000] {processor.py:914} INFO - Processing file /home/airflow/.local/lib/python3.12/site-packages/airflow/example_dags/example_latest_only.py for tasks to queue
[2025-03-19T00:05:39.574+0000] {logging_mixin.py:190} INFO - [2025-03-19T00:05:39.574+0000] {dagbag.py:588} INFO - Filling up the DagBag from /home/airflow/.local/lib/python3.12/site-packages/airflow/example_dags/example_latest_only.py
[2025-03-19T00:05:39.577+0000] {processor.py:925} INFO - DAG(s) 'latest_only' retrieved from /home/airflow/.local/lib/python3.12/site-packages/airflow/example_dags/example_latest_only.py
[2025-03-19T00:05:39.588+0000] {logging_mixin.py:190} INFO - [2025-03-19T00:05:39.588+0000] {dag.py:3239} INFO - Sync 1 DAGs
[2025-03-19T00:05:39.602+0000] {logging_mixin.py:190} INFO - [2025-03-19T00:05:39.602+0000] {dag.py:4180} INFO - Setting next_dagrun for latest_only to 2025-03-18 20:00:00+00:00, run_after=2025-03-19 00:00:00+00:00
[2025-03-19T00:05:39.616+0000] {processor.py:208} INFO - Processing /home/airflow/.local/lib/python3.12/site-packages/airflow/example_dags/example_latest_only.py took 0.048 seconds
[2025-03-19T00:06:09.810+0000] {processor.py:186} INFO - Started process (PID=17562) to work on /home/airflow/.local/lib/python3.12/site-packages/airflow/example_dags/example_latest_only.py
[2025-03-19T00:06:09.810+0000] {processor.py:914} INFO - Processing file /home/airflow/.local/lib/python3.12/site-packages/airflow/example_dags/example_latest_only.py for tasks to queue
[2025-03-19T00:06:09.811+0000] {logging_mixin.py:190} INFO - [2025-03-19T00:06:09.811+0000] {dagbag.py:588} INFO - Filling up the DagBag from /home/airflow/.local/lib/python3.12/site-packages/airflow/example_dags/example_latest_only.py
[2025-03-19T00:06:09.814+0000] {processor.py:925} INFO - DAG(s) 'latest_only' retrieved from /home/airflow/.local/lib/python3.12/site-packages/airflow/example_dags/example_latest_only.py
[2025-03-19T00:06:09.821+0000] {logging_mixin.py:190} INFO - [2025-03-19T00:06:09.821+0000] {dag.py:3239} INFO - Sync 1 DAGs
[2025-03-19T00:06:09.829+0000] {logging_mixin.py:190} INFO - [2025-03-19T00:06:09.829+0000] {dag.py:4180} INFO - Setting next_dagrun for latest_only to 2025-03-18 20:00:00+00:00, run_after=2025-03-19 00:00:00+00:00
[2025-03-19T00:06:09.835+0000] {processor.py:208} INFO - Processing /home/airflow/.local/lib/python3.12/site-packages/airflow/example_dags/example_latest_only.py took 0.027 seconds
[2025-03-19T00:06:39.936+0000] {processor.py:186} INFO - Started process (PID=17625) to work on /home/airflow/.local/lib/python3.12/site-packages/airflow/example_dags/example_latest_only.py
[2025-03-19T00:06:39.937+0000] {processor.py:914} INFO - Processing file /home/airflow/.local/lib/python3.12/site-packages/airflow/example_dags/example_latest_only.py for tasks to queue
[2025-03-19T00:06:39.937+0000] {logging_mixin.py:190} INFO - [2025-03-19T00:06:39.937+0000] {dagbag.py:588} INFO - Filling up the DagBag from /home/airflow/.local/lib/python3.12/site-packages/airflow/example_dags/example_latest_only.py
[2025-03-19T00:06:39.940+0000] {processor.py:925} INFO - DAG(s) 'latest_only' retrieved from /home/airflow/.local/lib/python3.12/site-packages/airflow/example_dags/example_latest_only.py
[2025-03-19T00:06:39.947+0000] {logging_mixin.py:190} INFO - [2025-03-19T00:06:39.947+0000] {dag.py:3239} INFO - Sync 1 DAGs
[2025-03-19T00:06:39.954+0000] {logging_mixin.py:190} INFO - [2025-03-19T00:06:39.954+0000] {dag.py:4180} INFO - Setting next_dagrun for latest_only to 2025-03-18 20:00:00+00:00, run_after=2025-03-19 00:00:00+00:00
[2025-03-19T00:06:39.959+0000] {processor.py:208} INFO - Processing /home/airflow/.local/lib/python3.12/site-packages/airflow/example_dags/example_latest_only.py took 0.025 seconds
[2025-03-19T00:07:10.057+0000] {processor.py:186} INFO - Started process (PID=17688) to work on /home/airflow/.local/lib/python3.12/site-packages/airflow/example_dags/example_latest_only.py
[2025-03-19T00:07:10.057+0000] {processor.py:914} INFO - Processing file /home/airflow/.local/lib/python3.12/site-packages/airflow/example_dags/example_latest_only.py for tasks to queue
[2025-03-19T00:07:10.058+0000] {logging_mixin.py:190} INFO - [2025-03-19T00:07:10.058+0000] {dagbag.py:588} INFO - Filling up the DagBag from /home/airflow/.local/lib/python3.12/site-packages/airflow/example_dags/example_latest_only.py
[2025-03-19T00:07:10.061+0000] {processor.py:925} INFO - DAG(s) 'latest_only' retrieved from /home/airflow/.local/lib/python3.12/site-packages/airflow/example_dags/example_latest_only.py
[2025-03-19T00:07:10.067+0000] {logging_mixin.py:190} INFO - [2025-03-19T00:07:10.067+0000] {dag.py:3239} INFO - Sync 1 DAGs
[2025-03-19T00:07:10.075+0000] {logging_mixin.py:190} INFO - [2025-03-19T00:07:10.075+0000] {dag.py:4180} INFO - Setting next_dagrun for latest_only to 2025-03-18 20:00:00+00:00, run_after=2025-03-19 00:00:00+00:00
[2025-03-19T00:07:10.080+0000] {processor.py:208} INFO - Processing /home/airflow/.local/lib/python3.12/site-packages/airflow/example_dags/example_latest_only.py took 0.025 seconds
[2025-03-19T00:07:40.224+0000] {processor.py:186} INFO - Started process (PID=17751) to work on /home/airflow/.local/lib/python3.12/site-packages/airflow/example_dags/example_latest_only.py
[2025-03-19T00:07:40.224+0000] {processor.py:914} INFO - Processing file /home/airflow/.local/lib/python3.12/site-packages/airflow/example_dags/example_latest_only.py for tasks to queue
[2025-03-19T00:07:40.225+0000] {logging_mixin.py:190} INFO - [2025-03-19T00:07:40.225+0000] {dagbag.py:588} INFO - Filling up the DagBag from /home/airflow/.local/lib/python3.12/site-packages/airflow/example_dags/example_latest_only.py
[2025-03-19T00:07:40.229+0000] {processor.py:925} INFO - DAG(s) 'latest_only' retrieved from /home/airflow/.local/lib/python3.12/site-packages/airflow/example_dags/example_latest_only.py
[2025-03-19T00:07:40.239+0000] {logging_mixin.py:190} INFO - [2025-03-19T00:07:40.239+0000] {dag.py:3239} INFO - Sync 1 DAGs
[2025-03-19T00:07:40.249+0000] {logging_mixin.py:190} INFO - [2025-03-19T00:07:40.249+0000] {dag.py:4180} INFO - Setting next_dagrun for latest_only to 2025-03-18 20:00:00+00:00, run_after=2025-03-19 00:00:00+00:00
[2025-03-19T00:07:40.254+0000] {processor.py:208} INFO - Processing /home/airflow/.local/lib/python3.12/site-packages/airflow/example_dags/example_latest_only.py took 0.033 seconds
