[2025-03-19T00:00:12.323+0000] {processor.py:186} INFO - Started process (PID=16817) to work on /home/airflow/.local/lib/python3.12/site-packages/airflow/example_dags/tutorial_taskflow_api_virtualenv.py
[2025-03-19T00:00:12.324+0000] {processor.py:914} INFO - Processing file /home/airflow/.local/lib/python3.12/site-packages/airflow/example_dags/tutorial_taskflow_api_virtualenv.py for tasks to queue
[2025-03-19T00:00:12.325+0000] {logging_mixin.py:190} INFO - [2025-03-19T00:00:12.325+0000] {dagbag.py:588} INFO - Filling up the DagBag from /home/airflow/.local/lib/python3.12/site-packages/airflow/example_dags/tutorial_taskflow_api_virtualenv.py
[2025-03-19T00:00:12.331+0000] {processor.py:925} INFO - DAG(s) 'tutorial_taskflow_api_virtualenv' retrieved from /home/airflow/.local/lib/python3.12/site-packages/airflow/example_dags/tutorial_taskflow_api_virtualenv.py
[2025-03-19T00:00:12.343+0000] {logging_mixin.py:190} INFO - [2025-03-19T00:00:12.343+0000] {dag.py:3239} INFO - Sync 1 DAGs
[2025-03-19T00:00:12.348+0000] {logging_mixin.py:190} INFO - [2025-03-19T00:00:12.348+0000] {dag.py:4180} INFO - Setting next_dagrun for tutorial_taskflow_api_virtualenv to None, run_after=None
[2025-03-19T00:00:12.358+0000] {processor.py:208} INFO - Processing /home/airflow/.local/lib/python3.12/site-packages/airflow/example_dags/tutorial_taskflow_api_virtualenv.py took 0.038 seconds
[2025-03-19T00:00:43.457+0000] {processor.py:186} INFO - Started process (PID=16880) to work on /home/airflow/.local/lib/python3.12/site-packages/airflow/example_dags/tutorial_taskflow_api_virtualenv.py
[2025-03-19T00:00:43.457+0000] {processor.py:914} INFO - Processing file /home/airflow/.local/lib/python3.12/site-packages/airflow/example_dags/tutorial_taskflow_api_virtualenv.py for tasks to queue
[2025-03-19T00:00:43.458+0000] {logging_mixin.py:190} INFO - [2025-03-19T00:00:43.458+0000] {dagbag.py:588} INFO - Filling up the DagBag from /home/airflow/.local/lib/python3.12/site-packages/airflow/example_dags/tutorial_taskflow_api_virtualenv.py
[2025-03-19T00:00:43.465+0000] {processor.py:925} INFO - DAG(s) 'tutorial_taskflow_api_virtualenv' retrieved from /home/airflow/.local/lib/python3.12/site-packages/airflow/example_dags/tutorial_taskflow_api_virtualenv.py
[2025-03-19T00:00:43.476+0000] {logging_mixin.py:190} INFO - [2025-03-19T00:00:43.476+0000] {dag.py:3239} INFO - Sync 1 DAGs
[2025-03-19T00:00:43.481+0000] {logging_mixin.py:190} INFO - [2025-03-19T00:00:43.481+0000] {dag.py:4180} INFO - Setting next_dagrun for tutorial_taskflow_api_virtualenv to None, run_after=None
[2025-03-19T00:00:43.488+0000] {processor.py:208} INFO - Processing /home/airflow/.local/lib/python3.12/site-packages/airflow/example_dags/tutorial_taskflow_api_virtualenv.py took 0.034 seconds
[2025-03-19T00:01:14.492+0000] {processor.py:186} INFO - Started process (PID=16943) to work on /home/airflow/.local/lib/python3.12/site-packages/airflow/example_dags/tutorial_taskflow_api_virtualenv.py
[2025-03-19T00:01:14.492+0000] {processor.py:914} INFO - Processing file /home/airflow/.local/lib/python3.12/site-packages/airflow/example_dags/tutorial_taskflow_api_virtualenv.py for tasks to queue
[2025-03-19T00:01:14.493+0000] {logging_mixin.py:190} INFO - [2025-03-19T00:01:14.493+0000] {dagbag.py:588} INFO - Filling up the DagBag from /home/airflow/.local/lib/python3.12/site-packages/airflow/example_dags/tutorial_taskflow_api_virtualenv.py
[2025-03-19T00:01:14.501+0000] {processor.py:925} INFO - DAG(s) 'tutorial_taskflow_api_virtualenv' retrieved from /home/airflow/.local/lib/python3.12/site-packages/airflow/example_dags/tutorial_taskflow_api_virtualenv.py
[2025-03-19T00:01:14.511+0000] {logging_mixin.py:190} INFO - [2025-03-19T00:01:14.511+0000] {dag.py:3239} INFO - Sync 1 DAGs
[2025-03-19T00:01:14.516+0000] {logging_mixin.py:190} INFO - [2025-03-19T00:01:14.516+0000] {dag.py:4180} INFO - Setting next_dagrun for tutorial_taskflow_api_virtualenv to None, run_after=None
[2025-03-19T00:01:14.523+0000] {processor.py:208} INFO - Processing /home/airflow/.local/lib/python3.12/site-packages/airflow/example_dags/tutorial_taskflow_api_virtualenv.py took 0.034 seconds
[2025-03-19T00:01:45.572+0000] {processor.py:186} INFO - Started process (PID=17006) to work on /home/airflow/.local/lib/python3.12/site-packages/airflow/example_dags/tutorial_taskflow_api_virtualenv.py
[2025-03-19T00:01:45.573+0000] {processor.py:914} INFO - Processing file /home/airflow/.local/lib/python3.12/site-packages/airflow/example_dags/tutorial_taskflow_api_virtualenv.py for tasks to queue
[2025-03-19T00:01:45.574+0000] {logging_mixin.py:190} INFO - [2025-03-19T00:01:45.574+0000] {dagbag.py:588} INFO - Filling up the DagBag from /home/airflow/.local/lib/python3.12/site-packages/airflow/example_dags/tutorial_taskflow_api_virtualenv.py
[2025-03-19T00:01:45.579+0000] {processor.py:925} INFO - DAG(s) 'tutorial_taskflow_api_virtualenv' retrieved from /home/airflow/.local/lib/python3.12/site-packages/airflow/example_dags/tutorial_taskflow_api_virtualenv.py
[2025-03-19T00:01:45.587+0000] {logging_mixin.py:190} INFO - [2025-03-19T00:01:45.587+0000] {dag.py:3239} INFO - Sync 1 DAGs
[2025-03-19T00:01:45.593+0000] {logging_mixin.py:190} INFO - [2025-03-19T00:01:45.593+0000] {dag.py:4180} INFO - Setting next_dagrun for tutorial_taskflow_api_virtualenv to None, run_after=None
[2025-03-19T00:01:45.600+0000] {processor.py:208} INFO - Processing /home/airflow/.local/lib/python3.12/site-packages/airflow/example_dags/tutorial_taskflow_api_virtualenv.py took 0.030 seconds
[2025-03-19T00:02:16.640+0000] {processor.py:186} INFO - Started process (PID=17069) to work on /home/airflow/.local/lib/python3.12/site-packages/airflow/example_dags/tutorial_taskflow_api_virtualenv.py
[2025-03-19T00:02:16.640+0000] {processor.py:914} INFO - Processing file /home/airflow/.local/lib/python3.12/site-packages/airflow/example_dags/tutorial_taskflow_api_virtualenv.py for tasks to queue
[2025-03-19T00:02:16.642+0000] {logging_mixin.py:190} INFO - [2025-03-19T00:02:16.642+0000] {dagbag.py:588} INFO - Filling up the DagBag from /home/airflow/.local/lib/python3.12/site-packages/airflow/example_dags/tutorial_taskflow_api_virtualenv.py
[2025-03-19T00:02:16.647+0000] {processor.py:925} INFO - DAG(s) 'tutorial_taskflow_api_virtualenv' retrieved from /home/airflow/.local/lib/python3.12/site-packages/airflow/example_dags/tutorial_taskflow_api_virtualenv.py
[2025-03-19T00:02:16.658+0000] {logging_mixin.py:190} INFO - [2025-03-19T00:02:16.658+0000] {dag.py:3239} INFO - Sync 1 DAGs
[2025-03-19T00:02:16.665+0000] {logging_mixin.py:190} INFO - [2025-03-19T00:02:16.665+0000] {dag.py:4180} INFO - Setting next_dagrun for tutorial_taskflow_api_virtualenv to None, run_after=None
[2025-03-19T00:02:16.673+0000] {processor.py:208} INFO - Processing /home/airflow/.local/lib/python3.12/site-packages/airflow/example_dags/tutorial_taskflow_api_virtualenv.py took 0.036 seconds
[2025-03-19T00:02:47.784+0000] {processor.py:186} INFO - Started process (PID=17132) to work on /home/airflow/.local/lib/python3.12/site-packages/airflow/example_dags/tutorial_taskflow_api_virtualenv.py
[2025-03-19T00:02:47.785+0000] {processor.py:914} INFO - Processing file /home/airflow/.local/lib/python3.12/site-packages/airflow/example_dags/tutorial_taskflow_api_virtualenv.py for tasks to queue
[2025-03-19T00:02:47.786+0000] {logging_mixin.py:190} INFO - [2025-03-19T00:02:47.786+0000] {dagbag.py:588} INFO - Filling up the DagBag from /home/airflow/.local/lib/python3.12/site-packages/airflow/example_dags/tutorial_taskflow_api_virtualenv.py
[2025-03-19T00:02:47.792+0000] {processor.py:925} INFO - DAG(s) 'tutorial_taskflow_api_virtualenv' retrieved from /home/airflow/.local/lib/python3.12/site-packages/airflow/example_dags/tutorial_taskflow_api_virtualenv.py
[2025-03-19T00:02:47.803+0000] {logging_mixin.py:190} INFO - [2025-03-19T00:02:47.803+0000] {dag.py:3239} INFO - Sync 1 DAGs
[2025-03-19T00:02:47.810+0000] {logging_mixin.py:190} INFO - [2025-03-19T00:02:47.810+0000] {dag.py:4180} INFO - Setting next_dagrun for tutorial_taskflow_api_virtualenv to None, run_after=None
[2025-03-19T00:02:47.819+0000] {processor.py:208} INFO - Processing /home/airflow/.local/lib/python3.12/site-packages/airflow/example_dags/tutorial_taskflow_api_virtualenv.py took 0.037 seconds
[2025-03-19T00:03:18.950+0000] {processor.py:186} INFO - Started process (PID=17195) to work on /home/airflow/.local/lib/python3.12/site-packages/airflow/example_dags/tutorial_taskflow_api_virtualenv.py
[2025-03-19T00:03:18.951+0000] {processor.py:914} INFO - Processing file /home/airflow/.local/lib/python3.12/site-packages/airflow/example_dags/tutorial_taskflow_api_virtualenv.py for tasks to queue
[2025-03-19T00:03:18.952+0000] {logging_mixin.py:190} INFO - [2025-03-19T00:03:18.952+0000] {dagbag.py:588} INFO - Filling up the DagBag from /home/airflow/.local/lib/python3.12/site-packages/airflow/example_dags/tutorial_taskflow_api_virtualenv.py
[2025-03-19T00:03:18.958+0000] {processor.py:925} INFO - DAG(s) 'tutorial_taskflow_api_virtualenv' retrieved from /home/airflow/.local/lib/python3.12/site-packages/airflow/example_dags/tutorial_taskflow_api_virtualenv.py
[2025-03-19T00:03:18.967+0000] {logging_mixin.py:190} INFO - [2025-03-19T00:03:18.967+0000] {dag.py:3239} INFO - Sync 1 DAGs
[2025-03-19T00:03:18.971+0000] {logging_mixin.py:190} INFO - [2025-03-19T00:03:18.971+0000] {dag.py:4180} INFO - Setting next_dagrun for tutorial_taskflow_api_virtualenv to None, run_after=None
[2025-03-19T00:03:18.981+0000] {processor.py:208} INFO - Processing /home/airflow/.local/lib/python3.12/site-packages/airflow/example_dags/tutorial_taskflow_api_virtualenv.py took 0.033 seconds
[2025-03-19T00:03:50.050+0000] {processor.py:186} INFO - Started process (PID=17258) to work on /home/airflow/.local/lib/python3.12/site-packages/airflow/example_dags/tutorial_taskflow_api_virtualenv.py
[2025-03-19T00:03:50.051+0000] {processor.py:914} INFO - Processing file /home/airflow/.local/lib/python3.12/site-packages/airflow/example_dags/tutorial_taskflow_api_virtualenv.py for tasks to queue
[2025-03-19T00:03:50.053+0000] {logging_mixin.py:190} INFO - [2025-03-19T00:03:50.053+0000] {dagbag.py:588} INFO - Filling up the DagBag from /home/airflow/.local/lib/python3.12/site-packages/airflow/example_dags/tutorial_taskflow_api_virtualenv.py
[2025-03-19T00:03:50.057+0000] {processor.py:925} INFO - DAG(s) 'tutorial_taskflow_api_virtualenv' retrieved from /home/airflow/.local/lib/python3.12/site-packages/airflow/example_dags/tutorial_taskflow_api_virtualenv.py
[2025-03-19T00:03:50.069+0000] {logging_mixin.py:190} INFO - [2025-03-19T00:03:50.069+0000] {dag.py:3239} INFO - Sync 1 DAGs
[2025-03-19T00:03:50.074+0000] {logging_mixin.py:190} INFO - [2025-03-19T00:03:50.074+0000] {dag.py:4180} INFO - Setting next_dagrun for tutorial_taskflow_api_virtualenv to None, run_after=None
[2025-03-19T00:03:50.083+0000] {processor.py:208} INFO - Processing /home/airflow/.local/lib/python3.12/site-packages/airflow/example_dags/tutorial_taskflow_api_virtualenv.py took 0.036 seconds
[2025-03-19T00:04:21.026+0000] {processor.py:186} INFO - Started process (PID=17321) to work on /home/airflow/.local/lib/python3.12/site-packages/airflow/example_dags/tutorial_taskflow_api_virtualenv.py
[2025-03-19T00:04:21.027+0000] {processor.py:914} INFO - Processing file /home/airflow/.local/lib/python3.12/site-packages/airflow/example_dags/tutorial_taskflow_api_virtualenv.py for tasks to queue
[2025-03-19T00:04:21.028+0000] {logging_mixin.py:190} INFO - [2025-03-19T00:04:21.028+0000] {dagbag.py:588} INFO - Filling up the DagBag from /home/airflow/.local/lib/python3.12/site-packages/airflow/example_dags/tutorial_taskflow_api_virtualenv.py
[2025-03-19T00:04:21.033+0000] {processor.py:925} INFO - DAG(s) 'tutorial_taskflow_api_virtualenv' retrieved from /home/airflow/.local/lib/python3.12/site-packages/airflow/example_dags/tutorial_taskflow_api_virtualenv.py
[2025-03-19T00:04:21.041+0000] {logging_mixin.py:190} INFO - [2025-03-19T00:04:21.041+0000] {dag.py:3239} INFO - Sync 1 DAGs
[2025-03-19T00:04:21.046+0000] {logging_mixin.py:190} INFO - [2025-03-19T00:04:21.046+0000] {dag.py:4180} INFO - Setting next_dagrun for tutorial_taskflow_api_virtualenv to None, run_after=None
[2025-03-19T00:04:21.056+0000] {processor.py:208} INFO - Processing /home/airflow/.local/lib/python3.12/site-packages/airflow/example_dags/tutorial_taskflow_api_virtualenv.py took 0.031 seconds
[2025-03-19T00:04:52.058+0000] {processor.py:186} INFO - Started process (PID=17384) to work on /home/airflow/.local/lib/python3.12/site-packages/airflow/example_dags/tutorial_taskflow_api_virtualenv.py
[2025-03-19T00:04:52.059+0000] {processor.py:914} INFO - Processing file /home/airflow/.local/lib/python3.12/site-packages/airflow/example_dags/tutorial_taskflow_api_virtualenv.py for tasks to queue
[2025-03-19T00:04:52.060+0000] {logging_mixin.py:190} INFO - [2025-03-19T00:04:52.060+0000] {dagbag.py:588} INFO - Filling up the DagBag from /home/airflow/.local/lib/python3.12/site-packages/airflow/example_dags/tutorial_taskflow_api_virtualenv.py
[2025-03-19T00:04:52.067+0000] {processor.py:925} INFO - DAG(s) 'tutorial_taskflow_api_virtualenv' retrieved from /home/airflow/.local/lib/python3.12/site-packages/airflow/example_dags/tutorial_taskflow_api_virtualenv.py
[2025-03-19T00:04:52.076+0000] {logging_mixin.py:190} INFO - [2025-03-19T00:04:52.076+0000] {dag.py:3239} INFO - Sync 1 DAGs
[2025-03-19T00:04:52.081+0000] {logging_mixin.py:190} INFO - [2025-03-19T00:04:52.081+0000] {dag.py:4180} INFO - Setting next_dagrun for tutorial_taskflow_api_virtualenv to None, run_after=None
[2025-03-19T00:04:52.090+0000] {processor.py:208} INFO - Processing /home/airflow/.local/lib/python3.12/site-packages/airflow/example_dags/tutorial_taskflow_api_virtualenv.py took 0.035 seconds
[2025-03-19T00:05:23.239+0000] {processor.py:186} INFO - Started process (PID=17447) to work on /home/airflow/.local/lib/python3.12/site-packages/airflow/example_dags/tutorial_taskflow_api_virtualenv.py
[2025-03-19T00:05:23.239+0000] {processor.py:914} INFO - Processing file /home/airflow/.local/lib/python3.12/site-packages/airflow/example_dags/tutorial_taskflow_api_virtualenv.py for tasks to queue
[2025-03-19T00:05:23.240+0000] {logging_mixin.py:190} INFO - [2025-03-19T00:05:23.240+0000] {dagbag.py:588} INFO - Filling up the DagBag from /home/airflow/.local/lib/python3.12/site-packages/airflow/example_dags/tutorial_taskflow_api_virtualenv.py
[2025-03-19T00:05:23.245+0000] {processor.py:925} INFO - DAG(s) 'tutorial_taskflow_api_virtualenv' retrieved from /home/airflow/.local/lib/python3.12/site-packages/airflow/example_dags/tutorial_taskflow_api_virtualenv.py
[2025-03-19T00:05:23.255+0000] {logging_mixin.py:190} INFO - [2025-03-19T00:05:23.255+0000] {dag.py:3239} INFO - Sync 1 DAGs
[2025-03-19T00:05:23.261+0000] {logging_mixin.py:190} INFO - [2025-03-19T00:05:23.261+0000] {dag.py:4180} INFO - Setting next_dagrun for tutorial_taskflow_api_virtualenv to None, run_after=None
[2025-03-19T00:05:23.270+0000] {processor.py:208} INFO - Processing /home/airflow/.local/lib/python3.12/site-packages/airflow/example_dags/tutorial_taskflow_api_virtualenv.py took 0.034 seconds
[2025-03-19T00:05:54.413+0000] {processor.py:186} INFO - Started process (PID=17510) to work on /home/airflow/.local/lib/python3.12/site-packages/airflow/example_dags/tutorial_taskflow_api_virtualenv.py
[2025-03-19T00:05:54.413+0000] {processor.py:914} INFO - Processing file /home/airflow/.local/lib/python3.12/site-packages/airflow/example_dags/tutorial_taskflow_api_virtualenv.py for tasks to queue
[2025-03-19T00:05:54.414+0000] {logging_mixin.py:190} INFO - [2025-03-19T00:05:54.414+0000] {dagbag.py:588} INFO - Filling up the DagBag from /home/airflow/.local/lib/python3.12/site-packages/airflow/example_dags/tutorial_taskflow_api_virtualenv.py
[2025-03-19T00:05:54.420+0000] {processor.py:925} INFO - DAG(s) 'tutorial_taskflow_api_virtualenv' retrieved from /home/airflow/.local/lib/python3.12/site-packages/airflow/example_dags/tutorial_taskflow_api_virtualenv.py
[2025-03-19T00:05:54.430+0000] {logging_mixin.py:190} INFO - [2025-03-19T00:05:54.430+0000] {dag.py:3239} INFO - Sync 1 DAGs
[2025-03-19T00:05:54.436+0000] {logging_mixin.py:190} INFO - [2025-03-19T00:05:54.436+0000] {dag.py:4180} INFO - Setting next_dagrun for tutorial_taskflow_api_virtualenv to None, run_after=None
[2025-03-19T00:05:54.444+0000] {processor.py:208} INFO - Processing /home/airflow/.local/lib/python3.12/site-packages/airflow/example_dags/tutorial_taskflow_api_virtualenv.py took 0.034 seconds
[2025-03-19T00:06:25.593+0000] {processor.py:186} INFO - Started process (PID=17573) to work on /home/airflow/.local/lib/python3.12/site-packages/airflow/example_dags/tutorial_taskflow_api_virtualenv.py
[2025-03-19T00:06:25.594+0000] {processor.py:914} INFO - Processing file /home/airflow/.local/lib/python3.12/site-packages/airflow/example_dags/tutorial_taskflow_api_virtualenv.py for tasks to queue
[2025-03-19T00:06:25.595+0000] {logging_mixin.py:190} INFO - [2025-03-19T00:06:25.594+0000] {dagbag.py:588} INFO - Filling up the DagBag from /home/airflow/.local/lib/python3.12/site-packages/airflow/example_dags/tutorial_taskflow_api_virtualenv.py
[2025-03-19T00:06:25.599+0000] {processor.py:925} INFO - DAG(s) 'tutorial_taskflow_api_virtualenv' retrieved from /home/airflow/.local/lib/python3.12/site-packages/airflow/example_dags/tutorial_taskflow_api_virtualenv.py
[2025-03-19T00:06:25.606+0000] {logging_mixin.py:190} INFO - [2025-03-19T00:06:25.606+0000] {dag.py:3239} INFO - Sync 1 DAGs
[2025-03-19T00:06:25.610+0000] {logging_mixin.py:190} INFO - [2025-03-19T00:06:25.610+0000] {dag.py:4180} INFO - Setting next_dagrun for tutorial_taskflow_api_virtualenv to None, run_after=None
[2025-03-19T00:06:25.616+0000] {processor.py:208} INFO - Processing /home/airflow/.local/lib/python3.12/site-packages/airflow/example_dags/tutorial_taskflow_api_virtualenv.py took 0.024 seconds
[2025-03-19T00:06:56.663+0000] {processor.py:186} INFO - Started process (PID=17636) to work on /home/airflow/.local/lib/python3.12/site-packages/airflow/example_dags/tutorial_taskflow_api_virtualenv.py
[2025-03-19T00:06:56.664+0000] {processor.py:914} INFO - Processing file /home/airflow/.local/lib/python3.12/site-packages/airflow/example_dags/tutorial_taskflow_api_virtualenv.py for tasks to queue
[2025-03-19T00:06:56.665+0000] {logging_mixin.py:190} INFO - [2025-03-19T00:06:56.665+0000] {dagbag.py:588} INFO - Filling up the DagBag from /home/airflow/.local/lib/python3.12/site-packages/airflow/example_dags/tutorial_taskflow_api_virtualenv.py
[2025-03-19T00:06:56.671+0000] {processor.py:925} INFO - DAG(s) 'tutorial_taskflow_api_virtualenv' retrieved from /home/airflow/.local/lib/python3.12/site-packages/airflow/example_dags/tutorial_taskflow_api_virtualenv.py
[2025-03-19T00:06:56.680+0000] {logging_mixin.py:190} INFO - [2025-03-19T00:06:56.680+0000] {dag.py:3239} INFO - Sync 1 DAGs
[2025-03-19T00:06:56.685+0000] {logging_mixin.py:190} INFO - [2025-03-19T00:06:56.685+0000] {dag.py:4180} INFO - Setting next_dagrun for tutorial_taskflow_api_virtualenv to None, run_after=None
[2025-03-19T00:06:56.691+0000] {processor.py:208} INFO - Processing /home/airflow/.local/lib/python3.12/site-packages/airflow/example_dags/tutorial_taskflow_api_virtualenv.py took 0.030 seconds
[2025-03-19T00:07:27.925+0000] {processor.py:186} INFO - Started process (PID=17699) to work on /home/airflow/.local/lib/python3.12/site-packages/airflow/example_dags/tutorial_taskflow_api_virtualenv.py
[2025-03-19T00:07:27.926+0000] {processor.py:914} INFO - Processing file /home/airflow/.local/lib/python3.12/site-packages/airflow/example_dags/tutorial_taskflow_api_virtualenv.py for tasks to queue
[2025-03-19T00:07:27.927+0000] {logging_mixin.py:190} INFO - [2025-03-19T00:07:27.927+0000] {dagbag.py:588} INFO - Filling up the DagBag from /home/airflow/.local/lib/python3.12/site-packages/airflow/example_dags/tutorial_taskflow_api_virtualenv.py
[2025-03-19T00:07:27.935+0000] {processor.py:925} INFO - DAG(s) 'tutorial_taskflow_api_virtualenv' retrieved from /home/airflow/.local/lib/python3.12/site-packages/airflow/example_dags/tutorial_taskflow_api_virtualenv.py
[2025-03-19T00:07:27.946+0000] {logging_mixin.py:190} INFO - [2025-03-19T00:07:27.946+0000] {dag.py:3239} INFO - Sync 1 DAGs
[2025-03-19T00:07:27.951+0000] {logging_mixin.py:190} INFO - [2025-03-19T00:07:27.951+0000] {dag.py:4180} INFO - Setting next_dagrun for tutorial_taskflow_api_virtualenv to None, run_after=None
[2025-03-19T00:07:27.957+0000] {processor.py:208} INFO - Processing /home/airflow/.local/lib/python3.12/site-packages/airflow/example_dags/tutorial_taskflow_api_virtualenv.py took 0.034 seconds
[2025-03-19T00:07:59.241+0000] {processor.py:186} INFO - Started process (PID=17762) to work on /home/airflow/.local/lib/python3.12/site-packages/airflow/example_dags/tutorial_taskflow_api_virtualenv.py
[2025-03-19T00:07:59.242+0000] {processor.py:914} INFO - Processing file /home/airflow/.local/lib/python3.12/site-packages/airflow/example_dags/tutorial_taskflow_api_virtualenv.py for tasks to queue
[2025-03-19T00:07:59.243+0000] {logging_mixin.py:190} INFO - [2025-03-19T00:07:59.242+0000] {dagbag.py:588} INFO - Filling up the DagBag from /home/airflow/.local/lib/python3.12/site-packages/airflow/example_dags/tutorial_taskflow_api_virtualenv.py
[2025-03-19T00:07:59.248+0000] {processor.py:925} INFO - DAG(s) 'tutorial_taskflow_api_virtualenv' retrieved from /home/airflow/.local/lib/python3.12/site-packages/airflow/example_dags/tutorial_taskflow_api_virtualenv.py
[2025-03-19T00:07:59.255+0000] {logging_mixin.py:190} INFO - [2025-03-19T00:07:59.255+0000] {dag.py:3239} INFO - Sync 1 DAGs
[2025-03-19T00:07:59.260+0000] {logging_mixin.py:190} INFO - [2025-03-19T00:07:59.260+0000] {dag.py:4180} INFO - Setting next_dagrun for tutorial_taskflow_api_virtualenv to None, run_after=None
[2025-03-19T00:07:59.266+0000] {processor.py:208} INFO - Processing /home/airflow/.local/lib/python3.12/site-packages/airflow/example_dags/tutorial_taskflow_api_virtualenv.py took 0.027 seconds
