[2025-03-19T00:00:03.271+0000] {processor.py:186} INFO - Started process (PID=16790) to work on /home/airflow/.local/lib/python3.12/site-packages/airflow/example_dags/tutorial.py
[2025-03-19T00:00:03.272+0000] {processor.py:914} INFO - Processing file /home/airflow/.local/lib/python3.12/site-packages/airflow/example_dags/tutorial.py for tasks to queue
[2025-03-19T00:00:03.273+0000] {logging_mixin.py:190} INFO - [2025-03-19T00:00:03.273+0000] {dagbag.py:588} INFO - Filling up the DagBag from /home/airflow/.local/lib/python3.12/site-packages/airflow/example_dags/tutorial.py
[2025-03-19T00:00:03.276+0000] {processor.py:925} INFO - DAG(s) 'tutorial' retrieved from /home/airflow/.local/lib/python3.12/site-packages/airflow/example_dags/tutorial.py
[2025-03-19T00:00:03.285+0000] {logging_mixin.py:190} INFO - [2025-03-19T00:00:03.285+0000] {dag.py:3239} INFO - Sync 1 DAGs
[2025-03-19T00:00:03.295+0000] {logging_mixin.py:190} INFO - [2025-03-19T00:00:03.294+0000] {dag.py:4180} INFO - Setting next_dagrun for tutorial to 2025-03-18 00:00:00+00:00, run_after=2025-03-19 00:00:00+00:00
[2025-03-19T00:00:03.303+0000] {processor.py:208} INFO - Processing /home/airflow/.local/lib/python3.12/site-packages/airflow/example_dags/tutorial.py took 0.035 seconds
[2025-03-19T00:00:33.461+0000] {processor.py:186} INFO - Started process (PID=16853) to work on /home/airflow/.local/lib/python3.12/site-packages/airflow/example_dags/tutorial.py
[2025-03-19T00:00:33.461+0000] {processor.py:914} INFO - Processing file /home/airflow/.local/lib/python3.12/site-packages/airflow/example_dags/tutorial.py for tasks to queue
[2025-03-19T00:00:33.463+0000] {logging_mixin.py:190} INFO - [2025-03-19T00:00:33.462+0000] {dagbag.py:588} INFO - Filling up the DagBag from /home/airflow/.local/lib/python3.12/site-packages/airflow/example_dags/tutorial.py
[2025-03-19T00:00:33.468+0000] {processor.py:925} INFO - DAG(s) 'tutorial' retrieved from /home/airflow/.local/lib/python3.12/site-packages/airflow/example_dags/tutorial.py
[2025-03-19T00:00:33.482+0000] {logging_mixin.py:190} INFO - [2025-03-19T00:00:33.482+0000] {dag.py:3239} INFO - Sync 1 DAGs
[2025-03-19T00:00:33.492+0000] {logging_mixin.py:190} INFO - [2025-03-19T00:00:33.492+0000] {dag.py:4180} INFO - Setting next_dagrun for tutorial to 2025-03-18 00:00:00+00:00, run_after=2025-03-19 00:00:00+00:00
[2025-03-19T00:00:33.500+0000] {processor.py:208} INFO - Processing /home/airflow/.local/lib/python3.12/site-packages/airflow/example_dags/tutorial.py took 0.042 seconds
[2025-03-19T00:01:03.571+0000] {processor.py:186} INFO - Started process (PID=16916) to work on /home/airflow/.local/lib/python3.12/site-packages/airflow/example_dags/tutorial.py
[2025-03-19T00:01:03.571+0000] {processor.py:914} INFO - Processing file /home/airflow/.local/lib/python3.12/site-packages/airflow/example_dags/tutorial.py for tasks to queue
[2025-03-19T00:01:03.572+0000] {logging_mixin.py:190} INFO - [2025-03-19T00:01:03.572+0000] {dagbag.py:588} INFO - Filling up the DagBag from /home/airflow/.local/lib/python3.12/site-packages/airflow/example_dags/tutorial.py
[2025-03-19T00:01:03.576+0000] {processor.py:925} INFO - DAG(s) 'tutorial' retrieved from /home/airflow/.local/lib/python3.12/site-packages/airflow/example_dags/tutorial.py
[2025-03-19T00:01:03.588+0000] {logging_mixin.py:190} INFO - [2025-03-19T00:01:03.588+0000] {dag.py:3239} INFO - Sync 1 DAGs
[2025-03-19T00:01:03.597+0000] {logging_mixin.py:190} INFO - [2025-03-19T00:01:03.597+0000] {dag.py:4180} INFO - Setting next_dagrun for tutorial to 2025-03-18 00:00:00+00:00, run_after=2025-03-19 00:00:00+00:00
[2025-03-19T00:01:03.609+0000] {processor.py:208} INFO - Processing /home/airflow/.local/lib/python3.12/site-packages/airflow/example_dags/tutorial.py took 0.040 seconds
[2025-03-19T00:01:34.616+0000] {processor.py:186} INFO - Started process (PID=16979) to work on /home/airflow/.local/lib/python3.12/site-packages/airflow/example_dags/tutorial.py
[2025-03-19T00:01:34.616+0000] {processor.py:914} INFO - Processing file /home/airflow/.local/lib/python3.12/site-packages/airflow/example_dags/tutorial.py for tasks to queue
[2025-03-19T00:01:34.617+0000] {logging_mixin.py:190} INFO - [2025-03-19T00:01:34.617+0000] {dagbag.py:588} INFO - Filling up the DagBag from /home/airflow/.local/lib/python3.12/site-packages/airflow/example_dags/tutorial.py
[2025-03-19T00:01:34.621+0000] {processor.py:925} INFO - DAG(s) 'tutorial' retrieved from /home/airflow/.local/lib/python3.12/site-packages/airflow/example_dags/tutorial.py
[2025-03-19T00:01:34.628+0000] {logging_mixin.py:190} INFO - [2025-03-19T00:01:34.628+0000] {dag.py:3239} INFO - Sync 1 DAGs
[2025-03-19T00:01:34.636+0000] {logging_mixin.py:190} INFO - [2025-03-19T00:01:34.636+0000] {dag.py:4180} INFO - Setting next_dagrun for tutorial to 2025-03-18 00:00:00+00:00, run_after=2025-03-19 00:00:00+00:00
[2025-03-19T00:01:34.641+0000] {processor.py:208} INFO - Processing /home/airflow/.local/lib/python3.12/site-packages/airflow/example_dags/tutorial.py took 0.027 seconds
[2025-03-19T00:02:05.638+0000] {processor.py:186} INFO - Started process (PID=17042) to work on /home/airflow/.local/lib/python3.12/site-packages/airflow/example_dags/tutorial.py
[2025-03-19T00:02:05.639+0000] {processor.py:914} INFO - Processing file /home/airflow/.local/lib/python3.12/site-packages/airflow/example_dags/tutorial.py for tasks to queue
[2025-03-19T00:02:05.640+0000] {logging_mixin.py:190} INFO - [2025-03-19T00:02:05.639+0000] {dagbag.py:588} INFO - Filling up the DagBag from /home/airflow/.local/lib/python3.12/site-packages/airflow/example_dags/tutorial.py
[2025-03-19T00:02:05.643+0000] {processor.py:925} INFO - DAG(s) 'tutorial' retrieved from /home/airflow/.local/lib/python3.12/site-packages/airflow/example_dags/tutorial.py
[2025-03-19T00:02:05.654+0000] {logging_mixin.py:190} INFO - [2025-03-19T00:02:05.654+0000] {dag.py:3239} INFO - Sync 1 DAGs
[2025-03-19T00:02:05.665+0000] {logging_mixin.py:190} INFO - [2025-03-19T00:02:05.664+0000] {dag.py:4180} INFO - Setting next_dagrun for tutorial to 2025-03-18 00:00:00+00:00, run_after=2025-03-19 00:00:00+00:00
[2025-03-19T00:02:05.674+0000] {processor.py:208} INFO - Processing /home/airflow/.local/lib/python3.12/site-packages/airflow/example_dags/tutorial.py took 0.038 seconds
[2025-03-19T00:02:35.796+0000] {processor.py:186} INFO - Started process (PID=17105) to work on /home/airflow/.local/lib/python3.12/site-packages/airflow/example_dags/tutorial.py
[2025-03-19T00:02:35.796+0000] {processor.py:914} INFO - Processing file /home/airflow/.local/lib/python3.12/site-packages/airflow/example_dags/tutorial.py for tasks to queue
[2025-03-19T00:02:35.797+0000] {logging_mixin.py:190} INFO - [2025-03-19T00:02:35.797+0000] {dagbag.py:588} INFO - Filling up the DagBag from /home/airflow/.local/lib/python3.12/site-packages/airflow/example_dags/tutorial.py
[2025-03-19T00:02:35.801+0000] {processor.py:925} INFO - DAG(s) 'tutorial' retrieved from /home/airflow/.local/lib/python3.12/site-packages/airflow/example_dags/tutorial.py
[2025-03-19T00:02:35.813+0000] {logging_mixin.py:190} INFO - [2025-03-19T00:02:35.813+0000] {dag.py:3239} INFO - Sync 1 DAGs
[2025-03-19T00:02:35.823+0000] {logging_mixin.py:190} INFO - [2025-03-19T00:02:35.823+0000] {dag.py:4180} INFO - Setting next_dagrun for tutorial to 2025-03-18 00:00:00+00:00, run_after=2025-03-19 00:00:00+00:00
[2025-03-19T00:02:35.833+0000] {processor.py:208} INFO - Processing /home/airflow/.local/lib/python3.12/site-packages/airflow/example_dags/tutorial.py took 0.040 seconds
[2025-03-19T00:03:05.952+0000] {processor.py:186} INFO - Started process (PID=17168) to work on /home/airflow/.local/lib/python3.12/site-packages/airflow/example_dags/tutorial.py
[2025-03-19T00:03:05.953+0000] {processor.py:914} INFO - Processing file /home/airflow/.local/lib/python3.12/site-packages/airflow/example_dags/tutorial.py for tasks to queue
[2025-03-19T00:03:05.955+0000] {logging_mixin.py:190} INFO - [2025-03-19T00:03:05.955+0000] {dagbag.py:588} INFO - Filling up the DagBag from /home/airflow/.local/lib/python3.12/site-packages/airflow/example_dags/tutorial.py
[2025-03-19T00:03:05.961+0000] {processor.py:925} INFO - DAG(s) 'tutorial' retrieved from /home/airflow/.local/lib/python3.12/site-packages/airflow/example_dags/tutorial.py
[2025-03-19T00:03:05.971+0000] {logging_mixin.py:190} INFO - [2025-03-19T00:03:05.971+0000] {dag.py:3239} INFO - Sync 1 DAGs
[2025-03-19T00:03:05.983+0000] {logging_mixin.py:190} INFO - [2025-03-19T00:03:05.983+0000] {dag.py:4180} INFO - Setting next_dagrun for tutorial to 2025-03-18 00:00:00+00:00, run_after=2025-03-19 00:00:00+00:00
[2025-03-19T00:03:05.991+0000] {processor.py:208} INFO - Processing /home/airflow/.local/lib/python3.12/site-packages/airflow/example_dags/tutorial.py took 0.042 seconds
[2025-03-19T00:03:36.065+0000] {processor.py:186} INFO - Started process (PID=17231) to work on /home/airflow/.local/lib/python3.12/site-packages/airflow/example_dags/tutorial.py
[2025-03-19T00:03:36.065+0000] {processor.py:914} INFO - Processing file /home/airflow/.local/lib/python3.12/site-packages/airflow/example_dags/tutorial.py for tasks to queue
[2025-03-19T00:03:36.066+0000] {logging_mixin.py:190} INFO - [2025-03-19T00:03:36.066+0000] {dagbag.py:588} INFO - Filling up the DagBag from /home/airflow/.local/lib/python3.12/site-packages/airflow/example_dags/tutorial.py
[2025-03-19T00:03:36.070+0000] {processor.py:925} INFO - DAG(s) 'tutorial' retrieved from /home/airflow/.local/lib/python3.12/site-packages/airflow/example_dags/tutorial.py
[2025-03-19T00:03:36.080+0000] {logging_mixin.py:190} INFO - [2025-03-19T00:03:36.080+0000] {dag.py:3239} INFO - Sync 1 DAGs
[2025-03-19T00:03:36.090+0000] {logging_mixin.py:190} INFO - [2025-03-19T00:03:36.090+0000] {dag.py:4180} INFO - Setting next_dagrun for tutorial to 2025-03-18 00:00:00+00:00, run_after=2025-03-19 00:00:00+00:00
[2025-03-19T00:03:36.099+0000] {processor.py:208} INFO - Processing /home/airflow/.local/lib/python3.12/site-packages/airflow/example_dags/tutorial.py took 0.037 seconds
[2025-03-19T00:04:07.137+0000] {processor.py:186} INFO - Started process (PID=17300) to work on /home/airflow/.local/lib/python3.12/site-packages/airflow/example_dags/tutorial.py
[2025-03-19T00:04:07.137+0000] {processor.py:914} INFO - Processing file /home/airflow/.local/lib/python3.12/site-packages/airflow/example_dags/tutorial.py for tasks to queue
[2025-03-19T00:04:07.138+0000] {logging_mixin.py:190} INFO - [2025-03-19T00:04:07.138+0000] {dagbag.py:588} INFO - Filling up the DagBag from /home/airflow/.local/lib/python3.12/site-packages/airflow/example_dags/tutorial.py
[2025-03-19T00:04:07.142+0000] {processor.py:925} INFO - DAG(s) 'tutorial' retrieved from /home/airflow/.local/lib/python3.12/site-packages/airflow/example_dags/tutorial.py
[2025-03-19T00:04:07.153+0000] {logging_mixin.py:190} INFO - [2025-03-19T00:04:07.153+0000] {dag.py:3239} INFO - Sync 1 DAGs
[2025-03-19T00:04:07.164+0000] {logging_mixin.py:190} INFO - [2025-03-19T00:04:07.164+0000] {dag.py:4180} INFO - Setting next_dagrun for tutorial to 2025-03-18 00:00:00+00:00, run_after=2025-03-19 00:00:00+00:00
[2025-03-19T00:04:07.175+0000] {processor.py:208} INFO - Processing /home/airflow/.local/lib/python3.12/site-packages/airflow/example_dags/tutorial.py took 0.040 seconds
[2025-03-19T00:04:38.114+0000] {processor.py:186} INFO - Started process (PID=17363) to work on /home/airflow/.local/lib/python3.12/site-packages/airflow/example_dags/tutorial.py
[2025-03-19T00:04:38.115+0000] {processor.py:914} INFO - Processing file /home/airflow/.local/lib/python3.12/site-packages/airflow/example_dags/tutorial.py for tasks to queue
[2025-03-19T00:04:38.117+0000] {logging_mixin.py:190} INFO - [2025-03-19T00:04:38.117+0000] {dagbag.py:588} INFO - Filling up the DagBag from /home/airflow/.local/lib/python3.12/site-packages/airflow/example_dags/tutorial.py
[2025-03-19T00:04:38.120+0000] {processor.py:925} INFO - DAG(s) 'tutorial' retrieved from /home/airflow/.local/lib/python3.12/site-packages/airflow/example_dags/tutorial.py
[2025-03-19T00:04:38.129+0000] {logging_mixin.py:190} INFO - [2025-03-19T00:04:38.129+0000] {dag.py:3239} INFO - Sync 1 DAGs
[2025-03-19T00:04:38.137+0000] {logging_mixin.py:190} INFO - [2025-03-19T00:04:38.137+0000] {dag.py:4180} INFO - Setting next_dagrun for tutorial to 2025-03-18 00:00:00+00:00, run_after=2025-03-19 00:00:00+00:00
[2025-03-19T00:04:38.146+0000] {processor.py:208} INFO - Processing /home/airflow/.local/lib/python3.12/site-packages/airflow/example_dags/tutorial.py took 0.034 seconds
[2025-03-19T00:05:09.145+0000] {processor.py:186} INFO - Started process (PID=17426) to work on /home/airflow/.local/lib/python3.12/site-packages/airflow/example_dags/tutorial.py
[2025-03-19T00:05:09.146+0000] {processor.py:914} INFO - Processing file /home/airflow/.local/lib/python3.12/site-packages/airflow/example_dags/tutorial.py for tasks to queue
[2025-03-19T00:05:09.148+0000] {logging_mixin.py:190} INFO - [2025-03-19T00:05:09.148+0000] {dagbag.py:588} INFO - Filling up the DagBag from /home/airflow/.local/lib/python3.12/site-packages/airflow/example_dags/tutorial.py
[2025-03-19T00:05:09.152+0000] {processor.py:925} INFO - DAG(s) 'tutorial' retrieved from /home/airflow/.local/lib/python3.12/site-packages/airflow/example_dags/tutorial.py
[2025-03-19T00:05:09.160+0000] {logging_mixin.py:190} INFO - [2025-03-19T00:05:09.160+0000] {dag.py:3239} INFO - Sync 1 DAGs
[2025-03-19T00:05:09.169+0000] {logging_mixin.py:190} INFO - [2025-03-19T00:05:09.169+0000] {dag.py:4180} INFO - Setting next_dagrun for tutorial to 2025-03-18 00:00:00+00:00, run_after=2025-03-19 00:00:00+00:00
[2025-03-19T00:05:09.177+0000] {processor.py:208} INFO - Processing /home/airflow/.local/lib/python3.12/site-packages/airflow/example_dags/tutorial.py took 0.034 seconds
[2025-03-19T00:05:39.274+0000] {processor.py:186} INFO - Started process (PID=17489) to work on /home/airflow/.local/lib/python3.12/site-packages/airflow/example_dags/tutorial.py
[2025-03-19T00:05:39.275+0000] {processor.py:914} INFO - Processing file /home/airflow/.local/lib/python3.12/site-packages/airflow/example_dags/tutorial.py for tasks to queue
[2025-03-19T00:05:39.276+0000] {logging_mixin.py:190} INFO - [2025-03-19T00:05:39.276+0000] {dagbag.py:588} INFO - Filling up the DagBag from /home/airflow/.local/lib/python3.12/site-packages/airflow/example_dags/tutorial.py
[2025-03-19T00:05:39.281+0000] {processor.py:925} INFO - DAG(s) 'tutorial' retrieved from /home/airflow/.local/lib/python3.12/site-packages/airflow/example_dags/tutorial.py
[2025-03-19T00:05:39.290+0000] {logging_mixin.py:190} INFO - [2025-03-19T00:05:39.290+0000] {dag.py:3239} INFO - Sync 1 DAGs
[2025-03-19T00:05:39.301+0000] {logging_mixin.py:190} INFO - [2025-03-19T00:05:39.301+0000] {dag.py:4180} INFO - Setting next_dagrun for tutorial to 2025-03-18 00:00:00+00:00, run_after=2025-03-19 00:00:00+00:00
[2025-03-19T00:05:39.311+0000] {processor.py:208} INFO - Processing /home/airflow/.local/lib/python3.12/site-packages/airflow/example_dags/tutorial.py took 0.040 seconds
[2025-03-19T00:06:09.498+0000] {processor.py:186} INFO - Started process (PID=17552) to work on /home/airflow/.local/lib/python3.12/site-packages/airflow/example_dags/tutorial.py
[2025-03-19T00:06:09.499+0000] {processor.py:914} INFO - Processing file /home/airflow/.local/lib/python3.12/site-packages/airflow/example_dags/tutorial.py for tasks to queue
[2025-03-19T00:06:09.500+0000] {logging_mixin.py:190} INFO - [2025-03-19T00:06:09.500+0000] {dagbag.py:588} INFO - Filling up the DagBag from /home/airflow/.local/lib/python3.12/site-packages/airflow/example_dags/tutorial.py
[2025-03-19T00:06:09.504+0000] {processor.py:925} INFO - DAG(s) 'tutorial' retrieved from /home/airflow/.local/lib/python3.12/site-packages/airflow/example_dags/tutorial.py
[2025-03-19T00:06:09.515+0000] {logging_mixin.py:190} INFO - [2025-03-19T00:06:09.515+0000] {dag.py:3239} INFO - Sync 1 DAGs
[2025-03-19T00:06:09.524+0000] {logging_mixin.py:190} INFO - [2025-03-19T00:06:09.524+0000] {dag.py:4180} INFO - Setting next_dagrun for tutorial to 2025-03-18 00:00:00+00:00, run_after=2025-03-19 00:00:00+00:00
[2025-03-19T00:06:09.533+0000] {processor.py:208} INFO - Processing /home/airflow/.local/lib/python3.12/site-packages/airflow/example_dags/tutorial.py took 0.038 seconds
[2025-03-19T00:06:39.704+0000] {processor.py:186} INFO - Started process (PID=17615) to work on /home/airflow/.local/lib/python3.12/site-packages/airflow/example_dags/tutorial.py
[2025-03-19T00:06:39.704+0000] {processor.py:914} INFO - Processing file /home/airflow/.local/lib/python3.12/site-packages/airflow/example_dags/tutorial.py for tasks to queue
[2025-03-19T00:06:39.705+0000] {logging_mixin.py:190} INFO - [2025-03-19T00:06:39.705+0000] {dagbag.py:588} INFO - Filling up the DagBag from /home/airflow/.local/lib/python3.12/site-packages/airflow/example_dags/tutorial.py
[2025-03-19T00:06:39.709+0000] {processor.py:925} INFO - DAG(s) 'tutorial' retrieved from /home/airflow/.local/lib/python3.12/site-packages/airflow/example_dags/tutorial.py
[2025-03-19T00:06:39.720+0000] {logging_mixin.py:190} INFO - [2025-03-19T00:06:39.720+0000] {dag.py:3239} INFO - Sync 1 DAGs
[2025-03-19T00:06:39.728+0000] {logging_mixin.py:190} INFO - [2025-03-19T00:06:39.728+0000] {dag.py:4180} INFO - Setting next_dagrun for tutorial to 2025-03-18 00:00:00+00:00, run_after=2025-03-19 00:00:00+00:00
[2025-03-19T00:06:39.736+0000] {processor.py:208} INFO - Processing /home/airflow/.local/lib/python3.12/site-packages/airflow/example_dags/tutorial.py took 0.035 seconds
[2025-03-19T00:07:09.827+0000] {processor.py:186} INFO - Started process (PID=17678) to work on /home/airflow/.local/lib/python3.12/site-packages/airflow/example_dags/tutorial.py
[2025-03-19T00:07:09.828+0000] {processor.py:914} INFO - Processing file /home/airflow/.local/lib/python3.12/site-packages/airflow/example_dags/tutorial.py for tasks to queue
[2025-03-19T00:07:09.830+0000] {logging_mixin.py:190} INFO - [2025-03-19T00:07:09.829+0000] {dagbag.py:588} INFO - Filling up the DagBag from /home/airflow/.local/lib/python3.12/site-packages/airflow/example_dags/tutorial.py
[2025-03-19T00:07:09.836+0000] {processor.py:925} INFO - DAG(s) 'tutorial' retrieved from /home/airflow/.local/lib/python3.12/site-packages/airflow/example_dags/tutorial.py
[2025-03-19T00:07:09.844+0000] {logging_mixin.py:190} INFO - [2025-03-19T00:07:09.844+0000] {dag.py:3239} INFO - Sync 1 DAGs
[2025-03-19T00:07:09.854+0000] {logging_mixin.py:190} INFO - [2025-03-19T00:07:09.854+0000] {dag.py:4180} INFO - Setting next_dagrun for tutorial to 2025-03-18 00:00:00+00:00, run_after=2025-03-19 00:00:00+00:00
[2025-03-19T00:07:09.862+0000] {processor.py:208} INFO - Processing /home/airflow/.local/lib/python3.12/site-packages/airflow/example_dags/tutorial.py took 0.037 seconds
[2025-03-19T00:07:39.975+0000] {processor.py:186} INFO - Started process (PID=17741) to work on /home/airflow/.local/lib/python3.12/site-packages/airflow/example_dags/tutorial.py
[2025-03-19T00:07:39.975+0000] {processor.py:914} INFO - Processing file /home/airflow/.local/lib/python3.12/site-packages/airflow/example_dags/tutorial.py for tasks to queue
[2025-03-19T00:07:39.976+0000] {logging_mixin.py:190} INFO - [2025-03-19T00:07:39.976+0000] {dagbag.py:588} INFO - Filling up the DagBag from /home/airflow/.local/lib/python3.12/site-packages/airflow/example_dags/tutorial.py
[2025-03-19T00:07:39.980+0000] {processor.py:925} INFO - DAG(s) 'tutorial' retrieved from /home/airflow/.local/lib/python3.12/site-packages/airflow/example_dags/tutorial.py
[2025-03-19T00:07:39.987+0000] {logging_mixin.py:190} INFO - [2025-03-19T00:07:39.987+0000] {dag.py:3239} INFO - Sync 1 DAGs
[2025-03-19T00:07:39.995+0000] {logging_mixin.py:190} INFO - [2025-03-19T00:07:39.995+0000] {dag.py:4180} INFO - Setting next_dagrun for tutorial to 2025-03-18 00:00:00+00:00, run_after=2025-03-19 00:00:00+00:00
[2025-03-19T00:07:40.000+0000] {processor.py:208} INFO - Processing /home/airflow/.local/lib/python3.12/site-packages/airflow/example_dags/tutorial.py took 0.028 seconds
