[2025-03-19T00:00:12.890+0000] {processor.py:186} INFO - Started process (PID=16838) to work on /home/airflow/.local/lib/python3.12/site-packages/airflow/example_dags/tutorial_objectstorage.py
[2025-03-19T00:00:12.890+0000] {processor.py:914} INFO - Processing file /home/airflow/.local/lib/python3.12/site-packages/airflow/example_dags/tutorial_objectstorage.py for tasks to queue
[2025-03-19T00:00:12.893+0000] {logging_mixin.py:190} INFO - [2025-03-19T00:00:12.893+0000] {dagbag.py:588} INFO - Filling up the DagBag from /home/airflow/.local/lib/python3.12/site-packages/airflow/example_dags/tutorial_objectstorage.py
[2025-03-19T00:00:12.897+0000] {processor.py:925} INFO - DAG(s) 'tutorial_objectstorage' retrieved from /home/airflow/.local/lib/python3.12/site-packages/airflow/example_dags/tutorial_objectstorage.py
[2025-03-19T00:00:12.910+0000] {logging_mixin.py:190} INFO - [2025-03-19T00:00:12.910+0000] {dag.py:3239} INFO - Sync 1 DAGs
[2025-03-19T00:00:12.915+0000] {logging_mixin.py:190} INFO - [2025-03-19T00:00:12.915+0000] {dag.py:4180} INFO - Setting next_dagrun for tutorial_objectstorage to None, run_after=None
[2025-03-19T00:00:12.925+0000] {processor.py:208} INFO - Processing /home/airflow/.local/lib/python3.12/site-packages/airflow/example_dags/tutorial_objectstorage.py took 0.038 seconds
[2025-03-19T00:00:44.039+0000] {processor.py:186} INFO - Started process (PID=16901) to work on /home/airflow/.local/lib/python3.12/site-packages/airflow/example_dags/tutorial_objectstorage.py
[2025-03-19T00:00:44.039+0000] {processor.py:914} INFO - Processing file /home/airflow/.local/lib/python3.12/site-packages/airflow/example_dags/tutorial_objectstorage.py for tasks to queue
[2025-03-19T00:00:44.040+0000] {logging_mixin.py:190} INFO - [2025-03-19T00:00:44.040+0000] {dagbag.py:588} INFO - Filling up the DagBag from /home/airflow/.local/lib/python3.12/site-packages/airflow/example_dags/tutorial_objectstorage.py
[2025-03-19T00:00:44.045+0000] {processor.py:925} INFO - DAG(s) 'tutorial_objectstorage' retrieved from /home/airflow/.local/lib/python3.12/site-packages/airflow/example_dags/tutorial_objectstorage.py
[2025-03-19T00:00:44.052+0000] {logging_mixin.py:190} INFO - [2025-03-19T00:00:44.052+0000] {dag.py:3239} INFO - Sync 1 DAGs
[2025-03-19T00:00:44.061+0000] {logging_mixin.py:190} INFO - [2025-03-19T00:00:44.061+0000] {dag.py:4180} INFO - Setting next_dagrun for tutorial_objectstorage to None, run_after=None
[2025-03-19T00:00:44.071+0000] {processor.py:208} INFO - Processing /home/airflow/.local/lib/python3.12/site-packages/airflow/example_dags/tutorial_objectstorage.py took 0.035 seconds
[2025-03-19T00:01:15.065+0000] {processor.py:186} INFO - Started process (PID=16964) to work on /home/airflow/.local/lib/python3.12/site-packages/airflow/example_dags/tutorial_objectstorage.py
[2025-03-19T00:01:15.066+0000] {processor.py:914} INFO - Processing file /home/airflow/.local/lib/python3.12/site-packages/airflow/example_dags/tutorial_objectstorage.py for tasks to queue
[2025-03-19T00:01:15.067+0000] {logging_mixin.py:190} INFO - [2025-03-19T00:01:15.067+0000] {dagbag.py:588} INFO - Filling up the DagBag from /home/airflow/.local/lib/python3.12/site-packages/airflow/example_dags/tutorial_objectstorage.py
[2025-03-19T00:01:15.071+0000] {processor.py:925} INFO - DAG(s) 'tutorial_objectstorage' retrieved from /home/airflow/.local/lib/python3.12/site-packages/airflow/example_dags/tutorial_objectstorage.py
[2025-03-19T00:01:15.078+0000] {logging_mixin.py:190} INFO - [2025-03-19T00:01:15.078+0000] {dag.py:3239} INFO - Sync 1 DAGs
[2025-03-19T00:01:15.084+0000] {logging_mixin.py:190} INFO - [2025-03-19T00:01:15.083+0000] {dag.py:4180} INFO - Setting next_dagrun for tutorial_objectstorage to None, run_after=None
[2025-03-19T00:01:15.089+0000] {processor.py:208} INFO - Processing /home/airflow/.local/lib/python3.12/site-packages/airflow/example_dags/tutorial_objectstorage.py took 0.026 seconds
[2025-03-19T00:01:46.050+0000] {processor.py:186} INFO - Started process (PID=17027) to work on /home/airflow/.local/lib/python3.12/site-packages/airflow/example_dags/tutorial_objectstorage.py
[2025-03-19T00:01:46.050+0000] {processor.py:914} INFO - Processing file /home/airflow/.local/lib/python3.12/site-packages/airflow/example_dags/tutorial_objectstorage.py for tasks to queue
[2025-03-19T00:01:46.051+0000] {logging_mixin.py:190} INFO - [2025-03-19T00:01:46.051+0000] {dagbag.py:588} INFO - Filling up the DagBag from /home/airflow/.local/lib/python3.12/site-packages/airflow/example_dags/tutorial_objectstorage.py
[2025-03-19T00:01:46.055+0000] {processor.py:925} INFO - DAG(s) 'tutorial_objectstorage' retrieved from /home/airflow/.local/lib/python3.12/site-packages/airflow/example_dags/tutorial_objectstorage.py
[2025-03-19T00:01:46.062+0000] {logging_mixin.py:190} INFO - [2025-03-19T00:01:46.062+0000] {dag.py:3239} INFO - Sync 1 DAGs
[2025-03-19T00:01:46.067+0000] {logging_mixin.py:190} INFO - [2025-03-19T00:01:46.067+0000] {dag.py:4180} INFO - Setting next_dagrun for tutorial_objectstorage to None, run_after=None
[2025-03-19T00:01:46.074+0000] {processor.py:208} INFO - Processing /home/airflow/.local/lib/python3.12/site-packages/airflow/example_dags/tutorial_objectstorage.py took 0.027 seconds
[2025-03-19T00:02:17.211+0000] {processor.py:186} INFO - Started process (PID=17090) to work on /home/airflow/.local/lib/python3.12/site-packages/airflow/example_dags/tutorial_objectstorage.py
[2025-03-19T00:02:17.211+0000] {processor.py:914} INFO - Processing file /home/airflow/.local/lib/python3.12/site-packages/airflow/example_dags/tutorial_objectstorage.py for tasks to queue
[2025-03-19T00:02:17.212+0000] {logging_mixin.py:190} INFO - [2025-03-19T00:02:17.212+0000] {dagbag.py:588} INFO - Filling up the DagBag from /home/airflow/.local/lib/python3.12/site-packages/airflow/example_dags/tutorial_objectstorage.py
[2025-03-19T00:02:17.217+0000] {processor.py:925} INFO - DAG(s) 'tutorial_objectstorage' retrieved from /home/airflow/.local/lib/python3.12/site-packages/airflow/example_dags/tutorial_objectstorage.py
[2025-03-19T00:02:17.226+0000] {logging_mixin.py:190} INFO - [2025-03-19T00:02:17.226+0000] {dag.py:3239} INFO - Sync 1 DAGs
[2025-03-19T00:02:17.231+0000] {logging_mixin.py:190} INFO - [2025-03-19T00:02:17.231+0000] {dag.py:4180} INFO - Setting next_dagrun for tutorial_objectstorage to None, run_after=None
[2025-03-19T00:02:17.237+0000] {processor.py:208} INFO - Processing /home/airflow/.local/lib/python3.12/site-packages/airflow/example_dags/tutorial_objectstorage.py took 0.029 seconds
[2025-03-19T00:02:48.363+0000] {processor.py:186} INFO - Started process (PID=17153) to work on /home/airflow/.local/lib/python3.12/site-packages/airflow/example_dags/tutorial_objectstorage.py
[2025-03-19T00:02:48.364+0000] {processor.py:914} INFO - Processing file /home/airflow/.local/lib/python3.12/site-packages/airflow/example_dags/tutorial_objectstorage.py for tasks to queue
[2025-03-19T00:02:48.365+0000] {logging_mixin.py:190} INFO - [2025-03-19T00:02:48.364+0000] {dagbag.py:588} INFO - Filling up the DagBag from /home/airflow/.local/lib/python3.12/site-packages/airflow/example_dags/tutorial_objectstorage.py
[2025-03-19T00:02:48.369+0000] {processor.py:925} INFO - DAG(s) 'tutorial_objectstorage' retrieved from /home/airflow/.local/lib/python3.12/site-packages/airflow/example_dags/tutorial_objectstorage.py
[2025-03-19T00:02:48.376+0000] {logging_mixin.py:190} INFO - [2025-03-19T00:02:48.376+0000] {dag.py:3239} INFO - Sync 1 DAGs
[2025-03-19T00:02:48.381+0000] {logging_mixin.py:190} INFO - [2025-03-19T00:02:48.381+0000] {dag.py:4180} INFO - Setting next_dagrun for tutorial_objectstorage to None, run_after=None
[2025-03-19T00:02:48.387+0000] {processor.py:208} INFO - Processing /home/airflow/.local/lib/python3.12/site-packages/airflow/example_dags/tutorial_objectstorage.py took 0.026 seconds
[2025-03-19T00:03:19.468+0000] {processor.py:186} INFO - Started process (PID=17216) to work on /home/airflow/.local/lib/python3.12/site-packages/airflow/example_dags/tutorial_objectstorage.py
[2025-03-19T00:03:19.469+0000] {processor.py:914} INFO - Processing file /home/airflow/.local/lib/python3.12/site-packages/airflow/example_dags/tutorial_objectstorage.py for tasks to queue
[2025-03-19T00:03:19.470+0000] {logging_mixin.py:190} INFO - [2025-03-19T00:03:19.470+0000] {dagbag.py:588} INFO - Filling up the DagBag from /home/airflow/.local/lib/python3.12/site-packages/airflow/example_dags/tutorial_objectstorage.py
[2025-03-19T00:03:19.474+0000] {processor.py:925} INFO - DAG(s) 'tutorial_objectstorage' retrieved from /home/airflow/.local/lib/python3.12/site-packages/airflow/example_dags/tutorial_objectstorage.py
[2025-03-19T00:03:19.481+0000] {logging_mixin.py:190} INFO - [2025-03-19T00:03:19.481+0000] {dag.py:3239} INFO - Sync 1 DAGs
[2025-03-19T00:03:19.486+0000] {logging_mixin.py:190} INFO - [2025-03-19T00:03:19.486+0000] {dag.py:4180} INFO - Setting next_dagrun for tutorial_objectstorage to None, run_after=None
[2025-03-19T00:03:19.493+0000] {processor.py:208} INFO - Processing /home/airflow/.local/lib/python3.12/site-packages/airflow/example_dags/tutorial_objectstorage.py took 0.026 seconds
[2025-03-19T00:03:50.570+0000] {processor.py:186} INFO - Started process (PID=17278) to work on /home/airflow/.local/lib/python3.12/site-packages/airflow/example_dags/tutorial_objectstorage.py
[2025-03-19T00:03:50.570+0000] {processor.py:914} INFO - Processing file /home/airflow/.local/lib/python3.12/site-packages/airflow/example_dags/tutorial_objectstorage.py for tasks to queue
[2025-03-19T00:03:50.571+0000] {logging_mixin.py:190} INFO - [2025-03-19T00:03:50.571+0000] {dagbag.py:588} INFO - Filling up the DagBag from /home/airflow/.local/lib/python3.12/site-packages/airflow/example_dags/tutorial_objectstorage.py
[2025-03-19T00:03:50.575+0000] {processor.py:925} INFO - DAG(s) 'tutorial_objectstorage' retrieved from /home/airflow/.local/lib/python3.12/site-packages/airflow/example_dags/tutorial_objectstorage.py
[2025-03-19T00:03:50.583+0000] {logging_mixin.py:190} INFO - [2025-03-19T00:03:50.583+0000] {dag.py:3239} INFO - Sync 1 DAGs
[2025-03-19T00:03:50.589+0000] {logging_mixin.py:190} INFO - [2025-03-19T00:03:50.589+0000] {dag.py:4180} INFO - Setting next_dagrun for tutorial_objectstorage to None, run_after=None
[2025-03-19T00:03:50.595+0000] {processor.py:208} INFO - Processing /home/airflow/.local/lib/python3.12/site-packages/airflow/example_dags/tutorial_objectstorage.py took 0.027 seconds
[2025-03-19T00:04:21.616+0000] {processor.py:186} INFO - Started process (PID=17342) to work on /home/airflow/.local/lib/python3.12/site-packages/airflow/example_dags/tutorial_objectstorage.py
[2025-03-19T00:04:21.616+0000] {processor.py:914} INFO - Processing file /home/airflow/.local/lib/python3.12/site-packages/airflow/example_dags/tutorial_objectstorage.py for tasks to queue
[2025-03-19T00:04:21.617+0000] {logging_mixin.py:190} INFO - [2025-03-19T00:04:21.617+0000] {dagbag.py:588} INFO - Filling up the DagBag from /home/airflow/.local/lib/python3.12/site-packages/airflow/example_dags/tutorial_objectstorage.py
[2025-03-19T00:04:21.622+0000] {processor.py:925} INFO - DAG(s) 'tutorial_objectstorage' retrieved from /home/airflow/.local/lib/python3.12/site-packages/airflow/example_dags/tutorial_objectstorage.py
[2025-03-19T00:04:21.632+0000] {logging_mixin.py:190} INFO - [2025-03-19T00:04:21.632+0000] {dag.py:3239} INFO - Sync 1 DAGs
[2025-03-19T00:04:21.638+0000] {logging_mixin.py:190} INFO - [2025-03-19T00:04:21.638+0000] {dag.py:4180} INFO - Setting next_dagrun for tutorial_objectstorage to None, run_after=None
[2025-03-19T00:04:21.649+0000] {processor.py:208} INFO - Processing /home/airflow/.local/lib/python3.12/site-packages/airflow/example_dags/tutorial_objectstorage.py took 0.036 seconds
[2025-03-19T00:04:52.656+0000] {processor.py:186} INFO - Started process (PID=17405) to work on /home/airflow/.local/lib/python3.12/site-packages/airflow/example_dags/tutorial_objectstorage.py
[2025-03-19T00:04:52.657+0000] {processor.py:914} INFO - Processing file /home/airflow/.local/lib/python3.12/site-packages/airflow/example_dags/tutorial_objectstorage.py for tasks to queue
[2025-03-19T00:04:52.659+0000] {logging_mixin.py:190} INFO - [2025-03-19T00:04:52.659+0000] {dagbag.py:588} INFO - Filling up the DagBag from /home/airflow/.local/lib/python3.12/site-packages/airflow/example_dags/tutorial_objectstorage.py
[2025-03-19T00:04:52.664+0000] {processor.py:925} INFO - DAG(s) 'tutorial_objectstorage' retrieved from /home/airflow/.local/lib/python3.12/site-packages/airflow/example_dags/tutorial_objectstorage.py
[2025-03-19T00:04:52.671+0000] {logging_mixin.py:190} INFO - [2025-03-19T00:04:52.671+0000] {dag.py:3239} INFO - Sync 1 DAGs
[2025-03-19T00:04:52.676+0000] {logging_mixin.py:190} INFO - [2025-03-19T00:04:52.676+0000] {dag.py:4180} INFO - Setting next_dagrun for tutorial_objectstorage to None, run_after=None
[2025-03-19T00:04:52.685+0000] {processor.py:208} INFO - Processing /home/airflow/.local/lib/python3.12/site-packages/airflow/example_dags/tutorial_objectstorage.py took 0.031 seconds
[2025-03-19T00:05:23.772+0000] {processor.py:186} INFO - Started process (PID=17468) to work on /home/airflow/.local/lib/python3.12/site-packages/airflow/example_dags/tutorial_objectstorage.py
[2025-03-19T00:05:23.772+0000] {processor.py:914} INFO - Processing file /home/airflow/.local/lib/python3.12/site-packages/airflow/example_dags/tutorial_objectstorage.py for tasks to queue
[2025-03-19T00:05:23.773+0000] {logging_mixin.py:190} INFO - [2025-03-19T00:05:23.773+0000] {dagbag.py:588} INFO - Filling up the DagBag from /home/airflow/.local/lib/python3.12/site-packages/airflow/example_dags/tutorial_objectstorage.py
[2025-03-19T00:05:23.778+0000] {processor.py:925} INFO - DAG(s) 'tutorial_objectstorage' retrieved from /home/airflow/.local/lib/python3.12/site-packages/airflow/example_dags/tutorial_objectstorage.py
[2025-03-19T00:05:23.785+0000] {logging_mixin.py:190} INFO - [2025-03-19T00:05:23.785+0000] {dag.py:3239} INFO - Sync 1 DAGs
[2025-03-19T00:05:23.790+0000] {logging_mixin.py:190} INFO - [2025-03-19T00:05:23.790+0000] {dag.py:4180} INFO - Setting next_dagrun for tutorial_objectstorage to None, run_after=None
[2025-03-19T00:05:23.801+0000] {processor.py:208} INFO - Processing /home/airflow/.local/lib/python3.12/site-packages/airflow/example_dags/tutorial_objectstorage.py took 0.031 seconds
[2025-03-19T00:05:54.957+0000] {processor.py:186} INFO - Started process (PID=17531) to work on /home/airflow/.local/lib/python3.12/site-packages/airflow/example_dags/tutorial_objectstorage.py
[2025-03-19T00:05:54.957+0000] {processor.py:914} INFO - Processing file /home/airflow/.local/lib/python3.12/site-packages/airflow/example_dags/tutorial_objectstorage.py for tasks to queue
[2025-03-19T00:05:54.958+0000] {logging_mixin.py:190} INFO - [2025-03-19T00:05:54.958+0000] {dagbag.py:588} INFO - Filling up the DagBag from /home/airflow/.local/lib/python3.12/site-packages/airflow/example_dags/tutorial_objectstorage.py
[2025-03-19T00:05:54.962+0000] {processor.py:925} INFO - DAG(s) 'tutorial_objectstorage' retrieved from /home/airflow/.local/lib/python3.12/site-packages/airflow/example_dags/tutorial_objectstorage.py
[2025-03-19T00:05:54.969+0000] {logging_mixin.py:190} INFO - [2025-03-19T00:05:54.969+0000] {dag.py:3239} INFO - Sync 1 DAGs
[2025-03-19T00:05:54.974+0000] {logging_mixin.py:190} INFO - [2025-03-19T00:05:54.974+0000] {dag.py:4180} INFO - Setting next_dagrun for tutorial_objectstorage to None, run_after=None
[2025-03-19T00:05:54.980+0000] {processor.py:208} INFO - Processing /home/airflow/.local/lib/python3.12/site-packages/airflow/example_dags/tutorial_objectstorage.py took 0.025 seconds
[2025-03-19T00:06:26.081+0000] {processor.py:186} INFO - Started process (PID=17593) to work on /home/airflow/.local/lib/python3.12/site-packages/airflow/example_dags/tutorial_objectstorage.py
[2025-03-19T00:06:26.082+0000] {processor.py:914} INFO - Processing file /home/airflow/.local/lib/python3.12/site-packages/airflow/example_dags/tutorial_objectstorage.py for tasks to queue
[2025-03-19T00:06:26.083+0000] {logging_mixin.py:190} INFO - [2025-03-19T00:06:26.082+0000] {dagbag.py:588} INFO - Filling up the DagBag from /home/airflow/.local/lib/python3.12/site-packages/airflow/example_dags/tutorial_objectstorage.py
[2025-03-19T00:06:26.087+0000] {processor.py:925} INFO - DAG(s) 'tutorial_objectstorage' retrieved from /home/airflow/.local/lib/python3.12/site-packages/airflow/example_dags/tutorial_objectstorage.py
[2025-03-19T00:06:26.097+0000] {logging_mixin.py:190} INFO - [2025-03-19T00:06:26.097+0000] {dag.py:3239} INFO - Sync 1 DAGs
[2025-03-19T00:06:26.102+0000] {logging_mixin.py:190} INFO - [2025-03-19T00:06:26.102+0000] {dag.py:4180} INFO - Setting next_dagrun for tutorial_objectstorage to None, run_after=None
[2025-03-19T00:06:26.108+0000] {processor.py:208} INFO - Processing /home/airflow/.local/lib/python3.12/site-packages/airflow/example_dags/tutorial_objectstorage.py took 0.029 seconds
[2025-03-19T00:06:57.199+0000] {processor.py:186} INFO - Started process (PID=17656) to work on /home/airflow/.local/lib/python3.12/site-packages/airflow/example_dags/tutorial_objectstorage.py
[2025-03-19T00:06:57.200+0000] {processor.py:914} INFO - Processing file /home/airflow/.local/lib/python3.12/site-packages/airflow/example_dags/tutorial_objectstorage.py for tasks to queue
[2025-03-19T00:06:57.201+0000] {logging_mixin.py:190} INFO - [2025-03-19T00:06:57.201+0000] {dagbag.py:588} INFO - Filling up the DagBag from /home/airflow/.local/lib/python3.12/site-packages/airflow/example_dags/tutorial_objectstorage.py
[2025-03-19T00:06:57.207+0000] {processor.py:925} INFO - DAG(s) 'tutorial_objectstorage' retrieved from /home/airflow/.local/lib/python3.12/site-packages/airflow/example_dags/tutorial_objectstorage.py
[2025-03-19T00:06:57.215+0000] {logging_mixin.py:190} INFO - [2025-03-19T00:06:57.215+0000] {dag.py:3239} INFO - Sync 1 DAGs
[2025-03-19T00:06:57.221+0000] {logging_mixin.py:190} INFO - [2025-03-19T00:06:57.221+0000] {dag.py:4180} INFO - Setting next_dagrun for tutorial_objectstorage to None, run_after=None
[2025-03-19T00:06:57.233+0000] {processor.py:208} INFO - Processing /home/airflow/.local/lib/python3.12/site-packages/airflow/example_dags/tutorial_objectstorage.py took 0.035 seconds
[2025-03-19T00:07:28.437+0000] {processor.py:186} INFO - Started process (PID=17719) to work on /home/airflow/.local/lib/python3.12/site-packages/airflow/example_dags/tutorial_objectstorage.py
[2025-03-19T00:07:28.438+0000] {processor.py:914} INFO - Processing file /home/airflow/.local/lib/python3.12/site-packages/airflow/example_dags/tutorial_objectstorage.py for tasks to queue
[2025-03-19T00:07:28.439+0000] {logging_mixin.py:190} INFO - [2025-03-19T00:07:28.439+0000] {dagbag.py:588} INFO - Filling up the DagBag from /home/airflow/.local/lib/python3.12/site-packages/airflow/example_dags/tutorial_objectstorage.py
[2025-03-19T00:07:28.443+0000] {processor.py:925} INFO - DAG(s) 'tutorial_objectstorage' retrieved from /home/airflow/.local/lib/python3.12/site-packages/airflow/example_dags/tutorial_objectstorage.py
[2025-03-19T00:07:28.451+0000] {logging_mixin.py:190} INFO - [2025-03-19T00:07:28.450+0000] {dag.py:3239} INFO - Sync 1 DAGs
[2025-03-19T00:07:28.457+0000] {logging_mixin.py:190} INFO - [2025-03-19T00:07:28.457+0000] {dag.py:4180} INFO - Setting next_dagrun for tutorial_objectstorage to None, run_after=None
[2025-03-19T00:07:28.463+0000] {processor.py:208} INFO - Processing /home/airflow/.local/lib/python3.12/site-packages/airflow/example_dags/tutorial_objectstorage.py took 0.029 seconds
[2025-03-19T00:07:59.758+0000] {processor.py:186} INFO - Started process (PID=17783) to work on /home/airflow/.local/lib/python3.12/site-packages/airflow/example_dags/tutorial_objectstorage.py
[2025-03-19T00:07:59.760+0000] {processor.py:914} INFO - Processing file /home/airflow/.local/lib/python3.12/site-packages/airflow/example_dags/tutorial_objectstorage.py for tasks to queue
[2025-03-19T00:07:59.762+0000] {logging_mixin.py:190} INFO - [2025-03-19T00:07:59.761+0000] {dagbag.py:588} INFO - Filling up the DagBag from /home/airflow/.local/lib/python3.12/site-packages/airflow/example_dags/tutorial_objectstorage.py
[2025-03-19T00:07:59.766+0000] {processor.py:925} INFO - DAG(s) 'tutorial_objectstorage' retrieved from /home/airflow/.local/lib/python3.12/site-packages/airflow/example_dags/tutorial_objectstorage.py
[2025-03-19T00:07:59.779+0000] {logging_mixin.py:190} INFO - [2025-03-19T00:07:59.779+0000] {dag.py:3239} INFO - Sync 1 DAGs
[2025-03-19T00:07:59.784+0000] {logging_mixin.py:190} INFO - [2025-03-19T00:07:59.784+0000] {dag.py:4180} INFO - Setting next_dagrun for tutorial_objectstorage to None, run_after=None
[2025-03-19T00:07:59.790+0000] {processor.py:208} INFO - Processing /home/airflow/.local/lib/python3.12/site-packages/airflow/example_dags/tutorial_objectstorage.py took 0.034 seconds
