[2025-03-19T00:00:12.932+0000] {processor.py:186} INFO - Started process (PID=16839) to work on /home/airflow/.local/lib/python3.12/site-packages/airflow/example_dags/tutorial_taskflow_templates.py
[2025-03-19T00:00:12.933+0000] {processor.py:914} INFO - Processing file /home/airflow/.local/lib/python3.12/site-packages/airflow/example_dags/tutorial_taskflow_templates.py for tasks to queue
[2025-03-19T00:00:12.933+0000] {logging_mixin.py:190} INFO - [2025-03-19T00:00:12.933+0000] {dagbag.py:588} INFO - Filling up the DagBag from /home/airflow/.local/lib/python3.12/site-packages/airflow/example_dags/tutorial_taskflow_templates.py
[2025-03-19T00:00:12.939+0000] {processor.py:925} INFO - DAG(s) 'tutorial_taskflow_templates' retrieved from /home/airflow/.local/lib/python3.12/site-packages/airflow/example_dags/tutorial_taskflow_templates.py
[2025-03-19T00:00:12.946+0000] {logging_mixin.py:190} INFO - [2025-03-19T00:00:12.946+0000] {dag.py:3239} INFO - Sync 1 DAGs
[2025-03-19T00:00:12.955+0000] {logging_mixin.py:190} INFO - [2025-03-19T00:00:12.955+0000] {dag.py:4180} INFO - Setting next_dagrun for tutorial_taskflow_templates to 2025-03-18 00:00:00+00:00, run_after=2025-03-19 00:00:00+00:00
[2025-03-19T00:00:12.967+0000] {processor.py:208} INFO - Processing /home/airflow/.local/lib/python3.12/site-packages/airflow/example_dags/tutorial_taskflow_templates.py took 0.037 seconds
[2025-03-19T00:00:44.050+0000] {processor.py:186} INFO - Started process (PID=16902) to work on /home/airflow/.local/lib/python3.12/site-packages/airflow/example_dags/tutorial_taskflow_templates.py
[2025-03-19T00:00:44.052+0000] {processor.py:914} INFO - Processing file /home/airflow/.local/lib/python3.12/site-packages/airflow/example_dags/tutorial_taskflow_templates.py for tasks to queue
[2025-03-19T00:00:44.055+0000] {logging_mixin.py:190} INFO - [2025-03-19T00:00:44.055+0000] {dagbag.py:588} INFO - Filling up the DagBag from /home/airflow/.local/lib/python3.12/site-packages/airflow/example_dags/tutorial_taskflow_templates.py
[2025-03-19T00:00:44.062+0000] {processor.py:925} INFO - DAG(s) 'tutorial_taskflow_templates' retrieved from /home/airflow/.local/lib/python3.12/site-packages/airflow/example_dags/tutorial_taskflow_templates.py
[2025-03-19T00:00:44.071+0000] {logging_mixin.py:190} INFO - [2025-03-19T00:00:44.071+0000] {dag.py:3239} INFO - Sync 1 DAGs
[2025-03-19T00:00:44.082+0000] {logging_mixin.py:190} INFO - [2025-03-19T00:00:44.082+0000] {dag.py:4180} INFO - Setting next_dagrun for tutorial_taskflow_templates to 2025-03-18 00:00:00+00:00, run_after=2025-03-19 00:00:00+00:00
[2025-03-19T00:00:44.089+0000] {processor.py:208} INFO - Processing /home/airflow/.local/lib/python3.12/site-packages/airflow/example_dags/tutorial_taskflow_templates.py took 0.042 seconds
[2025-03-19T00:01:15.100+0000] {processor.py:186} INFO - Started process (PID=16965) to work on /home/airflow/.local/lib/python3.12/site-packages/airflow/example_dags/tutorial_taskflow_templates.py
[2025-03-19T00:01:15.100+0000] {processor.py:914} INFO - Processing file /home/airflow/.local/lib/python3.12/site-packages/airflow/example_dags/tutorial_taskflow_templates.py for tasks to queue
[2025-03-19T00:01:15.101+0000] {logging_mixin.py:190} INFO - [2025-03-19T00:01:15.101+0000] {dagbag.py:588} INFO - Filling up the DagBag from /home/airflow/.local/lib/python3.12/site-packages/airflow/example_dags/tutorial_taskflow_templates.py
[2025-03-19T00:01:15.107+0000] {processor.py:925} INFO - DAG(s) 'tutorial_taskflow_templates' retrieved from /home/airflow/.local/lib/python3.12/site-packages/airflow/example_dags/tutorial_taskflow_templates.py
[2025-03-19T00:01:15.115+0000] {logging_mixin.py:190} INFO - [2025-03-19T00:01:15.115+0000] {dag.py:3239} INFO - Sync 1 DAGs
[2025-03-19T00:01:15.124+0000] {logging_mixin.py:190} INFO - [2025-03-19T00:01:15.124+0000] {dag.py:4180} INFO - Setting next_dagrun for tutorial_taskflow_templates to 2025-03-18 00:00:00+00:00, run_after=2025-03-19 00:00:00+00:00
[2025-03-19T00:01:15.131+0000] {processor.py:208} INFO - Processing /home/airflow/.local/lib/python3.12/site-packages/airflow/example_dags/tutorial_taskflow_templates.py took 0.033 seconds
[2025-03-19T00:01:46.084+0000] {processor.py:186} INFO - Started process (PID=17028) to work on /home/airflow/.local/lib/python3.12/site-packages/airflow/example_dags/tutorial_taskflow_templates.py
[2025-03-19T00:01:46.085+0000] {processor.py:914} INFO - Processing file /home/airflow/.local/lib/python3.12/site-packages/airflow/example_dags/tutorial_taskflow_templates.py for tasks to queue
[2025-03-19T00:01:46.085+0000] {logging_mixin.py:190} INFO - [2025-03-19T00:01:46.085+0000] {dagbag.py:588} INFO - Filling up the DagBag from /home/airflow/.local/lib/python3.12/site-packages/airflow/example_dags/tutorial_taskflow_templates.py
[2025-03-19T00:01:46.091+0000] {processor.py:925} INFO - DAG(s) 'tutorial_taskflow_templates' retrieved from /home/airflow/.local/lib/python3.12/site-packages/airflow/example_dags/tutorial_taskflow_templates.py
[2025-03-19T00:01:46.099+0000] {logging_mixin.py:190} INFO - [2025-03-19T00:01:46.099+0000] {dag.py:3239} INFO - Sync 1 DAGs
[2025-03-19T00:01:46.107+0000] {logging_mixin.py:190} INFO - [2025-03-19T00:01:46.107+0000] {dag.py:4180} INFO - Setting next_dagrun for tutorial_taskflow_templates to 2025-03-18 00:00:00+00:00, run_after=2025-03-19 00:00:00+00:00
[2025-03-19T00:01:46.113+0000] {processor.py:208} INFO - Processing /home/airflow/.local/lib/python3.12/site-packages/airflow/example_dags/tutorial_taskflow_templates.py took 0.031 seconds
[2025-03-19T00:02:17.248+0000] {processor.py:186} INFO - Started process (PID=17091) to work on /home/airflow/.local/lib/python3.12/site-packages/airflow/example_dags/tutorial_taskflow_templates.py
[2025-03-19T00:02:17.249+0000] {processor.py:914} INFO - Processing file /home/airflow/.local/lib/python3.12/site-packages/airflow/example_dags/tutorial_taskflow_templates.py for tasks to queue
[2025-03-19T00:02:17.250+0000] {logging_mixin.py:190} INFO - [2025-03-19T00:02:17.249+0000] {dagbag.py:588} INFO - Filling up the DagBag from /home/airflow/.local/lib/python3.12/site-packages/airflow/example_dags/tutorial_taskflow_templates.py
[2025-03-19T00:02:17.255+0000] {processor.py:925} INFO - DAG(s) 'tutorial_taskflow_templates' retrieved from /home/airflow/.local/lib/python3.12/site-packages/airflow/example_dags/tutorial_taskflow_templates.py
[2025-03-19T00:02:17.263+0000] {logging_mixin.py:190} INFO - [2025-03-19T00:02:17.262+0000] {dag.py:3239} INFO - Sync 1 DAGs
[2025-03-19T00:02:17.272+0000] {logging_mixin.py:190} INFO - [2025-03-19T00:02:17.272+0000] {dag.py:4180} INFO - Setting next_dagrun for tutorial_taskflow_templates to 2025-03-18 00:00:00+00:00, run_after=2025-03-19 00:00:00+00:00
[2025-03-19T00:02:17.279+0000] {processor.py:208} INFO - Processing /home/airflow/.local/lib/python3.12/site-packages/airflow/example_dags/tutorial_taskflow_templates.py took 0.033 seconds
[2025-03-19T00:02:48.397+0000] {processor.py:186} INFO - Started process (PID=17154) to work on /home/airflow/.local/lib/python3.12/site-packages/airflow/example_dags/tutorial_taskflow_templates.py
[2025-03-19T00:02:48.398+0000] {processor.py:914} INFO - Processing file /home/airflow/.local/lib/python3.12/site-packages/airflow/example_dags/tutorial_taskflow_templates.py for tasks to queue
[2025-03-19T00:02:48.399+0000] {logging_mixin.py:190} INFO - [2025-03-19T00:02:48.399+0000] {dagbag.py:588} INFO - Filling up the DagBag from /home/airflow/.local/lib/python3.12/site-packages/airflow/example_dags/tutorial_taskflow_templates.py
[2025-03-19T00:02:48.404+0000] {processor.py:925} INFO - DAG(s) 'tutorial_taskflow_templates' retrieved from /home/airflow/.local/lib/python3.12/site-packages/airflow/example_dags/tutorial_taskflow_templates.py
[2025-03-19T00:02:48.412+0000] {logging_mixin.py:190} INFO - [2025-03-19T00:02:48.412+0000] {dag.py:3239} INFO - Sync 1 DAGs
[2025-03-19T00:02:48.420+0000] {logging_mixin.py:190} INFO - [2025-03-19T00:02:48.420+0000] {dag.py:4180} INFO - Setting next_dagrun for tutorial_taskflow_templates to 2025-03-18 00:00:00+00:00, run_after=2025-03-19 00:00:00+00:00
[2025-03-19T00:02:48.426+0000] {processor.py:208} INFO - Processing /home/airflow/.local/lib/python3.12/site-packages/airflow/example_dags/tutorial_taskflow_templates.py took 0.031 seconds
[2025-03-19T00:03:19.509+0000] {processor.py:186} INFO - Started process (PID=17217) to work on /home/airflow/.local/lib/python3.12/site-packages/airflow/example_dags/tutorial_taskflow_templates.py
[2025-03-19T00:03:19.510+0000] {processor.py:914} INFO - Processing file /home/airflow/.local/lib/python3.12/site-packages/airflow/example_dags/tutorial_taskflow_templates.py for tasks to queue
[2025-03-19T00:03:19.511+0000] {logging_mixin.py:190} INFO - [2025-03-19T00:03:19.511+0000] {dagbag.py:588} INFO - Filling up the DagBag from /home/airflow/.local/lib/python3.12/site-packages/airflow/example_dags/tutorial_taskflow_templates.py
[2025-03-19T00:03:19.517+0000] {processor.py:925} INFO - DAG(s) 'tutorial_taskflow_templates' retrieved from /home/airflow/.local/lib/python3.12/site-packages/airflow/example_dags/tutorial_taskflow_templates.py
[2025-03-19T00:03:19.526+0000] {logging_mixin.py:190} INFO - [2025-03-19T00:03:19.526+0000] {dag.py:3239} INFO - Sync 1 DAGs
[2025-03-19T00:03:19.537+0000] {logging_mixin.py:190} INFO - [2025-03-19T00:03:19.537+0000] {dag.py:4180} INFO - Setting next_dagrun for tutorial_taskflow_templates to 2025-03-18 00:00:00+00:00, run_after=2025-03-19 00:00:00+00:00
[2025-03-19T00:03:19.546+0000] {processor.py:208} INFO - Processing /home/airflow/.local/lib/python3.12/site-packages/airflow/example_dags/tutorial_taskflow_templates.py took 0.040 seconds
[2025-03-19T00:03:50.606+0000] {processor.py:186} INFO - Started process (PID=17280) to work on /home/airflow/.local/lib/python3.12/site-packages/airflow/example_dags/tutorial_taskflow_templates.py
[2025-03-19T00:03:50.607+0000] {processor.py:914} INFO - Processing file /home/airflow/.local/lib/python3.12/site-packages/airflow/example_dags/tutorial_taskflow_templates.py for tasks to queue
[2025-03-19T00:03:50.608+0000] {logging_mixin.py:190} INFO - [2025-03-19T00:03:50.608+0000] {dagbag.py:588} INFO - Filling up the DagBag from /home/airflow/.local/lib/python3.12/site-packages/airflow/example_dags/tutorial_taskflow_templates.py
[2025-03-19T00:03:50.616+0000] {processor.py:925} INFO - DAG(s) 'tutorial_taskflow_templates' retrieved from /home/airflow/.local/lib/python3.12/site-packages/airflow/example_dags/tutorial_taskflow_templates.py
[2025-03-19T00:03:50.624+0000] {logging_mixin.py:190} INFO - [2025-03-19T00:03:50.624+0000] {dag.py:3239} INFO - Sync 1 DAGs
[2025-03-19T00:03:50.632+0000] {logging_mixin.py:190} INFO - [2025-03-19T00:03:50.632+0000] {dag.py:4180} INFO - Setting next_dagrun for tutorial_taskflow_templates to 2025-03-18 00:00:00+00:00, run_after=2025-03-19 00:00:00+00:00
[2025-03-19T00:03:50.638+0000] {processor.py:208} INFO - Processing /home/airflow/.local/lib/python3.12/site-packages/airflow/example_dags/tutorial_taskflow_templates.py took 0.035 seconds
[2025-03-19T00:04:21.637+0000] {processor.py:186} INFO - Started process (PID=17343) to work on /home/airflow/.local/lib/python3.12/site-packages/airflow/example_dags/tutorial_taskflow_templates.py
[2025-03-19T00:04:21.638+0000] {processor.py:914} INFO - Processing file /home/airflow/.local/lib/python3.12/site-packages/airflow/example_dags/tutorial_taskflow_templates.py for tasks to queue
[2025-03-19T00:04:21.640+0000] {logging_mixin.py:190} INFO - [2025-03-19T00:04:21.639+0000] {dagbag.py:588} INFO - Filling up the DagBag from /home/airflow/.local/lib/python3.12/site-packages/airflow/example_dags/tutorial_taskflow_templates.py
[2025-03-19T00:04:21.648+0000] {processor.py:925} INFO - DAG(s) 'tutorial_taskflow_templates' retrieved from /home/airflow/.local/lib/python3.12/site-packages/airflow/example_dags/tutorial_taskflow_templates.py
[2025-03-19T00:04:21.658+0000] {logging_mixin.py:190} INFO - [2025-03-19T00:04:21.657+0000] {dag.py:3239} INFO - Sync 1 DAGs
[2025-03-19T00:04:21.666+0000] {logging_mixin.py:190} INFO - [2025-03-19T00:04:21.666+0000] {dag.py:4180} INFO - Setting next_dagrun for tutorial_taskflow_templates to 2025-03-18 00:00:00+00:00, run_after=2025-03-19 00:00:00+00:00
[2025-03-19T00:04:21.675+0000] {processor.py:208} INFO - Processing /home/airflow/.local/lib/python3.12/site-packages/airflow/example_dags/tutorial_taskflow_templates.py took 0.041 seconds
[2025-03-19T00:04:52.673+0000] {processor.py:186} INFO - Started process (PID=17406) to work on /home/airflow/.local/lib/python3.12/site-packages/airflow/example_dags/tutorial_taskflow_templates.py
[2025-03-19T00:04:52.674+0000] {processor.py:914} INFO - Processing file /home/airflow/.local/lib/python3.12/site-packages/airflow/example_dags/tutorial_taskflow_templates.py for tasks to queue
[2025-03-19T00:04:52.675+0000] {logging_mixin.py:190} INFO - [2025-03-19T00:04:52.675+0000] {dagbag.py:588} INFO - Filling up the DagBag from /home/airflow/.local/lib/python3.12/site-packages/airflow/example_dags/tutorial_taskflow_templates.py
[2025-03-19T00:04:52.681+0000] {processor.py:925} INFO - DAG(s) 'tutorial_taskflow_templates' retrieved from /home/airflow/.local/lib/python3.12/site-packages/airflow/example_dags/tutorial_taskflow_templates.py
[2025-03-19T00:04:52.693+0000] {logging_mixin.py:190} INFO - [2025-03-19T00:04:52.693+0000] {dag.py:3239} INFO - Sync 1 DAGs
[2025-03-19T00:04:52.702+0000] {logging_mixin.py:190} INFO - [2025-03-19T00:04:52.702+0000] {dag.py:4180} INFO - Setting next_dagrun for tutorial_taskflow_templates to 2025-03-18 00:00:00+00:00, run_after=2025-03-19 00:00:00+00:00
[2025-03-19T00:04:52.713+0000] {processor.py:208} INFO - Processing /home/airflow/.local/lib/python3.12/site-packages/airflow/example_dags/tutorial_taskflow_templates.py took 0.043 seconds
[2025-03-19T00:05:23.812+0000] {processor.py:186} INFO - Started process (PID=17469) to work on /home/airflow/.local/lib/python3.12/site-packages/airflow/example_dags/tutorial_taskflow_templates.py
[2025-03-19T00:05:23.813+0000] {processor.py:914} INFO - Processing file /home/airflow/.local/lib/python3.12/site-packages/airflow/example_dags/tutorial_taskflow_templates.py for tasks to queue
[2025-03-19T00:05:23.814+0000] {logging_mixin.py:190} INFO - [2025-03-19T00:05:23.814+0000] {dagbag.py:588} INFO - Filling up the DagBag from /home/airflow/.local/lib/python3.12/site-packages/airflow/example_dags/tutorial_taskflow_templates.py
[2025-03-19T00:05:23.819+0000] {processor.py:925} INFO - DAG(s) 'tutorial_taskflow_templates' retrieved from /home/airflow/.local/lib/python3.12/site-packages/airflow/example_dags/tutorial_taskflow_templates.py
[2025-03-19T00:05:23.827+0000] {logging_mixin.py:190} INFO - [2025-03-19T00:05:23.827+0000] {dag.py:3239} INFO - Sync 1 DAGs
[2025-03-19T00:05:23.836+0000] {logging_mixin.py:190} INFO - [2025-03-19T00:05:23.836+0000] {dag.py:4180} INFO - Setting next_dagrun for tutorial_taskflow_templates to 2025-03-18 00:00:00+00:00, run_after=2025-03-19 00:00:00+00:00
[2025-03-19T00:05:23.846+0000] {processor.py:208} INFO - Processing /home/airflow/.local/lib/python3.12/site-packages/airflow/example_dags/tutorial_taskflow_templates.py took 0.036 seconds
[2025-03-19T00:05:54.990+0000] {processor.py:186} INFO - Started process (PID=17532) to work on /home/airflow/.local/lib/python3.12/site-packages/airflow/example_dags/tutorial_taskflow_templates.py
[2025-03-19T00:05:54.991+0000] {processor.py:914} INFO - Processing file /home/airflow/.local/lib/python3.12/site-packages/airflow/example_dags/tutorial_taskflow_templates.py for tasks to queue
[2025-03-19T00:05:54.991+0000] {logging_mixin.py:190} INFO - [2025-03-19T00:05:54.991+0000] {dagbag.py:588} INFO - Filling up the DagBag from /home/airflow/.local/lib/python3.12/site-packages/airflow/example_dags/tutorial_taskflow_templates.py
[2025-03-19T00:05:54.997+0000] {processor.py:925} INFO - DAG(s) 'tutorial_taskflow_templates' retrieved from /home/airflow/.local/lib/python3.12/site-packages/airflow/example_dags/tutorial_taskflow_templates.py
[2025-03-19T00:05:55.005+0000] {logging_mixin.py:190} INFO - [2025-03-19T00:05:55.004+0000] {dag.py:3239} INFO - Sync 1 DAGs
[2025-03-19T00:05:55.013+0000] {logging_mixin.py:190} INFO - [2025-03-19T00:05:55.013+0000] {dag.py:4180} INFO - Setting next_dagrun for tutorial_taskflow_templates to 2025-03-18 00:00:00+00:00, run_after=2025-03-19 00:00:00+00:00
[2025-03-19T00:05:55.018+0000] {processor.py:208} INFO - Processing /home/airflow/.local/lib/python3.12/site-packages/airflow/example_dags/tutorial_taskflow_templates.py took 0.030 seconds
[2025-03-19T00:06:26.120+0000] {processor.py:186} INFO - Started process (PID=17595) to work on /home/airflow/.local/lib/python3.12/site-packages/airflow/example_dags/tutorial_taskflow_templates.py
[2025-03-19T00:06:26.121+0000] {processor.py:914} INFO - Processing file /home/airflow/.local/lib/python3.12/site-packages/airflow/example_dags/tutorial_taskflow_templates.py for tasks to queue
[2025-03-19T00:06:26.123+0000] {logging_mixin.py:190} INFO - [2025-03-19T00:06:26.122+0000] {dagbag.py:588} INFO - Filling up the DagBag from /home/airflow/.local/lib/python3.12/site-packages/airflow/example_dags/tutorial_taskflow_templates.py
[2025-03-19T00:06:26.128+0000] {processor.py:925} INFO - DAG(s) 'tutorial_taskflow_templates' retrieved from /home/airflow/.local/lib/python3.12/site-packages/airflow/example_dags/tutorial_taskflow_templates.py
[2025-03-19T00:06:26.141+0000] {logging_mixin.py:190} INFO - [2025-03-19T00:06:26.140+0000] {dag.py:3239} INFO - Sync 1 DAGs
[2025-03-19T00:06:26.149+0000] {logging_mixin.py:190} INFO - [2025-03-19T00:06:26.148+0000] {dag.py:4180} INFO - Setting next_dagrun for tutorial_taskflow_templates to 2025-03-18 00:00:00+00:00, run_after=2025-03-19 00:00:00+00:00
[2025-03-19T00:06:26.154+0000] {processor.py:208} INFO - Processing /home/airflow/.local/lib/python3.12/site-packages/airflow/example_dags/tutorial_taskflow_templates.py took 0.037 seconds
[2025-03-19T00:06:57.254+0000] {processor.py:186} INFO - Started process (PID=17658) to work on /home/airflow/.local/lib/python3.12/site-packages/airflow/example_dags/tutorial_taskflow_templates.py
[2025-03-19T00:06:57.255+0000] {processor.py:914} INFO - Processing file /home/airflow/.local/lib/python3.12/site-packages/airflow/example_dags/tutorial_taskflow_templates.py for tasks to queue
[2025-03-19T00:06:57.256+0000] {logging_mixin.py:190} INFO - [2025-03-19T00:06:57.256+0000] {dagbag.py:588} INFO - Filling up the DagBag from /home/airflow/.local/lib/python3.12/site-packages/airflow/example_dags/tutorial_taskflow_templates.py
[2025-03-19T00:06:57.261+0000] {processor.py:925} INFO - DAG(s) 'tutorial_taskflow_templates' retrieved from /home/airflow/.local/lib/python3.12/site-packages/airflow/example_dags/tutorial_taskflow_templates.py
[2025-03-19T00:06:57.275+0000] {logging_mixin.py:190} INFO - [2025-03-19T00:06:57.275+0000] {dag.py:3239} INFO - Sync 1 DAGs
[2025-03-19T00:06:57.284+0000] {logging_mixin.py:190} INFO - [2025-03-19T00:06:57.284+0000] {dag.py:4180} INFO - Setting next_dagrun for tutorial_taskflow_templates to 2025-03-18 00:00:00+00:00, run_after=2025-03-19 00:00:00+00:00
[2025-03-19T00:06:57.289+0000] {processor.py:208} INFO - Processing /home/airflow/.local/lib/python3.12/site-packages/airflow/example_dags/tutorial_taskflow_templates.py took 0.038 seconds
[2025-03-19T00:07:28.474+0000] {processor.py:186} INFO - Started process (PID=17721) to work on /home/airflow/.local/lib/python3.12/site-packages/airflow/example_dags/tutorial_taskflow_templates.py
[2025-03-19T00:07:28.475+0000] {processor.py:914} INFO - Processing file /home/airflow/.local/lib/python3.12/site-packages/airflow/example_dags/tutorial_taskflow_templates.py for tasks to queue
[2025-03-19T00:07:28.476+0000] {logging_mixin.py:190} INFO - [2025-03-19T00:07:28.476+0000] {dagbag.py:588} INFO - Filling up the DagBag from /home/airflow/.local/lib/python3.12/site-packages/airflow/example_dags/tutorial_taskflow_templates.py
[2025-03-19T00:07:28.481+0000] {processor.py:925} INFO - DAG(s) 'tutorial_taskflow_templates' retrieved from /home/airflow/.local/lib/python3.12/site-packages/airflow/example_dags/tutorial_taskflow_templates.py
[2025-03-19T00:07:28.489+0000] {logging_mixin.py:190} INFO - [2025-03-19T00:07:28.489+0000] {dag.py:3239} INFO - Sync 1 DAGs
[2025-03-19T00:07:28.497+0000] {logging_mixin.py:190} INFO - [2025-03-19T00:07:28.497+0000] {dag.py:4180} INFO - Setting next_dagrun for tutorial_taskflow_templates to 2025-03-18 00:00:00+00:00, run_after=2025-03-19 00:00:00+00:00
[2025-03-19T00:07:28.503+0000] {processor.py:208} INFO - Processing /home/airflow/.local/lib/python3.12/site-packages/airflow/example_dags/tutorial_taskflow_templates.py took 0.031 seconds
[2025-03-19T00:07:59.800+0000] {processor.py:186} INFO - Started process (PID=17784) to work on /home/airflow/.local/lib/python3.12/site-packages/airflow/example_dags/tutorial_taskflow_templates.py
[2025-03-19T00:07:59.800+0000] {processor.py:914} INFO - Processing file /home/airflow/.local/lib/python3.12/site-packages/airflow/example_dags/tutorial_taskflow_templates.py for tasks to queue
[2025-03-19T00:07:59.801+0000] {logging_mixin.py:190} INFO - [2025-03-19T00:07:59.801+0000] {dagbag.py:588} INFO - Filling up the DagBag from /home/airflow/.local/lib/python3.12/site-packages/airflow/example_dags/tutorial_taskflow_templates.py
[2025-03-19T00:07:59.807+0000] {processor.py:925} INFO - DAG(s) 'tutorial_taskflow_templates' retrieved from /home/airflow/.local/lib/python3.12/site-packages/airflow/example_dags/tutorial_taskflow_templates.py
[2025-03-19T00:07:59.815+0000] {logging_mixin.py:190} INFO - [2025-03-19T00:07:59.814+0000] {dag.py:3239} INFO - Sync 1 DAGs
[2025-03-19T00:07:59.823+0000] {logging_mixin.py:190} INFO - [2025-03-19T00:07:59.823+0000] {dag.py:4180} INFO - Setting next_dagrun for tutorial_taskflow_templates to 2025-03-18 00:00:00+00:00, run_after=2025-03-19 00:00:00+00:00
[2025-03-19T00:07:59.829+0000] {processor.py:208} INFO - Processing /home/airflow/.local/lib/python3.12/site-packages/airflow/example_dags/tutorial_taskflow_templates.py took 0.031 seconds
