[0m14:27:12.842033 [debug] [MainThread]: Sending event: {'category': 'dbt', 'action': 'invocation', 'label': 'start', 'context': [<snowplow_tracker.self_describing_json.SelfDescribingJson object at 0x103f00ec0>, <snowplow_tracker.self_describing_json.SelfDescribingJson object at 0x10530b9d0>, <snowplow_tracker.self_describing_json.SelfDescribingJson object at 0x10530bc50>]}


============================== 14:27:12.844466 | 875f9b51-57c3-4bed-97ef-d6ed5baf7ae1 ==============================
[0m14:27:12.844466 [info ] [MainThread]: Running with dbt=1.9.3
[0m14:27:12.844701 [debug] [MainThread]: running dbt with arguments {'printer_width': '80', 'indirect_selection': 'eager', 'write_json': 'True', 'log_cache_events': 'False', 'partial_parse': 'True', 'cache_selected_only': 'False', 'warn_error': 'None', 'debug': 'False', 'version_check': 'True', 'log_path': 'logs', 'profiles_dir': '/Users/awjohnson/.dbt', 'fail_fast': 'False', 'use_colors': 'True', 'use_experimental_parser': 'False', 'empty': 'None', 'quiet': 'False', 'no_print': 'None', 'warn_error_options': 'WarnErrorOptions(include=[], exclude=[])', 'invocation_command': 'dbt debug', 'log_format': 'default', 'introspect': 'True', 'target_path': 'None', 'static_parser': 'True', 'send_anonymous_usage_stats': 'True'}
[0m14:27:12.851353 [info ] [MainThread]: dbt version: 1.9.3
[0m14:27:12.851491 [info ] [MainThread]: python version: 3.13.2
[0m14:27:12.851589 [info ] [MainThread]: python path: /Users/awjohnson/Code/tornado/dbt_env/bin/python3.13
[0m14:27:12.851674 [info ] [MainThread]: os info: macOS-15.3.1-arm64-arm-64bit-Mach-O
[0m14:27:13.977448 [info ] [MainThread]: Using profiles dir at /Users/awjohnson/.dbt
[0m14:27:13.977649 [info ] [MainThread]: Using profiles.yml file at /Users/awjohnson/.dbt/profiles.yml
[0m14:27:13.977751 [info ] [MainThread]: Using dbt_project.yml file at /Users/awjohnson/Code/tornado/dbt_project.yml
[0m14:27:13.978040 [info ] [MainThread]: adapter type: postgres
[0m14:27:13.978142 [info ] [MainThread]: adapter version: 1.9.0
[0m14:27:13.978244 [info ] [MainThread]: Configuration:
[0m14:27:13.978333 [info ] [MainThread]:   profiles.yml file [[32mOK found and valid[0m]
[0m14:27:13.978417 [info ] [MainThread]:   dbt_project.yml file [[31mERROR not found[0m]
[0m14:27:13.978501 [info ] [MainThread]: Required dependencies:
[0m14:27:13.978615 [debug] [MainThread]: Executing "git --help"
[0m14:27:13.990698 [debug] [MainThread]: STDOUT: "b"usage: git [-v | --version] [-h | --help] [-C <path>] [-c <name>=<value>]\n           [--exec-path[=<path>]] [--html-path] [--man-path] [--info-path]\n           [-p | --paginate | -P | --no-pager] [--no-replace-objects] [--no-lazy-fetch]\n           [--no-optional-locks] [--no-advice] [--bare] [--git-dir=<path>]\n           [--work-tree=<path>] [--namespace=<name>] [--config-env=<name>=<envvar>]\n           <command> [<args>]\n\nThese are common Git commands used in various situations:\n\nstart a working area (see also: git help tutorial)\n   clone     Clone a repository into a new directory\n   init      Create an empty Git repository or reinitialize an existing one\n\nwork on the current change (see also: git help everyday)\n   add       Add file contents to the index\n   mv        Move or rename a file, a directory, or a symlink\n   restore   Restore working tree files\n   rm        Remove files from the working tree and from the index\n\nexamine the history and state (see also: git help revisions)\n   bisect    Use binary search to find the commit that introduced a bug\n   diff      Show changes between commits, commit and working tree, etc\n   grep      Print lines matching a pattern\n   log       Show commit logs\n   show      Show various types of objects\n   status    Show the working tree status\n\ngrow, mark and tweak your common history\n   branch    List, create, or delete branches\n   commit    Record changes to the repository\n   merge     Join two or more development histories together\n   rebase    Reapply commits on top of another base tip\n   reset     Reset current HEAD to the specified state\n   switch    Switch branches\n   tag       Create, list, delete or verify a tag object signed with GPG\n\ncollaborate (see also: git help workflows)\n   fetch     Download objects and refs from another repository\n   pull      Fetch from and integrate with another repository or a local branch\n   push      Update remote refs along with associated objects\n\n'git help -a' and 'git help -g' list available subcommands and some\nconcept guides. See 'git help <command>' or 'git help <concept>'\nto read about a specific subcommand or concept.\nSee 'git help git' for an overview of the system.\n""
[0m14:27:13.991105 [debug] [MainThread]: STDERR: "b''"
[0m14:27:13.991246 [info ] [MainThread]:  - git [[32mOK found[0m]

[0m14:27:13.991370 [info ] [MainThread]: Connection:
[0m14:27:13.991492 [info ] [MainThread]:   host: localhost
[0m14:27:13.991584 [info ] [MainThread]:   port: 5432
[0m14:27:13.991676 [info ] [MainThread]:   user: dbt_user
[0m14:27:13.991760 [info ] [MainThread]:   database: dbt_db
[0m14:27:13.991847 [info ] [MainThread]:   schema: public
[0m14:27:13.991929 [info ] [MainThread]:   connect_timeout: 10
[0m14:27:13.992016 [info ] [MainThread]:   role: None
[0m14:27:13.992098 [info ] [MainThread]:   search_path: None
[0m14:27:13.992185 [info ] [MainThread]:   keepalives_idle: 0
[0m14:27:13.992268 [info ] [MainThread]:   sslmode: None
[0m14:27:13.992350 [info ] [MainThread]:   sslcert: None
[0m14:27:13.992440 [info ] [MainThread]:   sslkey: None
[0m14:27:13.992521 [info ] [MainThread]:   sslrootcert: None
[0m14:27:13.992604 [info ] [MainThread]:   application_name: dbt
[0m14:27:13.992688 [info ] [MainThread]:   retries: 1
[0m14:27:13.992940 [info ] [MainThread]: Registered adapter: postgres=1.9.0
[0m14:27:14.040640 [debug] [MainThread]: Acquiring new postgres connection 'debug'
[0m14:27:14.068743 [debug] [MainThread]: Using postgres connection "debug"
[0m14:27:14.068900 [debug] [MainThread]: On debug: select 1 as id
[0m14:27:14.069069 [debug] [MainThread]: Opening a new connection, currently in state init
[0m14:27:14.108875 [debug] [MainThread]: SQL status: SELECT 1 in 0.040 seconds
[0m14:27:14.109369 [debug] [MainThread]: On debug: Close
[0m14:27:14.109521 [info ] [MainThread]:   Connection test: [[32mOK connection ok[0m]

[0m14:27:14.109653 [info ] [MainThread]: [31m1 check failed:[0m
[0m14:27:14.109744 [info ] [MainThread]: Project loading failed for the following reason:
 project path </Users/awjohnson/Code/tornado/dbt_project.yml> not found

[0m14:27:14.125814 [debug] [MainThread]: Resource report: {"command_name": "debug", "command_success": false, "command_wall_clock_time": 1.3149103, "process_in_blocks": "0", "process_kernel_time": 0.180279, "process_mem_max_rss": "112918528", "process_out_blocks": "0", "process_user_time": 0.59334}
[0m14:27:14.126033 [debug] [MainThread]: Command `dbt debug` failed at 14:27:14.125986 after 1.32 seconds
[0m14:27:14.126180 [debug] [MainThread]: Connection 'debug' was properly closed.
[0m14:27:14.126320 [debug] [MainThread]: Sending event: {'category': 'dbt', 'action': 'invocation', 'label': 'end', 'context': [<snowplow_tracker.self_describing_json.SelfDescribingJson object at 0x1055af820>, <snowplow_tracker.self_describing_json.SelfDescribingJson object at 0x1055d6d50>, <snowplow_tracker.self_describing_json.SelfDescribingJson object at 0x1053ab130>]}
[0m14:27:14.126484 [debug] [MainThread]: Flushing usage events
[0m14:27:14.454452 [debug] [MainThread]: An error was encountered while trying to flush usage events
[0m14:30:11.550547 [debug] [MainThread]: Sending event: {'category': 'dbt', 'action': 'invocation', 'label': 'start', 'context': [<snowplow_tracker.self_describing_json.SelfDescribingJson object at 0x10312cec0>, <snowplow_tracker.self_describing_json.SelfDescribingJson object at 0x103f779d0>, <snowplow_tracker.self_describing_json.SelfDescribingJson object at 0x103f77c50>]}


============================== 14:30:11.552960 | aecfa899-6f24-4c27-a41d-95441e61f346 ==============================
[0m14:30:11.552960 [info ] [MainThread]: Running with dbt=1.9.3
[0m14:30:11.553205 [debug] [MainThread]: running dbt with arguments {'printer_width': '80', 'indirect_selection': 'eager', 'write_json': 'True', 'log_cache_events': 'False', 'partial_parse': 'True', 'cache_selected_only': 'False', 'profiles_dir': '/Users/awjohnson/.dbt', 'version_check': 'True', 'debug': 'False', 'log_path': 'logs', 'fail_fast': 'False', 'warn_error': 'None', 'use_colors': 'True', 'use_experimental_parser': 'False', 'empty': 'None', 'quiet': 'False', 'no_print': 'None', 'log_format': 'default', 'invocation_command': 'dbt init tornado_dbt_project', 'static_parser': 'True', 'introspect': 'True', 'target_path': 'None', 'warn_error_options': 'WarnErrorOptions(include=[], exclude=[])', 'send_anonymous_usage_stats': 'True'}
[0m14:30:11.559965 [debug] [MainThread]: Starter project path: /Users/awjohnson/Code/tornado/dbt_env/lib/python3.13/site-packages/dbt/include/starter_project
[0m14:30:11.562230 [info ] [MainThread]: 
Your new dbt project "tornado_dbt_project" was created!

For more information on how to configure the profiles.yml file,
please consult the dbt documentation here:

  https://docs.getdbt.com/docs/configure-your-profile

One more thing:

Need help? Don't hesitate to reach out to us via GitHub issues or on Slack:

  https://community.getdbt.com/

Happy modeling!

[0m14:30:11.562354 [info ] [MainThread]: Setting up your profile.
[0m14:31:39.711079 [info ] [MainThread]: Profile tornado_dbt_project written to /Users/awjohnson/.dbt/profiles.yml using target's profile_template.yml and your supplied values. Run 'dbt debug' to validate the connection.
[0m14:31:39.714317 [debug] [MainThread]: Resource report: {"command_name": "init", "command_success": true, "command_wall_clock_time": 88.19119, "process_in_blocks": "0", "process_kernel_time": 0.105562, "process_mem_max_rss": "100548608", "process_out_blocks": "0", "process_user_time": 0.4715}
[0m14:31:39.714944 [debug] [MainThread]: Command `dbt init` succeeded at 14:31:39.714799 after 88.19 seconds
[0m14:31:39.715388 [debug] [MainThread]: Sending event: {'category': 'dbt', 'action': 'invocation', 'label': 'end', 'context': [<snowplow_tracker.self_describing_json.SelfDescribingJson object at 0x1043a8fc0>, <snowplow_tracker.self_describing_json.SelfDescribingJson object at 0x103d73d10>, <snowplow_tracker.self_describing_json.SelfDescribingJson object at 0x104012690>]}
[0m14:31:39.715819 [debug] [MainThread]: Flushing usage events
[0m14:31:40.041632 [debug] [MainThread]: An error was encountered while trying to flush usage events
