[2025-03-18T20:02:46.405+0000] {processor.py:186} INFO - Started process (PID=78) to work on /home/airflow/.local/lib/python3.12/site-packages/airflow/example_dags/example_display_name.py
[2025-03-18T20:02:46.405+0000] {processor.py:914} INFO - Processing file /home/airflow/.local/lib/python3.12/site-packages/airflow/example_dags/example_display_name.py for tasks to queue
[2025-03-18T20:02:46.406+0000] {logging_mixin.py:190} INFO - [2025-03-18T20:02:46.406+0000] {dagbag.py:588} INFO - Filling up the DagBag from /home/airflow/.local/lib/python3.12/site-packages/airflow/example_dags/example_display_name.py
[2025-03-18T20:02:46.410+0000] {processor.py:925} INFO - DAG(s) 'example_display_name' retrieved from /home/airflow/.local/lib/python3.12/site-packages/airflow/example_dags/example_display_name.py
[2025-03-18T20:02:46.452+0000] {logging_mixin.py:190} INFO - [2025-03-18T20:02:46.452+0000] {override.py:1912} INFO - Created Permission View: can read on DAG:example_display_name
[2025-03-18T20:02:46.457+0000] {logging_mixin.py:190} INFO - [2025-03-18T20:02:46.457+0000] {override.py:1912} INFO - Created Permission View: can delete on DAG:example_display_name
[2025-03-18T20:02:46.460+0000] {logging_mixin.py:190} INFO - [2025-03-18T20:02:46.460+0000] {override.py:1912} INFO - Created Permission View: can edit on DAG:example_display_name
[2025-03-18T20:02:46.466+0000] {logging_mixin.py:190} INFO - [2025-03-18T20:02:46.466+0000] {override.py:1912} INFO - Created Permission View: menu access on DAG Run:example_display_name
[2025-03-18T20:02:46.470+0000] {logging_mixin.py:190} INFO - [2025-03-18T20:02:46.469+0000] {override.py:1912} INFO - Created Permission View: can create on DAG Run:example_display_name
[2025-03-18T20:02:46.472+0000] {logging_mixin.py:190} INFO - [2025-03-18T20:02:46.472+0000] {override.py:1912} INFO - Created Permission View: can read on DAG Run:example_display_name
[2025-03-18T20:02:46.474+0000] {logging_mixin.py:190} INFO - [2025-03-18T20:02:46.474+0000] {override.py:1912} INFO - Created Permission View: can delete on DAG Run:example_display_name
[2025-03-18T20:02:46.474+0000] {logging_mixin.py:190} INFO - [2025-03-18T20:02:46.474+0000] {dag.py:3239} INFO - Sync 1 DAGs
[2025-03-18T20:02:46.479+0000] {logging_mixin.py:190} INFO - [2025-03-18T20:02:46.479+0000] {dag.py:3262} INFO - Creating ORM DAG for example_display_name
[2025-03-18T20:02:46.480+0000] {logging_mixin.py:190} INFO - [2025-03-18T20:02:46.480+0000] {dag.py:4180} INFO - Setting next_dagrun for example_display_name to None, run_after=None
[2025-03-18T20:02:46.486+0000] {processor.py:208} INFO - Processing /home/airflow/.local/lib/python3.12/site-packages/airflow/example_dags/example_display_name.py took 0.083 seconds
[2025-03-18T20:03:17.166+0000] {processor.py:186} INFO - Started process (PID=140) to work on /home/airflow/.local/lib/python3.12/site-packages/airflow/example_dags/example_display_name.py
[2025-03-18T20:03:17.166+0000] {processor.py:914} INFO - Processing file /home/airflow/.local/lib/python3.12/site-packages/airflow/example_dags/example_display_name.py for tasks to queue
[2025-03-18T20:03:17.167+0000] {logging_mixin.py:190} INFO - [2025-03-18T20:03:17.167+0000] {dagbag.py:588} INFO - Filling up the DagBag from /home/airflow/.local/lib/python3.12/site-packages/airflow/example_dags/example_display_name.py
[2025-03-18T20:03:17.170+0000] {processor.py:925} INFO - DAG(s) 'example_display_name' retrieved from /home/airflow/.local/lib/python3.12/site-packages/airflow/example_dags/example_display_name.py
[2025-03-18T20:03:17.178+0000] {logging_mixin.py:190} INFO - [2025-03-18T20:03:17.178+0000] {dag.py:3239} INFO - Sync 1 DAGs
[2025-03-18T20:03:17.183+0000] {logging_mixin.py:190} INFO - [2025-03-18T20:03:17.183+0000] {dag.py:4180} INFO - Setting next_dagrun for example_display_name to None, run_after=None
[2025-03-18T20:03:17.188+0000] {processor.py:208} INFO - Processing /home/airflow/.local/lib/python3.12/site-packages/airflow/example_dags/example_display_name.py took 0.025 seconds
[2025-03-18T20:03:47.491+0000] {processor.py:186} INFO - Started process (PID=203) to work on /home/airflow/.local/lib/python3.12/site-packages/airflow/example_dags/example_display_name.py
[2025-03-18T20:03:47.491+0000] {processor.py:914} INFO - Processing file /home/airflow/.local/lib/python3.12/site-packages/airflow/example_dags/example_display_name.py for tasks to queue
[2025-03-18T20:03:47.492+0000] {logging_mixin.py:190} INFO - [2025-03-18T20:03:47.492+0000] {dagbag.py:588} INFO - Filling up the DagBag from /home/airflow/.local/lib/python3.12/site-packages/airflow/example_dags/example_display_name.py
[2025-03-18T20:03:47.495+0000] {processor.py:925} INFO - DAG(s) 'example_display_name' retrieved from /home/airflow/.local/lib/python3.12/site-packages/airflow/example_dags/example_display_name.py
[2025-03-18T20:03:47.501+0000] {logging_mixin.py:190} INFO - [2025-03-18T20:03:47.501+0000] {dag.py:3239} INFO - Sync 1 DAGs
[2025-03-18T20:03:47.506+0000] {logging_mixin.py:190} INFO - [2025-03-18T20:03:47.506+0000] {dag.py:4180} INFO - Setting next_dagrun for example_display_name to None, run_after=None
[2025-03-18T20:03:47.512+0000] {processor.py:208} INFO - Processing /home/airflow/.local/lib/python3.12/site-packages/airflow/example_dags/example_display_name.py took 0.023 seconds
[2025-03-18T20:04:18.473+0000] {processor.py:186} INFO - Started process (PID=266) to work on /home/airflow/.local/lib/python3.12/site-packages/airflow/example_dags/example_display_name.py
[2025-03-18T20:04:18.473+0000] {processor.py:914} INFO - Processing file /home/airflow/.local/lib/python3.12/site-packages/airflow/example_dags/example_display_name.py for tasks to queue
[2025-03-18T20:04:18.474+0000] {logging_mixin.py:190} INFO - [2025-03-18T20:04:18.474+0000] {dagbag.py:588} INFO - Filling up the DagBag from /home/airflow/.local/lib/python3.12/site-packages/airflow/example_dags/example_display_name.py
[2025-03-18T20:04:18.477+0000] {processor.py:925} INFO - DAG(s) 'example_display_name' retrieved from /home/airflow/.local/lib/python3.12/site-packages/airflow/example_dags/example_display_name.py
[2025-03-18T20:04:18.483+0000] {logging_mixin.py:190} INFO - [2025-03-18T20:04:18.483+0000] {dag.py:3239} INFO - Sync 1 DAGs
[2025-03-18T20:04:18.488+0000] {logging_mixin.py:190} INFO - [2025-03-18T20:04:18.488+0000] {dag.py:4180} INFO - Setting next_dagrun for example_display_name to None, run_after=None
[2025-03-18T20:04:18.494+0000] {processor.py:208} INFO - Processing /home/airflow/.local/lib/python3.12/site-packages/airflow/example_dags/example_display_name.py took 0.023 seconds
[2025-03-18T20:04:49.583+0000] {processor.py:186} INFO - Started process (PID=329) to work on /home/airflow/.local/lib/python3.12/site-packages/airflow/example_dags/example_display_name.py
[2025-03-18T20:04:49.584+0000] {processor.py:914} INFO - Processing file /home/airflow/.local/lib/python3.12/site-packages/airflow/example_dags/example_display_name.py for tasks to queue
[2025-03-18T20:04:49.584+0000] {logging_mixin.py:190} INFO - [2025-03-18T20:04:49.584+0000] {dagbag.py:588} INFO - Filling up the DagBag from /home/airflow/.local/lib/python3.12/site-packages/airflow/example_dags/example_display_name.py
[2025-03-18T20:04:49.588+0000] {processor.py:925} INFO - DAG(s) 'example_display_name' retrieved from /home/airflow/.local/lib/python3.12/site-packages/airflow/example_dags/example_display_name.py
[2025-03-18T20:04:49.597+0000] {logging_mixin.py:190} INFO - [2025-03-18T20:04:49.597+0000] {dag.py:3239} INFO - Sync 1 DAGs
[2025-03-18T20:04:49.602+0000] {logging_mixin.py:190} INFO - [2025-03-18T20:04:49.602+0000] {dag.py:4180} INFO - Setting next_dagrun for example_display_name to None, run_after=None
[2025-03-18T20:04:49.608+0000] {processor.py:208} INFO - Processing /home/airflow/.local/lib/python3.12/site-packages/airflow/example_dags/example_display_name.py took 0.028 seconds
[2025-03-18T20:05:20.624+0000] {processor.py:186} INFO - Started process (PID=392) to work on /home/airflow/.local/lib/python3.12/site-packages/airflow/example_dags/example_display_name.py
[2025-03-18T20:05:20.625+0000] {processor.py:914} INFO - Processing file /home/airflow/.local/lib/python3.12/site-packages/airflow/example_dags/example_display_name.py for tasks to queue
[2025-03-18T20:05:20.626+0000] {logging_mixin.py:190} INFO - [2025-03-18T20:05:20.626+0000] {dagbag.py:588} INFO - Filling up the DagBag from /home/airflow/.local/lib/python3.12/site-packages/airflow/example_dags/example_display_name.py
[2025-03-18T20:05:20.630+0000] {processor.py:925} INFO - DAG(s) 'example_display_name' retrieved from /home/airflow/.local/lib/python3.12/site-packages/airflow/example_dags/example_display_name.py
[2025-03-18T20:05:20.651+0000] {logging_mixin.py:190} INFO - [2025-03-18T20:05:20.651+0000] {dag.py:3239} INFO - Sync 1 DAGs
[2025-03-18T20:05:20.659+0000] {logging_mixin.py:190} INFO - [2025-03-18T20:05:20.659+0000] {dag.py:4180} INFO - Setting next_dagrun for example_display_name to None, run_after=None
[2025-03-18T20:05:20.665+0000] {processor.py:208} INFO - Processing /home/airflow/.local/lib/python3.12/site-packages/airflow/example_dags/example_display_name.py took 0.044 seconds
[2025-03-18T20:05:51.707+0000] {processor.py:186} INFO - Started process (PID=455) to work on /home/airflow/.local/lib/python3.12/site-packages/airflow/example_dags/example_display_name.py
[2025-03-18T20:05:51.708+0000] {processor.py:914} INFO - Processing file /home/airflow/.local/lib/python3.12/site-packages/airflow/example_dags/example_display_name.py for tasks to queue
[2025-03-18T20:05:51.709+0000] {logging_mixin.py:190} INFO - [2025-03-18T20:05:51.709+0000] {dagbag.py:588} INFO - Filling up the DagBag from /home/airflow/.local/lib/python3.12/site-packages/airflow/example_dags/example_display_name.py
[2025-03-18T20:05:51.712+0000] {processor.py:925} INFO - DAG(s) 'example_display_name' retrieved from /home/airflow/.local/lib/python3.12/site-packages/airflow/example_dags/example_display_name.py
[2025-03-18T20:05:51.720+0000] {logging_mixin.py:190} INFO - [2025-03-18T20:05:51.719+0000] {dag.py:3239} INFO - Sync 1 DAGs
[2025-03-18T20:05:51.725+0000] {logging_mixin.py:190} INFO - [2025-03-18T20:05:51.725+0000] {dag.py:4180} INFO - Setting next_dagrun for example_display_name to None, run_after=None
[2025-03-18T20:05:51.731+0000] {processor.py:208} INFO - Processing /home/airflow/.local/lib/python3.12/site-packages/airflow/example_dags/example_display_name.py took 0.026 seconds
