[2025-03-18T20:02:46.262+0000] {processor.py:186} INFO - Started process (PID=75) to work on /home/airflow/.local/lib/python3.12/site-packages/airflow/example_dags/example_workday_timetable.py
[2025-03-18T20:02:46.263+0000] {processor.py:914} INFO - Processing file /home/airflow/.local/lib/python3.12/site-packages/airflow/example_dags/example_workday_timetable.py for tasks to queue
[2025-03-18T20:02:46.264+0000] {logging_mixin.py:190} INFO - [2025-03-18T20:02:46.264+0000] {dagbag.py:588} INFO - Filling up the DagBag from /home/airflow/.local/lib/python3.12/site-packages/airflow/example_dags/example_workday_timetable.py
[2025-03-18T20:02:46.267+0000] {processor.py:925} INFO - DAG(s) 'example_workday_timetable' retrieved from /home/airflow/.local/lib/python3.12/site-packages/airflow/example_dags/example_workday_timetable.py
[2025-03-18T20:02:46.311+0000] {logging_mixin.py:190} INFO - [2025-03-18T20:02:46.310+0000] {override.py:1912} INFO - Created Permission View: can read on DAG:example_workday_timetable
[2025-03-18T20:02:46.316+0000] {logging_mixin.py:190} INFO - [2025-03-18T20:02:46.316+0000] {override.py:1912} INFO - Created Permission View: can delete on DAG:example_workday_timetable
[2025-03-18T20:02:46.319+0000] {logging_mixin.py:190} INFO - [2025-03-18T20:02:46.319+0000] {override.py:1912} INFO - Created Permission View: can edit on DAG:example_workday_timetable
[2025-03-18T20:02:46.322+0000] {logging_mixin.py:190} INFO - [2025-03-18T20:02:46.322+0000] {override.py:1912} INFO - Created Permission View: menu access on DAG Run:example_workday_timetable
[2025-03-18T20:02:46.324+0000] {logging_mixin.py:190} INFO - [2025-03-18T20:02:46.324+0000] {override.py:1912} INFO - Created Permission View: can create on DAG Run:example_workday_timetable
[2025-03-18T20:02:46.327+0000] {logging_mixin.py:190} INFO - [2025-03-18T20:02:46.327+0000] {override.py:1912} INFO - Created Permission View: can read on DAG Run:example_workday_timetable
[2025-03-18T20:02:46.329+0000] {logging_mixin.py:190} INFO - [2025-03-18T20:02:46.329+0000] {override.py:1912} INFO - Created Permission View: can delete on DAG Run:example_workday_timetable
[2025-03-18T20:02:46.329+0000] {logging_mixin.py:190} INFO - [2025-03-18T20:02:46.329+0000] {dag.py:3239} INFO - Sync 1 DAGs
[2025-03-18T20:02:46.334+0000] {logging_mixin.py:190} INFO - [2025-03-18T20:02:46.334+0000] {dag.py:3262} INFO - Creating ORM DAG for example_workday_timetable
[2025-03-18T20:02:46.354+0000] {logging_mixin.py:190} INFO - [2025-03-18T20:02:46.354+0000] {dag.py:4180} INFO - Setting next_dagrun for example_workday_timetable to 2021-01-04 00:00:00+00:00, run_after=2021-01-05 00:00:00+00:00
[2025-03-18T20:02:46.361+0000] {processor.py:208} INFO - Processing /home/airflow/.local/lib/python3.12/site-packages/airflow/example_dags/example_workday_timetable.py took 0.102 seconds
[2025-03-18T20:03:17.108+0000] {processor.py:186} INFO - Started process (PID=137) to work on /home/airflow/.local/lib/python3.12/site-packages/airflow/example_dags/example_workday_timetable.py
[2025-03-18T20:03:17.108+0000] {processor.py:914} INFO - Processing file /home/airflow/.local/lib/python3.12/site-packages/airflow/example_dags/example_workday_timetable.py for tasks to queue
[2025-03-18T20:03:17.109+0000] {logging_mixin.py:190} INFO - [2025-03-18T20:03:17.109+0000] {dagbag.py:588} INFO - Filling up the DagBag from /home/airflow/.local/lib/python3.12/site-packages/airflow/example_dags/example_workday_timetable.py
[2025-03-18T20:03:17.113+0000] {processor.py:925} INFO - DAG(s) 'example_workday_timetable' retrieved from /home/airflow/.local/lib/python3.12/site-packages/airflow/example_dags/example_workday_timetable.py
[2025-03-18T20:03:17.121+0000] {logging_mixin.py:190} INFO - [2025-03-18T20:03:17.121+0000] {dag.py:3239} INFO - Sync 1 DAGs
[2025-03-18T20:03:17.141+0000] {logging_mixin.py:190} INFO - [2025-03-18T20:03:17.141+0000] {dag.py:4180} INFO - Setting next_dagrun for example_workday_timetable to 2021-01-04 00:00:00+00:00, run_after=2021-01-05 00:00:00+00:00
[2025-03-18T20:03:17.148+0000] {processor.py:208} INFO - Processing /home/airflow/.local/lib/python3.12/site-packages/airflow/example_dags/example_workday_timetable.py took 0.042 seconds
[2025-03-18T20:03:47.438+0000] {processor.py:186} INFO - Started process (PID=200) to work on /home/airflow/.local/lib/python3.12/site-packages/airflow/example_dags/example_workday_timetable.py
[2025-03-18T20:03:47.439+0000] {processor.py:914} INFO - Processing file /home/airflow/.local/lib/python3.12/site-packages/airflow/example_dags/example_workday_timetable.py for tasks to queue
[2025-03-18T20:03:47.440+0000] {logging_mixin.py:190} INFO - [2025-03-18T20:03:47.440+0000] {dagbag.py:588} INFO - Filling up the DagBag from /home/airflow/.local/lib/python3.12/site-packages/airflow/example_dags/example_workday_timetable.py
[2025-03-18T20:03:47.442+0000] {processor.py:925} INFO - DAG(s) 'example_workday_timetable' retrieved from /home/airflow/.local/lib/python3.12/site-packages/airflow/example_dags/example_workday_timetable.py
[2025-03-18T20:03:47.452+0000] {logging_mixin.py:190} INFO - [2025-03-18T20:03:47.451+0000] {dag.py:3239} INFO - Sync 1 DAGs
[2025-03-18T20:03:47.472+0000] {logging_mixin.py:190} INFO - [2025-03-18T20:03:47.472+0000] {dag.py:4180} INFO - Setting next_dagrun for example_workday_timetable to 2021-01-04 00:00:00+00:00, run_after=2021-01-05 00:00:00+00:00
[2025-03-18T20:03:47.481+0000] {processor.py:208} INFO - Processing /home/airflow/.local/lib/python3.12/site-packages/airflow/example_dags/example_workday_timetable.py took 0.045 seconds
[2025-03-18T20:04:18.417+0000] {processor.py:186} INFO - Started process (PID=263) to work on /home/airflow/.local/lib/python3.12/site-packages/airflow/example_dags/example_workday_timetable.py
[2025-03-18T20:04:18.418+0000] {processor.py:914} INFO - Processing file /home/airflow/.local/lib/python3.12/site-packages/airflow/example_dags/example_workday_timetable.py for tasks to queue
[2025-03-18T20:04:18.420+0000] {logging_mixin.py:190} INFO - [2025-03-18T20:04:18.420+0000] {dagbag.py:588} INFO - Filling up the DagBag from /home/airflow/.local/lib/python3.12/site-packages/airflow/example_dags/example_workday_timetable.py
[2025-03-18T20:04:18.424+0000] {processor.py:925} INFO - DAG(s) 'example_workday_timetable' retrieved from /home/airflow/.local/lib/python3.12/site-packages/airflow/example_dags/example_workday_timetable.py
[2025-03-18T20:04:18.431+0000] {logging_mixin.py:190} INFO - [2025-03-18T20:04:18.430+0000] {dag.py:3239} INFO - Sync 1 DAGs
[2025-03-18T20:04:18.452+0000] {logging_mixin.py:190} INFO - [2025-03-18T20:04:18.452+0000] {dag.py:4180} INFO - Setting next_dagrun for example_workday_timetable to 2021-01-04 00:00:00+00:00, run_after=2021-01-05 00:00:00+00:00
[2025-03-18T20:04:18.458+0000] {processor.py:208} INFO - Processing /home/airflow/.local/lib/python3.12/site-packages/airflow/example_dags/example_workday_timetable.py took 0.043 seconds
[2025-03-18T20:04:49.504+0000] {processor.py:186} INFO - Started process (PID=326) to work on /home/airflow/.local/lib/python3.12/site-packages/airflow/example_dags/example_workday_timetable.py
[2025-03-18T20:04:49.504+0000] {processor.py:914} INFO - Processing file /home/airflow/.local/lib/python3.12/site-packages/airflow/example_dags/example_workday_timetable.py for tasks to queue
[2025-03-18T20:04:49.505+0000] {logging_mixin.py:190} INFO - [2025-03-18T20:04:49.505+0000] {dagbag.py:588} INFO - Filling up the DagBag from /home/airflow/.local/lib/python3.12/site-packages/airflow/example_dags/example_workday_timetable.py
[2025-03-18T20:04:49.508+0000] {processor.py:925} INFO - DAG(s) 'example_workday_timetable' retrieved from /home/airflow/.local/lib/python3.12/site-packages/airflow/example_dags/example_workday_timetable.py
[2025-03-18T20:04:49.515+0000] {logging_mixin.py:190} INFO - [2025-03-18T20:04:49.515+0000] {dag.py:3239} INFO - Sync 1 DAGs
[2025-03-18T20:04:49.534+0000] {logging_mixin.py:190} INFO - [2025-03-18T20:04:49.534+0000] {dag.py:4180} INFO - Setting next_dagrun for example_workday_timetable to 2021-01-04 00:00:00+00:00, run_after=2021-01-05 00:00:00+00:00
[2025-03-18T20:04:49.540+0000] {processor.py:208} INFO - Processing /home/airflow/.local/lib/python3.12/site-packages/airflow/example_dags/example_workday_timetable.py took 0.038 seconds
[2025-03-18T20:05:20.548+0000] {processor.py:186} INFO - Started process (PID=389) to work on /home/airflow/.local/lib/python3.12/site-packages/airflow/example_dags/example_workday_timetable.py
[2025-03-18T20:05:20.548+0000] {processor.py:914} INFO - Processing file /home/airflow/.local/lib/python3.12/site-packages/airflow/example_dags/example_workday_timetable.py for tasks to queue
[2025-03-18T20:05:20.549+0000] {logging_mixin.py:190} INFO - [2025-03-18T20:05:20.549+0000] {dagbag.py:588} INFO - Filling up the DagBag from /home/airflow/.local/lib/python3.12/site-packages/airflow/example_dags/example_workday_timetable.py
[2025-03-18T20:05:20.551+0000] {processor.py:925} INFO - DAG(s) 'example_workday_timetable' retrieved from /home/airflow/.local/lib/python3.12/site-packages/airflow/example_dags/example_workday_timetable.py
[2025-03-18T20:05:20.558+0000] {logging_mixin.py:190} INFO - [2025-03-18T20:05:20.558+0000] {dag.py:3239} INFO - Sync 1 DAGs
[2025-03-18T20:05:20.578+0000] {logging_mixin.py:190} INFO - [2025-03-18T20:05:20.577+0000] {dag.py:4180} INFO - Setting next_dagrun for example_workday_timetable to 2021-01-04 00:00:00+00:00, run_after=2021-01-05 00:00:00+00:00
[2025-03-18T20:05:20.583+0000] {processor.py:208} INFO - Processing /home/airflow/.local/lib/python3.12/site-packages/airflow/example_dags/example_workday_timetable.py took 0.038 seconds
[2025-03-18T20:05:51.586+0000] {processor.py:186} INFO - Started process (PID=452) to work on /home/airflow/.local/lib/python3.12/site-packages/airflow/example_dags/example_workday_timetable.py
[2025-03-18T20:05:51.586+0000] {processor.py:914} INFO - Processing file /home/airflow/.local/lib/python3.12/site-packages/airflow/example_dags/example_workday_timetable.py for tasks to queue
[2025-03-18T20:05:51.587+0000] {logging_mixin.py:190} INFO - [2025-03-18T20:05:51.587+0000] {dagbag.py:588} INFO - Filling up the DagBag from /home/airflow/.local/lib/python3.12/site-packages/airflow/example_dags/example_workday_timetable.py
[2025-03-18T20:05:51.590+0000] {processor.py:925} INFO - DAG(s) 'example_workday_timetable' retrieved from /home/airflow/.local/lib/python3.12/site-packages/airflow/example_dags/example_workday_timetable.py
[2025-03-18T20:05:51.598+0000] {logging_mixin.py:190} INFO - [2025-03-18T20:05:51.598+0000] {dag.py:3239} INFO - Sync 1 DAGs
[2025-03-18T20:05:51.617+0000] {logging_mixin.py:190} INFO - [2025-03-18T20:05:51.617+0000] {dag.py:4180} INFO - Setting next_dagrun for example_workday_timetable to 2021-01-04 00:00:00+00:00, run_after=2021-01-05 00:00:00+00:00
[2025-03-18T20:05:51.624+0000] {processor.py:208} INFO - Processing /home/airflow/.local/lib/python3.12/site-packages/airflow/example_dags/example_workday_timetable.py took 0.040 seconds
