[2025-03-18T20:02:44.371+0000] {processor.py:186} INFO - Started process (PID=54) to work on /home/airflow/.local/lib/python3.12/site-packages/airflow/example_dags/example_task_group.py
[2025-03-18T20:02:44.372+0000] {processor.py:914} INFO - Processing file /home/airflow/.local/lib/python3.12/site-packages/airflow/example_dags/example_task_group.py for tasks to queue
[2025-03-18T20:02:44.372+0000] {logging_mixin.py:190} INFO - [2025-03-18T20:02:44.372+0000] {dagbag.py:588} INFO - Filling up the DagBag from /home/airflow/.local/lib/python3.12/site-packages/airflow/example_dags/example_task_group.py
[2025-03-18T20:02:44.376+0000] {processor.py:925} INFO - DAG(s) 'example_task_group' retrieved from /home/airflow/.local/lib/python3.12/site-packages/airflow/example_dags/example_task_group.py
[2025-03-18T20:02:44.418+0000] {logging_mixin.py:190} INFO - [2025-03-18T20:02:44.417+0000] {override.py:1912} INFO - Created Permission View: can read on DAG:example_task_group
[2025-03-18T20:02:44.420+0000] {logging_mixin.py:190} INFO - [2025-03-18T20:02:44.420+0000] {override.py:1912} INFO - Created Permission View: can delete on DAG:example_task_group
[2025-03-18T20:02:44.422+0000] {logging_mixin.py:190} INFO - [2025-03-18T20:02:44.422+0000] {override.py:1912} INFO - Created Permission View: can edit on DAG:example_task_group
[2025-03-18T20:02:44.424+0000] {logging_mixin.py:190} INFO - [2025-03-18T20:02:44.423+0000] {override.py:1912} INFO - Created Permission View: menu access on DAG Run:example_task_group
[2025-03-18T20:02:44.425+0000] {logging_mixin.py:190} INFO - [2025-03-18T20:02:44.425+0000] {override.py:1912} INFO - Created Permission View: can create on DAG Run:example_task_group
[2025-03-18T20:02:44.426+0000] {logging_mixin.py:190} INFO - [2025-03-18T20:02:44.426+0000] {override.py:1912} INFO - Created Permission View: can read on DAG Run:example_task_group
[2025-03-18T20:02:44.428+0000] {logging_mixin.py:190} INFO - [2025-03-18T20:02:44.428+0000] {override.py:1912} INFO - Created Permission View: can delete on DAG Run:example_task_group
[2025-03-18T20:02:44.428+0000] {logging_mixin.py:190} INFO - [2025-03-18T20:02:44.428+0000] {dag.py:3239} INFO - Sync 1 DAGs
[2025-03-18T20:02:44.433+0000] {logging_mixin.py:190} INFO - [2025-03-18T20:02:44.433+0000] {dag.py:3262} INFO - Creating ORM DAG for example_task_group
[2025-03-18T20:02:44.434+0000] {logging_mixin.py:190} INFO - [2025-03-18T20:02:44.434+0000] {dag.py:4180} INFO - Setting next_dagrun for example_task_group to None, run_after=None
[2025-03-18T20:02:44.439+0000] {processor.py:208} INFO - Processing /home/airflow/.local/lib/python3.12/site-packages/airflow/example_dags/example_task_group.py took 0.070 seconds
[2025-03-18T20:03:15.108+0000] {processor.py:186} INFO - Started process (PID=115) to work on /home/airflow/.local/lib/python3.12/site-packages/airflow/example_dags/example_task_group.py
[2025-03-18T20:03:15.108+0000] {processor.py:914} INFO - Processing file /home/airflow/.local/lib/python3.12/site-packages/airflow/example_dags/example_task_group.py for tasks to queue
[2025-03-18T20:03:15.109+0000] {logging_mixin.py:190} INFO - [2025-03-18T20:03:15.109+0000] {dagbag.py:588} INFO - Filling up the DagBag from /home/airflow/.local/lib/python3.12/site-packages/airflow/example_dags/example_task_group.py
[2025-03-18T20:03:15.112+0000] {processor.py:925} INFO - DAG(s) 'example_task_group' retrieved from /home/airflow/.local/lib/python3.12/site-packages/airflow/example_dags/example_task_group.py
[2025-03-18T20:03:15.119+0000] {logging_mixin.py:190} INFO - [2025-03-18T20:03:15.119+0000] {dag.py:3239} INFO - Sync 1 DAGs
[2025-03-18T20:03:15.123+0000] {logging_mixin.py:190} INFO - [2025-03-18T20:03:15.123+0000] {dag.py:4180} INFO - Setting next_dagrun for example_task_group to None, run_after=None
[2025-03-18T20:03:15.128+0000] {processor.py:208} INFO - Processing /home/airflow/.local/lib/python3.12/site-packages/airflow/example_dags/example_task_group.py took 0.023 seconds
[2025-03-18T20:03:45.401+0000] {processor.py:186} INFO - Started process (PID=178) to work on /home/airflow/.local/lib/python3.12/site-packages/airflow/example_dags/example_task_group.py
[2025-03-18T20:03:45.401+0000] {processor.py:914} INFO - Processing file /home/airflow/.local/lib/python3.12/site-packages/airflow/example_dags/example_task_group.py for tasks to queue
[2025-03-18T20:03:45.402+0000] {logging_mixin.py:190} INFO - [2025-03-18T20:03:45.402+0000] {dagbag.py:588} INFO - Filling up the DagBag from /home/airflow/.local/lib/python3.12/site-packages/airflow/example_dags/example_task_group.py
[2025-03-18T20:03:45.405+0000] {processor.py:925} INFO - DAG(s) 'example_task_group' retrieved from /home/airflow/.local/lib/python3.12/site-packages/airflow/example_dags/example_task_group.py
[2025-03-18T20:03:45.413+0000] {logging_mixin.py:190} INFO - [2025-03-18T20:03:45.413+0000] {dag.py:3239} INFO - Sync 1 DAGs
[2025-03-18T20:03:45.418+0000] {logging_mixin.py:190} INFO - [2025-03-18T20:03:45.418+0000] {dag.py:4180} INFO - Setting next_dagrun for example_task_group to None, run_after=None
[2025-03-18T20:03:45.424+0000] {processor.py:208} INFO - Processing /home/airflow/.local/lib/python3.12/site-packages/airflow/example_dags/example_task_group.py took 0.025 seconds
[2025-03-18T20:04:15.484+0000] {processor.py:186} INFO - Started process (PID=241) to work on /home/airflow/.local/lib/python3.12/site-packages/airflow/example_dags/example_task_group.py
[2025-03-18T20:04:15.485+0000] {processor.py:914} INFO - Processing file /home/airflow/.local/lib/python3.12/site-packages/airflow/example_dags/example_task_group.py for tasks to queue
[2025-03-18T20:04:15.485+0000] {logging_mixin.py:190} INFO - [2025-03-18T20:04:15.485+0000] {dagbag.py:588} INFO - Filling up the DagBag from /home/airflow/.local/lib/python3.12/site-packages/airflow/example_dags/example_task_group.py
[2025-03-18T20:04:15.489+0000] {processor.py:925} INFO - DAG(s) 'example_task_group' retrieved from /home/airflow/.local/lib/python3.12/site-packages/airflow/example_dags/example_task_group.py
[2025-03-18T20:04:15.496+0000] {logging_mixin.py:190} INFO - [2025-03-18T20:04:15.496+0000] {dag.py:3239} INFO - Sync 1 DAGs
[2025-03-18T20:04:15.501+0000] {logging_mixin.py:190} INFO - [2025-03-18T20:04:15.501+0000] {dag.py:4180} INFO - Setting next_dagrun for example_task_group to None, run_after=None
[2025-03-18T20:04:15.507+0000] {processor.py:208} INFO - Processing /home/airflow/.local/lib/python3.12/site-packages/airflow/example_dags/example_task_group.py took 0.025 seconds
[2025-03-18T20:04:46.515+0000] {processor.py:186} INFO - Started process (PID=304) to work on /home/airflow/.local/lib/python3.12/site-packages/airflow/example_dags/example_task_group.py
[2025-03-18T20:04:46.516+0000] {processor.py:914} INFO - Processing file /home/airflow/.local/lib/python3.12/site-packages/airflow/example_dags/example_task_group.py for tasks to queue
[2025-03-18T20:04:46.517+0000] {logging_mixin.py:190} INFO - [2025-03-18T20:04:46.516+0000] {dagbag.py:588} INFO - Filling up the DagBag from /home/airflow/.local/lib/python3.12/site-packages/airflow/example_dags/example_task_group.py
[2025-03-18T20:04:46.520+0000] {processor.py:925} INFO - DAG(s) 'example_task_group' retrieved from /home/airflow/.local/lib/python3.12/site-packages/airflow/example_dags/example_task_group.py
[2025-03-18T20:04:46.528+0000] {logging_mixin.py:190} INFO - [2025-03-18T20:04:46.528+0000] {dag.py:3239} INFO - Sync 1 DAGs
[2025-03-18T20:04:46.533+0000] {logging_mixin.py:190} INFO - [2025-03-18T20:04:46.533+0000] {dag.py:4180} INFO - Setting next_dagrun for example_task_group to None, run_after=None
[2025-03-18T20:04:46.538+0000] {processor.py:208} INFO - Processing /home/airflow/.local/lib/python3.12/site-packages/airflow/example_dags/example_task_group.py took 0.025 seconds
[2025-03-18T20:05:17.535+0000] {processor.py:186} INFO - Started process (PID=367) to work on /home/airflow/.local/lib/python3.12/site-packages/airflow/example_dags/example_task_group.py
[2025-03-18T20:05:17.535+0000] {processor.py:914} INFO - Processing file /home/airflow/.local/lib/python3.12/site-packages/airflow/example_dags/example_task_group.py for tasks to queue
[2025-03-18T20:05:17.536+0000] {logging_mixin.py:190} INFO - [2025-03-18T20:05:17.536+0000] {dagbag.py:588} INFO - Filling up the DagBag from /home/airflow/.local/lib/python3.12/site-packages/airflow/example_dags/example_task_group.py
[2025-03-18T20:05:17.539+0000] {processor.py:925} INFO - DAG(s) 'example_task_group' retrieved from /home/airflow/.local/lib/python3.12/site-packages/airflow/example_dags/example_task_group.py
[2025-03-18T20:05:17.547+0000] {logging_mixin.py:190} INFO - [2025-03-18T20:05:17.547+0000] {dag.py:3239} INFO - Sync 1 DAGs
[2025-03-18T20:05:17.552+0000] {logging_mixin.py:190} INFO - [2025-03-18T20:05:17.552+0000] {dag.py:4180} INFO - Setting next_dagrun for example_task_group to None, run_after=None
[2025-03-18T20:05:17.558+0000] {processor.py:208} INFO - Processing /home/airflow/.local/lib/python3.12/site-packages/airflow/example_dags/example_task_group.py took 0.025 seconds
[2025-03-18T20:05:47.666+0000] {processor.py:186} INFO - Started process (PID=430) to work on /home/airflow/.local/lib/python3.12/site-packages/airflow/example_dags/example_task_group.py
[2025-03-18T20:05:47.667+0000] {processor.py:914} INFO - Processing file /home/airflow/.local/lib/python3.12/site-packages/airflow/example_dags/example_task_group.py for tasks to queue
[2025-03-18T20:05:47.668+0000] {logging_mixin.py:190} INFO - [2025-03-18T20:05:47.667+0000] {dagbag.py:588} INFO - Filling up the DagBag from /home/airflow/.local/lib/python3.12/site-packages/airflow/example_dags/example_task_group.py
[2025-03-18T20:05:47.671+0000] {processor.py:925} INFO - DAG(s) 'example_task_group' retrieved from /home/airflow/.local/lib/python3.12/site-packages/airflow/example_dags/example_task_group.py
[2025-03-18T20:05:47.679+0000] {logging_mixin.py:190} INFO - [2025-03-18T20:05:47.679+0000] {dag.py:3239} INFO - Sync 1 DAGs
[2025-03-18T20:05:47.684+0000] {logging_mixin.py:190} INFO - [2025-03-18T20:05:47.684+0000] {dag.py:4180} INFO - Setting next_dagrun for example_task_group to None, run_after=None
[2025-03-18T20:05:47.690+0000] {processor.py:208} INFO - Processing /home/airflow/.local/lib/python3.12/site-packages/airflow/example_dags/example_task_group.py took 0.026 seconds
