[2025-03-18T20:02:45.388+0000] {processor.py:186} INFO - Started process (PID=62) to work on /home/airflow/.local/lib/python3.12/site-packages/airflow/example_dags/example_subdag_operator.py
[2025-03-18T20:02:45.389+0000] {processor.py:914} INFO - Processing file /home/airflow/.local/lib/python3.12/site-packages/airflow/example_dags/example_subdag_operator.py for tasks to queue
[2025-03-18T20:02:45.390+0000] {logging_mixin.py:190} INFO - [2025-03-18T20:02:45.390+0000] {dagbag.py:588} INFO - Filling up the DagBag from /home/airflow/.local/lib/python3.12/site-packages/airflow/example_dags/example_subdag_operator.py
[2025-03-18T20:02:45.402+0000] {processor.py:925} INFO - DAG(s) 'example_subdag_operator.section-1', 'example_subdag_operator.section-2', 'example_subdag_operator' retrieved from /home/airflow/.local/lib/python3.12/site-packages/airflow/example_dags/example_subdag_operator.py
[2025-03-18T20:02:45.439+0000] {logging_mixin.py:190} INFO - [2025-03-18T20:02:45.439+0000] {override.py:1912} INFO - Created Permission View: can read on DAG:example_subdag_operator
[2025-03-18T20:02:45.442+0000] {logging_mixin.py:190} INFO - [2025-03-18T20:02:45.442+0000] {override.py:1912} INFO - Created Permission View: can delete on DAG:example_subdag_operator
[2025-03-18T20:02:45.444+0000] {logging_mixin.py:190} INFO - [2025-03-18T20:02:45.444+0000] {override.py:1912} INFO - Created Permission View: can edit on DAG:example_subdag_operator
[2025-03-18T20:02:45.445+0000] {logging_mixin.py:190} INFO - [2025-03-18T20:02:45.445+0000] {override.py:1912} INFO - Created Permission View: menu access on DAG Run:example_subdag_operator
[2025-03-18T20:02:45.447+0000] {logging_mixin.py:190} INFO - [2025-03-18T20:02:45.447+0000] {override.py:1912} INFO - Created Permission View: can create on DAG Run:example_subdag_operator
[2025-03-18T20:02:45.448+0000] {logging_mixin.py:190} INFO - [2025-03-18T20:02:45.448+0000] {override.py:1912} INFO - Created Permission View: can read on DAG Run:example_subdag_operator
[2025-03-18T20:02:45.450+0000] {logging_mixin.py:190} INFO - [2025-03-18T20:02:45.450+0000] {override.py:1912} INFO - Created Permission View: can delete on DAG Run:example_subdag_operator
[2025-03-18T20:02:45.450+0000] {logging_mixin.py:190} INFO - [2025-03-18T20:02:45.450+0000] {dag.py:3239} INFO - Sync 3 DAGs
[2025-03-18T20:02:45.455+0000] {logging_mixin.py:190} INFO - [2025-03-18T20:02:45.455+0000] {dag.py:3262} INFO - Creating ORM DAG for example_subdag_operator.section-2
[2025-03-18T20:02:45.455+0000] {logging_mixin.py:190} INFO - [2025-03-18T20:02:45.455+0000] {dag.py:3262} INFO - Creating ORM DAG for example_subdag_operator
[2025-03-18T20:02:45.455+0000] {logging_mixin.py:190} INFO - [2025-03-18T20:02:45.455+0000] {dag.py:3262} INFO - Creating ORM DAG for example_subdag_operator.section-1
[2025-03-18T20:02:45.459+0000] {logging_mixin.py:190} INFO - [2025-03-18T20:02:45.459+0000] {dag.py:4180} INFO - Setting next_dagrun for example_subdag_operator to 2022-01-01 00:00:00+00:00, run_after=2022-01-01 00:00:00+00:00
[2025-03-18T20:02:45.459+0000] {logging_mixin.py:190} INFO - [2025-03-18T20:02:45.459+0000] {dag.py:4180} INFO - Setting next_dagrun for example_subdag_operator.section-1 to None, run_after=None
[2025-03-18T20:02:45.459+0000] {logging_mixin.py:190} INFO - [2025-03-18T20:02:45.459+0000] {dag.py:4180} INFO - Setting next_dagrun for example_subdag_operator.section-2 to None, run_after=None
[2025-03-18T20:02:45.462+0000] {logging_mixin.py:190} INFO - [2025-03-18T20:02:45.462+0000] {dag.py:3239} INFO - Sync 2 DAGs
[2025-03-18T20:02:45.464+0000] {logging_mixin.py:190} INFO - [2025-03-18T20:02:45.464+0000] {dag.py:4180} INFO - Setting next_dagrun for example_subdag_operator.section-1 to None, run_after=None
[2025-03-18T20:02:45.465+0000] {logging_mixin.py:190} INFO - [2025-03-18T20:02:45.465+0000] {dag.py:4180} INFO - Setting next_dagrun for example_subdag_operator.section-2 to None, run_after=None
[2025-03-18T20:02:45.469+0000] {processor.py:208} INFO - Processing /home/airflow/.local/lib/python3.12/site-packages/airflow/example_dags/example_subdag_operator.py took 0.083 seconds
[2025-03-18T20:03:15.712+0000] {processor.py:186} INFO - Started process (PID=123) to work on /home/airflow/.local/lib/python3.12/site-packages/airflow/example_dags/example_subdag_operator.py
[2025-03-18T20:03:15.712+0000] {processor.py:914} INFO - Processing file /home/airflow/.local/lib/python3.12/site-packages/airflow/example_dags/example_subdag_operator.py for tasks to queue
[2025-03-18T20:03:15.713+0000] {logging_mixin.py:190} INFO - [2025-03-18T20:03:15.713+0000] {dagbag.py:588} INFO - Filling up the DagBag from /home/airflow/.local/lib/python3.12/site-packages/airflow/example_dags/example_subdag_operator.py
[2025-03-18T20:03:15.723+0000] {processor.py:925} INFO - DAG(s) 'example_subdag_operator.section-1', 'example_subdag_operator.section-2', 'example_subdag_operator' retrieved from /home/airflow/.local/lib/python3.12/site-packages/airflow/example_dags/example_subdag_operator.py
[2025-03-18T20:03:15.727+0000] {logging_mixin.py:190} INFO - [2025-03-18T20:03:15.727+0000] {dag.py:3239} INFO - Sync 3 DAGs
[2025-03-18T20:03:15.735+0000] {logging_mixin.py:190} INFO - [2025-03-18T20:03:15.735+0000] {dag.py:4180} INFO - Setting next_dagrun for example_subdag_operator to 2022-01-01 00:00:00+00:00, run_after=2022-01-01 00:00:00+00:00
[2025-03-18T20:03:15.736+0000] {logging_mixin.py:190} INFO - [2025-03-18T20:03:15.736+0000] {dag.py:4180} INFO - Setting next_dagrun for example_subdag_operator.section-1 to None, run_after=None
[2025-03-18T20:03:15.737+0000] {logging_mixin.py:190} INFO - [2025-03-18T20:03:15.737+0000] {dag.py:4180} INFO - Setting next_dagrun for example_subdag_operator.section-2 to None, run_after=None
[2025-03-18T20:03:15.740+0000] {logging_mixin.py:190} INFO - [2025-03-18T20:03:15.740+0000] {dag.py:3239} INFO - Sync 2 DAGs
[2025-03-18T20:03:15.742+0000] {logging_mixin.py:190} INFO - [2025-03-18T20:03:15.742+0000] {dag.py:4180} INFO - Setting next_dagrun for example_subdag_operator.section-1 to None, run_after=None
[2025-03-18T20:03:15.743+0000] {logging_mixin.py:190} INFO - [2025-03-18T20:03:15.743+0000] {dag.py:4180} INFO - Setting next_dagrun for example_subdag_operator.section-2 to None, run_after=None
[2025-03-18T20:03:15.747+0000] {processor.py:208} INFO - Processing /home/airflow/.local/lib/python3.12/site-packages/airflow/example_dags/example_subdag_operator.py took 0.037 seconds
[2025-03-18T20:03:46.015+0000] {processor.py:186} INFO - Started process (PID=186) to work on /home/airflow/.local/lib/python3.12/site-packages/airflow/example_dags/example_subdag_operator.py
[2025-03-18T20:03:46.016+0000] {processor.py:914} INFO - Processing file /home/airflow/.local/lib/python3.12/site-packages/airflow/example_dags/example_subdag_operator.py for tasks to queue
[2025-03-18T20:03:46.017+0000] {logging_mixin.py:190} INFO - [2025-03-18T20:03:46.016+0000] {dagbag.py:588} INFO - Filling up the DagBag from /home/airflow/.local/lib/python3.12/site-packages/airflow/example_dags/example_subdag_operator.py
[2025-03-18T20:03:46.026+0000] {processor.py:925} INFO - DAG(s) 'example_subdag_operator.section-1', 'example_subdag_operator.section-2', 'example_subdag_operator' retrieved from /home/airflow/.local/lib/python3.12/site-packages/airflow/example_dags/example_subdag_operator.py
[2025-03-18T20:03:46.031+0000] {logging_mixin.py:190} INFO - [2025-03-18T20:03:46.031+0000] {dag.py:3239} INFO - Sync 3 DAGs
[2025-03-18T20:03:46.039+0000] {logging_mixin.py:190} INFO - [2025-03-18T20:03:46.039+0000] {dag.py:4180} INFO - Setting next_dagrun for example_subdag_operator to 2022-01-01 00:00:00+00:00, run_after=2022-01-01 00:00:00+00:00
[2025-03-18T20:03:46.040+0000] {logging_mixin.py:190} INFO - [2025-03-18T20:03:46.040+0000] {dag.py:4180} INFO - Setting next_dagrun for example_subdag_operator.section-1 to None, run_after=None
[2025-03-18T20:03:46.040+0000] {logging_mixin.py:190} INFO - [2025-03-18T20:03:46.040+0000] {dag.py:4180} INFO - Setting next_dagrun for example_subdag_operator.section-2 to None, run_after=None
[2025-03-18T20:03:46.045+0000] {logging_mixin.py:190} INFO - [2025-03-18T20:03:46.044+0000] {dag.py:3239} INFO - Sync 2 DAGs
[2025-03-18T20:03:46.052+0000] {logging_mixin.py:190} INFO - [2025-03-18T20:03:46.052+0000] {dag.py:4180} INFO - Setting next_dagrun for example_subdag_operator.section-1 to None, run_after=None
[2025-03-18T20:03:46.052+0000] {logging_mixin.py:190} INFO - [2025-03-18T20:03:46.052+0000] {dag.py:4180} INFO - Setting next_dagrun for example_subdag_operator.section-2 to None, run_after=None
[2025-03-18T20:03:46.056+0000] {processor.py:208} INFO - Processing /home/airflow/.local/lib/python3.12/site-packages/airflow/example_dags/example_subdag_operator.py took 0.043 seconds
[2025-03-18T20:04:16.934+0000] {processor.py:186} INFO - Started process (PID=249) to work on /home/airflow/.local/lib/python3.12/site-packages/airflow/example_dags/example_subdag_operator.py
[2025-03-18T20:04:16.935+0000] {processor.py:914} INFO - Processing file /home/airflow/.local/lib/python3.12/site-packages/airflow/example_dags/example_subdag_operator.py for tasks to queue
[2025-03-18T20:04:16.939+0000] {logging_mixin.py:190} INFO - [2025-03-18T20:04:16.939+0000] {dagbag.py:588} INFO - Filling up the DagBag from /home/airflow/.local/lib/python3.12/site-packages/airflow/example_dags/example_subdag_operator.py
[2025-03-18T20:04:16.949+0000] {processor.py:925} INFO - DAG(s) 'example_subdag_operator.section-1', 'example_subdag_operator.section-2', 'example_subdag_operator' retrieved from /home/airflow/.local/lib/python3.12/site-packages/airflow/example_dags/example_subdag_operator.py
[2025-03-18T20:04:16.955+0000] {logging_mixin.py:190} INFO - [2025-03-18T20:04:16.955+0000] {dag.py:3239} INFO - Sync 3 DAGs
[2025-03-18T20:04:16.963+0000] {logging_mixin.py:190} INFO - [2025-03-18T20:04:16.962+0000] {dag.py:4180} INFO - Setting next_dagrun for example_subdag_operator to 2022-01-01 00:00:00+00:00, run_after=2022-01-01 00:00:00+00:00
[2025-03-18T20:04:16.964+0000] {logging_mixin.py:190} INFO - [2025-03-18T20:04:16.964+0000] {dag.py:4180} INFO - Setting next_dagrun for example_subdag_operator.section-1 to None, run_after=None
[2025-03-18T20:04:16.964+0000] {logging_mixin.py:190} INFO - [2025-03-18T20:04:16.964+0000] {dag.py:4180} INFO - Setting next_dagrun for example_subdag_operator.section-2 to None, run_after=None
[2025-03-18T20:04:16.967+0000] {logging_mixin.py:190} INFO - [2025-03-18T20:04:16.967+0000] {dag.py:3239} INFO - Sync 2 DAGs
[2025-03-18T20:04:16.969+0000] {logging_mixin.py:190} INFO - [2025-03-18T20:04:16.969+0000] {dag.py:4180} INFO - Setting next_dagrun for example_subdag_operator.section-1 to None, run_after=None
[2025-03-18T20:04:16.969+0000] {logging_mixin.py:190} INFO - [2025-03-18T20:04:16.969+0000] {dag.py:4180} INFO - Setting next_dagrun for example_subdag_operator.section-2 to None, run_after=None
[2025-03-18T20:04:16.973+0000] {processor.py:208} INFO - Processing /home/airflow/.local/lib/python3.12/site-packages/airflow/example_dags/example_subdag_operator.py took 0.041 seconds
[2025-03-18T20:04:48.132+0000] {processor.py:186} INFO - Started process (PID=312) to work on /home/airflow/.local/lib/python3.12/site-packages/airflow/example_dags/example_subdag_operator.py
[2025-03-18T20:04:48.132+0000] {processor.py:914} INFO - Processing file /home/airflow/.local/lib/python3.12/site-packages/airflow/example_dags/example_subdag_operator.py for tasks to queue
[2025-03-18T20:04:48.133+0000] {logging_mixin.py:190} INFO - [2025-03-18T20:04:48.133+0000] {dagbag.py:588} INFO - Filling up the DagBag from /home/airflow/.local/lib/python3.12/site-packages/airflow/example_dags/example_subdag_operator.py
[2025-03-18T20:04:48.143+0000] {processor.py:925} INFO - DAG(s) 'example_subdag_operator.section-1', 'example_subdag_operator.section-2', 'example_subdag_operator' retrieved from /home/airflow/.local/lib/python3.12/site-packages/airflow/example_dags/example_subdag_operator.py
[2025-03-18T20:04:48.147+0000] {logging_mixin.py:190} INFO - [2025-03-18T20:04:48.147+0000] {dag.py:3239} INFO - Sync 3 DAGs
[2025-03-18T20:04:48.155+0000] {logging_mixin.py:190} INFO - [2025-03-18T20:04:48.155+0000] {dag.py:4180} INFO - Setting next_dagrun for example_subdag_operator to 2022-01-01 00:00:00+00:00, run_after=2022-01-01 00:00:00+00:00
[2025-03-18T20:04:48.156+0000] {logging_mixin.py:190} INFO - [2025-03-18T20:04:48.156+0000] {dag.py:4180} INFO - Setting next_dagrun for example_subdag_operator.section-1 to None, run_after=None
[2025-03-18T20:04:48.157+0000] {logging_mixin.py:190} INFO - [2025-03-18T20:04:48.157+0000] {dag.py:4180} INFO - Setting next_dagrun for example_subdag_operator.section-2 to None, run_after=None
[2025-03-18T20:04:48.159+0000] {logging_mixin.py:190} INFO - [2025-03-18T20:04:48.159+0000] {dag.py:3239} INFO - Sync 2 DAGs
[2025-03-18T20:04:48.162+0000] {logging_mixin.py:190} INFO - [2025-03-18T20:04:48.162+0000] {dag.py:4180} INFO - Setting next_dagrun for example_subdag_operator.section-1 to None, run_after=None
[2025-03-18T20:04:48.163+0000] {logging_mixin.py:190} INFO - [2025-03-18T20:04:48.163+0000] {dag.py:4180} INFO - Setting next_dagrun for example_subdag_operator.section-2 to None, run_after=None
[2025-03-18T20:04:48.166+0000] {processor.py:208} INFO - Processing /home/airflow/.local/lib/python3.12/site-packages/airflow/example_dags/example_subdag_operator.py took 0.036 seconds
[2025-03-18T20:05:19.164+0000] {processor.py:186} INFO - Started process (PID=375) to work on /home/airflow/.local/lib/python3.12/site-packages/airflow/example_dags/example_subdag_operator.py
[2025-03-18T20:05:19.165+0000] {processor.py:914} INFO - Processing file /home/airflow/.local/lib/python3.12/site-packages/airflow/example_dags/example_subdag_operator.py for tasks to queue
[2025-03-18T20:05:19.166+0000] {logging_mixin.py:190} INFO - [2025-03-18T20:05:19.165+0000] {dagbag.py:588} INFO - Filling up the DagBag from /home/airflow/.local/lib/python3.12/site-packages/airflow/example_dags/example_subdag_operator.py
[2025-03-18T20:05:19.175+0000] {processor.py:925} INFO - DAG(s) 'example_subdag_operator.section-1', 'example_subdag_operator.section-2', 'example_subdag_operator' retrieved from /home/airflow/.local/lib/python3.12/site-packages/airflow/example_dags/example_subdag_operator.py
[2025-03-18T20:05:19.180+0000] {logging_mixin.py:190} INFO - [2025-03-18T20:05:19.180+0000] {dag.py:3239} INFO - Sync 3 DAGs
[2025-03-18T20:05:19.188+0000] {logging_mixin.py:190} INFO - [2025-03-18T20:05:19.188+0000] {dag.py:4180} INFO - Setting next_dagrun for example_subdag_operator to 2022-01-01 00:00:00+00:00, run_after=2022-01-01 00:00:00+00:00
[2025-03-18T20:05:19.190+0000] {logging_mixin.py:190} INFO - [2025-03-18T20:05:19.190+0000] {dag.py:4180} INFO - Setting next_dagrun for example_subdag_operator.section-1 to None, run_after=None
[2025-03-18T20:05:19.190+0000] {logging_mixin.py:190} INFO - [2025-03-18T20:05:19.190+0000] {dag.py:4180} INFO - Setting next_dagrun for example_subdag_operator.section-2 to None, run_after=None
[2025-03-18T20:05:19.194+0000] {logging_mixin.py:190} INFO - [2025-03-18T20:05:19.194+0000] {dag.py:3239} INFO - Sync 2 DAGs
[2025-03-18T20:05:19.196+0000] {logging_mixin.py:190} INFO - [2025-03-18T20:05:19.196+0000] {dag.py:4180} INFO - Setting next_dagrun for example_subdag_operator.section-1 to None, run_after=None
[2025-03-18T20:05:19.196+0000] {logging_mixin.py:190} INFO - [2025-03-18T20:05:19.196+0000] {dag.py:4180} INFO - Setting next_dagrun for example_subdag_operator.section-2 to None, run_after=None
[2025-03-18T20:05:19.199+0000] {processor.py:208} INFO - Processing /home/airflow/.local/lib/python3.12/site-packages/airflow/example_dags/example_subdag_operator.py took 0.037 seconds
[2025-03-18T20:05:50.292+0000] {processor.py:186} INFO - Started process (PID=438) to work on /home/airflow/.local/lib/python3.12/site-packages/airflow/example_dags/example_subdag_operator.py
[2025-03-18T20:05:50.292+0000] {processor.py:914} INFO - Processing file /home/airflow/.local/lib/python3.12/site-packages/airflow/example_dags/example_subdag_operator.py for tasks to queue
[2025-03-18T20:05:50.293+0000] {logging_mixin.py:190} INFO - [2025-03-18T20:05:50.293+0000] {dagbag.py:588} INFO - Filling up the DagBag from /home/airflow/.local/lib/python3.12/site-packages/airflow/example_dags/example_subdag_operator.py
[2025-03-18T20:05:50.303+0000] {processor.py:925} INFO - DAG(s) 'example_subdag_operator.section-1', 'example_subdag_operator.section-2', 'example_subdag_operator' retrieved from /home/airflow/.local/lib/python3.12/site-packages/airflow/example_dags/example_subdag_operator.py
[2025-03-18T20:05:50.308+0000] {logging_mixin.py:190} INFO - [2025-03-18T20:05:50.307+0000] {dag.py:3239} INFO - Sync 3 DAGs
[2025-03-18T20:05:50.315+0000] {logging_mixin.py:190} INFO - [2025-03-18T20:05:50.315+0000] {dag.py:4180} INFO - Setting next_dagrun for example_subdag_operator to 2022-01-01 00:00:00+00:00, run_after=2022-01-01 00:00:00+00:00
[2025-03-18T20:05:50.316+0000] {logging_mixin.py:190} INFO - [2025-03-18T20:05:50.316+0000] {dag.py:4180} INFO - Setting next_dagrun for example_subdag_operator.section-1 to None, run_after=None
[2025-03-18T20:05:50.317+0000] {logging_mixin.py:190} INFO - [2025-03-18T20:05:50.316+0000] {dag.py:4180} INFO - Setting next_dagrun for example_subdag_operator.section-2 to None, run_after=None
[2025-03-18T20:05:50.319+0000] {logging_mixin.py:190} INFO - [2025-03-18T20:05:50.319+0000] {dag.py:3239} INFO - Sync 2 DAGs
[2025-03-18T20:05:50.323+0000] {logging_mixin.py:190} INFO - [2025-03-18T20:05:50.323+0000] {dag.py:4180} INFO - Setting next_dagrun for example_subdag_operator.section-1 to None, run_after=None
[2025-03-18T20:05:50.323+0000] {logging_mixin.py:190} INFO - [2025-03-18T20:05:50.323+0000] {dag.py:4180} INFO - Setting next_dagrun for example_subdag_operator.section-2 to None, run_after=None
[2025-03-18T20:05:50.326+0000] {processor.py:208} INFO - Processing /home/airflow/.local/lib/python3.12/site-packages/airflow/example_dags/example_subdag_operator.py took 0.036 seconds
