[2025-03-18T20:02:46.469+0000] {processor.py:186} INFO - Started process (PID=79) to work on /home/airflow/.local/lib/python3.12/site-packages/airflow/example_dags/example_kubernetes_executor.py
[2025-03-18T20:02:46.469+0000] {processor.py:914} INFO - Processing file /home/airflow/.local/lib/python3.12/site-packages/airflow/example_dags/example_kubernetes_executor.py for tasks to queue
[2025-03-18T20:02:46.470+0000] {logging_mixin.py:190} INFO - [2025-03-18T20:02:46.470+0000] {dagbag.py:588} INFO - Filling up the DagBag from /home/airflow/.local/lib/python3.12/site-packages/airflow/example_dags/example_kubernetes_executor.py
[2025-03-18T20:02:46.477+0000] {processor.py:925} INFO - DAG(s) 'example_kubernetes_executor' retrieved from /home/airflow/.local/lib/python3.12/site-packages/airflow/example_dags/example_kubernetes_executor.py
[2025-03-18T20:02:46.520+0000] {logging_mixin.py:190} INFO - [2025-03-18T20:02:46.520+0000] {override.py:1912} INFO - Created Permission View: can read on DAG:example_kubernetes_executor
[2025-03-18T20:02:46.525+0000] {logging_mixin.py:190} INFO - [2025-03-18T20:02:46.525+0000] {override.py:1912} INFO - Created Permission View: can delete on DAG:example_kubernetes_executor
[2025-03-18T20:02:46.528+0000] {logging_mixin.py:190} INFO - [2025-03-18T20:02:46.528+0000] {override.py:1912} INFO - Created Permission View: can edit on DAG:example_kubernetes_executor
[2025-03-18T20:02:46.531+0000] {logging_mixin.py:190} INFO - [2025-03-18T20:02:46.531+0000] {override.py:1912} INFO - Created Permission View: menu access on DAG Run:example_kubernetes_executor
[2025-03-18T20:02:46.533+0000] {logging_mixin.py:190} INFO - [2025-03-18T20:02:46.533+0000] {override.py:1912} INFO - Created Permission View: can create on DAG Run:example_kubernetes_executor
[2025-03-18T20:02:46.536+0000] {logging_mixin.py:190} INFO - [2025-03-18T20:02:46.535+0000] {override.py:1912} INFO - Created Permission View: can read on DAG Run:example_kubernetes_executor
[2025-03-18T20:02:46.538+0000] {logging_mixin.py:190} INFO - [2025-03-18T20:02:46.538+0000] {override.py:1912} INFO - Created Permission View: can delete on DAG Run:example_kubernetes_executor
[2025-03-18T20:02:46.538+0000] {logging_mixin.py:190} INFO - [2025-03-18T20:02:46.538+0000] {dag.py:3239} INFO - Sync 1 DAGs
[2025-03-18T20:02:46.543+0000] {logging_mixin.py:190} INFO - [2025-03-18T20:02:46.542+0000] {dag.py:3262} INFO - Creating ORM DAG for example_kubernetes_executor
[2025-03-18T20:02:46.543+0000] {logging_mixin.py:190} INFO - [2025-03-18T20:02:46.543+0000] {dag.py:4180} INFO - Setting next_dagrun for example_kubernetes_executor to None, run_after=None
[2025-03-18T20:02:46.549+0000] {processor.py:208} INFO - Processing /home/airflow/.local/lib/python3.12/site-packages/airflow/example_dags/example_kubernetes_executor.py took 0.083 seconds
[2025-03-18T20:03:17.196+0000] {processor.py:186} INFO - Started process (PID=141) to work on /home/airflow/.local/lib/python3.12/site-packages/airflow/example_dags/example_kubernetes_executor.py
[2025-03-18T20:03:17.197+0000] {processor.py:914} INFO - Processing file /home/airflow/.local/lib/python3.12/site-packages/airflow/example_dags/example_kubernetes_executor.py for tasks to queue
[2025-03-18T20:03:17.197+0000] {logging_mixin.py:190} INFO - [2025-03-18T20:03:17.197+0000] {dagbag.py:588} INFO - Filling up the DagBag from /home/airflow/.local/lib/python3.12/site-packages/airflow/example_dags/example_kubernetes_executor.py
[2025-03-18T20:03:17.202+0000] {processor.py:925} INFO - DAG(s) 'example_kubernetes_executor' retrieved from /home/airflow/.local/lib/python3.12/site-packages/airflow/example_dags/example_kubernetes_executor.py
[2025-03-18T20:03:17.211+0000] {logging_mixin.py:190} INFO - [2025-03-18T20:03:17.211+0000] {dag.py:3239} INFO - Sync 1 DAGs
[2025-03-18T20:03:17.216+0000] {logging_mixin.py:190} INFO - [2025-03-18T20:03:17.216+0000] {dag.py:4180} INFO - Setting next_dagrun for example_kubernetes_executor to None, run_after=None
[2025-03-18T20:03:17.221+0000] {processor.py:208} INFO - Processing /home/airflow/.local/lib/python3.12/site-packages/airflow/example_dags/example_kubernetes_executor.py took 0.027 seconds
[2025-03-18T20:03:47.519+0000] {processor.py:186} INFO - Started process (PID=204) to work on /home/airflow/.local/lib/python3.12/site-packages/airflow/example_dags/example_kubernetes_executor.py
[2025-03-18T20:03:47.519+0000] {processor.py:914} INFO - Processing file /home/airflow/.local/lib/python3.12/site-packages/airflow/example_dags/example_kubernetes_executor.py for tasks to queue
[2025-03-18T20:03:47.520+0000] {logging_mixin.py:190} INFO - [2025-03-18T20:03:47.520+0000] {dagbag.py:588} INFO - Filling up the DagBag from /home/airflow/.local/lib/python3.12/site-packages/airflow/example_dags/example_kubernetes_executor.py
[2025-03-18T20:03:47.525+0000] {processor.py:925} INFO - DAG(s) 'example_kubernetes_executor' retrieved from /home/airflow/.local/lib/python3.12/site-packages/airflow/example_dags/example_kubernetes_executor.py
[2025-03-18T20:03:47.532+0000] {logging_mixin.py:190} INFO - [2025-03-18T20:03:47.532+0000] {dag.py:3239} INFO - Sync 1 DAGs
[2025-03-18T20:03:47.537+0000] {logging_mixin.py:190} INFO - [2025-03-18T20:03:47.537+0000] {dag.py:4180} INFO - Setting next_dagrun for example_kubernetes_executor to None, run_after=None
[2025-03-18T20:03:47.542+0000] {processor.py:208} INFO - Processing /home/airflow/.local/lib/python3.12/site-packages/airflow/example_dags/example_kubernetes_executor.py took 0.025 seconds
[2025-03-18T20:04:18.503+0000] {processor.py:186} INFO - Started process (PID=267) to work on /home/airflow/.local/lib/python3.12/site-packages/airflow/example_dags/example_kubernetes_executor.py
[2025-03-18T20:04:18.504+0000] {processor.py:914} INFO - Processing file /home/airflow/.local/lib/python3.12/site-packages/airflow/example_dags/example_kubernetes_executor.py for tasks to queue
[2025-03-18T20:04:18.505+0000] {logging_mixin.py:190} INFO - [2025-03-18T20:04:18.504+0000] {dagbag.py:588} INFO - Filling up the DagBag from /home/airflow/.local/lib/python3.12/site-packages/airflow/example_dags/example_kubernetes_executor.py
[2025-03-18T20:04:18.510+0000] {processor.py:925} INFO - DAG(s) 'example_kubernetes_executor' retrieved from /home/airflow/.local/lib/python3.12/site-packages/airflow/example_dags/example_kubernetes_executor.py
[2025-03-18T20:04:18.519+0000] {logging_mixin.py:190} INFO - [2025-03-18T20:04:18.518+0000] {dag.py:3239} INFO - Sync 1 DAGs
[2025-03-18T20:04:18.524+0000] {logging_mixin.py:190} INFO - [2025-03-18T20:04:18.523+0000] {dag.py:4180} INFO - Setting next_dagrun for example_kubernetes_executor to None, run_after=None
[2025-03-18T20:04:18.529+0000] {processor.py:208} INFO - Processing /home/airflow/.local/lib/python3.12/site-packages/airflow/example_dags/example_kubernetes_executor.py took 0.028 seconds
[2025-03-18T20:04:49.596+0000] {processor.py:186} INFO - Started process (PID=330) to work on /home/airflow/.local/lib/python3.12/site-packages/airflow/example_dags/example_kubernetes_executor.py
[2025-03-18T20:04:49.597+0000] {processor.py:914} INFO - Processing file /home/airflow/.local/lib/python3.12/site-packages/airflow/example_dags/example_kubernetes_executor.py for tasks to queue
[2025-03-18T20:04:49.598+0000] {logging_mixin.py:190} INFO - [2025-03-18T20:04:49.598+0000] {dagbag.py:588} INFO - Filling up the DagBag from /home/airflow/.local/lib/python3.12/site-packages/airflow/example_dags/example_kubernetes_executor.py
[2025-03-18T20:04:49.603+0000] {processor.py:925} INFO - DAG(s) 'example_kubernetes_executor' retrieved from /home/airflow/.local/lib/python3.12/site-packages/airflow/example_dags/example_kubernetes_executor.py
[2025-03-18T20:04:49.612+0000] {logging_mixin.py:190} INFO - [2025-03-18T20:04:49.612+0000] {dag.py:3239} INFO - Sync 1 DAGs
[2025-03-18T20:04:49.616+0000] {logging_mixin.py:190} INFO - [2025-03-18T20:04:49.616+0000] {dag.py:4180} INFO - Setting next_dagrun for example_kubernetes_executor to None, run_after=None
[2025-03-18T20:04:49.623+0000] {processor.py:208} INFO - Processing /home/airflow/.local/lib/python3.12/site-packages/airflow/example_dags/example_kubernetes_executor.py took 0.029 seconds
[2025-03-18T20:05:20.637+0000] {processor.py:186} INFO - Started process (PID=393) to work on /home/airflow/.local/lib/python3.12/site-packages/airflow/example_dags/example_kubernetes_executor.py
[2025-03-18T20:05:20.637+0000] {processor.py:914} INFO - Processing file /home/airflow/.local/lib/python3.12/site-packages/airflow/example_dags/example_kubernetes_executor.py for tasks to queue
[2025-03-18T20:05:20.650+0000] {logging_mixin.py:190} INFO - [2025-03-18T20:05:20.649+0000] {dagbag.py:588} INFO - Filling up the DagBag from /home/airflow/.local/lib/python3.12/site-packages/airflow/example_dags/example_kubernetes_executor.py
[2025-03-18T20:05:20.658+0000] {processor.py:925} INFO - DAG(s) 'example_kubernetes_executor' retrieved from /home/airflow/.local/lib/python3.12/site-packages/airflow/example_dags/example_kubernetes_executor.py
[2025-03-18T20:05:20.668+0000] {logging_mixin.py:190} INFO - [2025-03-18T20:05:20.668+0000] {dag.py:3239} INFO - Sync 1 DAGs
[2025-03-18T20:05:20.675+0000] {logging_mixin.py:190} INFO - [2025-03-18T20:05:20.675+0000] {dag.py:4180} INFO - Setting next_dagrun for example_kubernetes_executor to None, run_after=None
[2025-03-18T20:05:20.681+0000] {processor.py:208} INFO - Processing /home/airflow/.local/lib/python3.12/site-packages/airflow/example_dags/example_kubernetes_executor.py took 0.047 seconds
[2025-03-18T20:05:51.741+0000] {processor.py:186} INFO - Started process (PID=456) to work on /home/airflow/.local/lib/python3.12/site-packages/airflow/example_dags/example_kubernetes_executor.py
[2025-03-18T20:05:51.742+0000] {processor.py:914} INFO - Processing file /home/airflow/.local/lib/python3.12/site-packages/airflow/example_dags/example_kubernetes_executor.py for tasks to queue
[2025-03-18T20:05:51.743+0000] {logging_mixin.py:190} INFO - [2025-03-18T20:05:51.743+0000] {dagbag.py:588} INFO - Filling up the DagBag from /home/airflow/.local/lib/python3.12/site-packages/airflow/example_dags/example_kubernetes_executor.py
[2025-03-18T20:05:51.748+0000] {processor.py:925} INFO - DAG(s) 'example_kubernetes_executor' retrieved from /home/airflow/.local/lib/python3.12/site-packages/airflow/example_dags/example_kubernetes_executor.py
[2025-03-18T20:05:51.758+0000] {logging_mixin.py:190} INFO - [2025-03-18T20:05:51.757+0000] {dag.py:3239} INFO - Sync 1 DAGs
[2025-03-18T20:05:51.762+0000] {logging_mixin.py:190} INFO - [2025-03-18T20:05:51.762+0000] {dag.py:4180} INFO - Setting next_dagrun for example_kubernetes_executor to None, run_after=None
[2025-03-18T20:05:51.768+0000] {processor.py:208} INFO - Processing /home/airflow/.local/lib/python3.12/site-packages/airflow/example_dags/example_kubernetes_executor.py took 0.029 seconds
