[2025-03-18T20:02:47.040+0000] {processor.py:186} INFO - Started process (PID=87) to work on /home/airflow/.local/lib/python3.12/site-packages/airflow/example_dags/example_dag_decorator.py
[2025-03-18T20:02:47.041+0000] {processor.py:914} INFO - Processing file /home/airflow/.local/lib/python3.12/site-packages/airflow/example_dags/example_dag_decorator.py for tasks to queue
[2025-03-18T20:02:47.042+0000] {logging_mixin.py:190} INFO - [2025-03-18T20:02:47.042+0000] {dagbag.py:588} INFO - Filling up the DagBag from /home/airflow/.local/lib/python3.12/site-packages/airflow/example_dags/example_dag_decorator.py
[2025-03-18T20:02:47.224+0000] {processor.py:925} INFO - DAG(s) 'example_dag_decorator' retrieved from /home/airflow/.local/lib/python3.12/site-packages/airflow/example_dags/example_dag_decorator.py
[2025-03-18T20:02:47.260+0000] {logging_mixin.py:190} INFO - [2025-03-18T20:02:47.259+0000] {override.py:1912} INFO - Created Permission View: can read on DAG:example_dag_decorator
[2025-03-18T20:02:47.265+0000] {logging_mixin.py:190} INFO - [2025-03-18T20:02:47.265+0000] {override.py:1912} INFO - Created Permission View: can delete on DAG:example_dag_decorator
[2025-03-18T20:02:47.267+0000] {logging_mixin.py:190} INFO - [2025-03-18T20:02:47.267+0000] {override.py:1912} INFO - Created Permission View: can edit on DAG:example_dag_decorator
[2025-03-18T20:02:47.268+0000] {logging_mixin.py:190} INFO - [2025-03-18T20:02:47.268+0000] {override.py:1912} INFO - Created Permission View: menu access on DAG Run:example_dag_decorator
[2025-03-18T20:02:47.270+0000] {logging_mixin.py:190} INFO - [2025-03-18T20:02:47.270+0000] {override.py:1912} INFO - Created Permission View: can create on DAG Run:example_dag_decorator
[2025-03-18T20:02:47.271+0000] {logging_mixin.py:190} INFO - [2025-03-18T20:02:47.271+0000] {override.py:1912} INFO - Created Permission View: can read on DAG Run:example_dag_decorator
[2025-03-18T20:02:47.273+0000] {logging_mixin.py:190} INFO - [2025-03-18T20:02:47.273+0000] {override.py:1912} INFO - Created Permission View: can delete on DAG Run:example_dag_decorator
[2025-03-18T20:02:47.273+0000] {logging_mixin.py:190} INFO - [2025-03-18T20:02:47.273+0000] {dag.py:3239} INFO - Sync 1 DAGs
[2025-03-18T20:02:47.278+0000] {logging_mixin.py:190} INFO - [2025-03-18T20:02:47.277+0000] {dag.py:3262} INFO - Creating ORM DAG for example_dag_decorator
[2025-03-18T20:02:47.278+0000] {logging_mixin.py:190} INFO - [2025-03-18T20:02:47.278+0000] {dag.py:4180} INFO - Setting next_dagrun for example_dag_decorator to None, run_after=None
[2025-03-18T20:02:47.283+0000] {processor.py:208} INFO - Processing /home/airflow/.local/lib/python3.12/site-packages/airflow/example_dags/example_dag_decorator.py took 0.246 seconds
[2025-03-18T20:03:17.628+0000] {processor.py:186} INFO - Started process (PID=150) to work on /home/airflow/.local/lib/python3.12/site-packages/airflow/example_dags/example_dag_decorator.py
[2025-03-18T20:03:17.628+0000] {processor.py:914} INFO - Processing file /home/airflow/.local/lib/python3.12/site-packages/airflow/example_dags/example_dag_decorator.py for tasks to queue
[2025-03-18T20:03:17.629+0000] {logging_mixin.py:190} INFO - [2025-03-18T20:03:17.629+0000] {dagbag.py:588} INFO - Filling up the DagBag from /home/airflow/.local/lib/python3.12/site-packages/airflow/example_dags/example_dag_decorator.py
[2025-03-18T20:03:17.663+0000] {processor.py:925} INFO - DAG(s) 'example_dag_decorator' retrieved from /home/airflow/.local/lib/python3.12/site-packages/airflow/example_dags/example_dag_decorator.py
[2025-03-18T20:03:17.699+0000] {logging_mixin.py:190} INFO - [2025-03-18T20:03:17.699+0000] {dag.py:3239} INFO - Sync 1 DAGs
[2025-03-18T20:03:17.703+0000] {logging_mixin.py:190} INFO - [2025-03-18T20:03:17.703+0000] {dag.py:4180} INFO - Setting next_dagrun for example_dag_decorator to None, run_after=None
[2025-03-18T20:03:17.709+0000] {processor.py:208} INFO - Processing /home/airflow/.local/lib/python3.12/site-packages/airflow/example_dags/example_dag_decorator.py took 0.083 seconds
[2025-03-18T20:03:47.777+0000] {processor.py:186} INFO - Started process (PID=213) to work on /home/airflow/.local/lib/python3.12/site-packages/airflow/example_dags/example_dag_decorator.py
[2025-03-18T20:03:47.777+0000] {processor.py:914} INFO - Processing file /home/airflow/.local/lib/python3.12/site-packages/airflow/example_dags/example_dag_decorator.py for tasks to queue
[2025-03-18T20:03:47.778+0000] {logging_mixin.py:190} INFO - [2025-03-18T20:03:47.778+0000] {dagbag.py:588} INFO - Filling up the DagBag from /home/airflow/.local/lib/python3.12/site-packages/airflow/example_dags/example_dag_decorator.py
[2025-03-18T20:03:47.812+0000] {processor.py:925} INFO - DAG(s) 'example_dag_decorator' retrieved from /home/airflow/.local/lib/python3.12/site-packages/airflow/example_dags/example_dag_decorator.py
[2025-03-18T20:03:47.820+0000] {logging_mixin.py:190} INFO - [2025-03-18T20:03:47.820+0000] {dag.py:3239} INFO - Sync 1 DAGs
[2025-03-18T20:03:47.825+0000] {logging_mixin.py:190} INFO - [2025-03-18T20:03:47.825+0000] {dag.py:4180} INFO - Setting next_dagrun for example_dag_decorator to None, run_after=None
[2025-03-18T20:03:47.831+0000] {processor.py:208} INFO - Processing /home/airflow/.local/lib/python3.12/site-packages/airflow/example_dags/example_dag_decorator.py took 0.056 seconds
[2025-03-18T20:04:18.757+0000] {processor.py:186} INFO - Started process (PID=275) to work on /home/airflow/.local/lib/python3.12/site-packages/airflow/example_dags/example_dag_decorator.py
[2025-03-18T20:04:18.757+0000] {processor.py:914} INFO - Processing file /home/airflow/.local/lib/python3.12/site-packages/airflow/example_dags/example_dag_decorator.py for tasks to queue
[2025-03-18T20:04:18.758+0000] {logging_mixin.py:190} INFO - [2025-03-18T20:04:18.758+0000] {dagbag.py:588} INFO - Filling up the DagBag from /home/airflow/.local/lib/python3.12/site-packages/airflow/example_dags/example_dag_decorator.py
[2025-03-18T20:04:18.789+0000] {processor.py:925} INFO - DAG(s) 'example_dag_decorator' retrieved from /home/airflow/.local/lib/python3.12/site-packages/airflow/example_dags/example_dag_decorator.py
[2025-03-18T20:04:18.826+0000] {logging_mixin.py:190} INFO - [2025-03-18T20:04:18.826+0000] {dag.py:3239} INFO - Sync 1 DAGs
[2025-03-18T20:04:18.830+0000] {logging_mixin.py:190} INFO - [2025-03-18T20:04:18.830+0000] {dag.py:4180} INFO - Setting next_dagrun for example_dag_decorator to None, run_after=None
[2025-03-18T20:04:18.836+0000] {processor.py:208} INFO - Processing /home/airflow/.local/lib/python3.12/site-packages/airflow/example_dags/example_dag_decorator.py took 0.080 seconds
[2025-03-18T20:04:49.853+0000] {processor.py:186} INFO - Started process (PID=338) to work on /home/airflow/.local/lib/python3.12/site-packages/airflow/example_dags/example_dag_decorator.py
[2025-03-18T20:04:49.853+0000] {processor.py:914} INFO - Processing file /home/airflow/.local/lib/python3.12/site-packages/airflow/example_dags/example_dag_decorator.py for tasks to queue
[2025-03-18T20:04:49.854+0000] {logging_mixin.py:190} INFO - [2025-03-18T20:04:49.854+0000] {dagbag.py:588} INFO - Filling up the DagBag from /home/airflow/.local/lib/python3.12/site-packages/airflow/example_dags/example_dag_decorator.py
[2025-03-18T20:04:49.889+0000] {processor.py:925} INFO - DAG(s) 'example_dag_decorator' retrieved from /home/airflow/.local/lib/python3.12/site-packages/airflow/example_dags/example_dag_decorator.py
[2025-03-18T20:04:49.926+0000] {logging_mixin.py:190} INFO - [2025-03-18T20:04:49.926+0000] {dag.py:3239} INFO - Sync 1 DAGs
[2025-03-18T20:04:49.931+0000] {logging_mixin.py:190} INFO - [2025-03-18T20:04:49.931+0000] {dag.py:4180} INFO - Setting next_dagrun for example_dag_decorator to None, run_after=None
[2025-03-18T20:04:49.938+0000] {processor.py:208} INFO - Processing /home/airflow/.local/lib/python3.12/site-packages/airflow/example_dags/example_dag_decorator.py took 0.088 seconds
[2025-03-18T20:05:20.909+0000] {processor.py:186} INFO - Started process (PID=401) to work on /home/airflow/.local/lib/python3.12/site-packages/airflow/example_dags/example_dag_decorator.py
[2025-03-18T20:05:20.909+0000] {processor.py:914} INFO - Processing file /home/airflow/.local/lib/python3.12/site-packages/airflow/example_dags/example_dag_decorator.py for tasks to queue
[2025-03-18T20:05:20.910+0000] {logging_mixin.py:190} INFO - [2025-03-18T20:05:20.910+0000] {dagbag.py:588} INFO - Filling up the DagBag from /home/airflow/.local/lib/python3.12/site-packages/airflow/example_dags/example_dag_decorator.py
[2025-03-18T20:05:20.948+0000] {processor.py:925} INFO - DAG(s) 'example_dag_decorator' retrieved from /home/airflow/.local/lib/python3.12/site-packages/airflow/example_dags/example_dag_decorator.py
[2025-03-18T20:05:20.989+0000] {logging_mixin.py:190} INFO - [2025-03-18T20:05:20.989+0000] {dag.py:3239} INFO - Sync 1 DAGs
[2025-03-18T20:05:20.993+0000] {logging_mixin.py:190} INFO - [2025-03-18T20:05:20.993+0000] {dag.py:4180} INFO - Setting next_dagrun for example_dag_decorator to None, run_after=None
[2025-03-18T20:05:20.998+0000] {processor.py:208} INFO - Processing /home/airflow/.local/lib/python3.12/site-packages/airflow/example_dags/example_dag_decorator.py took 0.092 seconds
[2025-03-18T20:05:52.043+0000] {processor.py:186} INFO - Started process (PID=464) to work on /home/airflow/.local/lib/python3.12/site-packages/airflow/example_dags/example_dag_decorator.py
[2025-03-18T20:05:52.044+0000] {processor.py:914} INFO - Processing file /home/airflow/.local/lib/python3.12/site-packages/airflow/example_dags/example_dag_decorator.py for tasks to queue
[2025-03-18T20:05:52.045+0000] {logging_mixin.py:190} INFO - [2025-03-18T20:05:52.045+0000] {dagbag.py:588} INFO - Filling up the DagBag from /home/airflow/.local/lib/python3.12/site-packages/airflow/example_dags/example_dag_decorator.py
[2025-03-18T20:05:52.081+0000] {processor.py:925} INFO - DAG(s) 'example_dag_decorator' retrieved from /home/airflow/.local/lib/python3.12/site-packages/airflow/example_dags/example_dag_decorator.py
[2025-03-18T20:05:52.118+0000] {logging_mixin.py:190} INFO - [2025-03-18T20:05:52.118+0000] {dag.py:3239} INFO - Sync 1 DAGs
[2025-03-18T20:05:52.123+0000] {logging_mixin.py:190} INFO - [2025-03-18T20:05:52.122+0000] {dag.py:4180} INFO - Setting next_dagrun for example_dag_decorator to None, run_after=None
[2025-03-18T20:05:52.128+0000] {processor.py:208} INFO - Processing /home/airflow/.local/lib/python3.12/site-packages/airflow/example_dags/example_dag_decorator.py took 0.088 seconds
