[2025-03-18T20:02:46.935+0000] {processor.py:186} INFO - Started process (PID=85) to work on /home/airflow/.local/lib/python3.12/site-packages/airflow/example_dags/example_params_trigger_ui.py
[2025-03-18T20:02:46.936+0000] {processor.py:914} INFO - Processing file /home/airflow/.local/lib/python3.12/site-packages/airflow/example_dags/example_params_trigger_ui.py for tasks to queue
[2025-03-18T20:02:46.937+0000] {logging_mixin.py:190} INFO - [2025-03-18T20:02:46.937+0000] {dagbag.py:588} INFO - Filling up the DagBag from /home/airflow/.local/lib/python3.12/site-packages/airflow/example_dags/example_params_trigger_ui.py
[2025-03-18T20:02:46.944+0000] {processor.py:925} INFO - DAG(s) 'example_params_trigger_ui' retrieved from /home/airflow/.local/lib/python3.12/site-packages/airflow/example_dags/example_params_trigger_ui.py
[2025-03-18T20:02:46.998+0000] {logging_mixin.py:190} INFO - [2025-03-18T20:02:46.998+0000] {override.py:1912} INFO - Created Permission View: can read on DAG:example_params_trigger_ui
[2025-03-18T20:02:47.003+0000] {logging_mixin.py:190} INFO - [2025-03-18T20:02:47.002+0000] {override.py:1912} INFO - Created Permission View: can delete on DAG:example_params_trigger_ui
[2025-03-18T20:02:47.005+0000] {logging_mixin.py:190} INFO - [2025-03-18T20:02:47.005+0000] {override.py:1912} INFO - Created Permission View: can edit on DAG:example_params_trigger_ui
[2025-03-18T20:02:47.008+0000] {logging_mixin.py:190} INFO - [2025-03-18T20:02:47.008+0000] {override.py:1912} INFO - Created Permission View: menu access on DAG Run:example_params_trigger_ui
[2025-03-18T20:02:47.010+0000] {logging_mixin.py:190} INFO - [2025-03-18T20:02:47.010+0000] {override.py:1912} INFO - Created Permission View: can create on DAG Run:example_params_trigger_ui
[2025-03-18T20:02:47.013+0000] {logging_mixin.py:190} INFO - [2025-03-18T20:02:47.013+0000] {override.py:1912} INFO - Created Permission View: can read on DAG Run:example_params_trigger_ui
[2025-03-18T20:02:47.015+0000] {logging_mixin.py:190} INFO - [2025-03-18T20:02:47.015+0000] {override.py:1912} INFO - Created Permission View: can delete on DAG Run:example_params_trigger_ui
[2025-03-18T20:02:47.015+0000] {logging_mixin.py:190} INFO - [2025-03-18T20:02:47.015+0000] {dag.py:3239} INFO - Sync 1 DAGs
[2025-03-18T20:02:47.020+0000] {logging_mixin.py:190} INFO - [2025-03-18T20:02:47.020+0000] {dag.py:3262} INFO - Creating ORM DAG for example_params_trigger_ui
[2025-03-18T20:02:47.020+0000] {logging_mixin.py:190} INFO - [2025-03-18T20:02:47.020+0000] {dag.py:4180} INFO - Setting next_dagrun for example_params_trigger_ui to None, run_after=None
[2025-03-18T20:02:47.027+0000] {processor.py:208} INFO - Processing /home/airflow/.local/lib/python3.12/site-packages/airflow/example_dags/example_params_trigger_ui.py took 0.094 seconds
[2025-03-18T20:03:17.551+0000] {processor.py:186} INFO - Started process (PID=147) to work on /home/airflow/.local/lib/python3.12/site-packages/airflow/example_dags/example_params_trigger_ui.py
[2025-03-18T20:03:17.552+0000] {processor.py:914} INFO - Processing file /home/airflow/.local/lib/python3.12/site-packages/airflow/example_dags/example_params_trigger_ui.py for tasks to queue
[2025-03-18T20:03:17.552+0000] {logging_mixin.py:190} INFO - [2025-03-18T20:03:17.552+0000] {dagbag.py:588} INFO - Filling up the DagBag from /home/airflow/.local/lib/python3.12/site-packages/airflow/example_dags/example_params_trigger_ui.py
[2025-03-18T20:03:17.557+0000] {processor.py:925} INFO - DAG(s) 'example_params_trigger_ui' retrieved from /home/airflow/.local/lib/python3.12/site-packages/airflow/example_dags/example_params_trigger_ui.py
[2025-03-18T20:03:17.571+0000] {logging_mixin.py:190} INFO - [2025-03-18T20:03:17.571+0000] {dag.py:3239} INFO - Sync 1 DAGs
[2025-03-18T20:03:17.576+0000] {logging_mixin.py:190} INFO - [2025-03-18T20:03:17.575+0000] {dag.py:4180} INFO - Setting next_dagrun for example_params_trigger_ui to None, run_after=None
[2025-03-18T20:03:17.581+0000] {processor.py:208} INFO - Processing /home/airflow/.local/lib/python3.12/site-packages/airflow/example_dags/example_params_trigger_ui.py took 0.032 seconds
[2025-03-18T20:03:47.659+0000] {processor.py:186} INFO - Started process (PID=210) to work on /home/airflow/.local/lib/python3.12/site-packages/airflow/example_dags/example_params_trigger_ui.py
[2025-03-18T20:03:47.660+0000] {processor.py:914} INFO - Processing file /home/airflow/.local/lib/python3.12/site-packages/airflow/example_dags/example_params_trigger_ui.py for tasks to queue
[2025-03-18T20:03:47.660+0000] {logging_mixin.py:190} INFO - [2025-03-18T20:03:47.660+0000] {dagbag.py:588} INFO - Filling up the DagBag from /home/airflow/.local/lib/python3.12/site-packages/airflow/example_dags/example_params_trigger_ui.py
[2025-03-18T20:03:47.665+0000] {processor.py:925} INFO - DAG(s) 'example_params_trigger_ui' retrieved from /home/airflow/.local/lib/python3.12/site-packages/airflow/example_dags/example_params_trigger_ui.py
[2025-03-18T20:03:47.678+0000] {logging_mixin.py:190} INFO - [2025-03-18T20:03:47.678+0000] {dag.py:3239} INFO - Sync 1 DAGs
[2025-03-18T20:03:47.684+0000] {logging_mixin.py:190} INFO - [2025-03-18T20:03:47.684+0000] {dag.py:4180} INFO - Setting next_dagrun for example_params_trigger_ui to None, run_after=None
[2025-03-18T20:03:47.693+0000] {processor.py:208} INFO - Processing /home/airflow/.local/lib/python3.12/site-packages/airflow/example_dags/example_params_trigger_ui.py took 0.036 seconds
[2025-03-18T20:04:18.683+0000] {processor.py:186} INFO - Started process (PID=273) to work on /home/airflow/.local/lib/python3.12/site-packages/airflow/example_dags/example_params_trigger_ui.py
[2025-03-18T20:04:18.683+0000] {processor.py:914} INFO - Processing file /home/airflow/.local/lib/python3.12/site-packages/airflow/example_dags/example_params_trigger_ui.py for tasks to queue
[2025-03-18T20:04:18.684+0000] {logging_mixin.py:190} INFO - [2025-03-18T20:04:18.684+0000] {dagbag.py:588} INFO - Filling up the DagBag from /home/airflow/.local/lib/python3.12/site-packages/airflow/example_dags/example_params_trigger_ui.py
[2025-03-18T20:04:18.688+0000] {processor.py:925} INFO - DAG(s) 'example_params_trigger_ui' retrieved from /home/airflow/.local/lib/python3.12/site-packages/airflow/example_dags/example_params_trigger_ui.py
[2025-03-18T20:04:18.702+0000] {logging_mixin.py:190} INFO - [2025-03-18T20:04:18.702+0000] {dag.py:3239} INFO - Sync 1 DAGs
[2025-03-18T20:04:18.707+0000] {logging_mixin.py:190} INFO - [2025-03-18T20:04:18.707+0000] {dag.py:4180} INFO - Setting next_dagrun for example_params_trigger_ui to None, run_after=None
[2025-03-18T20:04:18.713+0000] {processor.py:208} INFO - Processing /home/airflow/.local/lib/python3.12/site-packages/airflow/example_dags/example_params_trigger_ui.py took 0.033 seconds
[2025-03-18T20:04:49.774+0000] {processor.py:186} INFO - Started process (PID=336) to work on /home/airflow/.local/lib/python3.12/site-packages/airflow/example_dags/example_params_trigger_ui.py
[2025-03-18T20:04:49.775+0000] {processor.py:914} INFO - Processing file /home/airflow/.local/lib/python3.12/site-packages/airflow/example_dags/example_params_trigger_ui.py for tasks to queue
[2025-03-18T20:04:49.776+0000] {logging_mixin.py:190} INFO - [2025-03-18T20:04:49.775+0000] {dagbag.py:588} INFO - Filling up the DagBag from /home/airflow/.local/lib/python3.12/site-packages/airflow/example_dags/example_params_trigger_ui.py
[2025-03-18T20:04:49.780+0000] {processor.py:925} INFO - DAG(s) 'example_params_trigger_ui' retrieved from /home/airflow/.local/lib/python3.12/site-packages/airflow/example_dags/example_params_trigger_ui.py
[2025-03-18T20:04:49.795+0000] {logging_mixin.py:190} INFO - [2025-03-18T20:04:49.795+0000] {dag.py:3239} INFO - Sync 1 DAGs
[2025-03-18T20:04:49.800+0000] {logging_mixin.py:190} INFO - [2025-03-18T20:04:49.800+0000] {dag.py:4180} INFO - Setting next_dagrun for example_params_trigger_ui to None, run_after=None
[2025-03-18T20:04:49.807+0000] {processor.py:208} INFO - Processing /home/airflow/.local/lib/python3.12/site-packages/airflow/example_dags/example_params_trigger_ui.py took 0.035 seconds
[2025-03-18T20:05:20.831+0000] {processor.py:186} INFO - Started process (PID=399) to work on /home/airflow/.local/lib/python3.12/site-packages/airflow/example_dags/example_params_trigger_ui.py
[2025-03-18T20:05:20.831+0000] {processor.py:914} INFO - Processing file /home/airflow/.local/lib/python3.12/site-packages/airflow/example_dags/example_params_trigger_ui.py for tasks to queue
[2025-03-18T20:05:20.832+0000] {logging_mixin.py:190} INFO - [2025-03-18T20:05:20.832+0000] {dagbag.py:588} INFO - Filling up the DagBag from /home/airflow/.local/lib/python3.12/site-packages/airflow/example_dags/example_params_trigger_ui.py
[2025-03-18T20:05:20.837+0000] {processor.py:925} INFO - DAG(s) 'example_params_trigger_ui' retrieved from /home/airflow/.local/lib/python3.12/site-packages/airflow/example_dags/example_params_trigger_ui.py
[2025-03-18T20:05:20.851+0000] {logging_mixin.py:190} INFO - [2025-03-18T20:05:20.851+0000] {dag.py:3239} INFO - Sync 1 DAGs
[2025-03-18T20:05:20.857+0000] {logging_mixin.py:190} INFO - [2025-03-18T20:05:20.857+0000] {dag.py:4180} INFO - Setting next_dagrun for example_params_trigger_ui to None, run_after=None
[2025-03-18T20:05:20.863+0000] {processor.py:208} INFO - Processing /home/airflow/.local/lib/python3.12/site-packages/airflow/example_dags/example_params_trigger_ui.py took 0.034 seconds
[2025-03-18T20:05:51.969+0000] {processor.py:186} INFO - Started process (PID=462) to work on /home/airflow/.local/lib/python3.12/site-packages/airflow/example_dags/example_params_trigger_ui.py
[2025-03-18T20:05:51.970+0000] {processor.py:914} INFO - Processing file /home/airflow/.local/lib/python3.12/site-packages/airflow/example_dags/example_params_trigger_ui.py for tasks to queue
[2025-03-18T20:05:51.970+0000] {logging_mixin.py:190} INFO - [2025-03-18T20:05:51.970+0000] {dagbag.py:588} INFO - Filling up the DagBag from /home/airflow/.local/lib/python3.12/site-packages/airflow/example_dags/example_params_trigger_ui.py
[2025-03-18T20:05:51.975+0000] {processor.py:925} INFO - DAG(s) 'example_params_trigger_ui' retrieved from /home/airflow/.local/lib/python3.12/site-packages/airflow/example_dags/example_params_trigger_ui.py
[2025-03-18T20:05:51.989+0000] {logging_mixin.py:190} INFO - [2025-03-18T20:05:51.989+0000] {dag.py:3239} INFO - Sync 1 DAGs
[2025-03-18T20:05:51.994+0000] {logging_mixin.py:190} INFO - [2025-03-18T20:05:51.994+0000] {dag.py:4180} INFO - Setting next_dagrun for example_params_trigger_ui to None, run_after=None
[2025-03-18T20:05:52.000+0000] {processor.py:208} INFO - Processing /home/airflow/.local/lib/python3.12/site-packages/airflow/example_dags/example_params_trigger_ui.py took 0.033 seconds
