[2025-03-18T20:02:45.778+0000] {processor.py:186} INFO - Started process (PID=66) to work on /home/airflow/.local/lib/python3.12/site-packages/airflow/example_dags/example_xcomargs.py
[2025-03-18T20:02:45.779+0000] {processor.py:914} INFO - Processing file /home/airflow/.local/lib/python3.12/site-packages/airflow/example_dags/example_xcomargs.py for tasks to queue
[2025-03-18T20:02:45.780+0000] {logging_mixin.py:190} INFO - [2025-03-18T20:02:45.780+0000] {dagbag.py:588} INFO - Filling up the DagBag from /home/airflow/.local/lib/python3.12/site-packages/airflow/example_dags/example_xcomargs.py
[2025-03-18T20:02:45.785+0000] {processor.py:925} INFO - DAG(s) 'example_xcom_args_with_operators', 'example_xcom_args' retrieved from /home/airflow/.local/lib/python3.12/site-packages/airflow/example_dags/example_xcomargs.py
[2025-03-18T20:02:45.826+0000] {logging_mixin.py:190} INFO - [2025-03-18T20:02:45.826+0000] {override.py:1912} INFO - Created Permission View: can read on DAG:example_xcom_args_with_operators
[2025-03-18T20:02:45.829+0000] {logging_mixin.py:190} INFO - [2025-03-18T20:02:45.829+0000] {override.py:1912} INFO - Created Permission View: can delete on DAG:example_xcom_args_with_operators
[2025-03-18T20:02:45.831+0000] {logging_mixin.py:190} INFO - [2025-03-18T20:02:45.831+0000] {override.py:1912} INFO - Created Permission View: can edit on DAG:example_xcom_args_with_operators
[2025-03-18T20:02:45.833+0000] {logging_mixin.py:190} INFO - [2025-03-18T20:02:45.833+0000] {override.py:1912} INFO - Created Permission View: menu access on DAG Run:example_xcom_args_with_operators
[2025-03-18T20:02:45.836+0000] {logging_mixin.py:190} INFO - [2025-03-18T20:02:45.836+0000] {override.py:1912} INFO - Created Permission View: can create on DAG Run:example_xcom_args_with_operators
[2025-03-18T20:02:45.838+0000] {logging_mixin.py:190} INFO - [2025-03-18T20:02:45.838+0000] {override.py:1912} INFO - Created Permission View: can read on DAG Run:example_xcom_args_with_operators
[2025-03-18T20:02:45.841+0000] {logging_mixin.py:190} INFO - [2025-03-18T20:02:45.840+0000] {override.py:1912} INFO - Created Permission View: can delete on DAG Run:example_xcom_args_with_operators
[2025-03-18T20:02:45.845+0000] {logging_mixin.py:190} INFO - [2025-03-18T20:02:45.845+0000] {override.py:1912} INFO - Created Permission View: can read on DAG:example_xcom_args
[2025-03-18T20:02:45.847+0000] {logging_mixin.py:190} INFO - [2025-03-18T20:02:45.846+0000] {override.py:1912} INFO - Created Permission View: can delete on DAG:example_xcom_args
[2025-03-18T20:02:45.849+0000] {logging_mixin.py:190} INFO - [2025-03-18T20:02:45.848+0000] {override.py:1912} INFO - Created Permission View: can edit on DAG:example_xcom_args
[2025-03-18T20:02:45.851+0000] {logging_mixin.py:190} INFO - [2025-03-18T20:02:45.851+0000] {override.py:1912} INFO - Created Permission View: menu access on DAG Run:example_xcom_args
[2025-03-18T20:02:45.853+0000] {logging_mixin.py:190} INFO - [2025-03-18T20:02:45.853+0000] {override.py:1912} INFO - Created Permission View: can create on DAG Run:example_xcom_args
[2025-03-18T20:02:45.854+0000] {logging_mixin.py:190} INFO - [2025-03-18T20:02:45.854+0000] {override.py:1912} INFO - Created Permission View: can read on DAG Run:example_xcom_args
[2025-03-18T20:02:45.857+0000] {logging_mixin.py:190} INFO - [2025-03-18T20:02:45.857+0000] {override.py:1912} INFO - Created Permission View: can delete on DAG Run:example_xcom_args
[2025-03-18T20:02:45.857+0000] {logging_mixin.py:190} INFO - [2025-03-18T20:02:45.857+0000] {dag.py:3239} INFO - Sync 2 DAGs
[2025-03-18T20:02:45.862+0000] {logging_mixin.py:190} INFO - [2025-03-18T20:02:45.862+0000] {dag.py:3262} INFO - Creating ORM DAG for example_xcom_args_with_operators
[2025-03-18T20:02:45.863+0000] {logging_mixin.py:190} INFO - [2025-03-18T20:02:45.862+0000] {dag.py:3262} INFO - Creating ORM DAG for example_xcom_args
[2025-03-18T20:02:45.863+0000] {logging_mixin.py:190} INFO - [2025-03-18T20:02:45.863+0000] {dag.py:4180} INFO - Setting next_dagrun for example_xcom_args to None, run_after=None
[2025-03-18T20:02:45.863+0000] {logging_mixin.py:190} INFO - [2025-03-18T20:02:45.863+0000] {dag.py:4180} INFO - Setting next_dagrun for example_xcom_args_with_operators to None, run_after=None
[2025-03-18T20:02:45.870+0000] {processor.py:208} INFO - Processing /home/airflow/.local/lib/python3.12/site-packages/airflow/example_dags/example_xcomargs.py took 0.094 seconds
[2025-03-18T20:03:16.790+0000] {processor.py:186} INFO - Started process (PID=128) to work on /home/airflow/.local/lib/python3.12/site-packages/airflow/example_dags/example_xcomargs.py
[2025-03-18T20:03:16.790+0000] {processor.py:914} INFO - Processing file /home/airflow/.local/lib/python3.12/site-packages/airflow/example_dags/example_xcomargs.py for tasks to queue
[2025-03-18T20:03:16.791+0000] {logging_mixin.py:190} INFO - [2025-03-18T20:03:16.791+0000] {dagbag.py:588} INFO - Filling up the DagBag from /home/airflow/.local/lib/python3.12/site-packages/airflow/example_dags/example_xcomargs.py
[2025-03-18T20:03:16.796+0000] {processor.py:925} INFO - DAG(s) 'example_xcom_args', 'example_xcom_args_with_operators' retrieved from /home/airflow/.local/lib/python3.12/site-packages/airflow/example_dags/example_xcomargs.py
[2025-03-18T20:03:16.807+0000] {logging_mixin.py:190} INFO - [2025-03-18T20:03:16.807+0000] {dag.py:3239} INFO - Sync 2 DAGs
[2025-03-18T20:03:16.813+0000] {logging_mixin.py:190} INFO - [2025-03-18T20:03:16.813+0000] {dag.py:4180} INFO - Setting next_dagrun for example_xcom_args to None, run_after=None
[2025-03-18T20:03:16.814+0000] {logging_mixin.py:190} INFO - [2025-03-18T20:03:16.814+0000] {dag.py:4180} INFO - Setting next_dagrun for example_xcom_args_with_operators to None, run_after=None
[2025-03-18T20:03:16.820+0000] {processor.py:208} INFO - Processing /home/airflow/.local/lib/python3.12/site-packages/airflow/example_dags/example_xcomargs.py took 0.033 seconds
[2025-03-18T20:03:47.121+0000] {processor.py:186} INFO - Started process (PID=191) to work on /home/airflow/.local/lib/python3.12/site-packages/airflow/example_dags/example_xcomargs.py
[2025-03-18T20:03:47.121+0000] {processor.py:914} INFO - Processing file /home/airflow/.local/lib/python3.12/site-packages/airflow/example_dags/example_xcomargs.py for tasks to queue
[2025-03-18T20:03:47.122+0000] {logging_mixin.py:190} INFO - [2025-03-18T20:03:47.122+0000] {dagbag.py:588} INFO - Filling up the DagBag from /home/airflow/.local/lib/python3.12/site-packages/airflow/example_dags/example_xcomargs.py
[2025-03-18T20:03:47.128+0000] {processor.py:925} INFO - DAG(s) 'example_xcom_args', 'example_xcom_args_with_operators' retrieved from /home/airflow/.local/lib/python3.12/site-packages/airflow/example_dags/example_xcomargs.py
[2025-03-18T20:03:47.140+0000] {logging_mixin.py:190} INFO - [2025-03-18T20:03:47.140+0000] {dag.py:3239} INFO - Sync 2 DAGs
[2025-03-18T20:03:47.147+0000] {logging_mixin.py:190} INFO - [2025-03-18T20:03:47.147+0000] {dag.py:4180} INFO - Setting next_dagrun for example_xcom_args to None, run_after=None
[2025-03-18T20:03:47.149+0000] {logging_mixin.py:190} INFO - [2025-03-18T20:03:47.149+0000] {dag.py:4180} INFO - Setting next_dagrun for example_xcom_args_with_operators to None, run_after=None
[2025-03-18T20:03:47.155+0000] {processor.py:208} INFO - Processing /home/airflow/.local/lib/python3.12/site-packages/airflow/example_dags/example_xcomargs.py took 0.038 seconds
[2025-03-18T20:04:18.106+0000] {processor.py:186} INFO - Started process (PID=254) to work on /home/airflow/.local/lib/python3.12/site-packages/airflow/example_dags/example_xcomargs.py
[2025-03-18T20:04:18.106+0000] {processor.py:914} INFO - Processing file /home/airflow/.local/lib/python3.12/site-packages/airflow/example_dags/example_xcomargs.py for tasks to queue
[2025-03-18T20:04:18.107+0000] {logging_mixin.py:190} INFO - [2025-03-18T20:04:18.107+0000] {dagbag.py:588} INFO - Filling up the DagBag from /home/airflow/.local/lib/python3.12/site-packages/airflow/example_dags/example_xcomargs.py
[2025-03-18T20:04:18.113+0000] {processor.py:925} INFO - DAG(s) 'example_xcom_args', 'example_xcom_args_with_operators' retrieved from /home/airflow/.local/lib/python3.12/site-packages/airflow/example_dags/example_xcomargs.py
[2025-03-18T20:04:18.126+0000] {logging_mixin.py:190} INFO - [2025-03-18T20:04:18.126+0000] {dag.py:3239} INFO - Sync 2 DAGs
[2025-03-18T20:04:18.132+0000] {logging_mixin.py:190} INFO - [2025-03-18T20:04:18.132+0000] {dag.py:4180} INFO - Setting next_dagrun for example_xcom_args to None, run_after=None
[2025-03-18T20:04:18.134+0000] {logging_mixin.py:190} INFO - [2025-03-18T20:04:18.134+0000] {dag.py:4180} INFO - Setting next_dagrun for example_xcom_args_with_operators to None, run_after=None
[2025-03-18T20:04:18.140+0000] {processor.py:208} INFO - Processing /home/airflow/.local/lib/python3.12/site-packages/airflow/example_dags/example_xcomargs.py took 0.038 seconds
[2025-03-18T20:04:48.204+0000] {processor.py:186} INFO - Started process (PID=316) to work on /home/airflow/.local/lib/python3.12/site-packages/airflow/example_dags/example_xcomargs.py
[2025-03-18T20:04:48.205+0000] {processor.py:914} INFO - Processing file /home/airflow/.local/lib/python3.12/site-packages/airflow/example_dags/example_xcomargs.py for tasks to queue
[2025-03-18T20:04:48.206+0000] {logging_mixin.py:190} INFO - [2025-03-18T20:04:48.206+0000] {dagbag.py:588} INFO - Filling up the DagBag from /home/airflow/.local/lib/python3.12/site-packages/airflow/example_dags/example_xcomargs.py
[2025-03-18T20:04:48.211+0000] {processor.py:925} INFO - DAG(s) 'example_xcom_args', 'example_xcom_args_with_operators' retrieved from /home/airflow/.local/lib/python3.12/site-packages/airflow/example_dags/example_xcomargs.py
[2025-03-18T20:04:48.220+0000] {logging_mixin.py:190} INFO - [2025-03-18T20:04:48.219+0000] {dag.py:3239} INFO - Sync 2 DAGs
[2025-03-18T20:04:48.224+0000] {logging_mixin.py:190} INFO - [2025-03-18T20:04:48.224+0000] {dag.py:4180} INFO - Setting next_dagrun for example_xcom_args to None, run_after=None
[2025-03-18T20:04:48.226+0000] {logging_mixin.py:190} INFO - [2025-03-18T20:04:48.226+0000] {dag.py:4180} INFO - Setting next_dagrun for example_xcom_args_with_operators to None, run_after=None
[2025-03-18T20:04:48.231+0000] {processor.py:208} INFO - Processing /home/airflow/.local/lib/python3.12/site-packages/airflow/example_dags/example_xcomargs.py took 0.029 seconds
[2025-03-18T20:05:19.236+0000] {processor.py:186} INFO - Started process (PID=379) to work on /home/airflow/.local/lib/python3.12/site-packages/airflow/example_dags/example_xcomargs.py
[2025-03-18T20:05:19.236+0000] {processor.py:914} INFO - Processing file /home/airflow/.local/lib/python3.12/site-packages/airflow/example_dags/example_xcomargs.py for tasks to queue
[2025-03-18T20:05:19.237+0000] {logging_mixin.py:190} INFO - [2025-03-18T20:05:19.237+0000] {dagbag.py:588} INFO - Filling up the DagBag from /home/airflow/.local/lib/python3.12/site-packages/airflow/example_dags/example_xcomargs.py
[2025-03-18T20:05:19.242+0000] {processor.py:925} INFO - DAG(s) 'example_xcom_args_with_operators', 'example_xcom_args' retrieved from /home/airflow/.local/lib/python3.12/site-packages/airflow/example_dags/example_xcomargs.py
[2025-03-18T20:05:19.249+0000] {logging_mixin.py:190} INFO - [2025-03-18T20:05:19.249+0000] {dag.py:3239} INFO - Sync 2 DAGs
[2025-03-18T20:05:19.255+0000] {logging_mixin.py:190} INFO - [2025-03-18T20:05:19.255+0000] {dag.py:4180} INFO - Setting next_dagrun for example_xcom_args to None, run_after=None
[2025-03-18T20:05:19.256+0000] {logging_mixin.py:190} INFO - [2025-03-18T20:05:19.256+0000] {dag.py:4180} INFO - Setting next_dagrun for example_xcom_args_with_operators to None, run_after=None
[2025-03-18T20:05:19.261+0000] {processor.py:208} INFO - Processing /home/airflow/.local/lib/python3.12/site-packages/airflow/example_dags/example_xcomargs.py took 0.028 seconds
[2025-03-18T20:05:50.361+0000] {processor.py:186} INFO - Started process (PID=442) to work on /home/airflow/.local/lib/python3.12/site-packages/airflow/example_dags/example_xcomargs.py
[2025-03-18T20:05:50.361+0000] {processor.py:914} INFO - Processing file /home/airflow/.local/lib/python3.12/site-packages/airflow/example_dags/example_xcomargs.py for tasks to queue
[2025-03-18T20:05:50.362+0000] {logging_mixin.py:190} INFO - [2025-03-18T20:05:50.362+0000] {dagbag.py:588} INFO - Filling up the DagBag from /home/airflow/.local/lib/python3.12/site-packages/airflow/example_dags/example_xcomargs.py
[2025-03-18T20:05:50.366+0000] {processor.py:925} INFO - DAG(s) 'example_xcom_args_with_operators', 'example_xcom_args' retrieved from /home/airflow/.local/lib/python3.12/site-packages/airflow/example_dags/example_xcomargs.py
[2025-03-18T20:05:50.375+0000] {logging_mixin.py:190} INFO - [2025-03-18T20:05:50.375+0000] {dag.py:3239} INFO - Sync 2 DAGs
[2025-03-18T20:05:50.380+0000] {logging_mixin.py:190} INFO - [2025-03-18T20:05:50.380+0000] {dag.py:4180} INFO - Setting next_dagrun for example_xcom_args to None, run_after=None
[2025-03-18T20:05:50.382+0000] {logging_mixin.py:190} INFO - [2025-03-18T20:05:50.382+0000] {dag.py:4180} INFO - Setting next_dagrun for example_xcom_args_with_operators to None, run_after=None
[2025-03-18T20:05:50.387+0000] {processor.py:208} INFO - Processing /home/airflow/.local/lib/python3.12/site-packages/airflow/example_dags/example_xcomargs.py took 0.028 seconds
