[2025-03-18T20:02:46.375+0000] {processor.py:186} INFO - Started process (PID=77) to work on /home/airflow/.local/lib/python3.12/site-packages/airflow/example_dags/example_python_decorator.py
[2025-03-18T20:02:46.375+0000] {processor.py:914} INFO - Processing file /home/airflow/.local/lib/python3.12/site-packages/airflow/example_dags/example_python_decorator.py for tasks to queue
[2025-03-18T20:02:46.376+0000] {logging_mixin.py:190} INFO - [2025-03-18T20:02:46.376+0000] {dagbag.py:588} INFO - Filling up the DagBag from /home/airflow/.local/lib/python3.12/site-packages/airflow/example_dags/example_python_decorator.py
[2025-03-18T20:02:46.383+0000] {processor.py:925} INFO - DAG(s) 'example_python_decorator' retrieved from /home/airflow/.local/lib/python3.12/site-packages/airflow/example_dags/example_python_decorator.py
[2025-03-18T20:02:46.425+0000] {logging_mixin.py:190} INFO - [2025-03-18T20:02:46.425+0000] {override.py:1912} INFO - Created Permission View: can read on DAG:example_python_decorator
[2025-03-18T20:02:46.429+0000] {logging_mixin.py:190} INFO - [2025-03-18T20:02:46.429+0000] {override.py:1912} INFO - Created Permission View: can delete on DAG:example_python_decorator
[2025-03-18T20:02:46.431+0000] {logging_mixin.py:190} INFO - [2025-03-18T20:02:46.431+0000] {override.py:1912} INFO - Created Permission View: can edit on DAG:example_python_decorator
[2025-03-18T20:02:46.434+0000] {logging_mixin.py:190} INFO - [2025-03-18T20:02:46.434+0000] {override.py:1912} INFO - Created Permission View: menu access on DAG Run:example_python_decorator
[2025-03-18T20:02:46.436+0000] {logging_mixin.py:190} INFO - [2025-03-18T20:02:46.436+0000] {override.py:1912} INFO - Created Permission View: can create on DAG Run:example_python_decorator
[2025-03-18T20:02:46.438+0000] {logging_mixin.py:190} INFO - [2025-03-18T20:02:46.438+0000] {override.py:1912} INFO - Created Permission View: can read on DAG Run:example_python_decorator
[2025-03-18T20:02:46.440+0000] {logging_mixin.py:190} INFO - [2025-03-18T20:02:46.440+0000] {override.py:1912} INFO - Created Permission View: can delete on DAG Run:example_python_decorator
[2025-03-18T20:02:46.442+0000] {logging_mixin.py:190} INFO - [2025-03-18T20:02:46.442+0000] {dag.py:3239} INFO - Sync 1 DAGs
[2025-03-18T20:02:46.447+0000] {logging_mixin.py:190} INFO - [2025-03-18T20:02:46.447+0000] {dag.py:3262} INFO - Creating ORM DAG for example_python_decorator
[2025-03-18T20:02:46.447+0000] {logging_mixin.py:190} INFO - [2025-03-18T20:02:46.447+0000] {dag.py:4180} INFO - Setting next_dagrun for example_python_decorator to None, run_after=None
[2025-03-18T20:02:46.453+0000] {processor.py:208} INFO - Processing /home/airflow/.local/lib/python3.12/site-packages/airflow/example_dags/example_python_decorator.py took 0.080 seconds
[2025-03-18T20:03:17.159+0000] {processor.py:186} INFO - Started process (PID=139) to work on /home/airflow/.local/lib/python3.12/site-packages/airflow/example_dags/example_python_decorator.py
[2025-03-18T20:03:17.160+0000] {processor.py:914} INFO - Processing file /home/airflow/.local/lib/python3.12/site-packages/airflow/example_dags/example_python_decorator.py for tasks to queue
[2025-03-18T20:03:17.162+0000] {logging_mixin.py:190} INFO - [2025-03-18T20:03:17.161+0000] {dagbag.py:588} INFO - Filling up the DagBag from /home/airflow/.local/lib/python3.12/site-packages/airflow/example_dags/example_python_decorator.py
[2025-03-18T20:03:17.167+0000] {processor.py:925} INFO - DAG(s) 'example_python_decorator' retrieved from /home/airflow/.local/lib/python3.12/site-packages/airflow/example_dags/example_python_decorator.py
[2025-03-18T20:03:17.175+0000] {logging_mixin.py:190} INFO - [2025-03-18T20:03:17.175+0000] {dag.py:3239} INFO - Sync 1 DAGs
[2025-03-18T20:03:17.180+0000] {logging_mixin.py:190} INFO - [2025-03-18T20:03:17.180+0000] {dag.py:4180} INFO - Setting next_dagrun for example_python_decorator to None, run_after=None
[2025-03-18T20:03:17.186+0000] {processor.py:208} INFO - Processing /home/airflow/.local/lib/python3.12/site-packages/airflow/example_dags/example_python_decorator.py took 0.029 seconds
[2025-03-18T20:03:47.482+0000] {processor.py:186} INFO - Started process (PID=202) to work on /home/airflow/.local/lib/python3.12/site-packages/airflow/example_dags/example_python_decorator.py
[2025-03-18T20:03:47.483+0000] {processor.py:914} INFO - Processing file /home/airflow/.local/lib/python3.12/site-packages/airflow/example_dags/example_python_decorator.py for tasks to queue
[2025-03-18T20:03:47.483+0000] {logging_mixin.py:190} INFO - [2025-03-18T20:03:47.483+0000] {dagbag.py:588} INFO - Filling up the DagBag from /home/airflow/.local/lib/python3.12/site-packages/airflow/example_dags/example_python_decorator.py
[2025-03-18T20:03:47.491+0000] {processor.py:925} INFO - DAG(s) 'example_python_decorator' retrieved from /home/airflow/.local/lib/python3.12/site-packages/airflow/example_dags/example_python_decorator.py
[2025-03-18T20:03:47.498+0000] {logging_mixin.py:190} INFO - [2025-03-18T20:03:47.498+0000] {dag.py:3239} INFO - Sync 1 DAGs
[2025-03-18T20:03:47.503+0000] {logging_mixin.py:190} INFO - [2025-03-18T20:03:47.503+0000] {dag.py:4180} INFO - Setting next_dagrun for example_python_decorator to None, run_after=None
[2025-03-18T20:03:47.509+0000] {processor.py:208} INFO - Processing /home/airflow/.local/lib/python3.12/site-packages/airflow/example_dags/example_python_decorator.py took 0.029 seconds
[2025-03-18T20:04:18.468+0000] {processor.py:186} INFO - Started process (PID=265) to work on /home/airflow/.local/lib/python3.12/site-packages/airflow/example_dags/example_python_decorator.py
[2025-03-18T20:04:18.469+0000] {processor.py:914} INFO - Processing file /home/airflow/.local/lib/python3.12/site-packages/airflow/example_dags/example_python_decorator.py for tasks to queue
[2025-03-18T20:04:18.470+0000] {logging_mixin.py:190} INFO - [2025-03-18T20:04:18.470+0000] {dagbag.py:588} INFO - Filling up the DagBag from /home/airflow/.local/lib/python3.12/site-packages/airflow/example_dags/example_python_decorator.py
[2025-03-18T20:04:18.476+0000] {processor.py:925} INFO - DAG(s) 'example_python_decorator' retrieved from /home/airflow/.local/lib/python3.12/site-packages/airflow/example_dags/example_python_decorator.py
[2025-03-18T20:04:18.484+0000] {logging_mixin.py:190} INFO - [2025-03-18T20:04:18.484+0000] {dag.py:3239} INFO - Sync 1 DAGs
[2025-03-18T20:04:18.488+0000] {logging_mixin.py:190} INFO - [2025-03-18T20:04:18.488+0000] {dag.py:4180} INFO - Setting next_dagrun for example_python_decorator to None, run_after=None
[2025-03-18T20:04:18.494+0000] {processor.py:208} INFO - Processing /home/airflow/.local/lib/python3.12/site-packages/airflow/example_dags/example_python_decorator.py took 0.028 seconds
[2025-03-18T20:04:49.561+0000] {processor.py:186} INFO - Started process (PID=328) to work on /home/airflow/.local/lib/python3.12/site-packages/airflow/example_dags/example_python_decorator.py
[2025-03-18T20:04:49.562+0000] {processor.py:914} INFO - Processing file /home/airflow/.local/lib/python3.12/site-packages/airflow/example_dags/example_python_decorator.py for tasks to queue
[2025-03-18T20:04:49.562+0000] {logging_mixin.py:190} INFO - [2025-03-18T20:04:49.562+0000] {dagbag.py:588} INFO - Filling up the DagBag from /home/airflow/.local/lib/python3.12/site-packages/airflow/example_dags/example_python_decorator.py
[2025-03-18T20:04:49.568+0000] {processor.py:925} INFO - DAG(s) 'example_python_decorator' retrieved from /home/airflow/.local/lib/python3.12/site-packages/airflow/example_dags/example_python_decorator.py
[2025-03-18T20:04:49.576+0000] {logging_mixin.py:190} INFO - [2025-03-18T20:04:49.576+0000] {dag.py:3239} INFO - Sync 1 DAGs
[2025-03-18T20:04:49.581+0000] {logging_mixin.py:190} INFO - [2025-03-18T20:04:49.581+0000] {dag.py:4180} INFO - Setting next_dagrun for example_python_decorator to None, run_after=None
[2025-03-18T20:04:49.586+0000] {processor.py:208} INFO - Processing /home/airflow/.local/lib/python3.12/site-packages/airflow/example_dags/example_python_decorator.py took 0.028 seconds
[2025-03-18T20:05:20.597+0000] {processor.py:186} INFO - Started process (PID=391) to work on /home/airflow/.local/lib/python3.12/site-packages/airflow/example_dags/example_python_decorator.py
[2025-03-18T20:05:20.598+0000] {processor.py:914} INFO - Processing file /home/airflow/.local/lib/python3.12/site-packages/airflow/example_dags/example_python_decorator.py for tasks to queue
[2025-03-18T20:05:20.599+0000] {logging_mixin.py:190} INFO - [2025-03-18T20:05:20.598+0000] {dagbag.py:588} INFO - Filling up the DagBag from /home/airflow/.local/lib/python3.12/site-packages/airflow/example_dags/example_python_decorator.py
[2025-03-18T20:05:20.604+0000] {processor.py:925} INFO - DAG(s) 'example_python_decorator' retrieved from /home/airflow/.local/lib/python3.12/site-packages/airflow/example_dags/example_python_decorator.py
[2025-03-18T20:05:20.612+0000] {logging_mixin.py:190} INFO - [2025-03-18T20:05:20.612+0000] {dag.py:3239} INFO - Sync 1 DAGs
[2025-03-18T20:05:20.617+0000] {logging_mixin.py:190} INFO - [2025-03-18T20:05:20.617+0000] {dag.py:4180} INFO - Setting next_dagrun for example_python_decorator to None, run_after=None
[2025-03-18T20:05:20.622+0000] {processor.py:208} INFO - Processing /home/airflow/.local/lib/python3.12/site-packages/airflow/example_dags/example_python_decorator.py took 0.027 seconds
[2025-03-18T20:05:51.671+0000] {processor.py:186} INFO - Started process (PID=454) to work on /home/airflow/.local/lib/python3.12/site-packages/airflow/example_dags/example_python_decorator.py
[2025-03-18T20:05:51.672+0000] {processor.py:914} INFO - Processing file /home/airflow/.local/lib/python3.12/site-packages/airflow/example_dags/example_python_decorator.py for tasks to queue
[2025-03-18T20:05:51.672+0000] {logging_mixin.py:190} INFO - [2025-03-18T20:05:51.672+0000] {dagbag.py:588} INFO - Filling up the DagBag from /home/airflow/.local/lib/python3.12/site-packages/airflow/example_dags/example_python_decorator.py
[2025-03-18T20:05:51.678+0000] {processor.py:925} INFO - DAG(s) 'example_python_decorator' retrieved from /home/airflow/.local/lib/python3.12/site-packages/airflow/example_dags/example_python_decorator.py
[2025-03-18T20:05:51.686+0000] {logging_mixin.py:190} INFO - [2025-03-18T20:05:51.686+0000] {dag.py:3239} INFO - Sync 1 DAGs
[2025-03-18T20:05:51.692+0000] {logging_mixin.py:190} INFO - [2025-03-18T20:05:51.691+0000] {dag.py:4180} INFO - Setting next_dagrun for example_python_decorator to None, run_after=None
[2025-03-18T20:05:51.698+0000] {processor.py:208} INFO - Processing /home/airflow/.local/lib/python3.12/site-packages/airflow/example_dags/example_python_decorator.py took 0.029 seconds
