[2025-03-18T20:02:45.278+0000] {processor.py:186} INFO - Started process (PID=60) to work on /home/airflow/.local/lib/python3.12/site-packages/airflow/example_dags/example_branch_python_dop_operator_3.py
[2025-03-18T20:02:45.278+0000] {processor.py:914} INFO - Processing file /home/airflow/.local/lib/python3.12/site-packages/airflow/example_dags/example_branch_python_dop_operator_3.py for tasks to queue
[2025-03-18T20:02:45.279+0000] {logging_mixin.py:190} INFO - [2025-03-18T20:02:45.279+0000] {dagbag.py:588} INFO - Filling up the DagBag from /home/airflow/.local/lib/python3.12/site-packages/airflow/example_dags/example_branch_python_dop_operator_3.py
[2025-03-18T20:02:45.284+0000] {processor.py:925} INFO - DAG(s) 'example_branch_dop_operator_v3' retrieved from /home/airflow/.local/lib/python3.12/site-packages/airflow/example_dags/example_branch_python_dop_operator_3.py
[2025-03-18T20:02:45.321+0000] {logging_mixin.py:190} INFO - [2025-03-18T20:02:45.321+0000] {override.py:1912} INFO - Created Permission View: can read on DAG:example_branch_dop_operator_v3
[2025-03-18T20:02:45.324+0000] {logging_mixin.py:190} INFO - [2025-03-18T20:02:45.324+0000] {override.py:1912} INFO - Created Permission View: can delete on DAG:example_branch_dop_operator_v3
[2025-03-18T20:02:45.326+0000] {logging_mixin.py:190} INFO - [2025-03-18T20:02:45.326+0000] {override.py:1912} INFO - Created Permission View: can edit on DAG:example_branch_dop_operator_v3
[2025-03-18T20:02:45.327+0000] {logging_mixin.py:190} INFO - [2025-03-18T20:02:45.327+0000] {override.py:1912} INFO - Created Permission View: menu access on DAG Run:example_branch_dop_operator_v3
[2025-03-18T20:02:45.329+0000] {logging_mixin.py:190} INFO - [2025-03-18T20:02:45.329+0000] {override.py:1912} INFO - Created Permission View: can create on DAG Run:example_branch_dop_operator_v3
[2025-03-18T20:02:45.331+0000] {logging_mixin.py:190} INFO - [2025-03-18T20:02:45.331+0000] {override.py:1912} INFO - Created Permission View: can read on DAG Run:example_branch_dop_operator_v3
[2025-03-18T20:02:45.333+0000] {logging_mixin.py:190} INFO - [2025-03-18T20:02:45.333+0000] {override.py:1912} INFO - Created Permission View: can delete on DAG Run:example_branch_dop_operator_v3
[2025-03-18T20:02:45.333+0000] {logging_mixin.py:190} INFO - [2025-03-18T20:02:45.333+0000] {dag.py:3239} INFO - Sync 1 DAGs
[2025-03-18T20:02:45.338+0000] {logging_mixin.py:190} INFO - [2025-03-18T20:02:45.338+0000] {dag.py:3262} INFO - Creating ORM DAG for example_branch_dop_operator_v3
[2025-03-18T20:02:45.343+0000] {logging_mixin.py:190} INFO - [2025-03-18T20:02:45.343+0000] {dag.py:4180} INFO - Setting next_dagrun for example_branch_dop_operator_v3 to 2025-03-18 20:01:00+00:00, run_after=2025-03-18 20:02:00+00:00
[2025-03-18T20:02:45.349+0000] {processor.py:208} INFO - Processing /home/airflow/.local/lib/python3.12/site-packages/airflow/example_dags/example_branch_python_dop_operator_3.py took 0.073 seconds
[2025-03-18T20:03:15.680+0000] {processor.py:186} INFO - Started process (PID=122) to work on /home/airflow/.local/lib/python3.12/site-packages/airflow/example_dags/example_branch_python_dop_operator_3.py
[2025-03-18T20:03:15.680+0000] {processor.py:914} INFO - Processing file /home/airflow/.local/lib/python3.12/site-packages/airflow/example_dags/example_branch_python_dop_operator_3.py for tasks to queue
[2025-03-18T20:03:15.681+0000] {logging_mixin.py:190} INFO - [2025-03-18T20:03:15.681+0000] {dagbag.py:588} INFO - Filling up the DagBag from /home/airflow/.local/lib/python3.12/site-packages/airflow/example_dags/example_branch_python_dop_operator_3.py
[2025-03-18T20:03:15.684+0000] {processor.py:925} INFO - DAG(s) 'example_branch_dop_operator_v3' retrieved from /home/airflow/.local/lib/python3.12/site-packages/airflow/example_dags/example_branch_python_dop_operator_3.py
[2025-03-18T20:03:15.691+0000] {logging_mixin.py:190} INFO - [2025-03-18T20:03:15.691+0000] {dag.py:3239} INFO - Sync 1 DAGs
[2025-03-18T20:03:15.699+0000] {logging_mixin.py:190} INFO - [2025-03-18T20:03:15.699+0000] {dag.py:4180} INFO - Setting next_dagrun for example_branch_dop_operator_v3 to 2025-03-18 20:02:00+00:00, run_after=2025-03-18 20:03:00+00:00
[2025-03-18T20:03:15.704+0000] {processor.py:208} INFO - Processing /home/airflow/.local/lib/python3.12/site-packages/airflow/example_dags/example_branch_python_dop_operator_3.py took 0.026 seconds
[2025-03-18T20:03:45.983+0000] {processor.py:186} INFO - Started process (PID=185) to work on /home/airflow/.local/lib/python3.12/site-packages/airflow/example_dags/example_branch_python_dop_operator_3.py
[2025-03-18T20:03:45.983+0000] {processor.py:914} INFO - Processing file /home/airflow/.local/lib/python3.12/site-packages/airflow/example_dags/example_branch_python_dop_operator_3.py for tasks to queue
[2025-03-18T20:03:45.984+0000] {logging_mixin.py:190} INFO - [2025-03-18T20:03:45.984+0000] {dagbag.py:588} INFO - Filling up the DagBag from /home/airflow/.local/lib/python3.12/site-packages/airflow/example_dags/example_branch_python_dop_operator_3.py
[2025-03-18T20:03:45.987+0000] {processor.py:925} INFO - DAG(s) 'example_branch_dop_operator_v3' retrieved from /home/airflow/.local/lib/python3.12/site-packages/airflow/example_dags/example_branch_python_dop_operator_3.py
[2025-03-18T20:03:45.994+0000] {logging_mixin.py:190} INFO - [2025-03-18T20:03:45.994+0000] {dag.py:3239} INFO - Sync 1 DAGs
[2025-03-18T20:03:46.002+0000] {logging_mixin.py:190} INFO - [2025-03-18T20:03:46.002+0000] {dag.py:4180} INFO - Setting next_dagrun for example_branch_dop_operator_v3 to 2025-03-18 20:02:00+00:00, run_after=2025-03-18 20:03:00+00:00
[2025-03-18T20:03:46.007+0000] {processor.py:208} INFO - Processing /home/airflow/.local/lib/python3.12/site-packages/airflow/example_dags/example_branch_python_dop_operator_3.py took 0.027 seconds
[2025-03-18T20:04:16.896+0000] {processor.py:186} INFO - Started process (PID=248) to work on /home/airflow/.local/lib/python3.12/site-packages/airflow/example_dags/example_branch_python_dop_operator_3.py
[2025-03-18T20:04:16.896+0000] {processor.py:914} INFO - Processing file /home/airflow/.local/lib/python3.12/site-packages/airflow/example_dags/example_branch_python_dop_operator_3.py for tasks to queue
[2025-03-18T20:04:16.897+0000] {logging_mixin.py:190} INFO - [2025-03-18T20:04:16.897+0000] {dagbag.py:588} INFO - Filling up the DagBag from /home/airflow/.local/lib/python3.12/site-packages/airflow/example_dags/example_branch_python_dop_operator_3.py
[2025-03-18T20:04:16.901+0000] {processor.py:925} INFO - DAG(s) 'example_branch_dop_operator_v3' retrieved from /home/airflow/.local/lib/python3.12/site-packages/airflow/example_dags/example_branch_python_dop_operator_3.py
[2025-03-18T20:04:16.908+0000] {logging_mixin.py:190} INFO - [2025-03-18T20:04:16.908+0000] {dag.py:3239} INFO - Sync 1 DAGs
[2025-03-18T20:04:16.916+0000] {logging_mixin.py:190} INFO - [2025-03-18T20:04:16.916+0000] {dag.py:4180} INFO - Setting next_dagrun for example_branch_dop_operator_v3 to 2025-03-18 20:03:00+00:00, run_after=2025-03-18 20:04:00+00:00
[2025-03-18T20:04:16.924+0000] {processor.py:208} INFO - Processing /home/airflow/.local/lib/python3.12/site-packages/airflow/example_dags/example_branch_python_dop_operator_3.py took 0.031 seconds
[2025-03-18T20:04:48.100+0000] {processor.py:186} INFO - Started process (PID=311) to work on /home/airflow/.local/lib/python3.12/site-packages/airflow/example_dags/example_branch_python_dop_operator_3.py
[2025-03-18T20:04:48.100+0000] {processor.py:914} INFO - Processing file /home/airflow/.local/lib/python3.12/site-packages/airflow/example_dags/example_branch_python_dop_operator_3.py for tasks to queue
[2025-03-18T20:04:48.101+0000] {logging_mixin.py:190} INFO - [2025-03-18T20:04:48.101+0000] {dagbag.py:588} INFO - Filling up the DagBag from /home/airflow/.local/lib/python3.12/site-packages/airflow/example_dags/example_branch_python_dop_operator_3.py
[2025-03-18T20:04:48.104+0000] {processor.py:925} INFO - DAG(s) 'example_branch_dop_operator_v3' retrieved from /home/airflow/.local/lib/python3.12/site-packages/airflow/example_dags/example_branch_python_dop_operator_3.py
[2025-03-18T20:04:48.111+0000] {logging_mixin.py:190} INFO - [2025-03-18T20:04:48.111+0000] {dag.py:3239} INFO - Sync 1 DAGs
[2025-03-18T20:04:48.119+0000] {logging_mixin.py:190} INFO - [2025-03-18T20:04:48.119+0000] {dag.py:4180} INFO - Setting next_dagrun for example_branch_dop_operator_v3 to 2025-03-18 20:03:00+00:00, run_after=2025-03-18 20:04:00+00:00
[2025-03-18T20:04:48.124+0000] {processor.py:208} INFO - Processing /home/airflow/.local/lib/python3.12/site-packages/airflow/example_dags/example_branch_python_dop_operator_3.py took 0.026 seconds
[2025-03-18T20:05:19.131+0000] {processor.py:186} INFO - Started process (PID=374) to work on /home/airflow/.local/lib/python3.12/site-packages/airflow/example_dags/example_branch_python_dop_operator_3.py
[2025-03-18T20:05:19.132+0000] {processor.py:914} INFO - Processing file /home/airflow/.local/lib/python3.12/site-packages/airflow/example_dags/example_branch_python_dop_operator_3.py for tasks to queue
[2025-03-18T20:05:19.132+0000] {logging_mixin.py:190} INFO - [2025-03-18T20:05:19.132+0000] {dagbag.py:588} INFO - Filling up the DagBag from /home/airflow/.local/lib/python3.12/site-packages/airflow/example_dags/example_branch_python_dop_operator_3.py
[2025-03-18T20:05:19.136+0000] {processor.py:925} INFO - DAG(s) 'example_branch_dop_operator_v3' retrieved from /home/airflow/.local/lib/python3.12/site-packages/airflow/example_dags/example_branch_python_dop_operator_3.py
[2025-03-18T20:05:19.143+0000] {logging_mixin.py:190} INFO - [2025-03-18T20:05:19.143+0000] {dag.py:3239} INFO - Sync 1 DAGs
[2025-03-18T20:05:19.151+0000] {logging_mixin.py:190} INFO - [2025-03-18T20:05:19.151+0000] {dag.py:4180} INFO - Setting next_dagrun for example_branch_dop_operator_v3 to 2025-03-18 20:04:00+00:00, run_after=2025-03-18 20:05:00+00:00
[2025-03-18T20:05:19.156+0000] {processor.py:208} INFO - Processing /home/airflow/.local/lib/python3.12/site-packages/airflow/example_dags/example_branch_python_dop_operator_3.py took 0.027 seconds
[2025-03-18T20:05:50.259+0000] {processor.py:186} INFO - Started process (PID=437) to work on /home/airflow/.local/lib/python3.12/site-packages/airflow/example_dags/example_branch_python_dop_operator_3.py
[2025-03-18T20:05:50.259+0000] {processor.py:914} INFO - Processing file /home/airflow/.local/lib/python3.12/site-packages/airflow/example_dags/example_branch_python_dop_operator_3.py for tasks to queue
[2025-03-18T20:05:50.260+0000] {logging_mixin.py:190} INFO - [2025-03-18T20:05:50.260+0000] {dagbag.py:588} INFO - Filling up the DagBag from /home/airflow/.local/lib/python3.12/site-packages/airflow/example_dags/example_branch_python_dop_operator_3.py
[2025-03-18T20:05:50.264+0000] {processor.py:925} INFO - DAG(s) 'example_branch_dop_operator_v3' retrieved from /home/airflow/.local/lib/python3.12/site-packages/airflow/example_dags/example_branch_python_dop_operator_3.py
[2025-03-18T20:05:50.270+0000] {logging_mixin.py:190} INFO - [2025-03-18T20:05:50.270+0000] {dag.py:3239} INFO - Sync 1 DAGs
[2025-03-18T20:05:50.278+0000] {logging_mixin.py:190} INFO - [2025-03-18T20:05:50.278+0000] {dag.py:4180} INFO - Setting next_dagrun for example_branch_dop_operator_v3 to 2025-03-18 20:04:00+00:00, run_after=2025-03-18 20:05:00+00:00
[2025-03-18T20:05:50.283+0000] {processor.py:208} INFO - Processing /home/airflow/.local/lib/python3.12/site-packages/airflow/example_dags/example_branch_python_dop_operator_3.py took 0.026 seconds
