[2025-03-18T20:02:45.055+0000] {processor.py:186} INFO - Started process (PID=57) to work on /home/airflow/.local/lib/python3.12/site-packages/airflow/example_dags/example_inlet_event_extra.py
[2025-03-18T20:02:45.055+0000] {processor.py:914} INFO - Processing file /home/airflow/.local/lib/python3.12/site-packages/airflow/example_dags/example_inlet_event_extra.py for tasks to queue
[2025-03-18T20:02:45.056+0000] {logging_mixin.py:190} INFO - [2025-03-18T20:02:45.056+0000] {dagbag.py:588} INFO - Filling up the DagBag from /home/airflow/.local/lib/python3.12/site-packages/airflow/example_dags/example_inlet_event_extra.py
[2025-03-18T20:02:45.295+0000] {processor.py:925} INFO - DAG(s) 'read_dataset_event_from_classic', 'read_dataset_event' retrieved from /home/airflow/.local/lib/python3.12/site-packages/airflow/example_dags/example_inlet_event_extra.py
[2025-03-18T20:02:45.327+0000] {logging_mixin.py:190} INFO - [2025-03-18T20:02:45.327+0000] {override.py:1912} INFO - Created Permission View: can read on DAG:read_dataset_event_from_classic
[2025-03-18T20:02:45.330+0000] {logging_mixin.py:190} INFO - [2025-03-18T20:02:45.330+0000] {override.py:1912} INFO - Created Permission View: can delete on DAG:read_dataset_event_from_classic
[2025-03-18T20:02:45.332+0000] {logging_mixin.py:190} INFO - [2025-03-18T20:02:45.332+0000] {override.py:1912} INFO - Created Permission View: can edit on DAG:read_dataset_event_from_classic
[2025-03-18T20:02:45.333+0000] {logging_mixin.py:190} INFO - [2025-03-18T20:02:45.333+0000] {override.py:1912} INFO - Created Permission View: menu access on DAG Run:read_dataset_event_from_classic
[2025-03-18T20:02:45.335+0000] {logging_mixin.py:190} INFO - [2025-03-18T20:02:45.335+0000] {override.py:1912} INFO - Created Permission View: can create on DAG Run:read_dataset_event_from_classic
[2025-03-18T20:02:45.336+0000] {logging_mixin.py:190} INFO - [2025-03-18T20:02:45.336+0000] {override.py:1912} INFO - Created Permission View: can read on DAG Run:read_dataset_event_from_classic
[2025-03-18T20:02:45.338+0000] {logging_mixin.py:190} INFO - [2025-03-18T20:02:45.338+0000] {override.py:1912} INFO - Created Permission View: can delete on DAG Run:read_dataset_event_from_classic
[2025-03-18T20:02:45.342+0000] {logging_mixin.py:190} INFO - [2025-03-18T20:02:45.342+0000] {override.py:1912} INFO - Created Permission View: can read on DAG:read_dataset_event
[2025-03-18T20:02:45.345+0000] {logging_mixin.py:190} INFO - [2025-03-18T20:02:45.345+0000] {override.py:1912} INFO - Created Permission View: can delete on DAG:read_dataset_event
[2025-03-18T20:02:45.347+0000] {logging_mixin.py:190} INFO - [2025-03-18T20:02:45.346+0000] {override.py:1912} INFO - Created Permission View: can edit on DAG:read_dataset_event
[2025-03-18T20:02:45.348+0000] {logging_mixin.py:190} INFO - [2025-03-18T20:02:45.348+0000] {override.py:1912} INFO - Created Permission View: menu access on DAG Run:read_dataset_event
[2025-03-18T20:02:45.350+0000] {logging_mixin.py:190} INFO - [2025-03-18T20:02:45.350+0000] {override.py:1912} INFO - Created Permission View: can create on DAG Run:read_dataset_event
[2025-03-18T20:02:45.352+0000] {logging_mixin.py:190} INFO - [2025-03-18T20:02:45.351+0000] {override.py:1912} INFO - Created Permission View: can read on DAG Run:read_dataset_event
[2025-03-18T20:02:45.354+0000] {logging_mixin.py:190} INFO - [2025-03-18T20:02:45.354+0000] {override.py:1912} INFO - Created Permission View: can delete on DAG Run:read_dataset_event
[2025-03-18T20:02:45.356+0000] {logging_mixin.py:190} INFO - [2025-03-18T20:02:45.356+0000] {dag.py:3239} INFO - Sync 2 DAGs
[2025-03-18T20:02:45.362+0000] {logging_mixin.py:190} INFO - [2025-03-18T20:02:45.362+0000] {dag.py:3262} INFO - Creating ORM DAG for read_dataset_event
[2025-03-18T20:02:45.362+0000] {logging_mixin.py:190} INFO - [2025-03-18T20:02:45.362+0000] {dag.py:3262} INFO - Creating ORM DAG for read_dataset_event_from_classic
[2025-03-18T20:02:45.367+0000] {logging_mixin.py:190} INFO - [2025-03-18T20:02:45.367+0000] {dag.py:4180} INFO - Setting next_dagrun for read_dataset_event to 2025-03-17 00:00:00+00:00, run_after=2025-03-18 00:00:00+00:00
[2025-03-18T20:02:45.368+0000] {logging_mixin.py:190} INFO - [2025-03-18T20:02:45.368+0000] {dag.py:4180} INFO - Setting next_dagrun for read_dataset_event_from_classic to 2025-03-17 00:00:00+00:00, run_after=2025-03-18 00:00:00+00:00
[2025-03-18T20:02:45.374+0000] {processor.py:208} INFO - Processing /home/airflow/.local/lib/python3.12/site-packages/airflow/example_dags/example_inlet_event_extra.py took 0.322 seconds
[2025-03-18T20:03:15.421+0000] {processor.py:186} INFO - Started process (PID=119) to work on /home/airflow/.local/lib/python3.12/site-packages/airflow/example_dags/example_inlet_event_extra.py
[2025-03-18T20:03:15.422+0000] {processor.py:914} INFO - Processing file /home/airflow/.local/lib/python3.12/site-packages/airflow/example_dags/example_inlet_event_extra.py for tasks to queue
[2025-03-18T20:03:15.423+0000] {logging_mixin.py:190} INFO - [2025-03-18T20:03:15.423+0000] {dagbag.py:588} INFO - Filling up the DagBag from /home/airflow/.local/lib/python3.12/site-packages/airflow/example_dags/example_inlet_event_extra.py
[2025-03-18T20:03:15.615+0000] {processor.py:925} INFO - DAG(s) 'read_dataset_event_from_classic', 'read_dataset_event' retrieved from /home/airflow/.local/lib/python3.12/site-packages/airflow/example_dags/example_inlet_event_extra.py
[2025-03-18T20:03:15.622+0000] {logging_mixin.py:190} INFO - [2025-03-18T20:03:15.622+0000] {dag.py:3239} INFO - Sync 2 DAGs
[2025-03-18T20:03:15.629+0000] {logging_mixin.py:190} INFO - [2025-03-18T20:03:15.629+0000] {dag.py:4180} INFO - Setting next_dagrun for read_dataset_event to 2025-03-17 00:00:00+00:00, run_after=2025-03-18 00:00:00+00:00
[2025-03-18T20:03:15.631+0000] {logging_mixin.py:190} INFO - [2025-03-18T20:03:15.631+0000] {dag.py:4180} INFO - Setting next_dagrun for read_dataset_event_from_classic to 2025-03-17 00:00:00+00:00, run_after=2025-03-18 00:00:00+00:00
[2025-03-18T20:03:15.635+0000] {processor.py:208} INFO - Processing /home/airflow/.local/lib/python3.12/site-packages/airflow/example_dags/example_inlet_event_extra.py took 0.216 seconds
[2025-03-18T20:03:45.731+0000] {processor.py:186} INFO - Started process (PID=182) to work on /home/airflow/.local/lib/python3.12/site-packages/airflow/example_dags/example_inlet_event_extra.py
[2025-03-18T20:03:45.731+0000] {processor.py:914} INFO - Processing file /home/airflow/.local/lib/python3.12/site-packages/airflow/example_dags/example_inlet_event_extra.py for tasks to queue
[2025-03-18T20:03:45.732+0000] {logging_mixin.py:190} INFO - [2025-03-18T20:03:45.731+0000] {dagbag.py:588} INFO - Filling up the DagBag from /home/airflow/.local/lib/python3.12/site-packages/airflow/example_dags/example_inlet_event_extra.py
[2025-03-18T20:03:45.918+0000] {processor.py:925} INFO - DAG(s) 'read_dataset_event', 'read_dataset_event_from_classic' retrieved from /home/airflow/.local/lib/python3.12/site-packages/airflow/example_dags/example_inlet_event_extra.py
[2025-03-18T20:03:45.924+0000] {logging_mixin.py:190} INFO - [2025-03-18T20:03:45.924+0000] {dag.py:3239} INFO - Sync 2 DAGs
[2025-03-18T20:03:45.931+0000] {logging_mixin.py:190} INFO - [2025-03-18T20:03:45.931+0000] {dag.py:4180} INFO - Setting next_dagrun for read_dataset_event to 2025-03-17 00:00:00+00:00, run_after=2025-03-18 00:00:00+00:00
[2025-03-18T20:03:45.933+0000] {logging_mixin.py:190} INFO - [2025-03-18T20:03:45.933+0000] {dag.py:4180} INFO - Setting next_dagrun for read_dataset_event_from_classic to 2025-03-17 00:00:00+00:00, run_after=2025-03-18 00:00:00+00:00
[2025-03-18T20:03:45.937+0000] {processor.py:208} INFO - Processing /home/airflow/.local/lib/python3.12/site-packages/airflow/example_dags/example_inlet_event_extra.py took 0.209 seconds
[2025-03-18T20:04:16.820+0000] {processor.py:186} INFO - Started process (PID=245) to work on /home/airflow/.local/lib/python3.12/site-packages/airflow/example_dags/example_inlet_event_extra.py
[2025-03-18T20:04:16.820+0000] {processor.py:914} INFO - Processing file /home/airflow/.local/lib/python3.12/site-packages/airflow/example_dags/example_inlet_event_extra.py for tasks to queue
[2025-03-18T20:04:16.822+0000] {logging_mixin.py:190} INFO - [2025-03-18T20:04:16.822+0000] {dagbag.py:588} INFO - Filling up the DagBag from /home/airflow/.local/lib/python3.12/site-packages/airflow/example_dags/example_inlet_event_extra.py
[2025-03-18T20:04:17.044+0000] {processor.py:925} INFO - DAG(s) 'read_dataset_event', 'read_dataset_event_from_classic' retrieved from /home/airflow/.local/lib/python3.12/site-packages/airflow/example_dags/example_inlet_event_extra.py
[2025-03-18T20:04:17.051+0000] {logging_mixin.py:190} INFO - [2025-03-18T20:04:17.051+0000] {dag.py:3239} INFO - Sync 2 DAGs
[2025-03-18T20:04:17.059+0000] {logging_mixin.py:190} INFO - [2025-03-18T20:04:17.059+0000] {dag.py:4180} INFO - Setting next_dagrun for read_dataset_event to 2025-03-17 00:00:00+00:00, run_after=2025-03-18 00:00:00+00:00
[2025-03-18T20:04:17.061+0000] {logging_mixin.py:190} INFO - [2025-03-18T20:04:17.061+0000] {dag.py:4180} INFO - Setting next_dagrun for read_dataset_event_from_classic to 2025-03-17 00:00:00+00:00, run_after=2025-03-18 00:00:00+00:00
[2025-03-18T20:04:17.065+0000] {processor.py:208} INFO - Processing /home/airflow/.local/lib/python3.12/site-packages/airflow/example_dags/example_inlet_event_extra.py took 0.247 seconds
[2025-03-18T20:04:47.849+0000] {processor.py:186} INFO - Started process (PID=308) to work on /home/airflow/.local/lib/python3.12/site-packages/airflow/example_dags/example_inlet_event_extra.py
[2025-03-18T20:04:47.849+0000] {processor.py:914} INFO - Processing file /home/airflow/.local/lib/python3.12/site-packages/airflow/example_dags/example_inlet_event_extra.py for tasks to queue
[2025-03-18T20:04:47.850+0000] {logging_mixin.py:190} INFO - [2025-03-18T20:04:47.850+0000] {dagbag.py:588} INFO - Filling up the DagBag from /home/airflow/.local/lib/python3.12/site-packages/airflow/example_dags/example_inlet_event_extra.py
[2025-03-18T20:04:48.038+0000] {processor.py:925} INFO - DAG(s) 'read_dataset_event_from_classic', 'read_dataset_event' retrieved from /home/airflow/.local/lib/python3.12/site-packages/airflow/example_dags/example_inlet_event_extra.py
[2025-03-18T20:04:48.045+0000] {logging_mixin.py:190} INFO - [2025-03-18T20:04:48.045+0000] {dag.py:3239} INFO - Sync 2 DAGs
[2025-03-18T20:04:48.051+0000] {logging_mixin.py:190} INFO - [2025-03-18T20:04:48.051+0000] {dag.py:4180} INFO - Setting next_dagrun for read_dataset_event to 2025-03-17 00:00:00+00:00, run_after=2025-03-18 00:00:00+00:00
[2025-03-18T20:04:48.053+0000] {logging_mixin.py:190} INFO - [2025-03-18T20:04:48.053+0000] {dag.py:4180} INFO - Setting next_dagrun for read_dataset_event_from_classic to 2025-03-17 00:00:00+00:00, run_after=2025-03-18 00:00:00+00:00
[2025-03-18T20:04:48.056+0000] {processor.py:208} INFO - Processing /home/airflow/.local/lib/python3.12/site-packages/airflow/example_dags/example_inlet_event_extra.py took 0.210 seconds
[2025-03-18T20:05:18.878+0000] {processor.py:186} INFO - Started process (PID=371) to work on /home/airflow/.local/lib/python3.12/site-packages/airflow/example_dags/example_inlet_event_extra.py
[2025-03-18T20:05:18.878+0000] {processor.py:914} INFO - Processing file /home/airflow/.local/lib/python3.12/site-packages/airflow/example_dags/example_inlet_event_extra.py for tasks to queue
[2025-03-18T20:05:18.879+0000] {logging_mixin.py:190} INFO - [2025-03-18T20:05:18.879+0000] {dagbag.py:588} INFO - Filling up the DagBag from /home/airflow/.local/lib/python3.12/site-packages/airflow/example_dags/example_inlet_event_extra.py
[2025-03-18T20:05:19.067+0000] {processor.py:925} INFO - DAG(s) 'read_dataset_event', 'read_dataset_event_from_classic' retrieved from /home/airflow/.local/lib/python3.12/site-packages/airflow/example_dags/example_inlet_event_extra.py
[2025-03-18T20:05:19.073+0000] {logging_mixin.py:190} INFO - [2025-03-18T20:05:19.073+0000] {dag.py:3239} INFO - Sync 2 DAGs
[2025-03-18T20:05:19.080+0000] {logging_mixin.py:190} INFO - [2025-03-18T20:05:19.080+0000] {dag.py:4180} INFO - Setting next_dagrun for read_dataset_event to 2025-03-17 00:00:00+00:00, run_after=2025-03-18 00:00:00+00:00
[2025-03-18T20:05:19.082+0000] {logging_mixin.py:190} INFO - [2025-03-18T20:05:19.081+0000] {dag.py:4180} INFO - Setting next_dagrun for read_dataset_event_from_classic to 2025-03-17 00:00:00+00:00, run_after=2025-03-18 00:00:00+00:00
[2025-03-18T20:05:19.086+0000] {processor.py:208} INFO - Processing /home/airflow/.local/lib/python3.12/site-packages/airflow/example_dags/example_inlet_event_extra.py took 0.210 seconds
[2025-03-18T20:05:50.008+0000] {processor.py:186} INFO - Started process (PID=434) to work on /home/airflow/.local/lib/python3.12/site-packages/airflow/example_dags/example_inlet_event_extra.py
[2025-03-18T20:05:50.008+0000] {processor.py:914} INFO - Processing file /home/airflow/.local/lib/python3.12/site-packages/airflow/example_dags/example_inlet_event_extra.py for tasks to queue
[2025-03-18T20:05:50.009+0000] {logging_mixin.py:190} INFO - [2025-03-18T20:05:50.009+0000] {dagbag.py:588} INFO - Filling up the DagBag from /home/airflow/.local/lib/python3.12/site-packages/airflow/example_dags/example_inlet_event_extra.py
[2025-03-18T20:05:50.196+0000] {processor.py:925} INFO - DAG(s) 'read_dataset_event_from_classic', 'read_dataset_event' retrieved from /home/airflow/.local/lib/python3.12/site-packages/airflow/example_dags/example_inlet_event_extra.py
[2025-03-18T20:05:50.202+0000] {logging_mixin.py:190} INFO - [2025-03-18T20:05:50.202+0000] {dag.py:3239} INFO - Sync 2 DAGs
[2025-03-18T20:05:50.209+0000] {logging_mixin.py:190} INFO - [2025-03-18T20:05:50.209+0000] {dag.py:4180} INFO - Setting next_dagrun for read_dataset_event to 2025-03-17 00:00:00+00:00, run_after=2025-03-18 00:00:00+00:00
[2025-03-18T20:05:50.211+0000] {logging_mixin.py:190} INFO - [2025-03-18T20:05:50.211+0000] {dag.py:4180} INFO - Setting next_dagrun for read_dataset_event_from_classic to 2025-03-17 00:00:00+00:00, run_after=2025-03-18 00:00:00+00:00
[2025-03-18T20:05:50.215+0000] {processor.py:208} INFO - Processing /home/airflow/.local/lib/python3.12/site-packages/airflow/example_dags/example_inlet_event_extra.py took 0.209 seconds
