[2025-03-18T20:02:45.565+0000] {processor.py:186} INFO - Started process (PID=64) to work on /home/airflow/.local/lib/python3.12/site-packages/airflow/example_dags/example_latest_only.py
[2025-03-18T20:02:45.566+0000] {processor.py:914} INFO - Processing file /home/airflow/.local/lib/python3.12/site-packages/airflow/example_dags/example_latest_only.py for tasks to queue
[2025-03-18T20:02:45.568+0000] {logging_mixin.py:190} INFO - [2025-03-18T20:02:45.568+0000] {dagbag.py:588} INFO - Filling up the DagBag from /home/airflow/.local/lib/python3.12/site-packages/airflow/example_dags/example_latest_only.py
[2025-03-18T20:02:45.572+0000] {processor.py:925} INFO - DAG(s) 'latest_only' retrieved from /home/airflow/.local/lib/python3.12/site-packages/airflow/example_dags/example_latest_only.py
[2025-03-18T20:02:45.622+0000] {logging_mixin.py:190} INFO - [2025-03-18T20:02:45.622+0000] {override.py:1912} INFO - Created Permission View: can read on DAG:latest_only
[2025-03-18T20:02:45.626+0000] {logging_mixin.py:190} INFO - [2025-03-18T20:02:45.626+0000] {override.py:1912} INFO - Created Permission View: can delete on DAG:latest_only
[2025-03-18T20:02:45.628+0000] {logging_mixin.py:190} INFO - [2025-03-18T20:02:45.628+0000] {override.py:1912} INFO - Created Permission View: can edit on DAG:latest_only
[2025-03-18T20:02:45.631+0000] {logging_mixin.py:190} INFO - [2025-03-18T20:02:45.631+0000] {override.py:1912} INFO - Created Permission View: menu access on DAG Run:latest_only
[2025-03-18T20:02:45.635+0000] {logging_mixin.py:190} INFO - [2025-03-18T20:02:45.635+0000] {override.py:1912} INFO - Created Permission View: can create on DAG Run:latest_only
[2025-03-18T20:02:45.640+0000] {logging_mixin.py:190} INFO - [2025-03-18T20:02:45.640+0000] {override.py:1912} INFO - Created Permission View: can read on DAG Run:latest_only
[2025-03-18T20:02:45.645+0000] {logging_mixin.py:190} INFO - [2025-03-18T20:02:45.645+0000] {override.py:1912} INFO - Created Permission View: can delete on DAG Run:latest_only
[2025-03-18T20:02:45.646+0000] {logging_mixin.py:190} INFO - [2025-03-18T20:02:45.646+0000] {dag.py:3239} INFO - Sync 1 DAGs
[2025-03-18T20:02:45.654+0000] {logging_mixin.py:190} INFO - [2025-03-18T20:02:45.654+0000] {dag.py:3262} INFO - Creating ORM DAG for latest_only
[2025-03-18T20:02:45.660+0000] {logging_mixin.py:190} INFO - [2025-03-18T20:02:45.660+0000] {dag.py:4180} INFO - Setting next_dagrun for latest_only to 2025-03-18 16:00:00+00:00, run_after=2025-03-18 20:00:00+00:00
[2025-03-18T20:02:45.668+0000] {processor.py:208} INFO - Processing /home/airflow/.local/lib/python3.12/site-packages/airflow/example_dags/example_latest_only.py took 0.106 seconds
[2025-03-18T20:03:15.747+0000] {processor.py:186} INFO - Started process (PID=125) to work on /home/airflow/.local/lib/python3.12/site-packages/airflow/example_dags/example_latest_only.py
[2025-03-18T20:03:15.748+0000] {processor.py:914} INFO - Processing file /home/airflow/.local/lib/python3.12/site-packages/airflow/example_dags/example_latest_only.py for tasks to queue
[2025-03-18T20:03:15.748+0000] {logging_mixin.py:190} INFO - [2025-03-18T20:03:15.748+0000] {dagbag.py:588} INFO - Filling up the DagBag from /home/airflow/.local/lib/python3.12/site-packages/airflow/example_dags/example_latest_only.py
[2025-03-18T20:03:15.752+0000] {processor.py:925} INFO - DAG(s) 'latest_only' retrieved from /home/airflow/.local/lib/python3.12/site-packages/airflow/example_dags/example_latest_only.py
[2025-03-18T20:03:15.758+0000] {logging_mixin.py:190} INFO - [2025-03-18T20:03:15.758+0000] {dag.py:3239} INFO - Sync 1 DAGs
[2025-03-18T20:03:15.765+0000] {logging_mixin.py:190} INFO - [2025-03-18T20:03:15.765+0000] {dag.py:4180} INFO - Setting next_dagrun for latest_only to 2025-03-18 16:00:00+00:00, run_after=2025-03-18 20:00:00+00:00
[2025-03-18T20:03:15.770+0000] {processor.py:208} INFO - Processing /home/airflow/.local/lib/python3.12/site-packages/airflow/example_dags/example_latest_only.py took 0.025 seconds
[2025-03-18T20:03:46.055+0000] {processor.py:186} INFO - Started process (PID=188) to work on /home/airflow/.local/lib/python3.12/site-packages/airflow/example_dags/example_latest_only.py
[2025-03-18T20:03:46.055+0000] {processor.py:914} INFO - Processing file /home/airflow/.local/lib/python3.12/site-packages/airflow/example_dags/example_latest_only.py for tasks to queue
[2025-03-18T20:03:46.056+0000] {logging_mixin.py:190} INFO - [2025-03-18T20:03:46.056+0000] {dagbag.py:588} INFO - Filling up the DagBag from /home/airflow/.local/lib/python3.12/site-packages/airflow/example_dags/example_latest_only.py
[2025-03-18T20:03:46.059+0000] {processor.py:925} INFO - DAG(s) 'latest_only' retrieved from /home/airflow/.local/lib/python3.12/site-packages/airflow/example_dags/example_latest_only.py
[2025-03-18T20:03:46.068+0000] {logging_mixin.py:190} INFO - [2025-03-18T20:03:46.068+0000] {dag.py:3239} INFO - Sync 1 DAGs
[2025-03-18T20:03:46.076+0000] {logging_mixin.py:190} INFO - [2025-03-18T20:03:46.076+0000] {dag.py:4180} INFO - Setting next_dagrun for latest_only to 2025-03-18 16:00:00+00:00, run_after=2025-03-18 20:00:00+00:00
[2025-03-18T20:03:46.082+0000] {processor.py:208} INFO - Processing /home/airflow/.local/lib/python3.12/site-packages/airflow/example_dags/example_latest_only.py took 0.030 seconds
[2025-03-18T20:04:17.017+0000] {processor.py:186} INFO - Started process (PID=251) to work on /home/airflow/.local/lib/python3.12/site-packages/airflow/example_dags/example_latest_only.py
[2025-03-18T20:04:17.017+0000] {processor.py:914} INFO - Processing file /home/airflow/.local/lib/python3.12/site-packages/airflow/example_dags/example_latest_only.py for tasks to queue
[2025-03-18T20:04:17.018+0000] {logging_mixin.py:190} INFO - [2025-03-18T20:04:17.018+0000] {dagbag.py:588} INFO - Filling up the DagBag from /home/airflow/.local/lib/python3.12/site-packages/airflow/example_dags/example_latest_only.py
[2025-03-18T20:04:17.021+0000] {processor.py:925} INFO - DAG(s) 'latest_only' retrieved from /home/airflow/.local/lib/python3.12/site-packages/airflow/example_dags/example_latest_only.py
[2025-03-18T20:04:17.028+0000] {logging_mixin.py:190} INFO - [2025-03-18T20:04:17.028+0000] {dag.py:3239} INFO - Sync 1 DAGs
[2025-03-18T20:04:17.036+0000] {logging_mixin.py:190} INFO - [2025-03-18T20:04:17.036+0000] {dag.py:4180} INFO - Setting next_dagrun for latest_only to 2025-03-18 16:00:00+00:00, run_after=2025-03-18 20:00:00+00:00
[2025-03-18T20:04:17.041+0000] {processor.py:208} INFO - Processing /home/airflow/.local/lib/python3.12/site-packages/airflow/example_dags/example_latest_only.py took 0.027 seconds
[2025-03-18T20:04:48.167+0000] {processor.py:186} INFO - Started process (PID=314) to work on /home/airflow/.local/lib/python3.12/site-packages/airflow/example_dags/example_latest_only.py
[2025-03-18T20:04:48.167+0000] {processor.py:914} INFO - Processing file /home/airflow/.local/lib/python3.12/site-packages/airflow/example_dags/example_latest_only.py for tasks to queue
[2025-03-18T20:04:48.168+0000] {logging_mixin.py:190} INFO - [2025-03-18T20:04:48.168+0000] {dagbag.py:588} INFO - Filling up the DagBag from /home/airflow/.local/lib/python3.12/site-packages/airflow/example_dags/example_latest_only.py
[2025-03-18T20:04:48.171+0000] {processor.py:925} INFO - DAG(s) 'latest_only' retrieved from /home/airflow/.local/lib/python3.12/site-packages/airflow/example_dags/example_latest_only.py
[2025-03-18T20:04:48.179+0000] {logging_mixin.py:190} INFO - [2025-03-18T20:04:48.179+0000] {dag.py:3239} INFO - Sync 1 DAGs
[2025-03-18T20:04:48.187+0000] {logging_mixin.py:190} INFO - [2025-03-18T20:04:48.187+0000] {dag.py:4180} INFO - Setting next_dagrun for latest_only to 2025-03-18 16:00:00+00:00, run_after=2025-03-18 20:00:00+00:00
[2025-03-18T20:04:48.193+0000] {processor.py:208} INFO - Processing /home/airflow/.local/lib/python3.12/site-packages/airflow/example_dags/example_latest_only.py took 0.028 seconds
[2025-03-18T20:05:19.198+0000] {processor.py:186} INFO - Started process (PID=377) to work on /home/airflow/.local/lib/python3.12/site-packages/airflow/example_dags/example_latest_only.py
[2025-03-18T20:05:19.199+0000] {processor.py:914} INFO - Processing file /home/airflow/.local/lib/python3.12/site-packages/airflow/example_dags/example_latest_only.py for tasks to queue
[2025-03-18T20:05:19.200+0000] {logging_mixin.py:190} INFO - [2025-03-18T20:05:19.200+0000] {dagbag.py:588} INFO - Filling up the DagBag from /home/airflow/.local/lib/python3.12/site-packages/airflow/example_dags/example_latest_only.py
[2025-03-18T20:05:19.203+0000] {processor.py:925} INFO - DAG(s) 'latest_only' retrieved from /home/airflow/.local/lib/python3.12/site-packages/airflow/example_dags/example_latest_only.py
[2025-03-18T20:05:19.212+0000] {logging_mixin.py:190} INFO - [2025-03-18T20:05:19.212+0000] {dag.py:3239} INFO - Sync 1 DAGs
[2025-03-18T20:05:19.220+0000] {logging_mixin.py:190} INFO - [2025-03-18T20:05:19.220+0000] {dag.py:4180} INFO - Setting next_dagrun for latest_only to 2025-03-18 16:00:00+00:00, run_after=2025-03-18 20:00:00+00:00
[2025-03-18T20:05:19.226+0000] {processor.py:208} INFO - Processing /home/airflow/.local/lib/python3.12/site-packages/airflow/example_dags/example_latest_only.py took 0.029 seconds
[2025-03-18T20:05:50.327+0000] {processor.py:186} INFO - Started process (PID=440) to work on /home/airflow/.local/lib/python3.12/site-packages/airflow/example_dags/example_latest_only.py
[2025-03-18T20:05:50.327+0000] {processor.py:914} INFO - Processing file /home/airflow/.local/lib/python3.12/site-packages/airflow/example_dags/example_latest_only.py for tasks to queue
[2025-03-18T20:05:50.328+0000] {logging_mixin.py:190} INFO - [2025-03-18T20:05:50.328+0000] {dagbag.py:588} INFO - Filling up the DagBag from /home/airflow/.local/lib/python3.12/site-packages/airflow/example_dags/example_latest_only.py
[2025-03-18T20:05:50.331+0000] {processor.py:925} INFO - DAG(s) 'latest_only' retrieved from /home/airflow/.local/lib/python3.12/site-packages/airflow/example_dags/example_latest_only.py
[2025-03-18T20:05:50.338+0000] {logging_mixin.py:190} INFO - [2025-03-18T20:05:50.338+0000] {dag.py:3239} INFO - Sync 1 DAGs
[2025-03-18T20:05:50.346+0000] {logging_mixin.py:190} INFO - [2025-03-18T20:05:50.346+0000] {dag.py:4180} INFO - Setting next_dagrun for latest_only to 2025-03-18 16:00:00+00:00, run_after=2025-03-18 20:00:00+00:00
[2025-03-18T20:05:50.352+0000] {processor.py:208} INFO - Processing /home/airflow/.local/lib/python3.12/site-packages/airflow/example_dags/example_latest_only.py took 0.027 seconds
