[2025-03-18T20:02:46.112+0000] {processor.py:186} INFO - Started process (PID=72) to work on /home/airflow/.local/lib/python3.12/site-packages/airflow/example_dags/example_sla_dag.py
[2025-03-18T20:02:46.114+0000] {processor.py:914} INFO - Processing file /home/airflow/.local/lib/python3.12/site-packages/airflow/example_dags/example_sla_dag.py for tasks to queue
[2025-03-18T20:02:46.117+0000] {logging_mixin.py:190} INFO - [2025-03-18T20:02:46.117+0000] {dagbag.py:588} INFO - Filling up the DagBag from /home/airflow/.local/lib/python3.12/site-packages/airflow/example_dags/example_sla_dag.py
[2025-03-18T20:02:46.124+0000] {processor.py:925} INFO - DAG(s) 'example_sla_dag' retrieved from /home/airflow/.local/lib/python3.12/site-packages/airflow/example_dags/example_sla_dag.py
[2025-03-18T20:02:46.170+0000] {logging_mixin.py:190} INFO - [2025-03-18T20:02:46.169+0000] {override.py:1912} INFO - Created Permission View: can read on DAG:example_sla_dag
[2025-03-18T20:02:46.173+0000] {logging_mixin.py:190} INFO - [2025-03-18T20:02:46.173+0000] {override.py:1912} INFO - Created Permission View: can delete on DAG:example_sla_dag
[2025-03-18T20:02:46.176+0000] {logging_mixin.py:190} INFO - [2025-03-18T20:02:46.176+0000] {override.py:1912} INFO - Created Permission View: can edit on DAG:example_sla_dag
[2025-03-18T20:02:46.178+0000] {logging_mixin.py:190} INFO - [2025-03-18T20:02:46.178+0000] {override.py:1912} INFO - Created Permission View: menu access on DAG Run:example_sla_dag
[2025-03-18T20:02:46.181+0000] {logging_mixin.py:190} INFO - [2025-03-18T20:02:46.181+0000] {override.py:1912} INFO - Created Permission View: can create on DAG Run:example_sla_dag
[2025-03-18T20:02:46.183+0000] {logging_mixin.py:190} INFO - [2025-03-18T20:02:46.183+0000] {override.py:1912} INFO - Created Permission View: can read on DAG Run:example_sla_dag
[2025-03-18T20:02:46.185+0000] {logging_mixin.py:190} INFO - [2025-03-18T20:02:46.185+0000] {override.py:1912} INFO - Created Permission View: can delete on DAG Run:example_sla_dag
[2025-03-18T20:02:46.186+0000] {logging_mixin.py:190} INFO - [2025-03-18T20:02:46.186+0000] {dag.py:3239} INFO - Sync 1 DAGs
[2025-03-18T20:02:46.191+0000] {logging_mixin.py:190} INFO - [2025-03-18T20:02:46.191+0000] {dag.py:3262} INFO - Creating ORM DAG for example_sla_dag
[2025-03-18T20:02:46.196+0000] {logging_mixin.py:190} INFO - [2025-03-18T20:02:46.196+0000] {dag.py:4180} INFO - Setting next_dagrun for example_sla_dag to 2025-03-18 20:00:00+00:00, run_after=2025-03-18 20:02:00+00:00
[2025-03-18T20:02:46.201+0000] {processor.py:208} INFO - Processing /home/airflow/.local/lib/python3.12/site-packages/airflow/example_dags/example_sla_dag.py took 0.092 seconds
[2025-03-18T20:03:17.035+0000] {processor.py:186} INFO - Started process (PID=134) to work on /home/airflow/.local/lib/python3.12/site-packages/airflow/example_dags/example_sla_dag.py
[2025-03-18T20:03:17.035+0000] {processor.py:914} INFO - Processing file /home/airflow/.local/lib/python3.12/site-packages/airflow/example_dags/example_sla_dag.py for tasks to queue
[2025-03-18T20:03:17.036+0000] {logging_mixin.py:190} INFO - [2025-03-18T20:03:17.036+0000] {dagbag.py:588} INFO - Filling up the DagBag from /home/airflow/.local/lib/python3.12/site-packages/airflow/example_dags/example_sla_dag.py
[2025-03-18T20:03:17.040+0000] {processor.py:925} INFO - DAG(s) 'example_sla_dag' retrieved from /home/airflow/.local/lib/python3.12/site-packages/airflow/example_dags/example_sla_dag.py
[2025-03-18T20:03:17.046+0000] {logging_mixin.py:190} INFO - [2025-03-18T20:03:17.046+0000] {dag.py:3239} INFO - Sync 1 DAGs
[2025-03-18T20:03:17.055+0000] {logging_mixin.py:190} INFO - [2025-03-18T20:03:17.055+0000] {dag.py:4180} INFO - Setting next_dagrun for example_sla_dag to 2025-03-18 20:00:00+00:00, run_after=2025-03-18 20:02:00+00:00
[2025-03-18T20:03:17.060+0000] {processor.py:208} INFO - Processing /home/airflow/.local/lib/python3.12/site-packages/airflow/example_dags/example_sla_dag.py took 0.028 seconds
[2025-03-18T20:03:47.365+0000] {processor.py:186} INFO - Started process (PID=197) to work on /home/airflow/.local/lib/python3.12/site-packages/airflow/example_dags/example_sla_dag.py
[2025-03-18T20:03:47.367+0000] {processor.py:914} INFO - Processing file /home/airflow/.local/lib/python3.12/site-packages/airflow/example_dags/example_sla_dag.py for tasks to queue
[2025-03-18T20:03:47.368+0000] {logging_mixin.py:190} INFO - [2025-03-18T20:03:47.368+0000] {dagbag.py:588} INFO - Filling up the DagBag from /home/airflow/.local/lib/python3.12/site-packages/airflow/example_dags/example_sla_dag.py
[2025-03-18T20:03:47.372+0000] {processor.py:925} INFO - DAG(s) 'example_sla_dag' retrieved from /home/airflow/.local/lib/python3.12/site-packages/airflow/example_dags/example_sla_dag.py
[2025-03-18T20:03:47.379+0000] {logging_mixin.py:190} INFO - [2025-03-18T20:03:47.379+0000] {dag.py:3239} INFO - Sync 1 DAGs
[2025-03-18T20:03:47.388+0000] {logging_mixin.py:190} INFO - [2025-03-18T20:03:47.388+0000] {dag.py:4180} INFO - Setting next_dagrun for example_sla_dag to 2025-03-18 20:00:00+00:00, run_after=2025-03-18 20:02:00+00:00
[2025-03-18T20:03:47.393+0000] {processor.py:208} INFO - Processing /home/airflow/.local/lib/python3.12/site-packages/airflow/example_dags/example_sla_dag.py took 0.030 seconds
[2025-03-18T20:04:18.346+0000] {processor.py:186} INFO - Started process (PID=260) to work on /home/airflow/.local/lib/python3.12/site-packages/airflow/example_dags/example_sla_dag.py
[2025-03-18T20:04:18.346+0000] {processor.py:914} INFO - Processing file /home/airflow/.local/lib/python3.12/site-packages/airflow/example_dags/example_sla_dag.py for tasks to queue
[2025-03-18T20:04:18.347+0000] {logging_mixin.py:190} INFO - [2025-03-18T20:04:18.347+0000] {dagbag.py:588} INFO - Filling up the DagBag from /home/airflow/.local/lib/python3.12/site-packages/airflow/example_dags/example_sla_dag.py
[2025-03-18T20:04:18.351+0000] {processor.py:925} INFO - DAG(s) 'example_sla_dag' retrieved from /home/airflow/.local/lib/python3.12/site-packages/airflow/example_dags/example_sla_dag.py
[2025-03-18T20:04:18.358+0000] {logging_mixin.py:190} INFO - [2025-03-18T20:04:18.358+0000] {dag.py:3239} INFO - Sync 1 DAGs
[2025-03-18T20:04:18.366+0000] {logging_mixin.py:190} INFO - [2025-03-18T20:04:18.366+0000] {dag.py:4180} INFO - Setting next_dagrun for example_sla_dag to 2025-03-18 20:02:00+00:00, run_after=2025-03-18 20:04:00+00:00
[2025-03-18T20:04:18.372+0000] {processor.py:208} INFO - Processing /home/airflow/.local/lib/python3.12/site-packages/airflow/example_dags/example_sla_dag.py took 0.029 seconds
[2025-03-18T20:04:49.392+0000] {processor.py:186} INFO - Started process (PID=323) to work on /home/airflow/.local/lib/python3.12/site-packages/airflow/example_dags/example_sla_dag.py
[2025-03-18T20:04:49.392+0000] {processor.py:914} INFO - Processing file /home/airflow/.local/lib/python3.12/site-packages/airflow/example_dags/example_sla_dag.py for tasks to queue
[2025-03-18T20:04:49.393+0000] {logging_mixin.py:190} INFO - [2025-03-18T20:04:49.393+0000] {dagbag.py:588} INFO - Filling up the DagBag from /home/airflow/.local/lib/python3.12/site-packages/airflow/example_dags/example_sla_dag.py
[2025-03-18T20:04:49.397+0000] {processor.py:925} INFO - DAG(s) 'example_sla_dag' retrieved from /home/airflow/.local/lib/python3.12/site-packages/airflow/example_dags/example_sla_dag.py
[2025-03-18T20:04:49.405+0000] {logging_mixin.py:190} INFO - [2025-03-18T20:04:49.405+0000] {dag.py:3239} INFO - Sync 1 DAGs
[2025-03-18T20:04:49.413+0000] {logging_mixin.py:190} INFO - [2025-03-18T20:04:49.413+0000] {dag.py:4180} INFO - Setting next_dagrun for example_sla_dag to 2025-03-18 20:02:00+00:00, run_after=2025-03-18 20:04:00+00:00
[2025-03-18T20:04:49.419+0000] {processor.py:208} INFO - Processing /home/airflow/.local/lib/python3.12/site-packages/airflow/example_dags/example_sla_dag.py took 0.029 seconds
[2025-03-18T20:05:20.433+0000] {processor.py:186} INFO - Started process (PID=386) to work on /home/airflow/.local/lib/python3.12/site-packages/airflow/example_dags/example_sla_dag.py
[2025-03-18T20:05:20.435+0000] {processor.py:914} INFO - Processing file /home/airflow/.local/lib/python3.12/site-packages/airflow/example_dags/example_sla_dag.py for tasks to queue
[2025-03-18T20:05:20.437+0000] {logging_mixin.py:190} INFO - [2025-03-18T20:05:20.437+0000] {dagbag.py:588} INFO - Filling up the DagBag from /home/airflow/.local/lib/python3.12/site-packages/airflow/example_dags/example_sla_dag.py
[2025-03-18T20:05:20.441+0000] {processor.py:925} INFO - DAG(s) 'example_sla_dag' retrieved from /home/airflow/.local/lib/python3.12/site-packages/airflow/example_dags/example_sla_dag.py
[2025-03-18T20:05:20.448+0000] {logging_mixin.py:190} INFO - [2025-03-18T20:05:20.448+0000] {dag.py:3239} INFO - Sync 1 DAGs
[2025-03-18T20:05:20.457+0000] {logging_mixin.py:190} INFO - [2025-03-18T20:05:20.457+0000] {dag.py:4180} INFO - Setting next_dagrun for example_sla_dag to 2025-03-18 20:02:00+00:00, run_after=2025-03-18 20:04:00+00:00
[2025-03-18T20:05:20.463+0000] {processor.py:208} INFO - Processing /home/airflow/.local/lib/python3.12/site-packages/airflow/example_dags/example_sla_dag.py took 0.033 seconds
[2025-03-18T20:05:50.480+0000] {processor.py:186} INFO - Started process (PID=448) to work on /home/airflow/.local/lib/python3.12/site-packages/airflow/example_dags/example_sla_dag.py
[2025-03-18T20:05:50.481+0000] {processor.py:914} INFO - Processing file /home/airflow/.local/lib/python3.12/site-packages/airflow/example_dags/example_sla_dag.py for tasks to queue
[2025-03-18T20:05:50.481+0000] {logging_mixin.py:190} INFO - [2025-03-18T20:05:50.481+0000] {dagbag.py:588} INFO - Filling up the DagBag from /home/airflow/.local/lib/python3.12/site-packages/airflow/example_dags/example_sla_dag.py
[2025-03-18T20:05:50.485+0000] {processor.py:925} INFO - DAG(s) 'example_sla_dag' retrieved from /home/airflow/.local/lib/python3.12/site-packages/airflow/example_dags/example_sla_dag.py
[2025-03-18T20:05:50.491+0000] {logging_mixin.py:190} INFO - [2025-03-18T20:05:50.491+0000] {dag.py:3239} INFO - Sync 1 DAGs
[2025-03-18T20:05:50.499+0000] {logging_mixin.py:190} INFO - [2025-03-18T20:05:50.499+0000] {dag.py:4180} INFO - Setting next_dagrun for example_sla_dag to 2025-03-18 20:02:00+00:00, run_after=2025-03-18 20:04:00+00:00
[2025-03-18T20:05:50.504+0000] {processor.py:208} INFO - Processing /home/airflow/.local/lib/python3.12/site-packages/airflow/example_dags/example_sla_dag.py took 0.026 seconds
