[2025-03-18T20:02:46.498+0000] {processor.py:186} INFO - Started process (PID=80) to work on /home/airflow/.local/lib/python3.12/site-packages/airflow/example_dags/example_dataset_alias.py
[2025-03-18T20:02:46.498+0000] {processor.py:914} INFO - Processing file /home/airflow/.local/lib/python3.12/site-packages/airflow/example_dags/example_dataset_alias.py for tasks to queue
[2025-03-18T20:02:46.499+0000] {logging_mixin.py:190} INFO - [2025-03-18T20:02:46.499+0000] {dagbag.py:588} INFO - Filling up the DagBag from /home/airflow/.local/lib/python3.12/site-packages/airflow/example_dags/example_dataset_alias.py
[2025-03-18T20:02:46.778+0000] {processor.py:925} INFO - DAG(s) 'dataset_alias_example_alias_consumer', 'dataset_s3_bucket_producer', 'dataset_alias_example_alias_producer', 'dataset_s3_bucket_consumer' retrieved from /home/airflow/.local/lib/python3.12/site-packages/airflow/example_dags/example_dataset_alias.py
[2025-03-18T20:02:46.811+0000] {logging_mixin.py:190} INFO - [2025-03-18T20:02:46.810+0000] {override.py:1912} INFO - Created Permission View: can read on DAG:dataset_alias_example_alias_consumer
[2025-03-18T20:02:46.816+0000] {logging_mixin.py:190} INFO - [2025-03-18T20:02:46.815+0000] {override.py:1912} INFO - Created Permission View: can delete on DAG:dataset_alias_example_alias_consumer
[2025-03-18T20:02:46.819+0000] {logging_mixin.py:190} INFO - [2025-03-18T20:02:46.819+0000] {override.py:1912} INFO - Created Permission View: can edit on DAG:dataset_alias_example_alias_consumer
[2025-03-18T20:02:46.821+0000] {logging_mixin.py:190} INFO - [2025-03-18T20:02:46.821+0000] {override.py:1912} INFO - Created Permission View: menu access on DAG Run:dataset_alias_example_alias_consumer
[2025-03-18T20:02:46.823+0000] {logging_mixin.py:190} INFO - [2025-03-18T20:02:46.823+0000] {override.py:1912} INFO - Created Permission View: can create on DAG Run:dataset_alias_example_alias_consumer
[2025-03-18T20:02:46.826+0000] {logging_mixin.py:190} INFO - [2025-03-18T20:02:46.826+0000] {override.py:1912} INFO - Created Permission View: can read on DAG Run:dataset_alias_example_alias_consumer
[2025-03-18T20:02:46.828+0000] {logging_mixin.py:190} INFO - [2025-03-18T20:02:46.828+0000] {override.py:1912} INFO - Created Permission View: can delete on DAG Run:dataset_alias_example_alias_consumer
[2025-03-18T20:02:46.836+0000] {logging_mixin.py:190} INFO - [2025-03-18T20:02:46.836+0000] {override.py:1912} INFO - Created Permission View: can read on DAG:dataset_s3_bucket_producer
[2025-03-18T20:02:46.839+0000] {logging_mixin.py:190} INFO - [2025-03-18T20:02:46.839+0000] {override.py:1912} INFO - Created Permission View: can delete on DAG:dataset_s3_bucket_producer
[2025-03-18T20:02:46.841+0000] {logging_mixin.py:190} INFO - [2025-03-18T20:02:46.841+0000] {override.py:1912} INFO - Created Permission View: can edit on DAG:dataset_s3_bucket_producer
[2025-03-18T20:02:46.845+0000] {logging_mixin.py:190} INFO - [2025-03-18T20:02:46.844+0000] {override.py:1912} INFO - Created Permission View: menu access on DAG Run:dataset_s3_bucket_producer
[2025-03-18T20:02:46.847+0000] {logging_mixin.py:190} INFO - [2025-03-18T20:02:46.847+0000] {override.py:1912} INFO - Created Permission View: can create on DAG Run:dataset_s3_bucket_producer
[2025-03-18T20:02:46.849+0000] {logging_mixin.py:190} INFO - [2025-03-18T20:02:46.849+0000] {override.py:1912} INFO - Created Permission View: can read on DAG Run:dataset_s3_bucket_producer
[2025-03-18T20:02:46.852+0000] {logging_mixin.py:190} INFO - [2025-03-18T20:02:46.852+0000] {override.py:1912} INFO - Created Permission View: can delete on DAG Run:dataset_s3_bucket_producer
[2025-03-18T20:02:46.857+0000] {logging_mixin.py:190} INFO - [2025-03-18T20:02:46.857+0000] {override.py:1912} INFO - Created Permission View: can read on DAG:dataset_alias_example_alias_producer
[2025-03-18T20:02:46.859+0000] {logging_mixin.py:190} INFO - [2025-03-18T20:02:46.859+0000] {override.py:1912} INFO - Created Permission View: can delete on DAG:dataset_alias_example_alias_producer
[2025-03-18T20:02:46.861+0000] {logging_mixin.py:190} INFO - [2025-03-18T20:02:46.861+0000] {override.py:1912} INFO - Created Permission View: can edit on DAG:dataset_alias_example_alias_producer
[2025-03-18T20:02:46.864+0000] {logging_mixin.py:190} INFO - [2025-03-18T20:02:46.864+0000] {override.py:1912} INFO - Created Permission View: menu access on DAG Run:dataset_alias_example_alias_producer
[2025-03-18T20:02:46.866+0000] {logging_mixin.py:190} INFO - [2025-03-18T20:02:46.866+0000] {override.py:1912} INFO - Created Permission View: can create on DAG Run:dataset_alias_example_alias_producer
[2025-03-18T20:02:46.868+0000] {logging_mixin.py:190} INFO - [2025-03-18T20:02:46.868+0000] {override.py:1912} INFO - Created Permission View: can read on DAG Run:dataset_alias_example_alias_producer
[2025-03-18T20:02:46.870+0000] {logging_mixin.py:190} INFO - [2025-03-18T20:02:46.870+0000] {override.py:1912} INFO - Created Permission View: can delete on DAG Run:dataset_alias_example_alias_producer
[2025-03-18T20:02:46.874+0000] {logging_mixin.py:190} INFO - [2025-03-18T20:02:46.874+0000] {override.py:1912} INFO - Created Permission View: can read on DAG:dataset_s3_bucket_consumer
[2025-03-18T20:02:46.878+0000] {logging_mixin.py:190} INFO - [2025-03-18T20:02:46.877+0000] {override.py:1912} INFO - Created Permission View: can delete on DAG:dataset_s3_bucket_consumer
[2025-03-18T20:02:46.881+0000] {logging_mixin.py:190} INFO - [2025-03-18T20:02:46.880+0000] {override.py:1912} INFO - Created Permission View: can edit on DAG:dataset_s3_bucket_consumer
[2025-03-18T20:02:46.884+0000] {logging_mixin.py:190} INFO - [2025-03-18T20:02:46.884+0000] {override.py:1912} INFO - Created Permission View: menu access on DAG Run:dataset_s3_bucket_consumer
[2025-03-18T20:02:46.888+0000] {logging_mixin.py:190} INFO - [2025-03-18T20:02:46.888+0000] {override.py:1912} INFO - Created Permission View: can create on DAG Run:dataset_s3_bucket_consumer
[2025-03-18T20:02:46.891+0000] {logging_mixin.py:190} INFO - [2025-03-18T20:02:46.891+0000] {override.py:1912} INFO - Created Permission View: can read on DAG Run:dataset_s3_bucket_consumer
[2025-03-18T20:02:46.894+0000] {logging_mixin.py:190} INFO - [2025-03-18T20:02:46.894+0000] {override.py:1912} INFO - Created Permission View: can delete on DAG Run:dataset_s3_bucket_consumer
[2025-03-18T20:02:46.894+0000] {logging_mixin.py:190} INFO - [2025-03-18T20:02:46.894+0000] {dag.py:3239} INFO - Sync 4 DAGs
[2025-03-18T20:02:46.900+0000] {logging_mixin.py:190} INFO - [2025-03-18T20:02:46.899+0000] {dag.py:3262} INFO - Creating ORM DAG for dataset_alias_example_alias_consumer
[2025-03-18T20:02:46.900+0000] {logging_mixin.py:190} INFO - [2025-03-18T20:02:46.900+0000] {dag.py:3262} INFO - Creating ORM DAG for dataset_alias_example_alias_producer
[2025-03-18T20:02:46.900+0000] {logging_mixin.py:190} INFO - [2025-03-18T20:02:46.900+0000] {dag.py:3262} INFO - Creating ORM DAG for dataset_s3_bucket_producer
[2025-03-18T20:02:46.900+0000] {logging_mixin.py:190} INFO - [2025-03-18T20:02:46.900+0000] {dag.py:3262} INFO - Creating ORM DAG for dataset_s3_bucket_consumer
[2025-03-18T20:02:46.905+0000] {logging_mixin.py:190} INFO - [2025-03-18T20:02:46.905+0000] {dag.py:4180} INFO - Setting next_dagrun for dataset_alias_example_alias_consumer to None, run_after=None
[2025-03-18T20:02:46.906+0000] {logging_mixin.py:190} INFO - [2025-03-18T20:02:46.906+0000] {dag.py:4180} INFO - Setting next_dagrun for dataset_alias_example_alias_producer to None, run_after=None
[2025-03-18T20:02:46.906+0000] {logging_mixin.py:190} INFO - [2025-03-18T20:02:46.906+0000] {dag.py:4180} INFO - Setting next_dagrun for dataset_s3_bucket_consumer to None, run_after=None
[2025-03-18T20:02:46.906+0000] {logging_mixin.py:190} INFO - [2025-03-18T20:02:46.906+0000] {dag.py:4180} INFO - Setting next_dagrun for dataset_s3_bucket_producer to None, run_after=None
[2025-03-18T20:02:46.917+0000] {processor.py:208} INFO - Processing /home/airflow/.local/lib/python3.12/site-packages/airflow/example_dags/example_dataset_alias.py took 0.422 seconds
[2025-03-18T20:03:17.263+0000] {processor.py:186} INFO - Started process (PID=144) to work on /home/airflow/.local/lib/python3.12/site-packages/airflow/example_dags/example_dataset_alias.py
[2025-03-18T20:03:17.263+0000] {processor.py:914} INFO - Processing file /home/airflow/.local/lib/python3.12/site-packages/airflow/example_dags/example_dataset_alias.py for tasks to queue
[2025-03-18T20:03:17.264+0000] {logging_mixin.py:190} INFO - [2025-03-18T20:03:17.264+0000] {dagbag.py:588} INFO - Filling up the DagBag from /home/airflow/.local/lib/python3.12/site-packages/airflow/example_dags/example_dataset_alias.py
[2025-03-18T20:03:17.475+0000] {processor.py:925} INFO - DAG(s) 'dataset_s3_bucket_consumer', 'dataset_alias_example_alias_consumer', 'dataset_alias_example_alias_producer', 'dataset_s3_bucket_producer' retrieved from /home/airflow/.local/lib/python3.12/site-packages/airflow/example_dags/example_dataset_alias.py
[2025-03-18T20:03:17.481+0000] {logging_mixin.py:190} INFO - [2025-03-18T20:03:17.481+0000] {dag.py:3239} INFO - Sync 4 DAGs
[2025-03-18T20:03:17.489+0000] {logging_mixin.py:190} INFO - [2025-03-18T20:03:17.489+0000] {dag.py:4180} INFO - Setting next_dagrun for dataset_alias_example_alias_consumer to None, run_after=None
[2025-03-18T20:03:17.490+0000] {logging_mixin.py:190} INFO - [2025-03-18T20:03:17.490+0000] {dag.py:4180} INFO - Setting next_dagrun for dataset_alias_example_alias_producer to None, run_after=None
[2025-03-18T20:03:17.490+0000] {logging_mixin.py:190} INFO - [2025-03-18T20:03:17.490+0000] {dag.py:4180} INFO - Setting next_dagrun for dataset_s3_bucket_consumer to None, run_after=None
[2025-03-18T20:03:17.491+0000] {logging_mixin.py:190} INFO - [2025-03-18T20:03:17.491+0000] {dag.py:4180} INFO - Setting next_dagrun for dataset_s3_bucket_producer to None, run_after=None
[2025-03-18T20:03:17.497+0000] {processor.py:208} INFO - Processing /home/airflow/.local/lib/python3.12/site-packages/airflow/example_dags/example_dataset_alias.py took 0.236 seconds
[2025-03-18T20:03:47.582+0000] {processor.py:186} INFO - Started process (PID=207) to work on /home/airflow/.local/lib/python3.12/site-packages/airflow/example_dags/example_dataset_alias.py
[2025-03-18T20:03:47.582+0000] {processor.py:914} INFO - Processing file /home/airflow/.local/lib/python3.12/site-packages/airflow/example_dags/example_dataset_alias.py for tasks to queue
[2025-03-18T20:03:47.583+0000] {logging_mixin.py:190} INFO - [2025-03-18T20:03:47.583+0000] {dagbag.py:588} INFO - Filling up the DagBag from /home/airflow/.local/lib/python3.12/site-packages/airflow/example_dags/example_dataset_alias.py
[2025-03-18T20:03:47.810+0000] {processor.py:925} INFO - DAG(s) 'dataset_alias_example_alias_producer', 'dataset_alias_example_alias_consumer', 'dataset_s3_bucket_producer', 'dataset_s3_bucket_consumer' retrieved from /home/airflow/.local/lib/python3.12/site-packages/airflow/example_dags/example_dataset_alias.py
[2025-03-18T20:03:47.816+0000] {logging_mixin.py:190} INFO - [2025-03-18T20:03:47.816+0000] {dag.py:3239} INFO - Sync 4 DAGs
[2025-03-18T20:03:47.824+0000] {logging_mixin.py:190} INFO - [2025-03-18T20:03:47.824+0000] {dag.py:4180} INFO - Setting next_dagrun for dataset_alias_example_alias_consumer to None, run_after=None
[2025-03-18T20:03:47.824+0000] {logging_mixin.py:190} INFO - [2025-03-18T20:03:47.824+0000] {dag.py:4180} INFO - Setting next_dagrun for dataset_alias_example_alias_producer to None, run_after=None
[2025-03-18T20:03:47.826+0000] {logging_mixin.py:190} INFO - [2025-03-18T20:03:47.826+0000] {dag.py:4180} INFO - Setting next_dagrun for dataset_s3_bucket_consumer to None, run_after=None
[2025-03-18T20:03:47.826+0000] {logging_mixin.py:190} INFO - [2025-03-18T20:03:47.826+0000] {dag.py:4180} INFO - Setting next_dagrun for dataset_s3_bucket_producer to None, run_after=None
[2025-03-18T20:03:47.832+0000] {processor.py:208} INFO - Processing /home/airflow/.local/lib/python3.12/site-packages/airflow/example_dags/example_dataset_alias.py took 0.252 seconds
[2025-03-18T20:04:18.505+0000] {processor.py:186} INFO - Started process (PID=268) to work on /home/airflow/.local/lib/python3.12/site-packages/airflow/example_dags/example_dataset_alias.py
[2025-03-18T20:04:18.505+0000] {processor.py:914} INFO - Processing file /home/airflow/.local/lib/python3.12/site-packages/airflow/example_dags/example_dataset_alias.py for tasks to queue
[2025-03-18T20:04:18.506+0000] {logging_mixin.py:190} INFO - [2025-03-18T20:04:18.506+0000] {dagbag.py:588} INFO - Filling up the DagBag from /home/airflow/.local/lib/python3.12/site-packages/airflow/example_dags/example_dataset_alias.py
[2025-03-18T20:04:18.723+0000] {processor.py:925} INFO - DAG(s) 'dataset_s3_bucket_consumer', 'dataset_s3_bucket_producer', 'dataset_alias_example_alias_consumer', 'dataset_alias_example_alias_producer' retrieved from /home/airflow/.local/lib/python3.12/site-packages/airflow/example_dags/example_dataset_alias.py
[2025-03-18T20:04:18.729+0000] {logging_mixin.py:190} INFO - [2025-03-18T20:04:18.729+0000] {dag.py:3239} INFO - Sync 4 DAGs
[2025-03-18T20:04:18.736+0000] {logging_mixin.py:190} INFO - [2025-03-18T20:04:18.736+0000] {dag.py:4180} INFO - Setting next_dagrun for dataset_alias_example_alias_consumer to None, run_after=None
[2025-03-18T20:04:18.737+0000] {logging_mixin.py:190} INFO - [2025-03-18T20:04:18.737+0000] {dag.py:4180} INFO - Setting next_dagrun for dataset_alias_example_alias_producer to None, run_after=None
[2025-03-18T20:04:18.738+0000] {logging_mixin.py:190} INFO - [2025-03-18T20:04:18.738+0000] {dag.py:4180} INFO - Setting next_dagrun for dataset_s3_bucket_consumer to None, run_after=None
[2025-03-18T20:04:18.738+0000] {logging_mixin.py:190} INFO - [2025-03-18T20:04:18.738+0000] {dag.py:4180} INFO - Setting next_dagrun for dataset_s3_bucket_producer to None, run_after=None
[2025-03-18T20:04:18.744+0000] {processor.py:208} INFO - Processing /home/airflow/.local/lib/python3.12/site-packages/airflow/example_dags/example_dataset_alias.py took 0.242 seconds
[2025-03-18T20:04:49.621+0000] {processor.py:186} INFO - Started process (PID=331) to work on /home/airflow/.local/lib/python3.12/site-packages/airflow/example_dags/example_dataset_alias.py
[2025-03-18T20:04:49.621+0000] {processor.py:914} INFO - Processing file /home/airflow/.local/lib/python3.12/site-packages/airflow/example_dags/example_dataset_alias.py for tasks to queue
[2025-03-18T20:04:49.622+0000] {logging_mixin.py:190} INFO - [2025-03-18T20:04:49.622+0000] {dagbag.py:588} INFO - Filling up the DagBag from /home/airflow/.local/lib/python3.12/site-packages/airflow/example_dags/example_dataset_alias.py
[2025-03-18T20:04:49.839+0000] {processor.py:925} INFO - DAG(s) 'dataset_alias_example_alias_producer', 'dataset_s3_bucket_producer', 'dataset_s3_bucket_consumer', 'dataset_alias_example_alias_consumer' retrieved from /home/airflow/.local/lib/python3.12/site-packages/airflow/example_dags/example_dataset_alias.py
[2025-03-18T20:04:49.845+0000] {logging_mixin.py:190} INFO - [2025-03-18T20:04:49.845+0000] {dag.py:3239} INFO - Sync 4 DAGs
[2025-03-18T20:04:49.852+0000] {logging_mixin.py:190} INFO - [2025-03-18T20:04:49.852+0000] {dag.py:4180} INFO - Setting next_dagrun for dataset_alias_example_alias_consumer to None, run_after=None
[2025-03-18T20:04:49.853+0000] {logging_mixin.py:190} INFO - [2025-03-18T20:04:49.853+0000] {dag.py:4180} INFO - Setting next_dagrun for dataset_alias_example_alias_producer to None, run_after=None
[2025-03-18T20:04:49.853+0000] {logging_mixin.py:190} INFO - [2025-03-18T20:04:49.853+0000] {dag.py:4180} INFO - Setting next_dagrun for dataset_s3_bucket_consumer to None, run_after=None
[2025-03-18T20:04:49.854+0000] {logging_mixin.py:190} INFO - [2025-03-18T20:04:49.854+0000] {dag.py:4180} INFO - Setting next_dagrun for dataset_s3_bucket_producer to None, run_after=None
[2025-03-18T20:04:49.860+0000] {processor.py:208} INFO - Processing /home/airflow/.local/lib/python3.12/site-packages/airflow/example_dags/example_dataset_alias.py took 0.241 seconds
[2025-03-18T20:05:20.677+0000] {processor.py:186} INFO - Started process (PID=394) to work on /home/airflow/.local/lib/python3.12/site-packages/airflow/example_dags/example_dataset_alias.py
[2025-03-18T20:05:20.678+0000] {processor.py:914} INFO - Processing file /home/airflow/.local/lib/python3.12/site-packages/airflow/example_dags/example_dataset_alias.py for tasks to queue
[2025-03-18T20:05:20.678+0000] {logging_mixin.py:190} INFO - [2025-03-18T20:05:20.678+0000] {dagbag.py:588} INFO - Filling up the DagBag from /home/airflow/.local/lib/python3.12/site-packages/airflow/example_dags/example_dataset_alias.py
[2025-03-18T20:05:20.900+0000] {processor.py:925} INFO - DAG(s) 'dataset_alias_example_alias_producer', 'dataset_alias_example_alias_consumer', 'dataset_s3_bucket_consumer', 'dataset_s3_bucket_producer' retrieved from /home/airflow/.local/lib/python3.12/site-packages/airflow/example_dags/example_dataset_alias.py
[2025-03-18T20:05:20.906+0000] {logging_mixin.py:190} INFO - [2025-03-18T20:05:20.906+0000] {dag.py:3239} INFO - Sync 4 DAGs
[2025-03-18T20:05:20.912+0000] {logging_mixin.py:190} INFO - [2025-03-18T20:05:20.912+0000] {dag.py:4180} INFO - Setting next_dagrun for dataset_alias_example_alias_consumer to None, run_after=None
[2025-03-18T20:05:20.914+0000] {logging_mixin.py:190} INFO - [2025-03-18T20:05:20.914+0000] {dag.py:4180} INFO - Setting next_dagrun for dataset_alias_example_alias_producer to None, run_after=None
[2025-03-18T20:05:20.915+0000] {logging_mixin.py:190} INFO - [2025-03-18T20:05:20.915+0000] {dag.py:4180} INFO - Setting next_dagrun for dataset_s3_bucket_consumer to None, run_after=None
[2025-03-18T20:05:20.915+0000] {logging_mixin.py:190} INFO - [2025-03-18T20:05:20.915+0000] {dag.py:4180} INFO - Setting next_dagrun for dataset_s3_bucket_producer to None, run_after=None
[2025-03-18T20:05:20.921+0000] {processor.py:208} INFO - Processing /home/airflow/.local/lib/python3.12/site-packages/airflow/example_dags/example_dataset_alias.py took 0.247 seconds
[2025-03-18T20:05:51.777+0000] {processor.py:186} INFO - Started process (PID=457) to work on /home/airflow/.local/lib/python3.12/site-packages/airflow/example_dags/example_dataset_alias.py
[2025-03-18T20:05:51.778+0000] {processor.py:914} INFO - Processing file /home/airflow/.local/lib/python3.12/site-packages/airflow/example_dags/example_dataset_alias.py for tasks to queue
[2025-03-18T20:05:51.778+0000] {logging_mixin.py:190} INFO - [2025-03-18T20:05:51.778+0000] {dagbag.py:588} INFO - Filling up the DagBag from /home/airflow/.local/lib/python3.12/site-packages/airflow/example_dags/example_dataset_alias.py
[2025-03-18T20:05:52.003+0000] {processor.py:925} INFO - DAG(s) 'dataset_alias_example_alias_producer', 'dataset_s3_bucket_consumer', 'dataset_alias_example_alias_consumer', 'dataset_s3_bucket_producer' retrieved from /home/airflow/.local/lib/python3.12/site-packages/airflow/example_dags/example_dataset_alias.py
[2025-03-18T20:05:52.013+0000] {logging_mixin.py:190} INFO - [2025-03-18T20:05:52.012+0000] {dag.py:3239} INFO - Sync 4 DAGs
[2025-03-18T20:05:52.020+0000] {logging_mixin.py:190} INFO - [2025-03-18T20:05:52.019+0000] {dag.py:4180} INFO - Setting next_dagrun for dataset_alias_example_alias_consumer to None, run_after=None
[2025-03-18T20:05:52.022+0000] {logging_mixin.py:190} INFO - [2025-03-18T20:05:52.022+0000] {dag.py:4180} INFO - Setting next_dagrun for dataset_alias_example_alias_producer to None, run_after=None
[2025-03-18T20:05:52.023+0000] {logging_mixin.py:190} INFO - [2025-03-18T20:05:52.023+0000] {dag.py:4180} INFO - Setting next_dagrun for dataset_s3_bucket_consumer to None, run_after=None
[2025-03-18T20:05:52.023+0000] {logging_mixin.py:190} INFO - [2025-03-18T20:05:52.023+0000] {dag.py:4180} INFO - Setting next_dagrun for dataset_s3_bucket_producer to None, run_after=None
[2025-03-18T20:05:52.029+0000] {processor.py:208} INFO - Processing /home/airflow/.local/lib/python3.12/site-packages/airflow/example_dags/example_dataset_alias.py took 0.254 seconds
