[2025-03-18T20:02:46.312+0000] {processor.py:186} INFO - Started process (PID=76) to work on /home/airflow/.local/lib/python3.12/site-packages/airflow/example_dags/example_time_delta_sensor_async.py
[2025-03-18T20:02:46.314+0000] {processor.py:914} INFO - Processing file /home/airflow/.local/lib/python3.12/site-packages/airflow/example_dags/example_time_delta_sensor_async.py for tasks to queue
[2025-03-18T20:02:46.315+0000] {logging_mixin.py:190} INFO - [2025-03-18T20:02:46.315+0000] {dagbag.py:588} INFO - Filling up the DagBag from /home/airflow/.local/lib/python3.12/site-packages/airflow/example_dags/example_time_delta_sensor_async.py
[2025-03-18T20:02:46.319+0000] {processor.py:925} INFO - DAG(s) 'example_time_delta_sensor_async' retrieved from /home/airflow/.local/lib/python3.12/site-packages/airflow/example_dags/example_time_delta_sensor_async.py
[2025-03-18T20:02:46.363+0000] {logging_mixin.py:190} INFO - [2025-03-18T20:02:46.362+0000] {override.py:1912} INFO - Created Permission View: can read on DAG:example_time_delta_sensor_async
[2025-03-18T20:02:46.367+0000] {logging_mixin.py:190} INFO - [2025-03-18T20:02:46.367+0000] {override.py:1912} INFO - Created Permission View: can delete on DAG:example_time_delta_sensor_async
[2025-03-18T20:02:46.373+0000] {logging_mixin.py:190} INFO - [2025-03-18T20:02:46.373+0000] {override.py:1912} INFO - Created Permission View: can edit on DAG:example_time_delta_sensor_async
[2025-03-18T20:02:46.375+0000] {logging_mixin.py:190} INFO - [2025-03-18T20:02:46.375+0000] {override.py:1912} INFO - Created Permission View: menu access on DAG Run:example_time_delta_sensor_async
[2025-03-18T20:02:46.378+0000] {logging_mixin.py:190} INFO - [2025-03-18T20:02:46.378+0000] {override.py:1912} INFO - Created Permission View: can create on DAG Run:example_time_delta_sensor_async
[2025-03-18T20:02:46.380+0000] {logging_mixin.py:190} INFO - [2025-03-18T20:02:46.380+0000] {override.py:1912} INFO - Created Permission View: can read on DAG Run:example_time_delta_sensor_async
[2025-03-18T20:02:46.382+0000] {logging_mixin.py:190} INFO - [2025-03-18T20:02:46.382+0000] {override.py:1912} INFO - Created Permission View: can delete on DAG Run:example_time_delta_sensor_async
[2025-03-18T20:02:46.382+0000] {logging_mixin.py:190} INFO - [2025-03-18T20:02:46.382+0000] {dag.py:3239} INFO - Sync 1 DAGs
[2025-03-18T20:02:46.387+0000] {logging_mixin.py:190} INFO - [2025-03-18T20:02:46.387+0000] {dag.py:3262} INFO - Creating ORM DAG for example_time_delta_sensor_async
[2025-03-18T20:02:46.387+0000] {logging_mixin.py:190} INFO - [2025-03-18T20:02:46.387+0000] {dag.py:4180} INFO - Setting next_dagrun for example_time_delta_sensor_async to None, run_after=None
[2025-03-18T20:02:46.393+0000] {processor.py:208} INFO - Processing /home/airflow/.local/lib/python3.12/site-packages/airflow/example_dags/example_time_delta_sensor_async.py took 0.084 seconds
[2025-03-18T20:03:17.131+0000] {processor.py:186} INFO - Started process (PID=138) to work on /home/airflow/.local/lib/python3.12/site-packages/airflow/example_dags/example_time_delta_sensor_async.py
[2025-03-18T20:03:17.132+0000] {processor.py:914} INFO - Processing file /home/airflow/.local/lib/python3.12/site-packages/airflow/example_dags/example_time_delta_sensor_async.py for tasks to queue
[2025-03-18T20:03:17.132+0000] {logging_mixin.py:190} INFO - [2025-03-18T20:03:17.132+0000] {dagbag.py:588} INFO - Filling up the DagBag from /home/airflow/.local/lib/python3.12/site-packages/airflow/example_dags/example_time_delta_sensor_async.py
[2025-03-18T20:03:17.135+0000] {processor.py:925} INFO - DAG(s) 'example_time_delta_sensor_async' retrieved from /home/airflow/.local/lib/python3.12/site-packages/airflow/example_dags/example_time_delta_sensor_async.py
[2025-03-18T20:03:17.143+0000] {logging_mixin.py:190} INFO - [2025-03-18T20:03:17.143+0000] {dag.py:3239} INFO - Sync 1 DAGs
[2025-03-18T20:03:17.148+0000] {logging_mixin.py:190} INFO - [2025-03-18T20:03:17.148+0000] {dag.py:4180} INFO - Setting next_dagrun for example_time_delta_sensor_async to None, run_after=None
[2025-03-18T20:03:17.156+0000] {processor.py:208} INFO - Processing /home/airflow/.local/lib/python3.12/site-packages/airflow/example_dags/example_time_delta_sensor_async.py took 0.027 seconds
[2025-03-18T20:03:47.451+0000] {processor.py:186} INFO - Started process (PID=201) to work on /home/airflow/.local/lib/python3.12/site-packages/airflow/example_dags/example_time_delta_sensor_async.py
[2025-03-18T20:03:47.451+0000] {processor.py:914} INFO - Processing file /home/airflow/.local/lib/python3.12/site-packages/airflow/example_dags/example_time_delta_sensor_async.py for tasks to queue
[2025-03-18T20:03:47.452+0000] {logging_mixin.py:190} INFO - [2025-03-18T20:03:47.452+0000] {dagbag.py:588} INFO - Filling up the DagBag from /home/airflow/.local/lib/python3.12/site-packages/airflow/example_dags/example_time_delta_sensor_async.py
[2025-03-18T20:03:47.455+0000] {processor.py:925} INFO - DAG(s) 'example_time_delta_sensor_async' retrieved from /home/airflow/.local/lib/python3.12/site-packages/airflow/example_dags/example_time_delta_sensor_async.py
[2025-03-18T20:03:47.462+0000] {logging_mixin.py:190} INFO - [2025-03-18T20:03:47.462+0000] {dag.py:3239} INFO - Sync 1 DAGs
[2025-03-18T20:03:47.467+0000] {logging_mixin.py:190} INFO - [2025-03-18T20:03:47.467+0000] {dag.py:4180} INFO - Setting next_dagrun for example_time_delta_sensor_async to None, run_after=None
[2025-03-18T20:03:47.472+0000] {processor.py:208} INFO - Processing /home/airflow/.local/lib/python3.12/site-packages/airflow/example_dags/example_time_delta_sensor_async.py took 0.023 seconds
[2025-03-18T20:04:18.442+0000] {processor.py:186} INFO - Started process (PID=264) to work on /home/airflow/.local/lib/python3.12/site-packages/airflow/example_dags/example_time_delta_sensor_async.py
[2025-03-18T20:04:18.442+0000] {processor.py:914} INFO - Processing file /home/airflow/.local/lib/python3.12/site-packages/airflow/example_dags/example_time_delta_sensor_async.py for tasks to queue
[2025-03-18T20:04:18.443+0000] {logging_mixin.py:190} INFO - [2025-03-18T20:04:18.443+0000] {dagbag.py:588} INFO - Filling up the DagBag from /home/airflow/.local/lib/python3.12/site-packages/airflow/example_dags/example_time_delta_sensor_async.py
[2025-03-18T20:04:18.446+0000] {processor.py:925} INFO - DAG(s) 'example_time_delta_sensor_async' retrieved from /home/airflow/.local/lib/python3.12/site-packages/airflow/example_dags/example_time_delta_sensor_async.py
[2025-03-18T20:04:18.453+0000] {logging_mixin.py:190} INFO - [2025-03-18T20:04:18.453+0000] {dag.py:3239} INFO - Sync 1 DAGs
[2025-03-18T20:04:18.458+0000] {logging_mixin.py:190} INFO - [2025-03-18T20:04:18.458+0000] {dag.py:4180} INFO - Setting next_dagrun for example_time_delta_sensor_async to None, run_after=None
[2025-03-18T20:04:18.463+0000] {processor.py:208} INFO - Processing /home/airflow/.local/lib/python3.12/site-packages/airflow/example_dags/example_time_delta_sensor_async.py took 0.024 seconds
[2025-03-18T20:04:49.550+0000] {processor.py:186} INFO - Started process (PID=327) to work on /home/airflow/.local/lib/python3.12/site-packages/airflow/example_dags/example_time_delta_sensor_async.py
[2025-03-18T20:04:49.550+0000] {processor.py:914} INFO - Processing file /home/airflow/.local/lib/python3.12/site-packages/airflow/example_dags/example_time_delta_sensor_async.py for tasks to queue
[2025-03-18T20:04:49.551+0000] {logging_mixin.py:190} INFO - [2025-03-18T20:04:49.551+0000] {dagbag.py:588} INFO - Filling up the DagBag from /home/airflow/.local/lib/python3.12/site-packages/airflow/example_dags/example_time_delta_sensor_async.py
[2025-03-18T20:04:49.555+0000] {processor.py:925} INFO - DAG(s) 'example_time_delta_sensor_async' retrieved from /home/airflow/.local/lib/python3.12/site-packages/airflow/example_dags/example_time_delta_sensor_async.py
[2025-03-18T20:04:49.563+0000] {logging_mixin.py:190} INFO - [2025-03-18T20:04:49.563+0000] {dag.py:3239} INFO - Sync 1 DAGs
[2025-03-18T20:04:49.568+0000] {logging_mixin.py:190} INFO - [2025-03-18T20:04:49.568+0000] {dag.py:4180} INFO - Setting next_dagrun for example_time_delta_sensor_async to None, run_after=None
[2025-03-18T20:04:49.574+0000] {processor.py:208} INFO - Processing /home/airflow/.local/lib/python3.12/site-packages/airflow/example_dags/example_time_delta_sensor_async.py took 0.026 seconds
[2025-03-18T20:05:20.593+0000] {processor.py:186} INFO - Started process (PID=390) to work on /home/airflow/.local/lib/python3.12/site-packages/airflow/example_dags/example_time_delta_sensor_async.py
[2025-03-18T20:05:20.593+0000] {processor.py:914} INFO - Processing file /home/airflow/.local/lib/python3.12/site-packages/airflow/example_dags/example_time_delta_sensor_async.py for tasks to queue
[2025-03-18T20:05:20.595+0000] {logging_mixin.py:190} INFO - [2025-03-18T20:05:20.594+0000] {dagbag.py:588} INFO - Filling up the DagBag from /home/airflow/.local/lib/python3.12/site-packages/airflow/example_dags/example_time_delta_sensor_async.py
[2025-03-18T20:05:20.597+0000] {processor.py:925} INFO - DAG(s) 'example_time_delta_sensor_async' retrieved from /home/airflow/.local/lib/python3.12/site-packages/airflow/example_dags/example_time_delta_sensor_async.py
[2025-03-18T20:05:20.604+0000] {logging_mixin.py:190} INFO - [2025-03-18T20:05:20.604+0000] {dag.py:3239} INFO - Sync 1 DAGs
[2025-03-18T20:05:20.609+0000] {logging_mixin.py:190} INFO - [2025-03-18T20:05:20.609+0000] {dag.py:4180} INFO - Setting next_dagrun for example_time_delta_sensor_async to None, run_after=None
[2025-03-18T20:05:20.614+0000] {processor.py:208} INFO - Processing /home/airflow/.local/lib/python3.12/site-packages/airflow/example_dags/example_time_delta_sensor_async.py took 0.024 seconds
[2025-03-18T20:05:51.636+0000] {processor.py:186} INFO - Started process (PID=453) to work on /home/airflow/.local/lib/python3.12/site-packages/airflow/example_dags/example_time_delta_sensor_async.py
[2025-03-18T20:05:51.636+0000] {processor.py:914} INFO - Processing file /home/airflow/.local/lib/python3.12/site-packages/airflow/example_dags/example_time_delta_sensor_async.py for tasks to queue
[2025-03-18T20:05:51.637+0000] {logging_mixin.py:190} INFO - [2025-03-18T20:05:51.637+0000] {dagbag.py:588} INFO - Filling up the DagBag from /home/airflow/.local/lib/python3.12/site-packages/airflow/example_dags/example_time_delta_sensor_async.py
[2025-03-18T20:05:51.640+0000] {processor.py:925} INFO - DAG(s) 'example_time_delta_sensor_async' retrieved from /home/airflow/.local/lib/python3.12/site-packages/airflow/example_dags/example_time_delta_sensor_async.py
[2025-03-18T20:05:51.648+0000] {logging_mixin.py:190} INFO - [2025-03-18T20:05:51.647+0000] {dag.py:3239} INFO - Sync 1 DAGs
[2025-03-18T20:05:51.654+0000] {logging_mixin.py:190} INFO - [2025-03-18T20:05:51.654+0000] {dag.py:4180} INFO - Setting next_dagrun for example_time_delta_sensor_async to None, run_after=None
[2025-03-18T20:05:51.662+0000] {processor.py:208} INFO - Processing /home/airflow/.local/lib/python3.12/site-packages/airflow/example_dags/example_time_delta_sensor_async.py took 0.028 seconds
