[2025-03-18T20:02:44.543+0000] {processor.py:186} INFO - Started process (PID=56) to work on /home/airflow/.local/lib/python3.12/site-packages/airflow/example_dags/example_outlet_event_extra.py
[2025-03-18T20:02:44.544+0000] {processor.py:914} INFO - Processing file /home/airflow/.local/lib/python3.12/site-packages/airflow/example_dags/example_outlet_event_extra.py for tasks to queue
[2025-03-18T20:02:44.545+0000] {logging_mixin.py:190} INFO - [2025-03-18T20:02:44.545+0000] {dagbag.py:588} INFO - Filling up the DagBag from /home/airflow/.local/lib/python3.12/site-packages/airflow/example_dags/example_outlet_event_extra.py
[2025-03-18T20:02:44.986+0000] {processor.py:925} INFO - DAG(s) 'dataset_with_extra_from_classic_operator', 'dataset_with_extra_by_yield', 'dataset_with_extra_by_context' retrieved from /home/airflow/.local/lib/python3.12/site-packages/airflow/example_dags/example_outlet_event_extra.py
[2025-03-18T20:02:45.023+0000] {logging_mixin.py:190} INFO - [2025-03-18T20:02:45.023+0000] {override.py:1912} INFO - Created Permission View: can read on DAG:dataset_with_extra_from_classic_operator
[2025-03-18T20:02:45.026+0000] {logging_mixin.py:190} INFO - [2025-03-18T20:02:45.025+0000] {override.py:1912} INFO - Created Permission View: can delete on DAG:dataset_with_extra_from_classic_operator
[2025-03-18T20:02:45.027+0000] {logging_mixin.py:190} INFO - [2025-03-18T20:02:45.027+0000] {override.py:1912} INFO - Created Permission View: can edit on DAG:dataset_with_extra_from_classic_operator
[2025-03-18T20:02:45.029+0000] {logging_mixin.py:190} INFO - [2025-03-18T20:02:45.029+0000] {override.py:1912} INFO - Created Permission View: menu access on DAG Run:dataset_with_extra_from_classic_operator
[2025-03-18T20:02:45.030+0000] {logging_mixin.py:190} INFO - [2025-03-18T20:02:45.030+0000] {override.py:1912} INFO - Created Permission View: can create on DAG Run:dataset_with_extra_from_classic_operator
[2025-03-18T20:02:45.032+0000] {logging_mixin.py:190} INFO - [2025-03-18T20:02:45.032+0000] {override.py:1912} INFO - Created Permission View: can read on DAG Run:dataset_with_extra_from_classic_operator
[2025-03-18T20:02:45.033+0000] {logging_mixin.py:190} INFO - [2025-03-18T20:02:45.033+0000] {override.py:1912} INFO - Created Permission View: can delete on DAG Run:dataset_with_extra_from_classic_operator
[2025-03-18T20:02:45.037+0000] {logging_mixin.py:190} INFO - [2025-03-18T20:02:45.037+0000] {override.py:1912} INFO - Created Permission View: can read on DAG:dataset_with_extra_by_yield
[2025-03-18T20:02:45.039+0000] {logging_mixin.py:190} INFO - [2025-03-18T20:02:45.039+0000] {override.py:1912} INFO - Created Permission View: can delete on DAG:dataset_with_extra_by_yield
[2025-03-18T20:02:45.040+0000] {logging_mixin.py:190} INFO - [2025-03-18T20:02:45.040+0000] {override.py:1912} INFO - Created Permission View: can edit on DAG:dataset_with_extra_by_yield
[2025-03-18T20:02:45.042+0000] {logging_mixin.py:190} INFO - [2025-03-18T20:02:45.041+0000] {override.py:1912} INFO - Created Permission View: menu access on DAG Run:dataset_with_extra_by_yield
[2025-03-18T20:02:45.043+0000] {logging_mixin.py:190} INFO - [2025-03-18T20:02:45.043+0000] {override.py:1912} INFO - Created Permission View: can create on DAG Run:dataset_with_extra_by_yield
[2025-03-18T20:02:45.045+0000] {logging_mixin.py:190} INFO - [2025-03-18T20:02:45.044+0000] {override.py:1912} INFO - Created Permission View: can read on DAG Run:dataset_with_extra_by_yield
[2025-03-18T20:02:45.046+0000] {logging_mixin.py:190} INFO - [2025-03-18T20:02:45.046+0000] {override.py:1912} INFO - Created Permission View: can delete on DAG Run:dataset_with_extra_by_yield
[2025-03-18T20:02:45.053+0000] {logging_mixin.py:190} INFO - [2025-03-18T20:02:45.053+0000] {override.py:1912} INFO - Created Permission View: can read on DAG:dataset_with_extra_by_context
[2025-03-18T20:02:45.054+0000] {logging_mixin.py:190} INFO - [2025-03-18T20:02:45.054+0000] {override.py:1912} INFO - Created Permission View: can delete on DAG:dataset_with_extra_by_context
[2025-03-18T20:02:45.055+0000] {logging_mixin.py:190} INFO - [2025-03-18T20:02:45.055+0000] {override.py:1912} INFO - Created Permission View: can edit on DAG:dataset_with_extra_by_context
[2025-03-18T20:02:45.057+0000] {logging_mixin.py:190} INFO - [2025-03-18T20:02:45.057+0000] {override.py:1912} INFO - Created Permission View: menu access on DAG Run:dataset_with_extra_by_context
[2025-03-18T20:02:45.059+0000] {logging_mixin.py:190} INFO - [2025-03-18T20:02:45.059+0000] {override.py:1912} INFO - Created Permission View: can create on DAG Run:dataset_with_extra_by_context
[2025-03-18T20:02:45.061+0000] {logging_mixin.py:190} INFO - [2025-03-18T20:02:45.061+0000] {override.py:1912} INFO - Created Permission View: can read on DAG Run:dataset_with_extra_by_context
[2025-03-18T20:02:45.062+0000] {logging_mixin.py:190} INFO - [2025-03-18T20:02:45.062+0000] {override.py:1912} INFO - Created Permission View: can delete on DAG Run:dataset_with_extra_by_context
[2025-03-18T20:02:45.062+0000] {logging_mixin.py:190} INFO - [2025-03-18T20:02:45.062+0000] {dag.py:3239} INFO - Sync 3 DAGs
[2025-03-18T20:02:45.066+0000] {logging_mixin.py:190} INFO - [2025-03-18T20:02:45.066+0000] {dag.py:3262} INFO - Creating ORM DAG for dataset_with_extra_by_yield
[2025-03-18T20:02:45.066+0000] {logging_mixin.py:190} INFO - [2025-03-18T20:02:45.066+0000] {dag.py:3262} INFO - Creating ORM DAG for dataset_with_extra_by_context
[2025-03-18T20:02:45.067+0000] {logging_mixin.py:190} INFO - [2025-03-18T20:02:45.067+0000] {dag.py:3262} INFO - Creating ORM DAG for dataset_with_extra_from_classic_operator
[2025-03-18T20:02:45.071+0000] {logging_mixin.py:190} INFO - [2025-03-18T20:02:45.071+0000] {dag.py:4180} INFO - Setting next_dagrun for dataset_with_extra_by_context to 2025-03-17 00:00:00+00:00, run_after=2025-03-18 00:00:00+00:00
[2025-03-18T20:02:45.071+0000] {logging_mixin.py:190} INFO - [2025-03-18T20:02:45.071+0000] {dag.py:4180} INFO - Setting next_dagrun for dataset_with_extra_by_yield to 2025-03-17 00:00:00+00:00, run_after=2025-03-18 00:00:00+00:00
[2025-03-18T20:02:45.072+0000] {logging_mixin.py:190} INFO - [2025-03-18T20:02:45.072+0000] {dag.py:4180} INFO - Setting next_dagrun for dataset_with_extra_from_classic_operator to 2025-03-17 00:00:00+00:00, run_after=2025-03-18 00:00:00+00:00
[2025-03-18T20:02:45.079+0000] {processor.py:208} INFO - Processing /home/airflow/.local/lib/python3.12/site-packages/airflow/example_dags/example_outlet_event_extra.py took 0.538 seconds
[2025-03-18T20:03:15.169+0000] {processor.py:186} INFO - Started process (PID=118) to work on /home/airflow/.local/lib/python3.12/site-packages/airflow/example_dags/example_outlet_event_extra.py
[2025-03-18T20:03:15.169+0000] {processor.py:914} INFO - Processing file /home/airflow/.local/lib/python3.12/site-packages/airflow/example_dags/example_outlet_event_extra.py for tasks to queue
[2025-03-18T20:03:15.170+0000] {logging_mixin.py:190} INFO - [2025-03-18T20:03:15.170+0000] {dagbag.py:588} INFO - Filling up the DagBag from /home/airflow/.local/lib/python3.12/site-packages/airflow/example_dags/example_outlet_event_extra.py
[2025-03-18T20:03:15.382+0000] {processor.py:925} INFO - DAG(s) 'dataset_with_extra_by_context', 'dataset_with_extra_from_classic_operator', 'dataset_with_extra_by_yield' retrieved from /home/airflow/.local/lib/python3.12/site-packages/airflow/example_dags/example_outlet_event_extra.py
[2025-03-18T20:03:15.392+0000] {logging_mixin.py:190} INFO - [2025-03-18T20:03:15.392+0000] {dag.py:3239} INFO - Sync 3 DAGs
[2025-03-18T20:03:15.400+0000] {logging_mixin.py:190} INFO - [2025-03-18T20:03:15.400+0000] {dag.py:4180} INFO - Setting next_dagrun for dataset_with_extra_by_context to 2025-03-17 00:00:00+00:00, run_after=2025-03-18 00:00:00+00:00
[2025-03-18T20:03:15.402+0000] {logging_mixin.py:190} INFO - [2025-03-18T20:03:15.402+0000] {dag.py:4180} INFO - Setting next_dagrun for dataset_with_extra_by_yield to 2025-03-17 00:00:00+00:00, run_after=2025-03-18 00:00:00+00:00
[2025-03-18T20:03:15.403+0000] {logging_mixin.py:190} INFO - [2025-03-18T20:03:15.403+0000] {dag.py:4180} INFO - Setting next_dagrun for dataset_with_extra_from_classic_operator to 2025-03-17 00:00:00+00:00, run_after=2025-03-18 00:00:00+00:00
[2025-03-18T20:03:15.409+0000] {processor.py:208} INFO - Processing /home/airflow/.local/lib/python3.12/site-packages/airflow/example_dags/example_outlet_event_extra.py took 0.243 seconds
[2025-03-18T20:03:45.468+0000] {processor.py:186} INFO - Started process (PID=181) to work on /home/airflow/.local/lib/python3.12/site-packages/airflow/example_dags/example_outlet_event_extra.py
[2025-03-18T20:03:45.468+0000] {processor.py:914} INFO - Processing file /home/airflow/.local/lib/python3.12/site-packages/airflow/example_dags/example_outlet_event_extra.py for tasks to queue
[2025-03-18T20:03:45.469+0000] {logging_mixin.py:190} INFO - [2025-03-18T20:03:45.469+0000] {dagbag.py:588} INFO - Filling up the DagBag from /home/airflow/.local/lib/python3.12/site-packages/airflow/example_dags/example_outlet_event_extra.py
[2025-03-18T20:03:45.693+0000] {processor.py:925} INFO - DAG(s) 'dataset_with_extra_by_yield', 'dataset_with_extra_from_classic_operator', 'dataset_with_extra_by_context' retrieved from /home/airflow/.local/lib/python3.12/site-packages/airflow/example_dags/example_outlet_event_extra.py
[2025-03-18T20:03:45.702+0000] {logging_mixin.py:190} INFO - [2025-03-18T20:03:45.702+0000] {dag.py:3239} INFO - Sync 3 DAGs
[2025-03-18T20:03:45.709+0000] {logging_mixin.py:190} INFO - [2025-03-18T20:03:45.709+0000] {dag.py:4180} INFO - Setting next_dagrun for dataset_with_extra_by_context to 2025-03-17 00:00:00+00:00, run_after=2025-03-18 00:00:00+00:00
[2025-03-18T20:03:45.711+0000] {logging_mixin.py:190} INFO - [2025-03-18T20:03:45.711+0000] {dag.py:4180} INFO - Setting next_dagrun for dataset_with_extra_by_yield to 2025-03-17 00:00:00+00:00, run_after=2025-03-18 00:00:00+00:00
[2025-03-18T20:03:45.712+0000] {logging_mixin.py:190} INFO - [2025-03-18T20:03:45.712+0000] {dag.py:4180} INFO - Setting next_dagrun for dataset_with_extra_from_classic_operator to 2025-03-17 00:00:00+00:00, run_after=2025-03-18 00:00:00+00:00
[2025-03-18T20:03:45.719+0000] {processor.py:208} INFO - Processing /home/airflow/.local/lib/python3.12/site-packages/airflow/example_dags/example_outlet_event_extra.py took 0.253 seconds
[2025-03-18T20:04:16.545+0000] {processor.py:186} INFO - Started process (PID=244) to work on /home/airflow/.local/lib/python3.12/site-packages/airflow/example_dags/example_outlet_event_extra.py
[2025-03-18T20:04:16.547+0000] {processor.py:914} INFO - Processing file /home/airflow/.local/lib/python3.12/site-packages/airflow/example_dags/example_outlet_event_extra.py for tasks to queue
[2025-03-18T20:04:16.548+0000] {logging_mixin.py:190} INFO - [2025-03-18T20:04:16.548+0000] {dagbag.py:588} INFO - Filling up the DagBag from /home/airflow/.local/lib/python3.12/site-packages/airflow/example_dags/example_outlet_event_extra.py
[2025-03-18T20:04:16.784+0000] {processor.py:925} INFO - DAG(s) 'dataset_with_extra_by_context', 'dataset_with_extra_from_classic_operator', 'dataset_with_extra_by_yield' retrieved from /home/airflow/.local/lib/python3.12/site-packages/airflow/example_dags/example_outlet_event_extra.py
[2025-03-18T20:04:16.793+0000] {logging_mixin.py:190} INFO - [2025-03-18T20:04:16.793+0000] {dag.py:3239} INFO - Sync 3 DAGs
[2025-03-18T20:04:16.800+0000] {logging_mixin.py:190} INFO - [2025-03-18T20:04:16.800+0000] {dag.py:4180} INFO - Setting next_dagrun for dataset_with_extra_by_context to 2025-03-17 00:00:00+00:00, run_after=2025-03-18 00:00:00+00:00
[2025-03-18T20:04:16.802+0000] {logging_mixin.py:190} INFO - [2025-03-18T20:04:16.802+0000] {dag.py:4180} INFO - Setting next_dagrun for dataset_with_extra_by_yield to 2025-03-17 00:00:00+00:00, run_after=2025-03-18 00:00:00+00:00
[2025-03-18T20:04:16.802+0000] {logging_mixin.py:190} INFO - [2025-03-18T20:04:16.802+0000] {dag.py:4180} INFO - Setting next_dagrun for dataset_with_extra_from_classic_operator to 2025-03-17 00:00:00+00:00, run_after=2025-03-18 00:00:00+00:00
[2025-03-18T20:04:16.809+0000] {processor.py:208} INFO - Processing /home/airflow/.local/lib/python3.12/site-packages/airflow/example_dags/example_outlet_event_extra.py took 0.268 seconds
[2025-03-18T20:04:47.579+0000] {processor.py:186} INFO - Started process (PID=307) to work on /home/airflow/.local/lib/python3.12/site-packages/airflow/example_dags/example_outlet_event_extra.py
[2025-03-18T20:04:47.580+0000] {processor.py:914} INFO - Processing file /home/airflow/.local/lib/python3.12/site-packages/airflow/example_dags/example_outlet_event_extra.py for tasks to queue
[2025-03-18T20:04:47.581+0000] {logging_mixin.py:190} INFO - [2025-03-18T20:04:47.581+0000] {dagbag.py:588} INFO - Filling up the DagBag from /home/airflow/.local/lib/python3.12/site-packages/airflow/example_dags/example_outlet_event_extra.py
[2025-03-18T20:04:47.813+0000] {processor.py:925} INFO - DAG(s) 'dataset_with_extra_by_yield', 'dataset_with_extra_by_context', 'dataset_with_extra_from_classic_operator' retrieved from /home/airflow/.local/lib/python3.12/site-packages/airflow/example_dags/example_outlet_event_extra.py
[2025-03-18T20:04:47.821+0000] {logging_mixin.py:190} INFO - [2025-03-18T20:04:47.821+0000] {dag.py:3239} INFO - Sync 3 DAGs
[2025-03-18T20:04:47.829+0000] {logging_mixin.py:190} INFO - [2025-03-18T20:04:47.829+0000] {dag.py:4180} INFO - Setting next_dagrun for dataset_with_extra_by_context to 2025-03-17 00:00:00+00:00, run_after=2025-03-18 00:00:00+00:00
[2025-03-18T20:04:47.830+0000] {logging_mixin.py:190} INFO - [2025-03-18T20:04:47.830+0000] {dag.py:4180} INFO - Setting next_dagrun for dataset_with_extra_by_yield to 2025-03-17 00:00:00+00:00, run_after=2025-03-18 00:00:00+00:00
[2025-03-18T20:04:47.831+0000] {logging_mixin.py:190} INFO - [2025-03-18T20:04:47.831+0000] {dag.py:4180} INFO - Setting next_dagrun for dataset_with_extra_from_classic_operator to 2025-03-17 00:00:00+00:00, run_after=2025-03-18 00:00:00+00:00
[2025-03-18T20:04:47.838+0000] {processor.py:208} INFO - Processing /home/airflow/.local/lib/python3.12/site-packages/airflow/example_dags/example_outlet_event_extra.py took 0.263 seconds
[2025-03-18T20:05:18.598+0000] {processor.py:186} INFO - Started process (PID=370) to work on /home/airflow/.local/lib/python3.12/site-packages/airflow/example_dags/example_outlet_event_extra.py
[2025-03-18T20:05:18.599+0000] {processor.py:914} INFO - Processing file /home/airflow/.local/lib/python3.12/site-packages/airflow/example_dags/example_outlet_event_extra.py for tasks to queue
[2025-03-18T20:05:18.600+0000] {logging_mixin.py:190} INFO - [2025-03-18T20:05:18.600+0000] {dagbag.py:588} INFO - Filling up the DagBag from /home/airflow/.local/lib/python3.12/site-packages/airflow/example_dags/example_outlet_event_extra.py
[2025-03-18T20:05:18.841+0000] {processor.py:925} INFO - DAG(s) 'dataset_with_extra_by_context', 'dataset_with_extra_from_classic_operator', 'dataset_with_extra_by_yield' retrieved from /home/airflow/.local/lib/python3.12/site-packages/airflow/example_dags/example_outlet_event_extra.py
[2025-03-18T20:05:18.850+0000] {logging_mixin.py:190} INFO - [2025-03-18T20:05:18.849+0000] {dag.py:3239} INFO - Sync 3 DAGs
[2025-03-18T20:05:18.859+0000] {logging_mixin.py:190} INFO - [2025-03-18T20:05:18.858+0000] {dag.py:4180} INFO - Setting next_dagrun for dataset_with_extra_by_context to 2025-03-17 00:00:00+00:00, run_after=2025-03-18 00:00:00+00:00
[2025-03-18T20:05:18.860+0000] {logging_mixin.py:190} INFO - [2025-03-18T20:05:18.860+0000] {dag.py:4180} INFO - Setting next_dagrun for dataset_with_extra_by_yield to 2025-03-17 00:00:00+00:00, run_after=2025-03-18 00:00:00+00:00
[2025-03-18T20:05:18.861+0000] {logging_mixin.py:190} INFO - [2025-03-18T20:05:18.861+0000] {dag.py:4180} INFO - Setting next_dagrun for dataset_with_extra_from_classic_operator to 2025-03-17 00:00:00+00:00, run_after=2025-03-18 00:00:00+00:00
[2025-03-18T20:05:18.867+0000] {processor.py:208} INFO - Processing /home/airflow/.local/lib/python3.12/site-packages/airflow/example_dags/example_outlet_event_extra.py took 0.274 seconds
[2025-03-18T20:05:49.744+0000] {processor.py:186} INFO - Started process (PID=433) to work on /home/airflow/.local/lib/python3.12/site-packages/airflow/example_dags/example_outlet_event_extra.py
[2025-03-18T20:05:49.745+0000] {processor.py:914} INFO - Processing file /home/airflow/.local/lib/python3.12/site-packages/airflow/example_dags/example_outlet_event_extra.py for tasks to queue
[2025-03-18T20:05:49.746+0000] {logging_mixin.py:190} INFO - [2025-03-18T20:05:49.746+0000] {dagbag.py:588} INFO - Filling up the DagBag from /home/airflow/.local/lib/python3.12/site-packages/airflow/example_dags/example_outlet_event_extra.py
[2025-03-18T20:05:49.974+0000] {processor.py:925} INFO - DAG(s) 'dataset_with_extra_from_classic_operator', 'dataset_with_extra_by_context', 'dataset_with_extra_by_yield' retrieved from /home/airflow/.local/lib/python3.12/site-packages/airflow/example_dags/example_outlet_event_extra.py
[2025-03-18T20:05:49.981+0000] {logging_mixin.py:190} INFO - [2025-03-18T20:05:49.981+0000] {dag.py:3239} INFO - Sync 3 DAGs
[2025-03-18T20:05:49.989+0000] {logging_mixin.py:190} INFO - [2025-03-18T20:05:49.989+0000] {dag.py:4180} INFO - Setting next_dagrun for dataset_with_extra_by_context to 2025-03-17 00:00:00+00:00, run_after=2025-03-18 00:00:00+00:00
[2025-03-18T20:05:49.991+0000] {logging_mixin.py:190} INFO - [2025-03-18T20:05:49.991+0000] {dag.py:4180} INFO - Setting next_dagrun for dataset_with_extra_by_yield to 2025-03-17 00:00:00+00:00, run_after=2025-03-18 00:00:00+00:00
[2025-03-18T20:05:49.992+0000] {logging_mixin.py:190} INFO - [2025-03-18T20:05:49.991+0000] {dag.py:4180} INFO - Setting next_dagrun for dataset_with_extra_from_classic_operator to 2025-03-17 00:00:00+00:00, run_after=2025-03-18 00:00:00+00:00
[2025-03-18T20:05:49.998+0000] {processor.py:208} INFO - Processing /home/airflow/.local/lib/python3.12/site-packages/airflow/example_dags/example_outlet_event_extra.py took 0.258 seconds
