[2025-03-18T20:02:47.267+0000] {processor.py:186} INFO - Started process (PID=90) to work on /home/airflow/.local/lib/python3.12/site-packages/airflow/example_dags/example_trigger_target_dag.py
[2025-03-18T20:02:47.267+0000] {processor.py:914} INFO - Processing file /home/airflow/.local/lib/python3.12/site-packages/airflow/example_dags/example_trigger_target_dag.py for tasks to queue
[2025-03-18T20:02:47.268+0000] {logging_mixin.py:190} INFO - [2025-03-18T20:02:47.268+0000] {dagbag.py:588} INFO - Filling up the DagBag from /home/airflow/.local/lib/python3.12/site-packages/airflow/example_dags/example_trigger_target_dag.py
[2025-03-18T20:02:47.272+0000] {processor.py:925} INFO - DAG(s) 'example_trigger_target_dag' retrieved from /home/airflow/.local/lib/python3.12/site-packages/airflow/example_dags/example_trigger_target_dag.py
[2025-03-18T20:02:47.310+0000] {logging_mixin.py:190} INFO - [2025-03-18T20:02:47.310+0000] {override.py:1912} INFO - Created Permission View: can read on DAG:example_trigger_target_dag
[2025-03-18T20:02:47.313+0000] {logging_mixin.py:190} INFO - [2025-03-18T20:02:47.313+0000] {override.py:1912} INFO - Created Permission View: can delete on DAG:example_trigger_target_dag
[2025-03-18T20:02:47.315+0000] {logging_mixin.py:190} INFO - [2025-03-18T20:02:47.315+0000] {override.py:1912} INFO - Created Permission View: can edit on DAG:example_trigger_target_dag
[2025-03-18T20:02:47.316+0000] {logging_mixin.py:190} INFO - [2025-03-18T20:02:47.316+0000] {override.py:1912} INFO - Created Permission View: menu access on DAG Run:example_trigger_target_dag
[2025-03-18T20:02:47.317+0000] {logging_mixin.py:190} INFO - [2025-03-18T20:02:47.317+0000] {override.py:1912} INFO - Created Permission View: can create on DAG Run:example_trigger_target_dag
[2025-03-18T20:02:47.319+0000] {logging_mixin.py:190} INFO - [2025-03-18T20:02:47.319+0000] {override.py:1912} INFO - Created Permission View: can read on DAG Run:example_trigger_target_dag
[2025-03-18T20:02:47.320+0000] {logging_mixin.py:190} INFO - [2025-03-18T20:02:47.320+0000] {override.py:1912} INFO - Created Permission View: can delete on DAG Run:example_trigger_target_dag
[2025-03-18T20:02:47.320+0000] {logging_mixin.py:190} INFO - [2025-03-18T20:02:47.320+0000] {dag.py:3239} INFO - Sync 1 DAGs
[2025-03-18T20:02:47.324+0000] {logging_mixin.py:190} INFO - [2025-03-18T20:02:47.324+0000] {dag.py:3262} INFO - Creating ORM DAG for example_trigger_target_dag
[2025-03-18T20:02:47.324+0000] {logging_mixin.py:190} INFO - [2025-03-18T20:02:47.324+0000] {dag.py:4180} INFO - Setting next_dagrun for example_trigger_target_dag to None, run_after=None
[2025-03-18T20:02:47.329+0000] {processor.py:208} INFO - Processing /home/airflow/.local/lib/python3.12/site-packages/airflow/example_dags/example_trigger_target_dag.py took 0.065 seconds
[2025-03-18T20:03:17.720+0000] {processor.py:186} INFO - Started process (PID=152) to work on /home/airflow/.local/lib/python3.12/site-packages/airflow/example_dags/example_trigger_target_dag.py
[2025-03-18T20:03:17.720+0000] {processor.py:914} INFO - Processing file /home/airflow/.local/lib/python3.12/site-packages/airflow/example_dags/example_trigger_target_dag.py for tasks to queue
[2025-03-18T20:03:17.721+0000] {logging_mixin.py:190} INFO - [2025-03-18T20:03:17.721+0000] {dagbag.py:588} INFO - Filling up the DagBag from /home/airflow/.local/lib/python3.12/site-packages/airflow/example_dags/example_trigger_target_dag.py
[2025-03-18T20:03:17.724+0000] {processor.py:925} INFO - DAG(s) 'example_trigger_target_dag' retrieved from /home/airflow/.local/lib/python3.12/site-packages/airflow/example_dags/example_trigger_target_dag.py
[2025-03-18T20:03:17.730+0000] {logging_mixin.py:190} INFO - [2025-03-18T20:03:17.730+0000] {dag.py:3239} INFO - Sync 1 DAGs
[2025-03-18T20:03:17.735+0000] {logging_mixin.py:190} INFO - [2025-03-18T20:03:17.735+0000] {dag.py:4180} INFO - Setting next_dagrun for example_trigger_target_dag to None, run_after=None
[2025-03-18T20:03:17.741+0000] {processor.py:208} INFO - Processing /home/airflow/.local/lib/python3.12/site-packages/airflow/example_dags/example_trigger_target_dag.py took 0.024 seconds
[2025-03-18T20:03:47.843+0000] {processor.py:186} INFO - Started process (PID=215) to work on /home/airflow/.local/lib/python3.12/site-packages/airflow/example_dags/example_trigger_target_dag.py
[2025-03-18T20:03:47.844+0000] {processor.py:914} INFO - Processing file /home/airflow/.local/lib/python3.12/site-packages/airflow/example_dags/example_trigger_target_dag.py for tasks to queue
[2025-03-18T20:03:47.845+0000] {logging_mixin.py:190} INFO - [2025-03-18T20:03:47.845+0000] {dagbag.py:588} INFO - Filling up the DagBag from /home/airflow/.local/lib/python3.12/site-packages/airflow/example_dags/example_trigger_target_dag.py
[2025-03-18T20:03:47.848+0000] {processor.py:925} INFO - DAG(s) 'example_trigger_target_dag' retrieved from /home/airflow/.local/lib/python3.12/site-packages/airflow/example_dags/example_trigger_target_dag.py
[2025-03-18T20:03:47.855+0000] {logging_mixin.py:190} INFO - [2025-03-18T20:03:47.855+0000] {dag.py:3239} INFO - Sync 1 DAGs
[2025-03-18T20:03:47.859+0000] {logging_mixin.py:190} INFO - [2025-03-18T20:03:47.859+0000] {dag.py:4180} INFO - Setting next_dagrun for example_trigger_target_dag to None, run_after=None
[2025-03-18T20:03:47.865+0000] {processor.py:208} INFO - Processing /home/airflow/.local/lib/python3.12/site-packages/airflow/example_dags/example_trigger_target_dag.py took 0.024 seconds
[2025-03-18T20:04:18.877+0000] {processor.py:186} INFO - Started process (PID=278) to work on /home/airflow/.local/lib/python3.12/site-packages/airflow/example_dags/example_trigger_target_dag.py
[2025-03-18T20:04:18.877+0000] {processor.py:914} INFO - Processing file /home/airflow/.local/lib/python3.12/site-packages/airflow/example_dags/example_trigger_target_dag.py for tasks to queue
[2025-03-18T20:04:18.878+0000] {logging_mixin.py:190} INFO - [2025-03-18T20:04:18.878+0000] {dagbag.py:588} INFO - Filling up the DagBag from /home/airflow/.local/lib/python3.12/site-packages/airflow/example_dags/example_trigger_target_dag.py
[2025-03-18T20:04:18.881+0000] {processor.py:925} INFO - DAG(s) 'example_trigger_target_dag' retrieved from /home/airflow/.local/lib/python3.12/site-packages/airflow/example_dags/example_trigger_target_dag.py
[2025-03-18T20:04:18.888+0000] {logging_mixin.py:190} INFO - [2025-03-18T20:04:18.888+0000] {dag.py:3239} INFO - Sync 1 DAGs
[2025-03-18T20:04:18.894+0000] {logging_mixin.py:190} INFO - [2025-03-18T20:04:18.893+0000] {dag.py:4180} INFO - Setting next_dagrun for example_trigger_target_dag to None, run_after=None
[2025-03-18T20:04:18.900+0000] {processor.py:208} INFO - Processing /home/airflow/.local/lib/python3.12/site-packages/airflow/example_dags/example_trigger_target_dag.py took 0.025 seconds
[2025-03-18T20:04:49.936+0000] {processor.py:186} INFO - Started process (PID=341) to work on /home/airflow/.local/lib/python3.12/site-packages/airflow/example_dags/example_trigger_target_dag.py
[2025-03-18T20:04:49.937+0000] {processor.py:914} INFO - Processing file /home/airflow/.local/lib/python3.12/site-packages/airflow/example_dags/example_trigger_target_dag.py for tasks to queue
[2025-03-18T20:04:49.938+0000] {logging_mixin.py:190} INFO - [2025-03-18T20:04:49.938+0000] {dagbag.py:588} INFO - Filling up the DagBag from /home/airflow/.local/lib/python3.12/site-packages/airflow/example_dags/example_trigger_target_dag.py
[2025-03-18T20:04:49.941+0000] {processor.py:925} INFO - DAG(s) 'example_trigger_target_dag' retrieved from /home/airflow/.local/lib/python3.12/site-packages/airflow/example_dags/example_trigger_target_dag.py
[2025-03-18T20:04:49.951+0000] {logging_mixin.py:190} INFO - [2025-03-18T20:04:49.950+0000] {dag.py:3239} INFO - Sync 1 DAGs
[2025-03-18T20:04:49.956+0000] {logging_mixin.py:190} INFO - [2025-03-18T20:04:49.956+0000] {dag.py:4180} INFO - Setting next_dagrun for example_trigger_target_dag to None, run_after=None
[2025-03-18T20:04:49.962+0000] {processor.py:208} INFO - Processing /home/airflow/.local/lib/python3.12/site-packages/airflow/example_dags/example_trigger_target_dag.py took 0.028 seconds
[2025-03-18T20:05:21.006+0000] {processor.py:186} INFO - Started process (PID=404) to work on /home/airflow/.local/lib/python3.12/site-packages/airflow/example_dags/example_trigger_target_dag.py
[2025-03-18T20:05:21.006+0000] {processor.py:914} INFO - Processing file /home/airflow/.local/lib/python3.12/site-packages/airflow/example_dags/example_trigger_target_dag.py for tasks to queue
[2025-03-18T20:05:21.007+0000] {logging_mixin.py:190} INFO - [2025-03-18T20:05:21.007+0000] {dagbag.py:588} INFO - Filling up the DagBag from /home/airflow/.local/lib/python3.12/site-packages/airflow/example_dags/example_trigger_target_dag.py
[2025-03-18T20:05:21.010+0000] {processor.py:925} INFO - DAG(s) 'example_trigger_target_dag' retrieved from /home/airflow/.local/lib/python3.12/site-packages/airflow/example_dags/example_trigger_target_dag.py
[2025-03-18T20:05:21.017+0000] {logging_mixin.py:190} INFO - [2025-03-18T20:05:21.017+0000] {dag.py:3239} INFO - Sync 1 DAGs
[2025-03-18T20:05:21.021+0000] {logging_mixin.py:190} INFO - [2025-03-18T20:05:21.021+0000] {dag.py:4180} INFO - Setting next_dagrun for example_trigger_target_dag to None, run_after=None
[2025-03-18T20:05:21.026+0000] {processor.py:208} INFO - Processing /home/airflow/.local/lib/python3.12/site-packages/airflow/example_dags/example_trigger_target_dag.py took 0.022 seconds
[2025-03-18T20:05:52.112+0000] {processor.py:186} INFO - Started process (PID=467) to work on /home/airflow/.local/lib/python3.12/site-packages/airflow/example_dags/example_trigger_target_dag.py
[2025-03-18T20:05:52.113+0000] {processor.py:914} INFO - Processing file /home/airflow/.local/lib/python3.12/site-packages/airflow/example_dags/example_trigger_target_dag.py for tasks to queue
[2025-03-18T20:05:52.114+0000] {logging_mixin.py:190} INFO - [2025-03-18T20:05:52.114+0000] {dagbag.py:588} INFO - Filling up the DagBag from /home/airflow/.local/lib/python3.12/site-packages/airflow/example_dags/example_trigger_target_dag.py
[2025-03-18T20:05:52.118+0000] {processor.py:925} INFO - DAG(s) 'example_trigger_target_dag' retrieved from /home/airflow/.local/lib/python3.12/site-packages/airflow/example_dags/example_trigger_target_dag.py
[2025-03-18T20:05:52.124+0000] {logging_mixin.py:190} INFO - [2025-03-18T20:05:52.124+0000] {dag.py:3239} INFO - Sync 1 DAGs
[2025-03-18T20:05:52.129+0000] {logging_mixin.py:190} INFO - [2025-03-18T20:05:52.129+0000] {dag.py:4180} INFO - Setting next_dagrun for example_trigger_target_dag to None, run_after=None
[2025-03-18T20:05:52.135+0000] {processor.py:208} INFO - Processing /home/airflow/.local/lib/python3.12/site-packages/airflow/example_dags/example_trigger_target_dag.py took 0.025 seconds
