[2025-03-18T20:02:46.171+0000] {processor.py:186} INFO - Started process (PID=73) to work on /home/airflow/.local/lib/python3.12/site-packages/airflow/example_dags/example_sensors.py
[2025-03-18T20:02:46.172+0000] {processor.py:914} INFO - Processing file /home/airflow/.local/lib/python3.12/site-packages/airflow/example_dags/example_sensors.py for tasks to queue
[2025-03-18T20:02:46.173+0000] {logging_mixin.py:190} INFO - [2025-03-18T20:02:46.173+0000] {dagbag.py:588} INFO - Filling up the DagBag from /home/airflow/.local/lib/python3.12/site-packages/airflow/example_dags/example_sensors.py
[2025-03-18T20:02:46.178+0000] {processor.py:925} INFO - DAG(s) 'example_sensors' retrieved from /home/airflow/.local/lib/python3.12/site-packages/airflow/example_dags/example_sensors.py
[2025-03-18T20:02:46.223+0000] {logging_mixin.py:190} INFO - [2025-03-18T20:02:46.223+0000] {override.py:1912} INFO - Created Permission View: can read on DAG:example_sensors
[2025-03-18T20:02:46.227+0000] {logging_mixin.py:190} INFO - [2025-03-18T20:02:46.227+0000] {override.py:1912} INFO - Created Permission View: can delete on DAG:example_sensors
[2025-03-18T20:02:46.229+0000] {logging_mixin.py:190} INFO - [2025-03-18T20:02:46.229+0000] {override.py:1912} INFO - Created Permission View: can edit on DAG:example_sensors
[2025-03-18T20:02:46.232+0000] {logging_mixin.py:190} INFO - [2025-03-18T20:02:46.232+0000] {override.py:1912} INFO - Created Permission View: menu access on DAG Run:example_sensors
[2025-03-18T20:02:46.234+0000] {logging_mixin.py:190} INFO - [2025-03-18T20:02:46.234+0000] {override.py:1912} INFO - Created Permission View: can create on DAG Run:example_sensors
[2025-03-18T20:02:46.236+0000] {logging_mixin.py:190} INFO - [2025-03-18T20:02:46.236+0000] {override.py:1912} INFO - Created Permission View: can read on DAG Run:example_sensors
[2025-03-18T20:02:46.238+0000] {logging_mixin.py:190} INFO - [2025-03-18T20:02:46.238+0000] {override.py:1912} INFO - Created Permission View: can delete on DAG Run:example_sensors
[2025-03-18T20:02:46.238+0000] {logging_mixin.py:190} INFO - [2025-03-18T20:02:46.238+0000] {dag.py:3239} INFO - Sync 1 DAGs
[2025-03-18T20:02:46.243+0000] {logging_mixin.py:190} INFO - [2025-03-18T20:02:46.243+0000] {dag.py:3262} INFO - Creating ORM DAG for example_sensors
[2025-03-18T20:02:46.243+0000] {logging_mixin.py:190} INFO - [2025-03-18T20:02:46.243+0000] {dag.py:4180} INFO - Setting next_dagrun for example_sensors to None, run_after=None
[2025-03-18T20:02:46.249+0000] {processor.py:208} INFO - Processing /home/airflow/.local/lib/python3.12/site-packages/airflow/example_dags/example_sensors.py took 0.080 seconds
[2025-03-18T20:03:17.071+0000] {processor.py:186} INFO - Started process (PID=135) to work on /home/airflow/.local/lib/python3.12/site-packages/airflow/example_dags/example_sensors.py
[2025-03-18T20:03:17.072+0000] {processor.py:914} INFO - Processing file /home/airflow/.local/lib/python3.12/site-packages/airflow/example_dags/example_sensors.py for tasks to queue
[2025-03-18T20:03:17.072+0000] {logging_mixin.py:190} INFO - [2025-03-18T20:03:17.072+0000] {dagbag.py:588} INFO - Filling up the DagBag from /home/airflow/.local/lib/python3.12/site-packages/airflow/example_dags/example_sensors.py
[2025-03-18T20:03:17.077+0000] {processor.py:925} INFO - DAG(s) 'example_sensors' retrieved from /home/airflow/.local/lib/python3.12/site-packages/airflow/example_dags/example_sensors.py
[2025-03-18T20:03:17.086+0000] {logging_mixin.py:190} INFO - [2025-03-18T20:03:17.086+0000] {dag.py:3239} INFO - Sync 1 DAGs
[2025-03-18T20:03:17.092+0000] {logging_mixin.py:190} INFO - [2025-03-18T20:03:17.092+0000] {dag.py:4180} INFO - Setting next_dagrun for example_sensors to None, run_after=None
[2025-03-18T20:03:17.098+0000] {processor.py:208} INFO - Processing /home/airflow/.local/lib/python3.12/site-packages/airflow/example_dags/example_sensors.py took 0.028 seconds
[2025-03-18T20:03:47.403+0000] {processor.py:186} INFO - Started process (PID=198) to work on /home/airflow/.local/lib/python3.12/site-packages/airflow/example_dags/example_sensors.py
[2025-03-18T20:03:47.403+0000] {processor.py:914} INFO - Processing file /home/airflow/.local/lib/python3.12/site-packages/airflow/example_dags/example_sensors.py for tasks to queue
[2025-03-18T20:03:47.404+0000] {logging_mixin.py:190} INFO - [2025-03-18T20:03:47.404+0000] {dagbag.py:588} INFO - Filling up the DagBag from /home/airflow/.local/lib/python3.12/site-packages/airflow/example_dags/example_sensors.py
[2025-03-18T20:03:47.410+0000] {processor.py:925} INFO - DAG(s) 'example_sensors' retrieved from /home/airflow/.local/lib/python3.12/site-packages/airflow/example_dags/example_sensors.py
[2025-03-18T20:03:47.419+0000] {logging_mixin.py:190} INFO - [2025-03-18T20:03:47.419+0000] {dag.py:3239} INFO - Sync 1 DAGs
[2025-03-18T20:03:47.424+0000] {logging_mixin.py:190} INFO - [2025-03-18T20:03:47.424+0000] {dag.py:4180} INFO - Setting next_dagrun for example_sensors to None, run_after=None
[2025-03-18T20:03:47.429+0000] {processor.py:208} INFO - Processing /home/airflow/.local/lib/python3.12/site-packages/airflow/example_dags/example_sensors.py took 0.029 seconds
[2025-03-18T20:04:18.382+0000] {processor.py:186} INFO - Started process (PID=261) to work on /home/airflow/.local/lib/python3.12/site-packages/airflow/example_dags/example_sensors.py
[2025-03-18T20:04:18.382+0000] {processor.py:914} INFO - Processing file /home/airflow/.local/lib/python3.12/site-packages/airflow/example_dags/example_sensors.py for tasks to queue
[2025-03-18T20:04:18.383+0000] {logging_mixin.py:190} INFO - [2025-03-18T20:04:18.383+0000] {dagbag.py:588} INFO - Filling up the DagBag from /home/airflow/.local/lib/python3.12/site-packages/airflow/example_dags/example_sensors.py
[2025-03-18T20:04:18.387+0000] {processor.py:925} INFO - DAG(s) 'example_sensors' retrieved from /home/airflow/.local/lib/python3.12/site-packages/airflow/example_dags/example_sensors.py
[2025-03-18T20:04:18.397+0000] {logging_mixin.py:190} INFO - [2025-03-18T20:04:18.397+0000] {dag.py:3239} INFO - Sync 1 DAGs
[2025-03-18T20:04:18.402+0000] {logging_mixin.py:190} INFO - [2025-03-18T20:04:18.402+0000] {dag.py:4180} INFO - Setting next_dagrun for example_sensors to None, run_after=None
[2025-03-18T20:04:18.408+0000] {processor.py:208} INFO - Processing /home/airflow/.local/lib/python3.12/site-packages/airflow/example_dags/example_sensors.py took 0.028 seconds
[2025-03-18T20:04:49.429+0000] {processor.py:186} INFO - Started process (PID=324) to work on /home/airflow/.local/lib/python3.12/site-packages/airflow/example_dags/example_sensors.py
[2025-03-18T20:04:49.429+0000] {processor.py:914} INFO - Processing file /home/airflow/.local/lib/python3.12/site-packages/airflow/example_dags/example_sensors.py for tasks to queue
[2025-03-18T20:04:49.430+0000] {logging_mixin.py:190} INFO - [2025-03-18T20:04:49.430+0000] {dagbag.py:588} INFO - Filling up the DagBag from /home/airflow/.local/lib/python3.12/site-packages/airflow/example_dags/example_sensors.py
[2025-03-18T20:04:49.435+0000] {processor.py:925} INFO - DAG(s) 'example_sensors' retrieved from /home/airflow/.local/lib/python3.12/site-packages/airflow/example_dags/example_sensors.py
[2025-03-18T20:04:49.445+0000] {logging_mixin.py:190} INFO - [2025-03-18T20:04:49.444+0000] {dag.py:3239} INFO - Sync 1 DAGs
[2025-03-18T20:04:49.450+0000] {logging_mixin.py:190} INFO - [2025-03-18T20:04:49.450+0000] {dag.py:4180} INFO - Setting next_dagrun for example_sensors to None, run_after=None
[2025-03-18T20:04:49.456+0000] {processor.py:208} INFO - Processing /home/airflow/.local/lib/python3.12/site-packages/airflow/example_dags/example_sensors.py took 0.030 seconds
[2025-03-18T20:05:20.473+0000] {processor.py:186} INFO - Started process (PID=387) to work on /home/airflow/.local/lib/python3.12/site-packages/airflow/example_dags/example_sensors.py
[2025-03-18T20:05:20.474+0000] {processor.py:914} INFO - Processing file /home/airflow/.local/lib/python3.12/site-packages/airflow/example_dags/example_sensors.py for tasks to queue
[2025-03-18T20:05:20.474+0000] {logging_mixin.py:190} INFO - [2025-03-18T20:05:20.474+0000] {dagbag.py:588} INFO - Filling up the DagBag from /home/airflow/.local/lib/python3.12/site-packages/airflow/example_dags/example_sensors.py
[2025-03-18T20:05:20.479+0000] {processor.py:925} INFO - DAG(s) 'example_sensors' retrieved from /home/airflow/.local/lib/python3.12/site-packages/airflow/example_dags/example_sensors.py
[2025-03-18T20:05:20.489+0000] {logging_mixin.py:190} INFO - [2025-03-18T20:05:20.489+0000] {dag.py:3239} INFO - Sync 1 DAGs
[2025-03-18T20:05:20.494+0000] {logging_mixin.py:190} INFO - [2025-03-18T20:05:20.494+0000] {dag.py:4180} INFO - Setting next_dagrun for example_sensors to None, run_after=None
[2025-03-18T20:05:20.501+0000] {processor.py:208} INFO - Processing /home/airflow/.local/lib/python3.12/site-packages/airflow/example_dags/example_sensors.py took 0.030 seconds
[2025-03-18T20:05:50.513+0000] {processor.py:186} INFO - Started process (PID=449) to work on /home/airflow/.local/lib/python3.12/site-packages/airflow/example_dags/example_sensors.py
[2025-03-18T20:05:50.513+0000] {processor.py:914} INFO - Processing file /home/airflow/.local/lib/python3.12/site-packages/airflow/example_dags/example_sensors.py for tasks to queue
[2025-03-18T20:05:50.514+0000] {logging_mixin.py:190} INFO - [2025-03-18T20:05:50.514+0000] {dagbag.py:588} INFO - Filling up the DagBag from /home/airflow/.local/lib/python3.12/site-packages/airflow/example_dags/example_sensors.py
[2025-03-18T20:05:50.518+0000] {processor.py:925} INFO - DAG(s) 'example_sensors' retrieved from /home/airflow/.local/lib/python3.12/site-packages/airflow/example_dags/example_sensors.py
[2025-03-18T20:05:50.527+0000] {logging_mixin.py:190} INFO - [2025-03-18T20:05:50.527+0000] {dag.py:3239} INFO - Sync 1 DAGs
[2025-03-18T20:05:50.531+0000] {logging_mixin.py:190} INFO - [2025-03-18T20:05:50.531+0000] {dag.py:4180} INFO - Setting next_dagrun for example_sensors to None, run_after=None
[2025-03-18T20:05:50.537+0000] {processor.py:208} INFO - Processing /home/airflow/.local/lib/python3.12/site-packages/airflow/example_dags/example_sensors.py took 0.026 seconds
