[2025-03-18T20:02:47.294+0000] {processor.py:186} INFO - Started process (PID=91) to work on /home/airflow/.local/lib/python3.12/site-packages/airflow/example_dags/example_branch_datetime_operator.py
[2025-03-18T20:02:47.295+0000] {processor.py:914} INFO - Processing file /home/airflow/.local/lib/python3.12/site-packages/airflow/example_dags/example_branch_datetime_operator.py for tasks to queue
[2025-03-18T20:02:47.296+0000] {logging_mixin.py:190} INFO - [2025-03-18T20:02:47.295+0000] {dagbag.py:588} INFO - Filling up the DagBag from /home/airflow/.local/lib/python3.12/site-packages/airflow/example_dags/example_branch_datetime_operator.py
[2025-03-18T20:02:47.301+0000] {processor.py:925} INFO - DAG(s) 'example_branch_datetime_operator_3', 'example_branch_datetime_operator_2', 'example_branch_datetime_operator' retrieved from /home/airflow/.local/lib/python3.12/site-packages/airflow/example_dags/example_branch_datetime_operator.py
[2025-03-18T20:02:47.342+0000] {logging_mixin.py:190} INFO - [2025-03-18T20:02:47.342+0000] {override.py:1912} INFO - Created Permission View: can read on DAG:example_branch_datetime_operator_3
[2025-03-18T20:02:47.345+0000] {logging_mixin.py:190} INFO - [2025-03-18T20:02:47.345+0000] {override.py:1912} INFO - Created Permission View: can delete on DAG:example_branch_datetime_operator_3
[2025-03-18T20:02:47.347+0000] {logging_mixin.py:190} INFO - [2025-03-18T20:02:47.347+0000] {override.py:1912} INFO - Created Permission View: can edit on DAG:example_branch_datetime_operator_3
[2025-03-18T20:02:47.348+0000] {logging_mixin.py:190} INFO - [2025-03-18T20:02:47.348+0000] {override.py:1912} INFO - Created Permission View: menu access on DAG Run:example_branch_datetime_operator_3
[2025-03-18T20:02:47.350+0000] {logging_mixin.py:190} INFO - [2025-03-18T20:02:47.350+0000] {override.py:1912} INFO - Created Permission View: can create on DAG Run:example_branch_datetime_operator_3
[2025-03-18T20:02:47.351+0000] {logging_mixin.py:190} INFO - [2025-03-18T20:02:47.351+0000] {override.py:1912} INFO - Created Permission View: can read on DAG Run:example_branch_datetime_operator_3
[2025-03-18T20:02:47.353+0000] {logging_mixin.py:190} INFO - [2025-03-18T20:02:47.353+0000] {override.py:1912} INFO - Created Permission View: can delete on DAG Run:example_branch_datetime_operator_3
[2025-03-18T20:02:47.357+0000] {logging_mixin.py:190} INFO - [2025-03-18T20:02:47.357+0000] {override.py:1912} INFO - Created Permission View: can read on DAG:example_branch_datetime_operator_2
[2025-03-18T20:02:47.358+0000] {logging_mixin.py:190} INFO - [2025-03-18T20:02:47.358+0000] {override.py:1912} INFO - Created Permission View: can delete on DAG:example_branch_datetime_operator_2
[2025-03-18T20:02:47.360+0000] {logging_mixin.py:190} INFO - [2025-03-18T20:02:47.360+0000] {override.py:1912} INFO - Created Permission View: can edit on DAG:example_branch_datetime_operator_2
[2025-03-18T20:02:47.362+0000] {logging_mixin.py:190} INFO - [2025-03-18T20:02:47.362+0000] {override.py:1912} INFO - Created Permission View: menu access on DAG Run:example_branch_datetime_operator_2
[2025-03-18T20:02:47.363+0000] {logging_mixin.py:190} INFO - [2025-03-18T20:02:47.363+0000] {override.py:1912} INFO - Created Permission View: can create on DAG Run:example_branch_datetime_operator_2
[2025-03-18T20:02:47.365+0000] {logging_mixin.py:190} INFO - [2025-03-18T20:02:47.365+0000] {override.py:1912} INFO - Created Permission View: can read on DAG Run:example_branch_datetime_operator_2
[2025-03-18T20:02:47.366+0000] {logging_mixin.py:190} INFO - [2025-03-18T20:02:47.366+0000] {override.py:1912} INFO - Created Permission View: can delete on DAG Run:example_branch_datetime_operator_2
[2025-03-18T20:02:47.370+0000] {logging_mixin.py:190} INFO - [2025-03-18T20:02:47.369+0000] {override.py:1912} INFO - Created Permission View: can read on DAG:example_branch_datetime_operator
[2025-03-18T20:02:47.371+0000] {logging_mixin.py:190} INFO - [2025-03-18T20:02:47.371+0000] {override.py:1912} INFO - Created Permission View: can delete on DAG:example_branch_datetime_operator
[2025-03-18T20:02:47.373+0000] {logging_mixin.py:190} INFO - [2025-03-18T20:02:47.373+0000] {override.py:1912} INFO - Created Permission View: can edit on DAG:example_branch_datetime_operator
[2025-03-18T20:02:47.374+0000] {logging_mixin.py:190} INFO - [2025-03-18T20:02:47.374+0000] {override.py:1912} INFO - Created Permission View: menu access on DAG Run:example_branch_datetime_operator
[2025-03-18T20:02:47.375+0000] {logging_mixin.py:190} INFO - [2025-03-18T20:02:47.375+0000] {override.py:1912} INFO - Created Permission View: can create on DAG Run:example_branch_datetime_operator
[2025-03-18T20:02:47.377+0000] {logging_mixin.py:190} INFO - [2025-03-18T20:02:47.377+0000] {override.py:1912} INFO - Created Permission View: can read on DAG Run:example_branch_datetime_operator
[2025-03-18T20:02:47.378+0000] {logging_mixin.py:190} INFO - [2025-03-18T20:02:47.378+0000] {override.py:1912} INFO - Created Permission View: can delete on DAG Run:example_branch_datetime_operator
[2025-03-18T20:02:47.378+0000] {logging_mixin.py:190} INFO - [2025-03-18T20:02:47.378+0000] {dag.py:3239} INFO - Sync 3 DAGs
[2025-03-18T20:02:47.383+0000] {logging_mixin.py:190} INFO - [2025-03-18T20:02:47.383+0000] {dag.py:3262} INFO - Creating ORM DAG for example_branch_datetime_operator_2
[2025-03-18T20:02:47.383+0000] {logging_mixin.py:190} INFO - [2025-03-18T20:02:47.383+0000] {dag.py:3262} INFO - Creating ORM DAG for example_branch_datetime_operator_3
[2025-03-18T20:02:47.383+0000] {logging_mixin.py:190} INFO - [2025-03-18T20:02:47.383+0000] {dag.py:3262} INFO - Creating ORM DAG for example_branch_datetime_operator
[2025-03-18T20:02:47.387+0000] {logging_mixin.py:190} INFO - [2025-03-18T20:02:47.387+0000] {dag.py:4180} INFO - Setting next_dagrun for example_branch_datetime_operator to 2025-03-17 00:00:00+00:00, run_after=2025-03-18 00:00:00+00:00
[2025-03-18T20:02:47.388+0000] {logging_mixin.py:190} INFO - [2025-03-18T20:02:47.387+0000] {dag.py:4180} INFO - Setting next_dagrun for example_branch_datetime_operator_2 to 2025-03-17 00:00:00+00:00, run_after=2025-03-18 00:00:00+00:00
[2025-03-18T20:02:47.388+0000] {logging_mixin.py:190} INFO - [2025-03-18T20:02:47.388+0000] {dag.py:4180} INFO - Setting next_dagrun for example_branch_datetime_operator_3 to 2025-03-17 00:00:00+00:00, run_after=2025-03-18 00:00:00+00:00
[2025-03-18T20:02:47.394+0000] {processor.py:208} INFO - Processing /home/airflow/.local/lib/python3.12/site-packages/airflow/example_dags/example_branch_datetime_operator.py took 0.102 seconds
[2025-03-18T20:03:17.751+0000] {processor.py:186} INFO - Started process (PID=153) to work on /home/airflow/.local/lib/python3.12/site-packages/airflow/example_dags/example_branch_datetime_operator.py
[2025-03-18T20:03:17.751+0000] {processor.py:914} INFO - Processing file /home/airflow/.local/lib/python3.12/site-packages/airflow/example_dags/example_branch_datetime_operator.py for tasks to queue
[2025-03-18T20:03:17.752+0000] {logging_mixin.py:190} INFO - [2025-03-18T20:03:17.752+0000] {dagbag.py:588} INFO - Filling up the DagBag from /home/airflow/.local/lib/python3.12/site-packages/airflow/example_dags/example_branch_datetime_operator.py
[2025-03-18T20:03:17.757+0000] {processor.py:925} INFO - DAG(s) 'example_branch_datetime_operator_2', 'example_branch_datetime_operator_3', 'example_branch_datetime_operator' retrieved from /home/airflow/.local/lib/python3.12/site-packages/airflow/example_dags/example_branch_datetime_operator.py
[2025-03-18T20:03:17.768+0000] {logging_mixin.py:190} INFO - [2025-03-18T20:03:17.767+0000] {dag.py:3239} INFO - Sync 3 DAGs
[2025-03-18T20:03:17.776+0000] {logging_mixin.py:190} INFO - [2025-03-18T20:03:17.776+0000] {dag.py:4180} INFO - Setting next_dagrun for example_branch_datetime_operator to 2025-03-17 00:00:00+00:00, run_after=2025-03-18 00:00:00+00:00
[2025-03-18T20:03:17.777+0000] {logging_mixin.py:190} INFO - [2025-03-18T20:03:17.777+0000] {dag.py:4180} INFO - Setting next_dagrun for example_branch_datetime_operator_2 to 2025-03-17 00:00:00+00:00, run_after=2025-03-18 00:00:00+00:00
[2025-03-18T20:03:17.778+0000] {logging_mixin.py:190} INFO - [2025-03-18T20:03:17.778+0000] {dag.py:4180} INFO - Setting next_dagrun for example_branch_datetime_operator_3 to 2025-03-17 00:00:00+00:00, run_after=2025-03-18 00:00:00+00:00
[2025-03-18T20:03:17.783+0000] {processor.py:208} INFO - Processing /home/airflow/.local/lib/python3.12/site-packages/airflow/example_dags/example_branch_datetime_operator.py took 0.034 seconds
[2025-03-18T20:03:47.872+0000] {processor.py:186} INFO - Started process (PID=216) to work on /home/airflow/.local/lib/python3.12/site-packages/airflow/example_dags/example_branch_datetime_operator.py
[2025-03-18T20:03:47.872+0000] {processor.py:914} INFO - Processing file /home/airflow/.local/lib/python3.12/site-packages/airflow/example_dags/example_branch_datetime_operator.py for tasks to queue
[2025-03-18T20:03:47.873+0000] {logging_mixin.py:190} INFO - [2025-03-18T20:03:47.873+0000] {dagbag.py:588} INFO - Filling up the DagBag from /home/airflow/.local/lib/python3.12/site-packages/airflow/example_dags/example_branch_datetime_operator.py
[2025-03-18T20:03:47.877+0000] {processor.py:925} INFO - DAG(s) 'example_branch_datetime_operator_3', 'example_branch_datetime_operator', 'example_branch_datetime_operator_2' retrieved from /home/airflow/.local/lib/python3.12/site-packages/airflow/example_dags/example_branch_datetime_operator.py
[2025-03-18T20:03:47.886+0000] {logging_mixin.py:190} INFO - [2025-03-18T20:03:47.886+0000] {dag.py:3239} INFO - Sync 3 DAGs
[2025-03-18T20:03:47.893+0000] {logging_mixin.py:190} INFO - [2025-03-18T20:03:47.893+0000] {dag.py:4180} INFO - Setting next_dagrun for example_branch_datetime_operator to 2025-03-17 00:00:00+00:00, run_after=2025-03-18 00:00:00+00:00
[2025-03-18T20:03:47.895+0000] {logging_mixin.py:190} INFO - [2025-03-18T20:03:47.895+0000] {dag.py:4180} INFO - Setting next_dagrun for example_branch_datetime_operator_2 to 2025-03-17 00:00:00+00:00, run_after=2025-03-18 00:00:00+00:00
[2025-03-18T20:03:47.895+0000] {logging_mixin.py:190} INFO - [2025-03-18T20:03:47.895+0000] {dag.py:4180} INFO - Setting next_dagrun for example_branch_datetime_operator_3 to 2025-03-17 00:00:00+00:00, run_after=2025-03-18 00:00:00+00:00
[2025-03-18T20:03:47.900+0000] {processor.py:208} INFO - Processing /home/airflow/.local/lib/python3.12/site-packages/airflow/example_dags/example_branch_datetime_operator.py took 0.030 seconds
[2025-03-18T20:04:18.878+0000] {processor.py:186} INFO - Started process (PID=279) to work on /home/airflow/.local/lib/python3.12/site-packages/airflow/example_dags/example_branch_datetime_operator.py
[2025-03-18T20:04:18.879+0000] {processor.py:914} INFO - Processing file /home/airflow/.local/lib/python3.12/site-packages/airflow/example_dags/example_branch_datetime_operator.py for tasks to queue
[2025-03-18T20:04:18.879+0000] {logging_mixin.py:190} INFO - [2025-03-18T20:04:18.879+0000] {dagbag.py:588} INFO - Filling up the DagBag from /home/airflow/.local/lib/python3.12/site-packages/airflow/example_dags/example_branch_datetime_operator.py
[2025-03-18T20:04:18.884+0000] {processor.py:925} INFO - DAG(s) 'example_branch_datetime_operator', 'example_branch_datetime_operator_2', 'example_branch_datetime_operator_3' retrieved from /home/airflow/.local/lib/python3.12/site-packages/airflow/example_dags/example_branch_datetime_operator.py
[2025-03-18T20:04:18.893+0000] {logging_mixin.py:190} INFO - [2025-03-18T20:04:18.892+0000] {dag.py:3239} INFO - Sync 3 DAGs
[2025-03-18T20:04:18.901+0000] {logging_mixin.py:190} INFO - [2025-03-18T20:04:18.901+0000] {dag.py:4180} INFO - Setting next_dagrun for example_branch_datetime_operator to 2025-03-17 00:00:00+00:00, run_after=2025-03-18 00:00:00+00:00
[2025-03-18T20:04:18.903+0000] {logging_mixin.py:190} INFO - [2025-03-18T20:04:18.903+0000] {dag.py:4180} INFO - Setting next_dagrun for example_branch_datetime_operator_2 to 2025-03-17 00:00:00+00:00, run_after=2025-03-18 00:00:00+00:00
[2025-03-18T20:04:18.904+0000] {logging_mixin.py:190} INFO - [2025-03-18T20:04:18.904+0000] {dag.py:4180} INFO - Setting next_dagrun for example_branch_datetime_operator_3 to 2025-03-17 00:00:00+00:00, run_after=2025-03-18 00:00:00+00:00
[2025-03-18T20:04:18.911+0000] {processor.py:208} INFO - Processing /home/airflow/.local/lib/python3.12/site-packages/airflow/example_dags/example_branch_datetime_operator.py took 0.035 seconds
[2025-03-18T20:04:49.950+0000] {processor.py:186} INFO - Started process (PID=342) to work on /home/airflow/.local/lib/python3.12/site-packages/airflow/example_dags/example_branch_datetime_operator.py
[2025-03-18T20:04:49.950+0000] {processor.py:914} INFO - Processing file /home/airflow/.local/lib/python3.12/site-packages/airflow/example_dags/example_branch_datetime_operator.py for tasks to queue
[2025-03-18T20:04:49.951+0000] {logging_mixin.py:190} INFO - [2025-03-18T20:04:49.951+0000] {dagbag.py:588} INFO - Filling up the DagBag from /home/airflow/.local/lib/python3.12/site-packages/airflow/example_dags/example_branch_datetime_operator.py
[2025-03-18T20:04:49.956+0000] {processor.py:925} INFO - DAG(s) 'example_branch_datetime_operator_3', 'example_branch_datetime_operator_2', 'example_branch_datetime_operator' retrieved from /home/airflow/.local/lib/python3.12/site-packages/airflow/example_dags/example_branch_datetime_operator.py
[2025-03-18T20:04:49.966+0000] {logging_mixin.py:190} INFO - [2025-03-18T20:04:49.966+0000] {dag.py:3239} INFO - Sync 3 DAGs
[2025-03-18T20:04:49.974+0000] {logging_mixin.py:190} INFO - [2025-03-18T20:04:49.974+0000] {dag.py:4180} INFO - Setting next_dagrun for example_branch_datetime_operator to 2025-03-17 00:00:00+00:00, run_after=2025-03-18 00:00:00+00:00
[2025-03-18T20:04:49.976+0000] {logging_mixin.py:190} INFO - [2025-03-18T20:04:49.976+0000] {dag.py:4180} INFO - Setting next_dagrun for example_branch_datetime_operator_2 to 2025-03-17 00:00:00+00:00, run_after=2025-03-18 00:00:00+00:00
[2025-03-18T20:04:49.977+0000] {logging_mixin.py:190} INFO - [2025-03-18T20:04:49.977+0000] {dag.py:4180} INFO - Setting next_dagrun for example_branch_datetime_operator_3 to 2025-03-17 00:00:00+00:00, run_after=2025-03-18 00:00:00+00:00
[2025-03-18T20:04:49.982+0000] {processor.py:208} INFO - Processing /home/airflow/.local/lib/python3.12/site-packages/airflow/example_dags/example_branch_datetime_operator.py took 0.035 seconds
[2025-03-18T20:05:21.035+0000] {processor.py:186} INFO - Started process (PID=405) to work on /home/airflow/.local/lib/python3.12/site-packages/airflow/example_dags/example_branch_datetime_operator.py
[2025-03-18T20:05:21.035+0000] {processor.py:914} INFO - Processing file /home/airflow/.local/lib/python3.12/site-packages/airflow/example_dags/example_branch_datetime_operator.py for tasks to queue
[2025-03-18T20:05:21.036+0000] {logging_mixin.py:190} INFO - [2025-03-18T20:05:21.036+0000] {dagbag.py:588} INFO - Filling up the DagBag from /home/airflow/.local/lib/python3.12/site-packages/airflow/example_dags/example_branch_datetime_operator.py
[2025-03-18T20:05:21.041+0000] {processor.py:925} INFO - DAG(s) 'example_branch_datetime_operator_2', 'example_branch_datetime_operator_3', 'example_branch_datetime_operator' retrieved from /home/airflow/.local/lib/python3.12/site-packages/airflow/example_dags/example_branch_datetime_operator.py
[2025-03-18T20:05:21.050+0000] {logging_mixin.py:190} INFO - [2025-03-18T20:05:21.050+0000] {dag.py:3239} INFO - Sync 3 DAGs
[2025-03-18T20:05:21.058+0000] {logging_mixin.py:190} INFO - [2025-03-18T20:05:21.058+0000] {dag.py:4180} INFO - Setting next_dagrun for example_branch_datetime_operator to 2025-03-17 00:00:00+00:00, run_after=2025-03-18 00:00:00+00:00
[2025-03-18T20:05:21.059+0000] {logging_mixin.py:190} INFO - [2025-03-18T20:05:21.059+0000] {dag.py:4180} INFO - Setting next_dagrun for example_branch_datetime_operator_2 to 2025-03-17 00:00:00+00:00, run_after=2025-03-18 00:00:00+00:00
[2025-03-18T20:05:21.060+0000] {logging_mixin.py:190} INFO - [2025-03-18T20:05:21.060+0000] {dag.py:4180} INFO - Setting next_dagrun for example_branch_datetime_operator_3 to 2025-03-17 00:00:00+00:00, run_after=2025-03-18 00:00:00+00:00
[2025-03-18T20:05:21.067+0000] {processor.py:208} INFO - Processing /home/airflow/.local/lib/python3.12/site-packages/airflow/example_dags/example_branch_datetime_operator.py took 0.034 seconds
[2025-03-18T20:05:52.138+0000] {processor.py:186} INFO - Started process (PID=468) to work on /home/airflow/.local/lib/python3.12/site-packages/airflow/example_dags/example_branch_datetime_operator.py
[2025-03-18T20:05:52.139+0000] {processor.py:914} INFO - Processing file /home/airflow/.local/lib/python3.12/site-packages/airflow/example_dags/example_branch_datetime_operator.py for tasks to queue
[2025-03-18T20:05:52.141+0000] {logging_mixin.py:190} INFO - [2025-03-18T20:05:52.141+0000] {dagbag.py:588} INFO - Filling up the DagBag from /home/airflow/.local/lib/python3.12/site-packages/airflow/example_dags/example_branch_datetime_operator.py
[2025-03-18T20:05:52.146+0000] {processor.py:925} INFO - DAG(s) 'example_branch_datetime_operator', 'example_branch_datetime_operator_2', 'example_branch_datetime_operator_3' retrieved from /home/airflow/.local/lib/python3.12/site-packages/airflow/example_dags/example_branch_datetime_operator.py
[2025-03-18T20:05:52.155+0000] {logging_mixin.py:190} INFO - [2025-03-18T20:05:52.155+0000] {dag.py:3239} INFO - Sync 3 DAGs
[2025-03-18T20:05:52.163+0000] {logging_mixin.py:190} INFO - [2025-03-18T20:05:52.163+0000] {dag.py:4180} INFO - Setting next_dagrun for example_branch_datetime_operator to 2025-03-17 00:00:00+00:00, run_after=2025-03-18 00:00:00+00:00
[2025-03-18T20:05:52.165+0000] {logging_mixin.py:190} INFO - [2025-03-18T20:05:52.165+0000] {dag.py:4180} INFO - Setting next_dagrun for example_branch_datetime_operator_2 to 2025-03-17 00:00:00+00:00, run_after=2025-03-18 00:00:00+00:00
[2025-03-18T20:05:52.166+0000] {logging_mixin.py:190} INFO - [2025-03-18T20:05:52.166+0000] {dag.py:4180} INFO - Setting next_dagrun for example_branch_datetime_operator_3 to 2025-03-17 00:00:00+00:00, run_after=2025-03-18 00:00:00+00:00
[2025-03-18T20:05:52.173+0000] {processor.py:208} INFO - Processing /home/airflow/.local/lib/python3.12/site-packages/airflow/example_dags/example_branch_datetime_operator.py took 0.037 seconds
