[2025-03-18T20:02:43.815+0000] {processor.py:186} INFO - Started process (PID=48) to work on /home/airflow/.local/lib/python3.12/site-packages/airflow/example_dags/example_python_operator.py
[2025-03-18T20:02:43.817+0000] {processor.py:914} INFO - Processing file /home/airflow/.local/lib/python3.12/site-packages/airflow/example_dags/example_python_operator.py for tasks to queue
[2025-03-18T20:02:43.819+0000] {logging_mixin.py:190} INFO - [2025-03-18T20:02:43.819+0000] {dagbag.py:588} INFO - Filling up the DagBag from /home/airflow/.local/lib/python3.12/site-packages/airflow/example_dags/example_python_operator.py
[2025-03-18T20:02:43.836+0000] {processor.py:925} INFO - DAG(s) 'example_python_operator' retrieved from /home/airflow/.local/lib/python3.12/site-packages/airflow/example_dags/example_python_operator.py
[2025-03-18T20:02:43.888+0000] {logging_mixin.py:190} INFO - [2025-03-18T20:02:43.888+0000] {override.py:1912} INFO - Created Permission View: can read on DAG:example_python_operator
[2025-03-18T20:02:43.893+0000] {logging_mixin.py:190} INFO - [2025-03-18T20:02:43.893+0000] {override.py:1912} INFO - Created Permission View: can delete on DAG:example_python_operator
[2025-03-18T20:02:43.896+0000] {logging_mixin.py:190} INFO - [2025-03-18T20:02:43.896+0000] {override.py:1912} INFO - Created Permission View: can edit on DAG:example_python_operator
[2025-03-18T20:02:43.899+0000] {logging_mixin.py:190} INFO - [2025-03-18T20:02:43.899+0000] {override.py:1912} INFO - Created Permission View: menu access on DAG Run:example_python_operator
[2025-03-18T20:02:43.902+0000] {logging_mixin.py:190} INFO - [2025-03-18T20:02:43.901+0000] {override.py:1912} INFO - Created Permission View: can create on DAG Run:example_python_operator
[2025-03-18T20:02:43.904+0000] {logging_mixin.py:190} INFO - [2025-03-18T20:02:43.904+0000] {override.py:1912} INFO - Created Permission View: can read on DAG Run:example_python_operator
[2025-03-18T20:02:43.906+0000] {logging_mixin.py:190} INFO - [2025-03-18T20:02:43.906+0000] {override.py:1912} INFO - Created Permission View: can delete on DAG Run:example_python_operator
[2025-03-18T20:02:43.906+0000] {logging_mixin.py:190} INFO - [2025-03-18T20:02:43.906+0000] {dag.py:3239} INFO - Sync 1 DAGs
[2025-03-18T20:02:43.912+0000] {logging_mixin.py:190} INFO - [2025-03-18T20:02:43.912+0000] {dag.py:3262} INFO - Creating ORM DAG for example_python_operator
[2025-03-18T20:02:43.912+0000] {logging_mixin.py:190} INFO - [2025-03-18T20:02:43.912+0000] {dag.py:4180} INFO - Setting next_dagrun for example_python_operator to None, run_after=None
[2025-03-18T20:02:43.920+0000] {processor.py:208} INFO - Processing /home/airflow/.local/lib/python3.12/site-packages/airflow/example_dags/example_python_operator.py took 0.110 seconds
[2025-03-18T20:03:13.991+0000] {processor.py:186} INFO - Started process (PID=110) to work on /home/airflow/.local/lib/python3.12/site-packages/airflow/example_dags/example_python_operator.py
[2025-03-18T20:03:13.991+0000] {processor.py:914} INFO - Processing file /home/airflow/.local/lib/python3.12/site-packages/airflow/example_dags/example_python_operator.py for tasks to queue
[2025-03-18T20:03:13.992+0000] {logging_mixin.py:190} INFO - [2025-03-18T20:03:13.992+0000] {dagbag.py:588} INFO - Filling up the DagBag from /home/airflow/.local/lib/python3.12/site-packages/airflow/example_dags/example_python_operator.py
[2025-03-18T20:03:13.997+0000] {processor.py:925} INFO - DAG(s) 'example_python_operator' retrieved from /home/airflow/.local/lib/python3.12/site-packages/airflow/example_dags/example_python_operator.py
[2025-03-18T20:03:14.007+0000] {logging_mixin.py:190} INFO - [2025-03-18T20:03:14.007+0000] {dag.py:3239} INFO - Sync 1 DAGs
[2025-03-18T20:03:14.013+0000] {logging_mixin.py:190} INFO - [2025-03-18T20:03:14.013+0000] {dag.py:4180} INFO - Setting next_dagrun for example_python_operator to None, run_after=None
[2025-03-18T20:03:14.024+0000] {processor.py:208} INFO - Processing /home/airflow/.local/lib/python3.12/site-packages/airflow/example_dags/example_python_operator.py took 0.035 seconds
[2025-03-18T20:03:44.286+0000] {processor.py:186} INFO - Started process (PID=173) to work on /home/airflow/.local/lib/python3.12/site-packages/airflow/example_dags/example_python_operator.py
[2025-03-18T20:03:44.286+0000] {processor.py:914} INFO - Processing file /home/airflow/.local/lib/python3.12/site-packages/airflow/example_dags/example_python_operator.py for tasks to queue
[2025-03-18T20:03:44.287+0000] {logging_mixin.py:190} INFO - [2025-03-18T20:03:44.287+0000] {dagbag.py:588} INFO - Filling up the DagBag from /home/airflow/.local/lib/python3.12/site-packages/airflow/example_dags/example_python_operator.py
[2025-03-18T20:03:44.293+0000] {processor.py:925} INFO - DAG(s) 'example_python_operator' retrieved from /home/airflow/.local/lib/python3.12/site-packages/airflow/example_dags/example_python_operator.py
[2025-03-18T20:03:44.301+0000] {logging_mixin.py:190} INFO - [2025-03-18T20:03:44.301+0000] {dag.py:3239} INFO - Sync 1 DAGs
[2025-03-18T20:03:44.305+0000] {logging_mixin.py:190} INFO - [2025-03-18T20:03:44.305+0000] {dag.py:4180} INFO - Setting next_dagrun for example_python_operator to None, run_after=None
[2025-03-18T20:03:44.310+0000] {processor.py:208} INFO - Processing /home/airflow/.local/lib/python3.12/site-packages/airflow/example_dags/example_python_operator.py took 0.027 seconds
[2025-03-18T20:04:14.366+0000] {processor.py:186} INFO - Started process (PID=236) to work on /home/airflow/.local/lib/python3.12/site-packages/airflow/example_dags/example_python_operator.py
[2025-03-18T20:04:14.367+0000] {processor.py:914} INFO - Processing file /home/airflow/.local/lib/python3.12/site-packages/airflow/example_dags/example_python_operator.py for tasks to queue
[2025-03-18T20:04:14.368+0000] {logging_mixin.py:190} INFO - [2025-03-18T20:04:14.367+0000] {dagbag.py:588} INFO - Filling up the DagBag from /home/airflow/.local/lib/python3.12/site-packages/airflow/example_dags/example_python_operator.py
[2025-03-18T20:04:14.373+0000] {processor.py:925} INFO - DAG(s) 'example_python_operator' retrieved from /home/airflow/.local/lib/python3.12/site-packages/airflow/example_dags/example_python_operator.py
[2025-03-18T20:04:14.382+0000] {logging_mixin.py:190} INFO - [2025-03-18T20:04:14.382+0000] {dag.py:3239} INFO - Sync 1 DAGs
[2025-03-18T20:04:14.387+0000] {logging_mixin.py:190} INFO - [2025-03-18T20:04:14.387+0000] {dag.py:4180} INFO - Setting next_dagrun for example_python_operator to None, run_after=None
[2025-03-18T20:04:14.393+0000] {processor.py:208} INFO - Processing /home/airflow/.local/lib/python3.12/site-packages/airflow/example_dags/example_python_operator.py took 0.029 seconds
[2025-03-18T20:04:45.398+0000] {processor.py:186} INFO - Started process (PID=299) to work on /home/airflow/.local/lib/python3.12/site-packages/airflow/example_dags/example_python_operator.py
[2025-03-18T20:04:45.398+0000] {processor.py:914} INFO - Processing file /home/airflow/.local/lib/python3.12/site-packages/airflow/example_dags/example_python_operator.py for tasks to queue
[2025-03-18T20:04:45.399+0000] {logging_mixin.py:190} INFO - [2025-03-18T20:04:45.399+0000] {dagbag.py:588} INFO - Filling up the DagBag from /home/airflow/.local/lib/python3.12/site-packages/airflow/example_dags/example_python_operator.py
[2025-03-18T20:04:45.404+0000] {processor.py:925} INFO - DAG(s) 'example_python_operator' retrieved from /home/airflow/.local/lib/python3.12/site-packages/airflow/example_dags/example_python_operator.py
[2025-03-18T20:04:45.412+0000] {logging_mixin.py:190} INFO - [2025-03-18T20:04:45.412+0000] {dag.py:3239} INFO - Sync 1 DAGs
[2025-03-18T20:04:45.417+0000] {logging_mixin.py:190} INFO - [2025-03-18T20:04:45.417+0000] {dag.py:4180} INFO - Setting next_dagrun for example_python_operator to None, run_after=None
[2025-03-18T20:04:45.423+0000] {processor.py:208} INFO - Processing /home/airflow/.local/lib/python3.12/site-packages/airflow/example_dags/example_python_operator.py took 0.027 seconds
[2025-03-18T20:05:16.417+0000] {processor.py:186} INFO - Started process (PID=362) to work on /home/airflow/.local/lib/python3.12/site-packages/airflow/example_dags/example_python_operator.py
[2025-03-18T20:05:16.418+0000] {processor.py:914} INFO - Processing file /home/airflow/.local/lib/python3.12/site-packages/airflow/example_dags/example_python_operator.py for tasks to queue
[2025-03-18T20:05:16.418+0000] {logging_mixin.py:190} INFO - [2025-03-18T20:05:16.418+0000] {dagbag.py:588} INFO - Filling up the DagBag from /home/airflow/.local/lib/python3.12/site-packages/airflow/example_dags/example_python_operator.py
[2025-03-18T20:05:16.424+0000] {processor.py:925} INFO - DAG(s) 'example_python_operator' retrieved from /home/airflow/.local/lib/python3.12/site-packages/airflow/example_dags/example_python_operator.py
[2025-03-18T20:05:16.433+0000] {logging_mixin.py:190} INFO - [2025-03-18T20:05:16.433+0000] {dag.py:3239} INFO - Sync 1 DAGs
[2025-03-18T20:05:16.438+0000] {logging_mixin.py:190} INFO - [2025-03-18T20:05:16.438+0000] {dag.py:4180} INFO - Setting next_dagrun for example_python_operator to None, run_after=None
[2025-03-18T20:05:16.444+0000] {processor.py:208} INFO - Processing /home/airflow/.local/lib/python3.12/site-packages/airflow/example_dags/example_python_operator.py took 0.029 seconds
[2025-03-18T20:05:46.545+0000] {processor.py:186} INFO - Started process (PID=425) to work on /home/airflow/.local/lib/python3.12/site-packages/airflow/example_dags/example_python_operator.py
[2025-03-18T20:05:46.545+0000] {processor.py:914} INFO - Processing file /home/airflow/.local/lib/python3.12/site-packages/airflow/example_dags/example_python_operator.py for tasks to queue
[2025-03-18T20:05:46.546+0000] {logging_mixin.py:190} INFO - [2025-03-18T20:05:46.546+0000] {dagbag.py:588} INFO - Filling up the DagBag from /home/airflow/.local/lib/python3.12/site-packages/airflow/example_dags/example_python_operator.py
[2025-03-18T20:05:46.551+0000] {processor.py:925} INFO - DAG(s) 'example_python_operator' retrieved from /home/airflow/.local/lib/python3.12/site-packages/airflow/example_dags/example_python_operator.py
[2025-03-18T20:05:46.560+0000] {logging_mixin.py:190} INFO - [2025-03-18T20:05:46.560+0000] {dag.py:3239} INFO - Sync 1 DAGs
[2025-03-18T20:05:46.565+0000] {logging_mixin.py:190} INFO - [2025-03-18T20:05:46.565+0000] {dag.py:4180} INFO - Setting next_dagrun for example_python_operator to None, run_after=None
[2025-03-18T20:05:46.570+0000] {processor.py:208} INFO - Processing /home/airflow/.local/lib/python3.12/site-packages/airflow/example_dags/example_python_operator.py took 0.028 seconds
