[2025-03-18T20:02:46.213+0000] {processor.py:186} INFO - Started process (PID=74) to work on /home/airflow/.local/lib/python3.12/site-packages/airflow/example_dags/example_branch_labels.py
[2025-03-18T20:02:46.214+0000] {processor.py:914} INFO - Processing file /home/airflow/.local/lib/python3.12/site-packages/airflow/example_dags/example_branch_labels.py for tasks to queue
[2025-03-18T20:02:46.215+0000] {logging_mixin.py:190} INFO - [2025-03-18T20:02:46.214+0000] {dagbag.py:588} INFO - Filling up the DagBag from /home/airflow/.local/lib/python3.12/site-packages/airflow/example_dags/example_branch_labels.py
[2025-03-18T20:02:46.220+0000] {processor.py:925} INFO - DAG(s) 'example_branch_labels' retrieved from /home/airflow/.local/lib/python3.12/site-packages/airflow/example_dags/example_branch_labels.py
[2025-03-18T20:02:46.265+0000] {logging_mixin.py:190} INFO - [2025-03-18T20:02:46.264+0000] {override.py:1912} INFO - Created Permission View: can read on DAG:example_branch_labels
[2025-03-18T20:02:46.270+0000] {logging_mixin.py:190} INFO - [2025-03-18T20:02:46.269+0000] {override.py:1912} INFO - Created Permission View: can delete on DAG:example_branch_labels
[2025-03-18T20:02:46.272+0000] {logging_mixin.py:190} INFO - [2025-03-18T20:02:46.272+0000] {override.py:1912} INFO - Created Permission View: can edit on DAG:example_branch_labels
[2025-03-18T20:02:46.275+0000] {logging_mixin.py:190} INFO - [2025-03-18T20:02:46.275+0000] {override.py:1912} INFO - Created Permission View: menu access on DAG Run:example_branch_labels
[2025-03-18T20:02:46.277+0000] {logging_mixin.py:190} INFO - [2025-03-18T20:02:46.277+0000] {override.py:1912} INFO - Created Permission View: can create on DAG Run:example_branch_labels
[2025-03-18T20:02:46.280+0000] {logging_mixin.py:190} INFO - [2025-03-18T20:02:46.280+0000] {override.py:1912} INFO - Created Permission View: can read on DAG Run:example_branch_labels
[2025-03-18T20:02:46.282+0000] {logging_mixin.py:190} INFO - [2025-03-18T20:02:46.282+0000] {override.py:1912} INFO - Created Permission View: can delete on DAG Run:example_branch_labels
[2025-03-18T20:02:46.283+0000] {logging_mixin.py:190} INFO - [2025-03-18T20:02:46.283+0000] {dag.py:3239} INFO - Sync 1 DAGs
[2025-03-18T20:02:46.288+0000] {logging_mixin.py:190} INFO - [2025-03-18T20:02:46.288+0000] {dag.py:3262} INFO - Creating ORM DAG for example_branch_labels
[2025-03-18T20:02:46.293+0000] {logging_mixin.py:190} INFO - [2025-03-18T20:02:46.293+0000] {dag.py:4180} INFO - Setting next_dagrun for example_branch_labels to 2025-03-17 00:00:00+00:00, run_after=2025-03-18 00:00:00+00:00
[2025-03-18T20:02:46.299+0000] {processor.py:208} INFO - Processing /home/airflow/.local/lib/python3.12/site-packages/airflow/example_dags/example_branch_labels.py took 0.088 seconds
[2025-03-18T20:03:17.089+0000] {processor.py:186} INFO - Started process (PID=136) to work on /home/airflow/.local/lib/python3.12/site-packages/airflow/example_dags/example_branch_labels.py
[2025-03-18T20:03:17.089+0000] {processor.py:914} INFO - Processing file /home/airflow/.local/lib/python3.12/site-packages/airflow/example_dags/example_branch_labels.py for tasks to queue
[2025-03-18T20:03:17.090+0000] {logging_mixin.py:190} INFO - [2025-03-18T20:03:17.090+0000] {dagbag.py:588} INFO - Filling up the DagBag from /home/airflow/.local/lib/python3.12/site-packages/airflow/example_dags/example_branch_labels.py
[2025-03-18T20:03:17.095+0000] {processor.py:925} INFO - DAG(s) 'example_branch_labels' retrieved from /home/airflow/.local/lib/python3.12/site-packages/airflow/example_dags/example_branch_labels.py
[2025-03-18T20:03:17.103+0000] {logging_mixin.py:190} INFO - [2025-03-18T20:03:17.103+0000] {dag.py:3239} INFO - Sync 1 DAGs
[2025-03-18T20:03:17.115+0000] {logging_mixin.py:190} INFO - [2025-03-18T20:03:17.115+0000] {dag.py:4180} INFO - Setting next_dagrun for example_branch_labels to 2025-03-17 00:00:00+00:00, run_after=2025-03-18 00:00:00+00:00
[2025-03-18T20:03:17.122+0000] {processor.py:208} INFO - Processing /home/airflow/.local/lib/python3.12/site-packages/airflow/example_dags/example_branch_labels.py took 0.036 seconds
[2025-03-18T20:03:47.413+0000] {processor.py:186} INFO - Started process (PID=199) to work on /home/airflow/.local/lib/python3.12/site-packages/airflow/example_dags/example_branch_labels.py
[2025-03-18T20:03:47.414+0000] {processor.py:914} INFO - Processing file /home/airflow/.local/lib/python3.12/site-packages/airflow/example_dags/example_branch_labels.py for tasks to queue
[2025-03-18T20:03:47.415+0000] {logging_mixin.py:190} INFO - [2025-03-18T20:03:47.414+0000] {dagbag.py:588} INFO - Filling up the DagBag from /home/airflow/.local/lib/python3.12/site-packages/airflow/example_dags/example_branch_labels.py
[2025-03-18T20:03:47.418+0000] {processor.py:925} INFO - DAG(s) 'example_branch_labels' retrieved from /home/airflow/.local/lib/python3.12/site-packages/airflow/example_dags/example_branch_labels.py
[2025-03-18T20:03:47.425+0000] {logging_mixin.py:190} INFO - [2025-03-18T20:03:47.425+0000] {dag.py:3239} INFO - Sync 1 DAGs
[2025-03-18T20:03:47.434+0000] {logging_mixin.py:190} INFO - [2025-03-18T20:03:47.434+0000] {dag.py:4180} INFO - Setting next_dagrun for example_branch_labels to 2025-03-17 00:00:00+00:00, run_after=2025-03-18 00:00:00+00:00
[2025-03-18T20:03:47.440+0000] {processor.py:208} INFO - Processing /home/airflow/.local/lib/python3.12/site-packages/airflow/example_dags/example_branch_labels.py took 0.030 seconds
[2025-03-18T20:04:18.404+0000] {processor.py:186} INFO - Started process (PID=262) to work on /home/airflow/.local/lib/python3.12/site-packages/airflow/example_dags/example_branch_labels.py
[2025-03-18T20:04:18.405+0000] {processor.py:914} INFO - Processing file /home/airflow/.local/lib/python3.12/site-packages/airflow/example_dags/example_branch_labels.py for tasks to queue
[2025-03-18T20:04:18.405+0000] {logging_mixin.py:190} INFO - [2025-03-18T20:04:18.405+0000] {dagbag.py:588} INFO - Filling up the DagBag from /home/airflow/.local/lib/python3.12/site-packages/airflow/example_dags/example_branch_labels.py
[2025-03-18T20:04:18.409+0000] {processor.py:925} INFO - DAG(s) 'example_branch_labels' retrieved from /home/airflow/.local/lib/python3.12/site-packages/airflow/example_dags/example_branch_labels.py
[2025-03-18T20:04:18.417+0000] {logging_mixin.py:190} INFO - [2025-03-18T20:04:18.416+0000] {dag.py:3239} INFO - Sync 1 DAGs
[2025-03-18T20:04:18.425+0000] {logging_mixin.py:190} INFO - [2025-03-18T20:04:18.425+0000] {dag.py:4180} INFO - Setting next_dagrun for example_branch_labels to 2025-03-17 00:00:00+00:00, run_after=2025-03-18 00:00:00+00:00
[2025-03-18T20:04:18.432+0000] {processor.py:208} INFO - Processing /home/airflow/.local/lib/python3.12/site-packages/airflow/example_dags/example_branch_labels.py took 0.030 seconds
[2025-03-18T20:04:49.467+0000] {processor.py:186} INFO - Started process (PID=325) to work on /home/airflow/.local/lib/python3.12/site-packages/airflow/example_dags/example_branch_labels.py
[2025-03-18T20:04:49.467+0000] {processor.py:914} INFO - Processing file /home/airflow/.local/lib/python3.12/site-packages/airflow/example_dags/example_branch_labels.py for tasks to queue
[2025-03-18T20:04:49.468+0000] {logging_mixin.py:190} INFO - [2025-03-18T20:04:49.468+0000] {dagbag.py:588} INFO - Filling up the DagBag from /home/airflow/.local/lib/python3.12/site-packages/airflow/example_dags/example_branch_labels.py
[2025-03-18T20:04:49.472+0000] {processor.py:925} INFO - DAG(s) 'example_branch_labels' retrieved from /home/airflow/.local/lib/python3.12/site-packages/airflow/example_dags/example_branch_labels.py
[2025-03-18T20:04:49.481+0000] {logging_mixin.py:190} INFO - [2025-03-18T20:04:49.481+0000] {dag.py:3239} INFO - Sync 1 DAGs
[2025-03-18T20:04:49.489+0000] {logging_mixin.py:190} INFO - [2025-03-18T20:04:49.489+0000] {dag.py:4180} INFO - Setting next_dagrun for example_branch_labels to 2025-03-17 00:00:00+00:00, run_after=2025-03-18 00:00:00+00:00
[2025-03-18T20:04:49.495+0000] {processor.py:208} INFO - Processing /home/airflow/.local/lib/python3.12/site-packages/airflow/example_dags/example_branch_labels.py took 0.031 seconds
[2025-03-18T20:05:20.511+0000] {processor.py:186} INFO - Started process (PID=388) to work on /home/airflow/.local/lib/python3.12/site-packages/airflow/example_dags/example_branch_labels.py
[2025-03-18T20:05:20.512+0000] {processor.py:914} INFO - Processing file /home/airflow/.local/lib/python3.12/site-packages/airflow/example_dags/example_branch_labels.py for tasks to queue
[2025-03-18T20:05:20.512+0000] {logging_mixin.py:190} INFO - [2025-03-18T20:05:20.512+0000] {dagbag.py:588} INFO - Filling up the DagBag from /home/airflow/.local/lib/python3.12/site-packages/airflow/example_dags/example_branch_labels.py
[2025-03-18T20:05:20.517+0000] {processor.py:925} INFO - DAG(s) 'example_branch_labels' retrieved from /home/airflow/.local/lib/python3.12/site-packages/airflow/example_dags/example_branch_labels.py
[2025-03-18T20:05:20.525+0000] {logging_mixin.py:190} INFO - [2025-03-18T20:05:20.525+0000] {dag.py:3239} INFO - Sync 1 DAGs
[2025-03-18T20:05:20.533+0000] {logging_mixin.py:190} INFO - [2025-03-18T20:05:20.533+0000] {dag.py:4180} INFO - Setting next_dagrun for example_branch_labels to 2025-03-17 00:00:00+00:00, run_after=2025-03-18 00:00:00+00:00
[2025-03-18T20:05:20.539+0000] {processor.py:208} INFO - Processing /home/airflow/.local/lib/python3.12/site-packages/airflow/example_dags/example_branch_labels.py took 0.030 seconds
[2025-03-18T20:05:51.541+0000] {processor.py:186} INFO - Started process (PID=451) to work on /home/airflow/.local/lib/python3.12/site-packages/airflow/example_dags/example_branch_labels.py
[2025-03-18T20:05:51.541+0000] {processor.py:914} INFO - Processing file /home/airflow/.local/lib/python3.12/site-packages/airflow/example_dags/example_branch_labels.py for tasks to queue
[2025-03-18T20:05:51.542+0000] {logging_mixin.py:190} INFO - [2025-03-18T20:05:51.542+0000] {dagbag.py:588} INFO - Filling up the DagBag from /home/airflow/.local/lib/python3.12/site-packages/airflow/example_dags/example_branch_labels.py
[2025-03-18T20:05:51.548+0000] {processor.py:925} INFO - DAG(s) 'example_branch_labels' retrieved from /home/airflow/.local/lib/python3.12/site-packages/airflow/example_dags/example_branch_labels.py
[2025-03-18T20:05:51.558+0000] {logging_mixin.py:190} INFO - [2025-03-18T20:05:51.558+0000] {dag.py:3239} INFO - Sync 1 DAGs
[2025-03-18T20:05:51.568+0000] {logging_mixin.py:190} INFO - [2025-03-18T20:05:51.568+0000] {dag.py:4180} INFO - Setting next_dagrun for example_branch_labels to 2025-03-17 00:00:00+00:00, run_after=2025-03-18 00:00:00+00:00
[2025-03-18T20:05:51.575+0000] {processor.py:208} INFO - Processing /home/airflow/.local/lib/python3.12/site-packages/airflow/example_dags/example_branch_labels.py took 0.039 seconds
