[2025-03-18T20:02:47.419+0000] {processor.py:186} INFO - Started process (PID=94) to work on /home/airflow/.local/lib/python3.12/site-packages/airflow/example_dags/example_branch_operator.py
[2025-03-18T20:02:47.421+0000] {processor.py:914} INFO - Processing file /home/airflow/.local/lib/python3.12/site-packages/airflow/example_dags/example_branch_operator.py for tasks to queue
[2025-03-18T20:02:47.422+0000] {logging_mixin.py:190} INFO - [2025-03-18T20:02:47.422+0000] {dagbag.py:588} INFO - Filling up the DagBag from /home/airflow/.local/lib/python3.12/site-packages/airflow/example_dags/example_branch_operator.py
[2025-03-18T20:02:47.430+0000] {processor.py:925} INFO - DAG(s) 'example_branch_operator' retrieved from /home/airflow/.local/lib/python3.12/site-packages/airflow/example_dags/example_branch_operator.py
[2025-03-18T20:02:47.469+0000] {logging_mixin.py:190} INFO - [2025-03-18T20:02:47.468+0000] {override.py:1912} INFO - Created Permission View: can read on DAG:example_branch_operator
[2025-03-18T20:02:47.471+0000] {logging_mixin.py:190} INFO - [2025-03-18T20:02:47.471+0000] {override.py:1912} INFO - Created Permission View: can delete on DAG:example_branch_operator
[2025-03-18T20:02:47.474+0000] {logging_mixin.py:190} INFO - [2025-03-18T20:02:47.474+0000] {override.py:1912} INFO - Created Permission View: can edit on DAG:example_branch_operator
[2025-03-18T20:02:47.475+0000] {logging_mixin.py:190} INFO - [2025-03-18T20:02:47.475+0000] {override.py:1912} INFO - Created Permission View: menu access on DAG Run:example_branch_operator
[2025-03-18T20:02:47.477+0000] {logging_mixin.py:190} INFO - [2025-03-18T20:02:47.477+0000] {override.py:1912} INFO - Created Permission View: can create on DAG Run:example_branch_operator
[2025-03-18T20:02:47.479+0000] {logging_mixin.py:190} INFO - [2025-03-18T20:02:47.479+0000] {override.py:1912} INFO - Created Permission View: can read on DAG Run:example_branch_operator
[2025-03-18T20:02:47.480+0000] {logging_mixin.py:190} INFO - [2025-03-18T20:02:47.480+0000] {override.py:1912} INFO - Created Permission View: can delete on DAG Run:example_branch_operator
[2025-03-18T20:02:47.480+0000] {logging_mixin.py:190} INFO - [2025-03-18T20:02:47.480+0000] {dag.py:3239} INFO - Sync 1 DAGs
[2025-03-18T20:02:47.487+0000] {logging_mixin.py:190} INFO - [2025-03-18T20:02:47.487+0000] {dag.py:3262} INFO - Creating ORM DAG for example_branch_operator
[2025-03-18T20:02:47.491+0000] {logging_mixin.py:190} INFO - [2025-03-18T20:02:47.491+0000] {dag.py:4180} INFO - Setting next_dagrun for example_branch_operator to 2025-03-17 00:00:00+00:00, run_after=2025-03-18 00:00:00+00:00
[2025-03-18T20:02:47.498+0000] {processor.py:208} INFO - Processing /home/airflow/.local/lib/python3.12/site-packages/airflow/example_dags/example_branch_operator.py took 0.081 seconds
[2025-03-18T20:03:17.827+0000] {processor.py:186} INFO - Started process (PID=156) to work on /home/airflow/.local/lib/python3.12/site-packages/airflow/example_dags/example_branch_operator.py
[2025-03-18T20:03:17.828+0000] {processor.py:914} INFO - Processing file /home/airflow/.local/lib/python3.12/site-packages/airflow/example_dags/example_branch_operator.py for tasks to queue
[2025-03-18T20:03:17.831+0000] {logging_mixin.py:190} INFO - [2025-03-18T20:03:17.831+0000] {dagbag.py:588} INFO - Filling up the DagBag from /home/airflow/.local/lib/python3.12/site-packages/airflow/example_dags/example_branch_operator.py
[2025-03-18T20:03:17.838+0000] {processor.py:925} INFO - DAG(s) 'example_branch_operator' retrieved from /home/airflow/.local/lib/python3.12/site-packages/airflow/example_dags/example_branch_operator.py
[2025-03-18T20:03:17.848+0000] {logging_mixin.py:190} INFO - [2025-03-18T20:03:17.848+0000] {dag.py:3239} INFO - Sync 1 DAGs
[2025-03-18T20:03:17.857+0000] {logging_mixin.py:190} INFO - [2025-03-18T20:03:17.856+0000] {dag.py:4180} INFO - Setting next_dagrun for example_branch_operator to 2025-03-17 00:00:00+00:00, run_after=2025-03-18 00:00:00+00:00
[2025-03-18T20:03:17.862+0000] {processor.py:208} INFO - Processing /home/airflow/.local/lib/python3.12/site-packages/airflow/example_dags/example_branch_operator.py took 0.038 seconds
[2025-03-18T20:03:47.947+0000] {processor.py:186} INFO - Started process (PID=220) to work on /home/airflow/.local/lib/python3.12/site-packages/airflow/example_dags/example_branch_operator.py
[2025-03-18T20:03:47.947+0000] {processor.py:914} INFO - Processing file /home/airflow/.local/lib/python3.12/site-packages/airflow/example_dags/example_branch_operator.py for tasks to queue
[2025-03-18T20:03:47.948+0000] {logging_mixin.py:190} INFO - [2025-03-18T20:03:47.948+0000] {dagbag.py:588} INFO - Filling up the DagBag from /home/airflow/.local/lib/python3.12/site-packages/airflow/example_dags/example_branch_operator.py
[2025-03-18T20:03:47.955+0000] {processor.py:925} INFO - DAG(s) 'example_branch_operator' retrieved from /home/airflow/.local/lib/python3.12/site-packages/airflow/example_dags/example_branch_operator.py
[2025-03-18T20:03:47.965+0000] {logging_mixin.py:190} INFO - [2025-03-18T20:03:47.965+0000] {dag.py:3239} INFO - Sync 1 DAGs
[2025-03-18T20:03:47.973+0000] {logging_mixin.py:190} INFO - [2025-03-18T20:03:47.973+0000] {dag.py:4180} INFO - Setting next_dagrun for example_branch_operator to 2025-03-17 00:00:00+00:00, run_after=2025-03-18 00:00:00+00:00
[2025-03-18T20:03:47.980+0000] {processor.py:208} INFO - Processing /home/airflow/.local/lib/python3.12/site-packages/airflow/example_dags/example_branch_operator.py took 0.035 seconds
[2025-03-18T20:04:18.943+0000] {processor.py:186} INFO - Started process (PID=282) to work on /home/airflow/.local/lib/python3.12/site-packages/airflow/example_dags/example_branch_operator.py
[2025-03-18T20:04:18.943+0000] {processor.py:914} INFO - Processing file /home/airflow/.local/lib/python3.12/site-packages/airflow/example_dags/example_branch_operator.py for tasks to queue
[2025-03-18T20:04:18.945+0000] {logging_mixin.py:190} INFO - [2025-03-18T20:04:18.945+0000] {dagbag.py:588} INFO - Filling up the DagBag from /home/airflow/.local/lib/python3.12/site-packages/airflow/example_dags/example_branch_operator.py
[2025-03-18T20:04:18.952+0000] {processor.py:925} INFO - DAG(s) 'example_branch_operator' retrieved from /home/airflow/.local/lib/python3.12/site-packages/airflow/example_dags/example_branch_operator.py
[2025-03-18T20:04:18.963+0000] {logging_mixin.py:190} INFO - [2025-03-18T20:04:18.963+0000] {dag.py:3239} INFO - Sync 1 DAGs
[2025-03-18T20:04:18.972+0000] {logging_mixin.py:190} INFO - [2025-03-18T20:04:18.972+0000] {dag.py:4180} INFO - Setting next_dagrun for example_branch_operator to 2025-03-17 00:00:00+00:00, run_after=2025-03-18 00:00:00+00:00
[2025-03-18T20:04:18.977+0000] {processor.py:208} INFO - Processing /home/airflow/.local/lib/python3.12/site-packages/airflow/example_dags/example_branch_operator.py took 0.037 seconds
[2025-03-18T20:04:50.013+0000] {processor.py:186} INFO - Started process (PID=345) to work on /home/airflow/.local/lib/python3.12/site-packages/airflow/example_dags/example_branch_operator.py
[2025-03-18T20:04:50.014+0000] {processor.py:914} INFO - Processing file /home/airflow/.local/lib/python3.12/site-packages/airflow/example_dags/example_branch_operator.py for tasks to queue
[2025-03-18T20:04:50.014+0000] {logging_mixin.py:190} INFO - [2025-03-18T20:04:50.014+0000] {dagbag.py:588} INFO - Filling up the DagBag from /home/airflow/.local/lib/python3.12/site-packages/airflow/example_dags/example_branch_operator.py
[2025-03-18T20:04:50.021+0000] {processor.py:925} INFO - DAG(s) 'example_branch_operator' retrieved from /home/airflow/.local/lib/python3.12/site-packages/airflow/example_dags/example_branch_operator.py
[2025-03-18T20:04:50.032+0000] {logging_mixin.py:190} INFO - [2025-03-18T20:04:50.032+0000] {dag.py:3239} INFO - Sync 1 DAGs
[2025-03-18T20:04:50.040+0000] {logging_mixin.py:190} INFO - [2025-03-18T20:04:50.040+0000] {dag.py:4180} INFO - Setting next_dagrun for example_branch_operator to 2025-03-17 00:00:00+00:00, run_after=2025-03-18 00:00:00+00:00
[2025-03-18T20:04:50.048+0000] {processor.py:208} INFO - Processing /home/airflow/.local/lib/python3.12/site-packages/airflow/example_dags/example_branch_operator.py took 0.037 seconds
[2025-03-18T20:05:21.079+0000] {processor.py:186} INFO - Started process (PID=408) to work on /home/airflow/.local/lib/python3.12/site-packages/airflow/example_dags/example_branch_operator.py
[2025-03-18T20:05:21.080+0000] {processor.py:914} INFO - Processing file /home/airflow/.local/lib/python3.12/site-packages/airflow/example_dags/example_branch_operator.py for tasks to queue
[2025-03-18T20:05:21.081+0000] {logging_mixin.py:190} INFO - [2025-03-18T20:05:21.080+0000] {dagbag.py:588} INFO - Filling up the DagBag from /home/airflow/.local/lib/python3.12/site-packages/airflow/example_dags/example_branch_operator.py
[2025-03-18T20:05:21.087+0000] {processor.py:925} INFO - DAG(s) 'example_branch_operator' retrieved from /home/airflow/.local/lib/python3.12/site-packages/airflow/example_dags/example_branch_operator.py
[2025-03-18T20:05:21.097+0000] {logging_mixin.py:190} INFO - [2025-03-18T20:05:21.097+0000] {dag.py:3239} INFO - Sync 1 DAGs
[2025-03-18T20:05:21.106+0000] {logging_mixin.py:190} INFO - [2025-03-18T20:05:21.106+0000] {dag.py:4180} INFO - Setting next_dagrun for example_branch_operator to 2025-03-17 00:00:00+00:00, run_after=2025-03-18 00:00:00+00:00
[2025-03-18T20:05:21.112+0000] {processor.py:208} INFO - Processing /home/airflow/.local/lib/python3.12/site-packages/airflow/example_dags/example_branch_operator.py took 0.035 seconds
[2025-03-18T20:05:52.183+0000] {processor.py:186} INFO - Started process (PID=471) to work on /home/airflow/.local/lib/python3.12/site-packages/airflow/example_dags/example_branch_operator.py
[2025-03-18T20:05:52.183+0000] {processor.py:914} INFO - Processing file /home/airflow/.local/lib/python3.12/site-packages/airflow/example_dags/example_branch_operator.py for tasks to queue
[2025-03-18T20:05:52.184+0000] {logging_mixin.py:190} INFO - [2025-03-18T20:05:52.184+0000] {dagbag.py:588} INFO - Filling up the DagBag from /home/airflow/.local/lib/python3.12/site-packages/airflow/example_dags/example_branch_operator.py
[2025-03-18T20:05:52.191+0000] {processor.py:925} INFO - DAG(s) 'example_branch_operator' retrieved from /home/airflow/.local/lib/python3.12/site-packages/airflow/example_dags/example_branch_operator.py
[2025-03-18T20:05:52.201+0000] {logging_mixin.py:190} INFO - [2025-03-18T20:05:52.201+0000] {dag.py:3239} INFO - Sync 1 DAGs
[2025-03-18T20:05:52.210+0000] {logging_mixin.py:190} INFO - [2025-03-18T20:05:52.210+0000] {dag.py:4180} INFO - Setting next_dagrun for example_branch_operator to 2025-03-17 00:00:00+00:00, run_after=2025-03-18 00:00:00+00:00
[2025-03-18T20:05:52.217+0000] {processor.py:208} INFO - Processing /home/airflow/.local/lib/python3.12/site-packages/airflow/example_dags/example_branch_operator.py took 0.036 seconds
