[2025-03-18T20:02:43.575+0000] {processor.py:186} INFO - Started process (PID=40) to work on /home/airflow/.local/lib/python3.12/site-packages/airflow/example_dags/example_setup_teardown.py
[2025-03-18T20:02:43.578+0000] {processor.py:914} INFO - Processing file /home/airflow/.local/lib/python3.12/site-packages/airflow/example_dags/example_setup_teardown.py for tasks to queue
[2025-03-18T20:02:43.581+0000] {logging_mixin.py:190} INFO - [2025-03-18T20:02:43.581+0000] {dagbag.py:588} INFO - Filling up the DagBag from /home/airflow/.local/lib/python3.12/site-packages/airflow/example_dags/example_setup_teardown.py
[2025-03-18T20:02:43.596+0000] {processor.py:925} INFO - DAG(s) 'example_setup_teardown' retrieved from /home/airflow/.local/lib/python3.12/site-packages/airflow/example_dags/example_setup_teardown.py
[2025-03-18T20:02:43.750+0000] {logging_mixin.py:190} INFO - [2025-03-18T20:02:43.749+0000] {override.py:1912} INFO - Created Permission View: can read on DAG:example_setup_teardown
[2025-03-18T20:02:43.754+0000] {logging_mixin.py:190} INFO - [2025-03-18T20:02:43.754+0000] {override.py:1912} INFO - Created Permission View: can delete on DAG:example_setup_teardown
[2025-03-18T20:02:43.756+0000] {logging_mixin.py:190} INFO - [2025-03-18T20:02:43.756+0000] {override.py:1912} INFO - Created Permission View: can edit on DAG:example_setup_teardown
[2025-03-18T20:02:43.759+0000] {logging_mixin.py:190} INFO - [2025-03-18T20:02:43.758+0000] {override.py:1912} INFO - Created Permission View: menu access on DAG Run:example_setup_teardown
[2025-03-18T20:02:43.760+0000] {logging_mixin.py:190} INFO - [2025-03-18T20:02:43.760+0000] {override.py:1912} INFO - Created Permission View: can create on DAG Run:example_setup_teardown
[2025-03-18T20:02:43.762+0000] {logging_mixin.py:190} INFO - [2025-03-18T20:02:43.762+0000] {override.py:1912} INFO - Created Permission View: can read on DAG Run:example_setup_teardown
[2025-03-18T20:02:43.764+0000] {logging_mixin.py:190} INFO - [2025-03-18T20:02:43.764+0000] {override.py:1912} INFO - Created Permission View: can delete on DAG Run:example_setup_teardown
[2025-03-18T20:02:43.765+0000] {logging_mixin.py:190} INFO - [2025-03-18T20:02:43.765+0000] {dag.py:3239} INFO - Sync 1 DAGs
[2025-03-18T20:02:43.770+0000] {logging_mixin.py:190} INFO - [2025-03-18T20:02:43.770+0000] {dag.py:3262} INFO - Creating ORM DAG for example_setup_teardown
[2025-03-18T20:02:43.770+0000] {logging_mixin.py:190} INFO - [2025-03-18T20:02:43.770+0000] {dag.py:4180} INFO - Setting next_dagrun for example_setup_teardown to None, run_after=None
[2025-03-18T20:02:43.785+0000] {processor.py:208} INFO - Processing /home/airflow/.local/lib/python3.12/site-packages/airflow/example_dags/example_setup_teardown.py took 0.215 seconds
[2025-03-18T20:03:13.943+0000] {processor.py:186} INFO - Started process (PID=108) to work on /home/airflow/.local/lib/python3.12/site-packages/airflow/example_dags/example_setup_teardown.py
[2025-03-18T20:03:13.945+0000] {processor.py:914} INFO - Processing file /home/airflow/.local/lib/python3.12/site-packages/airflow/example_dags/example_setup_teardown.py for tasks to queue
[2025-03-18T20:03:13.947+0000] {logging_mixin.py:190} INFO - [2025-03-18T20:03:13.947+0000] {dagbag.py:588} INFO - Filling up the DagBag from /home/airflow/.local/lib/python3.12/site-packages/airflow/example_dags/example_setup_teardown.py
[2025-03-18T20:03:13.953+0000] {processor.py:925} INFO - DAG(s) 'example_setup_teardown' retrieved from /home/airflow/.local/lib/python3.12/site-packages/airflow/example_dags/example_setup_teardown.py
[2025-03-18T20:03:13.965+0000] {logging_mixin.py:190} INFO - [2025-03-18T20:03:13.965+0000] {dag.py:3239} INFO - Sync 1 DAGs
[2025-03-18T20:03:13.971+0000] {logging_mixin.py:190} INFO - [2025-03-18T20:03:13.971+0000] {dag.py:4180} INFO - Setting next_dagrun for example_setup_teardown to None, run_after=None
[2025-03-18T20:03:13.980+0000] {processor.py:208} INFO - Processing /home/airflow/.local/lib/python3.12/site-packages/airflow/example_dags/example_setup_teardown.py took 0.040 seconds
[2025-03-18T20:03:44.242+0000] {processor.py:186} INFO - Started process (PID=171) to work on /home/airflow/.local/lib/python3.12/site-packages/airflow/example_dags/example_setup_teardown.py
[2025-03-18T20:03:44.244+0000] {processor.py:914} INFO - Processing file /home/airflow/.local/lib/python3.12/site-packages/airflow/example_dags/example_setup_teardown.py for tasks to queue
[2025-03-18T20:03:44.247+0000] {logging_mixin.py:190} INFO - [2025-03-18T20:03:44.246+0000] {dagbag.py:588} INFO - Filling up the DagBag from /home/airflow/.local/lib/python3.12/site-packages/airflow/example_dags/example_setup_teardown.py
[2025-03-18T20:03:44.253+0000] {processor.py:925} INFO - DAG(s) 'example_setup_teardown' retrieved from /home/airflow/.local/lib/python3.12/site-packages/airflow/example_dags/example_setup_teardown.py
[2025-03-18T20:03:44.264+0000] {logging_mixin.py:190} INFO - [2025-03-18T20:03:44.264+0000] {dag.py:3239} INFO - Sync 1 DAGs
[2025-03-18T20:03:44.270+0000] {logging_mixin.py:190} INFO - [2025-03-18T20:03:44.270+0000] {dag.py:4180} INFO - Setting next_dagrun for example_setup_teardown to None, run_after=None
[2025-03-18T20:03:44.277+0000] {processor.py:208} INFO - Processing /home/airflow/.local/lib/python3.12/site-packages/airflow/example_dags/example_setup_teardown.py took 0.041 seconds
[2025-03-18T20:04:14.322+0000] {processor.py:186} INFO - Started process (PID=234) to work on /home/airflow/.local/lib/python3.12/site-packages/airflow/example_dags/example_setup_teardown.py
[2025-03-18T20:04:14.323+0000] {processor.py:914} INFO - Processing file /home/airflow/.local/lib/python3.12/site-packages/airflow/example_dags/example_setup_teardown.py for tasks to queue
[2025-03-18T20:04:14.324+0000] {logging_mixin.py:190} INFO - [2025-03-18T20:04:14.324+0000] {dagbag.py:588} INFO - Filling up the DagBag from /home/airflow/.local/lib/python3.12/site-packages/airflow/example_dags/example_setup_teardown.py
[2025-03-18T20:04:14.331+0000] {processor.py:925} INFO - DAG(s) 'example_setup_teardown' retrieved from /home/airflow/.local/lib/python3.12/site-packages/airflow/example_dags/example_setup_teardown.py
[2025-03-18T20:04:14.342+0000] {logging_mixin.py:190} INFO - [2025-03-18T20:04:14.342+0000] {dag.py:3239} INFO - Sync 1 DAGs
[2025-03-18T20:04:14.349+0000] {logging_mixin.py:190} INFO - [2025-03-18T20:04:14.348+0000] {dag.py:4180} INFO - Setting next_dagrun for example_setup_teardown to None, run_after=None
[2025-03-18T20:04:14.356+0000] {processor.py:208} INFO - Processing /home/airflow/.local/lib/python3.12/site-packages/airflow/example_dags/example_setup_teardown.py took 0.040 seconds
[2025-03-18T20:04:45.350+0000] {processor.py:186} INFO - Started process (PID=297) to work on /home/airflow/.local/lib/python3.12/site-packages/airflow/example_dags/example_setup_teardown.py
[2025-03-18T20:04:45.352+0000] {processor.py:914} INFO - Processing file /home/airflow/.local/lib/python3.12/site-packages/airflow/example_dags/example_setup_teardown.py for tasks to queue
[2025-03-18T20:04:45.355+0000] {logging_mixin.py:190} INFO - [2025-03-18T20:04:45.355+0000] {dagbag.py:588} INFO - Filling up the DagBag from /home/airflow/.local/lib/python3.12/site-packages/airflow/example_dags/example_setup_teardown.py
[2025-03-18T20:04:45.363+0000] {processor.py:925} INFO - DAG(s) 'example_setup_teardown' retrieved from /home/airflow/.local/lib/python3.12/site-packages/airflow/example_dags/example_setup_teardown.py
[2025-03-18T20:04:45.373+0000] {logging_mixin.py:190} INFO - [2025-03-18T20:04:45.373+0000] {dag.py:3239} INFO - Sync 1 DAGs
[2025-03-18T20:04:45.380+0000] {logging_mixin.py:190} INFO - [2025-03-18T20:04:45.380+0000] {dag.py:4180} INFO - Setting next_dagrun for example_setup_teardown to None, run_after=None
[2025-03-18T20:04:45.388+0000] {processor.py:208} INFO - Processing /home/airflow/.local/lib/python3.12/site-packages/airflow/example_dags/example_setup_teardown.py took 0.044 seconds
[2025-03-18T20:05:16.371+0000] {processor.py:186} INFO - Started process (PID=360) to work on /home/airflow/.local/lib/python3.12/site-packages/airflow/example_dags/example_setup_teardown.py
[2025-03-18T20:05:16.374+0000] {processor.py:914} INFO - Processing file /home/airflow/.local/lib/python3.12/site-packages/airflow/example_dags/example_setup_teardown.py for tasks to queue
[2025-03-18T20:05:16.376+0000] {logging_mixin.py:190} INFO - [2025-03-18T20:05:16.375+0000] {dagbag.py:588} INFO - Filling up the DagBag from /home/airflow/.local/lib/python3.12/site-packages/airflow/example_dags/example_setup_teardown.py
[2025-03-18T20:05:16.381+0000] {processor.py:925} INFO - DAG(s) 'example_setup_teardown' retrieved from /home/airflow/.local/lib/python3.12/site-packages/airflow/example_dags/example_setup_teardown.py
[2025-03-18T20:05:16.392+0000] {logging_mixin.py:190} INFO - [2025-03-18T20:05:16.392+0000] {dag.py:3239} INFO - Sync 1 DAGs
[2025-03-18T20:05:16.399+0000] {logging_mixin.py:190} INFO - [2025-03-18T20:05:16.399+0000] {dag.py:4180} INFO - Setting next_dagrun for example_setup_teardown to None, run_after=None
[2025-03-18T20:05:16.407+0000] {processor.py:208} INFO - Processing /home/airflow/.local/lib/python3.12/site-packages/airflow/example_dags/example_setup_teardown.py took 0.042 seconds
[2025-03-18T20:05:46.499+0000] {processor.py:186} INFO - Started process (PID=423) to work on /home/airflow/.local/lib/python3.12/site-packages/airflow/example_dags/example_setup_teardown.py
[2025-03-18T20:05:46.502+0000] {processor.py:914} INFO - Processing file /home/airflow/.local/lib/python3.12/site-packages/airflow/example_dags/example_setup_teardown.py for tasks to queue
[2025-03-18T20:05:46.503+0000] {logging_mixin.py:190} INFO - [2025-03-18T20:05:46.503+0000] {dagbag.py:588} INFO - Filling up the DagBag from /home/airflow/.local/lib/python3.12/site-packages/airflow/example_dags/example_setup_teardown.py
[2025-03-18T20:05:46.510+0000] {processor.py:925} INFO - DAG(s) 'example_setup_teardown' retrieved from /home/airflow/.local/lib/python3.12/site-packages/airflow/example_dags/example_setup_teardown.py
[2025-03-18T20:05:46.521+0000] {logging_mixin.py:190} INFO - [2025-03-18T20:05:46.520+0000] {dag.py:3239} INFO - Sync 1 DAGs
[2025-03-18T20:05:46.527+0000] {logging_mixin.py:190} INFO - [2025-03-18T20:05:46.527+0000] {dag.py:4180} INFO - Setting next_dagrun for example_setup_teardown to None, run_after=None
[2025-03-18T20:05:46.535+0000] {processor.py:208} INFO - Processing /home/airflow/.local/lib/python3.12/site-packages/airflow/example_dags/example_setup_teardown.py took 0.042 seconds
