[2025-03-18T20:02:45.985+0000] {processor.py:186} INFO - Started process (PID=69) to work on /home/airflow/.local/lib/python3.12/site-packages/airflow/example_dags/example_short_circuit_decorator.py
[2025-03-18T20:02:45.985+0000] {processor.py:914} INFO - Processing file /home/airflow/.local/lib/python3.12/site-packages/airflow/example_dags/example_short_circuit_decorator.py for tasks to queue
[2025-03-18T20:02:45.987+0000] {logging_mixin.py:190} INFO - [2025-03-18T20:02:45.987+0000] {dagbag.py:588} INFO - Filling up the DagBag from /home/airflow/.local/lib/python3.12/site-packages/airflow/example_dags/example_short_circuit_decorator.py
[2025-03-18T20:02:45.992+0000] {processor.py:925} INFO - DAG(s) 'example_short_circuit_decorator' retrieved from /home/airflow/.local/lib/python3.12/site-packages/airflow/example_dags/example_short_circuit_decorator.py
[2025-03-18T20:02:46.037+0000] {logging_mixin.py:190} INFO - [2025-03-18T20:02:46.036+0000] {override.py:1912} INFO - Created Permission View: can read on DAG:example_short_circuit_decorator
[2025-03-18T20:02:46.041+0000] {logging_mixin.py:190} INFO - [2025-03-18T20:02:46.041+0000] {override.py:1912} INFO - Created Permission View: can delete on DAG:example_short_circuit_decorator
[2025-03-18T20:02:46.043+0000] {logging_mixin.py:190} INFO - [2025-03-18T20:02:46.043+0000] {override.py:1912} INFO - Created Permission View: can edit on DAG:example_short_circuit_decorator
[2025-03-18T20:02:46.046+0000] {logging_mixin.py:190} INFO - [2025-03-18T20:02:46.046+0000] {override.py:1912} INFO - Created Permission View: menu access on DAG Run:example_short_circuit_decorator
[2025-03-18T20:02:46.048+0000] {logging_mixin.py:190} INFO - [2025-03-18T20:02:46.048+0000] {override.py:1912} INFO - Created Permission View: can create on DAG Run:example_short_circuit_decorator
[2025-03-18T20:02:46.050+0000] {logging_mixin.py:190} INFO - [2025-03-18T20:02:46.050+0000] {override.py:1912} INFO - Created Permission View: can read on DAG Run:example_short_circuit_decorator
[2025-03-18T20:02:46.053+0000] {logging_mixin.py:190} INFO - [2025-03-18T20:02:46.053+0000] {override.py:1912} INFO - Created Permission View: can delete on DAG Run:example_short_circuit_decorator
[2025-03-18T20:02:46.053+0000] {logging_mixin.py:190} INFO - [2025-03-18T20:02:46.053+0000] {dag.py:3239} INFO - Sync 1 DAGs
[2025-03-18T20:02:46.058+0000] {logging_mixin.py:190} INFO - [2025-03-18T20:02:46.058+0000] {dag.py:3262} INFO - Creating ORM DAG for example_short_circuit_decorator
[2025-03-18T20:02:46.058+0000] {logging_mixin.py:190} INFO - [2025-03-18T20:02:46.058+0000] {dag.py:4180} INFO - Setting next_dagrun for example_short_circuit_decorator to None, run_after=None
[2025-03-18T20:02:46.064+0000] {processor.py:208} INFO - Processing /home/airflow/.local/lib/python3.12/site-packages/airflow/example_dags/example_short_circuit_decorator.py took 0.082 seconds
[2025-03-18T20:03:16.921+0000] {processor.py:186} INFO - Started process (PID=131) to work on /home/airflow/.local/lib/python3.12/site-packages/airflow/example_dags/example_short_circuit_decorator.py
[2025-03-18T20:03:16.923+0000] {processor.py:914} INFO - Processing file /home/airflow/.local/lib/python3.12/site-packages/airflow/example_dags/example_short_circuit_decorator.py for tasks to queue
[2025-03-18T20:03:16.925+0000] {logging_mixin.py:190} INFO - [2025-03-18T20:03:16.924+0000] {dagbag.py:588} INFO - Filling up the DagBag from /home/airflow/.local/lib/python3.12/site-packages/airflow/example_dags/example_short_circuit_decorator.py
[2025-03-18T20:03:16.929+0000] {processor.py:925} INFO - DAG(s) 'example_short_circuit_decorator' retrieved from /home/airflow/.local/lib/python3.12/site-packages/airflow/example_dags/example_short_circuit_decorator.py
[2025-03-18T20:03:16.938+0000] {logging_mixin.py:190} INFO - [2025-03-18T20:03:16.938+0000] {dag.py:3239} INFO - Sync 1 DAGs
[2025-03-18T20:03:16.946+0000] {logging_mixin.py:190} INFO - [2025-03-18T20:03:16.946+0000] {dag.py:4180} INFO - Setting next_dagrun for example_short_circuit_decorator to None, run_after=None
[2025-03-18T20:03:16.954+0000] {processor.py:208} INFO - Processing /home/airflow/.local/lib/python3.12/site-packages/airflow/example_dags/example_short_circuit_decorator.py took 0.034 seconds
[2025-03-18T20:03:47.256+0000] {processor.py:186} INFO - Started process (PID=194) to work on /home/airflow/.local/lib/python3.12/site-packages/airflow/example_dags/example_short_circuit_decorator.py
[2025-03-18T20:03:47.256+0000] {processor.py:914} INFO - Processing file /home/airflow/.local/lib/python3.12/site-packages/airflow/example_dags/example_short_circuit_decorator.py for tasks to queue
[2025-03-18T20:03:47.257+0000] {logging_mixin.py:190} INFO - [2025-03-18T20:03:47.257+0000] {dagbag.py:588} INFO - Filling up the DagBag from /home/airflow/.local/lib/python3.12/site-packages/airflow/example_dags/example_short_circuit_decorator.py
[2025-03-18T20:03:47.264+0000] {processor.py:925} INFO - DAG(s) 'example_short_circuit_decorator' retrieved from /home/airflow/.local/lib/python3.12/site-packages/airflow/example_dags/example_short_circuit_decorator.py
[2025-03-18T20:03:47.273+0000] {logging_mixin.py:190} INFO - [2025-03-18T20:03:47.273+0000] {dag.py:3239} INFO - Sync 1 DAGs
[2025-03-18T20:03:47.279+0000] {logging_mixin.py:190} INFO - [2025-03-18T20:03:47.278+0000] {dag.py:4180} INFO - Setting next_dagrun for example_short_circuit_decorator to None, run_after=None
[2025-03-18T20:03:47.285+0000] {processor.py:208} INFO - Processing /home/airflow/.local/lib/python3.12/site-packages/airflow/example_dags/example_short_circuit_decorator.py took 0.031 seconds
[2025-03-18T20:04:18.241+0000] {processor.py:186} INFO - Started process (PID=257) to work on /home/airflow/.local/lib/python3.12/site-packages/airflow/example_dags/example_short_circuit_decorator.py
[2025-03-18T20:04:18.241+0000] {processor.py:914} INFO - Processing file /home/airflow/.local/lib/python3.12/site-packages/airflow/example_dags/example_short_circuit_decorator.py for tasks to queue
[2025-03-18T20:04:18.244+0000] {logging_mixin.py:190} INFO - [2025-03-18T20:04:18.244+0000] {dagbag.py:588} INFO - Filling up the DagBag from /home/airflow/.local/lib/python3.12/site-packages/airflow/example_dags/example_short_circuit_decorator.py
[2025-03-18T20:04:18.248+0000] {processor.py:925} INFO - DAG(s) 'example_short_circuit_decorator' retrieved from /home/airflow/.local/lib/python3.12/site-packages/airflow/example_dags/example_short_circuit_decorator.py
[2025-03-18T20:04:18.257+0000] {logging_mixin.py:190} INFO - [2025-03-18T20:04:18.257+0000] {dag.py:3239} INFO - Sync 1 DAGs
[2025-03-18T20:04:18.262+0000] {logging_mixin.py:190} INFO - [2025-03-18T20:04:18.262+0000] {dag.py:4180} INFO - Setting next_dagrun for example_short_circuit_decorator to None, run_after=None
[2025-03-18T20:04:18.268+0000] {processor.py:208} INFO - Processing /home/airflow/.local/lib/python3.12/site-packages/airflow/example_dags/example_short_circuit_decorator.py took 0.029 seconds
[2025-03-18T20:04:49.275+0000] {processor.py:186} INFO - Started process (PID=320) to work on /home/airflow/.local/lib/python3.12/site-packages/airflow/example_dags/example_short_circuit_decorator.py
[2025-03-18T20:04:49.276+0000] {processor.py:914} INFO - Processing file /home/airflow/.local/lib/python3.12/site-packages/airflow/example_dags/example_short_circuit_decorator.py for tasks to queue
[2025-03-18T20:04:49.277+0000] {logging_mixin.py:190} INFO - [2025-03-18T20:04:49.277+0000] {dagbag.py:588} INFO - Filling up the DagBag from /home/airflow/.local/lib/python3.12/site-packages/airflow/example_dags/example_short_circuit_decorator.py
[2025-03-18T20:04:49.283+0000] {processor.py:925} INFO - DAG(s) 'example_short_circuit_decorator' retrieved from /home/airflow/.local/lib/python3.12/site-packages/airflow/example_dags/example_short_circuit_decorator.py
[2025-03-18T20:04:49.293+0000] {logging_mixin.py:190} INFO - [2025-03-18T20:04:49.293+0000] {dag.py:3239} INFO - Sync 1 DAGs
[2025-03-18T20:04:49.300+0000] {logging_mixin.py:190} INFO - [2025-03-18T20:04:49.300+0000] {dag.py:4180} INFO - Setting next_dagrun for example_short_circuit_decorator to None, run_after=None
[2025-03-18T20:04:49.307+0000] {processor.py:208} INFO - Processing /home/airflow/.local/lib/python3.12/site-packages/airflow/example_dags/example_short_circuit_decorator.py took 0.037 seconds
[2025-03-18T20:05:20.314+0000] {processor.py:186} INFO - Started process (PID=383) to work on /home/airflow/.local/lib/python3.12/site-packages/airflow/example_dags/example_short_circuit_decorator.py
[2025-03-18T20:05:20.314+0000] {processor.py:914} INFO - Processing file /home/airflow/.local/lib/python3.12/site-packages/airflow/example_dags/example_short_circuit_decorator.py for tasks to queue
[2025-03-18T20:05:20.316+0000] {logging_mixin.py:190} INFO - [2025-03-18T20:05:20.316+0000] {dagbag.py:588} INFO - Filling up the DagBag from /home/airflow/.local/lib/python3.12/site-packages/airflow/example_dags/example_short_circuit_decorator.py
[2025-03-18T20:05:20.321+0000] {processor.py:925} INFO - DAG(s) 'example_short_circuit_decorator' retrieved from /home/airflow/.local/lib/python3.12/site-packages/airflow/example_dags/example_short_circuit_decorator.py
[2025-03-18T20:05:20.334+0000] {logging_mixin.py:190} INFO - [2025-03-18T20:05:20.334+0000] {dag.py:3239} INFO - Sync 1 DAGs
[2025-03-18T20:05:20.340+0000] {logging_mixin.py:190} INFO - [2025-03-18T20:05:20.340+0000] {dag.py:4180} INFO - Setting next_dagrun for example_short_circuit_decorator to None, run_after=None
[2025-03-18T20:05:20.348+0000] {processor.py:208} INFO - Processing /home/airflow/.local/lib/python3.12/site-packages/airflow/example_dags/example_short_circuit_decorator.py took 0.038 seconds
[2025-03-18T20:05:50.410+0000] {processor.py:186} INFO - Started process (PID=445) to work on /home/airflow/.local/lib/python3.12/site-packages/airflow/example_dags/example_short_circuit_decorator.py
[2025-03-18T20:05:50.412+0000] {processor.py:914} INFO - Processing file /home/airflow/.local/lib/python3.12/site-packages/airflow/example_dags/example_short_circuit_decorator.py for tasks to queue
[2025-03-18T20:05:50.413+0000] {logging_mixin.py:190} INFO - [2025-03-18T20:05:50.412+0000] {dagbag.py:588} INFO - Filling up the DagBag from /home/airflow/.local/lib/python3.12/site-packages/airflow/example_dags/example_short_circuit_decorator.py
[2025-03-18T20:05:50.416+0000] {processor.py:925} INFO - DAG(s) 'example_short_circuit_decorator' retrieved from /home/airflow/.local/lib/python3.12/site-packages/airflow/example_dags/example_short_circuit_decorator.py
[2025-03-18T20:05:50.425+0000] {logging_mixin.py:190} INFO - [2025-03-18T20:05:50.424+0000] {dag.py:3239} INFO - Sync 1 DAGs
[2025-03-18T20:05:50.430+0000] {logging_mixin.py:190} INFO - [2025-03-18T20:05:50.430+0000] {dag.py:4180} INFO - Setting next_dagrun for example_short_circuit_decorator to None, run_after=None
[2025-03-18T20:05:50.438+0000] {processor.py:208} INFO - Processing /home/airflow/.local/lib/python3.12/site-packages/airflow/example_dags/example_short_circuit_decorator.py took 0.029 seconds
