[2025-03-18T20:02:45.362+0000] {processor.py:186} INFO - Started process (PID=61) to work on /home/airflow/.local/lib/python3.12/site-packages/airflow/example_dags/example_datasets.py
[2025-03-18T20:02:45.362+0000] {processor.py:914} INFO - Processing file /home/airflow/.local/lib/python3.12/site-packages/airflow/example_dags/example_datasets.py for tasks to queue
[2025-03-18T20:02:45.363+0000] {logging_mixin.py:190} INFO - [2025-03-18T20:02:45.363+0000] {dagbag.py:588} INFO - Filling up the DagBag from /home/airflow/.local/lib/python3.12/site-packages/airflow/example_dags/example_datasets.py
[2025-03-18T20:02:45.612+0000] {processor.py:925} INFO - DAG(s) 'dataset_consumes_unknown_never_scheduled', 'consume_1_or_both_2_and_3_with_dataset_expressions', 'conditional_dataset_and_time_based_timetable', 'dataset_consumes_1_and_2', 'consume_1_or_2_with_dataset_expressions', 'dataset_consumes_1_never_scheduled', 'dataset_consumes_1', 'dataset_produces_1', 'consume_1_and_2_with_dataset_expressions', 'dataset_produces_2' retrieved from /home/airflow/.local/lib/python3.12/site-packages/airflow/example_dags/example_datasets.py
[2025-03-18T20:02:45.653+0000] {logging_mixin.py:190} INFO - [2025-03-18T20:02:45.652+0000] {override.py:1912} INFO - Created Permission View: can read on DAG:dataset_consumes_unknown_never_scheduled
[2025-03-18T20:02:45.658+0000] {logging_mixin.py:190} INFO - [2025-03-18T20:02:45.658+0000] {override.py:1912} INFO - Created Permission View: can delete on DAG:dataset_consumes_unknown_never_scheduled
[2025-03-18T20:02:45.660+0000] {logging_mixin.py:190} INFO - [2025-03-18T20:02:45.660+0000] {override.py:1912} INFO - Created Permission View: can edit on DAG:dataset_consumes_unknown_never_scheduled
[2025-03-18T20:02:45.665+0000] {logging_mixin.py:190} INFO - [2025-03-18T20:02:45.664+0000] {override.py:1912} INFO - Created Permission View: menu access on DAG Run:dataset_consumes_unknown_never_scheduled
[2025-03-18T20:02:45.669+0000] {logging_mixin.py:190} INFO - [2025-03-18T20:02:45.669+0000] {override.py:1912} INFO - Created Permission View: can create on DAG Run:dataset_consumes_unknown_never_scheduled
[2025-03-18T20:02:45.675+0000] {logging_mixin.py:190} INFO - [2025-03-18T20:02:45.675+0000] {override.py:1912} INFO - Created Permission View: can read on DAG Run:dataset_consumes_unknown_never_scheduled
[2025-03-18T20:02:45.684+0000] {logging_mixin.py:190} INFO - [2025-03-18T20:02:45.684+0000] {override.py:1912} INFO - Created Permission View: can delete on DAG Run:dataset_consumes_unknown_never_scheduled
[2025-03-18T20:02:45.689+0000] {logging_mixin.py:190} INFO - [2025-03-18T20:02:45.689+0000] {override.py:1912} INFO - Created Permission View: can read on DAG:consume_1_or_both_2_and_3_with_dataset_expressions
[2025-03-18T20:02:45.691+0000] {logging_mixin.py:190} INFO - [2025-03-18T20:02:45.691+0000] {override.py:1912} INFO - Created Permission View: can delete on DAG:consume_1_or_both_2_and_3_with_dataset_expressions
[2025-03-18T20:02:45.694+0000] {logging_mixin.py:190} INFO - [2025-03-18T20:02:45.694+0000] {override.py:1912} INFO - Created Permission View: can edit on DAG:consume_1_or_both_2_and_3_with_dataset_expressions
[2025-03-18T20:02:45.697+0000] {logging_mixin.py:190} INFO - [2025-03-18T20:02:45.697+0000] {override.py:1912} INFO - Created Permission View: menu access on DAG Run:consume_1_or_both_2_and_3_with_dataset_expressions
[2025-03-18T20:02:45.700+0000] {logging_mixin.py:190} INFO - [2025-03-18T20:02:45.699+0000] {override.py:1912} INFO - Created Permission View: can create on DAG Run:consume_1_or_both_2_and_3_with_dataset_expressions
[2025-03-18T20:02:45.703+0000] {logging_mixin.py:190} INFO - [2025-03-18T20:02:45.703+0000] {override.py:1912} INFO - Created Permission View: can read on DAG Run:consume_1_or_both_2_and_3_with_dataset_expressions
[2025-03-18T20:02:45.709+0000] {logging_mixin.py:190} INFO - [2025-03-18T20:02:45.708+0000] {override.py:1912} INFO - Created Permission View: can delete on DAG Run:consume_1_or_both_2_and_3_with_dataset_expressions
[2025-03-18T20:02:45.716+0000] {logging_mixin.py:190} INFO - [2025-03-18T20:02:45.716+0000] {override.py:1912} INFO - Created Permission View: can read on DAG:conditional_dataset_and_time_based_timetable
[2025-03-18T20:02:45.719+0000] {logging_mixin.py:190} INFO - [2025-03-18T20:02:45.719+0000] {override.py:1912} INFO - Created Permission View: can delete on DAG:conditional_dataset_and_time_based_timetable
[2025-03-18T20:02:45.721+0000] {logging_mixin.py:190} INFO - [2025-03-18T20:02:45.721+0000] {override.py:1912} INFO - Created Permission View: can edit on DAG:conditional_dataset_and_time_based_timetable
[2025-03-18T20:02:45.723+0000] {logging_mixin.py:190} INFO - [2025-03-18T20:02:45.723+0000] {override.py:1912} INFO - Created Permission View: menu access on DAG Run:conditional_dataset_and_time_based_timetable
[2025-03-18T20:02:45.725+0000] {logging_mixin.py:190} INFO - [2025-03-18T20:02:45.725+0000] {override.py:1912} INFO - Created Permission View: can create on DAG Run:conditional_dataset_and_time_based_timetable
[2025-03-18T20:02:45.728+0000] {logging_mixin.py:190} INFO - [2025-03-18T20:02:45.728+0000] {override.py:1912} INFO - Created Permission View: can read on DAG Run:conditional_dataset_and_time_based_timetable
[2025-03-18T20:02:45.730+0000] {logging_mixin.py:190} INFO - [2025-03-18T20:02:45.730+0000] {override.py:1912} INFO - Created Permission View: can delete on DAG Run:conditional_dataset_and_time_based_timetable
[2025-03-18T20:02:45.734+0000] {logging_mixin.py:190} INFO - [2025-03-18T20:02:45.734+0000] {override.py:1912} INFO - Created Permission View: can read on DAG:dataset_consumes_1_and_2
[2025-03-18T20:02:45.736+0000] {logging_mixin.py:190} INFO - [2025-03-18T20:02:45.736+0000] {override.py:1912} INFO - Created Permission View: can delete on DAG:dataset_consumes_1_and_2
[2025-03-18T20:02:45.739+0000] {logging_mixin.py:190} INFO - [2025-03-18T20:02:45.738+0000] {override.py:1912} INFO - Created Permission View: can edit on DAG:dataset_consumes_1_and_2
[2025-03-18T20:02:45.741+0000] {logging_mixin.py:190} INFO - [2025-03-18T20:02:45.741+0000] {override.py:1912} INFO - Created Permission View: menu access on DAG Run:dataset_consumes_1_and_2
[2025-03-18T20:02:45.743+0000] {logging_mixin.py:190} INFO - [2025-03-18T20:02:45.743+0000] {override.py:1912} INFO - Created Permission View: can create on DAG Run:dataset_consumes_1_and_2
[2025-03-18T20:02:45.746+0000] {logging_mixin.py:190} INFO - [2025-03-18T20:02:45.745+0000] {override.py:1912} INFO - Created Permission View: can read on DAG Run:dataset_consumes_1_and_2
[2025-03-18T20:02:45.748+0000] {logging_mixin.py:190} INFO - [2025-03-18T20:02:45.747+0000] {override.py:1912} INFO - Created Permission View: can delete on DAG Run:dataset_consumes_1_and_2
[2025-03-18T20:02:45.751+0000] {logging_mixin.py:190} INFO - [2025-03-18T20:02:45.751+0000] {override.py:1912} INFO - Created Permission View: can read on DAG:consume_1_or_2_with_dataset_expressions
[2025-03-18T20:02:45.753+0000] {logging_mixin.py:190} INFO - [2025-03-18T20:02:45.753+0000] {override.py:1912} INFO - Created Permission View: can delete on DAG:consume_1_or_2_with_dataset_expressions
[2025-03-18T20:02:45.756+0000] {logging_mixin.py:190} INFO - [2025-03-18T20:02:45.755+0000] {override.py:1912} INFO - Created Permission View: can edit on DAG:consume_1_or_2_with_dataset_expressions
[2025-03-18T20:02:45.758+0000] {logging_mixin.py:190} INFO - [2025-03-18T20:02:45.758+0000] {override.py:1912} INFO - Created Permission View: menu access on DAG Run:consume_1_or_2_with_dataset_expressions
[2025-03-18T20:02:45.760+0000] {logging_mixin.py:190} INFO - [2025-03-18T20:02:45.759+0000] {override.py:1912} INFO - Created Permission View: can create on DAG Run:consume_1_or_2_with_dataset_expressions
[2025-03-18T20:02:45.762+0000] {logging_mixin.py:190} INFO - [2025-03-18T20:02:45.762+0000] {override.py:1912} INFO - Created Permission View: can read on DAG Run:consume_1_or_2_with_dataset_expressions
[2025-03-18T20:02:45.764+0000] {logging_mixin.py:190} INFO - [2025-03-18T20:02:45.764+0000] {override.py:1912} INFO - Created Permission View: can delete on DAG Run:consume_1_or_2_with_dataset_expressions
[2025-03-18T20:02:45.769+0000] {logging_mixin.py:190} INFO - [2025-03-18T20:02:45.769+0000] {override.py:1912} INFO - Created Permission View: can read on DAG:dataset_consumes_1_never_scheduled
[2025-03-18T20:02:45.772+0000] {logging_mixin.py:190} INFO - [2025-03-18T20:02:45.772+0000] {override.py:1912} INFO - Created Permission View: can delete on DAG:dataset_consumes_1_never_scheduled
[2025-03-18T20:02:45.777+0000] {logging_mixin.py:190} INFO - [2025-03-18T20:02:45.777+0000] {override.py:1912} INFO - Created Permission View: can edit on DAG:dataset_consumes_1_never_scheduled
[2025-03-18T20:02:45.780+0000] {logging_mixin.py:190} INFO - [2025-03-18T20:02:45.780+0000] {override.py:1912} INFO - Created Permission View: menu access on DAG Run:dataset_consumes_1_never_scheduled
[2025-03-18T20:02:45.783+0000] {logging_mixin.py:190} INFO - [2025-03-18T20:02:45.783+0000] {override.py:1912} INFO - Created Permission View: can create on DAG Run:dataset_consumes_1_never_scheduled
[2025-03-18T20:02:45.786+0000] {logging_mixin.py:190} INFO - [2025-03-18T20:02:45.786+0000] {override.py:1912} INFO - Created Permission View: can read on DAG Run:dataset_consumes_1_never_scheduled
[2025-03-18T20:02:45.788+0000] {logging_mixin.py:190} INFO - [2025-03-18T20:02:45.788+0000] {override.py:1912} INFO - Created Permission View: can delete on DAG Run:dataset_consumes_1_never_scheduled
[2025-03-18T20:02:45.793+0000] {logging_mixin.py:190} INFO - [2025-03-18T20:02:45.793+0000] {override.py:1912} INFO - Created Permission View: can read on DAG:dataset_consumes_1
[2025-03-18T20:02:45.795+0000] {logging_mixin.py:190} INFO - [2025-03-18T20:02:45.795+0000] {override.py:1912} INFO - Created Permission View: can delete on DAG:dataset_consumes_1
[2025-03-18T20:02:45.798+0000] {logging_mixin.py:190} INFO - [2025-03-18T20:02:45.797+0000] {override.py:1912} INFO - Created Permission View: can edit on DAG:dataset_consumes_1
[2025-03-18T20:02:45.800+0000] {logging_mixin.py:190} INFO - [2025-03-18T20:02:45.800+0000] {override.py:1912} INFO - Created Permission View: menu access on DAG Run:dataset_consumes_1
[2025-03-18T20:02:45.802+0000] {logging_mixin.py:190} INFO - [2025-03-18T20:02:45.802+0000] {override.py:1912} INFO - Created Permission View: can create on DAG Run:dataset_consumes_1
[2025-03-18T20:02:45.804+0000] {logging_mixin.py:190} INFO - [2025-03-18T20:02:45.804+0000] {override.py:1912} INFO - Created Permission View: can read on DAG Run:dataset_consumes_1
[2025-03-18T20:02:45.807+0000] {logging_mixin.py:190} INFO - [2025-03-18T20:02:45.806+0000] {override.py:1912} INFO - Created Permission View: can delete on DAG Run:dataset_consumes_1
[2025-03-18T20:02:45.811+0000] {logging_mixin.py:190} INFO - [2025-03-18T20:02:45.811+0000] {override.py:1912} INFO - Created Permission View: can read on DAG:dataset_produces_1
[2025-03-18T20:02:45.813+0000] {logging_mixin.py:190} INFO - [2025-03-18T20:02:45.813+0000] {override.py:1912} INFO - Created Permission View: can delete on DAG:dataset_produces_1
[2025-03-18T20:02:45.816+0000] {logging_mixin.py:190} INFO - [2025-03-18T20:02:45.816+0000] {override.py:1912} INFO - Created Permission View: can edit on DAG:dataset_produces_1
[2025-03-18T20:02:45.819+0000] {logging_mixin.py:190} INFO - [2025-03-18T20:02:45.819+0000] {override.py:1912} INFO - Created Permission View: menu access on DAG Run:dataset_produces_1
[2025-03-18T20:02:45.821+0000] {logging_mixin.py:190} INFO - [2025-03-18T20:02:45.821+0000] {override.py:1912} INFO - Created Permission View: can create on DAG Run:dataset_produces_1
[2025-03-18T20:02:45.823+0000] {logging_mixin.py:190} INFO - [2025-03-18T20:02:45.823+0000] {override.py:1912} INFO - Created Permission View: can read on DAG Run:dataset_produces_1
[2025-03-18T20:02:45.825+0000] {logging_mixin.py:190} INFO - [2025-03-18T20:02:45.825+0000] {override.py:1912} INFO - Created Permission View: can delete on DAG Run:dataset_produces_1
[2025-03-18T20:02:45.830+0000] {logging_mixin.py:190} INFO - [2025-03-18T20:02:45.830+0000] {override.py:1912} INFO - Created Permission View: can read on DAG:consume_1_and_2_with_dataset_expressions
[2025-03-18T20:02:45.832+0000] {logging_mixin.py:190} INFO - [2025-03-18T20:02:45.831+0000] {override.py:1912} INFO - Created Permission View: can delete on DAG:consume_1_and_2_with_dataset_expressions
[2025-03-18T20:02:45.833+0000] {logging_mixin.py:190} INFO - [2025-03-18T20:02:45.833+0000] {override.py:1912} INFO - Created Permission View: can edit on DAG:consume_1_and_2_with_dataset_expressions
[2025-03-18T20:02:45.835+0000] {logging_mixin.py:190} INFO - [2025-03-18T20:02:45.835+0000] {override.py:1912} INFO - Created Permission View: menu access on DAG Run:consume_1_and_2_with_dataset_expressions
[2025-03-18T20:02:45.837+0000] {logging_mixin.py:190} INFO - [2025-03-18T20:02:45.837+0000] {override.py:1912} INFO - Created Permission View: can create on DAG Run:consume_1_and_2_with_dataset_expressions
[2025-03-18T20:02:45.840+0000] {logging_mixin.py:190} INFO - [2025-03-18T20:02:45.840+0000] {override.py:1912} INFO - Created Permission View: can read on DAG Run:consume_1_and_2_with_dataset_expressions
[2025-03-18T20:02:45.842+0000] {logging_mixin.py:190} INFO - [2025-03-18T20:02:45.842+0000] {override.py:1912} INFO - Created Permission View: can delete on DAG Run:consume_1_and_2_with_dataset_expressions
[2025-03-18T20:02:45.846+0000] {logging_mixin.py:190} INFO - [2025-03-18T20:02:45.846+0000] {override.py:1912} INFO - Created Permission View: can read on DAG:dataset_produces_2
[2025-03-18T20:02:45.848+0000] {logging_mixin.py:190} INFO - [2025-03-18T20:02:45.848+0000] {override.py:1912} INFO - Created Permission View: can delete on DAG:dataset_produces_2
[2025-03-18T20:02:45.850+0000] {logging_mixin.py:190} INFO - [2025-03-18T20:02:45.850+0000] {override.py:1912} INFO - Created Permission View: can edit on DAG:dataset_produces_2
[2025-03-18T20:02:45.852+0000] {logging_mixin.py:190} INFO - [2025-03-18T20:02:45.852+0000] {override.py:1912} INFO - Created Permission View: menu access on DAG Run:dataset_produces_2
[2025-03-18T20:02:45.854+0000] {logging_mixin.py:190} INFO - [2025-03-18T20:02:45.854+0000] {override.py:1912} INFO - Created Permission View: can create on DAG Run:dataset_produces_2
[2025-03-18T20:02:45.856+0000] {logging_mixin.py:190} INFO - [2025-03-18T20:02:45.855+0000] {override.py:1912} INFO - Created Permission View: can read on DAG Run:dataset_produces_2
[2025-03-18T20:02:45.857+0000] {logging_mixin.py:190} INFO - [2025-03-18T20:02:45.857+0000] {override.py:1912} INFO - Created Permission View: can delete on DAG Run:dataset_produces_2
[2025-03-18T20:02:45.858+0000] {logging_mixin.py:190} INFO - [2025-03-18T20:02:45.857+0000] {dag.py:3239} INFO - Sync 10 DAGs
[2025-03-18T20:02:45.862+0000] {logging_mixin.py:190} INFO - [2025-03-18T20:02:45.862+0000] {dag.py:3262} INFO - Creating ORM DAG for consume_1_and_2_with_dataset_expressions
[2025-03-18T20:02:45.862+0000] {logging_mixin.py:190} INFO - [2025-03-18T20:02:45.862+0000] {dag.py:3262} INFO - Creating ORM DAG for dataset_consumes_1_never_scheduled
[2025-03-18T20:02:45.863+0000] {logging_mixin.py:190} INFO - [2025-03-18T20:02:45.863+0000] {dag.py:3262} INFO - Creating ORM DAG for dataset_produces_1
[2025-03-18T20:02:45.863+0000] {logging_mixin.py:190} INFO - [2025-03-18T20:02:45.863+0000] {dag.py:3262} INFO - Creating ORM DAG for consume_1_or_2_with_dataset_expressions
[2025-03-18T20:02:45.863+0000] {logging_mixin.py:190} INFO - [2025-03-18T20:02:45.863+0000] {dag.py:3262} INFO - Creating ORM DAG for consume_1_or_both_2_and_3_with_dataset_expressions
[2025-03-18T20:02:45.863+0000] {logging_mixin.py:190} INFO - [2025-03-18T20:02:45.863+0000] {dag.py:3262} INFO - Creating ORM DAG for dataset_consumes_1
[2025-03-18T20:02:45.864+0000] {logging_mixin.py:190} INFO - [2025-03-18T20:02:45.863+0000] {dag.py:3262} INFO - Creating ORM DAG for dataset_consumes_1_and_2
[2025-03-18T20:02:45.864+0000] {logging_mixin.py:190} INFO - [2025-03-18T20:02:45.864+0000] {dag.py:3262} INFO - Creating ORM DAG for conditional_dataset_and_time_based_timetable
[2025-03-18T20:02:45.864+0000] {logging_mixin.py:190} INFO - [2025-03-18T20:02:45.864+0000] {dag.py:3262} INFO - Creating ORM DAG for dataset_produces_2
[2025-03-18T20:02:45.864+0000] {logging_mixin.py:190} INFO - [2025-03-18T20:02:45.864+0000] {dag.py:3262} INFO - Creating ORM DAG for dataset_consumes_unknown_never_scheduled
[2025-03-18T20:02:45.868+0000] {logging_mixin.py:190} INFO - [2025-03-18T20:02:45.868+0000] {dag.py:4180} INFO - Setting next_dagrun for conditional_dataset_and_time_based_timetable to 2025-03-12 01:00:00+00:00, run_after=2025-03-12 01:00:00+00:00
[2025-03-18T20:02:45.869+0000] {logging_mixin.py:190} INFO - [2025-03-18T20:02:45.868+0000] {dag.py:4180} INFO - Setting next_dagrun for consume_1_and_2_with_dataset_expressions to None, run_after=None
[2025-03-18T20:02:45.869+0000] {logging_mixin.py:190} INFO - [2025-03-18T20:02:45.869+0000] {dag.py:4180} INFO - Setting next_dagrun for consume_1_or_2_with_dataset_expressions to None, run_after=None
[2025-03-18T20:02:45.869+0000] {logging_mixin.py:190} INFO - [2025-03-18T20:02:45.869+0000] {dag.py:4180} INFO - Setting next_dagrun for consume_1_or_both_2_and_3_with_dataset_expressions to None, run_after=None
[2025-03-18T20:02:45.870+0000] {logging_mixin.py:190} INFO - [2025-03-18T20:02:45.869+0000] {dag.py:4180} INFO - Setting next_dagrun for dataset_consumes_1 to None, run_after=None
[2025-03-18T20:02:45.870+0000] {logging_mixin.py:190} INFO - [2025-03-18T20:02:45.870+0000] {dag.py:4180} INFO - Setting next_dagrun for dataset_consumes_1_and_2 to None, run_after=None
[2025-03-18T20:02:45.871+0000] {logging_mixin.py:190} INFO - [2025-03-18T20:02:45.870+0000] {dag.py:4180} INFO - Setting next_dagrun for dataset_consumes_1_never_scheduled to None, run_after=None
[2025-03-18T20:02:45.871+0000] {logging_mixin.py:190} INFO - [2025-03-18T20:02:45.871+0000] {dag.py:4180} INFO - Setting next_dagrun for dataset_consumes_unknown_never_scheduled to None, run_after=None
[2025-03-18T20:02:45.873+0000] {logging_mixin.py:190} INFO - [2025-03-18T20:02:45.873+0000] {dag.py:4180} INFO - Setting next_dagrun for dataset_produces_1 to 2025-03-17 00:00:00+00:00, run_after=2025-03-18 00:00:00+00:00
[2025-03-18T20:02:45.877+0000] {logging_mixin.py:190} INFO - [2025-03-18T20:02:45.874+0000] {dag.py:4180} INFO - Setting next_dagrun for dataset_produces_2 to None, run_after=None
[2025-03-18T20:02:45.902+0000] {processor.py:208} INFO - Processing /home/airflow/.local/lib/python3.12/site-packages/airflow/example_dags/example_datasets.py took 0.542 seconds
[2025-03-18T20:03:16.787+0000] {processor.py:186} INFO - Started process (PID=127) to work on /home/airflow/.local/lib/python3.12/site-packages/airflow/example_dags/example_datasets.py
[2025-03-18T20:03:16.788+0000] {processor.py:914} INFO - Processing file /home/airflow/.local/lib/python3.12/site-packages/airflow/example_dags/example_datasets.py for tasks to queue
[2025-03-18T20:03:16.789+0000] {logging_mixin.py:190} INFO - [2025-03-18T20:03:16.789+0000] {dagbag.py:588} INFO - Filling up the DagBag from /home/airflow/.local/lib/python3.12/site-packages/airflow/example_dags/example_datasets.py
[2025-03-18T20:03:17.038+0000] {processor.py:925} INFO - DAG(s) 'consume_1_and_2_with_dataset_expressions', 'consume_1_or_2_with_dataset_expressions', 'dataset_consumes_1_and_2', 'consume_1_or_both_2_and_3_with_dataset_expressions', 'dataset_consumes_unknown_never_scheduled', 'dataset_produces_2', 'conditional_dataset_and_time_based_timetable', 'dataset_produces_1', 'dataset_consumes_1', 'dataset_consumes_1_never_scheduled' retrieved from /home/airflow/.local/lib/python3.12/site-packages/airflow/example_dags/example_datasets.py
[2025-03-18T20:03:17.052+0000] {logging_mixin.py:190} INFO - [2025-03-18T20:03:17.052+0000] {dag.py:3239} INFO - Sync 10 DAGs
[2025-03-18T20:03:17.060+0000] {logging_mixin.py:190} INFO - [2025-03-18T20:03:17.060+0000] {dag.py:4180} INFO - Setting next_dagrun for conditional_dataset_and_time_based_timetable to 2025-03-12 01:00:00+00:00, run_after=2025-03-12 01:00:00+00:00
[2025-03-18T20:03:17.061+0000] {logging_mixin.py:190} INFO - [2025-03-18T20:03:17.061+0000] {dag.py:4180} INFO - Setting next_dagrun for consume_1_and_2_with_dataset_expressions to None, run_after=None
[2025-03-18T20:03:17.062+0000] {logging_mixin.py:190} INFO - [2025-03-18T20:03:17.062+0000] {dag.py:4180} INFO - Setting next_dagrun for consume_1_or_2_with_dataset_expressions to None, run_after=None
[2025-03-18T20:03:17.062+0000] {logging_mixin.py:190} INFO - [2025-03-18T20:03:17.062+0000] {dag.py:4180} INFO - Setting next_dagrun for consume_1_or_both_2_and_3_with_dataset_expressions to None, run_after=None
[2025-03-18T20:03:17.062+0000] {logging_mixin.py:190} INFO - [2025-03-18T20:03:17.062+0000] {dag.py:4180} INFO - Setting next_dagrun for dataset_consumes_1 to None, run_after=None
[2025-03-18T20:03:17.063+0000] {logging_mixin.py:190} INFO - [2025-03-18T20:03:17.063+0000] {dag.py:4180} INFO - Setting next_dagrun for dataset_consumes_1_and_2 to None, run_after=None
[2025-03-18T20:03:17.063+0000] {logging_mixin.py:190} INFO - [2025-03-18T20:03:17.063+0000] {dag.py:4180} INFO - Setting next_dagrun for dataset_consumes_1_never_scheduled to None, run_after=None
[2025-03-18T20:03:17.064+0000] {logging_mixin.py:190} INFO - [2025-03-18T20:03:17.064+0000] {dag.py:4180} INFO - Setting next_dagrun for dataset_consumes_unknown_never_scheduled to None, run_after=None
[2025-03-18T20:03:17.065+0000] {logging_mixin.py:190} INFO - [2025-03-18T20:03:17.065+0000] {dag.py:4180} INFO - Setting next_dagrun for dataset_produces_1 to 2025-03-17 00:00:00+00:00, run_after=2025-03-18 00:00:00+00:00
[2025-03-18T20:03:17.067+0000] {logging_mixin.py:190} INFO - [2025-03-18T20:03:17.067+0000] {dag.py:4180} INFO - Setting next_dagrun for dataset_produces_2 to None, run_after=None
[2025-03-18T20:03:17.076+0000] {processor.py:208} INFO - Processing /home/airflow/.local/lib/python3.12/site-packages/airflow/example_dags/example_datasets.py took 0.292 seconds
[2025-03-18T20:03:47.117+0000] {processor.py:186} INFO - Started process (PID=190) to work on /home/airflow/.local/lib/python3.12/site-packages/airflow/example_dags/example_datasets.py
[2025-03-18T20:03:47.118+0000] {processor.py:914} INFO - Processing file /home/airflow/.local/lib/python3.12/site-packages/airflow/example_dags/example_datasets.py for tasks to queue
[2025-03-18T20:03:47.120+0000] {logging_mixin.py:190} INFO - [2025-03-18T20:03:47.119+0000] {dagbag.py:588} INFO - Filling up the DagBag from /home/airflow/.local/lib/python3.12/site-packages/airflow/example_dags/example_datasets.py
[2025-03-18T20:03:47.363+0000] {processor.py:925} INFO - DAG(s) 'dataset_consumes_1_and_2', 'consume_1_and_2_with_dataset_expressions', 'conditional_dataset_and_time_based_timetable', 'dataset_consumes_1', 'dataset_produces_1', 'dataset_produces_2', 'consume_1_or_2_with_dataset_expressions', 'dataset_consumes_1_never_scheduled', 'consume_1_or_both_2_and_3_with_dataset_expressions', 'dataset_consumes_unknown_never_scheduled' retrieved from /home/airflow/.local/lib/python3.12/site-packages/airflow/example_dags/example_datasets.py
[2025-03-18T20:03:47.375+0000] {logging_mixin.py:190} INFO - [2025-03-18T20:03:47.375+0000] {dag.py:3239} INFO - Sync 10 DAGs
[2025-03-18T20:03:47.384+0000] {logging_mixin.py:190} INFO - [2025-03-18T20:03:47.384+0000] {dag.py:4180} INFO - Setting next_dagrun for conditional_dataset_and_time_based_timetable to 2025-03-12 01:00:00+00:00, run_after=2025-03-12 01:00:00+00:00
[2025-03-18T20:03:47.385+0000] {logging_mixin.py:190} INFO - [2025-03-18T20:03:47.385+0000] {dag.py:4180} INFO - Setting next_dagrun for consume_1_and_2_with_dataset_expressions to None, run_after=None
[2025-03-18T20:03:47.386+0000] {logging_mixin.py:190} INFO - [2025-03-18T20:03:47.386+0000] {dag.py:4180} INFO - Setting next_dagrun for consume_1_or_2_with_dataset_expressions to None, run_after=None
[2025-03-18T20:03:47.387+0000] {logging_mixin.py:190} INFO - [2025-03-18T20:03:47.387+0000] {dag.py:4180} INFO - Setting next_dagrun for consume_1_or_both_2_and_3_with_dataset_expressions to None, run_after=None
[2025-03-18T20:03:47.387+0000] {logging_mixin.py:190} INFO - [2025-03-18T20:03:47.387+0000] {dag.py:4180} INFO - Setting next_dagrun for dataset_consumes_1 to None, run_after=None
[2025-03-18T20:03:47.387+0000] {logging_mixin.py:190} INFO - [2025-03-18T20:03:47.387+0000] {dag.py:4180} INFO - Setting next_dagrun for dataset_consumes_1_and_2 to None, run_after=None
[2025-03-18T20:03:47.388+0000] {logging_mixin.py:190} INFO - [2025-03-18T20:03:47.388+0000] {dag.py:4180} INFO - Setting next_dagrun for dataset_consumes_1_never_scheduled to None, run_after=None
[2025-03-18T20:03:47.388+0000] {logging_mixin.py:190} INFO - [2025-03-18T20:03:47.388+0000] {dag.py:4180} INFO - Setting next_dagrun for dataset_consumes_unknown_never_scheduled to None, run_after=None
[2025-03-18T20:03:47.389+0000] {logging_mixin.py:190} INFO - [2025-03-18T20:03:47.389+0000] {dag.py:4180} INFO - Setting next_dagrun for dataset_produces_1 to 2025-03-17 00:00:00+00:00, run_after=2025-03-18 00:00:00+00:00
[2025-03-18T20:03:47.389+0000] {logging_mixin.py:190} INFO - [2025-03-18T20:03:47.389+0000] {dag.py:4180} INFO - Setting next_dagrun for dataset_produces_2 to None, run_after=None
[2025-03-18T20:03:47.397+0000] {processor.py:208} INFO - Processing /home/airflow/.local/lib/python3.12/site-packages/airflow/example_dags/example_datasets.py took 0.286 seconds
[2025-03-18T20:04:18.105+0000] {processor.py:186} INFO - Started process (PID=253) to work on /home/airflow/.local/lib/python3.12/site-packages/airflow/example_dags/example_datasets.py
[2025-03-18T20:04:18.105+0000] {processor.py:914} INFO - Processing file /home/airflow/.local/lib/python3.12/site-packages/airflow/example_dags/example_datasets.py for tasks to queue
[2025-03-18T20:04:18.106+0000] {logging_mixin.py:190} INFO - [2025-03-18T20:04:18.106+0000] {dagbag.py:588} INFO - Filling up the DagBag from /home/airflow/.local/lib/python3.12/site-packages/airflow/example_dags/example_datasets.py
[2025-03-18T20:04:18.354+0000] {processor.py:925} INFO - DAG(s) 'conditional_dataset_and_time_based_timetable', 'dataset_produces_2', 'dataset_consumes_1', 'consume_1_and_2_with_dataset_expressions', 'dataset_consumes_unknown_never_scheduled', 'dataset_consumes_1_never_scheduled', 'dataset_consumes_1_and_2', 'consume_1_or_2_with_dataset_expressions', 'consume_1_or_both_2_and_3_with_dataset_expressions', 'dataset_produces_1' retrieved from /home/airflow/.local/lib/python3.12/site-packages/airflow/example_dags/example_datasets.py
[2025-03-18T20:04:18.366+0000] {logging_mixin.py:190} INFO - [2025-03-18T20:04:18.366+0000] {dag.py:3239} INFO - Sync 10 DAGs
[2025-03-18T20:04:18.374+0000] {logging_mixin.py:190} INFO - [2025-03-18T20:04:18.374+0000] {dag.py:4180} INFO - Setting next_dagrun for conditional_dataset_and_time_based_timetable to 2025-03-12 01:00:00+00:00, run_after=2025-03-12 01:00:00+00:00
[2025-03-18T20:04:18.376+0000] {logging_mixin.py:190} INFO - [2025-03-18T20:04:18.376+0000] {dag.py:4180} INFO - Setting next_dagrun for consume_1_and_2_with_dataset_expressions to None, run_after=None
[2025-03-18T20:04:18.376+0000] {logging_mixin.py:190} INFO - [2025-03-18T20:04:18.376+0000] {dag.py:4180} INFO - Setting next_dagrun for consume_1_or_2_with_dataset_expressions to None, run_after=None
[2025-03-18T20:04:18.378+0000] {logging_mixin.py:190} INFO - [2025-03-18T20:04:18.378+0000] {dag.py:4180} INFO - Setting next_dagrun for consume_1_or_both_2_and_3_with_dataset_expressions to None, run_after=None
[2025-03-18T20:04:18.379+0000] {logging_mixin.py:190} INFO - [2025-03-18T20:04:18.379+0000] {dag.py:4180} INFO - Setting next_dagrun for dataset_consumes_1 to None, run_after=None
[2025-03-18T20:04:18.379+0000] {logging_mixin.py:190} INFO - [2025-03-18T20:04:18.379+0000] {dag.py:4180} INFO - Setting next_dagrun for dataset_consumes_1_and_2 to None, run_after=None
[2025-03-18T20:04:18.380+0000] {logging_mixin.py:190} INFO - [2025-03-18T20:04:18.380+0000] {dag.py:4180} INFO - Setting next_dagrun for dataset_consumes_1_never_scheduled to None, run_after=None
[2025-03-18T20:04:18.380+0000] {logging_mixin.py:190} INFO - [2025-03-18T20:04:18.380+0000] {dag.py:4180} INFO - Setting next_dagrun for dataset_consumes_unknown_never_scheduled to None, run_after=None
[2025-03-18T20:04:18.381+0000] {logging_mixin.py:190} INFO - [2025-03-18T20:04:18.381+0000] {dag.py:4180} INFO - Setting next_dagrun for dataset_produces_1 to 2025-03-17 00:00:00+00:00, run_after=2025-03-18 00:00:00+00:00
[2025-03-18T20:04:18.381+0000] {logging_mixin.py:190} INFO - [2025-03-18T20:04:18.381+0000] {dag.py:4180} INFO - Setting next_dagrun for dataset_produces_2 to None, run_after=None
[2025-03-18T20:04:18.391+0000] {processor.py:208} INFO - Processing /home/airflow/.local/lib/python3.12/site-packages/airflow/example_dags/example_datasets.py took 0.292 seconds
[2025-03-18T20:04:49.270+0000] {processor.py:186} INFO - Started process (PID=319) to work on /home/airflow/.local/lib/python3.12/site-packages/airflow/example_dags/example_datasets.py
[2025-03-18T20:04:49.270+0000] {processor.py:914} INFO - Processing file /home/airflow/.local/lib/python3.12/site-packages/airflow/example_dags/example_datasets.py for tasks to queue
[2025-03-18T20:04:49.272+0000] {logging_mixin.py:190} INFO - [2025-03-18T20:04:49.272+0000] {dagbag.py:588} INFO - Filling up the DagBag from /home/airflow/.local/lib/python3.12/site-packages/airflow/example_dags/example_datasets.py
[2025-03-18T20:04:49.512+0000] {processor.py:925} INFO - DAG(s) 'consume_1_or_both_2_and_3_with_dataset_expressions', 'consume_1_or_2_with_dataset_expressions', 'dataset_produces_2', 'dataset_produces_1', 'consume_1_and_2_with_dataset_expressions', 'conditional_dataset_and_time_based_timetable', 'dataset_consumes_1_and_2', 'dataset_consumes_1_never_scheduled', 'dataset_consumes_1', 'dataset_consumes_unknown_never_scheduled' retrieved from /home/airflow/.local/lib/python3.12/site-packages/airflow/example_dags/example_datasets.py
[2025-03-18T20:04:49.524+0000] {logging_mixin.py:190} INFO - [2025-03-18T20:04:49.524+0000] {dag.py:3239} INFO - Sync 10 DAGs
[2025-03-18T20:04:49.532+0000] {logging_mixin.py:190} INFO - [2025-03-18T20:04:49.532+0000] {dag.py:4180} INFO - Setting next_dagrun for conditional_dataset_and_time_based_timetable to 2025-03-12 01:00:00+00:00, run_after=2025-03-12 01:00:00+00:00
[2025-03-18T20:04:49.534+0000] {logging_mixin.py:190} INFO - [2025-03-18T20:04:49.533+0000] {dag.py:4180} INFO - Setting next_dagrun for consume_1_and_2_with_dataset_expressions to None, run_after=None
[2025-03-18T20:04:49.534+0000] {logging_mixin.py:190} INFO - [2025-03-18T20:04:49.534+0000] {dag.py:4180} INFO - Setting next_dagrun for consume_1_or_2_with_dataset_expressions to None, run_after=None
[2025-03-18T20:04:49.534+0000] {logging_mixin.py:190} INFO - [2025-03-18T20:04:49.534+0000] {dag.py:4180} INFO - Setting next_dagrun for consume_1_or_both_2_and_3_with_dataset_expressions to None, run_after=None
[2025-03-18T20:04:49.535+0000] {logging_mixin.py:190} INFO - [2025-03-18T20:04:49.535+0000] {dag.py:4180} INFO - Setting next_dagrun for dataset_consumes_1 to None, run_after=None
[2025-03-18T20:04:49.535+0000] {logging_mixin.py:190} INFO - [2025-03-18T20:04:49.535+0000] {dag.py:4180} INFO - Setting next_dagrun for dataset_consumes_1_and_2 to None, run_after=None
[2025-03-18T20:04:49.536+0000] {logging_mixin.py:190} INFO - [2025-03-18T20:04:49.536+0000] {dag.py:4180} INFO - Setting next_dagrun for dataset_consumes_1_never_scheduled to None, run_after=None
[2025-03-18T20:04:49.536+0000] {logging_mixin.py:190} INFO - [2025-03-18T20:04:49.536+0000] {dag.py:4180} INFO - Setting next_dagrun for dataset_consumes_unknown_never_scheduled to None, run_after=None
[2025-03-18T20:04:49.537+0000] {logging_mixin.py:190} INFO - [2025-03-18T20:04:49.537+0000] {dag.py:4180} INFO - Setting next_dagrun for dataset_produces_1 to 2025-03-17 00:00:00+00:00, run_after=2025-03-18 00:00:00+00:00
[2025-03-18T20:04:49.537+0000] {logging_mixin.py:190} INFO - [2025-03-18T20:04:49.537+0000] {dag.py:4180} INFO - Setting next_dagrun for dataset_produces_2 to None, run_after=None
[2025-03-18T20:04:49.546+0000] {processor.py:208} INFO - Processing /home/airflow/.local/lib/python3.12/site-packages/airflow/example_dags/example_datasets.py took 0.282 seconds
[2025-03-18T20:05:20.310+0000] {processor.py:186} INFO - Started process (PID=382) to work on /home/airflow/.local/lib/python3.12/site-packages/airflow/example_dags/example_datasets.py
[2025-03-18T20:05:20.312+0000] {processor.py:914} INFO - Processing file /home/airflow/.local/lib/python3.12/site-packages/airflow/example_dags/example_datasets.py for tasks to queue
[2025-03-18T20:05:20.313+0000] {logging_mixin.py:190} INFO - [2025-03-18T20:05:20.313+0000] {dagbag.py:588} INFO - Filling up the DagBag from /home/airflow/.local/lib/python3.12/site-packages/airflow/example_dags/example_datasets.py
[2025-03-18T20:05:20.552+0000] {processor.py:925} INFO - DAG(s) 'dataset_consumes_1_and_2', 'dataset_consumes_unknown_never_scheduled', 'consume_1_or_both_2_and_3_with_dataset_expressions', 'consume_1_and_2_with_dataset_expressions', 'dataset_consumes_1', 'dataset_consumes_1_never_scheduled', 'conditional_dataset_and_time_based_timetable', 'dataset_produces_2', 'dataset_produces_1', 'consume_1_or_2_with_dataset_expressions' retrieved from /home/airflow/.local/lib/python3.12/site-packages/airflow/example_dags/example_datasets.py
[2025-03-18T20:05:20.565+0000] {logging_mixin.py:190} INFO - [2025-03-18T20:05:20.565+0000] {dag.py:3239} INFO - Sync 10 DAGs
[2025-03-18T20:05:20.573+0000] {logging_mixin.py:190} INFO - [2025-03-18T20:05:20.573+0000] {dag.py:4180} INFO - Setting next_dagrun for conditional_dataset_and_time_based_timetable to 2025-03-12 01:00:00+00:00, run_after=2025-03-12 01:00:00+00:00
[2025-03-18T20:05:20.574+0000] {logging_mixin.py:190} INFO - [2025-03-18T20:05:20.574+0000] {dag.py:4180} INFO - Setting next_dagrun for consume_1_and_2_with_dataset_expressions to None, run_after=None
[2025-03-18T20:05:20.574+0000] {logging_mixin.py:190} INFO - [2025-03-18T20:05:20.574+0000] {dag.py:4180} INFO - Setting next_dagrun for consume_1_or_2_with_dataset_expressions to None, run_after=None
[2025-03-18T20:05:20.575+0000] {logging_mixin.py:190} INFO - [2025-03-18T20:05:20.574+0000] {dag.py:4180} INFO - Setting next_dagrun for consume_1_or_both_2_and_3_with_dataset_expressions to None, run_after=None
[2025-03-18T20:05:20.575+0000] {logging_mixin.py:190} INFO - [2025-03-18T20:05:20.575+0000] {dag.py:4180} INFO - Setting next_dagrun for dataset_consumes_1 to None, run_after=None
[2025-03-18T20:05:20.575+0000] {logging_mixin.py:190} INFO - [2025-03-18T20:05:20.575+0000] {dag.py:4180} INFO - Setting next_dagrun for dataset_consumes_1_and_2 to None, run_after=None
[2025-03-18T20:05:20.575+0000] {logging_mixin.py:190} INFO - [2025-03-18T20:05:20.575+0000] {dag.py:4180} INFO - Setting next_dagrun for dataset_consumes_1_never_scheduled to None, run_after=None
[2025-03-18T20:05:20.576+0000] {logging_mixin.py:190} INFO - [2025-03-18T20:05:20.576+0000] {dag.py:4180} INFO - Setting next_dagrun for dataset_consumes_unknown_never_scheduled to None, run_after=None
[2025-03-18T20:05:20.576+0000] {logging_mixin.py:190} INFO - [2025-03-18T20:05:20.576+0000] {dag.py:4180} INFO - Setting next_dagrun for dataset_produces_1 to 2025-03-17 00:00:00+00:00, run_after=2025-03-18 00:00:00+00:00
[2025-03-18T20:05:20.577+0000] {logging_mixin.py:190} INFO - [2025-03-18T20:05:20.577+0000] {dag.py:4180} INFO - Setting next_dagrun for dataset_produces_2 to None, run_after=None
[2025-03-18T20:05:20.586+0000] {processor.py:208} INFO - Processing /home/airflow/.local/lib/python3.12/site-packages/airflow/example_dags/example_datasets.py took 0.281 seconds
[2025-03-18T20:05:51.536+0000] {processor.py:186} INFO - Started process (PID=450) to work on /home/airflow/.local/lib/python3.12/site-packages/airflow/example_dags/example_datasets.py
[2025-03-18T20:05:51.537+0000] {processor.py:914} INFO - Processing file /home/airflow/.local/lib/python3.12/site-packages/airflow/example_dags/example_datasets.py for tasks to queue
[2025-03-18T20:05:51.539+0000] {logging_mixin.py:190} INFO - [2025-03-18T20:05:51.539+0000] {dagbag.py:588} INFO - Filling up the DagBag from /home/airflow/.local/lib/python3.12/site-packages/airflow/example_dags/example_datasets.py
[2025-03-18T20:05:51.775+0000] {processor.py:925} INFO - DAG(s) 'conditional_dataset_and_time_based_timetable', 'dataset_consumes_1_never_scheduled', 'dataset_consumes_unknown_never_scheduled', 'dataset_produces_2', 'consume_1_and_2_with_dataset_expressions', 'consume_1_or_2_with_dataset_expressions', 'dataset_produces_1', 'dataset_consumes_1_and_2', 'consume_1_or_both_2_and_3_with_dataset_expressions', 'dataset_consumes_1' retrieved from /home/airflow/.local/lib/python3.12/site-packages/airflow/example_dags/example_datasets.py
[2025-03-18T20:05:51.788+0000] {logging_mixin.py:190} INFO - [2025-03-18T20:05:51.788+0000] {dag.py:3239} INFO - Sync 10 DAGs
[2025-03-18T20:05:51.796+0000] {logging_mixin.py:190} INFO - [2025-03-18T20:05:51.796+0000] {dag.py:4180} INFO - Setting next_dagrun for conditional_dataset_and_time_based_timetable to 2025-03-12 01:00:00+00:00, run_after=2025-03-12 01:00:00+00:00
[2025-03-18T20:05:51.797+0000] {logging_mixin.py:190} INFO - [2025-03-18T20:05:51.797+0000] {dag.py:4180} INFO - Setting next_dagrun for consume_1_and_2_with_dataset_expressions to None, run_after=None
[2025-03-18T20:05:51.797+0000] {logging_mixin.py:190} INFO - [2025-03-18T20:05:51.797+0000] {dag.py:4180} INFO - Setting next_dagrun for consume_1_or_2_with_dataset_expressions to None, run_after=None
[2025-03-18T20:05:51.798+0000] {logging_mixin.py:190} INFO - [2025-03-18T20:05:51.798+0000] {dag.py:4180} INFO - Setting next_dagrun for consume_1_or_both_2_and_3_with_dataset_expressions to None, run_after=None
[2025-03-18T20:05:51.798+0000] {logging_mixin.py:190} INFO - [2025-03-18T20:05:51.798+0000] {dag.py:4180} INFO - Setting next_dagrun for dataset_consumes_1 to None, run_after=None
[2025-03-18T20:05:51.798+0000] {logging_mixin.py:190} INFO - [2025-03-18T20:05:51.798+0000] {dag.py:4180} INFO - Setting next_dagrun for dataset_consumes_1_and_2 to None, run_after=None
[2025-03-18T20:05:51.799+0000] {logging_mixin.py:190} INFO - [2025-03-18T20:05:51.799+0000] {dag.py:4180} INFO - Setting next_dagrun for dataset_consumes_1_never_scheduled to None, run_after=None
[2025-03-18T20:05:51.799+0000] {logging_mixin.py:190} INFO - [2025-03-18T20:05:51.799+0000] {dag.py:4180} INFO - Setting next_dagrun for dataset_consumes_unknown_never_scheduled to None, run_after=None
[2025-03-18T20:05:51.800+0000] {logging_mixin.py:190} INFO - [2025-03-18T20:05:51.800+0000] {dag.py:4180} INFO - Setting next_dagrun for dataset_produces_1 to 2025-03-17 00:00:00+00:00, run_after=2025-03-18 00:00:00+00:00
[2025-03-18T20:05:51.800+0000] {logging_mixin.py:190} INFO - [2025-03-18T20:05:51.800+0000] {dag.py:4180} INFO - Setting next_dagrun for dataset_produces_2 to None, run_after=None
[2025-03-18T20:05:51.809+0000] {processor.py:208} INFO - Processing /home/airflow/.local/lib/python3.12/site-packages/airflow/example_dags/example_datasets.py took 0.278 seconds
