[2025-03-18T20:02:44.244+0000] {processor.py:186} INFO - Started process (PID=52) to work on /home/airflow/.local/lib/python3.12/site-packages/airflow/example_dags/example_dataset_alias_with_no_taskflow.py
[2025-03-18T20:02:44.244+0000] {processor.py:914} INFO - Processing file /home/airflow/.local/lib/python3.12/site-packages/airflow/example_dags/example_dataset_alias_with_no_taskflow.py for tasks to queue
[2025-03-18T20:02:44.245+0000] {logging_mixin.py:190} INFO - [2025-03-18T20:02:44.245+0000] {dagbag.py:588} INFO - Filling up the DagBag from /home/airflow/.local/lib/python3.12/site-packages/airflow/example_dags/example_dataset_alias_with_no_taskflow.py
[2025-03-18T20:02:44.934+0000] {processor.py:925} INFO - DAG(s) 'dataset_alias_example_alias_producer_with_no_taskflow', 'dataset_s3_bucket_producer_with_no_taskflow', 'dataset_s3_bucket_consumer_with_no_taskflow', 'dataset_alias_example_alias_consumer_with_no_taskflow' retrieved from /home/airflow/.local/lib/python3.12/site-packages/airflow/example_dags/example_dataset_alias_with_no_taskflow.py
[2025-03-18T20:02:44.976+0000] {logging_mixin.py:190} INFO - [2025-03-18T20:02:44.976+0000] {override.py:1912} INFO - Created Permission View: can read on DAG:dataset_alias_example_alias_producer_with_no_taskflow
[2025-03-18T20:02:44.979+0000] {logging_mixin.py:190} INFO - [2025-03-18T20:02:44.979+0000] {override.py:1912} INFO - Created Permission View: can delete on DAG:dataset_alias_example_alias_producer_with_no_taskflow
[2025-03-18T20:02:44.981+0000] {logging_mixin.py:190} INFO - [2025-03-18T20:02:44.981+0000] {override.py:1912} INFO - Created Permission View: can edit on DAG:dataset_alias_example_alias_producer_with_no_taskflow
[2025-03-18T20:02:44.982+0000] {logging_mixin.py:190} INFO - [2025-03-18T20:02:44.982+0000] {override.py:1912} INFO - Created Permission View: menu access on DAG Run:dataset_alias_example_alias_producer_with_no_taskflow
[2025-03-18T20:02:44.984+0000] {logging_mixin.py:190} INFO - [2025-03-18T20:02:44.984+0000] {override.py:1912} INFO - Created Permission View: can create on DAG Run:dataset_alias_example_alias_producer_with_no_taskflow
[2025-03-18T20:02:44.985+0000] {logging_mixin.py:190} INFO - [2025-03-18T20:02:44.985+0000] {override.py:1912} INFO - Created Permission View: can read on DAG Run:dataset_alias_example_alias_producer_with_no_taskflow
[2025-03-18T20:02:44.987+0000] {logging_mixin.py:190} INFO - [2025-03-18T20:02:44.987+0000] {override.py:1912} INFO - Created Permission View: can delete on DAG Run:dataset_alias_example_alias_producer_with_no_taskflow
[2025-03-18T20:02:44.991+0000] {logging_mixin.py:190} INFO - [2025-03-18T20:02:44.990+0000] {override.py:1912} INFO - Created Permission View: can read on DAG:dataset_s3_bucket_producer_with_no_taskflow
[2025-03-18T20:02:44.992+0000] {logging_mixin.py:190} INFO - [2025-03-18T20:02:44.992+0000] {override.py:1912} INFO - Created Permission View: can delete on DAG:dataset_s3_bucket_producer_with_no_taskflow
[2025-03-18T20:02:44.994+0000] {logging_mixin.py:190} INFO - [2025-03-18T20:02:44.993+0000] {override.py:1912} INFO - Created Permission View: can edit on DAG:dataset_s3_bucket_producer_with_no_taskflow
[2025-03-18T20:02:44.995+0000] {logging_mixin.py:190} INFO - [2025-03-18T20:02:44.995+0000] {override.py:1912} INFO - Created Permission View: menu access on DAG Run:dataset_s3_bucket_producer_with_no_taskflow
[2025-03-18T20:02:44.997+0000] {logging_mixin.py:190} INFO - [2025-03-18T20:02:44.997+0000] {override.py:1912} INFO - Created Permission View: can create on DAG Run:dataset_s3_bucket_producer_with_no_taskflow
[2025-03-18T20:02:44.999+0000] {logging_mixin.py:190} INFO - [2025-03-18T20:02:44.999+0000] {override.py:1912} INFO - Created Permission View: can read on DAG Run:dataset_s3_bucket_producer_with_no_taskflow
[2025-03-18T20:02:45.000+0000] {logging_mixin.py:190} INFO - [2025-03-18T20:02:45.000+0000] {override.py:1912} INFO - Created Permission View: can delete on DAG Run:dataset_s3_bucket_producer_with_no_taskflow
[2025-03-18T20:02:45.003+0000] {logging_mixin.py:190} INFO - [2025-03-18T20:02:45.003+0000] {override.py:1912} INFO - Created Permission View: can read on DAG:dataset_s3_bucket_consumer_with_no_taskflow
[2025-03-18T20:02:45.005+0000] {logging_mixin.py:190} INFO - [2025-03-18T20:02:45.005+0000] {override.py:1912} INFO - Created Permission View: can delete on DAG:dataset_s3_bucket_consumer_with_no_taskflow
[2025-03-18T20:02:45.007+0000] {logging_mixin.py:190} INFO - [2025-03-18T20:02:45.007+0000] {override.py:1912} INFO - Created Permission View: can edit on DAG:dataset_s3_bucket_consumer_with_no_taskflow
[2025-03-18T20:02:45.008+0000] {logging_mixin.py:190} INFO - [2025-03-18T20:02:45.008+0000] {override.py:1912} INFO - Created Permission View: menu access on DAG Run:dataset_s3_bucket_consumer_with_no_taskflow
[2025-03-18T20:02:45.009+0000] {logging_mixin.py:190} INFO - [2025-03-18T20:02:45.009+0000] {override.py:1912} INFO - Created Permission View: can create on DAG Run:dataset_s3_bucket_consumer_with_no_taskflow
[2025-03-18T20:02:45.011+0000] {logging_mixin.py:190} INFO - [2025-03-18T20:02:45.011+0000] {override.py:1912} INFO - Created Permission View: can read on DAG Run:dataset_s3_bucket_consumer_with_no_taskflow
[2025-03-18T20:02:45.012+0000] {logging_mixin.py:190} INFO - [2025-03-18T20:02:45.012+0000] {override.py:1912} INFO - Created Permission View: can delete on DAG Run:dataset_s3_bucket_consumer_with_no_taskflow
[2025-03-18T20:02:45.015+0000] {logging_mixin.py:190} INFO - [2025-03-18T20:02:45.015+0000] {override.py:1912} INFO - Created Permission View: can read on DAG:dataset_alias_example_alias_consumer_with_no_taskflow
[2025-03-18T20:02:45.016+0000] {logging_mixin.py:190} INFO - [2025-03-18T20:02:45.016+0000] {override.py:1912} INFO - Created Permission View: can delete on DAG:dataset_alias_example_alias_consumer_with_no_taskflow
[2025-03-18T20:02:45.017+0000] {logging_mixin.py:190} INFO - [2025-03-18T20:02:45.017+0000] {override.py:1912} INFO - Created Permission View: can edit on DAG:dataset_alias_example_alias_consumer_with_no_taskflow
[2025-03-18T20:02:45.018+0000] {logging_mixin.py:190} INFO - [2025-03-18T20:02:45.018+0000] {override.py:1912} INFO - Created Permission View: menu access on DAG Run:dataset_alias_example_alias_consumer_with_no_taskflow
[2025-03-18T20:02:45.020+0000] {logging_mixin.py:190} INFO - [2025-03-18T20:02:45.020+0000] {override.py:1912} INFO - Created Permission View: can create on DAG Run:dataset_alias_example_alias_consumer_with_no_taskflow
[2025-03-18T20:02:45.021+0000] {logging_mixin.py:190} INFO - [2025-03-18T20:02:45.021+0000] {override.py:1912} INFO - Created Permission View: can read on DAG Run:dataset_alias_example_alias_consumer_with_no_taskflow
[2025-03-18T20:02:45.023+0000] {logging_mixin.py:190} INFO - [2025-03-18T20:02:45.023+0000] {override.py:1912} INFO - Created Permission View: can delete on DAG Run:dataset_alias_example_alias_consumer_with_no_taskflow
[2025-03-18T20:02:45.023+0000] {logging_mixin.py:190} INFO - [2025-03-18T20:02:45.023+0000] {dag.py:3239} INFO - Sync 4 DAGs
[2025-03-18T20:02:45.028+0000] {logging_mixin.py:190} INFO - [2025-03-18T20:02:45.027+0000] {dag.py:3262} INFO - Creating ORM DAG for dataset_s3_bucket_producer_with_no_taskflow
[2025-03-18T20:02:45.028+0000] {logging_mixin.py:190} INFO - [2025-03-18T20:02:45.028+0000] {dag.py:3262} INFO - Creating ORM DAG for dataset_alias_example_alias_consumer_with_no_taskflow
[2025-03-18T20:02:45.028+0000] {logging_mixin.py:190} INFO - [2025-03-18T20:02:45.028+0000] {dag.py:3262} INFO - Creating ORM DAG for dataset_s3_bucket_consumer_with_no_taskflow
[2025-03-18T20:02:45.028+0000] {logging_mixin.py:190} INFO - [2025-03-18T20:02:45.028+0000] {dag.py:3262} INFO - Creating ORM DAG for dataset_alias_example_alias_producer_with_no_taskflow
[2025-03-18T20:02:45.031+0000] {logging_mixin.py:190} INFO - [2025-03-18T20:02:45.031+0000] {dag.py:4180} INFO - Setting next_dagrun for dataset_alias_example_alias_consumer_with_no_taskflow to None, run_after=None
[2025-03-18T20:02:45.032+0000] {logging_mixin.py:190} INFO - [2025-03-18T20:02:45.032+0000] {dag.py:4180} INFO - Setting next_dagrun for dataset_alias_example_alias_producer_with_no_taskflow to None, run_after=None
[2025-03-18T20:02:45.032+0000] {logging_mixin.py:190} INFO - [2025-03-18T20:02:45.032+0000] {dag.py:4180} INFO - Setting next_dagrun for dataset_s3_bucket_consumer_with_no_taskflow to None, run_after=None
[2025-03-18T20:02:45.032+0000] {logging_mixin.py:190} INFO - [2025-03-18T20:02:45.032+0000] {dag.py:4180} INFO - Setting next_dagrun for dataset_s3_bucket_producer_with_no_taskflow to None, run_after=None
[2025-03-18T20:02:45.041+0000] {processor.py:208} INFO - Processing /home/airflow/.local/lib/python3.12/site-packages/airflow/example_dags/example_dataset_alias_with_no_taskflow.py took 0.802 seconds
[2025-03-18T20:03:15.168+0000] {processor.py:186} INFO - Started process (PID=117) to work on /home/airflow/.local/lib/python3.12/site-packages/airflow/example_dags/example_dataset_alias_with_no_taskflow.py
[2025-03-18T20:03:15.168+0000] {processor.py:914} INFO - Processing file /home/airflow/.local/lib/python3.12/site-packages/airflow/example_dags/example_dataset_alias_with_no_taskflow.py for tasks to queue
[2025-03-18T20:03:15.169+0000] {logging_mixin.py:190} INFO - [2025-03-18T20:03:15.169+0000] {dagbag.py:588} INFO - Filling up the DagBag from /home/airflow/.local/lib/python3.12/site-packages/airflow/example_dags/example_dataset_alias_with_no_taskflow.py
[2025-03-18T20:03:15.387+0000] {processor.py:925} INFO - DAG(s) 'dataset_alias_example_alias_producer_with_no_taskflow', 'dataset_alias_example_alias_consumer_with_no_taskflow', 'dataset_s3_bucket_producer_with_no_taskflow', 'dataset_s3_bucket_consumer_with_no_taskflow' retrieved from /home/airflow/.local/lib/python3.12/site-packages/airflow/example_dags/example_dataset_alias_with_no_taskflow.py
[2025-03-18T20:03:15.395+0000] {logging_mixin.py:190} INFO - [2025-03-18T20:03:15.395+0000] {dag.py:3239} INFO - Sync 4 DAGs
[2025-03-18T20:03:15.403+0000] {logging_mixin.py:190} INFO - [2025-03-18T20:03:15.403+0000] {dag.py:4180} INFO - Setting next_dagrun for dataset_alias_example_alias_consumer_with_no_taskflow to None, run_after=None
[2025-03-18T20:03:15.404+0000] {logging_mixin.py:190} INFO - [2025-03-18T20:03:15.404+0000] {dag.py:4180} INFO - Setting next_dagrun for dataset_alias_example_alias_producer_with_no_taskflow to None, run_after=None
[2025-03-18T20:03:15.404+0000] {logging_mixin.py:190} INFO - [2025-03-18T20:03:15.404+0000] {dag.py:4180} INFO - Setting next_dagrun for dataset_s3_bucket_consumer_with_no_taskflow to None, run_after=None
[2025-03-18T20:03:15.405+0000] {logging_mixin.py:190} INFO - [2025-03-18T20:03:15.405+0000] {dag.py:4180} INFO - Setting next_dagrun for dataset_s3_bucket_producer_with_no_taskflow to None, run_after=None
[2025-03-18T20:03:15.411+0000] {processor.py:208} INFO - Processing /home/airflow/.local/lib/python3.12/site-packages/airflow/example_dags/example_dataset_alias_with_no_taskflow.py took 0.246 seconds
[2025-03-18T20:03:45.467+0000] {processor.py:186} INFO - Started process (PID=180) to work on /home/airflow/.local/lib/python3.12/site-packages/airflow/example_dags/example_dataset_alias_with_no_taskflow.py
[2025-03-18T20:03:45.467+0000] {processor.py:914} INFO - Processing file /home/airflow/.local/lib/python3.12/site-packages/airflow/example_dags/example_dataset_alias_with_no_taskflow.py for tasks to queue
[2025-03-18T20:03:45.468+0000] {logging_mixin.py:190} INFO - [2025-03-18T20:03:45.468+0000] {dagbag.py:588} INFO - Filling up the DagBag from /home/airflow/.local/lib/python3.12/site-packages/airflow/example_dags/example_dataset_alias_with_no_taskflow.py
[2025-03-18T20:03:45.698+0000] {processor.py:925} INFO - DAG(s) 'dataset_alias_example_alias_consumer_with_no_taskflow', 'dataset_alias_example_alias_producer_with_no_taskflow', 'dataset_s3_bucket_producer_with_no_taskflow', 'dataset_s3_bucket_consumer_with_no_taskflow' retrieved from /home/airflow/.local/lib/python3.12/site-packages/airflow/example_dags/example_dataset_alias_with_no_taskflow.py
[2025-03-18T20:03:45.704+0000] {logging_mixin.py:190} INFO - [2025-03-18T20:03:45.704+0000] {dag.py:3239} INFO - Sync 4 DAGs
[2025-03-18T20:03:45.711+0000] {logging_mixin.py:190} INFO - [2025-03-18T20:03:45.711+0000] {dag.py:4180} INFO - Setting next_dagrun for dataset_alias_example_alias_consumer_with_no_taskflow to None, run_after=None
[2025-03-18T20:03:45.712+0000] {logging_mixin.py:190} INFO - [2025-03-18T20:03:45.712+0000] {dag.py:4180} INFO - Setting next_dagrun for dataset_alias_example_alias_producer_with_no_taskflow to None, run_after=None
[2025-03-18T20:03:45.713+0000] {logging_mixin.py:190} INFO - [2025-03-18T20:03:45.713+0000] {dag.py:4180} INFO - Setting next_dagrun for dataset_s3_bucket_consumer_with_no_taskflow to None, run_after=None
[2025-03-18T20:03:45.713+0000] {logging_mixin.py:190} INFO - [2025-03-18T20:03:45.713+0000] {dag.py:4180} INFO - Setting next_dagrun for dataset_s3_bucket_producer_with_no_taskflow to None, run_after=None
[2025-03-18T20:03:45.719+0000] {processor.py:208} INFO - Processing /home/airflow/.local/lib/python3.12/site-packages/airflow/example_dags/example_dataset_alias_with_no_taskflow.py took 0.255 seconds
[2025-03-18T20:04:16.541+0000] {processor.py:186} INFO - Started process (PID=243) to work on /home/airflow/.local/lib/python3.12/site-packages/airflow/example_dags/example_dataset_alias_with_no_taskflow.py
[2025-03-18T20:04:16.542+0000] {processor.py:914} INFO - Processing file /home/airflow/.local/lib/python3.12/site-packages/airflow/example_dags/example_dataset_alias_with_no_taskflow.py for tasks to queue
[2025-03-18T20:04:16.544+0000] {logging_mixin.py:190} INFO - [2025-03-18T20:04:16.543+0000] {dagbag.py:588} INFO - Filling up the DagBag from /home/airflow/.local/lib/python3.12/site-packages/airflow/example_dags/example_dataset_alias_with_no_taskflow.py
[2025-03-18T20:04:16.791+0000] {processor.py:925} INFO - DAG(s) 'dataset_s3_bucket_producer_with_no_taskflow', 'dataset_alias_example_alias_consumer_with_no_taskflow', 'dataset_alias_example_alias_producer_with_no_taskflow', 'dataset_s3_bucket_consumer_with_no_taskflow' retrieved from /home/airflow/.local/lib/python3.12/site-packages/airflow/example_dags/example_dataset_alias_with_no_taskflow.py
[2025-03-18T20:04:16.797+0000] {logging_mixin.py:190} INFO - [2025-03-18T20:04:16.796+0000] {dag.py:3239} INFO - Sync 4 DAGs
[2025-03-18T20:04:16.805+0000] {logging_mixin.py:190} INFO - [2025-03-18T20:04:16.805+0000] {dag.py:4180} INFO - Setting next_dagrun for dataset_alias_example_alias_consumer_with_no_taskflow to None, run_after=None
[2025-03-18T20:04:16.806+0000] {logging_mixin.py:190} INFO - [2025-03-18T20:04:16.806+0000] {dag.py:4180} INFO - Setting next_dagrun for dataset_alias_example_alias_producer_with_no_taskflow to None, run_after=None
[2025-03-18T20:04:16.807+0000] {logging_mixin.py:190} INFO - [2025-03-18T20:04:16.806+0000] {dag.py:4180} INFO - Setting next_dagrun for dataset_s3_bucket_consumer_with_no_taskflow to None, run_after=None
[2025-03-18T20:04:16.807+0000] {logging_mixin.py:190} INFO - [2025-03-18T20:04:16.807+0000] {dag.py:4180} INFO - Setting next_dagrun for dataset_s3_bucket_producer_with_no_taskflow to None, run_after=None
[2025-03-18T20:04:16.813+0000] {processor.py:208} INFO - Processing /home/airflow/.local/lib/python3.12/site-packages/airflow/example_dags/example_dataset_alias_with_no_taskflow.py took 0.278 seconds
[2025-03-18T20:04:47.575+0000] {processor.py:186} INFO - Started process (PID=306) to work on /home/airflow/.local/lib/python3.12/site-packages/airflow/example_dags/example_dataset_alias_with_no_taskflow.py
[2025-03-18T20:04:47.576+0000] {processor.py:914} INFO - Processing file /home/airflow/.local/lib/python3.12/site-packages/airflow/example_dags/example_dataset_alias_with_no_taskflow.py for tasks to queue
[2025-03-18T20:04:47.579+0000] {logging_mixin.py:190} INFO - [2025-03-18T20:04:47.579+0000] {dagbag.py:588} INFO - Filling up the DagBag from /home/airflow/.local/lib/python3.12/site-packages/airflow/example_dags/example_dataset_alias_with_no_taskflow.py
[2025-03-18T20:04:47.817+0000] {processor.py:925} INFO - DAG(s) 'dataset_s3_bucket_producer_with_no_taskflow', 'dataset_alias_example_alias_producer_with_no_taskflow', 'dataset_alias_example_alias_consumer_with_no_taskflow', 'dataset_s3_bucket_consumer_with_no_taskflow' retrieved from /home/airflow/.local/lib/python3.12/site-packages/airflow/example_dags/example_dataset_alias_with_no_taskflow.py
[2025-03-18T20:04:47.824+0000] {logging_mixin.py:190} INFO - [2025-03-18T20:04:47.824+0000] {dag.py:3239} INFO - Sync 4 DAGs
[2025-03-18T20:04:47.831+0000] {logging_mixin.py:190} INFO - [2025-03-18T20:04:47.831+0000] {dag.py:4180} INFO - Setting next_dagrun for dataset_alias_example_alias_consumer_with_no_taskflow to None, run_after=None
[2025-03-18T20:04:47.832+0000] {logging_mixin.py:190} INFO - [2025-03-18T20:04:47.832+0000] {dag.py:4180} INFO - Setting next_dagrun for dataset_alias_example_alias_producer_with_no_taskflow to None, run_after=None
[2025-03-18T20:04:47.832+0000] {logging_mixin.py:190} INFO - [2025-03-18T20:04:47.832+0000] {dag.py:4180} INFO - Setting next_dagrun for dataset_s3_bucket_consumer_with_no_taskflow to None, run_after=None
[2025-03-18T20:04:47.833+0000] {logging_mixin.py:190} INFO - [2025-03-18T20:04:47.833+0000] {dag.py:4180} INFO - Setting next_dagrun for dataset_s3_bucket_producer_with_no_taskflow to None, run_after=None
[2025-03-18T20:04:47.839+0000] {processor.py:208} INFO - Processing /home/airflow/.local/lib/python3.12/site-packages/airflow/example_dags/example_dataset_alias_with_no_taskflow.py took 0.269 seconds
[2025-03-18T20:05:18.595+0000] {processor.py:186} INFO - Started process (PID=369) to work on /home/airflow/.local/lib/python3.12/site-packages/airflow/example_dags/example_dataset_alias_with_no_taskflow.py
[2025-03-18T20:05:18.596+0000] {processor.py:914} INFO - Processing file /home/airflow/.local/lib/python3.12/site-packages/airflow/example_dags/example_dataset_alias_with_no_taskflow.py for tasks to queue
[2025-03-18T20:05:18.599+0000] {logging_mixin.py:190} INFO - [2025-03-18T20:05:18.599+0000] {dagbag.py:588} INFO - Filling up the DagBag from /home/airflow/.local/lib/python3.12/site-packages/airflow/example_dags/example_dataset_alias_with_no_taskflow.py
[2025-03-18T20:05:18.846+0000] {processor.py:925} INFO - DAG(s) 'dataset_s3_bucket_producer_with_no_taskflow', 'dataset_alias_example_alias_consumer_with_no_taskflow', 'dataset_alias_example_alias_producer_with_no_taskflow', 'dataset_s3_bucket_consumer_with_no_taskflow' retrieved from /home/airflow/.local/lib/python3.12/site-packages/airflow/example_dags/example_dataset_alias_with_no_taskflow.py
[2025-03-18T20:05:18.852+0000] {logging_mixin.py:190} INFO - [2025-03-18T20:05:18.852+0000] {dag.py:3239} INFO - Sync 4 DAGs
[2025-03-18T20:05:18.861+0000] {logging_mixin.py:190} INFO - [2025-03-18T20:05:18.861+0000] {dag.py:4180} INFO - Setting next_dagrun for dataset_alias_example_alias_consumer_with_no_taskflow to None, run_after=None
[2025-03-18T20:05:18.862+0000] {logging_mixin.py:190} INFO - [2025-03-18T20:05:18.862+0000] {dag.py:4180} INFO - Setting next_dagrun for dataset_alias_example_alias_producer_with_no_taskflow to None, run_after=None
[2025-03-18T20:05:18.862+0000] {logging_mixin.py:190} INFO - [2025-03-18T20:05:18.862+0000] {dag.py:4180} INFO - Setting next_dagrun for dataset_s3_bucket_consumer_with_no_taskflow to None, run_after=None
[2025-03-18T20:05:18.863+0000] {logging_mixin.py:190} INFO - [2025-03-18T20:05:18.863+0000] {dag.py:4180} INFO - Setting next_dagrun for dataset_s3_bucket_producer_with_no_taskflow to None, run_after=None
[2025-03-18T20:05:18.869+0000] {processor.py:208} INFO - Processing /home/airflow/.local/lib/python3.12/site-packages/airflow/example_dags/example_dataset_alias_with_no_taskflow.py took 0.281 seconds
[2025-03-18T20:05:49.739+0000] {processor.py:186} INFO - Started process (PID=432) to work on /home/airflow/.local/lib/python3.12/site-packages/airflow/example_dags/example_dataset_alias_with_no_taskflow.py
[2025-03-18T20:05:49.740+0000] {processor.py:914} INFO - Processing file /home/airflow/.local/lib/python3.12/site-packages/airflow/example_dags/example_dataset_alias_with_no_taskflow.py for tasks to queue
[2025-03-18T20:05:49.744+0000] {logging_mixin.py:190} INFO - [2025-03-18T20:05:49.743+0000] {dagbag.py:588} INFO - Filling up the DagBag from /home/airflow/.local/lib/python3.12/site-packages/airflow/example_dags/example_dataset_alias_with_no_taskflow.py
[2025-03-18T20:05:49.977+0000] {processor.py:925} INFO - DAG(s) 'dataset_s3_bucket_producer_with_no_taskflow', 'dataset_alias_example_alias_consumer_with_no_taskflow', 'dataset_alias_example_alias_producer_with_no_taskflow', 'dataset_s3_bucket_consumer_with_no_taskflow' retrieved from /home/airflow/.local/lib/python3.12/site-packages/airflow/example_dags/example_dataset_alias_with_no_taskflow.py
[2025-03-18T20:05:49.983+0000] {logging_mixin.py:190} INFO - [2025-03-18T20:05:49.983+0000] {dag.py:3239} INFO - Sync 4 DAGs
[2025-03-18T20:05:49.990+0000] {logging_mixin.py:190} INFO - [2025-03-18T20:05:49.990+0000] {dag.py:4180} INFO - Setting next_dagrun for dataset_alias_example_alias_consumer_with_no_taskflow to None, run_after=None
[2025-03-18T20:05:49.991+0000] {logging_mixin.py:190} INFO - [2025-03-18T20:05:49.991+0000] {dag.py:4180} INFO - Setting next_dagrun for dataset_alias_example_alias_producer_with_no_taskflow to None, run_after=None
[2025-03-18T20:05:49.992+0000] {logging_mixin.py:190} INFO - [2025-03-18T20:05:49.992+0000] {dag.py:4180} INFO - Setting next_dagrun for dataset_s3_bucket_consumer_with_no_taskflow to None, run_after=None
[2025-03-18T20:05:49.992+0000] {logging_mixin.py:190} INFO - [2025-03-18T20:05:49.992+0000] {dag.py:4180} INFO - Setting next_dagrun for dataset_s3_bucket_producer_with_no_taskflow to None, run_after=None
[2025-03-18T20:05:49.998+0000] {processor.py:208} INFO - Processing /home/airflow/.local/lib/python3.12/site-packages/airflow/example_dags/example_dataset_alias_with_no_taskflow.py took 0.265 seconds
