[2025-03-18T20:02:43.608+0000] {processor.py:186} INFO - Started process (PID=41) to work on /home/airflow/.local/lib/python3.12/site-packages/airflow/example_dags/tutorial_taskflow_api.py
[2025-03-18T20:02:43.609+0000] {processor.py:914} INFO - Processing file /home/airflow/.local/lib/python3.12/site-packages/airflow/example_dags/tutorial_taskflow_api.py for tasks to queue
[2025-03-18T20:02:43.613+0000] {logging_mixin.py:190} INFO - [2025-03-18T20:02:43.612+0000] {dagbag.py:588} INFO - Filling up the DagBag from /home/airflow/.local/lib/python3.12/site-packages/airflow/example_dags/tutorial_taskflow_api.py
[2025-03-18T20:02:43.621+0000] {processor.py:925} INFO - DAG(s) 'tutorial_taskflow_api' retrieved from /home/airflow/.local/lib/python3.12/site-packages/airflow/example_dags/tutorial_taskflow_api.py
[2025-03-18T20:02:43.750+0000] {logging_mixin.py:190} INFO - [2025-03-18T20:02:43.750+0000] {override.py:1912} INFO - Created Permission View: can read on DAG:tutorial_taskflow_api
[2025-03-18T20:02:43.754+0000] {logging_mixin.py:190} INFO - [2025-03-18T20:02:43.754+0000] {override.py:1912} INFO - Created Permission View: can delete on DAG:tutorial_taskflow_api
[2025-03-18T20:02:43.756+0000] {logging_mixin.py:190} INFO - [2025-03-18T20:02:43.756+0000] {override.py:1912} INFO - Created Permission View: can edit on DAG:tutorial_taskflow_api
[2025-03-18T20:02:43.758+0000] {logging_mixin.py:190} INFO - [2025-03-18T20:02:43.758+0000] {override.py:1912} INFO - Created Permission View: menu access on DAG Run:tutorial_taskflow_api
[2025-03-18T20:02:43.760+0000] {logging_mixin.py:190} INFO - [2025-03-18T20:02:43.760+0000] {override.py:1912} INFO - Created Permission View: can create on DAG Run:tutorial_taskflow_api
[2025-03-18T20:02:43.762+0000] {logging_mixin.py:190} INFO - [2025-03-18T20:02:43.762+0000] {override.py:1912} INFO - Created Permission View: can read on DAG Run:tutorial_taskflow_api
[2025-03-18T20:02:43.764+0000] {logging_mixin.py:190} INFO - [2025-03-18T20:02:43.764+0000] {override.py:1912} INFO - Created Permission View: can delete on DAG Run:tutorial_taskflow_api
[2025-03-18T20:02:43.764+0000] {logging_mixin.py:190} INFO - [2025-03-18T20:02:43.764+0000] {dag.py:3239} INFO - Sync 1 DAGs
[2025-03-18T20:02:43.770+0000] {logging_mixin.py:190} INFO - [2025-03-18T20:02:43.770+0000] {dag.py:3262} INFO - Creating ORM DAG for tutorial_taskflow_api
[2025-03-18T20:02:43.770+0000] {logging_mixin.py:190} INFO - [2025-03-18T20:02:43.770+0000] {dag.py:4180} INFO - Setting next_dagrun for tutorial_taskflow_api to None, run_after=None
[2025-03-18T20:02:43.787+0000] {processor.py:208} INFO - Processing /home/airflow/.local/lib/python3.12/site-packages/airflow/example_dags/tutorial_taskflow_api.py took 0.184 seconds
[2025-03-18T20:03:13.945+0000] {processor.py:186} INFO - Started process (PID=109) to work on /home/airflow/.local/lib/python3.12/site-packages/airflow/example_dags/tutorial_taskflow_api.py
[2025-03-18T20:03:13.945+0000] {processor.py:914} INFO - Processing file /home/airflow/.local/lib/python3.12/site-packages/airflow/example_dags/tutorial_taskflow_api.py for tasks to queue
[2025-03-18T20:03:13.947+0000] {logging_mixin.py:190} INFO - [2025-03-18T20:03:13.947+0000] {dagbag.py:588} INFO - Filling up the DagBag from /home/airflow/.local/lib/python3.12/site-packages/airflow/example_dags/tutorial_taskflow_api.py
[2025-03-18T20:03:13.954+0000] {processor.py:925} INFO - DAG(s) 'tutorial_taskflow_api' retrieved from /home/airflow/.local/lib/python3.12/site-packages/airflow/example_dags/tutorial_taskflow_api.py
[2025-03-18T20:03:13.964+0000] {logging_mixin.py:190} INFO - [2025-03-18T20:03:13.964+0000] {dag.py:3239} INFO - Sync 1 DAGs
[2025-03-18T20:03:13.971+0000] {logging_mixin.py:190} INFO - [2025-03-18T20:03:13.971+0000] {dag.py:4180} INFO - Setting next_dagrun for tutorial_taskflow_api to None, run_after=None
[2025-03-18T20:03:13.980+0000] {processor.py:208} INFO - Processing /home/airflow/.local/lib/python3.12/site-packages/airflow/example_dags/tutorial_taskflow_api.py took 0.039 seconds
[2025-03-18T20:03:44.246+0000] {processor.py:186} INFO - Started process (PID=172) to work on /home/airflow/.local/lib/python3.12/site-packages/airflow/example_dags/tutorial_taskflow_api.py
[2025-03-18T20:03:44.246+0000] {processor.py:914} INFO - Processing file /home/airflow/.local/lib/python3.12/site-packages/airflow/example_dags/tutorial_taskflow_api.py for tasks to queue
[2025-03-18T20:03:44.248+0000] {logging_mixin.py:190} INFO - [2025-03-18T20:03:44.248+0000] {dagbag.py:588} INFO - Filling up the DagBag from /home/airflow/.local/lib/python3.12/site-packages/airflow/example_dags/tutorial_taskflow_api.py
[2025-03-18T20:03:44.254+0000] {processor.py:925} INFO - DAG(s) 'tutorial_taskflow_api' retrieved from /home/airflow/.local/lib/python3.12/site-packages/airflow/example_dags/tutorial_taskflow_api.py
[2025-03-18T20:03:44.263+0000] {logging_mixin.py:190} INFO - [2025-03-18T20:03:44.263+0000] {dag.py:3239} INFO - Sync 1 DAGs
[2025-03-18T20:03:44.270+0000] {logging_mixin.py:190} INFO - [2025-03-18T20:03:44.270+0000] {dag.py:4180} INFO - Setting next_dagrun for tutorial_taskflow_api to None, run_after=None
[2025-03-18T20:03:44.277+0000] {processor.py:208} INFO - Processing /home/airflow/.local/lib/python3.12/site-packages/airflow/example_dags/tutorial_taskflow_api.py took 0.035 seconds
[2025-03-18T20:04:14.325+0000] {processor.py:186} INFO - Started process (PID=235) to work on /home/airflow/.local/lib/python3.12/site-packages/airflow/example_dags/tutorial_taskflow_api.py
[2025-03-18T20:04:14.327+0000] {processor.py:914} INFO - Processing file /home/airflow/.local/lib/python3.12/site-packages/airflow/example_dags/tutorial_taskflow_api.py for tasks to queue
[2025-03-18T20:04:14.328+0000] {logging_mixin.py:190} INFO - [2025-03-18T20:04:14.328+0000] {dagbag.py:588} INFO - Filling up the DagBag from /home/airflow/.local/lib/python3.12/site-packages/airflow/example_dags/tutorial_taskflow_api.py
[2025-03-18T20:04:14.333+0000] {processor.py:925} INFO - DAG(s) 'tutorial_taskflow_api' retrieved from /home/airflow/.local/lib/python3.12/site-packages/airflow/example_dags/tutorial_taskflow_api.py
[2025-03-18T20:04:14.342+0000] {logging_mixin.py:190} INFO - [2025-03-18T20:04:14.342+0000] {dag.py:3239} INFO - Sync 1 DAGs
[2025-03-18T20:04:14.349+0000] {logging_mixin.py:190} INFO - [2025-03-18T20:04:14.348+0000] {dag.py:4180} INFO - Setting next_dagrun for tutorial_taskflow_api to None, run_after=None
[2025-03-18T20:04:14.356+0000] {processor.py:208} INFO - Processing /home/airflow/.local/lib/python3.12/site-packages/airflow/example_dags/tutorial_taskflow_api.py took 0.035 seconds
[2025-03-18T20:04:45.353+0000] {processor.py:186} INFO - Started process (PID=298) to work on /home/airflow/.local/lib/python3.12/site-packages/airflow/example_dags/tutorial_taskflow_api.py
[2025-03-18T20:04:45.354+0000] {processor.py:914} INFO - Processing file /home/airflow/.local/lib/python3.12/site-packages/airflow/example_dags/tutorial_taskflow_api.py for tasks to queue
[2025-03-18T20:04:45.355+0000] {logging_mixin.py:190} INFO - [2025-03-18T20:04:45.355+0000] {dagbag.py:588} INFO - Filling up the DagBag from /home/airflow/.local/lib/python3.12/site-packages/airflow/example_dags/tutorial_taskflow_api.py
[2025-03-18T20:04:45.362+0000] {processor.py:925} INFO - DAG(s) 'tutorial_taskflow_api' retrieved from /home/airflow/.local/lib/python3.12/site-packages/airflow/example_dags/tutorial_taskflow_api.py
[2025-03-18T20:04:45.373+0000] {logging_mixin.py:190} INFO - [2025-03-18T20:04:45.372+0000] {dag.py:3239} INFO - Sync 1 DAGs
[2025-03-18T20:04:45.380+0000] {logging_mixin.py:190} INFO - [2025-03-18T20:04:45.380+0000] {dag.py:4180} INFO - Setting next_dagrun for tutorial_taskflow_api to None, run_after=None
[2025-03-18T20:04:45.388+0000] {processor.py:208} INFO - Processing /home/airflow/.local/lib/python3.12/site-packages/airflow/example_dags/tutorial_taskflow_api.py took 0.039 seconds
[2025-03-18T20:05:16.373+0000] {processor.py:186} INFO - Started process (PID=361) to work on /home/airflow/.local/lib/python3.12/site-packages/airflow/example_dags/tutorial_taskflow_api.py
[2025-03-18T20:05:16.374+0000] {processor.py:914} INFO - Processing file /home/airflow/.local/lib/python3.12/site-packages/airflow/example_dags/tutorial_taskflow_api.py for tasks to queue
[2025-03-18T20:05:16.376+0000] {logging_mixin.py:190} INFO - [2025-03-18T20:05:16.375+0000] {dagbag.py:588} INFO - Filling up the DagBag from /home/airflow/.local/lib/python3.12/site-packages/airflow/example_dags/tutorial_taskflow_api.py
[2025-03-18T20:05:16.381+0000] {processor.py:925} INFO - DAG(s) 'tutorial_taskflow_api' retrieved from /home/airflow/.local/lib/python3.12/site-packages/airflow/example_dags/tutorial_taskflow_api.py
[2025-03-18T20:05:16.392+0000] {logging_mixin.py:190} INFO - [2025-03-18T20:05:16.392+0000] {dag.py:3239} INFO - Sync 1 DAGs
[2025-03-18T20:05:16.399+0000] {logging_mixin.py:190} INFO - [2025-03-18T20:05:16.399+0000] {dag.py:4180} INFO - Setting next_dagrun for tutorial_taskflow_api to None, run_after=None
[2025-03-18T20:05:16.407+0000] {processor.py:208} INFO - Processing /home/airflow/.local/lib/python3.12/site-packages/airflow/example_dags/tutorial_taskflow_api.py took 0.038 seconds
[2025-03-18T20:05:46.503+0000] {processor.py:186} INFO - Started process (PID=424) to work on /home/airflow/.local/lib/python3.12/site-packages/airflow/example_dags/tutorial_taskflow_api.py
[2025-03-18T20:05:46.504+0000] {processor.py:914} INFO - Processing file /home/airflow/.local/lib/python3.12/site-packages/airflow/example_dags/tutorial_taskflow_api.py for tasks to queue
[2025-03-18T20:05:46.505+0000] {logging_mixin.py:190} INFO - [2025-03-18T20:05:46.505+0000] {dagbag.py:588} INFO - Filling up the DagBag from /home/airflow/.local/lib/python3.12/site-packages/airflow/example_dags/tutorial_taskflow_api.py
[2025-03-18T20:05:46.510+0000] {processor.py:925} INFO - DAG(s) 'tutorial_taskflow_api' retrieved from /home/airflow/.local/lib/python3.12/site-packages/airflow/example_dags/tutorial_taskflow_api.py
[2025-03-18T20:05:46.520+0000] {logging_mixin.py:190} INFO - [2025-03-18T20:05:46.520+0000] {dag.py:3239} INFO - Sync 1 DAGs
[2025-03-18T20:05:46.527+0000] {logging_mixin.py:190} INFO - [2025-03-18T20:05:46.527+0000] {dag.py:4180} INFO - Setting next_dagrun for tutorial_taskflow_api to None, run_after=None
[2025-03-18T20:05:46.535+0000] {processor.py:208} INFO - Processing /home/airflow/.local/lib/python3.12/site-packages/airflow/example_dags/tutorial_taskflow_api.py took 0.036 seconds
