[2025-03-18T20:02:47.343+0000] {processor.py:186} INFO - Started process (PID=92) to work on /home/airflow/.local/lib/python3.12/site-packages/airflow/example_dags/tutorial_objectstorage.py
[2025-03-18T20:02:47.344+0000] {processor.py:914} INFO - Processing file /home/airflow/.local/lib/python3.12/site-packages/airflow/example_dags/tutorial_objectstorage.py for tasks to queue
[2025-03-18T20:02:47.345+0000] {logging_mixin.py:190} INFO - [2025-03-18T20:02:47.344+0000] {dagbag.py:588} INFO - Filling up the DagBag from /home/airflow/.local/lib/python3.12/site-packages/airflow/example_dags/tutorial_objectstorage.py
[2025-03-18T20:02:47.350+0000] {processor.py:925} INFO - DAG(s) 'tutorial_objectstorage' retrieved from /home/airflow/.local/lib/python3.12/site-packages/airflow/example_dags/tutorial_objectstorage.py
[2025-03-18T20:02:47.385+0000] {logging_mixin.py:190} INFO - [2025-03-18T20:02:47.385+0000] {override.py:1912} INFO - Created Permission View: can read on DAG:tutorial_objectstorage
[2025-03-18T20:02:47.388+0000] {logging_mixin.py:190} INFO - [2025-03-18T20:02:47.388+0000] {override.py:1912} INFO - Created Permission View: can delete on DAG:tutorial_objectstorage
[2025-03-18T20:02:47.390+0000] {logging_mixin.py:190} INFO - [2025-03-18T20:02:47.390+0000] {override.py:1912} INFO - Created Permission View: can edit on DAG:tutorial_objectstorage
[2025-03-18T20:02:47.392+0000] {logging_mixin.py:190} INFO - [2025-03-18T20:02:47.392+0000] {override.py:1912} INFO - Created Permission View: menu access on DAG Run:tutorial_objectstorage
[2025-03-18T20:02:47.393+0000] {logging_mixin.py:190} INFO - [2025-03-18T20:02:47.393+0000] {override.py:1912} INFO - Created Permission View: can create on DAG Run:tutorial_objectstorage
[2025-03-18T20:02:47.395+0000] {logging_mixin.py:190} INFO - [2025-03-18T20:02:47.395+0000] {override.py:1912} INFO - Created Permission View: can read on DAG Run:tutorial_objectstorage
[2025-03-18T20:02:47.396+0000] {logging_mixin.py:190} INFO - [2025-03-18T20:02:47.396+0000] {override.py:1912} INFO - Created Permission View: can delete on DAG Run:tutorial_objectstorage
[2025-03-18T20:02:47.397+0000] {logging_mixin.py:190} INFO - [2025-03-18T20:02:47.397+0000] {dag.py:3239} INFO - Sync 1 DAGs
[2025-03-18T20:02:47.401+0000] {logging_mixin.py:190} INFO - [2025-03-18T20:02:47.401+0000] {dag.py:3262} INFO - Creating ORM DAG for tutorial_objectstorage
[2025-03-18T20:02:47.401+0000] {logging_mixin.py:190} INFO - [2025-03-18T20:02:47.401+0000] {dag.py:4180} INFO - Setting next_dagrun for tutorial_objectstorage to None, run_after=None
[2025-03-18T20:02:47.406+0000] {processor.py:208} INFO - Processing /home/airflow/.local/lib/python3.12/site-packages/airflow/example_dags/tutorial_objectstorage.py took 0.066 seconds
[2025-03-18T20:03:17.792+0000] {processor.py:186} INFO - Started process (PID=154) to work on /home/airflow/.local/lib/python3.12/site-packages/airflow/example_dags/tutorial_objectstorage.py
[2025-03-18T20:03:17.793+0000] {processor.py:914} INFO - Processing file /home/airflow/.local/lib/python3.12/site-packages/airflow/example_dags/tutorial_objectstorage.py for tasks to queue
[2025-03-18T20:03:17.794+0000] {logging_mixin.py:190} INFO - [2025-03-18T20:03:17.794+0000] {dagbag.py:588} INFO - Filling up the DagBag from /home/airflow/.local/lib/python3.12/site-packages/airflow/example_dags/tutorial_objectstorage.py
[2025-03-18T20:03:17.798+0000] {processor.py:925} INFO - DAG(s) 'tutorial_objectstorage' retrieved from /home/airflow/.local/lib/python3.12/site-packages/airflow/example_dags/tutorial_objectstorage.py
[2025-03-18T20:03:17.806+0000] {logging_mixin.py:190} INFO - [2025-03-18T20:03:17.806+0000] {dag.py:3239} INFO - Sync 1 DAGs
[2025-03-18T20:03:17.811+0000] {logging_mixin.py:190} INFO - [2025-03-18T20:03:17.811+0000] {dag.py:4180} INFO - Setting next_dagrun for tutorial_objectstorage to None, run_after=None
[2025-03-18T20:03:17.817+0000] {processor.py:208} INFO - Processing /home/airflow/.local/lib/python3.12/site-packages/airflow/example_dags/tutorial_objectstorage.py took 0.027 seconds
[2025-03-18T20:03:47.908+0000] {processor.py:186} INFO - Started process (PID=217) to work on /home/airflow/.local/lib/python3.12/site-packages/airflow/example_dags/tutorial_objectstorage.py
[2025-03-18T20:03:47.909+0000] {processor.py:914} INFO - Processing file /home/airflow/.local/lib/python3.12/site-packages/airflow/example_dags/tutorial_objectstorage.py for tasks to queue
[2025-03-18T20:03:47.909+0000] {logging_mixin.py:190} INFO - [2025-03-18T20:03:47.909+0000] {dagbag.py:588} INFO - Filling up the DagBag from /home/airflow/.local/lib/python3.12/site-packages/airflow/example_dags/tutorial_objectstorage.py
[2025-03-18T20:03:47.913+0000] {processor.py:925} INFO - DAG(s) 'tutorial_objectstorage' retrieved from /home/airflow/.local/lib/python3.12/site-packages/airflow/example_dags/tutorial_objectstorage.py
[2025-03-18T20:03:47.920+0000] {logging_mixin.py:190} INFO - [2025-03-18T20:03:47.920+0000] {dag.py:3239} INFO - Sync 1 DAGs
[2025-03-18T20:03:47.925+0000] {logging_mixin.py:190} INFO - [2025-03-18T20:03:47.925+0000] {dag.py:4180} INFO - Setting next_dagrun for tutorial_objectstorage to None, run_after=None
[2025-03-18T20:03:47.931+0000] {processor.py:208} INFO - Processing /home/airflow/.local/lib/python3.12/site-packages/airflow/example_dags/tutorial_objectstorage.py took 0.025 seconds
[2025-03-18T20:04:18.910+0000] {processor.py:186} INFO - Started process (PID=280) to work on /home/airflow/.local/lib/python3.12/site-packages/airflow/example_dags/tutorial_objectstorage.py
[2025-03-18T20:04:18.911+0000] {processor.py:914} INFO - Processing file /home/airflow/.local/lib/python3.12/site-packages/airflow/example_dags/tutorial_objectstorage.py for tasks to queue
[2025-03-18T20:04:18.911+0000] {logging_mixin.py:190} INFO - [2025-03-18T20:04:18.911+0000] {dagbag.py:588} INFO - Filling up the DagBag from /home/airflow/.local/lib/python3.12/site-packages/airflow/example_dags/tutorial_objectstorage.py
[2025-03-18T20:04:18.915+0000] {processor.py:925} INFO - DAG(s) 'tutorial_objectstorage' retrieved from /home/airflow/.local/lib/python3.12/site-packages/airflow/example_dags/tutorial_objectstorage.py
[2025-03-18T20:04:18.922+0000] {logging_mixin.py:190} INFO - [2025-03-18T20:04:18.922+0000] {dag.py:3239} INFO - Sync 1 DAGs
[2025-03-18T20:04:18.927+0000] {logging_mixin.py:190} INFO - [2025-03-18T20:04:18.927+0000] {dag.py:4180} INFO - Setting next_dagrun for tutorial_objectstorage to None, run_after=None
[2025-03-18T20:04:18.933+0000] {processor.py:208} INFO - Processing /home/airflow/.local/lib/python3.12/site-packages/airflow/example_dags/tutorial_objectstorage.py took 0.025 seconds
[2025-03-18T20:04:49.976+0000] {processor.py:186} INFO - Started process (PID=343) to work on /home/airflow/.local/lib/python3.12/site-packages/airflow/example_dags/tutorial_objectstorage.py
[2025-03-18T20:04:49.977+0000] {processor.py:914} INFO - Processing file /home/airflow/.local/lib/python3.12/site-packages/airflow/example_dags/tutorial_objectstorage.py for tasks to queue
[2025-03-18T20:04:49.977+0000] {logging_mixin.py:190} INFO - [2025-03-18T20:04:49.977+0000] {dagbag.py:588} INFO - Filling up the DagBag from /home/airflow/.local/lib/python3.12/site-packages/airflow/example_dags/tutorial_objectstorage.py
[2025-03-18T20:04:49.981+0000] {processor.py:925} INFO - DAG(s) 'tutorial_objectstorage' retrieved from /home/airflow/.local/lib/python3.12/site-packages/airflow/example_dags/tutorial_objectstorage.py
[2025-03-18T20:04:49.988+0000] {logging_mixin.py:190} INFO - [2025-03-18T20:04:49.988+0000] {dag.py:3239} INFO - Sync 1 DAGs
[2025-03-18T20:04:49.993+0000] {logging_mixin.py:190} INFO - [2025-03-18T20:04:49.993+0000] {dag.py:4180} INFO - Setting next_dagrun for tutorial_objectstorage to None, run_after=None
[2025-03-18T20:04:49.999+0000] {processor.py:208} INFO - Processing /home/airflow/.local/lib/python3.12/site-packages/airflow/example_dags/tutorial_objectstorage.py took 0.025 seconds
[2025-03-18T20:05:21.037+0000] {processor.py:186} INFO - Started process (PID=406) to work on /home/airflow/.local/lib/python3.12/site-packages/airflow/example_dags/tutorial_objectstorage.py
[2025-03-18T20:05:21.037+0000] {processor.py:914} INFO - Processing file /home/airflow/.local/lib/python3.12/site-packages/airflow/example_dags/tutorial_objectstorage.py for tasks to queue
[2025-03-18T20:05:21.038+0000] {logging_mixin.py:190} INFO - [2025-03-18T20:05:21.038+0000] {dagbag.py:588} INFO - Filling up the DagBag from /home/airflow/.local/lib/python3.12/site-packages/airflow/example_dags/tutorial_objectstorage.py
[2025-03-18T20:05:21.041+0000] {processor.py:925} INFO - DAG(s) 'tutorial_objectstorage' retrieved from /home/airflow/.local/lib/python3.12/site-packages/airflow/example_dags/tutorial_objectstorage.py
[2025-03-18T20:05:21.048+0000] {logging_mixin.py:190} INFO - [2025-03-18T20:05:21.047+0000] {dag.py:3239} INFO - Sync 1 DAGs
[2025-03-18T20:05:21.052+0000] {logging_mixin.py:190} INFO - [2025-03-18T20:05:21.052+0000] {dag.py:4180} INFO - Setting next_dagrun for tutorial_objectstorage to None, run_after=None
[2025-03-18T20:05:21.059+0000] {processor.py:208} INFO - Processing /home/airflow/.local/lib/python3.12/site-packages/airflow/example_dags/tutorial_objectstorage.py took 0.024 seconds
[2025-03-18T20:05:52.145+0000] {processor.py:186} INFO - Started process (PID=469) to work on /home/airflow/.local/lib/python3.12/site-packages/airflow/example_dags/tutorial_objectstorage.py
[2025-03-18T20:05:52.145+0000] {processor.py:914} INFO - Processing file /home/airflow/.local/lib/python3.12/site-packages/airflow/example_dags/tutorial_objectstorage.py for tasks to queue
[2025-03-18T20:05:52.146+0000] {logging_mixin.py:190} INFO - [2025-03-18T20:05:52.146+0000] {dagbag.py:588} INFO - Filling up the DagBag from /home/airflow/.local/lib/python3.12/site-packages/airflow/example_dags/tutorial_objectstorage.py
[2025-03-18T20:05:52.149+0000] {processor.py:925} INFO - DAG(s) 'tutorial_objectstorage' retrieved from /home/airflow/.local/lib/python3.12/site-packages/airflow/example_dags/tutorial_objectstorage.py
[2025-03-18T20:05:52.156+0000] {logging_mixin.py:190} INFO - [2025-03-18T20:05:52.156+0000] {dag.py:3239} INFO - Sync 1 DAGs
[2025-03-18T20:05:52.160+0000] {logging_mixin.py:190} INFO - [2025-03-18T20:05:52.160+0000] {dag.py:4180} INFO - Setting next_dagrun for tutorial_objectstorage to None, run_after=None
[2025-03-18T20:05:52.166+0000] {processor.py:208} INFO - Processing /home/airflow/.local/lib/python3.12/site-packages/airflow/example_dags/tutorial_objectstorage.py took 0.024 seconds
