[2025-03-18T20:02:43.941+0000] {processor.py:186} INFO - Started process (PID=50) to work on /home/airflow/.local/lib/python3.12/site-packages/airflow/example_dags/tutorial.py
[2025-03-18T20:02:43.942+0000] {processor.py:914} INFO - Processing file /home/airflow/.local/lib/python3.12/site-packages/airflow/example_dags/tutorial.py for tasks to queue
[2025-03-18T20:02:43.944+0000] {logging_mixin.py:190} INFO - [2025-03-18T20:02:43.944+0000] {dagbag.py:588} INFO - Filling up the DagBag from /home/airflow/.local/lib/python3.12/site-packages/airflow/example_dags/tutorial.py
[2025-03-18T20:02:43.951+0000] {processor.py:925} INFO - DAG(s) 'tutorial' retrieved from /home/airflow/.local/lib/python3.12/site-packages/airflow/example_dags/tutorial.py
[2025-03-18T20:02:44.016+0000] {logging_mixin.py:190} INFO - [2025-03-18T20:02:44.015+0000] {override.py:1912} INFO - Created Permission View: can read on DAG:tutorial
[2025-03-18T20:02:44.024+0000] {logging_mixin.py:190} INFO - [2025-03-18T20:02:44.024+0000] {override.py:1912} INFO - Created Permission View: can delete on DAG:tutorial
[2025-03-18T20:02:44.027+0000] {logging_mixin.py:190} INFO - [2025-03-18T20:02:44.027+0000] {override.py:1912} INFO - Created Permission View: can edit on DAG:tutorial
[2025-03-18T20:02:44.032+0000] {logging_mixin.py:190} INFO - [2025-03-18T20:02:44.032+0000] {override.py:1912} INFO - Created Permission View: menu access on DAG Run:tutorial
[2025-03-18T20:02:44.036+0000] {logging_mixin.py:190} INFO - [2025-03-18T20:02:44.035+0000] {override.py:1912} INFO - Created Permission View: can create on DAG Run:tutorial
[2025-03-18T20:02:44.039+0000] {logging_mixin.py:190} INFO - [2025-03-18T20:02:44.038+0000] {override.py:1912} INFO - Created Permission View: can read on DAG Run:tutorial
[2025-03-18T20:02:44.041+0000] {logging_mixin.py:190} INFO - [2025-03-18T20:02:44.041+0000] {override.py:1912} INFO - Created Permission View: can delete on DAG Run:tutorial
[2025-03-18T20:02:44.042+0000] {logging_mixin.py:190} INFO - [2025-03-18T20:02:44.042+0000] {dag.py:3239} INFO - Sync 1 DAGs
[2025-03-18T20:02:44.051+0000] {logging_mixin.py:190} INFO - [2025-03-18T20:02:44.051+0000] {dag.py:3262} INFO - Creating ORM DAG for tutorial
[2025-03-18T20:02:44.056+0000] {logging_mixin.py:190} INFO - [2025-03-18T20:02:44.056+0000] {dag.py:4180} INFO - Setting next_dagrun for tutorial to 2025-03-17 00:00:00+00:00, run_after=2025-03-18 00:00:00+00:00
[2025-03-18T20:02:44.066+0000] {processor.py:208} INFO - Processing /home/airflow/.local/lib/python3.12/site-packages/airflow/example_dags/tutorial.py took 0.128 seconds
[2025-03-18T20:03:15.023+0000] {processor.py:186} INFO - Started process (PID=112) to work on /home/airflow/.local/lib/python3.12/site-packages/airflow/example_dags/tutorial.py
[2025-03-18T20:03:15.024+0000] {processor.py:914} INFO - Processing file /home/airflow/.local/lib/python3.12/site-packages/airflow/example_dags/tutorial.py for tasks to queue
[2025-03-18T20:03:15.026+0000] {logging_mixin.py:190} INFO - [2025-03-18T20:03:15.025+0000] {dagbag.py:588} INFO - Filling up the DagBag from /home/airflow/.local/lib/python3.12/site-packages/airflow/example_dags/tutorial.py
[2025-03-18T20:03:15.031+0000] {processor.py:925} INFO - DAG(s) 'tutorial' retrieved from /home/airflow/.local/lib/python3.12/site-packages/airflow/example_dags/tutorial.py
[2025-03-18T20:03:15.041+0000] {logging_mixin.py:190} INFO - [2025-03-18T20:03:15.041+0000] {dag.py:3239} INFO - Sync 1 DAGs
[2025-03-18T20:03:15.051+0000] {logging_mixin.py:190} INFO - [2025-03-18T20:03:15.051+0000] {dag.py:4180} INFO - Setting next_dagrun for tutorial to 2025-03-17 00:00:00+00:00, run_after=2025-03-18 00:00:00+00:00
[2025-03-18T20:03:15.059+0000] {processor.py:208} INFO - Processing /home/airflow/.local/lib/python3.12/site-packages/airflow/example_dags/tutorial.py took 0.040 seconds
[2025-03-18T20:03:45.317+0000] {processor.py:186} INFO - Started process (PID=175) to work on /home/airflow/.local/lib/python3.12/site-packages/airflow/example_dags/tutorial.py
[2025-03-18T20:03:45.318+0000] {processor.py:914} INFO - Processing file /home/airflow/.local/lib/python3.12/site-packages/airflow/example_dags/tutorial.py for tasks to queue
[2025-03-18T20:03:45.319+0000] {logging_mixin.py:190} INFO - [2025-03-18T20:03:45.319+0000] {dagbag.py:588} INFO - Filling up the DagBag from /home/airflow/.local/lib/python3.12/site-packages/airflow/example_dags/tutorial.py
[2025-03-18T20:03:45.324+0000] {processor.py:925} INFO - DAG(s) 'tutorial' retrieved from /home/airflow/.local/lib/python3.12/site-packages/airflow/example_dags/tutorial.py
[2025-03-18T20:03:45.333+0000] {logging_mixin.py:190} INFO - [2025-03-18T20:03:45.333+0000] {dag.py:3239} INFO - Sync 1 DAGs
[2025-03-18T20:03:45.343+0000] {logging_mixin.py:190} INFO - [2025-03-18T20:03:45.343+0000] {dag.py:4180} INFO - Setting next_dagrun for tutorial to 2025-03-17 00:00:00+00:00, run_after=2025-03-18 00:00:00+00:00
[2025-03-18T20:03:45.351+0000] {processor.py:208} INFO - Processing /home/airflow/.local/lib/python3.12/site-packages/airflow/example_dags/tutorial.py took 0.037 seconds
[2025-03-18T20:04:15.400+0000] {processor.py:186} INFO - Started process (PID=238) to work on /home/airflow/.local/lib/python3.12/site-packages/airflow/example_dags/tutorial.py
[2025-03-18T20:04:15.401+0000] {processor.py:914} INFO - Processing file /home/airflow/.local/lib/python3.12/site-packages/airflow/example_dags/tutorial.py for tasks to queue
[2025-03-18T20:04:15.402+0000] {logging_mixin.py:190} INFO - [2025-03-18T20:04:15.402+0000] {dagbag.py:588} INFO - Filling up the DagBag from /home/airflow/.local/lib/python3.12/site-packages/airflow/example_dags/tutorial.py
[2025-03-18T20:04:15.407+0000] {processor.py:925} INFO - DAG(s) 'tutorial' retrieved from /home/airflow/.local/lib/python3.12/site-packages/airflow/example_dags/tutorial.py
[2025-03-18T20:04:15.416+0000] {logging_mixin.py:190} INFO - [2025-03-18T20:04:15.416+0000] {dag.py:3239} INFO - Sync 1 DAGs
[2025-03-18T20:04:15.426+0000] {logging_mixin.py:190} INFO - [2025-03-18T20:04:15.426+0000] {dag.py:4180} INFO - Setting next_dagrun for tutorial to 2025-03-17 00:00:00+00:00, run_after=2025-03-18 00:00:00+00:00
[2025-03-18T20:04:15.433+0000] {processor.py:208} INFO - Processing /home/airflow/.local/lib/python3.12/site-packages/airflow/example_dags/tutorial.py took 0.039 seconds
[2025-03-18T20:04:46.430+0000] {processor.py:186} INFO - Started process (PID=301) to work on /home/airflow/.local/lib/python3.12/site-packages/airflow/example_dags/tutorial.py
[2025-03-18T20:04:46.430+0000] {processor.py:914} INFO - Processing file /home/airflow/.local/lib/python3.12/site-packages/airflow/example_dags/tutorial.py for tasks to queue
[2025-03-18T20:04:46.432+0000] {logging_mixin.py:190} INFO - [2025-03-18T20:04:46.431+0000] {dagbag.py:588} INFO - Filling up the DagBag from /home/airflow/.local/lib/python3.12/site-packages/airflow/example_dags/tutorial.py
[2025-03-18T20:04:46.436+0000] {processor.py:925} INFO - DAG(s) 'tutorial' retrieved from /home/airflow/.local/lib/python3.12/site-packages/airflow/example_dags/tutorial.py
[2025-03-18T20:04:46.447+0000] {logging_mixin.py:190} INFO - [2025-03-18T20:04:46.446+0000] {dag.py:3239} INFO - Sync 1 DAGs
[2025-03-18T20:04:46.457+0000] {logging_mixin.py:190} INFO - [2025-03-18T20:04:46.457+0000] {dag.py:4180} INFO - Setting next_dagrun for tutorial to 2025-03-17 00:00:00+00:00, run_after=2025-03-18 00:00:00+00:00
[2025-03-18T20:04:46.464+0000] {processor.py:208} INFO - Processing /home/airflow/.local/lib/python3.12/site-packages/airflow/example_dags/tutorial.py took 0.039 seconds
[2025-03-18T20:05:17.448+0000] {processor.py:186} INFO - Started process (PID=364) to work on /home/airflow/.local/lib/python3.12/site-packages/airflow/example_dags/tutorial.py
[2025-03-18T20:05:17.448+0000] {processor.py:914} INFO - Processing file /home/airflow/.local/lib/python3.12/site-packages/airflow/example_dags/tutorial.py for tasks to queue
[2025-03-18T20:05:17.450+0000] {logging_mixin.py:190} INFO - [2025-03-18T20:05:17.450+0000] {dagbag.py:588} INFO - Filling up the DagBag from /home/airflow/.local/lib/python3.12/site-packages/airflow/example_dags/tutorial.py
[2025-03-18T20:05:17.454+0000] {processor.py:925} INFO - DAG(s) 'tutorial' retrieved from /home/airflow/.local/lib/python3.12/site-packages/airflow/example_dags/tutorial.py
[2025-03-18T20:05:17.465+0000] {logging_mixin.py:190} INFO - [2025-03-18T20:05:17.465+0000] {dag.py:3239} INFO - Sync 1 DAGs
[2025-03-18T20:05:17.475+0000] {logging_mixin.py:190} INFO - [2025-03-18T20:05:17.475+0000] {dag.py:4180} INFO - Setting next_dagrun for tutorial to 2025-03-17 00:00:00+00:00, run_after=2025-03-18 00:00:00+00:00
[2025-03-18T20:05:17.482+0000] {processor.py:208} INFO - Processing /home/airflow/.local/lib/python3.12/site-packages/airflow/example_dags/tutorial.py took 0.038 seconds
[2025-03-18T20:05:47.579+0000] {processor.py:186} INFO - Started process (PID=427) to work on /home/airflow/.local/lib/python3.12/site-packages/airflow/example_dags/tutorial.py
[2025-03-18T20:05:47.579+0000] {processor.py:914} INFO - Processing file /home/airflow/.local/lib/python3.12/site-packages/airflow/example_dags/tutorial.py for tasks to queue
[2025-03-18T20:05:47.581+0000] {logging_mixin.py:190} INFO - [2025-03-18T20:05:47.581+0000] {dagbag.py:588} INFO - Filling up the DagBag from /home/airflow/.local/lib/python3.12/site-packages/airflow/example_dags/tutorial.py
[2025-03-18T20:05:47.586+0000] {processor.py:925} INFO - DAG(s) 'tutorial' retrieved from /home/airflow/.local/lib/python3.12/site-packages/airflow/example_dags/tutorial.py
[2025-03-18T20:05:47.596+0000] {logging_mixin.py:190} INFO - [2025-03-18T20:05:47.596+0000] {dag.py:3239} INFO - Sync 1 DAGs
[2025-03-18T20:05:47.606+0000] {logging_mixin.py:190} INFO - [2025-03-18T20:05:47.606+0000] {dag.py:4180} INFO - Setting next_dagrun for tutorial to 2025-03-17 00:00:00+00:00, run_after=2025-03-18 00:00:00+00:00
[2025-03-18T20:05:47.614+0000] {processor.py:208} INFO - Processing /home/airflow/.local/lib/python3.12/site-packages/airflow/example_dags/tutorial.py took 0.040 seconds
