[2025-03-18T20:02:47.404+0000] {processor.py:186} INFO - Started process (PID=93) to work on /home/airflow/.local/lib/python3.12/site-packages/airflow/example_dags/tutorial_taskflow_templates.py
[2025-03-18T20:02:47.405+0000] {processor.py:914} INFO - Processing file /home/airflow/.local/lib/python3.12/site-packages/airflow/example_dags/tutorial_taskflow_templates.py for tasks to queue
[2025-03-18T20:02:47.406+0000] {logging_mixin.py:190} INFO - [2025-03-18T20:02:47.405+0000] {dagbag.py:588} INFO - Filling up the DagBag from /home/airflow/.local/lib/python3.12/site-packages/airflow/example_dags/tutorial_taskflow_templates.py
[2025-03-18T20:02:47.412+0000] {processor.py:925} INFO - DAG(s) 'tutorial_taskflow_templates' retrieved from /home/airflow/.local/lib/python3.12/site-packages/airflow/example_dags/tutorial_taskflow_templates.py
[2025-03-18T20:02:47.452+0000] {logging_mixin.py:190} INFO - [2025-03-18T20:02:47.452+0000] {override.py:1912} INFO - Created Permission View: can read on DAG:tutorial_taskflow_templates
[2025-03-18T20:02:47.455+0000] {logging_mixin.py:190} INFO - [2025-03-18T20:02:47.455+0000] {override.py:1912} INFO - Created Permission View: can delete on DAG:tutorial_taskflow_templates
[2025-03-18T20:02:47.457+0000] {logging_mixin.py:190} INFO - [2025-03-18T20:02:47.457+0000] {override.py:1912} INFO - Created Permission View: can edit on DAG:tutorial_taskflow_templates
[2025-03-18T20:02:47.458+0000] {logging_mixin.py:190} INFO - [2025-03-18T20:02:47.458+0000] {override.py:1912} INFO - Created Permission View: menu access on DAG Run:tutorial_taskflow_templates
[2025-03-18T20:02:47.460+0000] {logging_mixin.py:190} INFO - [2025-03-18T20:02:47.459+0000] {override.py:1912} INFO - Created Permission View: can create on DAG Run:tutorial_taskflow_templates
[2025-03-18T20:02:47.461+0000] {logging_mixin.py:190} INFO - [2025-03-18T20:02:47.461+0000] {override.py:1912} INFO - Created Permission View: can read on DAG Run:tutorial_taskflow_templates
[2025-03-18T20:02:47.462+0000] {logging_mixin.py:190} INFO - [2025-03-18T20:02:47.462+0000] {override.py:1912} INFO - Created Permission View: can delete on DAG Run:tutorial_taskflow_templates
[2025-03-18T20:02:47.463+0000] {logging_mixin.py:190} INFO - [2025-03-18T20:02:47.463+0000] {dag.py:3239} INFO - Sync 1 DAGs
[2025-03-18T20:02:47.467+0000] {logging_mixin.py:190} INFO - [2025-03-18T20:02:47.467+0000] {dag.py:3262} INFO - Creating ORM DAG for tutorial_taskflow_templates
[2025-03-18T20:02:47.470+0000] {logging_mixin.py:190} INFO - [2025-03-18T20:02:47.470+0000] {dag.py:4180} INFO - Setting next_dagrun for tutorial_taskflow_templates to 2025-03-17 00:00:00+00:00, run_after=2025-03-18 00:00:00+00:00
[2025-03-18T20:02:47.476+0000] {processor.py:208} INFO - Processing /home/airflow/.local/lib/python3.12/site-packages/airflow/example_dags/tutorial_taskflow_templates.py took 0.074 seconds
[2025-03-18T20:03:17.794+0000] {processor.py:186} INFO - Started process (PID=155) to work on /home/airflow/.local/lib/python3.12/site-packages/airflow/example_dags/tutorial_taskflow_templates.py
[2025-03-18T20:03:17.794+0000] {processor.py:914} INFO - Processing file /home/airflow/.local/lib/python3.12/site-packages/airflow/example_dags/tutorial_taskflow_templates.py for tasks to queue
[2025-03-18T20:03:17.795+0000] {logging_mixin.py:190} INFO - [2025-03-18T20:03:17.795+0000] {dagbag.py:588} INFO - Filling up the DagBag from /home/airflow/.local/lib/python3.12/site-packages/airflow/example_dags/tutorial_taskflow_templates.py
[2025-03-18T20:03:17.800+0000] {processor.py:925} INFO - DAG(s) 'tutorial_taskflow_templates' retrieved from /home/airflow/.local/lib/python3.12/site-packages/airflow/example_dags/tutorial_taskflow_templates.py
[2025-03-18T20:03:17.808+0000] {logging_mixin.py:190} INFO - [2025-03-18T20:03:17.807+0000] {dag.py:3239} INFO - Sync 1 DAGs
[2025-03-18T20:03:17.815+0000] {logging_mixin.py:190} INFO - [2025-03-18T20:03:17.815+0000] {dag.py:4180} INFO - Setting next_dagrun for tutorial_taskflow_templates to 2025-03-17 00:00:00+00:00, run_after=2025-03-18 00:00:00+00:00
[2025-03-18T20:03:17.821+0000] {processor.py:208} INFO - Processing /home/airflow/.local/lib/python3.12/site-packages/airflow/example_dags/tutorial_taskflow_templates.py took 0.030 seconds
[2025-03-18T20:03:47.910+0000] {processor.py:186} INFO - Started process (PID=218) to work on /home/airflow/.local/lib/python3.12/site-packages/airflow/example_dags/tutorial_taskflow_templates.py
[2025-03-18T20:03:47.910+0000] {processor.py:914} INFO - Processing file /home/airflow/.local/lib/python3.12/site-packages/airflow/example_dags/tutorial_taskflow_templates.py for tasks to queue
[2025-03-18T20:03:47.911+0000] {logging_mixin.py:190} INFO - [2025-03-18T20:03:47.911+0000] {dagbag.py:588} INFO - Filling up the DagBag from /home/airflow/.local/lib/python3.12/site-packages/airflow/example_dags/tutorial_taskflow_templates.py
[2025-03-18T20:03:47.916+0000] {processor.py:925} INFO - DAG(s) 'tutorial_taskflow_templates' retrieved from /home/airflow/.local/lib/python3.12/site-packages/airflow/example_dags/tutorial_taskflow_templates.py
[2025-03-18T20:03:47.922+0000] {logging_mixin.py:190} INFO - [2025-03-18T20:03:47.922+0000] {dag.py:3239} INFO - Sync 1 DAGs
[2025-03-18T20:03:47.930+0000] {logging_mixin.py:190} INFO - [2025-03-18T20:03:47.930+0000] {dag.py:4180} INFO - Setting next_dagrun for tutorial_taskflow_templates to 2025-03-17 00:00:00+00:00, run_after=2025-03-18 00:00:00+00:00
[2025-03-18T20:03:47.936+0000] {processor.py:208} INFO - Processing /home/airflow/.local/lib/python3.12/site-packages/airflow/example_dags/tutorial_taskflow_templates.py took 0.028 seconds
[2025-03-18T20:04:18.921+0000] {processor.py:186} INFO - Started process (PID=281) to work on /home/airflow/.local/lib/python3.12/site-packages/airflow/example_dags/tutorial_taskflow_templates.py
[2025-03-18T20:04:18.921+0000] {processor.py:914} INFO - Processing file /home/airflow/.local/lib/python3.12/site-packages/airflow/example_dags/tutorial_taskflow_templates.py for tasks to queue
[2025-03-18T20:04:18.922+0000] {logging_mixin.py:190} INFO - [2025-03-18T20:04:18.922+0000] {dagbag.py:588} INFO - Filling up the DagBag from /home/airflow/.local/lib/python3.12/site-packages/airflow/example_dags/tutorial_taskflow_templates.py
[2025-03-18T20:04:18.927+0000] {processor.py:925} INFO - DAG(s) 'tutorial_taskflow_templates' retrieved from /home/airflow/.local/lib/python3.12/site-packages/airflow/example_dags/tutorial_taskflow_templates.py
[2025-03-18T20:04:18.935+0000] {logging_mixin.py:190} INFO - [2025-03-18T20:04:18.935+0000] {dag.py:3239} INFO - Sync 1 DAGs
[2025-03-18T20:04:18.944+0000] {logging_mixin.py:190} INFO - [2025-03-18T20:04:18.944+0000] {dag.py:4180} INFO - Setting next_dagrun for tutorial_taskflow_templates to 2025-03-17 00:00:00+00:00, run_after=2025-03-18 00:00:00+00:00
[2025-03-18T20:04:18.952+0000] {processor.py:208} INFO - Processing /home/airflow/.local/lib/python3.12/site-packages/airflow/example_dags/tutorial_taskflow_templates.py took 0.033 seconds
[2025-03-18T20:04:49.992+0000] {processor.py:186} INFO - Started process (PID=344) to work on /home/airflow/.local/lib/python3.12/site-packages/airflow/example_dags/tutorial_taskflow_templates.py
[2025-03-18T20:04:49.992+0000] {processor.py:914} INFO - Processing file /home/airflow/.local/lib/python3.12/site-packages/airflow/example_dags/tutorial_taskflow_templates.py for tasks to queue
[2025-03-18T20:04:49.993+0000] {logging_mixin.py:190} INFO - [2025-03-18T20:04:49.993+0000] {dagbag.py:588} INFO - Filling up the DagBag from /home/airflow/.local/lib/python3.12/site-packages/airflow/example_dags/tutorial_taskflow_templates.py
[2025-03-18T20:04:49.999+0000] {processor.py:925} INFO - DAG(s) 'tutorial_taskflow_templates' retrieved from /home/airflow/.local/lib/python3.12/site-packages/airflow/example_dags/tutorial_taskflow_templates.py
[2025-03-18T20:04:50.007+0000] {logging_mixin.py:190} INFO - [2025-03-18T20:04:50.007+0000] {dag.py:3239} INFO - Sync 1 DAGs
[2025-03-18T20:04:50.016+0000] {logging_mixin.py:190} INFO - [2025-03-18T20:04:50.016+0000] {dag.py:4180} INFO - Setting next_dagrun for tutorial_taskflow_templates to 2025-03-17 00:00:00+00:00, run_after=2025-03-18 00:00:00+00:00
[2025-03-18T20:04:50.022+0000] {processor.py:208} INFO - Processing /home/airflow/.local/lib/python3.12/site-packages/airflow/example_dags/tutorial_taskflow_templates.py took 0.032 seconds
[2025-03-18T20:05:21.070+0000] {processor.py:186} INFO - Started process (PID=407) to work on /home/airflow/.local/lib/python3.12/site-packages/airflow/example_dags/tutorial_taskflow_templates.py
[2025-03-18T20:05:21.070+0000] {processor.py:914} INFO - Processing file /home/airflow/.local/lib/python3.12/site-packages/airflow/example_dags/tutorial_taskflow_templates.py for tasks to queue
[2025-03-18T20:05:21.072+0000] {logging_mixin.py:190} INFO - [2025-03-18T20:05:21.071+0000] {dagbag.py:588} INFO - Filling up the DagBag from /home/airflow/.local/lib/python3.12/site-packages/airflow/example_dags/tutorial_taskflow_templates.py
[2025-03-18T20:05:21.077+0000] {processor.py:925} INFO - DAG(s) 'tutorial_taskflow_templates' retrieved from /home/airflow/.local/lib/python3.12/site-packages/airflow/example_dags/tutorial_taskflow_templates.py
[2025-03-18T20:05:21.084+0000] {logging_mixin.py:190} INFO - [2025-03-18T20:05:21.084+0000] {dag.py:3239} INFO - Sync 1 DAGs
[2025-03-18T20:05:21.092+0000] {logging_mixin.py:190} INFO - [2025-03-18T20:05:21.092+0000] {dag.py:4180} INFO - Setting next_dagrun for tutorial_taskflow_templates to 2025-03-17 00:00:00+00:00, run_after=2025-03-18 00:00:00+00:00
[2025-03-18T20:05:21.097+0000] {processor.py:208} INFO - Processing /home/airflow/.local/lib/python3.12/site-packages/airflow/example_dags/tutorial_taskflow_templates.py took 0.030 seconds
[2025-03-18T20:05:52.176+0000] {processor.py:186} INFO - Started process (PID=470) to work on /home/airflow/.local/lib/python3.12/site-packages/airflow/example_dags/tutorial_taskflow_templates.py
[2025-03-18T20:05:52.177+0000] {processor.py:914} INFO - Processing file /home/airflow/.local/lib/python3.12/site-packages/airflow/example_dags/tutorial_taskflow_templates.py for tasks to queue
[2025-03-18T20:05:52.180+0000] {logging_mixin.py:190} INFO - [2025-03-18T20:05:52.179+0000] {dagbag.py:588} INFO - Filling up the DagBag from /home/airflow/.local/lib/python3.12/site-packages/airflow/example_dags/tutorial_taskflow_templates.py
[2025-03-18T20:05:52.185+0000] {processor.py:925} INFO - DAG(s) 'tutorial_taskflow_templates' retrieved from /home/airflow/.local/lib/python3.12/site-packages/airflow/example_dags/tutorial_taskflow_templates.py
[2025-03-18T20:05:52.192+0000] {logging_mixin.py:190} INFO - [2025-03-18T20:05:52.192+0000] {dag.py:3239} INFO - Sync 1 DAGs
[2025-03-18T20:05:52.200+0000] {logging_mixin.py:190} INFO - [2025-03-18T20:05:52.200+0000] {dag.py:4180} INFO - Setting next_dagrun for tutorial_taskflow_templates to 2025-03-17 00:00:00+00:00, run_after=2025-03-18 00:00:00+00:00
[2025-03-18T20:05:52.206+0000] {processor.py:208} INFO - Processing /home/airflow/.local/lib/python3.12/site-packages/airflow/example_dags/tutorial_taskflow_templates.py took 0.032 seconds
